
===========================================================================
report_checks -path_delay min (Hold)
============================================================================
======================= nom_ff_n40C_1v95 Corner ===================================

Startpoint: _108_ (rising edge-triggered flip-flop clocked by clk)
Endpoint: _108_ (rising edge-triggered flip-flop clocked by clk)
Path Group: clk
Path Type: min

Fanout         Cap        Slew       Delay        Time   Description
---------------------------------------------------------------------------------------------
                      0.150000    0.000000    0.000000   clock clk (rise edge)
                                  0.000000    0.000000   clock network delay (ideal)
                      0.150000    0.000000    0.000000 ^ _108_/CLK (sky130_fd_sc_hd__dfrtp_2)
     3    0.042722    0.159492    0.340469    0.340469 ^ _108_/Q (sky130_fd_sc_hd__dfrtp_2)
                                                         count[0] (net)
                      0.159492    0.000000    0.340469 ^ _060_/A1 (sky130_fd_sc_hd__a21oi_2)
     1    0.002059    0.010870    0.027112    0.367582 v _060_/Y (sky130_fd_sc_hd__a21oi_2)
                                                         _000_ (net)
                      0.010870    0.000000    0.367582 v _108_/D (sky130_fd_sc_hd__dfrtp_2)
                                              0.367582   data arrival time

                      0.150000    0.000000    0.000000   clock clk (rise edge)
                                  0.000000    0.000000   clock network delay (ideal)
                                  0.250000    0.250000   clock uncertainty
                                  0.000000    0.250000   clock reconvergence pessimism
                                              0.250000 ^ _108_/CLK (sky130_fd_sc_hd__dfrtp_2)
                                 -0.011012    0.238988   library hold time
                                              0.238988   data required time
---------------------------------------------------------------------------------------------
                                              0.238988   data required time
                                             -0.367582   data arrival time
---------------------------------------------------------------------------------------------
                                              0.128593   slack (MET)


Startpoint: resetn (input port clocked by clk)
Endpoint: _108_ (removal check against rising-edge clock clk)
Path Group: asynchronous
Path Type: min

Fanout         Cap        Slew       Delay        Time   Description
---------------------------------------------------------------------------------------------
                      0.150000    0.000000    0.000000   clock clk (rise edge)
                                  0.000000    0.000000   clock network delay (ideal)
                                  0.600000    0.600000 ^ input external delay
     8    0.028936    0.102866    0.069482    0.669482 ^ resetn (in)
                                                         resetn (net)
                      0.102866    0.000000    0.669482 ^ _108_/RESET_B (sky130_fd_sc_hd__dfrtp_2)
                                              0.669482   data arrival time

                      0.150000    0.000000    0.000000   clock clk (rise edge)
                                  0.000000    0.000000   clock network delay (ideal)
                                  0.250000    0.250000   clock uncertainty
                                  0.000000    0.250000   clock reconvergence pessimism
                                              0.250000 ^ _108_/CLK (sky130_fd_sc_hd__dfrtp_2)
                                  0.232102    0.482101   library removal time
                                              0.482101   data required time
---------------------------------------------------------------------------------------------
                                              0.482101   data required time
                                             -0.669482   data arrival time
---------------------------------------------------------------------------------------------
                                              0.187380   slack (MET)


Startpoint: resetn (input port clocked by clk)
Endpoint: _109_ (removal check against rising-edge clock clk)
Path Group: asynchronous
Path Type: min

Fanout         Cap        Slew       Delay        Time   Description
---------------------------------------------------------------------------------------------
                      0.150000    0.000000    0.000000   clock clk (rise edge)
                                  0.000000    0.000000   clock network delay (ideal)
                                  0.600000    0.600000 ^ input external delay
     8    0.028936    0.102866    0.069482    0.669482 ^ resetn (in)
                                                         resetn (net)
                      0.102866    0.000000    0.669482 ^ _109_/RESET_B (sky130_fd_sc_hd__dfrtp_2)
                                              0.669482   data arrival time

                      0.150000    0.000000    0.000000   clock clk (rise edge)
                                  0.000000    0.000000   clock network delay (ideal)
                                  0.250000    0.250000   clock uncertainty
                                  0.000000    0.250000   clock reconvergence pessimism
                                              0.250000 ^ _109_/CLK (sky130_fd_sc_hd__dfrtp_2)
                                  0.232102    0.482101   library removal time
                                              0.482101   data required time
---------------------------------------------------------------------------------------------
                                              0.482101   data required time
                                             -0.669482   data arrival time
---------------------------------------------------------------------------------------------
                                              0.187380   slack (MET)


Startpoint: resetn (input port clocked by clk)
Endpoint: _110_ (removal check against rising-edge clock clk)
Path Group: asynchronous
Path Type: min

Fanout         Cap        Slew       Delay        Time   Description
---------------------------------------------------------------------------------------------
                      0.150000    0.000000    0.000000   clock clk (rise edge)
                                  0.000000    0.000000   clock network delay (ideal)
                                  0.600000    0.600000 ^ input external delay
     8    0.028936    0.102866    0.069482    0.669482 ^ resetn (in)
                                                         resetn (net)
                      0.102866    0.000000    0.669482 ^ _110_/RESET_B (sky130_fd_sc_hd__dfrtp_2)
                                              0.669482   data arrival time

                      0.150000    0.000000    0.000000   clock clk (rise edge)
                                  0.000000    0.000000   clock network delay (ideal)
                                  0.250000    0.250000   clock uncertainty
                                  0.000000    0.250000   clock reconvergence pessimism
                                              0.250000 ^ _110_/CLK (sky130_fd_sc_hd__dfrtp_2)
                                  0.232102    0.482101   library removal time
                                              0.482101   data required time
---------------------------------------------------------------------------------------------
                                              0.482101   data required time
                                             -0.669482   data arrival time
---------------------------------------------------------------------------------------------
                                              0.187380   slack (MET)


Startpoint: resetn (input port clocked by clk)
Endpoint: _111_ (removal check against rising-edge clock clk)
Path Group: asynchronous
Path Type: min

Fanout         Cap        Slew       Delay        Time   Description
---------------------------------------------------------------------------------------------
                      0.150000    0.000000    0.000000   clock clk (rise edge)
                                  0.000000    0.000000   clock network delay (ideal)
                                  0.600000    0.600000 ^ input external delay
     8    0.028936    0.102866    0.069482    0.669482 ^ resetn (in)
                                                         resetn (net)
                      0.102866    0.000000    0.669482 ^ _111_/RESET_B (sky130_fd_sc_hd__dfrtp_2)
                                              0.669482   data arrival time

                      0.150000    0.000000    0.000000   clock clk (rise edge)
                                  0.000000    0.000000   clock network delay (ideal)
                                  0.250000    0.250000   clock uncertainty
                                  0.000000    0.250000   clock reconvergence pessimism
                                              0.250000 ^ _111_/CLK (sky130_fd_sc_hd__dfrtp_2)
                                  0.232102    0.482101   library removal time
                                              0.482101   data required time
---------------------------------------------------------------------------------------------
                                              0.482101   data required time
                                             -0.669482   data arrival time
---------------------------------------------------------------------------------------------
                                              0.187380   slack (MET)


Startpoint: resetn (input port clocked by clk)
Endpoint: _112_ (removal check against rising-edge clock clk)
Path Group: asynchronous
Path Type: min

Fanout         Cap        Slew       Delay        Time   Description
---------------------------------------------------------------------------------------------
                      0.150000    0.000000    0.000000   clock clk (rise edge)
                                  0.000000    0.000000   clock network delay (ideal)
                                  0.600000    0.600000 ^ input external delay
     8    0.028936    0.102866    0.069482    0.669482 ^ resetn (in)
                                                         resetn (net)
                      0.102866    0.000000    0.669482 ^ _112_/RESET_B (sky130_fd_sc_hd__dfrtp_2)
                                              0.669482   data arrival time

                      0.150000    0.000000    0.000000   clock clk (rise edge)
                                  0.000000    0.000000   clock network delay (ideal)
                                  0.250000    0.250000   clock uncertainty
                                  0.000000    0.250000   clock reconvergence pessimism
                                              0.250000 ^ _112_/CLK (sky130_fd_sc_hd__dfrtp_2)
                                  0.232102    0.482101   library removal time
                                              0.482101   data required time
---------------------------------------------------------------------------------------------
                                              0.482101   data required time
                                             -0.669482   data arrival time
---------------------------------------------------------------------------------------------
                                              0.187380   slack (MET)


Startpoint: resetn (input port clocked by clk)
Endpoint: _113_ (removal check against rising-edge clock clk)
Path Group: asynchronous
Path Type: min

Fanout         Cap        Slew       Delay        Time   Description
---------------------------------------------------------------------------------------------
                      0.150000    0.000000    0.000000   clock clk (rise edge)
                                  0.000000    0.000000   clock network delay (ideal)
                                  0.600000    0.600000 ^ input external delay
     8    0.028936    0.102866    0.069482    0.669482 ^ resetn (in)
                                                         resetn (net)
                      0.102866    0.000000    0.669482 ^ _113_/RESET_B (sky130_fd_sc_hd__dfrtp_2)
                                              0.669482   data arrival time

                      0.150000    0.000000    0.000000   clock clk (rise edge)
                                  0.000000    0.000000   clock network delay (ideal)
                                  0.250000    0.250000   clock uncertainty
                                  0.000000    0.250000   clock reconvergence pessimism
                                              0.250000 ^ _113_/CLK (sky130_fd_sc_hd__dfrtp_2)
                                  0.232102    0.482101   library removal time
                                              0.482101   data required time
---------------------------------------------------------------------------------------------
                                              0.482101   data required time
                                             -0.669482   data arrival time
---------------------------------------------------------------------------------------------
                                              0.187380   slack (MET)


Startpoint: resetn (input port clocked by clk)
Endpoint: _114_ (removal check against rising-edge clock clk)
Path Group: asynchronous
Path Type: min

Fanout         Cap        Slew       Delay        Time   Description
---------------------------------------------------------------------------------------------
                      0.150000    0.000000    0.000000   clock clk (rise edge)
                                  0.000000    0.000000   clock network delay (ideal)
                                  0.600000    0.600000 ^ input external delay
     8    0.028936    0.102866    0.069482    0.669482 ^ resetn (in)
                                                         resetn (net)
                      0.102866    0.000000    0.669482 ^ _114_/RESET_B (sky130_fd_sc_hd__dfrtp_2)
                                              0.669482   data arrival time

                      0.150000    0.000000    0.000000   clock clk (rise edge)
                                  0.000000    0.000000   clock network delay (ideal)
                                  0.250000    0.250000   clock uncertainty
                                  0.000000    0.250000   clock reconvergence pessimism
                                              0.250000 ^ _114_/CLK (sky130_fd_sc_hd__dfrtp_2)
                                  0.232102    0.482101   library removal time
                                              0.482101   data required time
---------------------------------------------------------------------------------------------
                                              0.482101   data required time
                                             -0.669482   data arrival time
---------------------------------------------------------------------------------------------
                                              0.187380   slack (MET)


Startpoint: resetn (input port clocked by clk)
Endpoint: _115_ (removal check against rising-edge clock clk)
Path Group: asynchronous
Path Type: min

Fanout         Cap        Slew       Delay        Time   Description
---------------------------------------------------------------------------------------------
                      0.150000    0.000000    0.000000   clock clk (rise edge)
                                  0.000000    0.000000   clock network delay (ideal)
                                  0.600000    0.600000 ^ input external delay
     8    0.028936    0.102866    0.069482    0.669482 ^ resetn (in)
                                                         resetn (net)
                      0.102866    0.000000    0.669482 ^ _115_/RESET_B (sky130_fd_sc_hd__dfrtp_2)
                                              0.669482   data arrival time

                      0.150000    0.000000    0.000000   clock clk (rise edge)
                                  0.000000    0.000000   clock network delay (ideal)
                                  0.250000    0.250000   clock uncertainty
                                  0.000000    0.250000   clock reconvergence pessimism
                                              0.250000 ^ _115_/CLK (sky130_fd_sc_hd__dfrtp_2)
                                  0.232102    0.482101   library removal time
                                              0.482101   data required time
---------------------------------------------------------------------------------------------
                                              0.482101   data required time
                                             -0.669482   data arrival time
---------------------------------------------------------------------------------------------
                                              0.187380   slack (MET)


Startpoint: _111_ (rising edge-triggered flip-flop clocked by clk)
Endpoint: _111_ (rising edge-triggered flip-flop clocked by clk)
Path Group: clk
Path Type: min

Fanout         Cap        Slew       Delay        Time   Description
---------------------------------------------------------------------------------------------
                      0.150000    0.000000    0.000000   clock clk (rise edge)
                                  0.000000    0.000000   clock network delay (ideal)
                      0.150000    0.000000    0.000000 ^ _111_/CLK (sky130_fd_sc_hd__dfrtp_2)
     4    0.049115    0.181539    0.356007    0.356007 ^ _111_/Q (sky130_fd_sc_hd__dfrtp_2)
                                                         count[3] (net)
                      0.181539    0.000000    0.356007 ^ _078_/B2 (sky130_fd_sc_hd__a221o_2)
     1    0.002087    0.017354    0.096953    0.452960 ^ _078_/X (sky130_fd_sc_hd__a221o_2)
                                                         _003_ (net)
                      0.017354    0.000000    0.452960 ^ _111_/D (sky130_fd_sc_hd__dfrtp_2)
                                              0.452960   data arrival time

                      0.150000    0.000000    0.000000   clock clk (rise edge)
                                  0.000000    0.000000   clock network delay (ideal)
                                  0.250000    0.250000   clock uncertainty
                                  0.000000    0.250000   clock reconvergence pessimism
                                              0.250000 ^ _111_/CLK (sky130_fd_sc_hd__dfrtp_2)
                                 -0.015622    0.234378   library hold time
                                              0.234378   data required time
---------------------------------------------------------------------------------------------
                                              0.234378   data required time
                                             -0.452960   data arrival time
---------------------------------------------------------------------------------------------
                                              0.218582   slack (MET)


Startpoint: _114_ (rising edge-triggered flip-flop clocked by clk)
Endpoint: _114_ (rising edge-triggered flip-flop clocked by clk)
Path Group: clk
Path Type: min

Fanout         Cap        Slew       Delay        Time   Description
---------------------------------------------------------------------------------------------
                      0.150000    0.000000    0.000000   clock clk (rise edge)
                                  0.000000    0.000000   clock network delay (ideal)
                      0.150000    0.000000    0.000000 ^ _114_/CLK (sky130_fd_sc_hd__dfrtp_2)
     4    0.039467    0.148530    0.332425    0.332425 ^ _114_/Q (sky130_fd_sc_hd__dfrtp_2)
                                                         count[6] (net)
                      0.148530    0.000000    0.332425 ^ _101_/B2 (sky130_fd_sc_hd__a22o_2)
     1    0.002557    0.022254    0.087269    0.419694 ^ _101_/X (sky130_fd_sc_hd__a22o_2)
                                                         _049_ (net)
                      0.022254    0.000000    0.419694 ^ _102_/B1 (sky130_fd_sc_hd__a31o_2)
     1    0.002087    0.018186    0.048104    0.467798 ^ _102_/X (sky130_fd_sc_hd__a31o_2)
                                                         _006_ (net)
                      0.018186    0.000000    0.467798 ^ _114_/D (sky130_fd_sc_hd__dfrtp_2)
                                              0.467798   data arrival time

                      0.150000    0.000000    0.000000   clock clk (rise edge)
                                  0.000000    0.000000   clock network delay (ideal)
                                  0.250000    0.250000   clock uncertainty
                                  0.000000    0.250000   clock reconvergence pessimism
                                              0.250000 ^ _114_/CLK (sky130_fd_sc_hd__dfrtp_2)
                                 -0.015682    0.234318   library hold time
                                              0.234318   data required time
---------------------------------------------------------------------------------------------
                                              0.234318   data required time
                                             -0.467798   data arrival time
---------------------------------------------------------------------------------------------
                                              0.233480   slack (MET)


Startpoint: _108_ (rising edge-triggered flip-flop clocked by clk)
Endpoint: _109_ (rising edge-triggered flip-flop clocked by clk)
Path Group: clk
Path Type: min

Fanout         Cap        Slew       Delay        Time   Description
---------------------------------------------------------------------------------------------
                      0.150000    0.000000    0.000000   clock clk (rise edge)
                                  0.000000    0.000000   clock network delay (ideal)
                      0.150000    0.000000    0.000000 ^ _108_/CLK (sky130_fd_sc_hd__dfrtp_2)
     3    0.042722    0.159492    0.340469    0.340469 ^ _108_/Q (sky130_fd_sc_hd__dfrtp_2)
                                                         count[0] (net)
                      0.159492    0.000000    0.340469 ^ _054_/A (sky130_fd_sc_hd__inv_2)
     4    0.010984    0.046392    0.034853    0.375323 v _054_/Y (sky130_fd_sc_hd__inv_2)
                                                         _008_ (net)
                      0.046392    0.000000    0.375323 v _063_/A (sky130_fd_sc_hd__nand2_2)
     1    0.002467    0.023489    0.037269    0.412592 ^ _063_/Y (sky130_fd_sc_hd__nand2_2)
                                                         _016_ (net)
                      0.023489    0.000000    0.412592 ^ _066_/A1 (sky130_fd_sc_hd__a21o_2)
     1    0.002087    0.016086    0.060020    0.472612 ^ _066_/X (sky130_fd_sc_hd__a21o_2)
                                                         _001_ (net)
                      0.016086    0.000000    0.472612 ^ _109_/D (sky130_fd_sc_hd__dfrtp_2)
                                              0.472612   data arrival time

                      0.150000    0.000000    0.000000   clock clk (rise edge)
                                  0.000000    0.000000   clock network delay (ideal)
                                  0.250000    0.250000   clock uncertainty
                                  0.000000    0.250000   clock reconvergence pessimism
                                              0.250000 ^ _109_/CLK (sky130_fd_sc_hd__dfrtp_2)
                                 -0.015531    0.234469   library hold time
                                              0.234469   data required time
---------------------------------------------------------------------------------------------
                                              0.234469   data required time
                                             -0.472612   data arrival time
---------------------------------------------------------------------------------------------
                                              0.238143   slack (MET)


Startpoint: _112_ (rising edge-triggered flip-flop clocked by clk)
Endpoint: _112_ (rising edge-triggered flip-flop clocked by clk)
Path Group: clk
Path Type: min

Fanout         Cap        Slew       Delay        Time   Description
---------------------------------------------------------------------------------------------
                      0.150000    0.000000    0.000000   clock clk (rise edge)
                                  0.000000    0.000000   clock network delay (ideal)
                      0.150000    0.000000    0.000000 ^ _112_/CLK (sky130_fd_sc_hd__dfrtp_2)
     5    0.041978    0.156987    0.338631    0.338631 ^ _112_/Q (sky130_fd_sc_hd__dfrtp_2)
                                                         count[4] (net)
                      0.156987    0.000000    0.338631 ^ _086_/B2 (sky130_fd_sc_hd__a22o_2)
     1    0.002557    0.022254    0.087876    0.426507 ^ _086_/X (sky130_fd_sc_hd__a22o_2)
                                                         _036_ (net)
                      0.022254    0.000000    0.426507 ^ _087_/B1 (sky130_fd_sc_hd__a31o_2)
     1    0.002087    0.018186    0.048104    0.474611 ^ _087_/X (sky130_fd_sc_hd__a31o_2)
                                                         _004_ (net)
                      0.018186    0.000000    0.474611 ^ _112_/D (sky130_fd_sc_hd__dfrtp_2)
                                              0.474611   data arrival time

                      0.150000    0.000000    0.000000   clock clk (rise edge)
                                  0.000000    0.000000   clock network delay (ideal)
                                  0.250000    0.250000   clock uncertainty
                                  0.000000    0.250000   clock reconvergence pessimism
                                              0.250000 ^ _112_/CLK (sky130_fd_sc_hd__dfrtp_2)
                                 -0.015682    0.234318   library hold time
                                              0.234318   data required time
---------------------------------------------------------------------------------------------
                                              0.234318   data required time
                                             -0.474611   data arrival time
---------------------------------------------------------------------------------------------
                                              0.240293   slack (MET)


Startpoint: _115_ (rising edge-triggered flip-flop clocked by clk)
Endpoint: _115_ (rising edge-triggered flip-flop clocked by clk)
Path Group: clk
Path Type: min

Fanout         Cap        Slew       Delay        Time   Description
---------------------------------------------------------------------------------------------
                      0.150000    0.000000    0.000000   clock clk (rise edge)
                                  0.000000    0.000000   clock network delay (ideal)
                      0.150000    0.000000    0.000000 ^ _115_/CLK (sky130_fd_sc_hd__dfrtp_2)
     3    0.044355    0.164992    0.344505    0.344505 ^ _115_/Q (sky130_fd_sc_hd__dfrtp_2)
                                                         count[7] (net)
                      0.164992    0.000000    0.344505 ^ _106_/B2 (sky130_fd_sc_hd__a22o_2)
     1    0.002616    0.022460    0.088658    0.433163 ^ _106_/X (sky130_fd_sc_hd__a22o_2)
                                                         _053_ (net)
                      0.022460    0.000000    0.433163 ^ _107_/B1 (sky130_fd_sc_hd__a21o_2)
     1    0.002087    0.016086    0.044118    0.477282 ^ _107_/X (sky130_fd_sc_hd__a21o_2)
                                                         _007_ (net)
                      0.016086    0.000000    0.477282 ^ _115_/D (sky130_fd_sc_hd__dfrtp_2)
                                              0.477282   data arrival time

                      0.150000    0.000000    0.000000   clock clk (rise edge)
                                  0.000000    0.000000   clock network delay (ideal)
                                  0.250000    0.250000   clock uncertainty
                                  0.000000    0.250000   clock reconvergence pessimism
                                              0.250000 ^ _115_/CLK (sky130_fd_sc_hd__dfrtp_2)
                                 -0.015531    0.234469   library hold time
                                              0.234469   data required time
---------------------------------------------------------------------------------------------
                                              0.234469   data required time
                                             -0.477282   data arrival time
---------------------------------------------------------------------------------------------
                                              0.242812   slack (MET)


Startpoint: _113_ (rising edge-triggered flip-flop clocked by clk)
Endpoint: _113_ (rising edge-triggered flip-flop clocked by clk)
Path Group: clk
Path Type: min

Fanout         Cap        Slew       Delay        Time   Description
---------------------------------------------------------------------------------------------
                      0.150000    0.000000    0.000000   clock clk (rise edge)
                                  0.000000    0.000000   clock network delay (ideal)
                      0.150000    0.000000    0.000000 ^ _113_/CLK (sky130_fd_sc_hd__dfrtp_2)
     4    0.046922    0.173884    0.350724    0.350724 ^ _113_/Q (sky130_fd_sc_hd__dfrtp_2)
                                                         count[5] (net)
                      0.173884    0.000000    0.350724 ^ _092_/B2 (sky130_fd_sc_hd__a22o_2)
     1    0.002557    0.022254    0.089089    0.439813 ^ _092_/X (sky130_fd_sc_hd__a22o_2)
                                                         _041_ (net)
                      0.022254    0.000000    0.439813 ^ _093_/B1 (sky130_fd_sc_hd__a31o_2)
     1    0.002087    0.018186    0.048104    0.487917 ^ _093_/X (sky130_fd_sc_hd__a31o_2)
                                                         _005_ (net)
                      0.018186    0.000000    0.487917 ^ _113_/D (sky130_fd_sc_hd__dfrtp_2)
                                              0.487917   data arrival time

                      0.150000    0.000000    0.000000   clock clk (rise edge)
                                  0.000000    0.000000   clock network delay (ideal)
                                  0.250000    0.250000   clock uncertainty
                                  0.000000    0.250000   clock reconvergence pessimism
                                              0.250000 ^ _113_/CLK (sky130_fd_sc_hd__dfrtp_2)
                                 -0.015682    0.234318   library hold time
                                              0.234318   data required time
---------------------------------------------------------------------------------------------
                                              0.234318   data required time
                                             -0.487917   data arrival time
---------------------------------------------------------------------------------------------
                                              0.253599   slack (MET)


Startpoint: _110_ (rising edge-triggered flip-flop clocked by clk)
Endpoint: _110_ (rising edge-triggered flip-flop clocked by clk)
Path Group: clk
Path Type: min

Fanout         Cap        Slew       Delay        Time   Description
---------------------------------------------------------------------------------------------
                      0.150000    0.000000    0.000000   clock clk (rise edge)
                                  0.000000    0.000000   clock network delay (ideal)
                      0.150000    0.000000    0.000000 ^ _110_/CLK (sky130_fd_sc_hd__dfrtp_2)
     5    0.053607    0.197220    0.366828    0.366828 ^ _110_/Q (sky130_fd_sc_hd__dfrtp_2)
                                                         count[2] (net)
                      0.197220    0.000000    0.366828 ^ _071_/B2 (sky130_fd_sc_hd__a22o_2)
     1    0.002557    0.022254    0.090764    0.457592 ^ _071_/X (sky130_fd_sc_hd__a22o_2)
                                                         _023_ (net)
                      0.022254    0.000000    0.457592 ^ _072_/B1 (sky130_fd_sc_hd__a31o_2)
     1    0.002087    0.018186    0.048104    0.505696 ^ _072_/X (sky130_fd_sc_hd__a31o_2)
                                                         _002_ (net)
                      0.018186    0.000000    0.505696 ^ _110_/D (sky130_fd_sc_hd__dfrtp_2)
                                              0.505696   data arrival time

                      0.150000    0.000000    0.000000   clock clk (rise edge)
                                  0.000000    0.000000   clock network delay (ideal)
                                  0.250000    0.250000   clock uncertainty
                                  0.000000    0.250000   clock reconvergence pessimism
                                              0.250000 ^ _110_/CLK (sky130_fd_sc_hd__dfrtp_2)
                                 -0.015682    0.234318   library hold time
                                              0.234318   data required time
---------------------------------------------------------------------------------------------
                                              0.234318   data required time
                                             -0.505696   data arrival time
---------------------------------------------------------------------------------------------
                                              0.271378   slack (MET)


Startpoint: _114_ (rising edge-triggered flip-flop clocked by clk)
Endpoint: count[6] (output port clocked by clk)
Path Group: clk
Path Type: min

Fanout         Cap        Slew       Delay        Time   Description
---------------------------------------------------------------------------------------------
                      0.150000    0.000000    0.000000   clock clk (rise edge)
                                  0.000000    0.000000   clock network delay (ideal)
                      0.150000    0.000000    0.000000 ^ _114_/CLK (sky130_fd_sc_hd__dfrtp_2)
     4    0.039467    0.148530    0.332425    0.332425 ^ _114_/Q (sky130_fd_sc_hd__dfrtp_2)
                                                         count[6] (net)
                      0.148530    0.000000    0.332425 ^ count[6] (out)
                                              0.332425   data arrival time

                      0.150000    0.000000    0.000000   clock clk (rise edge)
                                  0.000000    0.000000   clock network delay (ideal)
                                  0.250000    0.250000   clock uncertainty
                                  0.000000    0.250000   clock reconvergence pessimism
                                 -0.600000   -0.350000   output external delay
                                             -0.350000   data required time
---------------------------------------------------------------------------------------------
                                             -0.350000   data required time
                                             -0.332425   data arrival time
---------------------------------------------------------------------------------------------
                                              0.682425   slack (MET)


Startpoint: _112_ (rising edge-triggered flip-flop clocked by clk)
Endpoint: count[4] (output port clocked by clk)
Path Group: clk
Path Type: min

Fanout         Cap        Slew       Delay        Time   Description
---------------------------------------------------------------------------------------------
                      0.150000    0.000000    0.000000   clock clk (rise edge)
                                  0.000000    0.000000   clock network delay (ideal)
                      0.150000    0.000000    0.000000 ^ _112_/CLK (sky130_fd_sc_hd__dfrtp_2)
     5    0.041160    0.089662    0.337796    0.337796 v _112_/Q (sky130_fd_sc_hd__dfrtp_2)
                                                         count[4] (net)
                      0.089662    0.000000    0.337796 v count[4] (out)
                                              0.337796   data arrival time

                      0.150000    0.000000    0.000000   clock clk (rise edge)
                                  0.000000    0.000000   clock network delay (ideal)
                                  0.250000    0.250000   clock uncertainty
                                  0.000000    0.250000   clock reconvergence pessimism
                                 -0.600000   -0.350000   output external delay
                                             -0.350000   data required time
---------------------------------------------------------------------------------------------
                                             -0.350000   data required time
                                             -0.337796   data arrival time
---------------------------------------------------------------------------------------------
                                              0.687796   slack (MET)


Startpoint: _108_ (rising edge-triggered flip-flop clocked by clk)
Endpoint: count[0] (output port clocked by clk)
Path Group: clk
Path Type: min

Fanout         Cap        Slew       Delay        Time   Description
---------------------------------------------------------------------------------------------
                      0.150000    0.000000    0.000000   clock clk (rise edge)
                                  0.000000    0.000000   clock network delay (ideal)
                      0.150000    0.000000    0.000000 ^ _108_/CLK (sky130_fd_sc_hd__dfrtp_2)
     3    0.042009    0.090909    0.339179    0.339179 v _108_/Q (sky130_fd_sc_hd__dfrtp_2)
                                                         count[0] (net)
                      0.090909    0.000000    0.339179 v count[0] (out)
                                              0.339179   data arrival time

                      0.150000    0.000000    0.000000   clock clk (rise edge)
                                  0.000000    0.000000   clock network delay (ideal)
                                  0.250000    0.250000   clock uncertainty
                                  0.000000    0.250000   clock reconvergence pessimism
                                 -0.600000   -0.350000   output external delay
                                             -0.350000   data required time
---------------------------------------------------------------------------------------------
                                             -0.350000   data required time
                                             -0.339179   data arrival time
---------------------------------------------------------------------------------------------
                                              0.689179   slack (MET)


Startpoint: _115_ (rising edge-triggered flip-flop clocked by clk)
Endpoint: count[7] (output port clocked by clk)
Path Group: clk
Path Type: min

Fanout         Cap        Slew       Delay        Time   Description
---------------------------------------------------------------------------------------------
                      0.150000    0.000000    0.000000   clock clk (rise edge)
                                  0.000000    0.000000   clock network delay (ideal)
                      0.150000    0.000000    0.000000 ^ _115_/CLK (sky130_fd_sc_hd__dfrtp_2)
     3    0.043650    0.093321    0.341850    0.341850 v _115_/Q (sky130_fd_sc_hd__dfrtp_2)
                                                         count[7] (net)
                      0.093321    0.000000    0.341850 v count[7] (out)
                                              0.341850   data arrival time

                      0.150000    0.000000    0.000000   clock clk (rise edge)
                                  0.000000    0.000000   clock network delay (ideal)
                                  0.250000    0.250000   clock uncertainty
                                  0.000000    0.250000   clock reconvergence pessimism
                                 -0.600000   -0.350000   output external delay
                                             -0.350000   data required time
---------------------------------------------------------------------------------------------
                                             -0.350000   data required time
                                             -0.341850   data arrival time
---------------------------------------------------------------------------------------------
                                              0.691850   slack (MET)


Startpoint: _113_ (rising edge-triggered flip-flop clocked by clk)
Endpoint: count[5] (output port clocked by clk)
Path Group: clk
Path Type: min

Fanout         Cap        Slew       Delay        Time   Description
---------------------------------------------------------------------------------------------
                      0.150000    0.000000    0.000000   clock clk (rise edge)
                                  0.000000    0.000000   clock network delay (ideal)
                      0.150000    0.000000    0.000000 ^ _113_/CLK (sky130_fd_sc_hd__dfrtp_2)
     4    0.045887    0.096597    0.345125    0.345125 v _113_/Q (sky130_fd_sc_hd__dfrtp_2)
                                                         count[5] (net)
                      0.096597    0.000000    0.345125 v count[5] (out)
                                              0.345125   data arrival time

                      0.150000    0.000000    0.000000   clock clk (rise edge)
                                  0.000000    0.000000   clock network delay (ideal)
                                  0.250000    0.250000   clock uncertainty
                                  0.000000    0.250000   clock reconvergence pessimism
                                 -0.600000   -0.350000   output external delay
                                             -0.350000   data required time
---------------------------------------------------------------------------------------------
                                             -0.350000   data required time
                                             -0.345125   data arrival time
---------------------------------------------------------------------------------------------
                                              0.695125   slack (MET)


Startpoint: _111_ (rising edge-triggered flip-flop clocked by clk)
Endpoint: count[3] (output port clocked by clk)
Path Group: clk
Path Type: min

Fanout         Cap        Slew       Delay        Time   Description
---------------------------------------------------------------------------------------------
                      0.150000    0.000000    0.000000   clock clk (rise edge)
                                  0.000000    0.000000   clock network delay (ideal)
                      0.150000    0.000000    0.000000 ^ _111_/CLK (sky130_fd_sc_hd__dfrtp_2)
     4    0.047788    0.099367    0.347500    0.347500 v _111_/Q (sky130_fd_sc_hd__dfrtp_2)
                                                         count[3] (net)
                      0.099367    0.000000    0.347500 v count[3] (out)
                                              0.347500   data arrival time

                      0.150000    0.000000    0.000000   clock clk (rise edge)
                                  0.000000    0.000000   clock network delay (ideal)
                                  0.250000    0.250000   clock uncertainty
                                  0.000000    0.250000   clock reconvergence pessimism
                                 -0.600000   -0.350000   output external delay
                                             -0.350000   data required time
---------------------------------------------------------------------------------------------
                                             -0.350000   data required time
                                             -0.347500   data arrival time
---------------------------------------------------------------------------------------------
                                              0.697500   slack (MET)


Startpoint: _109_ (rising edge-triggered flip-flop clocked by clk)
Endpoint: count[1] (output port clocked by clk)
Path Group: clk
Path Type: min

Fanout         Cap        Slew       Delay        Time   Description
---------------------------------------------------------------------------------------------
                      0.150000    0.000000    0.000000   clock clk (rise edge)
                                  0.000000    0.000000   clock network delay (ideal)
                      0.150000    0.000000    0.000000 ^ _109_/CLK (sky130_fd_sc_hd__dfrtp_2)
     4    0.048572    0.100509    0.348480    0.348480 v _109_/Q (sky130_fd_sc_hd__dfrtp_2)
                                                         count[1] (net)
                      0.100509    0.000000    0.348480 v count[1] (out)
                                              0.348480   data arrival time

                      0.150000    0.000000    0.000000   clock clk (rise edge)
                                  0.000000    0.000000   clock network delay (ideal)
                                  0.250000    0.250000   clock uncertainty
                                  0.000000    0.250000   clock reconvergence pessimism
                                 -0.600000   -0.350000   output external delay
                                             -0.350000   data required time
---------------------------------------------------------------------------------------------
                                             -0.350000   data required time
                                             -0.348480   data arrival time
---------------------------------------------------------------------------------------------
                                              0.698480   slack (MET)


Startpoint: _110_ (rising edge-triggered flip-flop clocked by clk)
Endpoint: count[2] (output port clocked by clk)
Path Group: clk
Path Type: min

Fanout         Cap        Slew       Delay        Time   Description
---------------------------------------------------------------------------------------------
                      0.150000    0.000000    0.000000   clock clk (rise edge)
                                  0.000000    0.000000   clock network delay (ideal)
                      0.150000    0.000000    0.000000 ^ _110_/CLK (sky130_fd_sc_hd__dfrtp_2)
     5    0.051811    0.105229    0.352526    0.352526 v _110_/Q (sky130_fd_sc_hd__dfrtp_2)
                                                         count[2] (net)
                      0.105229    0.000000    0.352526 v count[2] (out)
                                              0.352526   data arrival time

                      0.150000    0.000000    0.000000   clock clk (rise edge)
                                  0.000000    0.000000   clock network delay (ideal)
                                  0.250000    0.250000   clock uncertainty
                                  0.000000    0.250000   clock reconvergence pessimism
                                 -0.600000   -0.350000   output external delay
                                             -0.350000   data required time
---------------------------------------------------------------------------------------------
                                             -0.350000   data required time
                                             -0.352526   data arrival time
---------------------------------------------------------------------------------------------
                                              0.702526   slack (MET)



