
===========================================================================
report_checks -path_delay max (Setup)
============================================================================
======================= nom_ff_n40C_1v95 Corner ===================================

Startpoint: up_down (input port clocked by clk)
Endpoint: _114_ (rising edge-triggered flip-flop clocked by clk)
Path Group: clk
Path Type: max

Fanout         Cap        Slew       Delay        Time   Description
---------------------------------------------------------------------------------------------
                                  0.000000    0.000000   clock clk (rise edge)
                                  0.000000    0.000000   clock network delay (propagated)
                                  0.780000    0.780000 ^ input external delay
     1    0.002937    0.014403    0.007598    0.787598 ^ up_down (in)
                                                         up_down (net)
                      0.014403    0.000000    0.787598 ^ input12/A (sky130_fd_sc_hd__buf_1)
     4    0.018700    0.166654    0.140519    0.928117 ^ input12/X (sky130_fd_sc_hd__buf_1)
                                                         net12 (net)
                      0.166656    0.000424    0.928541 ^ fanout21/A (sky130_fd_sc_hd__buf_4)
    10    0.039174    0.086968    0.137613    1.066154 ^ fanout21/X (sky130_fd_sc_hd__buf_4)
                                                         net21 (net)
                      0.087034    0.001326    1.067480 ^ _062_/B (sky130_fd_sc_hd__xor2_1)
     3    0.008271    0.054311    0.061164    1.128645 v _062_/X (sky130_fd_sc_hd__xor2_1)
                                                         _015_ (net)
                      0.054311    0.000118    1.128762 v _067_/A1 (sky130_fd_sc_hd__o21a_1)
     3    0.014409    0.059634    0.157918    1.286681 v _067_/X (sky130_fd_sc_hd__o21a_1)
                                                         _019_ (net)
                      0.059635    0.000376    1.287057 v _080_/A3 (sky130_fd_sc_hd__o31ai_4)
     4    0.012134    0.176163    0.161772    1.448829 ^ _080_/Y (sky130_fd_sc_hd__o31ai_4)
                                                         _030_ (net)
                      0.176163    0.000270    1.449099 ^ _098_/A1 (sky130_fd_sc_hd__a31o_1)
     3    0.009327    0.074167    0.123480    1.572579 ^ _098_/X (sky130_fd_sc_hd__a31o_1)
                                                         _046_ (net)
                      0.074167    0.000273    1.572853 ^ rebuffer1/A (sky130_fd_sc_hd__dlymetal6s4s_1)
     1    0.002765    0.044383    0.124844    1.697697 ^ rebuffer1/X (sky130_fd_sc_hd__dlymetal6s4s_1)
                                                         net22 (net)
                      0.044383    0.000055    1.697752 ^ _099_/B (sky130_fd_sc_hd__nand2_1)
     1    0.003017    0.039468    0.031222    1.728973 v _099_/Y (sky130_fd_sc_hd__nand2_1)
                                                         _047_ (net)
                      0.039468    0.000089    1.729062 v _102_/A2 (sky130_fd_sc_hd__a31o_1)
     1    0.003742    0.030818    0.134310    1.863373 v _102_/X (sky130_fd_sc_hd__a31o_1)
                                                         _006_ (net)
                      0.030818    0.000127    1.863499 v _114_/D (sky130_fd_sc_hd__dfrtp_1)
                                              1.863499   data arrival time

                                  3.900000    3.900000   clock clk (rise edge)
                                  0.000000    3.900000   clock source latency
     1    0.011340    0.043063    0.028387    3.928387 ^ clk (in)
                                                         clk (net)
                      0.043065    0.000000    3.928387 ^ clkbuf_0_clk/A (sky130_fd_sc_hd__clkbuf_16)
     2    0.018735    0.030354    0.087062    4.015450 ^ clkbuf_0_clk/X (sky130_fd_sc_hd__clkbuf_16)
                                                         clknet_0_clk (net)
                      0.030355    0.000324    4.015773 ^ clkbuf_1_0__f_clk/A (sky130_fd_sc_hd__clkbuf_16)
     5    0.015572    0.028214    0.081255    4.097029 ^ clkbuf_1_0__f_clk/X (sky130_fd_sc_hd__clkbuf_16)
                                                         clknet_1_0__leaf_clk (net)
                      0.028217    0.000310    4.097338 ^ _114_/CLK (sky130_fd_sc_hd__dfrtp_1)
                                 -0.250000    3.847338   clock uncertainty
                                  0.000000    3.847338   clock reconvergence pessimism
                                 -0.072386    3.774951   library setup time
                                              3.774951   data required time
---------------------------------------------------------------------------------------------
                                              3.774951   data required time
                                             -1.863499   data arrival time
---------------------------------------------------------------------------------------------
                                              1.911452   slack (MET)


Startpoint: up_down (input port clocked by clk)
Endpoint: _115_ (rising edge-triggered flip-flop clocked by clk)
Path Group: clk
Path Type: max

Fanout         Cap        Slew       Delay        Time   Description
---------------------------------------------------------------------------------------------
                                  0.000000    0.000000   clock clk (rise edge)
                                  0.000000    0.000000   clock network delay (propagated)
                                  0.780000    0.780000 ^ input external delay
     1    0.002937    0.014403    0.007598    0.787598 ^ up_down (in)
                                                         up_down (net)
                      0.014403    0.000000    0.787598 ^ input12/A (sky130_fd_sc_hd__buf_1)
     4    0.018700    0.166654    0.140519    0.928117 ^ input12/X (sky130_fd_sc_hd__buf_1)
                                                         net12 (net)
                      0.166656    0.000424    0.928541 ^ fanout21/A (sky130_fd_sc_hd__buf_4)
    10    0.039174    0.086968    0.137613    1.066154 ^ fanout21/X (sky130_fd_sc_hd__buf_4)
                                                         net21 (net)
                      0.087034    0.001326    1.067480 ^ _062_/B (sky130_fd_sc_hd__xor2_1)
     3    0.008984    0.159316    0.152252    1.219732 ^ _062_/X (sky130_fd_sc_hd__xor2_1)
                                                         _015_ (net)
                      0.159316    0.000128    1.219860 ^ _067_/A1 (sky130_fd_sc_hd__o21a_1)
     3    0.016189    0.118300    0.153365    1.373225 ^ _067_/X (sky130_fd_sc_hd__o21a_1)
                                                         _019_ (net)
                      0.118300    0.000428    1.373654 ^ _080_/A3 (sky130_fd_sc_hd__o31ai_4)
     4    0.011525    0.061922    0.046471    1.420125 v _080_/Y (sky130_fd_sc_hd__o31ai_4)
                                                         _030_ (net)
                      0.061923    0.000255    1.420380 v _098_/A1 (sky130_fd_sc_hd__a31o_1)
     3    0.008764    0.045935    0.138872    1.559253 v _098_/X (sky130_fd_sc_hd__a31o_1)
                                                         _046_ (net)
                      0.045937    0.000346    1.559598 v _103_/A2 (sky130_fd_sc_hd__a21oi_1)
     1    0.005438    0.111189    0.125609    1.685207 ^ _103_/Y (sky130_fd_sc_hd__a21oi_1)
                                                         _050_ (net)
                      0.111189    0.000128    1.685335 ^ _105_/A (sky130_fd_sc_hd__xnor2_1)
     1    0.002488    0.035127    0.047112    1.732447 v _105_/Y (sky130_fd_sc_hd__xnor2_1)
                                                         _052_ (net)
                      0.035127    0.000070    1.732518 v _107_/A2 (sky130_fd_sc_hd__a21o_1)
     1    0.003232    0.025211    0.112594    1.845112 v _107_/X (sky130_fd_sc_hd__a21o_1)
                                                         _007_ (net)
                      0.025211    0.000097    1.845209 v _115_/D (sky130_fd_sc_hd__dfrtp_1)
                                              1.845209   data arrival time

                                  3.900000    3.900000   clock clk (rise edge)
                                  0.000000    3.900000   clock source latency
     1    0.011340    0.043063    0.028387    3.928387 ^ clk (in)
                                                         clk (net)
                      0.043065    0.000000    3.928387 ^ clkbuf_0_clk/A (sky130_fd_sc_hd__clkbuf_16)
     2    0.018735    0.030354    0.087062    4.015450 ^ clkbuf_0_clk/X (sky130_fd_sc_hd__clkbuf_16)
                                                         clknet_0_clk (net)
                      0.030355    0.000324    4.015773 ^ clkbuf_1_0__f_clk/A (sky130_fd_sc_hd__clkbuf_16)
     5    0.015572    0.028214    0.081255    4.097029 ^ clkbuf_1_0__f_clk/X (sky130_fd_sc_hd__clkbuf_16)
                                                         clknet_1_0__leaf_clk (net)
                      0.028217    0.000302    4.097330 ^ _115_/CLK (sky130_fd_sc_hd__dfrtp_1)
                                 -0.250000    3.847330   clock uncertainty
                                  0.000000    3.847330   clock reconvergence pessimism
                                 -0.070384    3.776946   library setup time
                                              3.776946   data required time
---------------------------------------------------------------------------------------------
                                              3.776946   data required time
                                             -1.845209   data arrival time
---------------------------------------------------------------------------------------------
                                              1.931738   slack (MET)


Startpoint: up_down (input port clocked by clk)
Endpoint: _113_ (rising edge-triggered flip-flop clocked by clk)
Path Group: clk
Path Type: max

Fanout         Cap        Slew       Delay        Time   Description
---------------------------------------------------------------------------------------------
                                  0.000000    0.000000   clock clk (rise edge)
                                  0.000000    0.000000   clock network delay (propagated)
                                  0.780000    0.780000 ^ input external delay
     1    0.002937    0.014403    0.007598    0.787598 ^ up_down (in)
                                                         up_down (net)
                      0.014403    0.000000    0.787598 ^ input12/A (sky130_fd_sc_hd__buf_1)
     4    0.018700    0.166654    0.140519    0.928117 ^ input12/X (sky130_fd_sc_hd__buf_1)
                                                         net12 (net)
                      0.166656    0.000424    0.928541 ^ fanout21/A (sky130_fd_sc_hd__buf_4)
    10    0.039174    0.086968    0.137613    1.066154 ^ fanout21/X (sky130_fd_sc_hd__buf_4)
                                                         net21 (net)
                      0.087034    0.001326    1.067480 ^ _062_/B (sky130_fd_sc_hd__xor2_1)
     3    0.008984    0.159316    0.152252    1.219732 ^ _062_/X (sky130_fd_sc_hd__xor2_1)
                                                         _015_ (net)
                      0.159316    0.000128    1.219860 ^ _067_/A1 (sky130_fd_sc_hd__o21a_1)
     3    0.016189    0.118300    0.153365    1.373225 ^ _067_/X (sky130_fd_sc_hd__o21a_1)
                                                         _019_ (net)
                      0.118300    0.000428    1.373654 ^ _080_/A3 (sky130_fd_sc_hd__o31ai_4)
     4    0.011525    0.061922    0.046471    1.420125 v _080_/Y (sky130_fd_sc_hd__o31ai_4)
                                                         _030_ (net)
                      0.061923    0.000261    1.420386 v _089_/A1 (sky130_fd_sc_hd__a21o_1)
     2    0.005097    0.030691    0.114153    1.534539 v _089_/X (sky130_fd_sc_hd__a21o_1)
                                                         _038_ (net)
                      0.030691    0.000133    1.534672 v _091_/B (sky130_fd_sc_hd__or2_1)
     1    0.002523    0.031246    0.116926    1.651598 v _091_/X (sky130_fd_sc_hd__or2_1)
                                                         _040_ (net)
                      0.031246    0.000049    1.651648 v _093_/A3 (sky130_fd_sc_hd__a31o_1)
     1    0.002263    0.025978    0.130879    1.782527 v _093_/X (sky130_fd_sc_hd__a31o_1)
                                                         _005_ (net)
                      0.025978    0.000064    1.782591 v _113_/D (sky130_fd_sc_hd__dfrtp_1)
                                              1.782591   data arrival time

                                  3.900000    3.900000   clock clk (rise edge)
                                  0.000000    3.900000   clock source latency
     1    0.011340    0.043063    0.028387    3.928387 ^ clk (in)
                                                         clk (net)
                      0.043065    0.000000    3.928387 ^ clkbuf_0_clk/A (sky130_fd_sc_hd__clkbuf_16)
     2    0.018735    0.030354    0.087062    4.015450 ^ clkbuf_0_clk/X (sky130_fd_sc_hd__clkbuf_16)
                                                         clknet_0_clk (net)
                      0.030356    0.000414    4.015863 ^ clkbuf_1_1__f_clk/A (sky130_fd_sc_hd__clkbuf_16)
     4    0.012965    0.026492    0.079463    4.095326 ^ clkbuf_1_1__f_clk/X (sky130_fd_sc_hd__clkbuf_16)
                                                         clknet_1_1__leaf_clk (net)
                      0.026492    0.000315    4.095642 ^ _113_/CLK (sky130_fd_sc_hd__dfrtp_1)
                                 -0.250000    3.845642   clock uncertainty
                                  0.000000    3.845642   clock reconvergence pessimism
                                 -0.070823    3.774818   library setup time
                                              3.774818   data required time
---------------------------------------------------------------------------------------------
                                              3.774818   data required time
                                             -1.782591   data arrival time
---------------------------------------------------------------------------------------------
                                              1.992228   slack (MET)


Startpoint: up_down (input port clocked by clk)
Endpoint: _111_ (rising edge-triggered flip-flop clocked by clk)
Path Group: clk
Path Type: max

Fanout         Cap        Slew       Delay        Time   Description
---------------------------------------------------------------------------------------------
                                  0.000000    0.000000   clock clk (rise edge)
                                  0.000000    0.000000   clock network delay (propagated)
                                  0.780000    0.780000 ^ input external delay
     1    0.002937    0.014403    0.007598    0.787598 ^ up_down (in)
                                                         up_down (net)
                      0.014403    0.000000    0.787598 ^ input12/A (sky130_fd_sc_hd__buf_1)
     4    0.018700    0.166654    0.140519    0.928117 ^ input12/X (sky130_fd_sc_hd__buf_1)
                                                         net12 (net)
                      0.166656    0.000424    0.928541 ^ fanout21/A (sky130_fd_sc_hd__buf_4)
    10    0.039174    0.086968    0.137613    1.066154 ^ fanout21/X (sky130_fd_sc_hd__buf_4)
                                                         net21 (net)
                      0.087034    0.001326    1.067480 ^ _062_/B (sky130_fd_sc_hd__xor2_1)
     3    0.008984    0.159316    0.152252    1.219732 ^ _062_/X (sky130_fd_sc_hd__xor2_1)
                                                         _015_ (net)
                      0.159316    0.000128    1.219860 ^ _067_/A1 (sky130_fd_sc_hd__o21a_1)
     3    0.016189    0.118300    0.153365    1.373225 ^ _067_/X (sky130_fd_sc_hd__o21a_1)
                                                         _019_ (net)
                      0.118300    0.000471    1.373696 ^ _070_/A (sky130_fd_sc_hd__or2_1)
     2    0.005830    0.051007    0.091188    1.464884 ^ _070_/X (sky130_fd_sc_hd__or2_1)
                                                         _022_ (net)
                      0.051007    0.000124    1.465008 ^ _075_/B1 (sky130_fd_sc_hd__o21ai_1)
     2    0.006386    0.047427    0.038830    1.503838 v _075_/Y (sky130_fd_sc_hd__o21ai_1)
                                                         _026_ (net)
                      0.047427    0.000137    1.503975 v _076_/A2 (sky130_fd_sc_hd__o21ai_1)
     1    0.003697    0.080942    0.088908    1.592882 ^ _076_/Y (sky130_fd_sc_hd__o21ai_1)
                                                         _027_ (net)
                      0.080942    0.000114    1.592996 ^ _077_/B1 (sky130_fd_sc_hd__a21oi_1)
     1    0.002603    0.052647    0.024719    1.617715 v _077_/Y (sky130_fd_sc_hd__a21oi_1)
                                                         _028_ (net)
                      0.052647    0.000075    1.617790 v _078_/C1 (sky130_fd_sc_hd__a221o_1)
     1    0.002506    0.031519    0.097731    1.715522 v _078_/X (sky130_fd_sc_hd__a221o_1)
                                                         _003_ (net)
                      0.031519    0.000049    1.715570 v _111_/D (sky130_fd_sc_hd__dfrtp_1)
                                              1.715570   data arrival time

                                  3.900000    3.900000   clock clk (rise edge)
                                  0.000000    3.900000   clock source latency
     1    0.011340    0.043063    0.028387    3.928387 ^ clk (in)
                                                         clk (net)
                      0.043065    0.000000    3.928387 ^ clkbuf_0_clk/A (sky130_fd_sc_hd__clkbuf_16)
     2    0.018735    0.030354    0.087062    4.015450 ^ clkbuf_0_clk/X (sky130_fd_sc_hd__clkbuf_16)
                                                         clknet_0_clk (net)
                      0.030355    0.000324    4.015773 ^ clkbuf_1_0__f_clk/A (sky130_fd_sc_hd__clkbuf_16)
     5    0.015572    0.028214    0.081255    4.097029 ^ clkbuf_1_0__f_clk/X (sky130_fd_sc_hd__clkbuf_16)
                                                         clknet_1_0__leaf_clk (net)
                      0.028214    0.000217    4.097245 ^ _111_/CLK (sky130_fd_sc_hd__dfrtp_1)
                                 -0.250000    3.847245   clock uncertainty
                                  0.000000    3.847245   clock reconvergence pessimism
                                 -0.072637    3.774608   library setup time
                                              3.774608   data required time
---------------------------------------------------------------------------------------------
                                              3.774608   data required time
                                             -1.715570   data arrival time
---------------------------------------------------------------------------------------------
                                              2.059038   slack (MET)


Startpoint: up_down (input port clocked by clk)
Endpoint: _112_ (rising edge-triggered flip-flop clocked by clk)
Path Group: clk
Path Type: max

Fanout         Cap        Slew       Delay        Time   Description
---------------------------------------------------------------------------------------------
                                  0.000000    0.000000   clock clk (rise edge)
                                  0.000000    0.000000   clock network delay (propagated)
                                  0.780000    0.780000 ^ input external delay
     1    0.002937    0.014403    0.007598    0.787598 ^ up_down (in)
                                                         up_down (net)
                      0.014403    0.000000    0.787598 ^ input12/A (sky130_fd_sc_hd__buf_1)
     4    0.018700    0.166654    0.140519    0.928117 ^ input12/X (sky130_fd_sc_hd__buf_1)
                                                         net12 (net)
                      0.166656    0.000424    0.928541 ^ fanout21/A (sky130_fd_sc_hd__buf_4)
    10    0.039174    0.086968    0.137613    1.066154 ^ fanout21/X (sky130_fd_sc_hd__buf_4)
                                                         net21 (net)
                      0.087034    0.001326    1.067480 ^ _062_/B (sky130_fd_sc_hd__xor2_1)
     3    0.008984    0.159316    0.152252    1.219732 ^ _062_/X (sky130_fd_sc_hd__xor2_1)
                                                         _015_ (net)
                      0.159316    0.000128    1.219860 ^ _067_/A1 (sky130_fd_sc_hd__o21a_1)
     3    0.016189    0.118300    0.153365    1.373225 ^ _067_/X (sky130_fd_sc_hd__o21a_1)
                                                         _019_ (net)
                      0.118300    0.000428    1.373654 ^ _080_/A3 (sky130_fd_sc_hd__o31ai_4)
     4    0.011525    0.061922    0.046471    1.420125 v _080_/Y (sky130_fd_sc_hd__o31ai_4)
                                                         _030_ (net)
                      0.061923    0.000267    1.420392 v _084_/A (sky130_fd_sc_hd__or2_1)
     1    0.002855    0.032431    0.140537    1.560929 v _084_/X (sky130_fd_sc_hd__or2_1)
                                                         _034_ (net)
                      0.032431    0.000084    1.561013 v _087_/A2 (sky130_fd_sc_hd__a31o_1)
     1    0.003005    0.028079    0.128046    1.689059 v _087_/X (sky130_fd_sc_hd__a31o_1)
                                                         _004_ (net)
                      0.028079    0.000090    1.689149 v _112_/D (sky130_fd_sc_hd__dfrtp_1)
                                              1.689149   data arrival time

                                  3.900000    3.900000   clock clk (rise edge)
                                  0.000000    3.900000   clock source latency
     1    0.011340    0.043063    0.028387    3.928387 ^ clk (in)
                                                         clk (net)
                      0.043065    0.000000    3.928387 ^ clkbuf_0_clk/A (sky130_fd_sc_hd__clkbuf_16)
     2    0.018735    0.030354    0.087062    4.015450 ^ clkbuf_0_clk/X (sky130_fd_sc_hd__clkbuf_16)
                                                         clknet_0_clk (net)
                      0.030356    0.000414    4.015863 ^ clkbuf_1_1__f_clk/A (sky130_fd_sc_hd__clkbuf_16)
     4    0.012965    0.026492    0.079463    4.095326 ^ clkbuf_1_1__f_clk/X (sky130_fd_sc_hd__clkbuf_16)
                                                         clknet_1_1__leaf_clk (net)
                      0.026492    0.000267    4.095594 ^ _112_/CLK (sky130_fd_sc_hd__dfrtp_1)
                                 -0.250000    3.845594   clock uncertainty
                                  0.000000    3.845594   clock reconvergence pessimism
                                 -0.071574    3.774019   library setup time
                                              3.774019   data required time
---------------------------------------------------------------------------------------------
                                              3.774019   data required time
                                             -1.689149   data arrival time
---------------------------------------------------------------------------------------------
                                              2.084871   slack (MET)


Startpoint: up_down (input port clocked by clk)
Endpoint: _110_ (rising edge-triggered flip-flop clocked by clk)
Path Group: clk
Path Type: max

Fanout         Cap        Slew       Delay        Time   Description
---------------------------------------------------------------------------------------------
                                  0.000000    0.000000   clock clk (rise edge)
                                  0.000000    0.000000   clock network delay (propagated)
                                  0.780000    0.780000 ^ input external delay
     1    0.002937    0.014403    0.007598    0.787598 ^ up_down (in)
                                                         up_down (net)
                      0.014403    0.000000    0.787598 ^ input12/A (sky130_fd_sc_hd__buf_1)
     4    0.018700    0.166654    0.140519    0.928117 ^ input12/X (sky130_fd_sc_hd__buf_1)
                                                         net12 (net)
                      0.166656    0.000424    0.928541 ^ fanout21/A (sky130_fd_sc_hd__buf_4)
    10    0.039174    0.086968    0.137613    1.066154 ^ fanout21/X (sky130_fd_sc_hd__buf_4)
                                                         net21 (net)
                      0.087034    0.001326    1.067480 ^ _062_/B (sky130_fd_sc_hd__xor2_1)
     3    0.008271    0.054311    0.061164    1.128645 v _062_/X (sky130_fd_sc_hd__xor2_1)
                                                         _015_ (net)
                      0.054311    0.000118    1.128762 v _067_/A1 (sky130_fd_sc_hd__o21a_1)
     3    0.014409    0.059634    0.157918    1.286681 v _067_/X (sky130_fd_sc_hd__o21a_1)
                                                         _019_ (net)
                      0.059636    0.000426    1.287107 v _070_/A (sky130_fd_sc_hd__or2_1)
     2    0.005492    0.041202    0.151082    1.438189 v _070_/X (sky130_fd_sc_hd__or2_1)
                                                         _022_ (net)
                      0.041202    0.000131    1.438319 v _072_/A3 (sky130_fd_sc_hd__a31o_1)
     1    0.002792    0.027413    0.137339    1.575658 v _072_/X (sky130_fd_sc_hd__a31o_1)
                                                         _002_ (net)
                      0.027413    0.000080    1.575738 v _110_/D (sky130_fd_sc_hd__dfrtp_2)
                                              1.575738   data arrival time

                                  3.900000    3.900000   clock clk (rise edge)
                                  0.000000    3.900000   clock source latency
     1    0.011340    0.043063    0.028387    3.928387 ^ clk (in)
                                                         clk (net)
                      0.043065    0.000000    3.928387 ^ clkbuf_0_clk/A (sky130_fd_sc_hd__clkbuf_16)
     2    0.018735    0.030354    0.087062    4.015450 ^ clkbuf_0_clk/X (sky130_fd_sc_hd__clkbuf_16)
                                                         clknet_0_clk (net)
                      0.030355    0.000324    4.015773 ^ clkbuf_1_0__f_clk/A (sky130_fd_sc_hd__clkbuf_16)
     5    0.015572    0.028214    0.081255    4.097029 ^ clkbuf_1_0__f_clk/X (sky130_fd_sc_hd__clkbuf_16)
                                                         clknet_1_0__leaf_clk (net)
                      0.028218    0.000334    4.097363 ^ _110_/CLK (sky130_fd_sc_hd__dfrtp_2)
                                 -0.250000    3.847363   clock uncertainty
                                  0.000000    3.847363   clock reconvergence pessimism
                                 -0.072391    3.774971   library setup time
                                              3.774971   data required time
---------------------------------------------------------------------------------------------
                                              3.774971   data required time
                                             -1.575738   data arrival time
---------------------------------------------------------------------------------------------
                                              2.199233   slack (MET)


Startpoint: _111_ (rising edge-triggered flip-flop clocked by clk)
Endpoint: count[3] (output port clocked by clk)
Path Group: clk
Path Type: max

Fanout         Cap        Slew       Delay        Time   Description
---------------------------------------------------------------------------------------------
                                  0.000000    0.000000   clock clk (rise edge)
                                  0.000000    0.000000   clock source latency
     1    0.011340    0.043063    0.028387    0.028387 ^ clk (in)
                                                         clk (net)
                      0.043065    0.000000    0.028387 ^ clkbuf_0_clk/A (sky130_fd_sc_hd__clkbuf_16)
     2    0.018735    0.030354    0.087062    0.115450 ^ clkbuf_0_clk/X (sky130_fd_sc_hd__clkbuf_16)
                                                         clknet_0_clk (net)
                      0.030355    0.000323    0.115773 ^ clkbuf_1_0__f_clk/A (sky130_fd_sc_hd__clkbuf_16)
     5    0.015572    0.028214    0.081256    0.197029 ^ clkbuf_1_0__f_clk/X (sky130_fd_sc_hd__clkbuf_16)
                                                         clknet_1_0__leaf_clk (net)
                      0.028214    0.000217    0.197245 ^ _111_/CLK (sky130_fd_sc_hd__dfrtp_1)
     4    0.016368    0.114088    0.260142    0.457387 ^ _111_/Q (sky130_fd_sc_hd__dfrtp_1)
                                                         net16 (net)
                      0.114088    0.000358    0.457745 ^ output16/A (sky130_fd_sc_hd__buf_2)
     1    0.034256    0.128105    0.157854    0.615599 ^ output16/X (sky130_fd_sc_hd__buf_2)
                                                         count[3] (net)
                      0.128107    0.000701    0.616300 ^ count[3] (out)
                                              0.616300   data arrival time

                                  3.900000    3.900000   clock clk (rise edge)
                                  0.000000    3.900000   clock network delay (propagated)
                                 -0.250000    3.650000   clock uncertainty
                                  0.000000    3.650000   clock reconvergence pessimism
                                 -0.780000    2.870000   output external delay
                                              2.870000   data required time
---------------------------------------------------------------------------------------------
                                              2.870000   data required time
                                             -0.616300   data arrival time
---------------------------------------------------------------------------------------------
                                              2.253700   slack (MET)


Startpoint: _113_ (rising edge-triggered flip-flop clocked by clk)
Endpoint: count[5] (output port clocked by clk)
Path Group: clk
Path Type: max

Fanout         Cap        Slew       Delay        Time   Description
---------------------------------------------------------------------------------------------
                                  0.000000    0.000000   clock clk (rise edge)
                                  0.000000    0.000000   clock source latency
     1    0.011340    0.043063    0.028387    0.028387 ^ clk (in)
                                                         clk (net)
                      0.043065    0.000000    0.028387 ^ clkbuf_0_clk/A (sky130_fd_sc_hd__clkbuf_16)
     2    0.018735    0.030354    0.087062    0.115450 ^ clkbuf_0_clk/X (sky130_fd_sc_hd__clkbuf_16)
                                                         clknet_0_clk (net)
                      0.030356    0.000414    0.115863 ^ clkbuf_1_1__f_clk/A (sky130_fd_sc_hd__clkbuf_16)
     4    0.012965    0.026492    0.079463    0.195327 ^ clkbuf_1_1__f_clk/X (sky130_fd_sc_hd__clkbuf_16)
                                                         clknet_1_1__leaf_clk (net)
                      0.026492    0.000315    0.195642 ^ _113_/CLK (sky130_fd_sc_hd__dfrtp_1)
     4    0.015738    0.110080    0.256770    0.452412 ^ _113_/Q (sky130_fd_sc_hd__dfrtp_1)
                                                         net18 (net)
                      0.110080    0.000273    0.452685 ^ output18/A (sky130_fd_sc_hd__buf_2)
     1    0.033975    0.127107    0.156292    0.608977 ^ output18/X (sky130_fd_sc_hd__buf_2)
                                                         count[5] (net)
                      0.127109    0.000632    0.609609 ^ count[5] (out)
                                              0.609609   data arrival time

                                  3.900000    3.900000   clock clk (rise edge)
                                  0.000000    3.900000   clock network delay (propagated)
                                 -0.250000    3.650000   clock uncertainty
                                  0.000000    3.650000   clock reconvergence pessimism
                                 -0.780000    2.870000   output external delay
                                              2.870000   data required time
---------------------------------------------------------------------------------------------
                                              2.870000   data required time
                                             -0.609609   data arrival time
---------------------------------------------------------------------------------------------
                                              2.260391   slack (MET)


Startpoint: _109_ (rising edge-triggered flip-flop clocked by clk)
Endpoint: count[1] (output port clocked by clk)
Path Group: clk
Path Type: max

Fanout         Cap        Slew       Delay        Time   Description
---------------------------------------------------------------------------------------------
                                  0.000000    0.000000   clock clk (rise edge)
                                  0.000000    0.000000   clock source latency
     1    0.011340    0.043063    0.028387    0.028387 ^ clk (in)
                                                         clk (net)
                      0.043065    0.000000    0.028387 ^ clkbuf_0_clk/A (sky130_fd_sc_hd__clkbuf_16)
     2    0.018735    0.030354    0.087062    0.115450 ^ clkbuf_0_clk/X (sky130_fd_sc_hd__clkbuf_16)
                                                         clknet_0_clk (net)
                      0.030356    0.000414    0.115863 ^ clkbuf_1_1__f_clk/A (sky130_fd_sc_hd__clkbuf_16)
     4    0.012965    0.026492    0.079463    0.195327 ^ clkbuf_1_1__f_clk/X (sky130_fd_sc_hd__clkbuf_16)
                                                         clknet_1_1__leaf_clk (net)
                      0.026492    0.000352    0.195679 ^ _109_/CLK (sky130_fd_sc_hd__dfrtp_1)
     4    0.015139    0.106271    0.254115    0.449794 ^ _109_/Q (sky130_fd_sc_hd__dfrtp_1)
                                                         net14 (net)
                      0.106271    0.000313    0.450107 ^ output14/A (sky130_fd_sc_hd__buf_2)
     1    0.035224    0.131553    0.158285    0.608392 ^ output14/X (sky130_fd_sc_hd__buf_2)
                                                         count[1] (net)
                      0.131602    0.000932    0.609324 ^ count[1] (out)
                                              0.609324   data arrival time

                                  3.900000    3.900000   clock clk (rise edge)
                                  0.000000    3.900000   clock network delay (propagated)
                                 -0.250000    3.650000   clock uncertainty
                                  0.000000    3.650000   clock reconvergence pessimism
                                 -0.780000    2.870000   output external delay
                                              2.870000   data required time
---------------------------------------------------------------------------------------------
                                              2.870000   data required time
                                             -0.609324   data arrival time
---------------------------------------------------------------------------------------------
                                              2.260676   slack (MET)


Startpoint: _112_ (rising edge-triggered flip-flop clocked by clk)
Endpoint: count[4] (output port clocked by clk)
Path Group: clk
Path Type: max

Fanout         Cap        Slew       Delay        Time   Description
---------------------------------------------------------------------------------------------
                                  0.000000    0.000000   clock clk (rise edge)
                                  0.000000    0.000000   clock source latency
     1    0.011340    0.043063    0.028387    0.028387 ^ clk (in)
                                                         clk (net)
                      0.043065    0.000000    0.028387 ^ clkbuf_0_clk/A (sky130_fd_sc_hd__clkbuf_16)
     2    0.018735    0.030354    0.087062    0.115450 ^ clkbuf_0_clk/X (sky130_fd_sc_hd__clkbuf_16)
                                                         clknet_0_clk (net)
                      0.030356    0.000414    0.115863 ^ clkbuf_1_1__f_clk/A (sky130_fd_sc_hd__clkbuf_16)
     4    0.012965    0.026492    0.079463    0.195327 ^ clkbuf_1_1__f_clk/X (sky130_fd_sc_hd__clkbuf_16)
                                                         clknet_1_1__leaf_clk (net)
                      0.026492    0.000267    0.195594 ^ _112_/CLK (sky130_fd_sc_hd__dfrtp_1)
     5    0.015611    0.109278    0.256200    0.451794 ^ _112_/Q (sky130_fd_sc_hd__dfrtp_1)
                                                         net17 (net)
                      0.109278    0.000362    0.452156 ^ output17/A (sky130_fd_sc_hd__buf_2)
     1    0.033912    0.126882    0.155966    0.608122 ^ output17/X (sky130_fd_sc_hd__buf_2)
                                                         count[4] (net)
                      0.126883    0.000612    0.608733 ^ count[4] (out)
                                              0.608733   data arrival time

                                  3.900000    3.900000   clock clk (rise edge)
                                  0.000000    3.900000   clock network delay (propagated)
                                 -0.250000    3.650000   clock uncertainty
                                  0.000000    3.650000   clock reconvergence pessimism
                                 -0.780000    2.870000   output external delay
                                              2.870000   data required time
---------------------------------------------------------------------------------------------
                                              2.870000   data required time
                                             -0.608733   data arrival time
---------------------------------------------------------------------------------------------
                                              2.261266   slack (MET)


Startpoint: _110_ (rising edge-triggered flip-flop clocked by clk)
Endpoint: count[2] (output port clocked by clk)
Path Group: clk
Path Type: max

Fanout         Cap        Slew       Delay        Time   Description
---------------------------------------------------------------------------------------------
                                  0.000000    0.000000   clock clk (rise edge)
                                  0.000000    0.000000   clock source latency
     1    0.011340    0.043063    0.028387    0.028387 ^ clk (in)
                                                         clk (net)
                      0.043065    0.000000    0.028387 ^ clkbuf_0_clk/A (sky130_fd_sc_hd__clkbuf_16)
     2    0.018735    0.030354    0.087062    0.115450 ^ clkbuf_0_clk/X (sky130_fd_sc_hd__clkbuf_16)
                                                         clknet_0_clk (net)
                      0.030355    0.000323    0.115773 ^ clkbuf_1_0__f_clk/A (sky130_fd_sc_hd__clkbuf_16)
     5    0.015572    0.028214    0.081256    0.197029 ^ clkbuf_1_0__f_clk/X (sky130_fd_sc_hd__clkbuf_16)
                                                         clknet_1_0__leaf_clk (net)
                      0.028218    0.000334    0.197363 ^ _110_/CLK (sky130_fd_sc_hd__dfrtp_2)
     5    0.019299    0.078233    0.252488    0.449850 ^ _110_/Q (sky130_fd_sc_hd__dfrtp_2)
                                                         net15 (net)
                      0.078233    0.000335    0.450185 ^ output15/A (sky130_fd_sc_hd__buf_2)
     1    0.034078    0.127439    0.149190    0.599375 ^ output15/X (sky130_fd_sc_hd__buf_2)
                                                         count[2] (net)
                      0.127482    0.000705    0.600080 ^ count[2] (out)
                                              0.600080   data arrival time

                                  3.900000    3.900000   clock clk (rise edge)
                                  0.000000    3.900000   clock network delay (propagated)
                                 -0.250000    3.650000   clock uncertainty
                                  0.000000    3.650000   clock reconvergence pessimism
                                 -0.780000    2.870000   output external delay
                                              2.870000   data required time
---------------------------------------------------------------------------------------------
                                              2.870000   data required time
                                             -0.600080   data arrival time
---------------------------------------------------------------------------------------------
                                              2.269920   slack (MET)


Startpoint: _108_ (rising edge-triggered flip-flop clocked by clk)
Endpoint: count[0] (output port clocked by clk)
Path Group: clk
Path Type: max

Fanout         Cap        Slew       Delay        Time   Description
---------------------------------------------------------------------------------------------
                                  0.000000    0.000000   clock clk (rise edge)
                                  0.000000    0.000000   clock source latency
     1    0.011340    0.043063    0.028387    0.028387 ^ clk (in)
                                                         clk (net)
                      0.043065    0.000000    0.028387 ^ clkbuf_0_clk/A (sky130_fd_sc_hd__clkbuf_16)
     2    0.018735    0.030354    0.087062    0.115450 ^ clkbuf_0_clk/X (sky130_fd_sc_hd__clkbuf_16)
                                                         clknet_0_clk (net)
                      0.030356    0.000414    0.115863 ^ clkbuf_1_1__f_clk/A (sky130_fd_sc_hd__clkbuf_16)
     4    0.012965    0.026492    0.079463    0.195327 ^ clkbuf_1_1__f_clk/X (sky130_fd_sc_hd__clkbuf_16)
                                                         clknet_1_1__leaf_clk (net)
                      0.026492    0.000315    0.195641 ^ _108_/CLK (sky130_fd_sc_hd__dfrtp_1)
     3    0.011092    0.080624    0.235864    0.431505 ^ _108_/Q (sky130_fd_sc_hd__dfrtp_1)
                                                         net13 (net)
                      0.080624    0.000179    0.431684 ^ output13/A (sky130_fd_sc_hd__buf_2)
     1    0.034306    0.128239    0.150340    0.582024 ^ output13/X (sky130_fd_sc_hd__buf_2)
                                                         count[0] (net)
                      0.128281    0.000646    0.582670 ^ count[0] (out)
                                              0.582670   data arrival time

                                  3.900000    3.900000   clock clk (rise edge)
                                  0.000000    3.900000   clock network delay (propagated)
                                 -0.250000    3.650000   clock uncertainty
                                  0.000000    3.650000   clock reconvergence pessimism
                                 -0.780000    2.870000   output external delay
                                              2.870000   data required time
---------------------------------------------------------------------------------------------
                                              2.870000   data required time
                                             -0.582670   data arrival time
---------------------------------------------------------------------------------------------
                                              2.287330   slack (MET)


Startpoint: _115_ (rising edge-triggered flip-flop clocked by clk)
Endpoint: count[7] (output port clocked by clk)
Path Group: clk
Path Type: max

Fanout         Cap        Slew       Delay        Time   Description
---------------------------------------------------------------------------------------------
                                  0.000000    0.000000   clock clk (rise edge)
                                  0.000000    0.000000   clock source latency
     1    0.011340    0.043063    0.028387    0.028387 ^ clk (in)
                                                         clk (net)
                      0.043065    0.000000    0.028387 ^ clkbuf_0_clk/A (sky130_fd_sc_hd__clkbuf_16)
     2    0.018735    0.030354    0.087062    0.115450 ^ clkbuf_0_clk/X (sky130_fd_sc_hd__clkbuf_16)
                                                         clknet_0_clk (net)
                      0.030355    0.000323    0.115773 ^ clkbuf_1_0__f_clk/A (sky130_fd_sc_hd__clkbuf_16)
     5    0.015572    0.028214    0.081256    0.197029 ^ clkbuf_1_0__f_clk/X (sky130_fd_sc_hd__clkbuf_16)
                                                         clknet_1_0__leaf_clk (net)
                      0.028217    0.000301    0.197330 ^ _115_/CLK (sky130_fd_sc_hd__dfrtp_1)
     3    0.010420    0.076675    0.233200    0.430530 ^ _115_/Q (sky130_fd_sc_hd__dfrtp_1)
                                                         net20 (net)
                      0.076675    0.000265    0.430795 ^ output20/A (sky130_fd_sc_hd__buf_2)
     1    0.033987    0.127107    0.148662    0.579457 ^ output20/X (sky130_fd_sc_hd__buf_2)
                                                         count[7] (net)
                      0.127148    0.000624    0.580081 ^ count[7] (out)
                                              0.580081   data arrival time

                                  3.900000    3.900000   clock clk (rise edge)
                                  0.000000    3.900000   clock network delay (propagated)
                                 -0.250000    3.650000   clock uncertainty
                                  0.000000    3.650000   clock reconvergence pessimism
                                 -0.780000    2.870000   output external delay
                                              2.870000   data required time
---------------------------------------------------------------------------------------------
                                              2.870000   data required time
                                             -0.580081   data arrival time
---------------------------------------------------------------------------------------------
                                              2.289919   slack (MET)


Startpoint: _114_ (rising edge-triggered flip-flop clocked by clk)
Endpoint: count[6] (output port clocked by clk)
Path Group: clk
Path Type: max

Fanout         Cap        Slew       Delay        Time   Description
---------------------------------------------------------------------------------------------
                                  0.000000    0.000000   clock clk (rise edge)
                                  0.000000    0.000000   clock source latency
     1    0.011340    0.043063    0.028387    0.028387 ^ clk (in)
                                                         clk (net)
                      0.043065    0.000000    0.028387 ^ clkbuf_0_clk/A (sky130_fd_sc_hd__clkbuf_16)
     2    0.018735    0.030354    0.087062    0.115450 ^ clkbuf_0_clk/X (sky130_fd_sc_hd__clkbuf_16)
                                                         clknet_0_clk (net)
                      0.030355    0.000323    0.115773 ^ clkbuf_1_0__f_clk/A (sky130_fd_sc_hd__clkbuf_16)
     5    0.015572    0.028214    0.081256    0.197029 ^ clkbuf_1_0__f_clk/X (sky130_fd_sc_hd__clkbuf_16)
                                                         clknet_1_0__leaf_clk (net)
                      0.028217    0.000309    0.197338 ^ _114_/CLK (sky130_fd_sc_hd__dfrtp_1)
     4    0.010176    0.051331    0.247672    0.445010 v _114_/Q (sky130_fd_sc_hd__dfrtp_1)
                                                         net19 (net)
                      0.051331    0.000215    0.445226 v output19/A (sky130_fd_sc_hd__clkbuf_4)
     1    0.034404    0.056771    0.131414    0.576639 v output19/X (sky130_fd_sc_hd__clkbuf_4)
                                                         count[6] (net)
                      0.056783    0.000795    0.577434 v count[6] (out)
                                              0.577434   data arrival time

                                  3.900000    3.900000   clock clk (rise edge)
                                  0.000000    3.900000   clock network delay (propagated)
                                 -0.250000    3.650000   clock uncertainty
                                  0.000000    3.650000   clock reconvergence pessimism
                                 -0.780000    2.870000   output external delay
                                              2.870000   data required time
---------------------------------------------------------------------------------------------
                                              2.870000   data required time
                                             -0.577434   data arrival time
---------------------------------------------------------------------------------------------
                                              2.292565   slack (MET)


Startpoint: up_down (input port clocked by clk)
Endpoint: _109_ (rising edge-triggered flip-flop clocked by clk)
Path Group: clk
Path Type: max

Fanout         Cap        Slew       Delay        Time   Description
---------------------------------------------------------------------------------------------
                                  0.000000    0.000000   clock clk (rise edge)
                                  0.000000    0.000000   clock network delay (propagated)
                                  0.780000    0.780000 ^ input external delay
     1    0.002937    0.014403    0.007598    0.787598 ^ up_down (in)
                                                         up_down (net)
                      0.014403    0.000000    0.787598 ^ input12/A (sky130_fd_sc_hd__buf_1)
     4    0.018700    0.166654    0.140519    0.928117 ^ input12/X (sky130_fd_sc_hd__buf_1)
                                                         net12 (net)
                      0.166656    0.000424    0.928541 ^ fanout21/A (sky130_fd_sc_hd__buf_4)
    10    0.039174    0.086968    0.137613    1.066154 ^ fanout21/X (sky130_fd_sc_hd__buf_4)
                                                         net21 (net)
                      0.087034    0.001326    1.067480 ^ _062_/B (sky130_fd_sc_hd__xor2_1)
     3    0.008984    0.159316    0.152252    1.219732 ^ _062_/X (sky130_fd_sc_hd__xor2_1)
                                                         _015_ (net)
                      0.159316    0.000218    1.219950 ^ _063_/B (sky130_fd_sc_hd__nand2_1)
     1    0.003642    0.041395    0.041751    1.261701 v _063_/Y (sky130_fd_sc_hd__nand2_1)
                                                         _016_ (net)
                      0.041395    0.000118    1.261819 v _066_/A1 (sky130_fd_sc_hd__a21o_1)
     1    0.002405    0.022611    0.096654    1.358473 v _066_/X (sky130_fd_sc_hd__a21o_1)
                                                         _001_ (net)
                      0.022611    0.000068    1.358541 v _109_/D (sky130_fd_sc_hd__dfrtp_1)
                                              1.358541   data arrival time

                                  3.900000    3.900000   clock clk (rise edge)
                                  0.000000    3.900000   clock source latency
     1    0.011340    0.043063    0.028387    3.928387 ^ clk (in)
                                                         clk (net)
                      0.043065    0.000000    3.928387 ^ clkbuf_0_clk/A (sky130_fd_sc_hd__clkbuf_16)
     2    0.018735    0.030354    0.087062    4.015450 ^ clkbuf_0_clk/X (sky130_fd_sc_hd__clkbuf_16)
                                                         clknet_0_clk (net)
                      0.030356    0.000414    4.015863 ^ clkbuf_1_1__f_clk/A (sky130_fd_sc_hd__clkbuf_16)
     4    0.012965    0.026492    0.079463    4.095326 ^ clkbuf_1_1__f_clk/X (sky130_fd_sc_hd__clkbuf_16)
                                                         clknet_1_1__leaf_clk (net)
                      0.026492    0.000353    4.095679 ^ _109_/CLK (sky130_fd_sc_hd__dfrtp_1)
                                 -0.250000    3.845679   clock uncertainty
                                  0.000000    3.845679   clock reconvergence pessimism
                                 -0.069621    3.776058   library setup time
                                              3.776058   data required time
---------------------------------------------------------------------------------------------
                                              3.776058   data required time
                                             -1.358541   data arrival time
---------------------------------------------------------------------------------------------
                                              2.417517   slack (MET)


Startpoint: preload (input port clocked by clk)
Endpoint: _108_ (rising edge-triggered flip-flop clocked by clk)
Path Group: clk
Path Type: max

Fanout         Cap        Slew       Delay        Time   Description
---------------------------------------------------------------------------------------------
                                  0.000000    0.000000   clock clk (rise edge)
                                  0.000000    0.000000   clock network delay (propagated)
                                  0.780000    0.780000 v input external delay
     1    0.003272    0.005407    0.002701    0.782701 v preload (in)
                                                         preload (net)
                      0.005408    0.000000    0.782701 v input10/A (sky130_fd_sc_hd__buf_2)
    10    0.039325    0.070328    0.114271    0.896972 v input10/X (sky130_fd_sc_hd__buf_2)
                                                         net10 (net)
                      0.070371    0.001583    0.898555 v _057_/A (sky130_fd_sc_hd__nor2_2)
     8    0.035738    0.283665    0.250749    1.149303 ^ _057_/Y (sky130_fd_sc_hd__nor2_2)
                                                         _011_ (net)
                      0.283669    0.000933    1.150236 ^ _059_/B1 (sky130_fd_sc_hd__a22o_1)
     1    0.003169    0.035945    0.085173    1.235409 ^ _059_/X (sky130_fd_sc_hd__a22o_1)
                                                         _013_ (net)
                      0.035945    0.000095    1.235503 ^ _060_/B1 (sky130_fd_sc_hd__a21oi_1)
     1    0.002557    0.037136    0.021413    1.256916 v _060_/Y (sky130_fd_sc_hd__a21oi_1)
                                                         _000_ (net)
                      0.037136    0.000072    1.256989 v _108_/D (sky130_fd_sc_hd__dfrtp_1)
                                              1.256989   data arrival time

                                  3.900000    3.900000   clock clk (rise edge)
                                  0.000000    3.900000   clock source latency
     1    0.011340    0.043063    0.028387    3.928387 ^ clk (in)
                                                         clk (net)
                      0.043065    0.000000    3.928387 ^ clkbuf_0_clk/A (sky130_fd_sc_hd__clkbuf_16)
     2    0.018735    0.030354    0.087062    4.015450 ^ clkbuf_0_clk/X (sky130_fd_sc_hd__clkbuf_16)
                                                         clknet_0_clk (net)
                      0.030356    0.000414    4.015863 ^ clkbuf_1_1__f_clk/A (sky130_fd_sc_hd__clkbuf_16)
     4    0.012965    0.026492    0.079463    4.095326 ^ clkbuf_1_1__f_clk/X (sky130_fd_sc_hd__clkbuf_16)
                                                         clknet_1_1__leaf_clk (net)
                      0.026492    0.000315    4.095641 ^ _108_/CLK (sky130_fd_sc_hd__dfrtp_1)
                                 -0.250000    3.845641   clock uncertainty
                                  0.000000    3.845641   clock reconvergence pessimism
                                 -0.074809    3.770832   library setup time
                                              3.770832   data required time
---------------------------------------------------------------------------------------------
                                              3.770832   data required time
                                             -1.256989   data arrival time
---------------------------------------------------------------------------------------------
                                              2.513844   slack (MET)


Startpoint: resetn (input port clocked by clk)
Endpoint: _110_ (recovery check against rising-edge clock clk)
Path Group: asynchronous
Path Type: max

Fanout         Cap        Slew       Delay        Time   Description
---------------------------------------------------------------------------------------------
                                  0.000000    0.000000   clock clk (rise edge)
                                  0.000000    0.000000   clock network delay (propagated)
                                  0.780000    0.780000 ^ input external delay
     1    0.003209    0.015385    0.008320    0.788320 ^ resetn (in)
                                                         resetn (net)
                      0.015385    0.000000    0.788320 ^ hold2/A (sky130_fd_sc_hd__dlygate4sd3_1)
     1    0.003031    0.038761    0.368673    1.156994 ^ hold2/X (sky130_fd_sc_hd__dlygate4sd3_1)
                                                         net23 (net)
                      0.038761    0.000092    1.157086 ^ input11/A (sky130_fd_sc_hd__buf_2)
     8    0.043123    0.159813    0.161038    1.318124 ^ input11/X (sky130_fd_sc_hd__buf_2)
                                                         net11 (net)
                      0.159819    0.000802    1.318926 ^ _110_/RESET_B (sky130_fd_sc_hd__dfrtp_2)
                                              1.318926   data arrival time

                                  3.900000    3.900000   clock clk (rise edge)
                                  0.000000    3.900000   clock source latency
     1    0.011340    0.043063    0.028387    3.928387 ^ clk (in)
                                                         clk (net)
                      0.043065    0.000000    3.928387 ^ clkbuf_0_clk/A (sky130_fd_sc_hd__clkbuf_16)
     2    0.018735    0.030354    0.087062    4.015450 ^ clkbuf_0_clk/X (sky130_fd_sc_hd__clkbuf_16)
                                                         clknet_0_clk (net)
                      0.030355    0.000324    4.015773 ^ clkbuf_1_0__f_clk/A (sky130_fd_sc_hd__clkbuf_16)
     5    0.015572    0.028214    0.081255    4.097029 ^ clkbuf_1_0__f_clk/X (sky130_fd_sc_hd__clkbuf_16)
                                                         clknet_1_0__leaf_clk (net)
                      0.028218    0.000334    4.097363 ^ _110_/CLK (sky130_fd_sc_hd__dfrtp_2)
                                 -0.250000    3.847363   clock uncertainty
                                  0.000000    3.847363   clock reconvergence pessimism
                                  0.100197    3.947559   library recovery time
                                              3.947559   data required time
---------------------------------------------------------------------------------------------
                                              3.947559   data required time
                                             -1.318926   data arrival time
---------------------------------------------------------------------------------------------
                                              2.628633   slack (MET)


Startpoint: resetn (input port clocked by clk)
Endpoint: _113_ (recovery check against rising-edge clock clk)
Path Group: asynchronous
Path Type: max

Fanout         Cap        Slew       Delay        Time   Description
---------------------------------------------------------------------------------------------
                                  0.000000    0.000000   clock clk (rise edge)
                                  0.000000    0.000000   clock network delay (propagated)
                                  0.780000    0.780000 ^ input external delay
     1    0.003209    0.015385    0.008320    0.788320 ^ resetn (in)
                                                         resetn (net)
                      0.015385    0.000000    0.788320 ^ hold2/A (sky130_fd_sc_hd__dlygate4sd3_1)
     1    0.003031    0.038761    0.368673    1.156994 ^ hold2/X (sky130_fd_sc_hd__dlygate4sd3_1)
                                                         net23 (net)
                      0.038761    0.000092    1.157086 ^ input11/A (sky130_fd_sc_hd__buf_2)
     8    0.043123    0.159813    0.161038    1.318124 ^ input11/X (sky130_fd_sc_hd__buf_2)
                                                         net11 (net)
                      0.159827    0.001248    1.319372 ^ _113_/RESET_B (sky130_fd_sc_hd__dfrtp_1)
                                              1.319372   data arrival time

                                  3.900000    3.900000   clock clk (rise edge)
                                  0.000000    3.900000   clock source latency
     1    0.011340    0.043063    0.028387    3.928387 ^ clk (in)
                                                         clk (net)
                      0.043065    0.000000    3.928387 ^ clkbuf_0_clk/A (sky130_fd_sc_hd__clkbuf_16)
     2    0.018735    0.030354    0.087062    4.015450 ^ clkbuf_0_clk/X (sky130_fd_sc_hd__clkbuf_16)
                                                         clknet_0_clk (net)
                      0.030356    0.000414    4.015863 ^ clkbuf_1_1__f_clk/A (sky130_fd_sc_hd__clkbuf_16)
     4    0.012965    0.026492    0.079463    4.095326 ^ clkbuf_1_1__f_clk/X (sky130_fd_sc_hd__clkbuf_16)
                                                         clknet_1_1__leaf_clk (net)
                      0.026492    0.000315    4.095642 ^ _113_/CLK (sky130_fd_sc_hd__dfrtp_1)
                                 -0.250000    3.845642   clock uncertainty
                                  0.000000    3.845642   clock reconvergence pessimism
                                  0.118864    3.964505   library recovery time
                                              3.964505   data required time
---------------------------------------------------------------------------------------------
                                              3.964505   data required time
                                             -1.319372   data arrival time
---------------------------------------------------------------------------------------------
                                              2.645133   slack (MET)


Startpoint: resetn (input port clocked by clk)
Endpoint: _112_ (recovery check against rising-edge clock clk)
Path Group: asynchronous
Path Type: max

Fanout         Cap        Slew       Delay        Time   Description
---------------------------------------------------------------------------------------------
                                  0.000000    0.000000   clock clk (rise edge)
                                  0.000000    0.000000   clock network delay (propagated)
                                  0.780000    0.780000 ^ input external delay
     1    0.003209    0.015385    0.008320    0.788320 ^ resetn (in)
                                                         resetn (net)
                      0.015385    0.000000    0.788320 ^ hold2/A (sky130_fd_sc_hd__dlygate4sd3_1)
     1    0.003031    0.038761    0.368673    1.156994 ^ hold2/X (sky130_fd_sc_hd__dlygate4sd3_1)
                                                         net23 (net)
                      0.038761    0.000092    1.157086 ^ input11/A (sky130_fd_sc_hd__buf_2)
     8    0.043123    0.159813    0.161038    1.318124 ^ input11/X (sky130_fd_sc_hd__buf_2)
                                                         net11 (net)
                      0.159819    0.000841    1.318965 ^ _112_/RESET_B (sky130_fd_sc_hd__dfrtp_1)
                                              1.318965   data arrival time

                                  3.900000    3.900000   clock clk (rise edge)
                                  0.000000    3.900000   clock source latency
     1    0.011340    0.043063    0.028387    3.928387 ^ clk (in)
                                                         clk (net)
                      0.043065    0.000000    3.928387 ^ clkbuf_0_clk/A (sky130_fd_sc_hd__clkbuf_16)
     2    0.018735    0.030354    0.087062    4.015450 ^ clkbuf_0_clk/X (sky130_fd_sc_hd__clkbuf_16)
                                                         clknet_0_clk (net)
                      0.030356    0.000414    4.015863 ^ clkbuf_1_1__f_clk/A (sky130_fd_sc_hd__clkbuf_16)
     4    0.012965    0.026492    0.079463    4.095326 ^ clkbuf_1_1__f_clk/X (sky130_fd_sc_hd__clkbuf_16)
                                                         clknet_1_1__leaf_clk (net)
                      0.026492    0.000267    4.095594 ^ _112_/CLK (sky130_fd_sc_hd__dfrtp_1)
                                 -0.250000    3.845594   clock uncertainty
                                  0.000000    3.845594   clock reconvergence pessimism
                                  0.118865    3.964459   library recovery time
                                              3.964459   data required time
---------------------------------------------------------------------------------------------
                                              3.964459   data required time
                                             -1.318965   data arrival time
---------------------------------------------------------------------------------------------
                                              2.645494   slack (MET)


Startpoint: resetn (input port clocked by clk)
Endpoint: _109_ (recovery check against rising-edge clock clk)
Path Group: asynchronous
Path Type: max

Fanout         Cap        Slew       Delay        Time   Description
---------------------------------------------------------------------------------------------
                                  0.000000    0.000000   clock clk (rise edge)
                                  0.000000    0.000000   clock network delay (propagated)
                                  0.780000    0.780000 ^ input external delay
     1    0.003209    0.015385    0.008320    0.788320 ^ resetn (in)
                                                         resetn (net)
                      0.015385    0.000000    0.788320 ^ hold2/A (sky130_fd_sc_hd__dlygate4sd3_1)
     1    0.003031    0.038761    0.368673    1.156994 ^ hold2/X (sky130_fd_sc_hd__dlygate4sd3_1)
                                                         net23 (net)
                      0.038761    0.000092    1.157086 ^ input11/A (sky130_fd_sc_hd__buf_2)
     8    0.043123    0.159813    0.161038    1.318124 ^ input11/X (sky130_fd_sc_hd__buf_2)
                                                         net11 (net)
                      0.159819    0.000789    1.318913 ^ _109_/RESET_B (sky130_fd_sc_hd__dfrtp_1)
                                              1.318913   data arrival time

                                  3.900000    3.900000   clock clk (rise edge)
                                  0.000000    3.900000   clock source latency
     1    0.011340    0.043063    0.028387    3.928387 ^ clk (in)
                                                         clk (net)
                      0.043065    0.000000    3.928387 ^ clkbuf_0_clk/A (sky130_fd_sc_hd__clkbuf_16)
     2    0.018735    0.030354    0.087062    4.015450 ^ clkbuf_0_clk/X (sky130_fd_sc_hd__clkbuf_16)
                                                         clknet_0_clk (net)
                      0.030356    0.000414    4.015863 ^ clkbuf_1_1__f_clk/A (sky130_fd_sc_hd__clkbuf_16)
     4    0.012965    0.026492    0.079463    4.095326 ^ clkbuf_1_1__f_clk/X (sky130_fd_sc_hd__clkbuf_16)
                                                         clknet_1_1__leaf_clk (net)
                      0.026492    0.000353    4.095679 ^ _109_/CLK (sky130_fd_sc_hd__dfrtp_1)
                                 -0.250000    3.845679   clock uncertainty
                                  0.000000    3.845679   clock reconvergence pessimism
                                  0.118865    3.964544   library recovery time
                                              3.964544   data required time
---------------------------------------------------------------------------------------------
                                              3.964544   data required time
                                             -1.318913   data arrival time
---------------------------------------------------------------------------------------------
                                              2.645632   slack (MET)


Startpoint: resetn (input port clocked by clk)
Endpoint: _108_ (recovery check against rising-edge clock clk)
Path Group: asynchronous
Path Type: max

Fanout         Cap        Slew       Delay        Time   Description
---------------------------------------------------------------------------------------------
                                  0.000000    0.000000   clock clk (rise edge)
                                  0.000000    0.000000   clock network delay (propagated)
                                  0.780000    0.780000 ^ input external delay
     1    0.003209    0.015385    0.008320    0.788320 ^ resetn (in)
                                                         resetn (net)
                      0.015385    0.000000    0.788320 ^ hold2/A (sky130_fd_sc_hd__dlygate4sd3_1)
     1    0.003031    0.038761    0.368673    1.156994 ^ hold2/X (sky130_fd_sc_hd__dlygate4sd3_1)
                                                         net23 (net)
                      0.038761    0.000092    1.157086 ^ input11/A (sky130_fd_sc_hd__buf_2)
     8    0.043123    0.159813    0.161038    1.318124 ^ input11/X (sky130_fd_sc_hd__buf_2)
                                                         net11 (net)
                      0.159818    0.000710    1.318834 ^ _108_/RESET_B (sky130_fd_sc_hd__dfrtp_1)
                                              1.318834   data arrival time

                                  3.900000    3.900000   clock clk (rise edge)
                                  0.000000    3.900000   clock source latency
     1    0.011340    0.043063    0.028387    3.928387 ^ clk (in)
                                                         clk (net)
                      0.043065    0.000000    3.928387 ^ clkbuf_0_clk/A (sky130_fd_sc_hd__clkbuf_16)
     2    0.018735    0.030354    0.087062    4.015450 ^ clkbuf_0_clk/X (sky130_fd_sc_hd__clkbuf_16)
                                                         clknet_0_clk (net)
                      0.030356    0.000414    4.015863 ^ clkbuf_1_1__f_clk/A (sky130_fd_sc_hd__clkbuf_16)
     4    0.012965    0.026492    0.079463    4.095326 ^ clkbuf_1_1__f_clk/X (sky130_fd_sc_hd__clkbuf_16)
                                                         clknet_1_1__leaf_clk (net)
                      0.026492    0.000315    4.095641 ^ _108_/CLK (sky130_fd_sc_hd__dfrtp_1)
                                 -0.250000    3.845641   clock uncertainty
                                  0.000000    3.845641   clock reconvergence pessimism
                                  0.118865    3.964507   library recovery time
                                              3.964507   data required time
---------------------------------------------------------------------------------------------
                                              3.964507   data required time
                                             -1.318834   data arrival time
---------------------------------------------------------------------------------------------
                                              2.645672   slack (MET)


Startpoint: resetn (input port clocked by clk)
Endpoint: _111_ (recovery check against rising-edge clock clk)
Path Group: asynchronous
Path Type: max

Fanout         Cap        Slew       Delay        Time   Description
---------------------------------------------------------------------------------------------
                                  0.000000    0.000000   clock clk (rise edge)
                                  0.000000    0.000000   clock network delay (propagated)
                                  0.780000    0.780000 ^ input external delay
     1    0.003209    0.015385    0.008320    0.788320 ^ resetn (in)
                                                         resetn (net)
                      0.015385    0.000000    0.788320 ^ hold2/A (sky130_fd_sc_hd__dlygate4sd3_1)
     1    0.003031    0.038761    0.368673    1.156994 ^ hold2/X (sky130_fd_sc_hd__dlygate4sd3_1)
                                                         net23 (net)
                      0.038761    0.000092    1.157086 ^ input11/A (sky130_fd_sc_hd__buf_2)
     8    0.043123    0.159813    0.161038    1.318124 ^ input11/X (sky130_fd_sc_hd__buf_2)
                                                         net11 (net)
                      0.159838    0.001659    1.319782 ^ _111_/RESET_B (sky130_fd_sc_hd__dfrtp_1)
                                              1.319782   data arrival time

                                  3.900000    3.900000   clock clk (rise edge)
                                  0.000000    3.900000   clock source latency
     1    0.011340    0.043063    0.028387    3.928387 ^ clk (in)
                                                         clk (net)
                      0.043065    0.000000    3.928387 ^ clkbuf_0_clk/A (sky130_fd_sc_hd__clkbuf_16)
     2    0.018735    0.030354    0.087062    4.015450 ^ clkbuf_0_clk/X (sky130_fd_sc_hd__clkbuf_16)
                                                         clknet_0_clk (net)
                      0.030355    0.000324    4.015773 ^ clkbuf_1_0__f_clk/A (sky130_fd_sc_hd__clkbuf_16)
     5    0.015572    0.028214    0.081255    4.097029 ^ clkbuf_1_0__f_clk/X (sky130_fd_sc_hd__clkbuf_16)
                                                         clknet_1_0__leaf_clk (net)
                      0.028214    0.000217    4.097245 ^ _111_/CLK (sky130_fd_sc_hd__dfrtp_1)
                                 -0.250000    3.847245   clock uncertainty
                                  0.000000    3.847245   clock reconvergence pessimism
                                  0.119128    3.966374   library recovery time
                                              3.966374   data required time
---------------------------------------------------------------------------------------------
                                              3.966374   data required time
                                             -1.319782   data arrival time
---------------------------------------------------------------------------------------------
                                              2.646591   slack (MET)


Startpoint: resetn (input port clocked by clk)
Endpoint: _115_ (recovery check against rising-edge clock clk)
Path Group: asynchronous
Path Type: max

Fanout         Cap        Slew       Delay        Time   Description
---------------------------------------------------------------------------------------------
                                  0.000000    0.000000   clock clk (rise edge)
                                  0.000000    0.000000   clock network delay (propagated)
                                  0.780000    0.780000 ^ input external delay
     1    0.003209    0.015385    0.008320    0.788320 ^ resetn (in)
                                                         resetn (net)
                      0.015385    0.000000    0.788320 ^ hold2/A (sky130_fd_sc_hd__dlygate4sd3_1)
     1    0.003031    0.038761    0.368673    1.156994 ^ hold2/X (sky130_fd_sc_hd__dlygate4sd3_1)
                                                         net23 (net)
                      0.038761    0.000092    1.157086 ^ input11/A (sky130_fd_sc_hd__buf_2)
     8    0.043123    0.159813    0.161038    1.318124 ^ input11/X (sky130_fd_sc_hd__buf_2)
                                                         net11 (net)
                      0.159840    0.001737    1.319860 ^ _115_/RESET_B (sky130_fd_sc_hd__dfrtp_1)
                                              1.319860   data arrival time

                                  3.900000    3.900000   clock clk (rise edge)
                                  0.000000    3.900000   clock source latency
     1    0.011340    0.043063    0.028387    3.928387 ^ clk (in)
                                                         clk (net)
                      0.043065    0.000000    3.928387 ^ clkbuf_0_clk/A (sky130_fd_sc_hd__clkbuf_16)
     2    0.018735    0.030354    0.087062    4.015450 ^ clkbuf_0_clk/X (sky130_fd_sc_hd__clkbuf_16)
                                                         clknet_0_clk (net)
                      0.030355    0.000324    4.015773 ^ clkbuf_1_0__f_clk/A (sky130_fd_sc_hd__clkbuf_16)
     5    0.015572    0.028214    0.081255    4.097029 ^ clkbuf_1_0__f_clk/X (sky130_fd_sc_hd__clkbuf_16)
                                                         clknet_1_0__leaf_clk (net)
                      0.028217    0.000302    4.097330 ^ _115_/CLK (sky130_fd_sc_hd__dfrtp_1)
                                 -0.250000    3.847330   clock uncertainty
                                  0.000000    3.847330   clock reconvergence pessimism
                                  0.119129    3.966459   library recovery time
                                              3.966459   data required time
---------------------------------------------------------------------------------------------
                                              3.966459   data required time
                                             -1.319860   data arrival time
---------------------------------------------------------------------------------------------
                                              2.646598   slack (MET)


Startpoint: resetn (input port clocked by clk)
Endpoint: _114_ (recovery check against rising-edge clock clk)
Path Group: asynchronous
Path Type: max

Fanout         Cap        Slew       Delay        Time   Description
---------------------------------------------------------------------------------------------
                                  0.000000    0.000000   clock clk (rise edge)
                                  0.000000    0.000000   clock network delay (propagated)
                                  0.780000    0.780000 ^ input external delay
     1    0.003209    0.015385    0.008320    0.788320 ^ resetn (in)
                                                         resetn (net)
                      0.015385    0.000000    0.788320 ^ hold2/A (sky130_fd_sc_hd__dlygate4sd3_1)
     1    0.003031    0.038761    0.368673    1.156994 ^ hold2/X (sky130_fd_sc_hd__dlygate4sd3_1)
                                                         net23 (net)
                      0.038761    0.000092    1.157086 ^ input11/A (sky130_fd_sc_hd__buf_2)
     8    0.043123    0.159813    0.161038    1.318124 ^ input11/X (sky130_fd_sc_hd__buf_2)
                                                         net11 (net)
                      0.159833    0.001500    1.319624 ^ _114_/RESET_B (sky130_fd_sc_hd__dfrtp_1)
                                              1.319624   data arrival time

                                  3.900000    3.900000   clock clk (rise edge)
                                  0.000000    3.900000   clock source latency
     1    0.011340    0.043063    0.028387    3.928387 ^ clk (in)
                                                         clk (net)
                      0.043065    0.000000    3.928387 ^ clkbuf_0_clk/A (sky130_fd_sc_hd__clkbuf_16)
     2    0.018735    0.030354    0.087062    4.015450 ^ clkbuf_0_clk/X (sky130_fd_sc_hd__clkbuf_16)
                                                         clknet_0_clk (net)
                      0.030355    0.000324    4.015773 ^ clkbuf_1_0__f_clk/A (sky130_fd_sc_hd__clkbuf_16)
     5    0.015572    0.028214    0.081255    4.097029 ^ clkbuf_1_0__f_clk/X (sky130_fd_sc_hd__clkbuf_16)
                                                         clknet_1_0__leaf_clk (net)
                      0.028217    0.000310    4.097338 ^ _114_/CLK (sky130_fd_sc_hd__dfrtp_1)
                                 -0.250000    3.847338   clock uncertainty
                                  0.000000    3.847338   clock reconvergence pessimism
                                  0.119130    3.966468   library recovery time
                                              3.966468   data required time
---------------------------------------------------------------------------------------------
                                              3.966468   data required time
                                             -1.319624   data arrival time
---------------------------------------------------------------------------------------------
                                              2.646844   slack (MET)



