
===========================================================================
report_checks -path_delay min (Hold)
============================================================================
======================= nom_ff_n40C_1v95 Corner ===================================

Startpoint: _111_ (rising edge-triggered flip-flop clocked by clk)
Endpoint: _111_ (rising edge-triggered flip-flop clocked by clk)
Path Group: clk
Path Type: min

Fanout         Cap        Slew       Delay        Time   Description
---------------------------------------------------------------------------------------------
                                  0.000000    0.000000   clock clk (rise edge)
                                  0.000000    0.000000   clock source latency
     1    0.011340    0.043063    0.028387    0.028387 ^ clk (in)
                                                         clk (net)
                      0.043065    0.000000    0.028387 ^ clkbuf_0_clk/A (sky130_fd_sc_hd__clkbuf_16)
     2    0.018735    0.030354    0.087062    0.115450 ^ clkbuf_0_clk/X (sky130_fd_sc_hd__clkbuf_16)
                                                         clknet_0_clk (net)
                      0.030355    0.000323    0.115773 ^ clkbuf_1_0__f_clk/A (sky130_fd_sc_hd__clkbuf_16)
     5    0.015572    0.028214    0.081256    0.197029 ^ clkbuf_1_0__f_clk/X (sky130_fd_sc_hd__clkbuf_16)
                                                         clknet_1_0__leaf_clk (net)
                      0.028214    0.000217    0.197245 ^ _111_/CLK (sky130_fd_sc_hd__dfrtp_1)
     4    0.016368    0.114088    0.260142    0.457387 ^ _111_/Q (sky130_fd_sc_hd__dfrtp_1)
                                                         net16 (net)
                      0.114088    0.000333    0.457720 ^ _078_/B2 (sky130_fd_sc_hd__a221o_1)
     1    0.002533    0.026648    0.088659    0.546378 ^ _078_/X (sky130_fd_sc_hd__a221o_1)
                                                         _003_ (net)
                      0.026648    0.000049    0.546428 ^ _111_/D (sky130_fd_sc_hd__dfrtp_1)
                                              0.546428   data arrival time

                                  0.000000    0.000000   clock clk (rise edge)
                                  0.000000    0.000000   clock source latency
     1    0.011340    0.043063    0.028387    0.028387 ^ clk (in)
                                                         clk (net)
                      0.043065    0.000000    0.028387 ^ clkbuf_0_clk/A (sky130_fd_sc_hd__clkbuf_16)
     2    0.018735    0.030354    0.087062    0.115450 ^ clkbuf_0_clk/X (sky130_fd_sc_hd__clkbuf_16)
                                                         clknet_0_clk (net)
                      0.030355    0.000323    0.115773 ^ clkbuf_1_0__f_clk/A (sky130_fd_sc_hd__clkbuf_16)
     5    0.015572    0.028214    0.081256    0.197029 ^ clkbuf_1_0__f_clk/X (sky130_fd_sc_hd__clkbuf_16)
                                                         clknet_1_0__leaf_clk (net)
                      0.028214    0.000217    0.197245 ^ _111_/CLK (sky130_fd_sc_hd__dfrtp_1)
                                  0.250000    0.447245   clock uncertainty
                                  0.000000    0.447245   clock reconvergence pessimism
                                 -0.019536    0.427709   library hold time
                                              0.427709   data required time
---------------------------------------------------------------------------------------------
                                              0.427709   data required time
                                             -0.546428   data arrival time
---------------------------------------------------------------------------------------------
                                              0.118718   slack (MET)


Startpoint: _115_ (rising edge-triggered flip-flop clocked by clk)
Endpoint: _115_ (rising edge-triggered flip-flop clocked by clk)
Path Group: clk
Path Type: min

Fanout         Cap        Slew       Delay        Time   Description
---------------------------------------------------------------------------------------------
                                  0.000000    0.000000   clock clk (rise edge)
                                  0.000000    0.000000   clock source latency
     1    0.011340    0.043063    0.028387    0.028387 ^ clk (in)
                                                         clk (net)
                      0.043065    0.000000    0.028387 ^ clkbuf_0_clk/A (sky130_fd_sc_hd__clkbuf_16)
     2    0.018735    0.030354    0.087062    0.115450 ^ clkbuf_0_clk/X (sky130_fd_sc_hd__clkbuf_16)
                                                         clknet_0_clk (net)
                      0.030355    0.000323    0.115773 ^ clkbuf_1_0__f_clk/A (sky130_fd_sc_hd__clkbuf_16)
     5    0.015572    0.028214    0.081256    0.197029 ^ clkbuf_1_0__f_clk/X (sky130_fd_sc_hd__clkbuf_16)
                                                         clknet_1_0__leaf_clk (net)
                      0.028217    0.000301    0.197330 ^ _115_/CLK (sky130_fd_sc_hd__dfrtp_1)
     3    0.010420    0.076675    0.233200    0.430530 ^ _115_/Q (sky130_fd_sc_hd__dfrtp_1)
                                                         net20 (net)
                      0.076675    0.000213    0.430743 ^ _106_/B2 (sky130_fd_sc_hd__a22o_1)
     1    0.002961    0.030788    0.075464    0.506207 ^ _106_/X (sky130_fd_sc_hd__a22o_1)
                                                         _053_ (net)
                      0.030788    0.000085    0.506292 ^ _107_/B1 (sky130_fd_sc_hd__a21o_1)
     1    0.003259    0.027988    0.048145    0.554437 ^ _107_/X (sky130_fd_sc_hd__a21o_1)
                                                         _007_ (net)
                      0.027988    0.000098    0.554536 ^ _115_/D (sky130_fd_sc_hd__dfrtp_1)
                                              0.554536   data arrival time

                                  0.000000    0.000000   clock clk (rise edge)
                                  0.000000    0.000000   clock source latency
     1    0.011340    0.043063    0.028387    0.028387 ^ clk (in)
                                                         clk (net)
                      0.043065    0.000000    0.028387 ^ clkbuf_0_clk/A (sky130_fd_sc_hd__clkbuf_16)
     2    0.018735    0.030354    0.087062    0.115450 ^ clkbuf_0_clk/X (sky130_fd_sc_hd__clkbuf_16)
                                                         clknet_0_clk (net)
                      0.030355    0.000323    0.115773 ^ clkbuf_1_0__f_clk/A (sky130_fd_sc_hd__clkbuf_16)
     5    0.015572    0.028214    0.081256    0.197029 ^ clkbuf_1_0__f_clk/X (sky130_fd_sc_hd__clkbuf_16)
                                                         clknet_1_0__leaf_clk (net)
                      0.028217    0.000301    0.197330 ^ _115_/CLK (sky130_fd_sc_hd__dfrtp_1)
                                  0.250000    0.447330   clock uncertainty
                                  0.000000    0.447330   clock reconvergence pessimism
                                 -0.019637    0.427693   library hold time
                                              0.427693   data required time
---------------------------------------------------------------------------------------------
                                              0.427693   data required time
                                             -0.554536   data arrival time
---------------------------------------------------------------------------------------------
                                              0.126843   slack (MET)


Startpoint: _114_ (rising edge-triggered flip-flop clocked by clk)
Endpoint: _114_ (rising edge-triggered flip-flop clocked by clk)
Path Group: clk
Path Type: min

Fanout         Cap        Slew       Delay        Time   Description
---------------------------------------------------------------------------------------------
                                  0.000000    0.000000   clock clk (rise edge)
                                  0.000000    0.000000   clock source latency
     1    0.011340    0.043063    0.028387    0.028387 ^ clk (in)
                                                         clk (net)
                      0.043065    0.000000    0.028387 ^ clkbuf_0_clk/A (sky130_fd_sc_hd__clkbuf_16)
     2    0.018735    0.030354    0.087062    0.115450 ^ clkbuf_0_clk/X (sky130_fd_sc_hd__clkbuf_16)
                                                         clknet_0_clk (net)
                      0.030355    0.000323    0.115773 ^ clkbuf_1_0__f_clk/A (sky130_fd_sc_hd__clkbuf_16)
     5    0.015572    0.028214    0.081256    0.197029 ^ clkbuf_1_0__f_clk/X (sky130_fd_sc_hd__clkbuf_16)
                                                         clknet_1_0__leaf_clk (net)
                      0.028217    0.000309    0.197338 ^ _114_/CLK (sky130_fd_sc_hd__dfrtp_1)
     4    0.010994    0.080011    0.235937    0.433275 ^ _114_/Q (sky130_fd_sc_hd__dfrtp_1)
                                                         net19 (net)
                      0.080011    0.000129    0.433404 ^ _101_/B2 (sky130_fd_sc_hd__a22o_1)
     1    0.003558    0.034558    0.079176    0.512581 ^ _101_/X (sky130_fd_sc_hd__a22o_1)
                                                         _049_ (net)
                      0.034558    0.000111    0.512691 ^ _102_/B1 (sky130_fd_sc_hd__a31o_1)
     1    0.003769    0.033636    0.056454    0.569145 ^ _102_/X (sky130_fd_sc_hd__a31o_1)
                                                         _006_ (net)
                      0.033636    0.000128    0.569273 ^ _114_/D (sky130_fd_sc_hd__dfrtp_1)
                                              0.569273   data arrival time

                                  0.000000    0.000000   clock clk (rise edge)
                                  0.000000    0.000000   clock source latency
     1    0.011340    0.043063    0.028387    0.028387 ^ clk (in)
                                                         clk (net)
                      0.043065    0.000000    0.028387 ^ clkbuf_0_clk/A (sky130_fd_sc_hd__clkbuf_16)
     2    0.018735    0.030354    0.087062    0.115450 ^ clkbuf_0_clk/X (sky130_fd_sc_hd__clkbuf_16)
                                                         clknet_0_clk (net)
                      0.030355    0.000323    0.115773 ^ clkbuf_1_0__f_clk/A (sky130_fd_sc_hd__clkbuf_16)
     5    0.015572    0.028214    0.081256    0.197029 ^ clkbuf_1_0__f_clk/X (sky130_fd_sc_hd__clkbuf_16)
                                                         clknet_1_0__leaf_clk (net)
                      0.028217    0.000309    0.197338 ^ _114_/CLK (sky130_fd_sc_hd__dfrtp_1)
                                  0.250000    0.447338   clock uncertainty
                                  0.000000    0.447338   clock reconvergence pessimism
                                 -0.020065    0.427273   library hold time
                                              0.427273   data required time
---------------------------------------------------------------------------------------------
                                              0.427273   data required time
                                             -0.569273   data arrival time
---------------------------------------------------------------------------------------------
                                              0.142000   slack (MET)


Startpoint: _108_ (rising edge-triggered flip-flop clocked by clk)
Endpoint: _109_ (rising edge-triggered flip-flop clocked by clk)
Path Group: clk
Path Type: min

Fanout         Cap        Slew       Delay        Time   Description
---------------------------------------------------------------------------------------------
                                  0.000000    0.000000   clock clk (rise edge)
                                  0.000000    0.000000   clock source latency
     1    0.011340    0.043063    0.028387    0.028387 ^ clk (in)
                                                         clk (net)
                      0.043065    0.000000    0.028387 ^ clkbuf_0_clk/A (sky130_fd_sc_hd__clkbuf_16)
     2    0.018735    0.030354    0.087062    0.115450 ^ clkbuf_0_clk/X (sky130_fd_sc_hd__clkbuf_16)
                                                         clknet_0_clk (net)
                      0.030356    0.000414    0.115863 ^ clkbuf_1_1__f_clk/A (sky130_fd_sc_hd__clkbuf_16)
     4    0.012965    0.026492    0.079463    0.195327 ^ clkbuf_1_1__f_clk/X (sky130_fd_sc_hd__clkbuf_16)
                                                         clknet_1_1__leaf_clk (net)
                      0.026492    0.000315    0.195641 ^ _108_/CLK (sky130_fd_sc_hd__dfrtp_1)
     3    0.011092    0.080624    0.235864    0.431505 ^ _108_/Q (sky130_fd_sc_hd__dfrtp_1)
                                                         net13 (net)
                      0.080624    0.000220    0.431726 ^ _054_/A (sky130_fd_sc_hd__inv_2)
     4    0.011861    0.033238    0.033895    0.465620 v _054_/Y (sky130_fd_sc_hd__inv_2)
                                                         _008_ (net)
                      0.033248    0.000224    0.465844 v _063_/A (sky130_fd_sc_hd__nand2_1)
     1    0.003808    0.034089    0.042862    0.508706 ^ _063_/Y (sky130_fd_sc_hd__nand2_1)
                                                         _016_ (net)
                      0.034089    0.000124    0.508829 ^ _066_/A1 (sky130_fd_sc_hd__a21o_1)
     1    0.002432    0.023076    0.059764    0.568593 ^ _066_/X (sky130_fd_sc_hd__a21o_1)
                                                         _001_ (net)
                      0.023076    0.000068    0.568662 ^ _109_/D (sky130_fd_sc_hd__dfrtp_1)
                                              0.568662   data arrival time

                                  0.000000    0.000000   clock clk (rise edge)
                                  0.000000    0.000000   clock source latency
     1    0.011340    0.043063    0.028387    0.028387 ^ clk (in)
                                                         clk (net)
                      0.043065    0.000000    0.028387 ^ clkbuf_0_clk/A (sky130_fd_sc_hd__clkbuf_16)
     2    0.018735    0.030354    0.087062    0.115450 ^ clkbuf_0_clk/X (sky130_fd_sc_hd__clkbuf_16)
                                                         clknet_0_clk (net)
                      0.030356    0.000414    0.115863 ^ clkbuf_1_1__f_clk/A (sky130_fd_sc_hd__clkbuf_16)
     4    0.012965    0.026492    0.079463    0.195327 ^ clkbuf_1_1__f_clk/X (sky130_fd_sc_hd__clkbuf_16)
                                                         clknet_1_1__leaf_clk (net)
                      0.026492    0.000352    0.195679 ^ _109_/CLK (sky130_fd_sc_hd__dfrtp_1)
                                  0.250000    0.445679   clock uncertainty
                                  0.000000    0.445679   clock reconvergence pessimism
                                 -0.019311    0.426368   library hold time
                                              0.426368   data required time
---------------------------------------------------------------------------------------------
                                              0.426368   data required time
                                             -0.568662   data arrival time
---------------------------------------------------------------------------------------------
                                              0.142294   slack (MET)


Startpoint: _110_ (rising edge-triggered flip-flop clocked by clk)
Endpoint: _110_ (rising edge-triggered flip-flop clocked by clk)
Path Group: clk
Path Type: min

Fanout         Cap        Slew       Delay        Time   Description
---------------------------------------------------------------------------------------------
                                  0.000000    0.000000   clock clk (rise edge)
                                  0.000000    0.000000   clock source latency
     1    0.011340    0.043063    0.028387    0.028387 ^ clk (in)
                                                         clk (net)
                      0.043065    0.000000    0.028387 ^ clkbuf_0_clk/A (sky130_fd_sc_hd__clkbuf_16)
     2    0.018735    0.030354    0.087062    0.115450 ^ clkbuf_0_clk/X (sky130_fd_sc_hd__clkbuf_16)
                                                         clknet_0_clk (net)
                      0.030355    0.000323    0.115773 ^ clkbuf_1_0__f_clk/A (sky130_fd_sc_hd__clkbuf_16)
     5    0.015572    0.028214    0.081256    0.197029 ^ clkbuf_1_0__f_clk/X (sky130_fd_sc_hd__clkbuf_16)
                                                         clknet_1_0__leaf_clk (net)
                      0.028218    0.000334    0.197363 ^ _110_/CLK (sky130_fd_sc_hd__dfrtp_2)
     5    0.019299    0.078233    0.252488    0.449850 ^ _110_/Q (sky130_fd_sc_hd__dfrtp_2)
                                                         net15 (net)
                      0.078233    0.000349    0.450199 ^ _071_/B2 (sky130_fd_sc_hd__a22o_1)
     1    0.003342    0.033188    0.077754    0.527953 ^ _071_/X (sky130_fd_sc_hd__a22o_1)
                                                         _023_ (net)
                      0.033188    0.000100    0.528053 ^ _072_/B1 (sky130_fd_sc_hd__a31o_1)
     1    0.002820    0.027416    0.051347    0.579400 ^ _072_/X (sky130_fd_sc_hd__a31o_1)
                                                         _002_ (net)
                      0.027416    0.000081    0.579482 ^ _110_/D (sky130_fd_sc_hd__dfrtp_2)
                                              0.579482   data arrival time

                                  0.000000    0.000000   clock clk (rise edge)
                                  0.000000    0.000000   clock source latency
     1    0.011340    0.043063    0.028387    0.028387 ^ clk (in)
                                                         clk (net)
                      0.043065    0.000000    0.028387 ^ clkbuf_0_clk/A (sky130_fd_sc_hd__clkbuf_16)
     2    0.018735    0.030354    0.087062    0.115450 ^ clkbuf_0_clk/X (sky130_fd_sc_hd__clkbuf_16)
                                                         clknet_0_clk (net)
                      0.030355    0.000323    0.115773 ^ clkbuf_1_0__f_clk/A (sky130_fd_sc_hd__clkbuf_16)
     5    0.015572    0.028214    0.081256    0.197029 ^ clkbuf_1_0__f_clk/X (sky130_fd_sc_hd__clkbuf_16)
                                                         clknet_1_0__leaf_clk (net)
                      0.028218    0.000334    0.197363 ^ _110_/CLK (sky130_fd_sc_hd__dfrtp_2)
                                  0.250000    0.447363   clock uncertainty
                                  0.000000    0.447363   clock reconvergence pessimism
                                 -0.019552    0.427810   library hold time
                                              0.427810   data required time
---------------------------------------------------------------------------------------------
                                              0.427810   data required time
                                             -0.579482   data arrival time
---------------------------------------------------------------------------------------------
                                              0.151671   slack (MET)


Startpoint: _113_ (rising edge-triggered flip-flop clocked by clk)
Endpoint: _113_ (rising edge-triggered flip-flop clocked by clk)
Path Group: clk
Path Type: min

Fanout         Cap        Slew       Delay        Time   Description
---------------------------------------------------------------------------------------------
                                  0.000000    0.000000   clock clk (rise edge)
                                  0.000000    0.000000   clock source latency
     1    0.011340    0.043063    0.028387    0.028387 ^ clk (in)
                                                         clk (net)
                      0.043065    0.000000    0.028387 ^ clkbuf_0_clk/A (sky130_fd_sc_hd__clkbuf_16)
     2    0.018735    0.030354    0.087062    0.115450 ^ clkbuf_0_clk/X (sky130_fd_sc_hd__clkbuf_16)
                                                         clknet_0_clk (net)
                      0.030356    0.000414    0.115863 ^ clkbuf_1_1__f_clk/A (sky130_fd_sc_hd__clkbuf_16)
     4    0.012965    0.026492    0.079463    0.195327 ^ clkbuf_1_1__f_clk/X (sky130_fd_sc_hd__clkbuf_16)
                                                         clknet_1_1__leaf_clk (net)
                      0.026492    0.000315    0.195642 ^ _113_/CLK (sky130_fd_sc_hd__dfrtp_1)
     4    0.015738    0.110080    0.256770    0.452412 ^ _113_/Q (sky130_fd_sc_hd__dfrtp_1)
                                                         net18 (net)
                      0.110080    0.000297    0.452709 ^ _092_/B2 (sky130_fd_sc_hd__a22o_1)
     1    0.002737    0.029975    0.079050    0.531758 ^ _092_/X (sky130_fd_sc_hd__a22o_1)
                                                         _041_ (net)
                      0.029975    0.000054    0.531812 ^ _093_/B1 (sky130_fd_sc_hd__a31o_1)
     1    0.002290    0.023943    0.047980    0.579792 ^ _093_/X (sky130_fd_sc_hd__a31o_1)
                                                         _005_ (net)
                      0.023943    0.000065    0.579857 ^ _113_/D (sky130_fd_sc_hd__dfrtp_1)
                                              0.579857   data arrival time

                                  0.000000    0.000000   clock clk (rise edge)
                                  0.000000    0.000000   clock source latency
     1    0.011340    0.043063    0.028387    0.028387 ^ clk (in)
                                                         clk (net)
                      0.043065    0.000000    0.028387 ^ clkbuf_0_clk/A (sky130_fd_sc_hd__clkbuf_16)
     2    0.018735    0.030354    0.087062    0.115450 ^ clkbuf_0_clk/X (sky130_fd_sc_hd__clkbuf_16)
                                                         clknet_0_clk (net)
                      0.030356    0.000414    0.115863 ^ clkbuf_1_1__f_clk/A (sky130_fd_sc_hd__clkbuf_16)
     4    0.012965    0.026492    0.079463    0.195327 ^ clkbuf_1_1__f_clk/X (sky130_fd_sc_hd__clkbuf_16)
                                                         clknet_1_1__leaf_clk (net)
                      0.026492    0.000315    0.195642 ^ _113_/CLK (sky130_fd_sc_hd__dfrtp_1)
                                  0.250000    0.445642   clock uncertainty
                                  0.000000    0.445642   clock reconvergence pessimism
                                 -0.019377    0.426265   library hold time
                                              0.426265   data required time
---------------------------------------------------------------------------------------------
                                              0.426265   data required time
                                             -0.579857   data arrival time
---------------------------------------------------------------------------------------------
                                              0.153592   slack (MET)


Startpoint: _112_ (rising edge-triggered flip-flop clocked by clk)
Endpoint: _112_ (rising edge-triggered flip-flop clocked by clk)
Path Group: clk
Path Type: min

Fanout         Cap        Slew       Delay        Time   Description
---------------------------------------------------------------------------------------------
                                  0.000000    0.000000   clock clk (rise edge)
                                  0.000000    0.000000   clock source latency
     1    0.011340    0.043063    0.028387    0.028387 ^ clk (in)
                                                         clk (net)
                      0.043065    0.000000    0.028387 ^ clkbuf_0_clk/A (sky130_fd_sc_hd__clkbuf_16)
     2    0.018735    0.030354    0.087062    0.115450 ^ clkbuf_0_clk/X (sky130_fd_sc_hd__clkbuf_16)
                                                         clknet_0_clk (net)
                      0.030356    0.000414    0.115863 ^ clkbuf_1_1__f_clk/A (sky130_fd_sc_hd__clkbuf_16)
     4    0.012965    0.026492    0.079463    0.195327 ^ clkbuf_1_1__f_clk/X (sky130_fd_sc_hd__clkbuf_16)
                                                         clknet_1_1__leaf_clk (net)
                      0.026492    0.000267    0.195594 ^ _112_/CLK (sky130_fd_sc_hd__dfrtp_1)
     5    0.015611    0.109278    0.256200    0.451794 ^ _112_/Q (sky130_fd_sc_hd__dfrtp_1)
                                                         net17 (net)
                      0.109278    0.000344    0.452138 ^ _086_/B2 (sky130_fd_sc_hd__a22o_1)
     1    0.002760    0.030101    0.079061    0.531198 ^ _086_/X (sky130_fd_sc_hd__a22o_1)
                                                         _036_ (net)
                      0.030101    0.000054    0.531253 ^ _087_/B1 (sky130_fd_sc_hd__a31o_1)
     1    0.003032    0.028782    0.051802    0.583055 ^ _087_/X (sky130_fd_sc_hd__a31o_1)
                                                         _004_ (net)
                      0.028782    0.000091    0.583146 ^ _112_/D (sky130_fd_sc_hd__dfrtp_1)
                                              0.583146   data arrival time

                                  0.000000    0.000000   clock clk (rise edge)
                                  0.000000    0.000000   clock source latency
     1    0.011340    0.043063    0.028387    0.028387 ^ clk (in)
                                                         clk (net)
                      0.043065    0.000000    0.028387 ^ clkbuf_0_clk/A (sky130_fd_sc_hd__clkbuf_16)
     2    0.018735    0.030354    0.087062    0.115450 ^ clkbuf_0_clk/X (sky130_fd_sc_hd__clkbuf_16)
                                                         clknet_0_clk (net)
                      0.030356    0.000414    0.115863 ^ clkbuf_1_1__f_clk/A (sky130_fd_sc_hd__clkbuf_16)
     4    0.012965    0.026492    0.079463    0.195327 ^ clkbuf_1_1__f_clk/X (sky130_fd_sc_hd__clkbuf_16)
                                                         clknet_1_1__leaf_clk (net)
                      0.026492    0.000267    0.195594 ^ _112_/CLK (sky130_fd_sc_hd__dfrtp_1)
                                  0.250000    0.445594   clock uncertainty
                                  0.000000    0.445594   clock reconvergence pessimism
                                 -0.019743    0.425851   library hold time
                                              0.425851   data required time
---------------------------------------------------------------------------------------------
                                              0.425851   data required time
                                             -0.583146   data arrival time
---------------------------------------------------------------------------------------------
                                              0.157295   slack (MET)


Startpoint: _108_ (rising edge-triggered flip-flop clocked by clk)
Endpoint: _108_ (rising edge-triggered flip-flop clocked by clk)
Path Group: clk
Path Type: min

Fanout         Cap        Slew       Delay        Time   Description
---------------------------------------------------------------------------------------------
                                  0.000000    0.000000   clock clk (rise edge)
                                  0.000000    0.000000   clock source latency
     1    0.011340    0.043063    0.028387    0.028387 ^ clk (in)
                                                         clk (net)
                      0.043065    0.000000    0.028387 ^ clkbuf_0_clk/A (sky130_fd_sc_hd__clkbuf_16)
     2    0.018735    0.030354    0.087062    0.115450 ^ clkbuf_0_clk/X (sky130_fd_sc_hd__clkbuf_16)
                                                         clknet_0_clk (net)
                      0.030356    0.000414    0.115863 ^ clkbuf_1_1__f_clk/A (sky130_fd_sc_hd__clkbuf_16)
     4    0.012965    0.026492    0.079463    0.195327 ^ clkbuf_1_1__f_clk/X (sky130_fd_sc_hd__clkbuf_16)
                                                         clknet_1_1__leaf_clk (net)
                      0.026492    0.000315    0.195641 ^ _108_/CLK (sky130_fd_sc_hd__dfrtp_1)
     3    0.011092    0.080624    0.235864    0.431505 ^ _108_/Q (sky130_fd_sc_hd__dfrtp_1)
                                                         net13 (net)
                      0.080624    0.000220    0.431726 ^ _054_/A (sky130_fd_sc_hd__inv_2)
     4    0.011861    0.033238    0.033895    0.465620 v _054_/Y (sky130_fd_sc_hd__inv_2)
                                                         _008_ (net)
                      0.033247    0.000192    0.465812 v _059_/B2 (sky130_fd_sc_hd__a22o_1)
     1    0.002894    0.023390    0.092493    0.558305 v _059_/X (sky130_fd_sc_hd__a22o_1)
                                                         _013_ (net)
                      0.023390    0.000086    0.558391 v _060_/B1 (sky130_fd_sc_hd__a21oi_1)
     1    0.002584    0.044177    0.044870    0.603261 ^ _060_/Y (sky130_fd_sc_hd__a21oi_1)
                                                         _000_ (net)
                      0.044177    0.000073    0.603334 ^ _108_/D (sky130_fd_sc_hd__dfrtp_1)
                                              0.603334   data arrival time

                                  0.000000    0.000000   clock clk (rise edge)
                                  0.000000    0.000000   clock source latency
     1    0.011340    0.043063    0.028387    0.028387 ^ clk (in)
                                                         clk (net)
                      0.043065    0.000000    0.028387 ^ clkbuf_0_clk/A (sky130_fd_sc_hd__clkbuf_16)
     2    0.018735    0.030354    0.087062    0.115450 ^ clkbuf_0_clk/X (sky130_fd_sc_hd__clkbuf_16)
                                                         clknet_0_clk (net)
                      0.030356    0.000414    0.115863 ^ clkbuf_1_1__f_clk/A (sky130_fd_sc_hd__clkbuf_16)
     4    0.012965    0.026492    0.079463    0.195327 ^ clkbuf_1_1__f_clk/X (sky130_fd_sc_hd__clkbuf_16)
                                                         clknet_1_1__leaf_clk (net)
                      0.026492    0.000315    0.195641 ^ _108_/CLK (sky130_fd_sc_hd__dfrtp_1)
                                  0.250000    0.445641   clock uncertainty
                                  0.000000    0.445641   clock reconvergence pessimism
                                 -0.020909    0.424733   library hold time
                                              0.424733   data required time
---------------------------------------------------------------------------------------------
                                              0.424733   data required time
                                             -0.603334   data arrival time
---------------------------------------------------------------------------------------------
                                              0.178602   slack (MET)


Startpoint: resetn (input port clocked by clk)
Endpoint: _110_ (removal check against rising-edge clock clk)
Path Group: asynchronous
Path Type: min

Fanout         Cap        Slew       Delay        Time   Description
---------------------------------------------------------------------------------------------
                                  0.000000    0.000000   clock clk (rise edge)
                                  0.000000    0.000000   clock network delay (propagated)
                                  0.780000    0.780000 ^ input external delay
     1    0.003209    0.015385    0.008320    0.788320 ^ resetn (in)
                                                         resetn (net)
                      0.015385    0.000000    0.788320 ^ hold2/A (sky130_fd_sc_hd__dlygate4sd3_1)
     1    0.003031    0.038761    0.368673    1.156994 ^ hold2/X (sky130_fd_sc_hd__dlygate4sd3_1)
                                                         net23 (net)
                      0.038761    0.000092    1.157086 ^ input11/A (sky130_fd_sc_hd__buf_2)
     8    0.043123    0.159813    0.161038    1.318124 ^ input11/X (sky130_fd_sc_hd__buf_2)
                                                         net11 (net)
                      0.159819    0.000802    1.318926 ^ _110_/RESET_B (sky130_fd_sc_hd__dfrtp_2)
                                              1.318926   data arrival time

                                  0.000000    0.000000   clock clk (rise edge)
                                  0.000000    0.000000   clock source latency
     1    0.011340    0.043063    0.028387    0.028387 ^ clk (in)
                                                         clk (net)
                      0.043065    0.000000    0.028387 ^ clkbuf_0_clk/A (sky130_fd_sc_hd__clkbuf_16)
     2    0.018735    0.030354    0.087062    0.115450 ^ clkbuf_0_clk/X (sky130_fd_sc_hd__clkbuf_16)
                                                         clknet_0_clk (net)
                      0.030355    0.000323    0.115773 ^ clkbuf_1_0__f_clk/A (sky130_fd_sc_hd__clkbuf_16)
     5    0.015572    0.028214    0.081256    0.197029 ^ clkbuf_1_0__f_clk/X (sky130_fd_sc_hd__clkbuf_16)
                                                         clknet_1_0__leaf_clk (net)
                      0.028218    0.000334    0.197363 ^ _110_/CLK (sky130_fd_sc_hd__dfrtp_2)
                                  0.250000    0.447363   clock uncertainty
                                  0.000000    0.447363   clock reconvergence pessimism
                                  0.230250    0.677612   library removal time
                                              0.677612   data required time
---------------------------------------------------------------------------------------------
                                              0.677612   data required time
                                             -1.318926   data arrival time
---------------------------------------------------------------------------------------------
                                              0.641313   slack (MET)


Startpoint: resetn (input port clocked by clk)
Endpoint: _114_ (removal check against rising-edge clock clk)
Path Group: asynchronous
Path Type: min

Fanout         Cap        Slew       Delay        Time   Description
---------------------------------------------------------------------------------------------
                                  0.000000    0.000000   clock clk (rise edge)
                                  0.000000    0.000000   clock network delay (propagated)
                                  0.780000    0.780000 ^ input external delay
     1    0.003209    0.015385    0.008320    0.788320 ^ resetn (in)
                                                         resetn (net)
                      0.015385    0.000000    0.788320 ^ hold2/A (sky130_fd_sc_hd__dlygate4sd3_1)
     1    0.003031    0.038761    0.368673    1.156994 ^ hold2/X (sky130_fd_sc_hd__dlygate4sd3_1)
                                                         net23 (net)
                      0.038761    0.000092    1.157086 ^ input11/A (sky130_fd_sc_hd__buf_2)
     8    0.043123    0.159813    0.161038    1.318124 ^ input11/X (sky130_fd_sc_hd__buf_2)
                                                         net11 (net)
                      0.159833    0.001500    1.319624 ^ _114_/RESET_B (sky130_fd_sc_hd__dfrtp_1)
                                              1.319624   data arrival time

                                  0.000000    0.000000   clock clk (rise edge)
                                  0.000000    0.000000   clock source latency
     1    0.011340    0.043063    0.028387    0.028387 ^ clk (in)
                                                         clk (net)
                      0.043065    0.000000    0.028387 ^ clkbuf_0_clk/A (sky130_fd_sc_hd__clkbuf_16)
     2    0.018735    0.030354    0.087062    0.115450 ^ clkbuf_0_clk/X (sky130_fd_sc_hd__clkbuf_16)
                                                         clknet_0_clk (net)
                      0.030355    0.000323    0.115773 ^ clkbuf_1_0__f_clk/A (sky130_fd_sc_hd__clkbuf_16)
     5    0.015572    0.028214    0.081256    0.197029 ^ clkbuf_1_0__f_clk/X (sky130_fd_sc_hd__clkbuf_16)
                                                         clknet_1_0__leaf_clk (net)
                      0.028217    0.000309    0.197338 ^ _114_/CLK (sky130_fd_sc_hd__dfrtp_1)
                                  0.250000    0.447338   clock uncertainty
                                  0.000000    0.447338   clock reconvergence pessimism
                                  0.230254    0.677592   library removal time
                                              0.677592   data required time
---------------------------------------------------------------------------------------------
                                              0.677592   data required time
                                             -1.319624   data arrival time
---------------------------------------------------------------------------------------------
                                              0.642032   slack (MET)


Startpoint: resetn (input port clocked by clk)
Endpoint: _115_ (removal check against rising-edge clock clk)
Path Group: asynchronous
Path Type: min

Fanout         Cap        Slew       Delay        Time   Description
---------------------------------------------------------------------------------------------
                                  0.000000    0.000000   clock clk (rise edge)
                                  0.000000    0.000000   clock network delay (propagated)
                                  0.780000    0.780000 ^ input external delay
     1    0.003209    0.015385    0.008320    0.788320 ^ resetn (in)
                                                         resetn (net)
                      0.015385    0.000000    0.788320 ^ hold2/A (sky130_fd_sc_hd__dlygate4sd3_1)
     1    0.003031    0.038761    0.368673    1.156994 ^ hold2/X (sky130_fd_sc_hd__dlygate4sd3_1)
                                                         net23 (net)
                      0.038761    0.000092    1.157086 ^ input11/A (sky130_fd_sc_hd__buf_2)
     8    0.043123    0.159813    0.161038    1.318124 ^ input11/X (sky130_fd_sc_hd__buf_2)
                                                         net11 (net)
                      0.159840    0.001737    1.319860 ^ _115_/RESET_B (sky130_fd_sc_hd__dfrtp_1)
                                              1.319860   data arrival time

                                  0.000000    0.000000   clock clk (rise edge)
                                  0.000000    0.000000   clock source latency
     1    0.011340    0.043063    0.028387    0.028387 ^ clk (in)
                                                         clk (net)
                      0.043065    0.000000    0.028387 ^ clkbuf_0_clk/A (sky130_fd_sc_hd__clkbuf_16)
     2    0.018735    0.030354    0.087062    0.115450 ^ clkbuf_0_clk/X (sky130_fd_sc_hd__clkbuf_16)
                                                         clknet_0_clk (net)
                      0.030355    0.000323    0.115773 ^ clkbuf_1_0__f_clk/A (sky130_fd_sc_hd__clkbuf_16)
     5    0.015572    0.028214    0.081256    0.197029 ^ clkbuf_1_0__f_clk/X (sky130_fd_sc_hd__clkbuf_16)
                                                         clknet_1_0__leaf_clk (net)
                      0.028217    0.000301    0.197330 ^ _115_/CLK (sky130_fd_sc_hd__dfrtp_1)
                                  0.250000    0.447330   clock uncertainty
                                  0.000000    0.447330   clock reconvergence pessimism
                                  0.230255    0.677586   library removal time
                                              0.677586   data required time
---------------------------------------------------------------------------------------------
                                              0.677586   data required time
                                             -1.319860   data arrival time
---------------------------------------------------------------------------------------------
                                              0.642275   slack (MET)


Startpoint: resetn (input port clocked by clk)
Endpoint: _111_ (removal check against rising-edge clock clk)
Path Group: asynchronous
Path Type: min

Fanout         Cap        Slew       Delay        Time   Description
---------------------------------------------------------------------------------------------
                                  0.000000    0.000000   clock clk (rise edge)
                                  0.000000    0.000000   clock network delay (propagated)
                                  0.780000    0.780000 ^ input external delay
     1    0.003209    0.015385    0.008320    0.788320 ^ resetn (in)
                                                         resetn (net)
                      0.015385    0.000000    0.788320 ^ hold2/A (sky130_fd_sc_hd__dlygate4sd3_1)
     1    0.003031    0.038761    0.368673    1.156994 ^ hold2/X (sky130_fd_sc_hd__dlygate4sd3_1)
                                                         net23 (net)
                      0.038761    0.000092    1.157086 ^ input11/A (sky130_fd_sc_hd__buf_2)
     8    0.043123    0.159813    0.161038    1.318124 ^ input11/X (sky130_fd_sc_hd__buf_2)
                                                         net11 (net)
                      0.159838    0.001659    1.319782 ^ _111_/RESET_B (sky130_fd_sc_hd__dfrtp_1)
                                              1.319782   data arrival time

                                  0.000000    0.000000   clock clk (rise edge)
                                  0.000000    0.000000   clock source latency
     1    0.011340    0.043063    0.028387    0.028387 ^ clk (in)
                                                         clk (net)
                      0.043065    0.000000    0.028387 ^ clkbuf_0_clk/A (sky130_fd_sc_hd__clkbuf_16)
     2    0.018735    0.030354    0.087062    0.115450 ^ clkbuf_0_clk/X (sky130_fd_sc_hd__clkbuf_16)
                                                         clknet_0_clk (net)
                      0.030355    0.000323    0.115773 ^ clkbuf_1_0__f_clk/A (sky130_fd_sc_hd__clkbuf_16)
     5    0.015572    0.028214    0.081256    0.197029 ^ clkbuf_1_0__f_clk/X (sky130_fd_sc_hd__clkbuf_16)
                                                         clknet_1_0__leaf_clk (net)
                      0.028214    0.000217    0.197245 ^ _111_/CLK (sky130_fd_sc_hd__dfrtp_1)
                                  0.250000    0.447245   clock uncertainty
                                  0.000000    0.447245   clock reconvergence pessimism
                                  0.230254    0.677500   library removal time
                                              0.677500   data required time
---------------------------------------------------------------------------------------------
                                              0.677500   data required time
                                             -1.319782   data arrival time
---------------------------------------------------------------------------------------------
                                              0.642283   slack (MET)


Startpoint: resetn (input port clocked by clk)
Endpoint: _108_ (removal check against rising-edge clock clk)
Path Group: asynchronous
Path Type: min

Fanout         Cap        Slew       Delay        Time   Description
---------------------------------------------------------------------------------------------
                                  0.000000    0.000000   clock clk (rise edge)
                                  0.000000    0.000000   clock network delay (propagated)
                                  0.780000    0.780000 ^ input external delay
     1    0.003209    0.015385    0.008320    0.788320 ^ resetn (in)
                                                         resetn (net)
                      0.015385    0.000000    0.788320 ^ hold2/A (sky130_fd_sc_hd__dlygate4sd3_1)
     1    0.003031    0.038761    0.368673    1.156994 ^ hold2/X (sky130_fd_sc_hd__dlygate4sd3_1)
                                                         net23 (net)
                      0.038761    0.000092    1.157086 ^ input11/A (sky130_fd_sc_hd__buf_2)
     8    0.043123    0.159813    0.161038    1.318124 ^ input11/X (sky130_fd_sc_hd__buf_2)
                                                         net11 (net)
                      0.159818    0.000710    1.318834 ^ _108_/RESET_B (sky130_fd_sc_hd__dfrtp_1)
                                              1.318834   data arrival time

                                  0.000000    0.000000   clock clk (rise edge)
                                  0.000000    0.000000   clock source latency
     1    0.011340    0.043063    0.028387    0.028387 ^ clk (in)
                                                         clk (net)
                      0.043065    0.000000    0.028387 ^ clkbuf_0_clk/A (sky130_fd_sc_hd__clkbuf_16)
     2    0.018735    0.030354    0.087062    0.115450 ^ clkbuf_0_clk/X (sky130_fd_sc_hd__clkbuf_16)
                                                         clknet_0_clk (net)
                      0.030356    0.000414    0.115863 ^ clkbuf_1_1__f_clk/A (sky130_fd_sc_hd__clkbuf_16)
     4    0.012965    0.026492    0.079463    0.195327 ^ clkbuf_1_1__f_clk/X (sky130_fd_sc_hd__clkbuf_16)
                                                         clknet_1_1__leaf_clk (net)
                      0.026492    0.000315    0.195641 ^ _108_/CLK (sky130_fd_sc_hd__dfrtp_1)
                                  0.250000    0.445641   clock uncertainty
                                  0.000000    0.445641   clock reconvergence pessimism
                                  0.230015    0.675656   library removal time
                                              0.675656   data required time
---------------------------------------------------------------------------------------------
                                              0.675656   data required time
                                             -1.318834   data arrival time
---------------------------------------------------------------------------------------------
                                              0.643178   slack (MET)


Startpoint: resetn (input port clocked by clk)
Endpoint: _109_ (removal check against rising-edge clock clk)
Path Group: asynchronous
Path Type: min

Fanout         Cap        Slew       Delay        Time   Description
---------------------------------------------------------------------------------------------
                                  0.000000    0.000000   clock clk (rise edge)
                                  0.000000    0.000000   clock network delay (propagated)
                                  0.780000    0.780000 ^ input external delay
     1    0.003209    0.015385    0.008320    0.788320 ^ resetn (in)
                                                         resetn (net)
                      0.015385    0.000000    0.788320 ^ hold2/A (sky130_fd_sc_hd__dlygate4sd3_1)
     1    0.003031    0.038761    0.368673    1.156994 ^ hold2/X (sky130_fd_sc_hd__dlygate4sd3_1)
                                                         net23 (net)
                      0.038761    0.000092    1.157086 ^ input11/A (sky130_fd_sc_hd__buf_2)
     8    0.043123    0.159813    0.161038    1.318124 ^ input11/X (sky130_fd_sc_hd__buf_2)
                                                         net11 (net)
                      0.159819    0.000789    1.318913 ^ _109_/RESET_B (sky130_fd_sc_hd__dfrtp_1)
                                              1.318913   data arrival time

                                  0.000000    0.000000   clock clk (rise edge)
                                  0.000000    0.000000   clock source latency
     1    0.011340    0.043063    0.028387    0.028387 ^ clk (in)
                                                         clk (net)
                      0.043065    0.000000    0.028387 ^ clkbuf_0_clk/A (sky130_fd_sc_hd__clkbuf_16)
     2    0.018735    0.030354    0.087062    0.115450 ^ clkbuf_0_clk/X (sky130_fd_sc_hd__clkbuf_16)
                                                         clknet_0_clk (net)
                      0.030356    0.000414    0.115863 ^ clkbuf_1_1__f_clk/A (sky130_fd_sc_hd__clkbuf_16)
     4    0.012965    0.026492    0.079463    0.195327 ^ clkbuf_1_1__f_clk/X (sky130_fd_sc_hd__clkbuf_16)
                                                         clknet_1_1__leaf_clk (net)
                      0.026492    0.000352    0.195679 ^ _109_/CLK (sky130_fd_sc_hd__dfrtp_1)
                                  0.250000    0.445679   clock uncertainty
                                  0.000000    0.445679   clock reconvergence pessimism
                                  0.230015    0.675694   library removal time
                                              0.675694   data required time
---------------------------------------------------------------------------------------------
                                              0.675694   data required time
                                             -1.318913   data arrival time
---------------------------------------------------------------------------------------------
                                              0.643218   slack (MET)


Startpoint: resetn (input port clocked by clk)
Endpoint: _112_ (removal check against rising-edge clock clk)
Path Group: asynchronous
Path Type: min

Fanout         Cap        Slew       Delay        Time   Description
---------------------------------------------------------------------------------------------
                                  0.000000    0.000000   clock clk (rise edge)
                                  0.000000    0.000000   clock network delay (propagated)
                                  0.780000    0.780000 ^ input external delay
     1    0.003209    0.015385    0.008320    0.788320 ^ resetn (in)
                                                         resetn (net)
                      0.015385    0.000000    0.788320 ^ hold2/A (sky130_fd_sc_hd__dlygate4sd3_1)
     1    0.003031    0.038761    0.368673    1.156994 ^ hold2/X (sky130_fd_sc_hd__dlygate4sd3_1)
                                                         net23 (net)
                      0.038761    0.000092    1.157086 ^ input11/A (sky130_fd_sc_hd__buf_2)
     8    0.043123    0.159813    0.161038    1.318124 ^ input11/X (sky130_fd_sc_hd__buf_2)
                                                         net11 (net)
                      0.159819    0.000841    1.318965 ^ _112_/RESET_B (sky130_fd_sc_hd__dfrtp_1)
                                              1.318965   data arrival time

                                  0.000000    0.000000   clock clk (rise edge)
                                  0.000000    0.000000   clock source latency
     1    0.011340    0.043063    0.028387    0.028387 ^ clk (in)
                                                         clk (net)
                      0.043065    0.000000    0.028387 ^ clkbuf_0_clk/A (sky130_fd_sc_hd__clkbuf_16)
     2    0.018735    0.030354    0.087062    0.115450 ^ clkbuf_0_clk/X (sky130_fd_sc_hd__clkbuf_16)
                                                         clknet_0_clk (net)
                      0.030356    0.000414    0.115863 ^ clkbuf_1_1__f_clk/A (sky130_fd_sc_hd__clkbuf_16)
     4    0.012965    0.026492    0.079463    0.195327 ^ clkbuf_1_1__f_clk/X (sky130_fd_sc_hd__clkbuf_16)
                                                         clknet_1_1__leaf_clk (net)
                      0.026492    0.000267    0.195594 ^ _112_/CLK (sky130_fd_sc_hd__dfrtp_1)
                                  0.250000    0.445594   clock uncertainty
                                  0.000000    0.445594   clock reconvergence pessimism
                                  0.230015    0.675609   library removal time
                                              0.675609   data required time
---------------------------------------------------------------------------------------------
                                              0.675609   data required time
                                             -1.318965   data arrival time
---------------------------------------------------------------------------------------------
                                              0.643356   slack (MET)


Startpoint: resetn (input port clocked by clk)
Endpoint: _113_ (removal check against rising-edge clock clk)
Path Group: asynchronous
Path Type: min

Fanout         Cap        Slew       Delay        Time   Description
---------------------------------------------------------------------------------------------
                                  0.000000    0.000000   clock clk (rise edge)
                                  0.000000    0.000000   clock network delay (propagated)
                                  0.780000    0.780000 ^ input external delay
     1    0.003209    0.015385    0.008320    0.788320 ^ resetn (in)
                                                         resetn (net)
                      0.015385    0.000000    0.788320 ^ hold2/A (sky130_fd_sc_hd__dlygate4sd3_1)
     1    0.003031    0.038761    0.368673    1.156994 ^ hold2/X (sky130_fd_sc_hd__dlygate4sd3_1)
                                                         net23 (net)
                      0.038761    0.000092    1.157086 ^ input11/A (sky130_fd_sc_hd__buf_2)
     8    0.043123    0.159813    0.161038    1.318124 ^ input11/X (sky130_fd_sc_hd__buf_2)
                                                         net11 (net)
                      0.159827    0.001248    1.319372 ^ _113_/RESET_B (sky130_fd_sc_hd__dfrtp_1)
                                              1.319372   data arrival time

                                  0.000000    0.000000   clock clk (rise edge)
                                  0.000000    0.000000   clock source latency
     1    0.011340    0.043063    0.028387    0.028387 ^ clk (in)
                                                         clk (net)
                      0.043065    0.000000    0.028387 ^ clkbuf_0_clk/A (sky130_fd_sc_hd__clkbuf_16)
     2    0.018735    0.030354    0.087062    0.115450 ^ clkbuf_0_clk/X (sky130_fd_sc_hd__clkbuf_16)
                                                         clknet_0_clk (net)
                      0.030356    0.000414    0.115863 ^ clkbuf_1_1__f_clk/A (sky130_fd_sc_hd__clkbuf_16)
     4    0.012965    0.026492    0.079463    0.195327 ^ clkbuf_1_1__f_clk/X (sky130_fd_sc_hd__clkbuf_16)
                                                         clknet_1_1__leaf_clk (net)
                      0.026492    0.000315    0.195642 ^ _113_/CLK (sky130_fd_sc_hd__dfrtp_1)
                                  0.250000    0.445642   clock uncertainty
                                  0.000000    0.445642   clock reconvergence pessimism
                                  0.230017    0.675659   library removal time
                                              0.675659   data required time
---------------------------------------------------------------------------------------------
                                              0.675659   data required time
                                             -1.319372   data arrival time
---------------------------------------------------------------------------------------------
                                              0.643712   slack (MET)


Startpoint: _115_ (rising edge-triggered flip-flop clocked by clk)
Endpoint: count[7] (output port clocked by clk)
Path Group: clk
Path Type: min

Fanout         Cap        Slew       Delay        Time   Description
---------------------------------------------------------------------------------------------
                                  0.000000    0.000000   clock clk (rise edge)
                                  0.000000    0.000000   clock source latency
     1    0.011340    0.043063    0.028387    0.028387 ^ clk (in)
                                                         clk (net)
                      0.043065    0.000000    0.028387 ^ clkbuf_0_clk/A (sky130_fd_sc_hd__clkbuf_16)
     2    0.018735    0.030354    0.087062    0.115450 ^ clkbuf_0_clk/X (sky130_fd_sc_hd__clkbuf_16)
                                                         clknet_0_clk (net)
                      0.030355    0.000323    0.115773 ^ clkbuf_1_0__f_clk/A (sky130_fd_sc_hd__clkbuf_16)
     5    0.015572    0.028214    0.081256    0.197029 ^ clkbuf_1_0__f_clk/X (sky130_fd_sc_hd__clkbuf_16)
                                                         clknet_1_0__leaf_clk (net)
                      0.028217    0.000301    0.197330 ^ _115_/CLK (sky130_fd_sc_hd__dfrtp_1)
     3    0.009761    0.050960    0.246111    0.443441 v _115_/Q (sky130_fd_sc_hd__dfrtp_1)
                                                         net20 (net)
                      0.050960    0.000248    0.443690 v output20/A (sky130_fd_sc_hd__buf_2)
     1    0.033987    0.062352    0.125277    0.568966 v output20/X (sky130_fd_sc_hd__buf_2)
                                                         count[7] (net)
                      0.062358    0.000623    0.569590 v count[7] (out)
                                              0.569590   data arrival time

                                  0.000000    0.000000   clock clk (rise edge)
                                  0.000000    0.000000   clock network delay (propagated)
                                  0.250000    0.250000   clock uncertainty
                                  0.000000    0.250000   clock reconvergence pessimism
                                 -0.780000   -0.530000   output external delay
                                             -0.530000   data required time
---------------------------------------------------------------------------------------------
                                             -0.530000   data required time
                                             -0.569590   data arrival time
---------------------------------------------------------------------------------------------
                                              1.099590   slack (MET)


Startpoint: _108_ (rising edge-triggered flip-flop clocked by clk)
Endpoint: count[0] (output port clocked by clk)
Path Group: clk
Path Type: min

Fanout         Cap        Slew       Delay        Time   Description
---------------------------------------------------------------------------------------------
                                  0.000000    0.000000   clock clk (rise edge)
                                  0.000000    0.000000   clock source latency
     1    0.011340    0.043063    0.028387    0.028387 ^ clk (in)
                                                         clk (net)
                      0.043065    0.000000    0.028387 ^ clkbuf_0_clk/A (sky130_fd_sc_hd__clkbuf_16)
     2    0.018735    0.030354    0.087062    0.115450 ^ clkbuf_0_clk/X (sky130_fd_sc_hd__clkbuf_16)
                                                         clknet_0_clk (net)
                      0.030356    0.000414    0.115863 ^ clkbuf_1_1__f_clk/A (sky130_fd_sc_hd__clkbuf_16)
     4    0.012965    0.026492    0.079463    0.195327 ^ clkbuf_1_1__f_clk/X (sky130_fd_sc_hd__clkbuf_16)
                                                         clknet_1_1__leaf_clk (net)
                      0.026492    0.000315    0.195641 ^ _108_/CLK (sky130_fd_sc_hd__dfrtp_1)
     3    0.010396    0.051635    0.247977    0.443619 v _108_/Q (sky130_fd_sc_hd__dfrtp_1)
                                                         net13 (net)
                      0.051635    0.000167    0.443786 v output13/A (sky130_fd_sc_hd__buf_2)
     1    0.034306    0.062834    0.125939    0.569724 v output13/X (sky130_fd_sc_hd__buf_2)
                                                         count[0] (net)
                      0.062840    0.000646    0.570370 v count[0] (out)
                                              0.570370   data arrival time

                                  0.000000    0.000000   clock clk (rise edge)
                                  0.000000    0.000000   clock network delay (propagated)
                                  0.250000    0.250000   clock uncertainty
                                  0.000000    0.250000   clock reconvergence pessimism
                                 -0.780000   -0.530000   output external delay
                                             -0.530000   data required time
---------------------------------------------------------------------------------------------
                                             -0.530000   data required time
                                             -0.570370   data arrival time
---------------------------------------------------------------------------------------------
                                              1.100370   slack (MET)


Startpoint: _114_ (rising edge-triggered flip-flop clocked by clk)
Endpoint: count[6] (output port clocked by clk)
Path Group: clk
Path Type: min

Fanout         Cap        Slew       Delay        Time   Description
---------------------------------------------------------------------------------------------
                                  0.000000    0.000000   clock clk (rise edge)
                                  0.000000    0.000000   clock source latency
     1    0.011340    0.043063    0.028387    0.028387 ^ clk (in)
                                                         clk (net)
                      0.043065    0.000000    0.028387 ^ clkbuf_0_clk/A (sky130_fd_sc_hd__clkbuf_16)
     2    0.018735    0.030354    0.087062    0.115450 ^ clkbuf_0_clk/X (sky130_fd_sc_hd__clkbuf_16)
                                                         clknet_0_clk (net)
                      0.030355    0.000323    0.115773 ^ clkbuf_1_0__f_clk/A (sky130_fd_sc_hd__clkbuf_16)
     5    0.015572    0.028214    0.081256    0.197029 ^ clkbuf_1_0__f_clk/X (sky130_fd_sc_hd__clkbuf_16)
                                                         clknet_1_0__leaf_clk (net)
                      0.028217    0.000309    0.197338 ^ _114_/CLK (sky130_fd_sc_hd__dfrtp_1)
     4    0.010994    0.080011    0.235937    0.433275 ^ _114_/Q (sky130_fd_sc_hd__dfrtp_1)
                                                         net19 (net)
                      0.080011    0.000233    0.433508 ^ output19/A (sky130_fd_sc_hd__clkbuf_4)
     1    0.034404    0.084723    0.139751    0.573259 ^ output19/X (sky130_fd_sc_hd__clkbuf_4)
                                                         count[6] (net)
                      0.084729    0.000796    0.574054 ^ count[6] (out)
                                              0.574054   data arrival time

                                  0.000000    0.000000   clock clk (rise edge)
                                  0.000000    0.000000   clock network delay (propagated)
                                  0.250000    0.250000   clock uncertainty
                                  0.000000    0.250000   clock reconvergence pessimism
                                 -0.780000   -0.530000   output external delay
                                             -0.530000   data required time
---------------------------------------------------------------------------------------------
                                             -0.530000   data required time
                                             -0.574054   data arrival time
---------------------------------------------------------------------------------------------
                                              1.104054   slack (MET)


Startpoint: _109_ (rising edge-triggered flip-flop clocked by clk)
Endpoint: count[1] (output port clocked by clk)
Path Group: clk
Path Type: min

Fanout         Cap        Slew       Delay        Time   Description
---------------------------------------------------------------------------------------------
                                  0.000000    0.000000   clock clk (rise edge)
                                  0.000000    0.000000   clock source latency
     1    0.011340    0.043063    0.028387    0.028387 ^ clk (in)
                                                         clk (net)
                      0.043065    0.000000    0.028387 ^ clkbuf_0_clk/A (sky130_fd_sc_hd__clkbuf_16)
     2    0.018735    0.030354    0.087062    0.115450 ^ clkbuf_0_clk/X (sky130_fd_sc_hd__clkbuf_16)
                                                         clknet_0_clk (net)
                      0.030356    0.000414    0.115863 ^ clkbuf_1_1__f_clk/A (sky130_fd_sc_hd__clkbuf_16)
     4    0.012965    0.026492    0.079463    0.195327 ^ clkbuf_1_1__f_clk/X (sky130_fd_sc_hd__clkbuf_16)
                                                         clknet_1_1__leaf_clk (net)
                      0.026492    0.000352    0.195679 ^ _109_/CLK (sky130_fd_sc_hd__dfrtp_1)
     4    0.014141    0.062207    0.258457    0.454136 v _109_/Q (sky130_fd_sc_hd__dfrtp_1)
                                                         net14 (net)
                      0.062207    0.000291    0.454427 v output14/A (sky130_fd_sc_hd__buf_2)
     1    0.035224    0.064325    0.131183    0.585609 v output14/X (sky130_fd_sc_hd__buf_2)
                                                         count[1] (net)
                      0.064340    0.000931    0.586541 v count[1] (out)
                                              0.586541   data arrival time

                                  0.000000    0.000000   clock clk (rise edge)
                                  0.000000    0.000000   clock network delay (propagated)
                                  0.250000    0.250000   clock uncertainty
                                  0.000000    0.250000   clock reconvergence pessimism
                                 -0.780000   -0.530000   output external delay
                                             -0.530000   data required time
---------------------------------------------------------------------------------------------
                                             -0.530000   data required time
                                             -0.586541   data arrival time
---------------------------------------------------------------------------------------------
                                              1.116540   slack (MET)


Startpoint: _112_ (rising edge-triggered flip-flop clocked by clk)
Endpoint: count[4] (output port clocked by clk)
Path Group: clk
Path Type: min

Fanout         Cap        Slew       Delay        Time   Description
---------------------------------------------------------------------------------------------
                                  0.000000    0.000000   clock clk (rise edge)
                                  0.000000    0.000000   clock source latency
     1    0.011340    0.043063    0.028387    0.028387 ^ clk (in)
                                                         clk (net)
                      0.043065    0.000000    0.028387 ^ clkbuf_0_clk/A (sky130_fd_sc_hd__clkbuf_16)
     2    0.018735    0.030354    0.087062    0.115450 ^ clkbuf_0_clk/X (sky130_fd_sc_hd__clkbuf_16)
                                                         clknet_0_clk (net)
                      0.030356    0.000414    0.115863 ^ clkbuf_1_1__f_clk/A (sky130_fd_sc_hd__clkbuf_16)
     4    0.012965    0.026492    0.079463    0.195327 ^ clkbuf_1_1__f_clk/X (sky130_fd_sc_hd__clkbuf_16)
                                                         clknet_1_1__leaf_clk (net)
                      0.026492    0.000267    0.195594 ^ _112_/CLK (sky130_fd_sc_hd__dfrtp_1)
     5    0.014666    0.063787    0.259836    0.455430 v _112_/Q (sky130_fd_sc_hd__dfrtp_1)
                                                         net17 (net)
                      0.063787    0.000340    0.455769 v output17/A (sky130_fd_sc_hd__buf_2)
     1    0.033912    0.062268    0.130389    0.586158 v output17/X (sky130_fd_sc_hd__buf_2)
                                                         count[4] (net)
                      0.062274    0.000611    0.586769 v count[4] (out)
                                              0.586769   data arrival time

                                  0.000000    0.000000   clock clk (rise edge)
                                  0.000000    0.000000   clock network delay (propagated)
                                  0.250000    0.250000   clock uncertainty
                                  0.000000    0.250000   clock reconvergence pessimism
                                 -0.780000   -0.530000   output external delay
                                             -0.530000   data required time
---------------------------------------------------------------------------------------------
                                             -0.530000   data required time
                                             -0.586769   data arrival time
---------------------------------------------------------------------------------------------
                                              1.116769   slack (MET)


Startpoint: _113_ (rising edge-triggered flip-flop clocked by clk)
Endpoint: count[5] (output port clocked by clk)
Path Group: clk
Path Type: min

Fanout         Cap        Slew       Delay        Time   Description
---------------------------------------------------------------------------------------------
                                  0.000000    0.000000   clock clk (rise edge)
                                  0.000000    0.000000   clock source latency
     1    0.011340    0.043063    0.028387    0.028387 ^ clk (in)
                                                         clk (net)
                      0.043065    0.000000    0.028387 ^ clkbuf_0_clk/A (sky130_fd_sc_hd__clkbuf_16)
     2    0.018735    0.030354    0.087062    0.115450 ^ clkbuf_0_clk/X (sky130_fd_sc_hd__clkbuf_16)
                                                         clknet_0_clk (net)
                      0.030356    0.000414    0.115863 ^ clkbuf_1_1__f_clk/A (sky130_fd_sc_hd__clkbuf_16)
     4    0.012965    0.026492    0.079463    0.195327 ^ clkbuf_1_1__f_clk/X (sky130_fd_sc_hd__clkbuf_16)
                                                         clknet_1_1__leaf_clk (net)
                      0.026492    0.000315    0.195642 ^ _113_/CLK (sky130_fd_sc_hd__dfrtp_1)
     4    0.014753    0.064045    0.260067    0.455709 v _113_/Q (sky130_fd_sc_hd__dfrtp_1)
                                                         net18 (net)
                      0.064045    0.000256    0.455965 v output18/A (sky130_fd_sc_hd__buf_2)
     1    0.033975    0.062370    0.130559    0.586524 v output18/X (sky130_fd_sc_hd__buf_2)
                                                         count[5] (net)
                      0.062376    0.000632    0.587156 v count[5] (out)
                                              0.587156   data arrival time

                                  0.000000    0.000000   clock clk (rise edge)
                                  0.000000    0.000000   clock network delay (propagated)
                                  0.250000    0.250000   clock uncertainty
                                  0.000000    0.250000   clock reconvergence pessimism
                                 -0.780000   -0.530000   output external delay
                                             -0.530000   data required time
---------------------------------------------------------------------------------------------
                                             -0.530000   data required time
                                             -0.587156   data arrival time
---------------------------------------------------------------------------------------------
                                              1.117156   slack (MET)


Startpoint: _111_ (rising edge-triggered flip-flop clocked by clk)
Endpoint: count[3] (output port clocked by clk)
Path Group: clk
Path Type: min

Fanout         Cap        Slew       Delay        Time   Description
---------------------------------------------------------------------------------------------
                                  0.000000    0.000000   clock clk (rise edge)
                                  0.000000    0.000000   clock source latency
     1    0.011340    0.043063    0.028387    0.028387 ^ clk (in)
                                                         clk (net)
                      0.043065    0.000000    0.028387 ^ clkbuf_0_clk/A (sky130_fd_sc_hd__clkbuf_16)
     2    0.018735    0.030354    0.087062    0.115450 ^ clkbuf_0_clk/X (sky130_fd_sc_hd__clkbuf_16)
                                                         clknet_0_clk (net)
                      0.030355    0.000323    0.115773 ^ clkbuf_1_0__f_clk/A (sky130_fd_sc_hd__clkbuf_16)
     5    0.015572    0.028214    0.081256    0.197029 ^ clkbuf_1_0__f_clk/X (sky130_fd_sc_hd__clkbuf_16)
                                                         clknet_1_0__leaf_clk (net)
                      0.028214    0.000217    0.197245 ^ _111_/CLK (sky130_fd_sc_hd__dfrtp_1)
     4    0.015382    0.065919    0.262280    0.459526 v _111_/Q (sky130_fd_sc_hd__dfrtp_1)
                                                         net16 (net)
                      0.065919    0.000335    0.459861 v output16/A (sky130_fd_sc_hd__buf_2)
     1    0.034256    0.062817    0.131627    0.591488 v output16/X (sky130_fd_sc_hd__buf_2)
                                                         count[3] (net)
                      0.062825    0.000700    0.592188 v count[3] (out)
                                              0.592188   data arrival time

                                  0.000000    0.000000   clock clk (rise edge)
                                  0.000000    0.000000   clock network delay (propagated)
                                  0.250000    0.250000   clock uncertainty
                                  0.000000    0.250000   clock reconvergence pessimism
                                 -0.780000   -0.530000   output external delay
                                             -0.530000   data required time
---------------------------------------------------------------------------------------------
                                             -0.530000   data required time
                                             -0.592188   data arrival time
---------------------------------------------------------------------------------------------
                                              1.122188   slack (MET)


Startpoint: _110_ (rising edge-triggered flip-flop clocked by clk)
Endpoint: count[2] (output port clocked by clk)
Path Group: clk
Path Type: min

Fanout         Cap        Slew       Delay        Time   Description
---------------------------------------------------------------------------------------------
                                  0.000000    0.000000   clock clk (rise edge)
                                  0.000000    0.000000   clock source latency
     1    0.011340    0.043063    0.028387    0.028387 ^ clk (in)
                                                         clk (net)
                      0.043065    0.000000    0.028387 ^ clkbuf_0_clk/A (sky130_fd_sc_hd__clkbuf_16)
     2    0.018735    0.030354    0.087062    0.115450 ^ clkbuf_0_clk/X (sky130_fd_sc_hd__clkbuf_16)
                                                         clknet_0_clk (net)
                      0.030355    0.000323    0.115773 ^ clkbuf_1_0__f_clk/A (sky130_fd_sc_hd__clkbuf_16)
     5    0.015572    0.028214    0.081256    0.197029 ^ clkbuf_1_0__f_clk/X (sky130_fd_sc_hd__clkbuf_16)
                                                         clknet_1_0__leaf_clk (net)
                      0.028218    0.000334    0.197363 ^ _110_/CLK (sky130_fd_sc_hd__dfrtp_2)
     5    0.017919    0.053848    0.270868    0.468230 v _110_/Q (sky130_fd_sc_hd__dfrtp_2)
                                                         net15 (net)
                      0.053886    0.000310    0.468541 v output15/A (sky130_fd_sc_hd__buf_2)
     1    0.034078    0.062521    0.126509    0.595050 v output15/X (sky130_fd_sc_hd__buf_2)
                                                         count[2] (net)
                      0.062529    0.000705    0.595754 v count[2] (out)
                                              0.595754   data arrival time

                                  0.000000    0.000000   clock clk (rise edge)
                                  0.000000    0.000000   clock network delay (propagated)
                                  0.250000    0.250000   clock uncertainty
                                  0.000000    0.250000   clock reconvergence pessimism
                                 -0.780000   -0.530000   output external delay
                                             -0.530000   data required time
---------------------------------------------------------------------------------------------
                                             -0.530000   data required time
                                             -0.595754   data arrival time
---------------------------------------------------------------------------------------------
                                              1.125754   slack (MET)



