
===========================================================================
report_checks -path_delay max (Setup)
============================================================================
======================= nom_tt_025C_1v80 Corner ===================================

Startpoint: up_down (input port clocked by clk)
Endpoint: _115_ (rising edge-triggered flip-flop clocked by clk)
Path Group: clk
Path Type: max

Fanout         Cap        Slew       Delay        Time   Description
---------------------------------------------------------------------------------------------
                                  0.000000    0.000000   clock clk (rise edge)
                                  0.000000    0.000000   clock network delay (propagated)
                                  0.600000    0.600000 ^ input external delay
     1    0.002677    0.019893    0.009864    0.609864 ^ up_down (in)
                                                         up_down (net)
                      0.019893    0.000000    0.609864 ^ input12/A (sky130_fd_sc_hd__buf_1)
     4    0.013488    0.164207    0.156499    0.766363 ^ input12/X (sky130_fd_sc_hd__buf_1)
                                                         net12 (net)
                      0.164207    0.000011    0.766374 ^ fanout21/A (sky130_fd_sc_hd__buf_2)
    10    0.034396    0.171148    0.238675    1.005049 ^ fanout21/X (sky130_fd_sc_hd__buf_2)
                                                         net21 (net)
                      0.171148    0.000214    1.005263 ^ _062_/B (sky130_fd_sc_hd__xor2_1)
     3    0.007864    0.089645    0.118600    1.123863 v _062_/X (sky130_fd_sc_hd__xor2_1)
                                                         _015_ (net)
                      0.089645    0.000009    1.123872 v _067_/A2 (sky130_fd_sc_hd__o21a_1)
     3    0.008926    0.064297    0.211539    1.335411 v _067_/X (sky130_fd_sc_hd__o21a_1)
                                                         _019_ (net)
                      0.064297    0.000017    1.335428 v _080_/A1 (sky130_fd_sc_hd__o31ai_2)
     4    0.010795    0.300939    0.331838    1.667266 ^ _080_/Y (sky130_fd_sc_hd__o31ai_2)
                                                         _030_ (net)
                      0.300939    0.000051    1.667317 ^ _098_/A1 (sky130_fd_sc_hd__a31o_1)
     3    0.007963    0.090550    0.222464    1.889781 ^ _098_/X (sky130_fd_sc_hd__a31o_1)
                                                         _046_ (net)
                      0.090550    0.000046    1.889827 ^ _103_/A2 (sky130_fd_sc_hd__a21oi_1)
     1    0.004910    0.069888    0.083735    1.973563 v _103_/Y (sky130_fd_sc_hd__a21oi_1)
                                                         _050_ (net)
                      0.069888    0.000011    1.973574 v _105_/A (sky130_fd_sc_hd__xnor2_1)
     1    0.002461    0.049476    0.128113    2.101687 v _105_/Y (sky130_fd_sc_hd__xnor2_1)
                                                         _052_ (net)
                      0.049476    0.000004    2.101690 v _107_/A2 (sky130_fd_sc_hd__a21o_1)
     1    0.002298    0.031801    0.169401    2.271091 v _107_/X (sky130_fd_sc_hd__a21o_1)
                                                         _007_ (net)
                      0.031801    0.000004    2.271096 v _115_/D (sky130_fd_sc_hd__dfrtp_1)
                                              2.271096   data arrival time

                                  3.000000    3.000000   clock clk (rise edge)
                                  0.000000    3.000000   clock source latency
     1    0.010260    0.052569    0.034846    3.034846 ^ clk (in)
                                                         clk (net)
                      0.052570    0.000000    3.034846 ^ clkbuf_0_clk/A (sky130_fd_sc_hd__clkbuf_16)
     2    0.017377    0.039612    0.125713    3.160559 ^ clkbuf_0_clk/X (sky130_fd_sc_hd__clkbuf_16)
                                                         clknet_0_clk (net)
                      0.039612    0.000037    3.160597 ^ clkbuf_1_1__f_clk/A (sky130_fd_sc_hd__clkbuf_16)
     4    0.009527    0.032925    0.113470    3.274067 ^ clkbuf_1_1__f_clk/X (sky130_fd_sc_hd__clkbuf_16)
                                                         clknet_1_1__leaf_clk (net)
                      0.032925    0.000011    3.274078 ^ _115_/CLK (sky130_fd_sc_hd__dfrtp_1)
                                 -0.250000    3.024078   clock uncertainty
                                  0.000000    3.024078   clock reconvergence pessimism
                                 -0.111274    2.912805   library setup time
                                              2.912805   data required time
---------------------------------------------------------------------------------------------
                                              2.912805   data required time
                                             -2.271096   data arrival time
---------------------------------------------------------------------------------------------
                                              0.641709   slack (MET)


Startpoint: up_down (input port clocked by clk)
Endpoint: _114_ (rising edge-triggered flip-flop clocked by clk)
Path Group: clk
Path Type: max

Fanout         Cap        Slew       Delay        Time   Description
---------------------------------------------------------------------------------------------
                                  0.000000    0.000000   clock clk (rise edge)
                                  0.000000    0.000000   clock network delay (propagated)
                                  0.600000    0.600000 ^ input external delay
     1    0.002677    0.019893    0.009864    0.609864 ^ up_down (in)
                                                         up_down (net)
                      0.019893    0.000000    0.609864 ^ input12/A (sky130_fd_sc_hd__buf_1)
     4    0.013488    0.164207    0.156499    0.766363 ^ input12/X (sky130_fd_sc_hd__buf_1)
                                                         net12 (net)
                      0.164207    0.000011    0.766374 ^ fanout21/A (sky130_fd_sc_hd__buf_2)
    10    0.034396    0.171148    0.238675    1.005049 ^ fanout21/X (sky130_fd_sc_hd__buf_2)
                                                         net21 (net)
                      0.171148    0.000214    1.005263 ^ _062_/B (sky130_fd_sc_hd__xor2_1)
     3    0.008672    0.222673    0.237702    1.242966 ^ _062_/X (sky130_fd_sc_hd__xor2_1)
                                                         _015_ (net)
                      0.222673    0.000010    1.242976 ^ _067_/A2 (sky130_fd_sc_hd__o21a_1)
     3    0.009609    0.102571    0.184686    1.427662 ^ _067_/X (sky130_fd_sc_hd__o21a_1)
                                                         _019_ (net)
                      0.102571    0.000018    1.427680 ^ _080_/A1 (sky130_fd_sc_hd__o31ai_2)
     4    0.010220    0.079632    0.103836    1.531516 v _080_/Y (sky130_fd_sc_hd__o31ai_2)
                                                         _030_ (net)
                      0.079632    0.000048    1.531564 v _098_/A1 (sky130_fd_sc_hd__a31o_1)
     3    0.007373    0.057521    0.206144    1.737708 v _098_/X (sky130_fd_sc_hd__a31o_1)
                                                         _046_ (net)
                      0.057521    0.000032    1.737740 v _100_/B (sky130_fd_sc_hd__or2_1)
     1    0.002843    0.049366    0.205843    1.943583 v _100_/X (sky130_fd_sc_hd__or2_1)
                                                         _048_ (net)
                      0.049366    0.000008    1.943590 v _102_/A3 (sky130_fd_sc_hd__a31o_1)
     1    0.002541    0.036672    0.208922    2.152512 v _102_/X (sky130_fd_sc_hd__a31o_1)
                                                         _006_ (net)
                      0.036672    0.000008    2.152520 v _114_/D (sky130_fd_sc_hd__dfrtp_1)
                                              2.152520   data arrival time

                                  3.000000    3.000000   clock clk (rise edge)
                                  0.000000    3.000000   clock source latency
     1    0.010260    0.052569    0.034846    3.034846 ^ clk (in)
                                                         clk (net)
                      0.052570    0.000000    3.034846 ^ clkbuf_0_clk/A (sky130_fd_sc_hd__clkbuf_16)
     2    0.017377    0.039612    0.125713    3.160559 ^ clkbuf_0_clk/X (sky130_fd_sc_hd__clkbuf_16)
                                                         clknet_0_clk (net)
                      0.039612    0.000037    3.160597 ^ clkbuf_1_1__f_clk/A (sky130_fd_sc_hd__clkbuf_16)
     4    0.009527    0.032925    0.113470    3.274067 ^ clkbuf_1_1__f_clk/X (sky130_fd_sc_hd__clkbuf_16)
                                                         clknet_1_1__leaf_clk (net)
                      0.032925    0.000015    3.274082 ^ _114_/CLK (sky130_fd_sc_hd__dfrtp_1)
                                 -0.250000    3.024082   clock uncertainty
                                  0.000000    3.024082   clock reconvergence pessimism
                                 -0.113401    2.910681   library setup time
                                              2.910681   data required time
---------------------------------------------------------------------------------------------
                                              2.910681   data required time
                                             -2.152520   data arrival time
---------------------------------------------------------------------------------------------
                                              0.758162   slack (MET)


Startpoint: up_down (input port clocked by clk)
Endpoint: _113_ (rising edge-triggered flip-flop clocked by clk)
Path Group: clk
Path Type: max

Fanout         Cap        Slew       Delay        Time   Description
---------------------------------------------------------------------------------------------
                                  0.000000    0.000000   clock clk (rise edge)
                                  0.000000    0.000000   clock network delay (propagated)
                                  0.600000    0.600000 ^ input external delay
     1    0.002677    0.019893    0.009864    0.609864 ^ up_down (in)
                                                         up_down (net)
                      0.019893    0.000000    0.609864 ^ input12/A (sky130_fd_sc_hd__buf_1)
     4    0.013488    0.164207    0.156499    0.766363 ^ input12/X (sky130_fd_sc_hd__buf_1)
                                                         net12 (net)
                      0.164207    0.000011    0.766374 ^ fanout21/A (sky130_fd_sc_hd__buf_2)
    10    0.034396    0.171148    0.238675    1.005049 ^ fanout21/X (sky130_fd_sc_hd__buf_2)
                                                         net21 (net)
                      0.171148    0.000214    1.005263 ^ _062_/B (sky130_fd_sc_hd__xor2_1)
     3    0.008672    0.222673    0.237702    1.242966 ^ _062_/X (sky130_fd_sc_hd__xor2_1)
                                                         _015_ (net)
                      0.222673    0.000010    1.242976 ^ _067_/A2 (sky130_fd_sc_hd__o21a_1)
     3    0.009609    0.102571    0.184686    1.427662 ^ _067_/X (sky130_fd_sc_hd__o21a_1)
                                                         _019_ (net)
                      0.102571    0.000018    1.427680 ^ _080_/A1 (sky130_fd_sc_hd__o31ai_2)
     4    0.010220    0.079632    0.103836    1.531516 v _080_/Y (sky130_fd_sc_hd__o31ai_2)
                                                         _030_ (net)
                      0.079632    0.000027    1.531543 v _089_/A1 (sky130_fd_sc_hd__a21o_1)
     2    0.004726    0.041176    0.173663    1.705205 v _089_/X (sky130_fd_sc_hd__a21o_1)
                                                         _038_ (net)
                      0.041176    0.000022    1.705227 v _091_/B (sky130_fd_sc_hd__or2_1)
     1    0.002387    0.046778    0.196902    1.902129 v _091_/X (sky130_fd_sc_hd__or2_1)
                                                         _040_ (net)
                      0.046778    0.000001    1.902130 v _093_/A3 (sky130_fd_sc_hd__a31o_1)
     1    0.002151    0.034739    0.205138    2.107269 v _093_/X (sky130_fd_sc_hd__a31o_1)
                                                         _005_ (net)
                      0.034739    0.000003    2.107272 v _113_/D (sky130_fd_sc_hd__dfrtp_1)
                                              2.107272   data arrival time

                                  3.000000    3.000000   clock clk (rise edge)
                                  0.000000    3.000000   clock source latency
     1    0.010260    0.052569    0.034846    3.034846 ^ clk (in)
                                                         clk (net)
                      0.052570    0.000000    3.034846 ^ clkbuf_0_clk/A (sky130_fd_sc_hd__clkbuf_16)
     2    0.017377    0.039612    0.125713    3.160559 ^ clkbuf_0_clk/X (sky130_fd_sc_hd__clkbuf_16)
                                                         clknet_0_clk (net)
                      0.039612    0.000037    3.160597 ^ clkbuf_1_1__f_clk/A (sky130_fd_sc_hd__clkbuf_16)
     4    0.009527    0.032925    0.113470    3.274067 ^ clkbuf_1_1__f_clk/X (sky130_fd_sc_hd__clkbuf_16)
                                                         clknet_1_1__leaf_clk (net)
                      0.032925    0.000008    3.274075 ^ _113_/CLK (sky130_fd_sc_hd__dfrtp_1)
                                 -0.250000    3.024075   clock uncertainty
                                  0.000000    3.024075   clock reconvergence pessimism
                                 -0.112556    2.911518   library setup time
                                              2.911518   data required time
---------------------------------------------------------------------------------------------
                                              2.911518   data required time
                                             -2.107272   data arrival time
---------------------------------------------------------------------------------------------
                                              0.804246   slack (MET)


Startpoint: up_down (input port clocked by clk)
Endpoint: _111_ (rising edge-triggered flip-flop clocked by clk)
Path Group: clk
Path Type: max

Fanout         Cap        Slew       Delay        Time   Description
---------------------------------------------------------------------------------------------
                                  0.000000    0.000000   clock clk (rise edge)
                                  0.000000    0.000000   clock network delay (propagated)
                                  0.600000    0.600000 ^ input external delay
     1    0.002677    0.019893    0.009864    0.609864 ^ up_down (in)
                                                         up_down (net)
                      0.019893    0.000000    0.609864 ^ input12/A (sky130_fd_sc_hd__buf_1)
     4    0.013488    0.164207    0.156499    0.766363 ^ input12/X (sky130_fd_sc_hd__buf_1)
                                                         net12 (net)
                      0.164207    0.000011    0.766374 ^ fanout21/A (sky130_fd_sc_hd__buf_2)
    10    0.034396    0.171148    0.238675    1.005049 ^ fanout21/X (sky130_fd_sc_hd__buf_2)
                                                         net21 (net)
                      0.171148    0.000214    1.005263 ^ _062_/B (sky130_fd_sc_hd__xor2_1)
     3    0.008672    0.222673    0.237702    1.242966 ^ _062_/X (sky130_fd_sc_hd__xor2_1)
                                                         _015_ (net)
                      0.222673    0.000010    1.242976 ^ _067_/A2 (sky130_fd_sc_hd__o21a_1)
     3    0.009609    0.102571    0.184686    1.427662 ^ _067_/X (sky130_fd_sc_hd__o21a_1)
                                                         _019_ (net)
                      0.102571    0.000020    1.427682 ^ _070_/A (sky130_fd_sc_hd__or2_1)
     2    0.005065    0.062995    0.124507    1.552189 ^ _070_/X (sky130_fd_sc_hd__or2_1)
                                                         _022_ (net)
                      0.062995    0.000005    1.552194 ^ _075_/B1 (sky130_fd_sc_hd__o21ai_1)
     2    0.005433    0.071739    0.076946    1.629140 v _075_/Y (sky130_fd_sc_hd__o21ai_1)
                                                         _026_ (net)
                      0.071739    0.000015    1.629155 v _076_/A2 (sky130_fd_sc_hd__o21ai_1)
     1    0.002763    0.100080    0.120268    1.749423 ^ _076_/Y (sky130_fd_sc_hd__o21ai_1)
                                                         _027_ (net)
                      0.100080    0.000004    1.749428 ^ _077_/B1 (sky130_fd_sc_hd__a21oi_1)
     1    0.002153    0.072880    0.045832    1.795259 v _077_/Y (sky130_fd_sc_hd__a21oi_1)
                                                         _028_ (net)
                      0.072880    0.000000    1.795260 v _078_/C1 (sky130_fd_sc_hd__a221o_1)
     1    0.002995    0.055004    0.265242    2.060502 v _078_/X (sky130_fd_sc_hd__a221o_1)
                                                         _003_ (net)
                      0.055004    0.000012    2.060514 v _111_/D (sky130_fd_sc_hd__dfrtp_1)
                                              2.060514   data arrival time

                                  3.000000    3.000000   clock clk (rise edge)
                                  0.000000    3.000000   clock source latency
     1    0.010260    0.052569    0.034846    3.034846 ^ clk (in)
                                                         clk (net)
                      0.052570    0.000000    3.034846 ^ clkbuf_0_clk/A (sky130_fd_sc_hd__clkbuf_16)
     2    0.017377    0.039612    0.125713    3.160559 ^ clkbuf_0_clk/X (sky130_fd_sc_hd__clkbuf_16)
                                                         clknet_0_clk (net)
                      0.039612    0.000037    3.160597 ^ clkbuf_1_1__f_clk/A (sky130_fd_sc_hd__clkbuf_16)
     4    0.009527    0.032925    0.113470    3.274067 ^ clkbuf_1_1__f_clk/X (sky130_fd_sc_hd__clkbuf_16)
                                                         clknet_1_1__leaf_clk (net)
                      0.032925    0.000020    3.274087 ^ _111_/CLK (sky130_fd_sc_hd__dfrtp_1)
                                 -0.250000    3.024087   clock uncertainty
                                  0.000000    3.024087   clock reconvergence pessimism
                                 -0.121404    2.902682   library setup time
                                              2.902682   data required time
---------------------------------------------------------------------------------------------
                                              2.902682   data required time
                                             -2.060514   data arrival time
---------------------------------------------------------------------------------------------
                                              0.842168   slack (MET)


Startpoint: up_down (input port clocked by clk)
Endpoint: _112_ (rising edge-triggered flip-flop clocked by clk)
Path Group: clk
Path Type: max

Fanout         Cap        Slew       Delay        Time   Description
---------------------------------------------------------------------------------------------
                                  0.000000    0.000000   clock clk (rise edge)
                                  0.000000    0.000000   clock network delay (propagated)
                                  0.600000    0.600000 ^ input external delay
     1    0.002677    0.019893    0.009864    0.609864 ^ up_down (in)
                                                         up_down (net)
                      0.019893    0.000000    0.609864 ^ input12/A (sky130_fd_sc_hd__buf_1)
     4    0.013488    0.164207    0.156499    0.766363 ^ input12/X (sky130_fd_sc_hd__buf_1)
                                                         net12 (net)
                      0.164207    0.000011    0.766374 ^ fanout21/A (sky130_fd_sc_hd__buf_2)
    10    0.034396    0.171148    0.238675    1.005049 ^ fanout21/X (sky130_fd_sc_hd__buf_2)
                                                         net21 (net)
                      0.171148    0.000214    1.005263 ^ _062_/B (sky130_fd_sc_hd__xor2_1)
     3    0.007864    0.089645    0.118600    1.123863 v _062_/X (sky130_fd_sc_hd__xor2_1)
                                                         _015_ (net)
                      0.089645    0.000009    1.123872 v _067_/A2 (sky130_fd_sc_hd__o21a_1)
     3    0.008926    0.064297    0.211539    1.335411 v _067_/X (sky130_fd_sc_hd__o21a_1)
                                                         _019_ (net)
                      0.064297    0.000017    1.335428 v _080_/A1 (sky130_fd_sc_hd__o31ai_2)
     4    0.010795    0.300939    0.331838    1.667266 ^ _080_/Y (sky130_fd_sc_hd__o31ai_2)
                                                         _030_ (net)
                      0.300939    0.000032    1.667298 ^ _085_/A (sky130_fd_sc_hd__nand2_1)
     1    0.002865    0.076483    0.086989    1.754287 v _085_/Y (sky130_fd_sc_hd__nand2_1)
                                                         _035_ (net)
                      0.076483    0.000008    1.754295 v _087_/A3 (sky130_fd_sc_hd__a31o_1)
     1    0.002304    0.035491    0.218720    1.973016 v _087_/X (sky130_fd_sc_hd__a31o_1)
                                                         _004_ (net)
                      0.035491    0.000004    1.973020 v _112_/D (sky130_fd_sc_hd__dfrtp_1)
                                              1.973020   data arrival time

                                  3.000000    3.000000   clock clk (rise edge)
                                  0.000000    3.000000   clock source latency
     1    0.010260    0.052569    0.034846    3.034846 ^ clk (in)
                                                         clk (net)
                      0.052570    0.000000    3.034846 ^ clkbuf_0_clk/A (sky130_fd_sc_hd__clkbuf_16)
     2    0.017377    0.039612    0.125713    3.160559 ^ clkbuf_0_clk/X (sky130_fd_sc_hd__clkbuf_16)
                                                         clknet_0_clk (net)
                      0.039612    0.000051    3.160610 ^ clkbuf_1_0__f_clk/A (sky130_fd_sc_hd__clkbuf_16)
     5    0.011922    0.034971    0.115770    3.276381 ^ clkbuf_1_0__f_clk/X (sky130_fd_sc_hd__clkbuf_16)
                                                         clknet_1_0__leaf_clk (net)
                      0.034971    0.000007    3.276387 ^ _112_/CLK (sky130_fd_sc_hd__dfrtp_1)
                                 -0.250000    3.026387   clock uncertainty
                                  0.000000    3.026387   clock reconvergence pessimism
                                 -0.112417    2.913970   library setup time
                                              2.913970   data required time
---------------------------------------------------------------------------------------------
                                              2.913970   data required time
                                             -1.973020   data arrival time
---------------------------------------------------------------------------------------------
                                              0.940951   slack (MET)


Startpoint: up_down (input port clocked by clk)
Endpoint: _110_ (rising edge-triggered flip-flop clocked by clk)
Path Group: clk
Path Type: max

Fanout         Cap        Slew       Delay        Time   Description
---------------------------------------------------------------------------------------------
                                  0.000000    0.000000   clock clk (rise edge)
                                  0.000000    0.000000   clock network delay (propagated)
                                  0.600000    0.600000 ^ input external delay
     1    0.002677    0.019893    0.009864    0.609864 ^ up_down (in)
                                                         up_down (net)
                      0.019893    0.000000    0.609864 ^ input12/A (sky130_fd_sc_hd__buf_1)
     4    0.013488    0.164207    0.156499    0.766363 ^ input12/X (sky130_fd_sc_hd__buf_1)
                                                         net12 (net)
                      0.164207    0.000011    0.766374 ^ fanout21/A (sky130_fd_sc_hd__buf_2)
    10    0.034396    0.171148    0.238675    1.005049 ^ fanout21/X (sky130_fd_sc_hd__buf_2)
                                                         net21 (net)
                      0.171148    0.000214    1.005263 ^ _062_/B (sky130_fd_sc_hd__xor2_1)
     3    0.007864    0.089645    0.118600    1.123863 v _062_/X (sky130_fd_sc_hd__xor2_1)
                                                         _015_ (net)
                      0.089645    0.000009    1.123872 v _067_/A2 (sky130_fd_sc_hd__o21a_1)
     3    0.008926    0.064297    0.211539    1.335411 v _067_/X (sky130_fd_sc_hd__o21a_1)
                                                         _019_ (net)
                      0.064297    0.000019    1.335430 v _070_/A (sky130_fd_sc_hd__or2_1)
     2    0.004774    0.059182    0.239865    1.575295 v _070_/X (sky130_fd_sc_hd__or2_1)
                                                         _022_ (net)
                      0.059182    0.000006    1.575301 v _072_/A3 (sky130_fd_sc_hd__a31o_1)
     1    0.002289    0.035430    0.211356    1.786657 v _072_/X (sky130_fd_sc_hd__a31o_1)
                                                         _002_ (net)
                      0.035430    0.000004    1.786662 v _110_/D (sky130_fd_sc_hd__dfrtp_2)
                                              1.786662   data arrival time

                                  3.000000    3.000000   clock clk (rise edge)
                                  0.000000    3.000000   clock source latency
     1    0.010260    0.052569    0.034846    3.034846 ^ clk (in)
                                                         clk (net)
                      0.052570    0.000000    3.034846 ^ clkbuf_0_clk/A (sky130_fd_sc_hd__clkbuf_16)
     2    0.017377    0.039612    0.125713    3.160559 ^ clkbuf_0_clk/X (sky130_fd_sc_hd__clkbuf_16)
                                                         clknet_0_clk (net)
                      0.039612    0.000051    3.160610 ^ clkbuf_1_0__f_clk/A (sky130_fd_sc_hd__clkbuf_16)
     5    0.011922    0.034971    0.115770    3.276381 ^ clkbuf_1_0__f_clk/X (sky130_fd_sc_hd__clkbuf_16)
                                                         clknet_1_0__leaf_clk (net)
                      0.034971    0.000040    3.276421 ^ _110_/CLK (sky130_fd_sc_hd__dfrtp_2)
                                 -0.250000    3.026421   clock uncertainty
                                  0.000000    3.026421   clock reconvergence pessimism
                                 -0.113612    2.912808   library setup time
                                              2.912808   data required time
---------------------------------------------------------------------------------------------
                                              2.912808   data required time
                                             -1.786662   data arrival time
---------------------------------------------------------------------------------------------
                                              1.126147   slack (MET)


Startpoint: _110_ (rising edge-triggered flip-flop clocked by clk)
Endpoint: count[2] (output port clocked by clk)
Path Group: clk
Path Type: max

Fanout         Cap        Slew       Delay        Time   Description
---------------------------------------------------------------------------------------------
                                  0.000000    0.000000   clock clk (rise edge)
                                  0.000000    0.000000   clock source latency
     1    0.010260    0.052569    0.034846    0.034846 ^ clk (in)
                                                         clk (net)
                      0.052570    0.000000    0.034846 ^ clkbuf_0_clk/A (sky130_fd_sc_hd__clkbuf_16)
     2    0.017377    0.039612    0.125713    0.160559 ^ clkbuf_0_clk/X (sky130_fd_sc_hd__clkbuf_16)
                                                         clknet_0_clk (net)
                      0.039612    0.000051    0.160610 ^ clkbuf_1_0__f_clk/A (sky130_fd_sc_hd__clkbuf_16)
     5    0.011922    0.034971    0.115770    0.276381 ^ clkbuf_1_0__f_clk/X (sky130_fd_sc_hd__clkbuf_16)
                                                         clknet_1_0__leaf_clk (net)
                      0.034971    0.000040    0.276421 ^ _110_/CLK (sky130_fd_sc_hd__dfrtp_2)
     5    0.016497    0.071150    0.423022    0.699442 v _110_/Q (sky130_fd_sc_hd__dfrtp_2)
                                                         net15 (net)
                      0.071150    0.000022    0.699464 v output15/A (sky130_fd_sc_hd__buf_2)
     1    0.033936    0.088491    0.191654    0.891118 v output15/X (sky130_fd_sc_hd__buf_2)
                                                         count[2] (net)
                      0.088491    0.000070    0.891188 v count[2] (out)
                                              0.891188   data arrival time

                                  3.000000    3.000000   clock clk (rise edge)
                                  0.000000    3.000000   clock network delay (propagated)
                                 -0.250000    2.750000   clock uncertainty
                                  0.000000    2.750000   clock reconvergence pessimism
                                 -0.600000    2.150000   output external delay
                                              2.150000   data required time
---------------------------------------------------------------------------------------------
                                              2.150000   data required time
                                             -0.891188   data arrival time
---------------------------------------------------------------------------------------------
                                              1.258811   slack (MET)


Startpoint: _109_ (rising edge-triggered flip-flop clocked by clk)
Endpoint: count[1] (output port clocked by clk)
Path Group: clk
Path Type: max

Fanout         Cap        Slew       Delay        Time   Description
---------------------------------------------------------------------------------------------
                                  0.000000    0.000000   clock clk (rise edge)
                                  0.000000    0.000000   clock source latency
     1    0.010260    0.052569    0.034846    0.034846 ^ clk (in)
                                                         clk (net)
                      0.052570    0.000000    0.034846 ^ clkbuf_0_clk/A (sky130_fd_sc_hd__clkbuf_16)
     2    0.017377    0.039612    0.125713    0.160559 ^ clkbuf_0_clk/X (sky130_fd_sc_hd__clkbuf_16)
                                                         clknet_0_clk (net)
                      0.039612    0.000051    0.160610 ^ clkbuf_1_0__f_clk/A (sky130_fd_sc_hd__clkbuf_16)
     5    0.011922    0.034971    0.115770    0.276381 ^ clkbuf_1_0__f_clk/X (sky130_fd_sc_hd__clkbuf_16)
                                                         clknet_1_0__leaf_clk (net)
                      0.034971    0.000032    0.276413 ^ _109_/CLK (sky130_fd_sc_hd__dfrtp_1)
     4    0.013330    0.130571    0.379675    0.656088 ^ _109_/Q (sky130_fd_sc_hd__dfrtp_1)
                                                         net14 (net)
                      0.130571    0.000036    0.656124 ^ output14/A (sky130_fd_sc_hd__buf_2)
     1    0.034700    0.172542    0.230549    0.886673 ^ output14/X (sky130_fd_sc_hd__buf_2)
                                                         count[1] (net)
                      0.172542    0.000249    0.886921 ^ count[1] (out)
                                              0.886921   data arrival time

                                  3.000000    3.000000   clock clk (rise edge)
                                  0.000000    3.000000   clock network delay (propagated)
                                 -0.250000    2.750000   clock uncertainty
                                  0.000000    2.750000   clock reconvergence pessimism
                                 -0.600000    2.150000   output external delay
                                              2.150000   data required time
---------------------------------------------------------------------------------------------
                                              2.150000   data required time
                                             -0.886921   data arrival time
---------------------------------------------------------------------------------------------
                                              1.263078   slack (MET)


Startpoint: _113_ (rising edge-triggered flip-flop clocked by clk)
Endpoint: count[5] (output port clocked by clk)
Path Group: clk
Path Type: max

Fanout         Cap        Slew       Delay        Time   Description
---------------------------------------------------------------------------------------------
                                  0.000000    0.000000   clock clk (rise edge)
                                  0.000000    0.000000   clock source latency
     1    0.010260    0.052569    0.034846    0.034846 ^ clk (in)
                                                         clk (net)
                      0.052570    0.000000    0.034846 ^ clkbuf_0_clk/A (sky130_fd_sc_hd__clkbuf_16)
     2    0.017377    0.039612    0.125713    0.160559 ^ clkbuf_0_clk/X (sky130_fd_sc_hd__clkbuf_16)
                                                         clknet_0_clk (net)
                      0.039612    0.000037    0.160597 ^ clkbuf_1_1__f_clk/A (sky130_fd_sc_hd__clkbuf_16)
     4    0.009527    0.032925    0.113470    0.274067 ^ clkbuf_1_1__f_clk/X (sky130_fd_sc_hd__clkbuf_16)
                                                         clknet_1_1__leaf_clk (net)
                      0.032925    0.000008    0.274075 ^ _113_/CLK (sky130_fd_sc_hd__dfrtp_1)
     4    0.013670    0.130270    0.380939    0.655014 ^ _113_/Q (sky130_fd_sc_hd__dfrtp_1)
                                                         net18 (net)
                      0.130270    0.000020    0.655034 ^ output18/A (sky130_fd_sc_hd__buf_2)
     1    0.034048    0.169463    0.228409    0.883443 ^ output18/X (sky130_fd_sc_hd__buf_2)
                                                         count[5] (net)
                      0.169463    0.000096    0.883538 ^ count[5] (out)
                                              0.883538   data arrival time

                                  3.000000    3.000000   clock clk (rise edge)
                                  0.000000    3.000000   clock network delay (propagated)
                                 -0.250000    2.750000   clock uncertainty
                                  0.000000    2.750000   clock reconvergence pessimism
                                 -0.600000    2.150000   output external delay
                                              2.150000   data required time
---------------------------------------------------------------------------------------------
                                              2.150000   data required time
                                             -0.883538   data arrival time
---------------------------------------------------------------------------------------------
                                              1.266462   slack (MET)


Startpoint: _111_ (rising edge-triggered flip-flop clocked by clk)
Endpoint: count[3] (output port clocked by clk)
Path Group: clk
Path Type: max

Fanout         Cap        Slew       Delay        Time   Description
---------------------------------------------------------------------------------------------
                                  0.000000    0.000000   clock clk (rise edge)
                                  0.000000    0.000000   clock source latency
     1    0.010260    0.052569    0.034846    0.034846 ^ clk (in)
                                                         clk (net)
                      0.052570    0.000000    0.034846 ^ clkbuf_0_clk/A (sky130_fd_sc_hd__clkbuf_16)
     2    0.017377    0.039612    0.125713    0.160559 ^ clkbuf_0_clk/X (sky130_fd_sc_hd__clkbuf_16)
                                                         clknet_0_clk (net)
                      0.039612    0.000037    0.160597 ^ clkbuf_1_1__f_clk/A (sky130_fd_sc_hd__clkbuf_16)
     4    0.009527    0.032925    0.113470    0.274067 ^ clkbuf_1_1__f_clk/X (sky130_fd_sc_hd__clkbuf_16)
                                                         clknet_1_1__leaf_clk (net)
                      0.032925    0.000020    0.274087 ^ _111_/CLK (sky130_fd_sc_hd__dfrtp_1)
     4    0.013090    0.128590    0.377448    0.651535 ^ _111_/Q (sky130_fd_sc_hd__dfrtp_1)
                                                         net16 (net)
                      0.128590    0.000010    0.651545 ^ output16/A (sky130_fd_sc_hd__buf_2)
     1    0.034215    0.170249    0.228481    0.880026 ^ output16/X (sky130_fd_sc_hd__buf_2)
                                                         count[3] (net)
                      0.170249    0.000135    0.880161 ^ count[3] (out)
                                              0.880161   data arrival time

                                  3.000000    3.000000   clock clk (rise edge)
                                  0.000000    3.000000   clock network delay (propagated)
                                 -0.250000    2.750000   clock uncertainty
                                  0.000000    2.750000   clock reconvergence pessimism
                                 -0.600000    2.150000   output external delay
                                              2.150000   data required time
---------------------------------------------------------------------------------------------
                                              2.150000   data required time
                                             -0.880161   data arrival time
---------------------------------------------------------------------------------------------
                                              1.269838   slack (MET)


Startpoint: _112_ (rising edge-triggered flip-flop clocked by clk)
Endpoint: count[4] (output port clocked by clk)
Path Group: clk
Path Type: max

Fanout         Cap        Slew       Delay        Time   Description
---------------------------------------------------------------------------------------------
                                  0.000000    0.000000   clock clk (rise edge)
                                  0.000000    0.000000   clock source latency
     1    0.010260    0.052569    0.034846    0.034846 ^ clk (in)
                                                         clk (net)
                      0.052570    0.000000    0.034846 ^ clkbuf_0_clk/A (sky130_fd_sc_hd__clkbuf_16)
     2    0.017377    0.039612    0.125713    0.160559 ^ clkbuf_0_clk/X (sky130_fd_sc_hd__clkbuf_16)
                                                         clknet_0_clk (net)
                      0.039612    0.000051    0.160610 ^ clkbuf_1_0__f_clk/A (sky130_fd_sc_hd__clkbuf_16)
     5    0.011922    0.034971    0.115770    0.276381 ^ clkbuf_1_0__f_clk/X (sky130_fd_sc_hd__clkbuf_16)
                                                         clknet_1_0__leaf_clk (net)
                      0.034971    0.000007    0.276388 ^ _112_/CLK (sky130_fd_sc_hd__dfrtp_1)
     5    0.012522    0.120857    0.374739    0.651127 ^ _112_/Q (sky130_fd_sc_hd__dfrtp_1)
                                                         net17 (net)
                      0.120857    0.000032    0.651158 ^ output17/A (sky130_fd_sc_hd__buf_2)
     1    0.033960    0.171630    0.225481    0.876639 ^ output17/X (sky130_fd_sc_hd__buf_2)
                                                         count[4] (net)
                      0.171630    0.000075    0.876715 ^ count[4] (out)
                                              0.876715   data arrival time

                                  3.000000    3.000000   clock clk (rise edge)
                                  0.000000    3.000000   clock network delay (propagated)
                                 -0.250000    2.750000   clock uncertainty
                                  0.000000    2.750000   clock reconvergence pessimism
                                 -0.600000    2.150000   output external delay
                                              2.150000   data required time
---------------------------------------------------------------------------------------------
                                              2.150000   data required time
                                             -0.876715   data arrival time
---------------------------------------------------------------------------------------------
                                              1.273285   slack (MET)


Startpoint: _108_ (rising edge-triggered flip-flop clocked by clk)
Endpoint: count[0] (output port clocked by clk)
Path Group: clk
Path Type: max

Fanout         Cap        Slew       Delay        Time   Description
---------------------------------------------------------------------------------------------
                                  0.000000    0.000000   clock clk (rise edge)
                                  0.000000    0.000000   clock source latency
     1    0.010260    0.052569    0.034846    0.034846 ^ clk (in)
                                                         clk (net)
                      0.052570    0.000000    0.034846 ^ clkbuf_0_clk/A (sky130_fd_sc_hd__clkbuf_16)
     2    0.017377    0.039612    0.125713    0.160559 ^ clkbuf_0_clk/X (sky130_fd_sc_hd__clkbuf_16)
                                                         clknet_0_clk (net)
                      0.039612    0.000051    0.160610 ^ clkbuf_1_0__f_clk/A (sky130_fd_sc_hd__clkbuf_16)
     5    0.011922    0.034971    0.115770    0.276381 ^ clkbuf_1_0__f_clk/X (sky130_fd_sc_hd__clkbuf_16)
                                                         clknet_1_0__leaf_clk (net)
                      0.034971    0.000014    0.276395 ^ _108_/CLK (sky130_fd_sc_hd__dfrtp_1)
     3    0.010434    0.106799    0.362103    0.638497 ^ _108_/Q (sky130_fd_sc_hd__dfrtp_1)
                                                         net13 (net)
                      0.106799    0.000023    0.638520 ^ output13/A (sky130_fd_sc_hd__buf_2)
     1    0.034223    0.170185    0.221088    0.859608 ^ output13/X (sky130_fd_sc_hd__buf_2)
                                                         count[0] (net)
                      0.170185    0.000122    0.859730 ^ count[0] (out)
                                              0.859730   data arrival time

                                  3.000000    3.000000   clock clk (rise edge)
                                  0.000000    3.000000   clock network delay (propagated)
                                 -0.250000    2.750000   clock uncertainty
                                  0.000000    2.750000   clock reconvergence pessimism
                                 -0.600000    2.150000   output external delay
                                              2.150000   data required time
---------------------------------------------------------------------------------------------
                                              2.150000   data required time
                                             -0.859730   data arrival time
---------------------------------------------------------------------------------------------
                                              1.290270   slack (MET)


Startpoint: _115_ (rising edge-triggered flip-flop clocked by clk)
Endpoint: count[7] (output port clocked by clk)
Path Group: clk
Path Type: max

Fanout         Cap        Slew       Delay        Time   Description
---------------------------------------------------------------------------------------------
                                  0.000000    0.000000   clock clk (rise edge)
                                  0.000000    0.000000   clock source latency
     1    0.010260    0.052569    0.034846    0.034846 ^ clk (in)
                                                         clk (net)
                      0.052570    0.000000    0.034846 ^ clkbuf_0_clk/A (sky130_fd_sc_hd__clkbuf_16)
     2    0.017377    0.039612    0.125713    0.160559 ^ clkbuf_0_clk/X (sky130_fd_sc_hd__clkbuf_16)
                                                         clknet_0_clk (net)
                      0.039612    0.000037    0.160597 ^ clkbuf_1_1__f_clk/A (sky130_fd_sc_hd__clkbuf_16)
     4    0.009527    0.032925    0.113470    0.274067 ^ clkbuf_1_1__f_clk/X (sky130_fd_sc_hd__clkbuf_16)
                                                         clknet_1_1__leaf_clk (net)
                      0.032925    0.000011    0.274078 ^ _115_/CLK (sky130_fd_sc_hd__dfrtp_1)
     3    0.010076    0.103857    0.359167    0.633245 ^ _115_/Q (sky130_fd_sc_hd__dfrtp_1)
                                                         net20 (net)
                      0.103857    0.000024    0.633269 ^ output20/A (sky130_fd_sc_hd__buf_2)
     1    0.034006    0.169146    0.219308    0.852577 ^ output20/X (sky130_fd_sc_hd__buf_2)
                                                         count[7] (net)
                      0.169146    0.000086    0.852663 ^ count[7] (out)
                                              0.852663   data arrival time

                                  3.000000    3.000000   clock clk (rise edge)
                                  0.000000    3.000000   clock network delay (propagated)
                                 -0.250000    2.750000   clock uncertainty
                                  0.000000    2.750000   clock reconvergence pessimism
                                 -0.600000    2.150000   output external delay
                                              2.150000   data required time
---------------------------------------------------------------------------------------------
                                              2.150000   data required time
                                             -0.852663   data arrival time
---------------------------------------------------------------------------------------------
                                              1.297337   slack (MET)


Startpoint: _114_ (rising edge-triggered flip-flop clocked by clk)
Endpoint: count[6] (output port clocked by clk)
Path Group: clk
Path Type: max

Fanout         Cap        Slew       Delay        Time   Description
---------------------------------------------------------------------------------------------
                                  0.000000    0.000000   clock clk (rise edge)
                                  0.000000    0.000000   clock source latency
     1    0.010260    0.052569    0.034846    0.034846 ^ clk (in)
                                                         clk (net)
                      0.052570    0.000000    0.034846 ^ clkbuf_0_clk/A (sky130_fd_sc_hd__clkbuf_16)
     2    0.017377    0.039612    0.125713    0.160559 ^ clkbuf_0_clk/X (sky130_fd_sc_hd__clkbuf_16)
                                                         clknet_0_clk (net)
                      0.039612    0.000037    0.160597 ^ clkbuf_1_1__f_clk/A (sky130_fd_sc_hd__clkbuf_16)
     4    0.009527    0.032925    0.113470    0.274067 ^ clkbuf_1_1__f_clk/X (sky130_fd_sc_hd__clkbuf_16)
                                                         clknet_1_1__leaf_clk (net)
                      0.032925    0.000015    0.274082 ^ _114_/CLK (sky130_fd_sc_hd__dfrtp_1)
     4    0.008677    0.066160    0.381057    0.655140 v _114_/Q (sky130_fd_sc_hd__dfrtp_1)
                                                         net19 (net)
                      0.066160    0.000035    0.655175 v output19/A (sky130_fd_sc_hd__clkbuf_4)
     1    0.034476    0.079781    0.192630    0.847805 v output19/X (sky130_fd_sc_hd__clkbuf_4)
                                                         count[6] (net)
                      0.079781    0.000231    0.848036 v count[6] (out)
                                              0.848036   data arrival time

                                  3.000000    3.000000   clock clk (rise edge)
                                  0.000000    3.000000   clock network delay (propagated)
                                 -0.250000    2.750000   clock uncertainty
                                  0.000000    2.750000   clock reconvergence pessimism
                                 -0.600000    2.150000   output external delay
                                              2.150000   data required time
---------------------------------------------------------------------------------------------
                                              2.150000   data required time
                                             -0.848036   data arrival time
---------------------------------------------------------------------------------------------
                                              1.301964   slack (MET)


Startpoint: up_down (input port clocked by clk)
Endpoint: _109_ (rising edge-triggered flip-flop clocked by clk)
Path Group: clk
Path Type: max

Fanout         Cap        Slew       Delay        Time   Description
---------------------------------------------------------------------------------------------
                                  0.000000    0.000000   clock clk (rise edge)
                                  0.000000    0.000000   clock network delay (propagated)
                                  0.600000    0.600000 ^ input external delay
     1    0.002677    0.019893    0.009864    0.609864 ^ up_down (in)
                                                         up_down (net)
                      0.019893    0.000000    0.609864 ^ input12/A (sky130_fd_sc_hd__buf_1)
     4    0.013488    0.164207    0.156499    0.766363 ^ input12/X (sky130_fd_sc_hd__buf_1)
                                                         net12 (net)
                      0.164207    0.000011    0.766374 ^ fanout21/A (sky130_fd_sc_hd__buf_2)
    10    0.034396    0.171148    0.238675    1.005049 ^ fanout21/X (sky130_fd_sc_hd__buf_2)
                                                         net21 (net)
                      0.171148    0.000214    1.005263 ^ _062_/B (sky130_fd_sc_hd__xor2_1)
     3    0.008672    0.222673    0.237702    1.242966 ^ _062_/X (sky130_fd_sc_hd__xor2_1)
                                                         _015_ (net)
                      0.222673    0.000019    1.242984 ^ _063_/B (sky130_fd_sc_hd__nand2_1)
     1    0.002855    0.054407    0.082123    1.325108 v _063_/Y (sky130_fd_sc_hd__nand2_1)
                                                         _016_ (net)
                      0.054407    0.000008    1.325115 v _066_/A1 (sky130_fd_sc_hd__a21o_1)
     1    0.002177    0.031173    0.149690    1.474806 v _066_/X (sky130_fd_sc_hd__a21o_1)
                                                         _001_ (net)
                      0.031173    0.000003    1.474809 v _109_/D (sky130_fd_sc_hd__dfrtp_1)
                                              1.474809   data arrival time

                                  3.000000    3.000000   clock clk (rise edge)
                                  0.000000    3.000000   clock source latency
     1    0.010260    0.052569    0.034846    3.034846 ^ clk (in)
                                                         clk (net)
                      0.052570    0.000000    3.034846 ^ clkbuf_0_clk/A (sky130_fd_sc_hd__clkbuf_16)
     2    0.017377    0.039612    0.125713    3.160559 ^ clkbuf_0_clk/X (sky130_fd_sc_hd__clkbuf_16)
                                                         clknet_0_clk (net)
                      0.039612    0.000051    3.160610 ^ clkbuf_1_0__f_clk/A (sky130_fd_sc_hd__clkbuf_16)
     5    0.011922    0.034971    0.115770    3.276381 ^ clkbuf_1_0__f_clk/X (sky130_fd_sc_hd__clkbuf_16)
                                                         clknet_1_0__leaf_clk (net)
                      0.034971    0.000032    3.276412 ^ _109_/CLK (sky130_fd_sc_hd__dfrtp_1)
                                 -0.250000    3.026412   clock uncertainty
                                  0.000000    3.026412   clock reconvergence pessimism
                                 -0.110532    2.915880   library setup time
                                              2.915880   data required time
---------------------------------------------------------------------------------------------
                                              2.915880   data required time
                                             -1.474809   data arrival time
---------------------------------------------------------------------------------------------
                                              1.441072   slack (MET)


Startpoint: preload (input port clocked by clk)
Endpoint: _108_ (rising edge-triggered flip-flop clocked by clk)
Path Group: clk
Path Type: max

Fanout         Cap        Slew       Delay        Time   Description
---------------------------------------------------------------------------------------------
                                  0.000000    0.000000   clock clk (rise edge)
                                  0.000000    0.000000   clock network delay (propagated)
                                  0.600000    0.600000 v input external delay
     1    0.002395    0.007698    0.003731    0.603731 v preload (in)
                                                         preload (net)
                      0.007698    0.000000    0.603731 v input10/A (sky130_fd_sc_hd__buf_2)
    10    0.030827    0.081901    0.158427    0.762158 v input10/X (sky130_fd_sc_hd__buf_2)
                                                         net10 (net)
                      0.081901    0.000219    0.762378 v _057_/A (sky130_fd_sc_hd__nor2_2)
     8    0.026995    0.302993    0.287859    1.050237 ^ _057_/Y (sky130_fd_sc_hd__nor2_2)
                                                         _011_ (net)
                      0.302993    0.000126    1.050363 ^ _059_/B1 (sky130_fd_sc_hd__a22o_1)
     1    0.003142    0.053413    0.178674    1.229037 ^ _059_/X (sky130_fd_sc_hd__a22o_1)
                                                         _013_ (net)
                      0.053413    0.000013    1.229050 ^ _060_/B1 (sky130_fd_sc_hd__a21oi_1)
     1    0.002529    0.048264    0.038459    1.267509 v _060_/Y (sky130_fd_sc_hd__a21oi_1)
                                                         _000_ (net)
                      0.048264    0.000008    1.267517 v _108_/D (sky130_fd_sc_hd__dfrtp_1)
                                              1.267517   data arrival time

                                  3.000000    3.000000   clock clk (rise edge)
                                  0.000000    3.000000   clock source latency
     1    0.010260    0.052569    0.034846    3.034846 ^ clk (in)
                                                         clk (net)
                      0.052570    0.000000    3.034846 ^ clkbuf_0_clk/A (sky130_fd_sc_hd__clkbuf_16)
     2    0.017377    0.039612    0.125713    3.160559 ^ clkbuf_0_clk/X (sky130_fd_sc_hd__clkbuf_16)
                                                         clknet_0_clk (net)
                      0.039612    0.000051    3.160610 ^ clkbuf_1_0__f_clk/A (sky130_fd_sc_hd__clkbuf_16)
     5    0.011922    0.034971    0.115770    3.276381 ^ clkbuf_1_0__f_clk/X (sky130_fd_sc_hd__clkbuf_16)
                                                         clknet_1_0__leaf_clk (net)
                      0.034971    0.000014    3.276395 ^ _108_/CLK (sky130_fd_sc_hd__dfrtp_1)
                                 -0.250000    3.026395   clock uncertainty
                                  0.000000    3.026395   clock reconvergence pessimism
                                 -0.117993    2.908401   library setup time
                                              2.908401   data required time
---------------------------------------------------------------------------------------------
                                              2.908401   data required time
                                             -1.267517   data arrival time
---------------------------------------------------------------------------------------------
                                              1.640884   slack (MET)


Startpoint: resetn (input port clocked by clk)
Endpoint: _110_ (recovery check against rising-edge clock clk)
Path Group: asynchronous
Path Type: max

Fanout         Cap        Slew       Delay        Time   Description
---------------------------------------------------------------------------------------------
                                  0.000000    0.000000   clock clk (rise edge)
                                  0.000000    0.000000   clock network delay (propagated)
                                  0.600000    0.600000 ^ input external delay
     1    0.002665    0.019155    0.009822    0.609822 ^ resetn (in)
                                                         resetn (net)
                      0.019155    0.000000    0.609822 ^ input11/A (sky130_fd_sc_hd__buf_2)
     8    0.036344    0.179683    0.195254    0.805076 ^ input11/X (sky130_fd_sc_hd__buf_2)
                                                         net11 (net)
                      0.179683    0.000159    0.805235 ^ _110_/RESET_B (sky130_fd_sc_hd__dfrtp_2)
                                              0.805235   data arrival time

                                  3.000000    3.000000   clock clk (rise edge)
                                  0.000000    3.000000   clock source latency
     1    0.010260    0.052569    0.034846    3.034846 ^ clk (in)
                                                         clk (net)
                      0.052570    0.000000    3.034846 ^ clkbuf_0_clk/A (sky130_fd_sc_hd__clkbuf_16)
     2    0.017377    0.039612    0.125713    3.160559 ^ clkbuf_0_clk/X (sky130_fd_sc_hd__clkbuf_16)
                                                         clknet_0_clk (net)
                      0.039612    0.000051    3.160610 ^ clkbuf_1_0__f_clk/A (sky130_fd_sc_hd__clkbuf_16)
     5    0.011922    0.034971    0.115770    3.276381 ^ clkbuf_1_0__f_clk/X (sky130_fd_sc_hd__clkbuf_16)
                                                         clknet_1_0__leaf_clk (net)
                      0.034971    0.000040    3.276421 ^ _110_/CLK (sky130_fd_sc_hd__dfrtp_2)
                                 -0.250000    3.026421   clock uncertainty
                                  0.000000    3.026421   clock reconvergence pessimism
                                  0.175848    3.202269   library recovery time
                                              3.202269   data required time
---------------------------------------------------------------------------------------------
                                              3.202269   data required time
                                             -0.805235   data arrival time
---------------------------------------------------------------------------------------------
                                              2.397033   slack (MET)


Startpoint: resetn (input port clocked by clk)
Endpoint: _115_ (recovery check against rising-edge clock clk)
Path Group: asynchronous
Path Type: max

Fanout         Cap        Slew       Delay        Time   Description
---------------------------------------------------------------------------------------------
                                  0.000000    0.000000   clock clk (rise edge)
                                  0.000000    0.000000   clock network delay (propagated)
                                  0.600000    0.600000 ^ input external delay
     1    0.002665    0.019155    0.009822    0.609822 ^ resetn (in)
                                                         resetn (net)
                      0.019155    0.000000    0.609822 ^ input11/A (sky130_fd_sc_hd__buf_2)
     8    0.036344    0.179683    0.195254    0.805076 ^ input11/X (sky130_fd_sc_hd__buf_2)
                                                         net11 (net)
                      0.179684    0.000382    0.805458 ^ _115_/RESET_B (sky130_fd_sc_hd__dfrtp_1)
                                              0.805458   data arrival time

                                  3.000000    3.000000   clock clk (rise edge)
                                  0.000000    3.000000   clock source latency
     1    0.010260    0.052569    0.034846    3.034846 ^ clk (in)
                                                         clk (net)
                      0.052570    0.000000    3.034846 ^ clkbuf_0_clk/A (sky130_fd_sc_hd__clkbuf_16)
     2    0.017377    0.039612    0.125713    3.160559 ^ clkbuf_0_clk/X (sky130_fd_sc_hd__clkbuf_16)
                                                         clknet_0_clk (net)
                      0.039612    0.000037    3.160597 ^ clkbuf_1_1__f_clk/A (sky130_fd_sc_hd__clkbuf_16)
     4    0.009527    0.032925    0.113470    3.274067 ^ clkbuf_1_1__f_clk/X (sky130_fd_sc_hd__clkbuf_16)
                                                         clknet_1_1__leaf_clk (net)
                      0.032925    0.000011    3.274078 ^ _115_/CLK (sky130_fd_sc_hd__dfrtp_1)
                                 -0.250000    3.024078   clock uncertainty
                                  0.000000    3.024078   clock reconvergence pessimism
                                  0.191695    3.215774   library recovery time
                                              3.215774   data required time
---------------------------------------------------------------------------------------------
                                              3.215774   data required time
                                             -0.805458   data arrival time
---------------------------------------------------------------------------------------------
                                              2.410315   slack (MET)


Startpoint: resetn (input port clocked by clk)
Endpoint: _111_ (recovery check against rising-edge clock clk)
Path Group: asynchronous
Path Type: max

Fanout         Cap        Slew       Delay        Time   Description
---------------------------------------------------------------------------------------------
                                  0.000000    0.000000   clock clk (rise edge)
                                  0.000000    0.000000   clock network delay (propagated)
                                  0.600000    0.600000 ^ input external delay
     1    0.002665    0.019155    0.009822    0.609822 ^ resetn (in)
                                                         resetn (net)
                      0.019155    0.000000    0.609822 ^ input11/A (sky130_fd_sc_hd__buf_2)
     8    0.036344    0.179683    0.195254    0.805076 ^ input11/X (sky130_fd_sc_hd__buf_2)
                                                         net11 (net)
                      0.179684    0.000370    0.805446 ^ _111_/RESET_B (sky130_fd_sc_hd__dfrtp_1)
                                              0.805446   data arrival time

                                  3.000000    3.000000   clock clk (rise edge)
                                  0.000000    3.000000   clock source latency
     1    0.010260    0.052569    0.034846    3.034846 ^ clk (in)
                                                         clk (net)
                      0.052570    0.000000    3.034846 ^ clkbuf_0_clk/A (sky130_fd_sc_hd__clkbuf_16)
     2    0.017377    0.039612    0.125713    3.160559 ^ clkbuf_0_clk/X (sky130_fd_sc_hd__clkbuf_16)
                                                         clknet_0_clk (net)
                      0.039612    0.000037    3.160597 ^ clkbuf_1_1__f_clk/A (sky130_fd_sc_hd__clkbuf_16)
     4    0.009527    0.032925    0.113470    3.274067 ^ clkbuf_1_1__f_clk/X (sky130_fd_sc_hd__clkbuf_16)
                                                         clknet_1_1__leaf_clk (net)
                      0.032925    0.000020    3.274087 ^ _111_/CLK (sky130_fd_sc_hd__dfrtp_1)
                                 -0.250000    3.024087   clock uncertainty
                                  0.000000    3.024087   clock reconvergence pessimism
                                  0.191695    3.215782   library recovery time
                                              3.215782   data required time
---------------------------------------------------------------------------------------------
                                              3.215782   data required time
                                             -0.805446   data arrival time
---------------------------------------------------------------------------------------------
                                              2.410336   slack (MET)


Startpoint: resetn (input port clocked by clk)
Endpoint: _114_ (recovery check against rising-edge clock clk)
Path Group: asynchronous
Path Type: max

Fanout         Cap        Slew       Delay        Time   Description
---------------------------------------------------------------------------------------------
                                  0.000000    0.000000   clock clk (rise edge)
                                  0.000000    0.000000   clock network delay (propagated)
                                  0.600000    0.600000 ^ input external delay
     1    0.002665    0.019155    0.009822    0.609822 ^ resetn (in)
                                                         resetn (net)
                      0.019155    0.000000    0.609822 ^ input11/A (sky130_fd_sc_hd__buf_2)
     8    0.036344    0.179683    0.195254    0.805076 ^ input11/X (sky130_fd_sc_hd__buf_2)
                                                         net11 (net)
                      0.179684    0.000339    0.805415 ^ _114_/RESET_B (sky130_fd_sc_hd__dfrtp_1)
                                              0.805415   data arrival time

                                  3.000000    3.000000   clock clk (rise edge)
                                  0.000000    3.000000   clock source latency
     1    0.010260    0.052569    0.034846    3.034846 ^ clk (in)
                                                         clk (net)
                      0.052570    0.000000    3.034846 ^ clkbuf_0_clk/A (sky130_fd_sc_hd__clkbuf_16)
     2    0.017377    0.039612    0.125713    3.160559 ^ clkbuf_0_clk/X (sky130_fd_sc_hd__clkbuf_16)
                                                         clknet_0_clk (net)
                      0.039612    0.000037    3.160597 ^ clkbuf_1_1__f_clk/A (sky130_fd_sc_hd__clkbuf_16)
     4    0.009527    0.032925    0.113470    3.274067 ^ clkbuf_1_1__f_clk/X (sky130_fd_sc_hd__clkbuf_16)
                                                         clknet_1_1__leaf_clk (net)
                      0.032925    0.000015    3.274082 ^ _114_/CLK (sky130_fd_sc_hd__dfrtp_1)
                                 -0.250000    3.024082   clock uncertainty
                                  0.000000    3.024082   clock reconvergence pessimism
                                  0.191695    3.215777   library recovery time
                                              3.215777   data required time
---------------------------------------------------------------------------------------------
                                              3.215777   data required time
                                             -0.805415   data arrival time
---------------------------------------------------------------------------------------------
                                              2.410363   slack (MET)


Startpoint: resetn (input port clocked by clk)
Endpoint: _113_ (recovery check against rising-edge clock clk)
Path Group: asynchronous
Path Type: max

Fanout         Cap        Slew       Delay        Time   Description
---------------------------------------------------------------------------------------------
                                  0.000000    0.000000   clock clk (rise edge)
                                  0.000000    0.000000   clock network delay (propagated)
                                  0.600000    0.600000 ^ input external delay
     1    0.002665    0.019155    0.009822    0.609822 ^ resetn (in)
                                                         resetn (net)
                      0.019155    0.000000    0.609822 ^ input11/A (sky130_fd_sc_hd__buf_2)
     8    0.036344    0.179683    0.195254    0.805076 ^ input11/X (sky130_fd_sc_hd__buf_2)
                                                         net11 (net)
                      0.179684    0.000284    0.805360 ^ _113_/RESET_B (sky130_fd_sc_hd__dfrtp_1)
                                              0.805360   data arrival time

                                  3.000000    3.000000   clock clk (rise edge)
                                  0.000000    3.000000   clock source latency
     1    0.010260    0.052569    0.034846    3.034846 ^ clk (in)
                                                         clk (net)
                      0.052570    0.000000    3.034846 ^ clkbuf_0_clk/A (sky130_fd_sc_hd__clkbuf_16)
     2    0.017377    0.039612    0.125713    3.160559 ^ clkbuf_0_clk/X (sky130_fd_sc_hd__clkbuf_16)
                                                         clknet_0_clk (net)
                      0.039612    0.000037    3.160597 ^ clkbuf_1_1__f_clk/A (sky130_fd_sc_hd__clkbuf_16)
     4    0.009527    0.032925    0.113470    3.274067 ^ clkbuf_1_1__f_clk/X (sky130_fd_sc_hd__clkbuf_16)
                                                         clknet_1_1__leaf_clk (net)
                      0.032925    0.000008    3.274075 ^ _113_/CLK (sky130_fd_sc_hd__dfrtp_1)
                                 -0.250000    3.024075   clock uncertainty
                                  0.000000    3.024075   clock reconvergence pessimism
                                  0.191695    3.215770   library recovery time
                                              3.215770   data required time
---------------------------------------------------------------------------------------------
                                              3.215770   data required time
                                             -0.805360   data arrival time
---------------------------------------------------------------------------------------------
                                              2.410410   slack (MET)


Startpoint: resetn (input port clocked by clk)
Endpoint: _112_ (recovery check against rising-edge clock clk)
Path Group: asynchronous
Path Type: max

Fanout         Cap        Slew       Delay        Time   Description
---------------------------------------------------------------------------------------------
                                  0.000000    0.000000   clock clk (rise edge)
                                  0.000000    0.000000   clock network delay (propagated)
                                  0.600000    0.600000 ^ input external delay
     1    0.002665    0.019155    0.009822    0.609822 ^ resetn (in)
                                                         resetn (net)
                      0.019155    0.000000    0.609822 ^ input11/A (sky130_fd_sc_hd__buf_2)
     8    0.036344    0.179683    0.195254    0.805076 ^ input11/X (sky130_fd_sc_hd__buf_2)
                                                         net11 (net)
                      0.179683    0.000173    0.805249 ^ _112_/RESET_B (sky130_fd_sc_hd__dfrtp_1)
                                              0.805249   data arrival time

                                  3.000000    3.000000   clock clk (rise edge)
                                  0.000000    3.000000   clock source latency
     1    0.010260    0.052569    0.034846    3.034846 ^ clk (in)
                                                         clk (net)
                      0.052570    0.000000    3.034846 ^ clkbuf_0_clk/A (sky130_fd_sc_hd__clkbuf_16)
     2    0.017377    0.039612    0.125713    3.160559 ^ clkbuf_0_clk/X (sky130_fd_sc_hd__clkbuf_16)
                                                         clknet_0_clk (net)
                      0.039612    0.000051    3.160610 ^ clkbuf_1_0__f_clk/A (sky130_fd_sc_hd__clkbuf_16)
     5    0.011922    0.034971    0.115770    3.276381 ^ clkbuf_1_0__f_clk/X (sky130_fd_sc_hd__clkbuf_16)
                                                         clknet_1_0__leaf_clk (net)
                      0.034971    0.000007    3.276387 ^ _112_/CLK (sky130_fd_sc_hd__dfrtp_1)
                                 -0.250000    3.026387   clock uncertainty
                                  0.000000    3.026387   clock reconvergence pessimism
                                  0.192334    3.218722   library recovery time
                                              3.218722   data required time
---------------------------------------------------------------------------------------------
                                              3.218722   data required time
                                             -0.805249   data arrival time
---------------------------------------------------------------------------------------------
                                              2.413472   slack (MET)


Startpoint: resetn (input port clocked by clk)
Endpoint: _109_ (recovery check against rising-edge clock clk)
Path Group: asynchronous
Path Type: max

Fanout         Cap        Slew       Delay        Time   Description
---------------------------------------------------------------------------------------------
                                  0.000000    0.000000   clock clk (rise edge)
                                  0.000000    0.000000   clock network delay (propagated)
                                  0.600000    0.600000 ^ input external delay
     1    0.002665    0.019155    0.009822    0.609822 ^ resetn (in)
                                                         resetn (net)
                      0.019155    0.000000    0.609822 ^ input11/A (sky130_fd_sc_hd__buf_2)
     8    0.036344    0.179683    0.195254    0.805076 ^ input11/X (sky130_fd_sc_hd__buf_2)
                                                         net11 (net)
                      0.179683    0.000146    0.805222 ^ _109_/RESET_B (sky130_fd_sc_hd__dfrtp_1)
                                              0.805222   data arrival time

                                  3.000000    3.000000   clock clk (rise edge)
                                  0.000000    3.000000   clock source latency
     1    0.010260    0.052569    0.034846    3.034846 ^ clk (in)
                                                         clk (net)
                      0.052570    0.000000    3.034846 ^ clkbuf_0_clk/A (sky130_fd_sc_hd__clkbuf_16)
     2    0.017377    0.039612    0.125713    3.160559 ^ clkbuf_0_clk/X (sky130_fd_sc_hd__clkbuf_16)
                                                         clknet_0_clk (net)
                      0.039612    0.000051    3.160610 ^ clkbuf_1_0__f_clk/A (sky130_fd_sc_hd__clkbuf_16)
     5    0.011922    0.034971    0.115770    3.276381 ^ clkbuf_1_0__f_clk/X (sky130_fd_sc_hd__clkbuf_16)
                                                         clknet_1_0__leaf_clk (net)
                      0.034971    0.000032    3.276412 ^ _109_/CLK (sky130_fd_sc_hd__dfrtp_1)
                                 -0.250000    3.026412   clock uncertainty
                                  0.000000    3.026412   clock reconvergence pessimism
                                  0.192334    3.218747   library recovery time
                                              3.218747   data required time
---------------------------------------------------------------------------------------------
                                              3.218747   data required time
                                             -0.805222   data arrival time
---------------------------------------------------------------------------------------------
                                              2.413525   slack (MET)


Startpoint: resetn (input port clocked by clk)
Endpoint: _108_ (recovery check against rising-edge clock clk)
Path Group: asynchronous
Path Type: max

Fanout         Cap        Slew       Delay        Time   Description
---------------------------------------------------------------------------------------------
                                  0.000000    0.000000   clock clk (rise edge)
                                  0.000000    0.000000   clock network delay (propagated)
                                  0.600000    0.600000 ^ input external delay
     1    0.002665    0.019155    0.009822    0.609822 ^ resetn (in)
                                                         resetn (net)
                      0.019155    0.000000    0.609822 ^ input11/A (sky130_fd_sc_hd__buf_2)
     8    0.036344    0.179683    0.195254    0.805076 ^ input11/X (sky130_fd_sc_hd__buf_2)
                                                         net11 (net)
                      0.179683    0.000088    0.805164 ^ _108_/RESET_B (sky130_fd_sc_hd__dfrtp_1)
                                              0.805164   data arrival time

                                  3.000000    3.000000   clock clk (rise edge)
                                  0.000000    3.000000   clock source latency
     1    0.010260    0.052569    0.034846    3.034846 ^ clk (in)
                                                         clk (net)
                      0.052570    0.000000    3.034846 ^ clkbuf_0_clk/A (sky130_fd_sc_hd__clkbuf_16)
     2    0.017377    0.039612    0.125713    3.160559 ^ clkbuf_0_clk/X (sky130_fd_sc_hd__clkbuf_16)
                                                         clknet_0_clk (net)
                      0.039612    0.000051    3.160610 ^ clkbuf_1_0__f_clk/A (sky130_fd_sc_hd__clkbuf_16)
     5    0.011922    0.034971    0.115770    3.276381 ^ clkbuf_1_0__f_clk/X (sky130_fd_sc_hd__clkbuf_16)
                                                         clknet_1_0__leaf_clk (net)
                      0.034971    0.000014    3.276395 ^ _108_/CLK (sky130_fd_sc_hd__dfrtp_1)
                                 -0.250000    3.026395   clock uncertainty
                                  0.000000    3.026395   clock reconvergence pessimism
                                  0.192334    3.218729   library recovery time
                                              3.218729   data required time
---------------------------------------------------------------------------------------------
                                              3.218729   data required time
                                             -0.805164   data arrival time
---------------------------------------------------------------------------------------------
                                              2.413564   slack (MET)



