Reading timing models for corner nom_tt_025C_1v80…
Reading cell library for the 'nom_tt_025C_1v80' corner at '/home/lanh/.volare/volare/sky130/versions/bdc9412b3e468c102d01b7cf6337be06ec6e9c9a/sky130A/libs.ref/sky130_fd_sc_hd/lib/sky130_fd_sc_hd__tt_025C_1v80.lib'…
Reading top-level netlist at '/home/lanh/20213979/counterfullstep/runs/RUN_2024-12-19_18-29-20/06-yosys-synthesis/counter.nl.v'…
Linking design 'counter' from netlist…
Reading design constraints file at '/home/lanh/20213979/counterfullstep/init_counter.sdc'…
[INFO] No information on clock propagation in input SDC file-- unpropagating all clocks.
%OL_CREATE_REPORT min.rpt

===========================================================================
report_checks -path_delay min (Hold)
============================================================================
======================= nom_tt_025C_1v80 Corner ===================================

Startpoint: _108_ (rising edge-triggered flip-flop clocked by clk)
Endpoint: _108_ (rising edge-triggered flip-flop clocked by clk)
Path Group: clk
Path Type: min

Fanout         Cap        Slew       Delay        Time   Description
---------------------------------------------------------------------------------------------
                      0.000000    0.000000    0.000000   clock clk (rise edge)
                                  0.000000    0.000000   clock network delay (ideal)
                      0.000000    0.000000    0.000000 ^ _108_/CLK (sky130_fd_sc_hd__dfrtp_2)
     3    0.009248    0.067711    0.344475    0.344475 ^ _108_/Q (sky130_fd_sc_hd__dfrtp_2)
                                                         count[0] (net)
                      0.067711    0.000000    0.344475 ^ _060_/A1 (sky130_fd_sc_hd__a21oi_2)
     1    0.001949    0.018711    0.046091    0.390566 v _060_/Y (sky130_fd_sc_hd__a21oi_2)
                                                         _000_ (net)
                      0.018711    0.000000    0.390566 v _108_/D (sky130_fd_sc_hd__dfrtp_2)
                                              0.390566   data arrival time

                      0.000000    0.000000    0.000000   clock clk (rise edge)
                                  0.000000    0.000000   clock network delay (ideal)
                                  0.000000    0.000000   clock reconvergence pessimism
                                              0.000000 ^ _108_/CLK (sky130_fd_sc_hd__dfrtp_2)
                                 -0.041670   -0.041670   library hold time
                                             -0.041670   data required time
---------------------------------------------------------------------------------------------
                                             -0.041670   data required time
                                             -0.390566   data arrival time
---------------------------------------------------------------------------------------------
                                              0.432235   slack (MET)


Startpoint: _111_ (rising edge-triggered flip-flop clocked by clk)
Endpoint: _111_ (rising edge-triggered flip-flop clocked by clk)
Path Group: clk
Path Type: min

Fanout         Cap        Slew       Delay        Time   Description
---------------------------------------------------------------------------------------------
                      0.000000    0.000000    0.000000   clock clk (rise edge)
                                  0.000000    0.000000   clock network delay (ideal)
                      0.000000    0.000000    0.000000 ^ _111_/CLK (sky130_fd_sc_hd__dfrtp_2)
     4    0.015689    0.095355    0.369602    0.369602 ^ _111_/Q (sky130_fd_sc_hd__dfrtp_2)
                                                         count[3] (net)
                      0.095355    0.000000    0.369602 ^ _078_/B2 (sky130_fd_sc_hd__a221o_2)
     1    0.002005    0.027230    0.140342    0.509945 ^ _078_/X (sky130_fd_sc_hd__a221o_2)
                                                         _003_ (net)
                      0.027230    0.000000    0.509945 ^ _111_/D (sky130_fd_sc_hd__dfrtp_2)
                                              0.509945   data arrival time

                      0.000000    0.000000    0.000000   clock clk (rise edge)
                                  0.000000    0.000000   clock network delay (ideal)
                                  0.000000    0.000000   clock reconvergence pessimism
                                              0.000000 ^ _111_/CLK (sky130_fd_sc_hd__dfrtp_2)
                                 -0.037125   -0.037125   library hold time
                                             -0.037125   data required time
---------------------------------------------------------------------------------------------
                                             -0.037125   data required time
                                             -0.509945   data arrival time
---------------------------------------------------------------------------------------------
                                              0.547070   slack (MET)


Startpoint: _108_ (rising edge-triggered flip-flop clocked by clk)
Endpoint: _109_ (rising edge-triggered flip-flop clocked by clk)
Path Group: clk
Path Type: min

Fanout         Cap        Slew       Delay        Time   Description
---------------------------------------------------------------------------------------------
                      0.000000    0.000000    0.000000   clock clk (rise edge)
                                  0.000000    0.000000   clock network delay (ideal)
                      0.000000    0.000000    0.000000 ^ _108_/CLK (sky130_fd_sc_hd__dfrtp_2)
     3    0.009248    0.067711    0.344475    0.344475 ^ _108_/Q (sky130_fd_sc_hd__dfrtp_2)
                                                         count[0] (net)
                      0.067711    0.000000    0.344475 ^ _054_/A (sky130_fd_sc_hd__inv_2)
     4    0.010901    0.033559    0.048765    0.393241 v _054_/Y (sky130_fd_sc_hd__inv_2)
                                                         _008_ (net)
                      0.033559    0.000000    0.393241 v _063_/A (sky130_fd_sc_hd__nand2_2)
     1    0.002444    0.026685    0.040750    0.433991 ^ _063_/Y (sky130_fd_sc_hd__nand2_2)
                                                         _016_ (net)
                      0.026685    0.000000    0.433991 ^ _066_/A1 (sky130_fd_sc_hd__a21o_2)
     1    0.002005    0.023202    0.095585    0.529576 ^ _066_/X (sky130_fd_sc_hd__a21o_2)
                                                         _001_ (net)
                      0.023202    0.000000    0.529576 ^ _109_/D (sky130_fd_sc_hd__dfrtp_2)
                                              0.529576   data arrival time

                      0.000000    0.000000    0.000000   clock clk (rise edge)
                                  0.000000    0.000000   clock network delay (ideal)
                                  0.000000    0.000000   clock reconvergence pessimism
                                              0.000000 ^ _109_/CLK (sky130_fd_sc_hd__dfrtp_2)
                                 -0.036287   -0.036287   library hold time
                                             -0.036287   data required time
---------------------------------------------------------------------------------------------
                                             -0.036287   data required time
                                             -0.529576   data arrival time
---------------------------------------------------------------------------------------------
                                              0.565862   slack (MET)


Startpoint: _114_ (rising edge-triggered flip-flop clocked by clk)
Endpoint: _114_ (rising edge-triggered flip-flop clocked by clk)
Path Group: clk
Path Type: min

Fanout         Cap        Slew       Delay        Time   Description
---------------------------------------------------------------------------------------------
                      0.000000    0.000000    0.000000   clock clk (rise edge)
                                  0.000000    0.000000   clock network delay (ideal)
                      0.000000    0.000000    0.000000 ^ _114_/CLK (sky130_fd_sc_hd__dfrtp_2)
     4    0.005798    0.052970    0.329613    0.329613 ^ _114_/Q (sky130_fd_sc_hd__dfrtp_2)
                                                         count[6] (net)
                      0.052970    0.000000    0.329613 ^ _101_/B2 (sky130_fd_sc_hd__a22o_2)
     1    0.002504    0.032343    0.119406    0.449018 ^ _101_/X (sky130_fd_sc_hd__a22o_2)
                                                         _049_ (net)
                      0.032343    0.000000    0.449018 ^ _102_/B1 (sky130_fd_sc_hd__a31o_2)
     1    0.002005    0.028261    0.079777    0.528796 ^ _102_/X (sky130_fd_sc_hd__a31o_2)
                                                         _006_ (net)
                      0.028261    0.000000    0.528796 ^ _114_/D (sky130_fd_sc_hd__dfrtp_2)
                                              0.528796   data arrival time

                      0.000000    0.000000    0.000000   clock clk (rise edge)
                                  0.000000    0.000000   clock network delay (ideal)
                                  0.000000    0.000000   clock reconvergence pessimism
                                              0.000000 ^ _114_/CLK (sky130_fd_sc_hd__dfrtp_2)
                                 -0.037340   -0.037340   library hold time
                                             -0.037340   data required time
---------------------------------------------------------------------------------------------
                                             -0.037340   data required time
                                             -0.528796   data arrival time
---------------------------------------------------------------------------------------------
                                              0.566136   slack (MET)


Startpoint: _112_ (rising edge-triggered flip-flop clocked by clk)
Endpoint: _112_ (rising edge-triggered flip-flop clocked by clk)
Path Group: clk
Path Type: min

Fanout         Cap        Slew       Delay        Time   Description
---------------------------------------------------------------------------------------------
                      0.000000    0.000000    0.000000   clock clk (rise edge)
                                  0.000000    0.000000   clock network delay (ideal)
                      0.000000    0.000000    0.000000 ^ _112_/CLK (sky130_fd_sc_hd__dfrtp_2)
     5    0.008302    0.063669    0.340400    0.340400 ^ _112_/Q (sky130_fd_sc_hd__dfrtp_2)
                                                         count[4] (net)
                      0.063669    0.000000    0.340400 ^ _086_/B2 (sky130_fd_sc_hd__a22o_2)
     1    0.002504    0.032343    0.122653    0.463053 ^ _086_/X (sky130_fd_sc_hd__a22o_2)
                                                         _036_ (net)
                      0.032343    0.000000    0.463053 ^ _087_/B1 (sky130_fd_sc_hd__a31o_2)
     1    0.002005    0.028261    0.079777    0.542830 ^ _087_/X (sky130_fd_sc_hd__a31o_2)
                                                         _004_ (net)
                      0.028261    0.000000    0.542830 ^ _112_/D (sky130_fd_sc_hd__dfrtp_2)
                                              0.542830   data arrival time

                      0.000000    0.000000    0.000000   clock clk (rise edge)
                                  0.000000    0.000000   clock network delay (ideal)
                                  0.000000    0.000000   clock reconvergence pessimism
                                              0.000000 ^ _112_/CLK (sky130_fd_sc_hd__dfrtp_2)
                                 -0.037340   -0.037340   library hold time
                                             -0.037340   data required time
---------------------------------------------------------------------------------------------
                                             -0.037340   data required time
                                             -0.542830   data arrival time
---------------------------------------------------------------------------------------------
                                              0.580170   slack (MET)


Startpoint: _115_ (rising edge-triggered flip-flop clocked by clk)
Endpoint: _115_ (rising edge-triggered flip-flop clocked by clk)
Path Group: clk
Path Type: min

Fanout         Cap        Slew       Delay        Time   Description
---------------------------------------------------------------------------------------------
                      0.000000    0.000000    0.000000   clock clk (rise edge)
                                  0.000000    0.000000   clock network delay (ideal)
                      0.000000    0.000000    0.000000 ^ _115_/CLK (sky130_fd_sc_hd__dfrtp_2)
     3    0.010937    0.074929    0.351752    0.351752 ^ _115_/Q (sky130_fd_sc_hd__dfrtp_2)
                                                         count[7] (net)
                      0.074929    0.000000    0.351752 ^ _106_/B2 (sky130_fd_sc_hd__a22o_2)
     1    0.002564    0.032629    0.126387    0.478139 ^ _106_/X (sky130_fd_sc_hd__a22o_2)
                                                         _053_ (net)
                      0.032629    0.000000    0.478139 ^ _107_/B1 (sky130_fd_sc_hd__a21o_2)
     1    0.002005    0.023202    0.071200    0.549339 ^ _107_/X (sky130_fd_sc_hd__a21o_2)
                                                         _007_ (net)
                      0.023202    0.000000    0.549339 ^ _115_/D (sky130_fd_sc_hd__dfrtp_2)
                                              0.549339   data arrival time

                      0.000000    0.000000    0.000000   clock clk (rise edge)
                                  0.000000    0.000000   clock network delay (ideal)
                                  0.000000    0.000000   clock reconvergence pessimism
                                              0.000000 ^ _115_/CLK (sky130_fd_sc_hd__dfrtp_2)
                                 -0.036287   -0.036287   library hold time
                                             -0.036287   data required time
---------------------------------------------------------------------------------------------
                                             -0.036287   data required time
                                             -0.549339   data arrival time
---------------------------------------------------------------------------------------------
                                              0.585626   slack (MET)


Startpoint: _113_ (rising edge-triggered flip-flop clocked by clk)
Endpoint: _113_ (rising edge-triggered flip-flop clocked by clk)
Path Group: clk
Path Type: min

Fanout         Cap        Slew       Delay        Time   Description
---------------------------------------------------------------------------------------------
                      0.000000    0.000000    0.000000   clock clk (rise edge)
                                  0.000000    0.000000   clock network delay (ideal)
                      0.000000    0.000000    0.000000 ^ _113_/CLK (sky130_fd_sc_hd__dfrtp_2)
     4    0.013484    0.085844    0.362033    0.362033 ^ _113_/Q (sky130_fd_sc_hd__dfrtp_2)
                                                         count[5] (net)
                      0.085844    0.000000    0.362033 ^ _092_/B2 (sky130_fd_sc_hd__a22o_2)
     1    0.002504    0.032343    0.129377    0.491410 ^ _092_/X (sky130_fd_sc_hd__a22o_2)
                                                         _041_ (net)
                      0.032343    0.000000    0.491410 ^ _093_/B1 (sky130_fd_sc_hd__a31o_2)
     1    0.002005    0.028261    0.079777    0.571187 ^ _093_/X (sky130_fd_sc_hd__a31o_2)
                                                         _005_ (net)
                      0.028261    0.000000    0.571187 ^ _113_/D (sky130_fd_sc_hd__dfrtp_2)
                                              0.571187   data arrival time

                      0.000000    0.000000    0.000000   clock clk (rise edge)
                                  0.000000    0.000000   clock network delay (ideal)
                                  0.000000    0.000000   clock reconvergence pessimism
                                              0.000000 ^ _113_/CLK (sky130_fd_sc_hd__dfrtp_2)
                                 -0.037340   -0.037340   library hold time
                                             -0.037340   data required time
---------------------------------------------------------------------------------------------
                                             -0.037340   data required time
                                             -0.571187   data arrival time
---------------------------------------------------------------------------------------------
                                              0.608527   slack (MET)


Startpoint: _110_ (rising edge-triggered flip-flop clocked by clk)
Endpoint: _110_ (rising edge-triggered flip-flop clocked by clk)
Path Group: clk
Path Type: min

Fanout         Cap        Slew       Delay        Time   Description
---------------------------------------------------------------------------------------------
                      0.000000    0.000000    0.000000   clock clk (rise edge)
                                  0.000000    0.000000   clock network delay (ideal)
                      0.000000    0.000000    0.000000 ^ _110_/CLK (sky130_fd_sc_hd__dfrtp_2)
     5    0.020225    0.114920    0.385174    0.385174 ^ _110_/Q (sky130_fd_sc_hd__dfrtp_2)
                                                         count[2] (net)
                      0.114920    0.000000    0.385174 ^ _071_/B2 (sky130_fd_sc_hd__a22o_2)
     1    0.002504    0.032343    0.138194    0.523369 ^ _071_/X (sky130_fd_sc_hd__a22o_2)
                                                         _023_ (net)
                      0.032343    0.000000    0.523369 ^ _072_/B1 (sky130_fd_sc_hd__a31o_2)
     1    0.002005    0.028261    0.079777    0.603146 ^ _072_/X (sky130_fd_sc_hd__a31o_2)
                                                         _002_ (net)
                      0.028261    0.000000    0.603146 ^ _110_/D (sky130_fd_sc_hd__dfrtp_2)
                                              0.603146   data arrival time

                      0.000000    0.000000    0.000000   clock clk (rise edge)
                                  0.000000    0.000000   clock network delay (ideal)
                                  0.000000    0.000000   clock reconvergence pessimism
                                              0.000000 ^ _110_/CLK (sky130_fd_sc_hd__dfrtp_2)
                                 -0.037340   -0.037340   library hold time
                                             -0.037340   data required time
---------------------------------------------------------------------------------------------
                                             -0.037340   data required time
                                             -0.603146   data arrival time
---------------------------------------------------------------------------------------------
                                              0.640486   slack (MET)



%OL_END_REPORT
%OL_CREATE_REPORT max.rpt

===========================================================================
report_checks -path_delay max (Setup)
============================================================================
======================= nom_tt_025C_1v80 Corner ===================================

Startpoint: _109_ (rising edge-triggered flip-flop clocked by clk)
Endpoint: _115_ (rising edge-triggered flip-flop clocked by clk)
Path Group: clk
Path Type: max

Fanout         Cap        Slew       Delay        Time   Description
---------------------------------------------------------------------------------------------
                      0.000000    0.000000    0.000000   clock clk (rise edge)
                                  0.000000    0.000000   clock network delay (ideal)
                      0.000000    0.000000    0.000000 ^ _109_/CLK (sky130_fd_sc_hd__dfrtp_2)
     4    0.015075    0.072155    0.406771    0.406771 v _109_/Q (sky130_fd_sc_hd__dfrtp_2)
                                                         count[1] (net)
                      0.072155    0.000000    0.406771 v _062_/A (sky130_fd_sc_hd__xor2_2)
     3    0.008701    0.061927    0.190856    0.597628 v _062_/X (sky130_fd_sc_hd__xor2_2)
                                                         _015_ (net)
                      0.061927    0.000000    0.597628 v _067_/A2 (sky130_fd_sc_hd__o21a_2)
     3    0.009965    0.052419    0.217894    0.815522 v _067_/X (sky130_fd_sc_hd__o21a_2)
                                                         _019_ (net)
                      0.052419    0.000000    0.815522 v _080_/A1 (sky130_fd_sc_hd__o31ai_2)
     4    0.011029    0.304732    0.330388    1.145910 ^ _080_/Y (sky130_fd_sc_hd__o31ai_2)
                                                         _030_ (net)
                      0.304732    0.000000    1.145910 ^ _098_/A1 (sky130_fd_sc_hd__a31o_2)
     3    0.011169    0.083524    0.241842    1.387752 ^ _098_/X (sky130_fd_sc_hd__a31o_2)
                                                         _046_ (net)
                      0.083524    0.000000    1.387752 ^ _103_/A2 (sky130_fd_sc_hd__a21oi_2)
     1    0.008318    0.061269    0.072801    1.460553 v _103_/Y (sky130_fd_sc_hd__a21oi_2)
                                                         _050_ (net)
                      0.061269    0.000000    1.460553 v _105_/A (sky130_fd_sc_hd__xnor2_2)
     1    0.002207    0.044171    0.127757    1.588310 v _105_/Y (sky130_fd_sc_hd__xnor2_2)
                                                         _052_ (net)
                      0.044171    0.000000    1.588310 v _107_/A2 (sky130_fd_sc_hd__a21o_2)
     1    0.001949    0.031510    0.197905    1.786215 v _107_/X (sky130_fd_sc_hd__a21o_2)
                                                         _007_ (net)
                      0.031510    0.000000    1.786215 v _115_/D (sky130_fd_sc_hd__dfrtp_2)
                                              1.786215   data arrival time

                      0.000000    4.300000    4.300000   clock clk (rise edge)
                                  0.000000    4.300000   clock network delay (ideal)
                                  0.000000    4.300000   clock reconvergence pessimism
                                              4.300000 ^ _115_/CLK (sky130_fd_sc_hd__dfrtp_2)
                                 -0.119968    4.180032   library setup time
                                              4.180032   data required time
---------------------------------------------------------------------------------------------
                                              4.180032   data required time
                                             -1.786215   data arrival time
---------------------------------------------------------------------------------------------
                                              2.393816   slack (MET)


Startpoint: _109_ (rising edge-triggered flip-flop clocked by clk)
Endpoint: _114_ (rising edge-triggered flip-flop clocked by clk)
Path Group: clk
Path Type: max

Fanout         Cap        Slew       Delay        Time   Description
---------------------------------------------------------------------------------------------
                      0.000000    0.000000    0.000000   clock clk (rise edge)
                                  0.000000    0.000000   clock network delay (ideal)
                      0.000000    0.000000    0.000000 ^ _109_/CLK (sky130_fd_sc_hd__dfrtp_2)
     4    0.015075    0.072155    0.406771    0.406771 v _109_/Q (sky130_fd_sc_hd__dfrtp_2)
                                                         count[1] (net)
                      0.072155    0.000000    0.406771 v _062_/A (sky130_fd_sc_hd__xor2_2)
     3    0.008701    0.061927    0.190856    0.597628 v _062_/X (sky130_fd_sc_hd__xor2_2)
                                                         _015_ (net)
                      0.061927    0.000000    0.597628 v _067_/A2 (sky130_fd_sc_hd__o21a_2)
     3    0.009965    0.052419    0.217894    0.815522 v _067_/X (sky130_fd_sc_hd__o21a_2)
                                                         _019_ (net)
                      0.052419    0.000000    0.815522 v _080_/A1 (sky130_fd_sc_hd__o31ai_2)
     4    0.011029    0.304732    0.330388    1.145910 ^ _080_/Y (sky130_fd_sc_hd__o31ai_2)
                                                         _030_ (net)
                      0.304732    0.000000    1.145910 ^ _098_/A1 (sky130_fd_sc_hd__a31o_2)
     3    0.011169    0.083524    0.241842    1.387752 ^ _098_/X (sky130_fd_sc_hd__a31o_2)
                                                         _046_ (net)
                      0.083524    0.000000    1.387752 ^ _099_/B (sky130_fd_sc_hd__nand2_2)
     1    0.002252    0.039306    0.049401    1.437153 v _099_/Y (sky130_fd_sc_hd__nand2_2)
                                                         _047_ (net)
                      0.039306    0.000000    1.437153 v _102_/A2 (sky130_fd_sc_hd__a31o_2)
     1    0.001949    0.034794    0.216128    1.653281 v _102_/X (sky130_fd_sc_hd__a31o_2)
                                                         _006_ (net)
                      0.034794    0.000000    1.653281 v _114_/D (sky130_fd_sc_hd__dfrtp_2)
                                              1.653281   data arrival time

                      0.000000    4.300000    4.300000   clock clk (rise edge)
                                  0.000000    4.300000   clock network delay (ideal)
                                  0.000000    4.300000   clock reconvergence pessimism
                                              4.300000 ^ _114_/CLK (sky130_fd_sc_hd__dfrtp_2)
                                 -0.121413    4.178587   library setup time
                                              4.178587   data required time
---------------------------------------------------------------------------------------------
                                              4.178587   data required time
                                             -1.653281   data arrival time
---------------------------------------------------------------------------------------------
                                              2.525306   slack (MET)


Startpoint: _109_ (rising edge-triggered flip-flop clocked by clk)
Endpoint: _113_ (rising edge-triggered flip-flop clocked by clk)
Path Group: clk
Path Type: max

Fanout         Cap        Slew       Delay        Time   Description
---------------------------------------------------------------------------------------------
                      0.000000    0.000000    0.000000   clock clk (rise edge)
                                  0.000000    0.000000   clock network delay (ideal)
                      0.000000    0.000000    0.000000 ^ _109_/CLK (sky130_fd_sc_hd__dfrtp_2)
     4    0.015075    0.072155    0.406771    0.406771 v _109_/Q (sky130_fd_sc_hd__dfrtp_2)
                                                         count[1] (net)
                      0.072155    0.000000    0.406771 v _062_/A (sky130_fd_sc_hd__xor2_2)
     3    0.008701    0.061927    0.190856    0.597628 v _062_/X (sky130_fd_sc_hd__xor2_2)
                                                         _015_ (net)
                      0.061927    0.000000    0.597628 v _067_/A2 (sky130_fd_sc_hd__o21a_2)
     3    0.009965    0.052419    0.217894    0.815522 v _067_/X (sky130_fd_sc_hd__o21a_2)
                                                         _019_ (net)
                      0.052419    0.000000    0.815522 v _080_/A1 (sky130_fd_sc_hd__o31ai_2)
     4    0.011029    0.304732    0.330388    1.145910 ^ _080_/Y (sky130_fd_sc_hd__o31ai_2)
                                                         _030_ (net)
                      0.304732    0.000000    1.145910 ^ _089_/A1 (sky130_fd_sc_hd__a21o_2)
     2    0.006117    0.048728    0.187852    1.333761 ^ _089_/X (sky130_fd_sc_hd__a21o_2)
                                                         _038_ (net)
                      0.048728    0.000000    1.333761 ^ _090_/B (sky130_fd_sc_hd__nand2_2)
     1    0.002252    0.042784    0.042400    1.376162 v _090_/Y (sky130_fd_sc_hd__nand2_2)
                                                         _039_ (net)
                      0.042784    0.000000    1.376162 v _093_/A2 (sky130_fd_sc_hd__a31o_2)
     1    0.001949    0.034794    0.217592    1.593753 v _093_/X (sky130_fd_sc_hd__a31o_2)
                                                         _005_ (net)
                      0.034794    0.000000    1.593753 v _113_/D (sky130_fd_sc_hd__dfrtp_2)
                                              1.593753   data arrival time

                      0.000000    4.300000    4.300000   clock clk (rise edge)
                                  0.000000    4.300000   clock network delay (ideal)
                                  0.000000    4.300000   clock reconvergence pessimism
                                              4.300000 ^ _113_/CLK (sky130_fd_sc_hd__dfrtp_2)
                                 -0.121413    4.178587   library setup time
                                              4.178587   data required time
---------------------------------------------------------------------------------------------
                                              4.178587   data required time
                                             -1.593753   data arrival time
---------------------------------------------------------------------------------------------
                                              2.584834   slack (MET)


Startpoint: _109_ (rising edge-triggered flip-flop clocked by clk)
Endpoint: _111_ (rising edge-triggered flip-flop clocked by clk)
Path Group: clk
Path Type: max

Fanout         Cap        Slew       Delay        Time   Description
---------------------------------------------------------------------------------------------
                      0.000000    0.000000    0.000000   clock clk (rise edge)
                                  0.000000    0.000000   clock network delay (ideal)
                      0.000000    0.000000    0.000000 ^ _109_/CLK (sky130_fd_sc_hd__dfrtp_2)
     4    0.015075    0.072155    0.406771    0.406771 v _109_/Q (sky130_fd_sc_hd__dfrtp_2)
                                                         count[1] (net)
                      0.072155    0.000000    0.406771 v _062_/A (sky130_fd_sc_hd__xor2_2)
     3    0.008701    0.061927    0.190856    0.597628 v _062_/X (sky130_fd_sc_hd__xor2_2)
                                                         _015_ (net)
                      0.061927    0.000000    0.597628 v _067_/A2 (sky130_fd_sc_hd__o21a_2)
     3    0.009965    0.052419    0.217894    0.815522 v _067_/X (sky130_fd_sc_hd__o21a_2)
                                                         _019_ (net)
                      0.052419    0.000000    0.815522 v _070_/A (sky130_fd_sc_hd__or2_2)
     2    0.006477    0.067106    0.307929    1.123451 v _070_/X (sky130_fd_sc_hd__or2_2)
                                                         _022_ (net)
                      0.067106    0.000000    1.123451 v _075_/B1 (sky130_fd_sc_hd__o21ai_2)
     2    0.009772    0.156421    0.084459    1.207909 ^ _075_/Y (sky130_fd_sc_hd__o21ai_2)
                                                         _026_ (net)
                      0.156421    0.000000    1.207909 ^ _077_/A2 (sky130_fd_sc_hd__a21oi_2)
     1    0.002067    0.054836    0.068398    1.276307 v _077_/Y (sky130_fd_sc_hd__a21oi_2)
                                                         _028_ (net)
                      0.054836    0.000000    1.276307 v _078_/C1 (sky130_fd_sc_hd__a221o_2)
     1    0.001949    0.050121    0.287157    1.563464 v _078_/X (sky130_fd_sc_hd__a221o_2)
                                                         _003_ (net)
                      0.050121    0.000000    1.563464 v _111_/D (sky130_fd_sc_hd__dfrtp_2)
                                              1.563464   data arrival time

                      0.000000    4.300000    4.300000   clock clk (rise edge)
                                  0.000000    4.300000   clock network delay (ideal)
                                  0.000000    4.300000   clock reconvergence pessimism
                                              4.300000 ^ _111_/CLK (sky130_fd_sc_hd__dfrtp_2)
                                 -0.128156    4.171844   library setup time
                                              4.171844   data required time
---------------------------------------------------------------------------------------------
                                              4.171844   data required time
                                             -1.563464   data arrival time
---------------------------------------------------------------------------------------------
                                              2.608380   slack (MET)


Startpoint: _109_ (rising edge-triggered flip-flop clocked by clk)
Endpoint: _112_ (rising edge-triggered flip-flop clocked by clk)
Path Group: clk
Path Type: max

Fanout         Cap        Slew       Delay        Time   Description
---------------------------------------------------------------------------------------------
                      0.000000    0.000000    0.000000   clock clk (rise edge)
                                  0.000000    0.000000   clock network delay (ideal)
                      0.000000    0.000000    0.000000 ^ _109_/CLK (sky130_fd_sc_hd__dfrtp_2)
     4    0.015075    0.072155    0.406771    0.406771 v _109_/Q (sky130_fd_sc_hd__dfrtp_2)
                                                         count[1] (net)
                      0.072155    0.000000    0.406771 v _062_/A (sky130_fd_sc_hd__xor2_2)
     3    0.008701    0.061927    0.190856    0.597628 v _062_/X (sky130_fd_sc_hd__xor2_2)
                                                         _015_ (net)
                      0.061927    0.000000    0.597628 v _067_/A2 (sky130_fd_sc_hd__o21a_2)
     3    0.009965    0.052419    0.217894    0.815522 v _067_/X (sky130_fd_sc_hd__o21a_2)
                                                         _019_ (net)
                      0.052419    0.000000    0.815522 v _080_/A1 (sky130_fd_sc_hd__o31ai_2)
     4    0.011029    0.304732    0.330388    1.145910 ^ _080_/Y (sky130_fd_sc_hd__o31ai_2)
                                                         _030_ (net)
                      0.304732    0.000000    1.145910 ^ _085_/A (sky130_fd_sc_hd__nand2_2)
     1    0.002240    0.061176    0.060273    1.206183 v _085_/Y (sky130_fd_sc_hd__nand2_2)
                                                         _035_ (net)
                      0.061176    0.000000    1.206183 v _087_/A3 (sky130_fd_sc_hd__a31o_2)
     1    0.001949    0.034794    0.238296    1.444479 v _087_/X (sky130_fd_sc_hd__a31o_2)
                                                         _004_ (net)
                      0.034794    0.000000    1.444479 v _112_/D (sky130_fd_sc_hd__dfrtp_2)
                                              1.444479   data arrival time

                      0.000000    4.300000    4.300000   clock clk (rise edge)
                                  0.000000    4.300000   clock network delay (ideal)
                                  0.000000    4.300000   clock reconvergence pessimism
                                              4.300000 ^ _112_/CLK (sky130_fd_sc_hd__dfrtp_2)
                                 -0.121413    4.178587   library setup time
                                              4.178587   data required time
---------------------------------------------------------------------------------------------
                                              4.178587   data required time
                                             -1.444479   data arrival time
---------------------------------------------------------------------------------------------
                                              2.734108   slack (MET)


Startpoint: _109_ (rising edge-triggered flip-flop clocked by clk)
Endpoint: _110_ (rising edge-triggered flip-flop clocked by clk)
Path Group: clk
Path Type: max

Fanout         Cap        Slew       Delay        Time   Description
---------------------------------------------------------------------------------------------
                      0.000000    0.000000    0.000000   clock clk (rise edge)
                                  0.000000    0.000000   clock network delay (ideal)
                      0.000000    0.000000    0.000000 ^ _109_/CLK (sky130_fd_sc_hd__dfrtp_2)
     4    0.015075    0.072155    0.406771    0.406771 v _109_/Q (sky130_fd_sc_hd__dfrtp_2)
                                                         count[1] (net)
                      0.072155    0.000000    0.406771 v _062_/A (sky130_fd_sc_hd__xor2_2)
     3    0.008701    0.061927    0.190856    0.597628 v _062_/X (sky130_fd_sc_hd__xor2_2)
                                                         _015_ (net)
                      0.061927    0.000000    0.597628 v _067_/A2 (sky130_fd_sc_hd__o21a_2)
     3    0.009965    0.052419    0.217894    0.815522 v _067_/X (sky130_fd_sc_hd__o21a_2)
                                                         _019_ (net)
                      0.052419    0.000000    0.815522 v _070_/A (sky130_fd_sc_hd__or2_2)
     2    0.006477    0.067106    0.307929    1.123451 v _070_/X (sky130_fd_sc_hd__or2_2)
                                                         _022_ (net)
                      0.067106    0.000000    1.123451 v _072_/A3 (sky130_fd_sc_hd__a31o_2)
     1    0.001949    0.034794    0.240804    1.364255 v _072_/X (sky130_fd_sc_hd__a31o_2)
                                                         _002_ (net)
                      0.034794    0.000000    1.364255 v _110_/D (sky130_fd_sc_hd__dfrtp_2)
                                              1.364255   data arrival time

                      0.000000    4.300000    4.300000   clock clk (rise edge)
                                  0.000000    4.300000   clock network delay (ideal)
                                  0.000000    4.300000   clock reconvergence pessimism
                                              4.300000 ^ _110_/CLK (sky130_fd_sc_hd__dfrtp_2)
                                 -0.121413    4.178587   library setup time
                                              4.178587   data required time
---------------------------------------------------------------------------------------------
                                              4.178587   data required time
                                             -1.364255   data arrival time
---------------------------------------------------------------------------------------------
                                              2.814332   slack (MET)


Startpoint: _109_ (rising edge-triggered flip-flop clocked by clk)
Endpoint: _109_ (rising edge-triggered flip-flop clocked by clk)
Path Group: clk
Path Type: max

Fanout         Cap        Slew       Delay        Time   Description
---------------------------------------------------------------------------------------------
                      0.000000    0.000000    0.000000   clock clk (rise edge)
                                  0.000000    0.000000   clock network delay (ideal)
                      0.000000    0.000000    0.000000 ^ _109_/CLK (sky130_fd_sc_hd__dfrtp_2)
     4    0.015075    0.072155    0.406771    0.406771 v _109_/Q (sky130_fd_sc_hd__dfrtp_2)
                                                         count[1] (net)
                      0.072155    0.000000    0.406771 v _062_/A (sky130_fd_sc_hd__xor2_2)
     3    0.008701    0.061927    0.190856    0.597628 v _062_/X (sky130_fd_sc_hd__xor2_2)
                                                         _015_ (net)
                      0.061927    0.000000    0.597628 v _064_/A2 (sky130_fd_sc_hd__o21a_2)
     1    0.002207    0.032214    0.189297    0.786925 v _064_/X (sky130_fd_sc_hd__o21a_2)
                                                         _017_ (net)
                      0.032214    0.000000    0.786925 v _066_/A2 (sky130_fd_sc_hd__a21o_2)
     1    0.001949    0.031510    0.192887    0.979812 v _066_/X (sky130_fd_sc_hd__a21o_2)
                                                         _001_ (net)
                      0.031510    0.000000    0.979812 v _109_/D (sky130_fd_sc_hd__dfrtp_2)
                                              0.979812   data arrival time

                      0.000000    4.300000    4.300000   clock clk (rise edge)
                                  0.000000    4.300000   clock network delay (ideal)
                                  0.000000    4.300000   clock reconvergence pessimism
                                              4.300000 ^ _109_/CLK (sky130_fd_sc_hd__dfrtp_2)
                                 -0.119968    4.180032   library setup time
                                              4.180032   data required time
---------------------------------------------------------------------------------------------
                                              4.180032   data required time
                                             -0.979812   data arrival time
---------------------------------------------------------------------------------------------
                                              3.200220   slack (MET)


Startpoint: _108_ (rising edge-triggered flip-flop clocked by clk)
Endpoint: _108_ (rising edge-triggered flip-flop clocked by clk)
Path Group: clk
Path Type: max

Fanout         Cap        Slew       Delay        Time   Description
---------------------------------------------------------------------------------------------
                      0.000000    0.000000    0.000000   clock clk (rise edge)
                                  0.000000    0.000000   clock network delay (ideal)
                      0.000000    0.000000    0.000000 ^ _108_/CLK (sky130_fd_sc_hd__dfrtp_2)
     3    0.009248    0.067711    0.344475    0.344475 ^ _108_/Q (sky130_fd_sc_hd__dfrtp_2)
                                                         count[0] (net)
                      0.067711    0.000000    0.344475 ^ _054_/A (sky130_fd_sc_hd__inv_2)
     4    0.010901    0.033559    0.048765    0.393241 v _054_/Y (sky130_fd_sc_hd__inv_2)
                                                         _008_ (net)
                      0.033559    0.000000    0.393241 v _059_/B2 (sky130_fd_sc_hd__a22o_2)
     1    0.004119    0.044464    0.220996    0.614237 v _059_/X (sky130_fd_sc_hd__a22o_2)
                                                         _013_ (net)
                      0.044464    0.000000    0.614237 v _060_/B1 (sky130_fd_sc_hd__a21oi_2)
     1    0.002005    0.072566    0.085000    0.699237 ^ _060_/Y (sky130_fd_sc_hd__a21oi_2)
                                                         _000_ (net)
                      0.072566    0.000000    0.699237 ^ _108_/D (sky130_fd_sc_hd__dfrtp_2)
                                              0.699237   data arrival time

                      0.000000    4.300000    4.300000   clock clk (rise edge)
                                  0.000000    4.300000   clock network delay (ideal)
                                  0.000000    4.300000   clock reconvergence pessimism
                                              4.300000 ^ _108_/CLK (sky130_fd_sc_hd__dfrtp_2)
                                 -0.076861    4.223139   library setup time
                                              4.223139   data required time
---------------------------------------------------------------------------------------------
                                              4.223139   data required time
                                             -0.699237   data arrival time
---------------------------------------------------------------------------------------------
                                              3.523902   slack (MET)



%OL_END_REPORT
%OL_CREATE_REPORT checks.rpt

===========================================================================
report_checks -unconstrained
===========================================================================
======================= nom_tt_025C_1v80 Corner ===================================

Startpoint: _109_ (rising edge-triggered flip-flop clocked by clk)
Endpoint: _115_ (rising edge-triggered flip-flop clocked by clk)
Path Group: clk
Path Type: max

Fanout         Cap        Slew       Delay        Time   Description
---------------------------------------------------------------------------------------------
                      0.000000    0.000000    0.000000   clock clk (rise edge)
                                  0.000000    0.000000   clock network delay (ideal)
                      0.000000    0.000000    0.000000 ^ _109_/CLK (sky130_fd_sc_hd__dfrtp_2)
     4    0.015075    0.072155    0.406771    0.406771 v _109_/Q (sky130_fd_sc_hd__dfrtp_2)
                                                         count[1] (net)
                      0.072155    0.000000    0.406771 v _062_/A (sky130_fd_sc_hd__xor2_2)
     3    0.008701    0.061927    0.190856    0.597628 v _062_/X (sky130_fd_sc_hd__xor2_2)
                                                         _015_ (net)
                      0.061927    0.000000    0.597628 v _067_/A2 (sky130_fd_sc_hd__o21a_2)
     3    0.009965    0.052419    0.217894    0.815522 v _067_/X (sky130_fd_sc_hd__o21a_2)
                                                         _019_ (net)
                      0.052419    0.000000    0.815522 v _080_/A1 (sky130_fd_sc_hd__o31ai_2)
     4    0.011029    0.304732    0.330388    1.145910 ^ _080_/Y (sky130_fd_sc_hd__o31ai_2)
                                                         _030_ (net)
                      0.304732    0.000000    1.145910 ^ _098_/A1 (sky130_fd_sc_hd__a31o_2)
     3    0.011169    0.083524    0.241842    1.387752 ^ _098_/X (sky130_fd_sc_hd__a31o_2)
                                                         _046_ (net)
                      0.083524    0.000000    1.387752 ^ _103_/A2 (sky130_fd_sc_hd__a21oi_2)
     1    0.008318    0.061269    0.072801    1.460553 v _103_/Y (sky130_fd_sc_hd__a21oi_2)
                                                         _050_ (net)
                      0.061269    0.000000    1.460553 v _105_/A (sky130_fd_sc_hd__xnor2_2)
     1    0.002207    0.044171    0.127757    1.588310 v _105_/Y (sky130_fd_sc_hd__xnor2_2)
                                                         _052_ (net)
                      0.044171    0.000000    1.588310 v _107_/A2 (sky130_fd_sc_hd__a21o_2)
     1    0.001949    0.031510    0.197905    1.786215 v _107_/X (sky130_fd_sc_hd__a21o_2)
                                                         _007_ (net)
                      0.031510    0.000000    1.786215 v _115_/D (sky130_fd_sc_hd__dfrtp_2)
                                              1.786215   data arrival time

                      0.000000    4.300000    4.300000   clock clk (rise edge)
                                  0.000000    4.300000   clock network delay (ideal)
                                  0.000000    4.300000   clock reconvergence pessimism
                                              4.300000 ^ _115_/CLK (sky130_fd_sc_hd__dfrtp_2)
                                 -0.119968    4.180032   library setup time
                                              4.180032   data required time
---------------------------------------------------------------------------------------------
                                              4.180032   data required time
                                             -1.786215   data arrival time
---------------------------------------------------------------------------------------------
                                              2.393816   slack (MET)




===========================================================================
report_checks --slack_max -0.01
============================================================================
======================= nom_tt_025C_1v80 Corner ===================================

No paths found.


===========================================================================
 report_check_types -max_slew -max_cap -max_fanout -violators
============================================================================
======================= nom_tt_025C_1v80 Corner ===================================



===========================================================================
report_parasitic_annotation -report_unannotated
============================================================================
Found 75 unannotated drivers.
 clk
 data[0]
 data[1]
 data[2]
 data[3]
 data[4]
 data[5]
 data[6]
 data[7]
 enable
 preload
 resetn
 up_down
 _054_/Y
 _055_/Y
 _056_/Y
 _057_/Y
 _058_/X
 _059_/X
 _060_/Y
 _061_/Y
 _062_/X
 _063_/Y
 _064_/X
 _065_/X
 _066_/X
 _067_/X
 _068_/X
 _069_/Y
 _070_/X
 _071_/X
 _072_/X
 _073_/Y
 _074_/Y
 _075_/Y
 _076_/Y
 _077_/Y
 _078_/X
 _079_/Y
 _080_/Y
 _081_/X
 _082_/X
 _083_/Y
 _084_/X
 _085_/Y
 _086_/X
 _087_/X
 _088_/Y
 _089_/X
 _090_/Y
 _091_/X
 _092_/X
 _093_/X
 _094_/X
 _095_/X
 _096_/Y
 _097_/X
 _098_/X
 _099_/Y
 _100_/X
 _101_/X
 _102_/X
 _103_/Y
 _104_/Y
 _105_/Y
 _106_/X
 _107_/X
 _108_/Q
 _109_/Q
 _110_/Q
 _111_/Q
 _112_/Q
 _113_/Q
 _114_/Q
 _115_/Q
Found 0 partially unannotated drivers.

===========================================================================
max slew violation count 0
%OL_METRIC_I design__max_slew_violation__count__corner:nom_tt_025C_1v80 0
max fanout violation count 0
%OL_METRIC_I design__max_fanout_violation__count__corner:nom_tt_025C_1v80 0
max cap violation count 0
%OL_METRIC_I design__max_cap_violation__count__corner:nom_tt_025C_1v80 0
============================================================================

===========================================================================
check_setup -verbose -unconstrained_endpoints -multiple_clock -no_clock -no_input_delay -loops -generated_clocks
===========================================================================
Warning: There are 12 input ports missing set_input_delay.
  data[0]
  data[1]
  data[2]
  data[3]
  data[4]
  data[5]
  data[6]
  data[7]
  enable
  preload
  resetn
  up_down
Warning: There are 8 unconstrained endpoints.
  count[0]
  count[1]
  count[2]
  count[3]
  count[4]
  count[5]
  count[6]
  count[7]
%OL_END_REPORT
%OL_CREATE_REPORT power.rpt

===========================================================================
 report_power
============================================================================
======================= nom_tt_025C_1v80 Corner ===================================

Group                    Internal    Switching      Leakage        Total
                            Power        Power        Power        Power (Watts)
------------------------------------------------------------------------
Sequential           8.985774e-05 1.070183e-05 8.666587e-11 1.005597e-04  56.2%
Combinational        4.952111e-05 2.899529e-05 2.044930e-10 7.851660e-05  43.8%
Clock                0.000000e+00 0.000000e+00 0.000000e+00 0.000000e+00   0.0%
Macro                0.000000e+00 0.000000e+00 0.000000e+00 0.000000e+00   0.0%
Pad                  0.000000e+00 0.000000e+00 0.000000e+00 0.000000e+00   0.0%
------------------------------------------------------------------------
Total                1.393789e-04 3.969713e-05 2.911589e-10 1.790763e-04 100.0%
                            77.8%        22.2%         0.0%
%OL_METRIC_F power__internal__total 0.0001393788552377373
%OL_METRIC_F power__switching__total 3.96971263398882e-5
%OL_METRIC_F power__leakage__total 2.9115887478781133e-10
%OL_METRIC_F power__total 0.00017907627625390887

%OL_END_REPORT
%OL_CREATE_REPORT skew.min.rpt

===========================================================================
Clock Skew (Hold)
============================================================================
%OL_METRIC_F clock__skew__worst_hold__corner:nom_tt_025C_1v80 0.0
======================= nom_tt_025C_1v80 Corner ===================================

Clock clk
Latency      CRPR       Skew
_108_/CLK ^
0.000000
_108_/CLK ^
0.000000   0.000000    0.000000

%OL_END_REPORT
%OL_CREATE_REPORT skew.max.rpt

===========================================================================
Clock Skew (Setup)
============================================================================
%OL_METRIC_F clock__skew__worst_setup__corner:nom_tt_025C_1v80 0.0
======================= nom_tt_025C_1v80 Corner ===================================

Clock clk
Latency      CRPR       Skew
_108_/CLK ^
0.000000
_108_/CLK ^
0.000000   0.000000    0.000000

%OL_END_REPORT
%OL_CREATE_REPORT ws.min.rpt

===========================================================================
Worst Slack (Hold)
============================================================================
%OL_METRIC_F timing__hold__ws__corner:nom_tt_025C_1v80 0.4322354263517438
nom_tt_025C_1v80: 0.4322354263517438
%OL_END_REPORT
%OL_CREATE_REPORT ws.max.rpt

===========================================================================
Worst Slack (Setup)
============================================================================
%OL_METRIC_F timing__setup__ws__corner:nom_tt_025C_1v80 2.3938163240314774
nom_tt_025C_1v80: 2.3938163240314774
%OL_END_REPORT
%OL_CREATE_REPORT tns.min.rpt

===========================================================================
Total Negative Slack (Hold)
============================================================================
%OL_METRIC_F timing__hold__tns__corner:nom_tt_025C_1v80 0.0
nom_tt_025C_1v80: 0.0
%OL_END_REPORT
%OL_CREATE_REPORT tns.max.rpt

===========================================================================
Total Negative Slack (Setup)
============================================================================
%OL_METRIC_F timing__setup__tns__corner:nom_tt_025C_1v80 0.0
nom_tt_025C_1v80: 0.0
%OL_END_REPORT
%OL_CREATE_REPORT wns.min.rpt

===========================================================================
Worst Negative Slack (Hold)
============================================================================
%OL_METRIC_F timing__hold__wns__corner:nom_tt_025C_1v80 0
nom_tt_025C_1v80: 0
%OL_END_REPORT
%OL_CREATE_REPORT wns.max.rpt

===========================================================================
Worst Negative Slack (Setup)
============================================================================
%OL_METRIC_F timing__setup__wns__corner:nom_tt_025C_1v80 0.0
nom_tt_025C_1v80: 0.0
%OL_END_REPORT
%OL_CREATE_REPORT violator_list.rpt

===========================================================================
Violator List
============================================================================
%OL_METRIC_I timing__hold_vio__count__corner:nom_tt_025C_1v80 0
%OL_METRIC_F timing__hold_r2r__ws__corner:nom_tt_025C_1v80 inf
%OL_METRIC_I timing__hold_r2r_vio__count__corner:nom_tt_025C_1v80 0
%OL_METRIC_I timing__setup_vio__count__corner:nom_tt_025C_1v80 0
%OL_METRIC_F timing__setup_r2r__ws__corner:nom_tt_025C_1v80 inf
%OL_METRIC_I timing__setup_r2r_vio__count__corner:nom_tt_025C_1v80 0
%OL_END_REPORT
%OL_CREATE_REPORT unpropagated.rpt
clk
%OL_END_REPORT
Writing SDF files for all corners…
