
===========================================================================
report_checks -unconstrained
===========================================================================
======================= min_ff_n40C_1v95 Corner ===================================

Startpoint: resetn (input port clocked by clk)
Endpoint: _110_ (recovery check against rising-edge clock clk)
Path Group: asynchronous
Path Type: max

Fanout         Cap        Slew       Delay        Time   Description
---------------------------------------------------------------------------------------------
                                  0.000000    0.000000   clock clk (rise edge)
                                  0.000000    0.000000   clock network delay (propagated)
                                  0.700000    0.700000 ^ input external delay
     1    0.002490    0.012818    0.006407    0.706407 ^ resetn (in)
                                                         resetn (net)
                      0.012818    0.000000    0.706407 ^ hold13/A (sky130_fd_sc_hd__dlygate4sd3_1)
     1    0.002532    0.035682    0.364847    1.071254 ^ hold13/X (sky130_fd_sc_hd__dlygate4sd3_1)
                                                         net34 (net)
                      0.035682    0.000026    1.071279 ^ input11/A (sky130_fd_sc_hd__buf_2)
     8    0.040170    0.149318    0.152837    1.224116 ^ input11/X (sky130_fd_sc_hd__buf_2)
                                                         net11 (net)
                      0.149342    0.001560    1.225676 ^ _110_/RESET_B (sky130_fd_sc_hd__dfrtp_2)
                                              1.225676   data arrival time

                                  3.500000    3.500000   clock clk (rise edge)
                                  0.000000    3.500000   clock source latency
     1    0.012563    0.047185    0.031295    3.531295 ^ clk (in)
                                                         clk (net)
                      0.047186    0.000000    3.531295 ^ clkbuf_0_clk/A (sky130_fd_sc_hd__clkbuf_16)
     2    0.019037    0.030576    0.088524    3.619819 ^ clkbuf_0_clk/X (sky130_fd_sc_hd__clkbuf_16)
                                                         clknet_0_clk (net)
                      0.030576    0.000190    3.620009 ^ clkbuf_1_0__f_clk/A (sky130_fd_sc_hd__clkbuf_16)
     5    0.015527    0.028185    0.081326    3.701335 ^ clkbuf_1_0__f_clk/X (sky130_fd_sc_hd__clkbuf_16)
                                                         clknet_1_0__leaf_clk (net)
                      0.028188    0.000226    3.701561 ^ _110_/CLK (sky130_fd_sc_hd__dfrtp_2)
                                 -0.250000    3.451561   clock uncertainty
                                  0.000000    3.451561   clock reconvergence pessimism
                                  0.102883    3.554444   library recovery time
                                              3.554444   data required time
---------------------------------------------------------------------------------------------
                                              3.554444   data required time
                                             -1.225676   data arrival time
---------------------------------------------------------------------------------------------
                                              2.328768   slack (MET)


Startpoint: up_down (input port clocked by clk)
Endpoint: _112_ (rising edge-triggered flip-flop clocked by clk)
Path Group: clk
Path Type: max

Fanout         Cap        Slew       Delay        Time   Description
---------------------------------------------------------------------------------------------
                                  0.000000    0.000000   clock clk (rise edge)
                                  0.000000    0.000000   clock network delay (propagated)
                                  0.700000    0.700000 v input external delay
     1    0.003421    0.005639    0.002807    0.702807 v up_down (in)
                                                         up_down (net)
                      0.005639    0.000000    0.702807 v input12/A (sky130_fd_sc_hd__clkbuf_2)
     5    0.019801    0.056184    0.090217    0.793024 v input12/X (sky130_fd_sc_hd__clkbuf_2)
                                                         net12 (net)
                      0.056184    0.000257    0.793281 v fanout21/A (sky130_fd_sc_hd__buf_6)
     5    0.029794    0.029699    0.099092    0.892373 v fanout21/X (sky130_fd_sc_hd__buf_6)
                                                         net21 (net)
                      0.029707    0.000438    0.892810 v _062_/A (sky130_fd_sc_hd__xor2_2)
     2    0.005080    0.042675    0.108320    1.001131 v _062_/X (sky130_fd_sc_hd__xor2_2)
                                                         _015_ (net)
                      0.042675    0.000039    1.001169 v _067_/A1 (sky130_fd_sc_hd__o21a_1)
     3    0.014518    0.059890    0.154193    1.155362 v _067_/X (sky130_fd_sc_hd__o21a_1)
                                                         _019_ (net)
                      0.059890    0.000184    1.155547 v _080_/A3 (sky130_fd_sc_hd__o31ai_4)
     2    0.006384    0.138577    0.132001    1.287547 ^ _080_/Y (sky130_fd_sc_hd__o31ai_4)
                                                         _030_ (net)
                      0.138577    0.000062    1.287610 ^ rebuffer2/A (sky130_fd_sc_hd__clkbuf_1)
     2    0.005803    0.057747    0.078472    1.366082 ^ rebuffer2/X (sky130_fd_sc_hd__clkbuf_1)
                                                         net23 (net)
                      0.057747    0.000064    1.366146 ^ rebuffer3/A (sky130_fd_sc_hd__buf_2)
     2    0.004593    0.024830    0.071339    1.437485 ^ rebuffer3/X (sky130_fd_sc_hd__buf_2)
                                                         net24 (net)
                      0.024830    0.000041    1.437526 ^ rebuffer4/A (sky130_fd_sc_hd__dlymetal6s2s_1)
     1    0.004002    0.052358    0.068731    1.506257 ^ rebuffer4/X (sky130_fd_sc_hd__dlymetal6s2s_1)
                                                         net25 (net)
                      0.052358    0.000057    1.506314 ^ _085_/A (sky130_fd_sc_hd__nand2_1)
     1    0.003937    0.044434    0.033279    1.539593 v _085_/Y (sky130_fd_sc_hd__nand2_1)
                                                         _035_ (net)
                      0.044434    0.000050    1.539643 v _087_/A3 (sky130_fd_sc_hd__a31o_1)
     1    0.002474    0.026408    0.137090    1.676733 v _087_/X (sky130_fd_sc_hd__a31o_1)
                                                         _004_ (net)
                      0.026408    0.000023    1.676756 v _112_/D (sky130_fd_sc_hd__dfrtp_1)
                                              1.676756   data arrival time

                                  3.500000    3.500000   clock clk (rise edge)
                                  0.000000    3.500000   clock source latency
     1    0.012563    0.047185    0.031295    3.531295 ^ clk (in)
                                                         clk (net)
                      0.047186    0.000000    3.531295 ^ clkbuf_0_clk/A (sky130_fd_sc_hd__clkbuf_16)
     2    0.019037    0.030576    0.088524    3.619819 ^ clkbuf_0_clk/X (sky130_fd_sc_hd__clkbuf_16)
                                                         clknet_0_clk (net)
                      0.030576    0.000190    3.620009 ^ clkbuf_1_0__f_clk/A (sky130_fd_sc_hd__clkbuf_16)
     5    0.015527    0.028185    0.081326    3.701335 ^ clkbuf_1_0__f_clk/X (sky130_fd_sc_hd__clkbuf_16)
                                                         clknet_1_0__leaf_clk (net)
                      0.028185    0.000082    3.701417 ^ _112_/CLK (sky130_fd_sc_hd__dfrtp_1)
                                 -0.250000    3.451417   clock uncertainty
                                  0.000000    3.451417   clock reconvergence pessimism
                                 -0.070815    3.380603   library setup time
                                              3.380603   data required time
---------------------------------------------------------------------------------------------
                                              3.380603   data required time
                                             -1.676756   data arrival time
---------------------------------------------------------------------------------------------
                                              1.703847   slack (MET)




===========================================================================
report_checks --slack_max -0.01
============================================================================
======================= min_ff_n40C_1v95 Corner ===================================

No paths found.


===========================================================================
 report_check_types -max_slew -max_cap -max_fanout -violators
============================================================================
======================= min_ff_n40C_1v95 Corner ===================================



===========================================================================
report_parasitic_annotation -report_unannotated
============================================================================
Found 1 unannotated drivers.
 clkload0/X
Found 0 partially unannotated drivers.

===========================================================================
max slew violation count 0
max fanout violation count 0
max cap violation count 0
============================================================================

===========================================================================
check_setup -verbose -unconstrained_endpoints -multiple_clock -no_clock -no_input_delay -loops -generated_clocks
===========================================================================
