
===========================================================================
report_checks -path_delay max (Setup)
============================================================================
======================= min_ff_n40C_1v95 Corner ===================================

Startpoint: up_down (input port clocked by clk)
Endpoint: _112_ (rising edge-triggered flip-flop clocked by clk)
Path Group: clk
Path Type: max

Fanout         Cap        Slew       Delay        Time   Description
---------------------------------------------------------------------------------------------
                                  0.000000    0.000000   clock clk (rise edge)
                                  0.000000    0.000000   clock network delay (propagated)
                                  0.700000    0.700000 v input external delay
     1    0.003421    0.005639    0.002807    0.702807 v up_down (in)
                                                         up_down (net)
                      0.005639    0.000000    0.702807 v input12/A (sky130_fd_sc_hd__clkbuf_2)
     5    0.019801    0.056184    0.090217    0.793024 v input12/X (sky130_fd_sc_hd__clkbuf_2)
                                                         net12 (net)
                      0.056184    0.000257    0.793281 v fanout21/A (sky130_fd_sc_hd__buf_6)
     5    0.029794    0.029699    0.099092    0.892373 v fanout21/X (sky130_fd_sc_hd__buf_6)
                                                         net21 (net)
                      0.029707    0.000438    0.892810 v _062_/A (sky130_fd_sc_hd__xor2_2)
     2    0.005080    0.042675    0.108320    1.001131 v _062_/X (sky130_fd_sc_hd__xor2_2)
                                                         _015_ (net)
                      0.042675    0.000039    1.001169 v _067_/A1 (sky130_fd_sc_hd__o21a_1)
     3    0.014518    0.059890    0.154193    1.155362 v _067_/X (sky130_fd_sc_hd__o21a_1)
                                                         _019_ (net)
                      0.059890    0.000184    1.155547 v _080_/A3 (sky130_fd_sc_hd__o31ai_4)
     2    0.006384    0.138577    0.132001    1.287547 ^ _080_/Y (sky130_fd_sc_hd__o31ai_4)
                                                         _030_ (net)
                      0.138577    0.000062    1.287610 ^ rebuffer2/A (sky130_fd_sc_hd__clkbuf_1)
     2    0.005803    0.057747    0.078472    1.366082 ^ rebuffer2/X (sky130_fd_sc_hd__clkbuf_1)
                                                         net23 (net)
                      0.057747    0.000064    1.366146 ^ rebuffer3/A (sky130_fd_sc_hd__buf_2)
     2    0.004593    0.024830    0.071339    1.437485 ^ rebuffer3/X (sky130_fd_sc_hd__buf_2)
                                                         net24 (net)
                      0.024830    0.000041    1.437526 ^ rebuffer4/A (sky130_fd_sc_hd__dlymetal6s2s_1)
     1    0.004002    0.052358    0.068731    1.506257 ^ rebuffer4/X (sky130_fd_sc_hd__dlymetal6s2s_1)
                                                         net25 (net)
                      0.052358    0.000057    1.506314 ^ _085_/A (sky130_fd_sc_hd__nand2_1)
     1    0.003937    0.044434    0.033279    1.539593 v _085_/Y (sky130_fd_sc_hd__nand2_1)
                                                         _035_ (net)
                      0.044434    0.000050    1.539643 v _087_/A3 (sky130_fd_sc_hd__a31o_1)
     1    0.002474    0.026408    0.137090    1.676733 v _087_/X (sky130_fd_sc_hd__a31o_1)
                                                         _004_ (net)
                      0.026408    0.000023    1.676756 v _112_/D (sky130_fd_sc_hd__dfrtp_1)
                                              1.676756   data arrival time

                                  3.500000    3.500000   clock clk (rise edge)
                                  0.000000    3.500000   clock source latency
     1    0.012563    0.047185    0.031295    3.531295 ^ clk (in)
                                                         clk (net)
                      0.047186    0.000000    3.531295 ^ clkbuf_0_clk/A (sky130_fd_sc_hd__clkbuf_16)
     2    0.019037    0.030576    0.088524    3.619819 ^ clkbuf_0_clk/X (sky130_fd_sc_hd__clkbuf_16)
                                                         clknet_0_clk (net)
                      0.030576    0.000190    3.620009 ^ clkbuf_1_0__f_clk/A (sky130_fd_sc_hd__clkbuf_16)
     5    0.015527    0.028185    0.081326    3.701335 ^ clkbuf_1_0__f_clk/X (sky130_fd_sc_hd__clkbuf_16)
                                                         clknet_1_0__leaf_clk (net)
                      0.028185    0.000082    3.701417 ^ _112_/CLK (sky130_fd_sc_hd__dfrtp_1)
                                 -0.250000    3.451417   clock uncertainty
                                  0.000000    3.451417   clock reconvergence pessimism
                                 -0.070815    3.380603   library setup time
                                              3.380603   data required time
---------------------------------------------------------------------------------------------
                                              3.380603   data required time
                                             -1.676756   data arrival time
---------------------------------------------------------------------------------------------
                                              1.703847   slack (MET)


Startpoint: up_down (input port clocked by clk)
Endpoint: _114_ (rising edge-triggered flip-flop clocked by clk)
Path Group: clk
Path Type: max

Fanout         Cap        Slew       Delay        Time   Description
---------------------------------------------------------------------------------------------
                                  0.000000    0.000000   clock clk (rise edge)
                                  0.000000    0.000000   clock network delay (propagated)
                                  0.700000    0.700000 v input external delay
     1    0.003421    0.005639    0.002807    0.702807 v up_down (in)
                                                         up_down (net)
                      0.005639    0.000000    0.702807 v input12/A (sky130_fd_sc_hd__clkbuf_2)
     5    0.019801    0.056184    0.090217    0.793024 v input12/X (sky130_fd_sc_hd__clkbuf_2)
                                                         net12 (net)
                      0.056184    0.000257    0.793281 v fanout21/A (sky130_fd_sc_hd__buf_6)
     5    0.029794    0.029699    0.099092    0.892373 v fanout21/X (sky130_fd_sc_hd__buf_6)
                                                         net21 (net)
                      0.029707    0.000438    0.892810 v _062_/A (sky130_fd_sc_hd__xor2_2)
     2    0.005080    0.042675    0.108320    1.001131 v _062_/X (sky130_fd_sc_hd__xor2_2)
                                                         _015_ (net)
                      0.042675    0.000039    1.001169 v _067_/A1 (sky130_fd_sc_hd__o21a_1)
     3    0.014518    0.059890    0.154193    1.155362 v _067_/X (sky130_fd_sc_hd__o21a_1)
                                                         _019_ (net)
                      0.059890    0.000184    1.155547 v _080_/A3 (sky130_fd_sc_hd__o31ai_4)
     2    0.006384    0.138577    0.132001    1.287547 ^ _080_/Y (sky130_fd_sc_hd__o31ai_4)
                                                         _030_ (net)
                      0.138577    0.000065    1.287612 ^ _098_/A1 (sky130_fd_sc_hd__a31o_1)
     3    0.010459    0.081150    0.127501    1.415113 ^ _098_/X (sky130_fd_sc_hd__a31o_1)
                                                         _046_ (net)
                      0.081150    0.000113    1.415226 ^ rebuffer1/A (sky130_fd_sc_hd__clkbuf_2)
     1    0.004094    0.026007    0.075167    1.490394 ^ rebuffer1/X (sky130_fd_sc_hd__clkbuf_2)
                                                         net22 (net)
                      0.026007    0.000053    1.490447 ^ _099_/B (sky130_fd_sc_hd__nand2_1)
     1    0.003267    0.044297    0.028582    1.519029 v _099_/Y (sky130_fd_sc_hd__nand2_1)
                                                         _047_ (net)
                      0.044297    0.000038    1.519066 v _102_/A2 (sky130_fd_sc_hd__a31o_1)
     1    0.003157    0.028764    0.133415    1.652482 v _102_/X (sky130_fd_sc_hd__a31o_1)
                                                         _006_ (net)
                      0.028764    0.000036    1.652518 v _114_/D (sky130_fd_sc_hd__dfrtp_1)
                                              1.652518   data arrival time

                                  3.500000    3.500000   clock clk (rise edge)
                                  0.000000    3.500000   clock source latency
     1    0.012563    0.047185    0.031295    3.531295 ^ clk (in)
                                                         clk (net)
                      0.047186    0.000000    3.531295 ^ clkbuf_0_clk/A (sky130_fd_sc_hd__clkbuf_16)
     2    0.019037    0.030576    0.088524    3.619819 ^ clkbuf_0_clk/X (sky130_fd_sc_hd__clkbuf_16)
                                                         clknet_0_clk (net)
                      0.030576    0.000175    3.619995 ^ clkbuf_1_1__f_clk/A (sky130_fd_sc_hd__clkbuf_16)
     4    0.011337    0.025410    0.078468    3.698462 ^ clkbuf_1_1__f_clk/X (sky130_fd_sc_hd__clkbuf_16)
                                                         clknet_1_1__leaf_clk (net)
                      0.025410    0.000074    3.698536 ^ _114_/CLK (sky130_fd_sc_hd__dfrtp_1)
                                 -0.250000    3.448536   clock uncertainty
                                  0.000000    3.448536   clock reconvergence pessimism
                                 -0.071923    3.376613   library setup time
                                              3.376613   data required time
---------------------------------------------------------------------------------------------
                                              3.376613   data required time
                                             -1.652518   data arrival time
---------------------------------------------------------------------------------------------
                                              1.724095   slack (MET)


Startpoint: up_down (input port clocked by clk)
Endpoint: _115_ (rising edge-triggered flip-flop clocked by clk)
Path Group: clk
Path Type: max

Fanout         Cap        Slew       Delay        Time   Description
---------------------------------------------------------------------------------------------
                                  0.000000    0.000000   clock clk (rise edge)
                                  0.000000    0.000000   clock network delay (propagated)
                                  0.700000    0.700000 v input external delay
     1    0.003421    0.005639    0.002807    0.702807 v up_down (in)
                                                         up_down (net)
                      0.005639    0.000000    0.702807 v input12/A (sky130_fd_sc_hd__clkbuf_2)
     5    0.019801    0.056184    0.090217    0.793024 v input12/X (sky130_fd_sc_hd__clkbuf_2)
                                                         net12 (net)
                      0.056184    0.000257    0.793281 v fanout21/A (sky130_fd_sc_hd__buf_6)
     5    0.029794    0.029699    0.099092    0.892373 v fanout21/X (sky130_fd_sc_hd__buf_6)
                                                         net21 (net)
                      0.029707    0.000438    0.892810 v _062_/A (sky130_fd_sc_hd__xor2_2)
     2    0.005080    0.042675    0.108320    1.001131 v _062_/X (sky130_fd_sc_hd__xor2_2)
                                                         _015_ (net)
                      0.042675    0.000039    1.001169 v _067_/A1 (sky130_fd_sc_hd__o21a_1)
     3    0.014518    0.059890    0.154193    1.155362 v _067_/X (sky130_fd_sc_hd__o21a_1)
                                                         _019_ (net)
                      0.059890    0.000184    1.155547 v _080_/A3 (sky130_fd_sc_hd__o31ai_4)
     2    0.006384    0.138577    0.132001    1.287547 ^ _080_/Y (sky130_fd_sc_hd__o31ai_4)
                                                         _030_ (net)
                      0.138577    0.000065    1.287612 ^ _098_/A1 (sky130_fd_sc_hd__a31o_1)
     3    0.010459    0.081150    0.127501    1.415113 ^ _098_/X (sky130_fd_sc_hd__a31o_1)
                                                         _046_ (net)
                      0.081150    0.000125    1.415238 ^ _103_/A1 (sky130_fd_sc_hd__a21oi_2)
     1    0.005243    0.042179    0.035124    1.450362 v _103_/Y (sky130_fd_sc_hd__a21oi_2)
                                                         _050_ (net)
                      0.042179    0.000046    1.450408 v _105_/A (sky130_fd_sc_hd__xnor2_1)
     1    0.002596    0.032683    0.080422    1.530830 v _105_/Y (sky130_fd_sc_hd__xnor2_1)
                                                         _052_ (net)
                      0.032683    0.000023    1.530854 v _107_/A2 (sky130_fd_sc_hd__a21o_1)
     1    0.002879    0.024072    0.110166    1.641020 v _107_/X (sky130_fd_sc_hd__a21o_1)
                                                         _007_ (net)
                      0.024072    0.000029    1.641049 v _115_/D (sky130_fd_sc_hd__dfrtp_1)
                                              1.641049   data arrival time

                                  3.500000    3.500000   clock clk (rise edge)
                                  0.000000    3.500000   clock source latency
     1    0.012563    0.047185    0.031295    3.531295 ^ clk (in)
                                                         clk (net)
                      0.047186    0.000000    3.531295 ^ clkbuf_0_clk/A (sky130_fd_sc_hd__clkbuf_16)
     2    0.019037    0.030576    0.088524    3.619819 ^ clkbuf_0_clk/X (sky130_fd_sc_hd__clkbuf_16)
                                                         clknet_0_clk (net)
                      0.030576    0.000175    3.619995 ^ clkbuf_1_1__f_clk/A (sky130_fd_sc_hd__clkbuf_16)
     4    0.011337    0.025410    0.078468    3.698462 ^ clkbuf_1_1__f_clk/X (sky130_fd_sc_hd__clkbuf_16)
                                                         clknet_1_1__leaf_clk (net)
                      0.025410    0.000048    3.698510 ^ _115_/CLK (sky130_fd_sc_hd__dfrtp_1)
                                 -0.250000    3.448510   clock uncertainty
                                  0.000000    3.448510   clock reconvergence pessimism
                                 -0.070247    3.378263   library setup time
                                              3.378263   data required time
---------------------------------------------------------------------------------------------
                                              3.378263   data required time
                                             -1.641049   data arrival time
---------------------------------------------------------------------------------------------
                                              1.737214   slack (MET)


Startpoint: up_down (input port clocked by clk)
Endpoint: _113_ (rising edge-triggered flip-flop clocked by clk)
Path Group: clk
Path Type: max

Fanout         Cap        Slew       Delay        Time   Description
---------------------------------------------------------------------------------------------
                                  0.000000    0.000000   clock clk (rise edge)
                                  0.000000    0.000000   clock network delay (propagated)
                                  0.700000    0.700000 v input external delay
     1    0.003421    0.005639    0.002807    0.702807 v up_down (in)
                                                         up_down (net)
                      0.005639    0.000000    0.702807 v input12/A (sky130_fd_sc_hd__clkbuf_2)
     5    0.019801    0.056184    0.090217    0.793024 v input12/X (sky130_fd_sc_hd__clkbuf_2)
                                                         net12 (net)
                      0.056184    0.000257    0.793281 v fanout21/A (sky130_fd_sc_hd__buf_6)
     5    0.029794    0.029699    0.099092    0.892373 v fanout21/X (sky130_fd_sc_hd__buf_6)
                                                         net21 (net)
                      0.029707    0.000438    0.892810 v _062_/A (sky130_fd_sc_hd__xor2_2)
     2    0.005450    0.089230    0.109001    1.001811 ^ _062_/X (sky130_fd_sc_hd__xor2_2)
                                                         _015_ (net)
                      0.089230    0.000042    1.001853 ^ _067_/A1 (sky130_fd_sc_hd__o21a_1)
     3    0.016298    0.118804    0.146898    1.148751 ^ _067_/X (sky130_fd_sc_hd__o21a_1)
                                                         _019_ (net)
                      0.118804    0.000210    1.148961 ^ _080_/A3 (sky130_fd_sc_hd__o31ai_4)
     2    0.006032    0.053403    0.037208    1.186170 v _080_/Y (sky130_fd_sc_hd__o31ai_4)
                                                         _030_ (net)
                      0.053403    0.000059    1.186228 v rebuffer2/A (sky130_fd_sc_hd__clkbuf_1)
     2    0.005478    0.028022    0.074445    1.260674 v rebuffer2/X (sky130_fd_sc_hd__clkbuf_1)
                                                         net23 (net)
                      0.028022    0.000055    1.260729 v _089_/A1 (sky130_fd_sc_hd__a21o_1)
     2    0.005285    0.031237    0.101732    1.362461 v _089_/X (sky130_fd_sc_hd__a21o_1)
                                                         _038_ (net)
                      0.031237    0.000056    1.362517 v _091_/B (sky130_fd_sc_hd__or2_1)
     1    0.002503    0.031172    0.117008    1.479524 v _091_/X (sky130_fd_sc_hd__or2_1)
                                                         _040_ (net)
                      0.031172    0.000011    1.479535 v _093_/A3 (sky130_fd_sc_hd__a31o_1)
     1    0.002233    0.025886    0.130719    1.610254 v _093_/X (sky130_fd_sc_hd__a31o_1)
                                                         _005_ (net)
                      0.025886    0.000018    1.610272 v _113_/D (sky130_fd_sc_hd__dfrtp_1)
                                              1.610272   data arrival time

                                  3.500000    3.500000   clock clk (rise edge)
                                  0.000000    3.500000   clock source latency
     1    0.012563    0.047185    0.031295    3.531295 ^ clk (in)
                                                         clk (net)
                      0.047186    0.000000    3.531295 ^ clkbuf_0_clk/A (sky130_fd_sc_hd__clkbuf_16)
     2    0.019037    0.030576    0.088524    3.619819 ^ clkbuf_0_clk/X (sky130_fd_sc_hd__clkbuf_16)
                                                         clknet_0_clk (net)
                      0.030576    0.000175    3.619995 ^ clkbuf_1_1__f_clk/A (sky130_fd_sc_hd__clkbuf_16)
     4    0.011337    0.025410    0.078468    3.698462 ^ clkbuf_1_1__f_clk/X (sky130_fd_sc_hd__clkbuf_16)
                                                         clknet_1_1__leaf_clk (net)
                      0.025410    0.000052    3.698514 ^ _113_/CLK (sky130_fd_sc_hd__dfrtp_1)
                                 -0.250000    3.448514   clock uncertainty
                                  0.000000    3.448514   clock reconvergence pessimism
                                 -0.070895    3.377619   library setup time
                                              3.377619   data required time
---------------------------------------------------------------------------------------------
                                              3.377619   data required time
                                             -1.610272   data arrival time
---------------------------------------------------------------------------------------------
                                              1.767347   slack (MET)


Startpoint: _109_ (rising edge-triggered flip-flop clocked by clk)
Endpoint: count[1] (output port clocked by clk)
Path Group: clk
Path Type: max

Fanout         Cap        Slew       Delay        Time   Description
---------------------------------------------------------------------------------------------
                                  0.000000    0.000000   clock clk (rise edge)
                                  0.000000    0.000000   clock source latency
     1    0.012563    0.047185    0.031295    0.031295 ^ clk (in)
                                                         clk (net)
                      0.047186    0.000000    0.031295 ^ clkbuf_0_clk/A (sky130_fd_sc_hd__clkbuf_16)
     2    0.019037    0.030576    0.088524    0.119819 ^ clkbuf_0_clk/X (sky130_fd_sc_hd__clkbuf_16)
                                                         clknet_0_clk (net)
                      0.030576    0.000190    0.120009 ^ clkbuf_1_0__f_clk/A (sky130_fd_sc_hd__clkbuf_16)
     5    0.015527    0.028185    0.081326    0.201335 ^ clkbuf_1_0__f_clk/X (sky130_fd_sc_hd__clkbuf_16)
                                                         clknet_1_0__leaf_clk (net)
                      0.028185    0.000161    0.201496 ^ _109_/CLK (sky130_fd_sc_hd__dfrtp_1)
     3    0.015329    0.107469    0.255537    0.457033 ^ _109_/Q (sky130_fd_sc_hd__dfrtp_1)
                                                         net14 (net)
                      0.107469    0.000168    0.457200 ^ rebuffer5/A (sky130_fd_sc_hd__dlygate4sd1_1)
     2    0.005408    0.047265    0.146835    0.604036 ^ rebuffer5/X (sky130_fd_sc_hd__dlygate4sd1_1)
                                                         net26 (net)
                      0.047265    0.000080    0.604116 ^ output14/A (sky130_fd_sc_hd__buf_2)
     1    0.035494    0.132527    0.145142    0.749258 ^ output14/X (sky130_fd_sc_hd__buf_2)
                                                         count[1] (net)
                      0.132533    0.000709    0.749967 ^ count[1] (out)
                                              0.749967   data arrival time

                                  3.500000    3.500000   clock clk (rise edge)
                                  0.000000    3.500000   clock network delay (propagated)
                                 -0.250000    3.250000   clock uncertainty
                                  0.000000    3.250000   clock reconvergence pessimism
                                 -0.700000    2.550000   output external delay
                                              2.550000   data required time
---------------------------------------------------------------------------------------------
                                              2.550000   data required time
                                             -0.749967   data arrival time
---------------------------------------------------------------------------------------------
                                              1.800033   slack (MET)


Startpoint: up_down (input port clocked by clk)
Endpoint: _111_ (rising edge-triggered flip-flop clocked by clk)
Path Group: clk
Path Type: max

Fanout         Cap        Slew       Delay        Time   Description
---------------------------------------------------------------------------------------------
                                  0.000000    0.000000   clock clk (rise edge)
                                  0.000000    0.000000   clock network delay (propagated)
                                  0.700000    0.700000 v input external delay
     1    0.003421    0.005639    0.002807    0.702807 v up_down (in)
                                                         up_down (net)
                      0.005639    0.000000    0.702807 v input12/A (sky130_fd_sc_hd__clkbuf_2)
     5    0.019801    0.056184    0.090217    0.793024 v input12/X (sky130_fd_sc_hd__clkbuf_2)
                                                         net12 (net)
                      0.056184    0.000257    0.793281 v fanout21/A (sky130_fd_sc_hd__buf_6)
     5    0.029794    0.029699    0.099092    0.892373 v fanout21/X (sky130_fd_sc_hd__buf_6)
                                                         net21 (net)
                      0.029707    0.000438    0.892810 v _062_/A (sky130_fd_sc_hd__xor2_2)
     2    0.005080    0.042675    0.108320    1.001131 v _062_/X (sky130_fd_sc_hd__xor2_2)
                                                         _015_ (net)
                      0.042675    0.000039    1.001169 v _067_/A1 (sky130_fd_sc_hd__o21a_1)
     3    0.014518    0.059890    0.154193    1.155362 v _067_/X (sky130_fd_sc_hd__o21a_1)
                                                         _019_ (net)
                      0.059890    0.000169    1.155532 v _070_/A (sky130_fd_sc_hd__or2_1)
     2    0.005798    0.042132    0.152354    1.307886 v _070_/X (sky130_fd_sc_hd__or2_1)
                                                         _022_ (net)
                      0.042132    0.000039    1.307925 v _075_/B1 (sky130_fd_sc_hd__o21ai_1)
     2    0.006281    0.111113    0.072941    1.380866 ^ _075_/Y (sky130_fd_sc_hd__o21ai_1)
                                                         _026_ (net)
                      0.111113    0.000058    1.380924 ^ _077_/A2 (sky130_fd_sc_hd__a21oi_1)
     1    0.003254    0.047264    0.049756    1.430680 v _077_/Y (sky130_fd_sc_hd__a21oi_1)
                                                         _028_ (net)
                      0.047264    0.000037    1.430717 v _078_/C1 (sky130_fd_sc_hd__a221o_1)
     1    0.002339    0.030835    0.094988    1.525705 v _078_/X (sky130_fd_sc_hd__a221o_1)
                                                         _003_ (net)
                      0.030835    0.000011    1.525716 v _111_/D (sky130_fd_sc_hd__dfrtp_1)
                                              1.525716   data arrival time

                                  3.500000    3.500000   clock clk (rise edge)
                                  0.000000    3.500000   clock source latency
     1    0.012563    0.047185    0.031295    3.531295 ^ clk (in)
                                                         clk (net)
                      0.047186    0.000000    3.531295 ^ clkbuf_0_clk/A (sky130_fd_sc_hd__clkbuf_16)
     2    0.019037    0.030576    0.088524    3.619819 ^ clkbuf_0_clk/X (sky130_fd_sc_hd__clkbuf_16)
                                                         clknet_0_clk (net)
                      0.030576    0.000175    3.619995 ^ clkbuf_1_1__f_clk/A (sky130_fd_sc_hd__clkbuf_16)
     4    0.011337    0.025410    0.078468    3.698462 ^ clkbuf_1_1__f_clk/X (sky130_fd_sc_hd__clkbuf_16)
                                                         clknet_1_1__leaf_clk (net)
                      0.025410    0.000104    3.698566 ^ _111_/CLK (sky130_fd_sc_hd__dfrtp_1)
                                 -0.250000    3.448566   clock uncertainty
                                  0.000000    3.448566   clock reconvergence pessimism
                                 -0.072663    3.375904   library setup time
                                              3.375904   data required time
---------------------------------------------------------------------------------------------
                                              3.375904   data required time
                                             -1.525716   data arrival time
---------------------------------------------------------------------------------------------
                                              1.850188   slack (MET)


Startpoint: _111_ (rising edge-triggered flip-flop clocked by clk)
Endpoint: count[3] (output port clocked by clk)
Path Group: clk
Path Type: max

Fanout         Cap        Slew       Delay        Time   Description
---------------------------------------------------------------------------------------------
                                  0.000000    0.000000   clock clk (rise edge)
                                  0.000000    0.000000   clock source latency
     1    0.012563    0.047185    0.031295    0.031295 ^ clk (in)
                                                         clk (net)
                      0.047186    0.000000    0.031295 ^ clkbuf_0_clk/A (sky130_fd_sc_hd__clkbuf_16)
     2    0.019037    0.030576    0.088524    0.119819 ^ clkbuf_0_clk/X (sky130_fd_sc_hd__clkbuf_16)
                                                         clknet_0_clk (net)
                      0.030576    0.000175    0.119995 ^ clkbuf_1_1__f_clk/A (sky130_fd_sc_hd__clkbuf_16)
     4    0.011337    0.025410    0.078468    0.198462 ^ clkbuf_1_1__f_clk/X (sky130_fd_sc_hd__clkbuf_16)
                                                         clknet_1_1__leaf_clk (net)
                      0.025410    0.000104    0.198567 ^ _111_/CLK (sky130_fd_sc_hd__dfrtp_1)
     4    0.018434    0.127161    0.268765    0.467332 ^ _111_/Q (sky130_fd_sc_hd__dfrtp_1)
                                                         net16 (net)
                      0.127161    0.000296    0.467628 ^ output16/A (sky130_fd_sc_hd__buf_2)
     1    0.034198    0.127845    0.160439    0.628067 ^ output16/X (sky130_fd_sc_hd__buf_2)
                                                         count[3] (net)
                      0.127845    0.000236    0.628303 ^ count[3] (out)
                                              0.628303   data arrival time

                                  3.500000    3.500000   clock clk (rise edge)
                                  0.000000    3.500000   clock network delay (propagated)
                                 -0.250000    3.250000   clock uncertainty
                                  0.000000    3.250000   clock reconvergence pessimism
                                 -0.700000    2.550000   output external delay
                                              2.550000   data required time
---------------------------------------------------------------------------------------------
                                              2.550000   data required time
                                             -0.628303   data arrival time
---------------------------------------------------------------------------------------------
                                              1.921697   slack (MET)


Startpoint: _112_ (rising edge-triggered flip-flop clocked by clk)
Endpoint: count[4] (output port clocked by clk)
Path Group: clk
Path Type: max

Fanout         Cap        Slew       Delay        Time   Description
---------------------------------------------------------------------------------------------
                                  0.000000    0.000000   clock clk (rise edge)
                                  0.000000    0.000000   clock source latency
     1    0.012563    0.047185    0.031295    0.031295 ^ clk (in)
                                                         clk (net)
                      0.047186    0.000000    0.031295 ^ clkbuf_0_clk/A (sky130_fd_sc_hd__clkbuf_16)
     2    0.019037    0.030576    0.088524    0.119819 ^ clkbuf_0_clk/X (sky130_fd_sc_hd__clkbuf_16)
                                                         clknet_0_clk (net)
                      0.030576    0.000190    0.120009 ^ clkbuf_1_0__f_clk/A (sky130_fd_sc_hd__clkbuf_16)
     5    0.015527    0.028185    0.081326    0.201335 ^ clkbuf_1_0__f_clk/X (sky130_fd_sc_hd__clkbuf_16)
                                                         clknet_1_0__leaf_clk (net)
                      0.028185    0.000082    0.201417 ^ _112_/CLK (sky130_fd_sc_hd__dfrtp_1)
     5    0.016198    0.112971    0.259486    0.460903 ^ _112_/Q (sky130_fd_sc_hd__dfrtp_1)
                                                         net17 (net)
                      0.112971    0.000229    0.461132 ^ output17/A (sky130_fd_sc_hd__buf_2)
     1    0.034221    0.127895    0.157873    0.619005 ^ output17/X (sky130_fd_sc_hd__buf_2)
                                                         count[4] (net)
                      0.127895    0.000174    0.619179 ^ count[4] (out)
                                              0.619179   data arrival time

                                  3.500000    3.500000   clock clk (rise edge)
                                  0.000000    3.500000   clock network delay (propagated)
                                 -0.250000    3.250000   clock uncertainty
                                  0.000000    3.250000   clock reconvergence pessimism
                                 -0.700000    2.550000   output external delay
                                              2.550000   data required time
---------------------------------------------------------------------------------------------
                                              2.550000   data required time
                                             -0.619179   data arrival time
---------------------------------------------------------------------------------------------
                                              1.930821   slack (MET)


Startpoint: up_down (input port clocked by clk)
Endpoint: _110_ (rising edge-triggered flip-flop clocked by clk)
Path Group: clk
Path Type: max

Fanout         Cap        Slew       Delay        Time   Description
---------------------------------------------------------------------------------------------
                                  0.000000    0.000000   clock clk (rise edge)
                                  0.000000    0.000000   clock network delay (propagated)
                                  0.700000    0.700000 v input external delay
     1    0.003421    0.005639    0.002807    0.702807 v up_down (in)
                                                         up_down (net)
                      0.005639    0.000000    0.702807 v input12/A (sky130_fd_sc_hd__clkbuf_2)
     5    0.019801    0.056184    0.090217    0.793024 v input12/X (sky130_fd_sc_hd__clkbuf_2)
                                                         net12 (net)
                      0.056184    0.000257    0.793281 v fanout21/A (sky130_fd_sc_hd__buf_6)
     5    0.029794    0.029699    0.099092    0.892373 v fanout21/X (sky130_fd_sc_hd__buf_6)
                                                         net21 (net)
                      0.029707    0.000438    0.892810 v _062_/A (sky130_fd_sc_hd__xor2_2)
     2    0.005080    0.042675    0.108320    1.001131 v _062_/X (sky130_fd_sc_hd__xor2_2)
                                                         _015_ (net)
                      0.042675    0.000039    1.001169 v _067_/A1 (sky130_fd_sc_hd__o21a_1)
     3    0.014518    0.059890    0.154193    1.155362 v _067_/X (sky130_fd_sc_hd__o21a_1)
                                                         _019_ (net)
                      0.059890    0.000169    1.155532 v _070_/A (sky130_fd_sc_hd__or2_1)
     2    0.005798    0.042132    0.152354    1.307886 v _070_/X (sky130_fd_sc_hd__or2_1)
                                                         _022_ (net)
                      0.042132    0.000053    1.307939 v _072_/A3 (sky130_fd_sc_hd__a31o_1)
     1    0.002265    0.025830    0.135179    1.443118 v _072_/X (sky130_fd_sc_hd__a31o_1)
                                                         _002_ (net)
                      0.025830    0.000019    1.443136 v _110_/D (sky130_fd_sc_hd__dfrtp_2)
                                              1.443136   data arrival time

                                  3.500000    3.500000   clock clk (rise edge)
                                  0.000000    3.500000   clock source latency
     1    0.012563    0.047185    0.031295    3.531295 ^ clk (in)
                                                         clk (net)
                      0.047186    0.000000    3.531295 ^ clkbuf_0_clk/A (sky130_fd_sc_hd__clkbuf_16)
     2    0.019037    0.030576    0.088524    3.619819 ^ clkbuf_0_clk/X (sky130_fd_sc_hd__clkbuf_16)
                                                         clknet_0_clk (net)
                      0.030576    0.000190    3.620009 ^ clkbuf_1_0__f_clk/A (sky130_fd_sc_hd__clkbuf_16)
     5    0.015527    0.028185    0.081326    3.701335 ^ clkbuf_1_0__f_clk/X (sky130_fd_sc_hd__clkbuf_16)
                                                         clknet_1_0__leaf_clk (net)
                      0.028188    0.000226    3.701561 ^ _110_/CLK (sky130_fd_sc_hd__dfrtp_2)
                                 -0.250000    3.451561   clock uncertainty
                                  0.000000    3.451561   clock reconvergence pessimism
                                 -0.071828    3.379733   library setup time
                                              3.379733   data required time
---------------------------------------------------------------------------------------------
                                              3.379733   data required time
                                             -1.443136   data arrival time
---------------------------------------------------------------------------------------------
                                              1.936596   slack (MET)


Startpoint: _113_ (rising edge-triggered flip-flop clocked by clk)
Endpoint: count[5] (output port clocked by clk)
Path Group: clk
Path Type: max

Fanout         Cap        Slew       Delay        Time   Description
---------------------------------------------------------------------------------------------
                                  0.000000    0.000000   clock clk (rise edge)
                                  0.000000    0.000000   clock source latency
     1    0.012563    0.047185    0.031295    0.031295 ^ clk (in)
                                                         clk (net)
                      0.047186    0.000000    0.031295 ^ clkbuf_0_clk/A (sky130_fd_sc_hd__clkbuf_16)
     2    0.019037    0.030576    0.088524    0.119819 ^ clkbuf_0_clk/X (sky130_fd_sc_hd__clkbuf_16)
                                                         clknet_0_clk (net)
                      0.030576    0.000175    0.119995 ^ clkbuf_1_1__f_clk/A (sky130_fd_sc_hd__clkbuf_16)
     4    0.011337    0.025410    0.078468    0.198462 ^ clkbuf_1_1__f_clk/X (sky130_fd_sc_hd__clkbuf_16)
                                                         clknet_1_1__leaf_clk (net)
                      0.025410    0.000051    0.198514 ^ _113_/CLK (sky130_fd_sc_hd__dfrtp_1)
     4    0.014783    0.103981    0.252280    0.450794 ^ _113_/Q (sky130_fd_sc_hd__dfrtp_1)
                                                         net18 (net)
                      0.103981    0.000083    0.450877 ^ output18/A (sky130_fd_sc_hd__buf_2)
     1    0.033926    0.126860    0.155081    0.605958 ^ output18/X (sky130_fd_sc_hd__buf_2)
                                                         count[5] (net)
                      0.126860    0.000181    0.606138 ^ count[5] (out)
                                              0.606138   data arrival time

                                  3.500000    3.500000   clock clk (rise edge)
                                  0.000000    3.500000   clock network delay (propagated)
                                 -0.250000    3.250000   clock uncertainty
                                  0.000000    3.250000   clock reconvergence pessimism
                                 -0.700000    2.550000   output external delay
                                              2.550000   data required time
---------------------------------------------------------------------------------------------
                                              2.550000   data required time
                                             -0.606138   data arrival time
---------------------------------------------------------------------------------------------
                                              1.943862   slack (MET)


Startpoint: _110_ (rising edge-triggered flip-flop clocked by clk)
Endpoint: count[2] (output port clocked by clk)
Path Group: clk
Path Type: max

Fanout         Cap        Slew       Delay        Time   Description
---------------------------------------------------------------------------------------------
                                  0.000000    0.000000   clock clk (rise edge)
                                  0.000000    0.000000   clock source latency
     1    0.012563    0.047185    0.031295    0.031295 ^ clk (in)
                                                         clk (net)
                      0.047186    0.000000    0.031295 ^ clkbuf_0_clk/A (sky130_fd_sc_hd__clkbuf_16)
     2    0.019037    0.030576    0.088524    0.119819 ^ clkbuf_0_clk/X (sky130_fd_sc_hd__clkbuf_16)
                                                         clknet_0_clk (net)
                      0.030576    0.000190    0.120009 ^ clkbuf_1_0__f_clk/A (sky130_fd_sc_hd__clkbuf_16)
     5    0.015527    0.028185    0.081326    0.201335 ^ clkbuf_1_0__f_clk/X (sky130_fd_sc_hd__clkbuf_16)
                                                         clknet_1_0__leaf_clk (net)
                      0.028188    0.000226    0.201561 ^ _110_/CLK (sky130_fd_sc_hd__dfrtp_2)
     5    0.019620    0.079277    0.253413    0.454974 ^ _110_/Q (sky130_fd_sc_hd__dfrtp_2)
                                                         net15 (net)
                      0.079277    0.000115    0.455089 ^ output15/A (sky130_fd_sc_hd__buf_2)
     1    0.034049    0.127313    0.149679    0.604768 ^ output15/X (sky130_fd_sc_hd__buf_2)
                                                         count[2] (net)
                      0.127313    0.000236    0.605004 ^ count[2] (out)
                                              0.605004   data arrival time

                                  3.500000    3.500000   clock clk (rise edge)
                                  0.000000    3.500000   clock network delay (propagated)
                                 -0.250000    3.250000   clock uncertainty
                                  0.000000    3.250000   clock reconvergence pessimism
                                 -0.700000    2.550000   output external delay
                                              2.550000   data required time
---------------------------------------------------------------------------------------------
                                              2.550000   data required time
                                             -0.605004   data arrival time
---------------------------------------------------------------------------------------------
                                              1.944996   slack (MET)


Startpoint: _108_ (rising edge-triggered flip-flop clocked by clk)
Endpoint: count[0] (output port clocked by clk)
Path Group: clk
Path Type: max

Fanout         Cap        Slew       Delay        Time   Description
---------------------------------------------------------------------------------------------
                                  0.000000    0.000000   clock clk (rise edge)
                                  0.000000    0.000000   clock source latency
     1    0.012563    0.047185    0.031295    0.031295 ^ clk (in)
                                                         clk (net)
                      0.047186    0.000000    0.031295 ^ clkbuf_0_clk/A (sky130_fd_sc_hd__clkbuf_16)
     2    0.019037    0.030576    0.088524    0.119819 ^ clkbuf_0_clk/X (sky130_fd_sc_hd__clkbuf_16)
                                                         clknet_0_clk (net)
                      0.030576    0.000190    0.120009 ^ clkbuf_1_0__f_clk/A (sky130_fd_sc_hd__clkbuf_16)
     5    0.015527    0.028185    0.081326    0.201335 ^ clkbuf_1_0__f_clk/X (sky130_fd_sc_hd__clkbuf_16)
                                                         clknet_1_0__leaf_clk (net)
                      0.028185    0.000109    0.201444 ^ _108_/CLK (sky130_fd_sc_hd__dfrtp_1)
     3    0.011811    0.085162    0.239687    0.441131 ^ _108_/Q (sky130_fd_sc_hd__dfrtp_1)
                                                         net13 (net)
                      0.085162    0.000078    0.441209 ^ output13/A (sky130_fd_sc_hd__buf_2)
     1    0.034269    0.128078    0.151600    0.592809 ^ output13/X (sky130_fd_sc_hd__buf_2)
                                                         count[0] (net)
                      0.128078    0.000190    0.592999 ^ count[0] (out)
                                              0.592999   data arrival time

                                  3.500000    3.500000   clock clk (rise edge)
                                  0.000000    3.500000   clock network delay (propagated)
                                 -0.250000    3.250000   clock uncertainty
                                  0.000000    3.250000   clock reconvergence pessimism
                                 -0.700000    2.550000   output external delay
                                              2.550000   data required time
---------------------------------------------------------------------------------------------
                                              2.550000   data required time
                                             -0.592999   data arrival time
---------------------------------------------------------------------------------------------
                                              1.957001   slack (MET)


Startpoint: _115_ (rising edge-triggered flip-flop clocked by clk)
Endpoint: count[7] (output port clocked by clk)
Path Group: clk
Path Type: max

Fanout         Cap        Slew       Delay        Time   Description
---------------------------------------------------------------------------------------------
                                  0.000000    0.000000   clock clk (rise edge)
                                  0.000000    0.000000   clock source latency
     1    0.012563    0.047185    0.031295    0.031295 ^ clk (in)
                                                         clk (net)
                      0.047186    0.000000    0.031295 ^ clkbuf_0_clk/A (sky130_fd_sc_hd__clkbuf_16)
     2    0.019037    0.030576    0.088524    0.119819 ^ clkbuf_0_clk/X (sky130_fd_sc_hd__clkbuf_16)
                                                         clknet_0_clk (net)
                      0.030576    0.000175    0.119995 ^ clkbuf_1_1__f_clk/A (sky130_fd_sc_hd__clkbuf_16)
     4    0.011337    0.025410    0.078468    0.198462 ^ clkbuf_1_1__f_clk/X (sky130_fd_sc_hd__clkbuf_16)
                                                         clknet_1_1__leaf_clk (net)
                      0.025410    0.000048    0.198510 ^ _115_/CLK (sky130_fd_sc_hd__dfrtp_1)
     3    0.010471    0.076913    0.232704    0.431214 ^ _115_/Q (sky130_fd_sc_hd__dfrtp_1)
                                                         net20 (net)
                      0.076913    0.000099    0.431314 ^ output20/A (sky130_fd_sc_hd__buf_2)
     1    0.033991    0.127095    0.149034    0.580348 ^ output20/X (sky130_fd_sc_hd__buf_2)
                                                         count[7] (net)
                      0.127095    0.000174    0.580522 ^ count[7] (out)
                                              0.580522   data arrival time

                                  3.500000    3.500000   clock clk (rise edge)
                                  0.000000    3.500000   clock network delay (propagated)
                                 -0.250000    3.250000   clock uncertainty
                                  0.000000    3.250000   clock reconvergence pessimism
                                 -0.700000    2.550000   output external delay
                                              2.550000   data required time
---------------------------------------------------------------------------------------------
                                              2.550000   data required time
                                             -0.580522   data arrival time
---------------------------------------------------------------------------------------------
                                              1.969478   slack (MET)


Startpoint: _114_ (rising edge-triggered flip-flop clocked by clk)
Endpoint: count[6] (output port clocked by clk)
Path Group: clk
Path Type: max

Fanout         Cap        Slew       Delay        Time   Description
---------------------------------------------------------------------------------------------
                                  0.000000    0.000000   clock clk (rise edge)
                                  0.000000    0.000000   clock source latency
     1    0.012563    0.047185    0.031295    0.031295 ^ clk (in)
                                                         clk (net)
                      0.047186    0.000000    0.031295 ^ clkbuf_0_clk/A (sky130_fd_sc_hd__clkbuf_16)
     2    0.019037    0.030576    0.088524    0.119819 ^ clkbuf_0_clk/X (sky130_fd_sc_hd__clkbuf_16)
                                                         clknet_0_clk (net)
                      0.030576    0.000175    0.119995 ^ clkbuf_1_1__f_clk/A (sky130_fd_sc_hd__clkbuf_16)
     4    0.011337    0.025410    0.078468    0.198462 ^ clkbuf_1_1__f_clk/X (sky130_fd_sc_hd__clkbuf_16)
                                                         clknet_1_1__leaf_clk (net)
                      0.025410    0.000074    0.198536 ^ _114_/CLK (sky130_fd_sc_hd__dfrtp_1)
     4    0.010422    0.051660    0.247794    0.446330 v _114_/Q (sky130_fd_sc_hd__dfrtp_1)
                                                         net19 (net)
                      0.051660    0.000157    0.446487 v output19/A (sky130_fd_sc_hd__clkbuf_4)
     1    0.034413    0.056663    0.131818    0.578304 v output19/X (sky130_fd_sc_hd__clkbuf_4)
                                                         count[6] (net)
                      0.056665    0.000404    0.578709 v count[6] (out)
                                              0.578709   data arrival time

                                  3.500000    3.500000   clock clk (rise edge)
                                  0.000000    3.500000   clock network delay (propagated)
                                 -0.250000    3.250000   clock uncertainty
                                  0.000000    3.250000   clock reconvergence pessimism
                                 -0.700000    2.550000   output external delay
                                              2.550000   data required time
---------------------------------------------------------------------------------------------
                                              2.550000   data required time
                                             -0.578709   data arrival time
---------------------------------------------------------------------------------------------
                                              1.971291   slack (MET)


Startpoint: up_down (input port clocked by clk)
Endpoint: _109_ (rising edge-triggered flip-flop clocked by clk)
Path Group: clk
Path Type: max

Fanout         Cap        Slew       Delay        Time   Description
---------------------------------------------------------------------------------------------
                                  0.000000    0.000000   clock clk (rise edge)
                                  0.000000    0.000000   clock network delay (propagated)
                                  0.700000    0.700000 v input external delay
     1    0.003421    0.005639    0.002807    0.702807 v up_down (in)
                                                         up_down (net)
                      0.005639    0.000000    0.702807 v input12/A (sky130_fd_sc_hd__clkbuf_2)
     5    0.019801    0.056184    0.090217    0.793024 v input12/X (sky130_fd_sc_hd__clkbuf_2)
                                                         net12 (net)
                      0.056184    0.000257    0.793281 v fanout21/A (sky130_fd_sc_hd__buf_6)
     5    0.029794    0.029699    0.099092    0.892373 v fanout21/X (sky130_fd_sc_hd__buf_6)
                                                         net21 (net)
                      0.029707    0.000438    0.892810 v _062_/A (sky130_fd_sc_hd__xor2_2)
     2    0.005080    0.042675    0.108320    1.001131 v _062_/X (sky130_fd_sc_hd__xor2_2)
                                                         _015_ (net)
                      0.042675    0.000034    1.001164 v rebuffer8/A (sky130_fd_sc_hd__dlygate4sd1_1)
     2    0.005402    0.029676    0.156639    1.157804 v rebuffer8/X (sky130_fd_sc_hd__dlygate4sd1_1)
                                                         net29 (net)
                      0.029676    0.000054    1.157857 v _064_/A2 (sky130_fd_sc_hd__o21a_1)
     1    0.004453    0.030072    0.107624    1.265481 v _064_/X (sky130_fd_sc_hd__o21a_1)
                                                         _017_ (net)
                      0.030072    0.000072    1.265553 v _066_/A2 (sky130_fd_sc_hd__a21o_1)
     1    0.002444    0.022726    0.107290    1.372843 v _066_/X (sky130_fd_sc_hd__a21o_1)
                                                         _001_ (net)
                      0.022726    0.000022    1.372865 v _109_/D (sky130_fd_sc_hd__dfrtp_1)
                                              1.372865   data arrival time

                                  3.500000    3.500000   clock clk (rise edge)
                                  0.000000    3.500000   clock source latency
     1    0.012563    0.047185    0.031295    3.531295 ^ clk (in)
                                                         clk (net)
                      0.047186    0.000000    3.531295 ^ clkbuf_0_clk/A (sky130_fd_sc_hd__clkbuf_16)
     2    0.019037    0.030576    0.088524    3.619819 ^ clkbuf_0_clk/X (sky130_fd_sc_hd__clkbuf_16)
                                                         clknet_0_clk (net)
                      0.030576    0.000190    3.620009 ^ clkbuf_1_0__f_clk/A (sky130_fd_sc_hd__clkbuf_16)
     5    0.015527    0.028185    0.081326    3.701335 ^ clkbuf_1_0__f_clk/X (sky130_fd_sc_hd__clkbuf_16)
                                                         clknet_1_0__leaf_clk (net)
                      0.028185    0.000161    3.701496 ^ _109_/CLK (sky130_fd_sc_hd__dfrtp_1)
                                 -0.250000    3.451496   clock uncertainty
                                  0.000000    3.451496   clock reconvergence pessimism
                                 -0.069499    3.381997   library setup time
                                              3.381997   data required time
---------------------------------------------------------------------------------------------
                                              3.381997   data required time
                                             -1.372865   data arrival time
---------------------------------------------------------------------------------------------
                                              2.009132   slack (MET)


Startpoint: preload (input port clocked by clk)
Endpoint: _108_ (rising edge-triggered flip-flop clocked by clk)
Path Group: clk
Path Type: max

Fanout         Cap        Slew       Delay        Time   Description
---------------------------------------------------------------------------------------------
                                  0.000000    0.000000   clock clk (rise edge)
                                  0.000000    0.000000   clock network delay (propagated)
                                  0.700000    0.700000 v input external delay
     1    0.002449    0.004216    0.001953    0.701953 v preload (in)
                                                         preload (net)
                      0.004216    0.000000    0.701953 v input10/A (sky130_fd_sc_hd__buf_2)
    10    0.038454    0.069019    0.112740    0.814693 v input10/X (sky130_fd_sc_hd__buf_2)
                                                         net10 (net)
                      0.069062    0.001587    0.816280 v _057_/A (sky130_fd_sc_hd__nor2_2)
     8    0.034520    0.274500    0.244008    1.060289 ^ _057_/Y (sky130_fd_sc_hd__nor2_2)
                                                         _011_ (net)
                      0.274503    0.000740    1.061028 ^ _059_/B1 (sky130_fd_sc_hd__a22o_1)
     1    0.003399    0.037082    0.086298    1.147327 ^ _059_/X (sky130_fd_sc_hd__a22o_1)
                                                         _013_ (net)
                      0.037082    0.000037    1.147364 ^ _060_/B1 (sky130_fd_sc_hd__a21oi_1)
     1    0.002848    0.037928    0.022590    1.169955 v _060_/Y (sky130_fd_sc_hd__a21oi_1)
                                                         _000_ (net)
                      0.037928    0.000030    1.169984 v _108_/D (sky130_fd_sc_hd__dfrtp_1)
                                              1.169984   data arrival time

                                  3.500000    3.500000   clock clk (rise edge)
                                  0.000000    3.500000   clock source latency
     1    0.012563    0.047185    0.031295    3.531295 ^ clk (in)
                                                         clk (net)
                      0.047186    0.000000    3.531295 ^ clkbuf_0_clk/A (sky130_fd_sc_hd__clkbuf_16)
     2    0.019037    0.030576    0.088524    3.619819 ^ clkbuf_0_clk/X (sky130_fd_sc_hd__clkbuf_16)
                                                         clknet_0_clk (net)
                      0.030576    0.000190    3.620009 ^ clkbuf_1_0__f_clk/A (sky130_fd_sc_hd__clkbuf_16)
     5    0.015527    0.028185    0.081326    3.701335 ^ clkbuf_1_0__f_clk/X (sky130_fd_sc_hd__clkbuf_16)
                                                         clknet_1_0__leaf_clk (net)
                      0.028185    0.000108    3.701443 ^ _108_/CLK (sky130_fd_sc_hd__dfrtp_1)
                                 -0.250000    3.451443   clock uncertainty
                                  0.000000    3.451443   clock reconvergence pessimism
                                 -0.074929    3.376514   library setup time
                                              3.376514   data required time
---------------------------------------------------------------------------------------------
                                              3.376514   data required time
                                             -1.169984   data arrival time
---------------------------------------------------------------------------------------------
                                              2.206530   slack (MET)


Startpoint: resetn (input port clocked by clk)
Endpoint: _110_ (recovery check against rising-edge clock clk)
Path Group: asynchronous
Path Type: max

Fanout         Cap        Slew       Delay        Time   Description
---------------------------------------------------------------------------------------------
                                  0.000000    0.000000   clock clk (rise edge)
                                  0.000000    0.000000   clock network delay (propagated)
                                  0.700000    0.700000 ^ input external delay
     1    0.002490    0.012818    0.006407    0.706407 ^ resetn (in)
                                                         resetn (net)
                      0.012818    0.000000    0.706407 ^ hold13/A (sky130_fd_sc_hd__dlygate4sd3_1)
     1    0.002532    0.035682    0.364847    1.071254 ^ hold13/X (sky130_fd_sc_hd__dlygate4sd3_1)
                                                         net34 (net)
                      0.035682    0.000026    1.071279 ^ input11/A (sky130_fd_sc_hd__buf_2)
     8    0.040170    0.149318    0.152837    1.224116 ^ input11/X (sky130_fd_sc_hd__buf_2)
                                                         net11 (net)
                      0.149342    0.001560    1.225676 ^ _110_/RESET_B (sky130_fd_sc_hd__dfrtp_2)
                                              1.225676   data arrival time

                                  3.500000    3.500000   clock clk (rise edge)
                                  0.000000    3.500000   clock source latency
     1    0.012563    0.047185    0.031295    3.531295 ^ clk (in)
                                                         clk (net)
                      0.047186    0.000000    3.531295 ^ clkbuf_0_clk/A (sky130_fd_sc_hd__clkbuf_16)
     2    0.019037    0.030576    0.088524    3.619819 ^ clkbuf_0_clk/X (sky130_fd_sc_hd__clkbuf_16)
                                                         clknet_0_clk (net)
                      0.030576    0.000190    3.620009 ^ clkbuf_1_0__f_clk/A (sky130_fd_sc_hd__clkbuf_16)
     5    0.015527    0.028185    0.081326    3.701335 ^ clkbuf_1_0__f_clk/X (sky130_fd_sc_hd__clkbuf_16)
                                                         clknet_1_0__leaf_clk (net)
                      0.028188    0.000226    3.701561 ^ _110_/CLK (sky130_fd_sc_hd__dfrtp_2)
                                 -0.250000    3.451561   clock uncertainty
                                  0.000000    3.451561   clock reconvergence pessimism
                                  0.102883    3.554444   library recovery time
                                              3.554444   data required time
---------------------------------------------------------------------------------------------
                                              3.554444   data required time
                                             -1.225676   data arrival time
---------------------------------------------------------------------------------------------
                                              2.328768   slack (MET)


Startpoint: resetn (input port clocked by clk)
Endpoint: _115_ (recovery check against rising-edge clock clk)
Path Group: asynchronous
Path Type: max

Fanout         Cap        Slew       Delay        Time   Description
---------------------------------------------------------------------------------------------
                                  0.000000    0.000000   clock clk (rise edge)
                                  0.000000    0.000000   clock network delay (propagated)
                                  0.700000    0.700000 ^ input external delay
     1    0.002490    0.012818    0.006407    0.706407 ^ resetn (in)
                                                         resetn (net)
                      0.012818    0.000000    0.706407 ^ hold13/A (sky130_fd_sc_hd__dlygate4sd3_1)
     1    0.002532    0.035682    0.364847    1.071254 ^ hold13/X (sky130_fd_sc_hd__dlygate4sd3_1)
                                                         net34 (net)
                      0.035682    0.000026    1.071279 ^ input11/A (sky130_fd_sc_hd__buf_2)
     8    0.040170    0.149318    0.152837    1.224116 ^ input11/X (sky130_fd_sc_hd__buf_2)
                                                         net11 (net)
                      0.149338    0.001418    1.225534 ^ _115_/RESET_B (sky130_fd_sc_hd__dfrtp_1)
                                              1.225534   data arrival time

                                  3.500000    3.500000   clock clk (rise edge)
                                  0.000000    3.500000   clock source latency
     1    0.012563    0.047185    0.031295    3.531295 ^ clk (in)
                                                         clk (net)
                      0.047186    0.000000    3.531295 ^ clkbuf_0_clk/A (sky130_fd_sc_hd__clkbuf_16)
     2    0.019037    0.030576    0.088524    3.619819 ^ clkbuf_0_clk/X (sky130_fd_sc_hd__clkbuf_16)
                                                         clknet_0_clk (net)
                      0.030576    0.000175    3.619995 ^ clkbuf_1_1__f_clk/A (sky130_fd_sc_hd__clkbuf_16)
     4    0.011337    0.025410    0.078468    3.698462 ^ clkbuf_1_1__f_clk/X (sky130_fd_sc_hd__clkbuf_16)
                                                         clknet_1_1__leaf_clk (net)
                      0.025410    0.000048    3.698510 ^ _115_/CLK (sky130_fd_sc_hd__dfrtp_1)
                                 -0.250000    3.448510   clock uncertainty
                                  0.000000    3.448510   clock reconvergence pessimism
                                  0.120661    3.569171   library recovery time
                                              3.569171   data required time
---------------------------------------------------------------------------------------------
                                              3.569171   data required time
                                             -1.225534   data arrival time
---------------------------------------------------------------------------------------------
                                              2.343637   slack (MET)


Startpoint: resetn (input port clocked by clk)
Endpoint: _111_ (recovery check against rising-edge clock clk)
Path Group: asynchronous
Path Type: max

Fanout         Cap        Slew       Delay        Time   Description
---------------------------------------------------------------------------------------------
                                  0.000000    0.000000   clock clk (rise edge)
                                  0.000000    0.000000   clock network delay (propagated)
                                  0.700000    0.700000 ^ input external delay
     1    0.002490    0.012818    0.006407    0.706407 ^ resetn (in)
                                                         resetn (net)
                      0.012818    0.000000    0.706407 ^ hold13/A (sky130_fd_sc_hd__dlygate4sd3_1)
     1    0.002532    0.035682    0.364847    1.071254 ^ hold13/X (sky130_fd_sc_hd__dlygate4sd3_1)
                                                         net34 (net)
                      0.035682    0.000026    1.071279 ^ input11/A (sky130_fd_sc_hd__buf_2)
     8    0.040170    0.149318    0.152837    1.224116 ^ input11/X (sky130_fd_sc_hd__buf_2)
                                                         net11 (net)
                      0.149338    0.001417    1.225533 ^ _111_/RESET_B (sky130_fd_sc_hd__dfrtp_1)
                                              1.225533   data arrival time

                                  3.500000    3.500000   clock clk (rise edge)
                                  0.000000    3.500000   clock source latency
     1    0.012563    0.047185    0.031295    3.531295 ^ clk (in)
                                                         clk (net)
                      0.047186    0.000000    3.531295 ^ clkbuf_0_clk/A (sky130_fd_sc_hd__clkbuf_16)
     2    0.019037    0.030576    0.088524    3.619819 ^ clkbuf_0_clk/X (sky130_fd_sc_hd__clkbuf_16)
                                                         clknet_0_clk (net)
                      0.030576    0.000175    3.619995 ^ clkbuf_1_1__f_clk/A (sky130_fd_sc_hd__clkbuf_16)
     4    0.011337    0.025410    0.078468    3.698462 ^ clkbuf_1_1__f_clk/X (sky130_fd_sc_hd__clkbuf_16)
                                                         clknet_1_1__leaf_clk (net)
                      0.025410    0.000104    3.698566 ^ _111_/CLK (sky130_fd_sc_hd__dfrtp_1)
                                 -0.250000    3.448566   clock uncertainty
                                  0.000000    3.448566   clock reconvergence pessimism
                                  0.120661    3.569227   library recovery time
                                              3.569227   data required time
---------------------------------------------------------------------------------------------
                                              3.569227   data required time
                                             -1.225533   data arrival time
---------------------------------------------------------------------------------------------
                                              2.343695   slack (MET)


Startpoint: resetn (input port clocked by clk)
Endpoint: _114_ (recovery check against rising-edge clock clk)
Path Group: asynchronous
Path Type: max

Fanout         Cap        Slew       Delay        Time   Description
---------------------------------------------------------------------------------------------
                                  0.000000    0.000000   clock clk (rise edge)
                                  0.000000    0.000000   clock network delay (propagated)
                                  0.700000    0.700000 ^ input external delay
     1    0.002490    0.012818    0.006407    0.706407 ^ resetn (in)
                                                         resetn (net)
                      0.012818    0.000000    0.706407 ^ hold13/A (sky130_fd_sc_hd__dlygate4sd3_1)
     1    0.002532    0.035682    0.364847    1.071254 ^ hold13/X (sky130_fd_sc_hd__dlygate4sd3_1)
                                                         net34 (net)
                      0.035682    0.000026    1.071279 ^ input11/A (sky130_fd_sc_hd__buf_2)
     8    0.040170    0.149318    0.152837    1.224116 ^ input11/X (sky130_fd_sc_hd__buf_2)
                                                         net11 (net)
                      0.149335    0.001326    1.225442 ^ _114_/RESET_B (sky130_fd_sc_hd__dfrtp_1)
                                              1.225442   data arrival time

                                  3.500000    3.500000   clock clk (rise edge)
                                  0.000000    3.500000   clock source latency
     1    0.012563    0.047185    0.031295    3.531295 ^ clk (in)
                                                         clk (net)
                      0.047186    0.000000    3.531295 ^ clkbuf_0_clk/A (sky130_fd_sc_hd__clkbuf_16)
     2    0.019037    0.030576    0.088524    3.619819 ^ clkbuf_0_clk/X (sky130_fd_sc_hd__clkbuf_16)
                                                         clknet_0_clk (net)
                      0.030576    0.000175    3.619995 ^ clkbuf_1_1__f_clk/A (sky130_fd_sc_hd__clkbuf_16)
     4    0.011337    0.025410    0.078468    3.698462 ^ clkbuf_1_1__f_clk/X (sky130_fd_sc_hd__clkbuf_16)
                                                         clknet_1_1__leaf_clk (net)
                      0.025410    0.000074    3.698536 ^ _114_/CLK (sky130_fd_sc_hd__dfrtp_1)
                                 -0.250000    3.448536   clock uncertainty
                                  0.000000    3.448536   clock reconvergence pessimism
                                  0.120662    3.569197   library recovery time
                                              3.569197   data required time
---------------------------------------------------------------------------------------------
                                              3.569197   data required time
                                             -1.225442   data arrival time
---------------------------------------------------------------------------------------------
                                              2.343756   slack (MET)


Startpoint: resetn (input port clocked by clk)
Endpoint: _113_ (recovery check against rising-edge clock clk)
Path Group: asynchronous
Path Type: max

Fanout         Cap        Slew       Delay        Time   Description
---------------------------------------------------------------------------------------------
                                  0.000000    0.000000   clock clk (rise edge)
                                  0.000000    0.000000   clock network delay (propagated)
                                  0.700000    0.700000 ^ input external delay
     1    0.002490    0.012818    0.006407    0.706407 ^ resetn (in)
                                                         resetn (net)
                      0.012818    0.000000    0.706407 ^ hold13/A (sky130_fd_sc_hd__dlygate4sd3_1)
     1    0.002532    0.035682    0.364847    1.071254 ^ hold13/X (sky130_fd_sc_hd__dlygate4sd3_1)
                                                         net34 (net)
                      0.035682    0.000026    1.071279 ^ input11/A (sky130_fd_sc_hd__buf_2)
     8    0.040170    0.149318    0.152837    1.224116 ^ input11/X (sky130_fd_sc_hd__buf_2)
                                                         net11 (net)
                      0.149327    0.000964    1.225080 ^ _113_/RESET_B (sky130_fd_sc_hd__dfrtp_1)
                                              1.225080   data arrival time

                                  3.500000    3.500000   clock clk (rise edge)
                                  0.000000    3.500000   clock source latency
     1    0.012563    0.047185    0.031295    3.531295 ^ clk (in)
                                                         clk (net)
                      0.047186    0.000000    3.531295 ^ clkbuf_0_clk/A (sky130_fd_sc_hd__clkbuf_16)
     2    0.019037    0.030576    0.088524    3.619819 ^ clkbuf_0_clk/X (sky130_fd_sc_hd__clkbuf_16)
                                                         clknet_0_clk (net)
                      0.030576    0.000175    3.619995 ^ clkbuf_1_1__f_clk/A (sky130_fd_sc_hd__clkbuf_16)
     4    0.011337    0.025410    0.078468    3.698462 ^ clkbuf_1_1__f_clk/X (sky130_fd_sc_hd__clkbuf_16)
                                                         clknet_1_1__leaf_clk (net)
                      0.025410    0.000052    3.698514 ^ _113_/CLK (sky130_fd_sc_hd__dfrtp_1)
                                 -0.250000    3.448514   clock uncertainty
                                  0.000000    3.448514   clock reconvergence pessimism
                                  0.120663    3.569177   library recovery time
                                              3.569177   data required time
---------------------------------------------------------------------------------------------
                                              3.569177   data required time
                                             -1.225080   data arrival time
---------------------------------------------------------------------------------------------
                                              2.344097   slack (MET)


Startpoint: resetn (input port clocked by clk)
Endpoint: _109_ (recovery check against rising-edge clock clk)
Path Group: asynchronous
Path Type: max

Fanout         Cap        Slew       Delay        Time   Description
---------------------------------------------------------------------------------------------
                                  0.000000    0.000000   clock clk (rise edge)
                                  0.000000    0.000000   clock network delay (propagated)
                                  0.700000    0.700000 ^ input external delay
     1    0.002490    0.012818    0.006407    0.706407 ^ resetn (in)
                                                         resetn (net)
                      0.012818    0.000000    0.706407 ^ hold13/A (sky130_fd_sc_hd__dlygate4sd3_1)
     1    0.002532    0.035682    0.364847    1.071254 ^ hold13/X (sky130_fd_sc_hd__dlygate4sd3_1)
                                                         net34 (net)
                      0.035682    0.000026    1.071279 ^ input11/A (sky130_fd_sc_hd__buf_2)
     8    0.040170    0.149318    0.152837    1.224116 ^ input11/X (sky130_fd_sc_hd__buf_2)
                                                         net11 (net)
                      0.149341    0.001542    1.225658 ^ _109_/RESET_B (sky130_fd_sc_hd__dfrtp_1)
                                              1.225658   data arrival time

                                  3.500000    3.500000   clock clk (rise edge)
                                  0.000000    3.500000   clock source latency
     1    0.012563    0.047185    0.031295    3.531295 ^ clk (in)
                                                         clk (net)
                      0.047186    0.000000    3.531295 ^ clkbuf_0_clk/A (sky130_fd_sc_hd__clkbuf_16)
     2    0.019037    0.030576    0.088524    3.619819 ^ clkbuf_0_clk/X (sky130_fd_sc_hd__clkbuf_16)
                                                         clknet_0_clk (net)
                      0.030576    0.000190    3.620009 ^ clkbuf_1_0__f_clk/A (sky130_fd_sc_hd__clkbuf_16)
     5    0.015527    0.028185    0.081326    3.701335 ^ clkbuf_1_0__f_clk/X (sky130_fd_sc_hd__clkbuf_16)
                                                         clknet_1_0__leaf_clk (net)
                      0.028185    0.000161    3.701496 ^ _109_/CLK (sky130_fd_sc_hd__dfrtp_1)
                                 -0.250000    3.451496   clock uncertainty
                                  0.000000    3.451496   clock reconvergence pessimism
                                  0.121089    3.572585   library recovery time
                                              3.572585   data required time
---------------------------------------------------------------------------------------------
                                              3.572585   data required time
                                             -1.225658   data arrival time
---------------------------------------------------------------------------------------------
                                              2.346927   slack (MET)


Startpoint: resetn (input port clocked by clk)
Endpoint: _112_ (recovery check against rising-edge clock clk)
Path Group: asynchronous
Path Type: max

Fanout         Cap        Slew       Delay        Time   Description
---------------------------------------------------------------------------------------------
                                  0.000000    0.000000   clock clk (rise edge)
                                  0.000000    0.000000   clock network delay (propagated)
                                  0.700000    0.700000 ^ input external delay
     1    0.002490    0.012818    0.006407    0.706407 ^ resetn (in)
                                                         resetn (net)
                      0.012818    0.000000    0.706407 ^ hold13/A (sky130_fd_sc_hd__dlygate4sd3_1)
     1    0.002532    0.035682    0.364847    1.071254 ^ hold13/X (sky130_fd_sc_hd__dlygate4sd3_1)
                                                         net34 (net)
                      0.035682    0.000026    1.071279 ^ input11/A (sky130_fd_sc_hd__buf_2)
     8    0.040170    0.149318    0.152837    1.224116 ^ input11/X (sky130_fd_sc_hd__buf_2)
                                                         net11 (net)
                      0.149322    0.000594    1.224710 ^ _112_/RESET_B (sky130_fd_sc_hd__dfrtp_1)
                                              1.224710   data arrival time

                                  3.500000    3.500000   clock clk (rise edge)
                                  0.000000    3.500000   clock source latency
     1    0.012563    0.047185    0.031295    3.531295 ^ clk (in)
                                                         clk (net)
                      0.047186    0.000000    3.531295 ^ clkbuf_0_clk/A (sky130_fd_sc_hd__clkbuf_16)
     2    0.019037    0.030576    0.088524    3.619819 ^ clkbuf_0_clk/X (sky130_fd_sc_hd__clkbuf_16)
                                                         clknet_0_clk (net)
                      0.030576    0.000190    3.620009 ^ clkbuf_1_0__f_clk/A (sky130_fd_sc_hd__clkbuf_16)
     5    0.015527    0.028185    0.081326    3.701335 ^ clkbuf_1_0__f_clk/X (sky130_fd_sc_hd__clkbuf_16)
                                                         clknet_1_0__leaf_clk (net)
                      0.028185    0.000082    3.701417 ^ _112_/CLK (sky130_fd_sc_hd__dfrtp_1)
                                 -0.250000    3.451417   clock uncertainty
                                  0.000000    3.451417   clock reconvergence pessimism
                                  0.121093    3.572510   library recovery time
                                              3.572510   data required time
---------------------------------------------------------------------------------------------
                                              3.572510   data required time
                                             -1.224710   data arrival time
---------------------------------------------------------------------------------------------
                                              2.347800   slack (MET)


Startpoint: resetn (input port clocked by clk)
Endpoint: _108_ (recovery check against rising-edge clock clk)
Path Group: asynchronous
Path Type: max

Fanout         Cap        Slew       Delay        Time   Description
---------------------------------------------------------------------------------------------
                                  0.000000    0.000000   clock clk (rise edge)
                                  0.000000    0.000000   clock network delay (propagated)
                                  0.700000    0.700000 ^ input external delay
     1    0.002490    0.012818    0.006407    0.706407 ^ resetn (in)
                                                         resetn (net)
                      0.012818    0.000000    0.706407 ^ hold13/A (sky130_fd_sc_hd__dlygate4sd3_1)
     1    0.002532    0.035682    0.364847    1.071254 ^ hold13/X (sky130_fd_sc_hd__dlygate4sd3_1)
                                                         net34 (net)
                      0.035682    0.000026    1.071279 ^ input11/A (sky130_fd_sc_hd__buf_2)
     8    0.040170    0.149318    0.152837    1.224116 ^ input11/X (sky130_fd_sc_hd__buf_2)
                                                         net11 (net)
                      0.149320    0.000403    1.224519 ^ _108_/RESET_B (sky130_fd_sc_hd__dfrtp_1)
                                              1.224519   data arrival time

                                  3.500000    3.500000   clock clk (rise edge)
                                  0.000000    3.500000   clock source latency
     1    0.012563    0.047185    0.031295    3.531295 ^ clk (in)
                                                         clk (net)
                      0.047186    0.000000    3.531295 ^ clkbuf_0_clk/A (sky130_fd_sc_hd__clkbuf_16)
     2    0.019037    0.030576    0.088524    3.619819 ^ clkbuf_0_clk/X (sky130_fd_sc_hd__clkbuf_16)
                                                         clknet_0_clk (net)
                      0.030576    0.000190    3.620009 ^ clkbuf_1_0__f_clk/A (sky130_fd_sc_hd__clkbuf_16)
     5    0.015527    0.028185    0.081326    3.701335 ^ clkbuf_1_0__f_clk/X (sky130_fd_sc_hd__clkbuf_16)
                                                         clknet_1_0__leaf_clk (net)
                      0.028185    0.000108    3.701443 ^ _108_/CLK (sky130_fd_sc_hd__dfrtp_1)
                                 -0.250000    3.451443   clock uncertainty
                                  0.000000    3.451443   clock reconvergence pessimism
                                  0.121093    3.572537   library recovery time
                                              3.572537   data required time
---------------------------------------------------------------------------------------------
                                              3.572537   data required time
                                             -1.224519   data arrival time
---------------------------------------------------------------------------------------------
                                              2.348018   slack (MET)



