
===========================================================================
report_checks -path_delay max (Setup)
============================================================================
======================= nom_tt_025C_1v80 Corner ===================================

Startpoint: up_down (input port clocked by clk)
Endpoint: _112_ (rising edge-triggered flip-flop clocked by clk)
Path Group: clk
Path Type: max

Fanout         Cap        Slew       Delay        Time   Description
---------------------------------------------------------------------------------------------
                                  0.000000    0.000000   clock clk (rise edge)
                                  0.000000    0.000000   clock network delay (propagated)
                                  0.700000    0.700000 v input external delay
     1    0.003489    0.010220    0.005604    0.705604 v up_down (in)
                                                         up_down (net)
                      0.010220    0.000000    0.705604 v input12/A (sky130_fd_sc_hd__clkbuf_2)
     5    0.020167    0.082501    0.134705    0.840309 v input12/X (sky130_fd_sc_hd__clkbuf_2)
                                                         net12 (net)
                      0.082504    0.000566    0.840875 v fanout21/A (sky130_fd_sc_hd__buf_6)
     5    0.030350    0.040722    0.150659    0.991534 v fanout21/X (sky130_fd_sc_hd__buf_6)
                                                         net21 (net)
                      0.040748    0.000928    0.992462 v _062_/A (sky130_fd_sc_hd__xor2_2)
     2    0.005088    0.058315    0.167255    1.159718 v _062_/X (sky130_fd_sc_hd__xor2_2)
                                                         _015_ (net)
                      0.058315    0.000120    1.159838 v _067_/A1 (sky130_fd_sc_hd__o21a_1)
     3    0.014812    0.088192    0.238135    1.397973 v _067_/X (sky130_fd_sc_hd__o21a_1)
                                                         _019_ (net)
                      0.088193    0.000438    1.398411 v _080_/A3 (sky130_fd_sc_hd__o31ai_4)
     2    0.006486    0.185227    0.192465    1.590876 ^ _080_/Y (sky130_fd_sc_hd__o31ai_4)
                                                         _030_ (net)
                      0.185227    0.000160    1.591036 ^ rebuffer2/A (sky130_fd_sc_hd__clkbuf_1)
     2    0.005896    0.079156    0.135528    1.726564 ^ rebuffer2/X (sky130_fd_sc_hd__clkbuf_1)
                                                         net23 (net)
                      0.079156    0.000157    1.726721 ^ rebuffer3/A (sky130_fd_sc_hd__buf_2)
     2    0.004494    0.034131    0.110331    1.837052 ^ rebuffer3/X (sky130_fd_sc_hd__buf_2)
                                                         net24 (net)
                      0.034131    0.000111    1.837163 ^ rebuffer4/A (sky130_fd_sc_hd__dlymetal6s2s_1)
     1    0.004177    0.068780    0.101516    1.938680 ^ rebuffer4/X (sky130_fd_sc_hd__dlymetal6s2s_1)
                                                         net25 (net)
                      0.068780    0.000141    1.938821 ^ _085_/A (sky130_fd_sc_hd__nand2_1)
     1    0.004139    0.064224    0.058400    1.997220 v _085_/Y (sky130_fd_sc_hd__nand2_1)
                                                         _035_ (net)
                      0.064224    0.000127    1.997347 v _087_/A3 (sky130_fd_sc_hd__a31o_1)
     1    0.002407    0.034775    0.214256    2.211603 v _087_/X (sky130_fd_sc_hd__a31o_1)
                                                         _004_ (net)
                      0.034775    0.000069    2.211672 v _112_/D (sky130_fd_sc_hd__dfrtp_1)
                                              2.211672   data arrival time

                                  3.500000    3.500000   clock clk (rise edge)
                                  0.000000    3.500000   clock source latency
     1    0.012879    0.063983    0.043396    3.543396 ^ clk (in)
                                                         clk (net)
                      0.063986    0.000000    3.543396 ^ clkbuf_0_clk/A (sky130_fd_sc_hd__clkbuf_16)
     2    0.019234    0.041202    0.131523    3.674920 ^ clkbuf_0_clk/X (sky130_fd_sc_hd__clkbuf_16)
                                                         clknet_0_clk (net)
                      0.041204    0.000498    3.675418 ^ clkbuf_1_0__f_clk/A (sky130_fd_sc_hd__clkbuf_16)
     5    0.015842    0.038309    0.119992    3.795409 ^ clkbuf_1_0__f_clk/X (sky130_fd_sc_hd__clkbuf_16)
                                                         clknet_1_0__leaf_clk (net)
                      0.038309    0.000277    3.795686 ^ _112_/CLK (sky130_fd_sc_hd__dfrtp_1)
                                 -0.250000    3.545686   clock uncertainty
                                  0.000000    3.545686   clock reconvergence pessimism
                                 -0.111342    3.434345   library setup time
                                              3.434345   data required time
---------------------------------------------------------------------------------------------
                                              3.434345   data required time
                                             -2.211672   data arrival time
---------------------------------------------------------------------------------------------
                                              1.222673   slack (MET)


Startpoint: up_down (input port clocked by clk)
Endpoint: _114_ (rising edge-triggered flip-flop clocked by clk)
Path Group: clk
Path Type: max

Fanout         Cap        Slew       Delay        Time   Description
---------------------------------------------------------------------------------------------
                                  0.000000    0.000000   clock clk (rise edge)
                                  0.000000    0.000000   clock network delay (propagated)
                                  0.700000    0.700000 v input external delay
     1    0.003489    0.010220    0.005604    0.705604 v up_down (in)
                                                         up_down (net)
                      0.010220    0.000000    0.705604 v input12/A (sky130_fd_sc_hd__clkbuf_2)
     5    0.020167    0.082501    0.134705    0.840309 v input12/X (sky130_fd_sc_hd__clkbuf_2)
                                                         net12 (net)
                      0.082504    0.000566    0.840875 v fanout21/A (sky130_fd_sc_hd__buf_6)
     5    0.030350    0.040722    0.150659    0.991534 v fanout21/X (sky130_fd_sc_hd__buf_6)
                                                         net21 (net)
                      0.040748    0.000928    0.992462 v _062_/A (sky130_fd_sc_hd__xor2_2)
     2    0.005088    0.058315    0.167255    1.159718 v _062_/X (sky130_fd_sc_hd__xor2_2)
                                                         _015_ (net)
                      0.058315    0.000120    1.159838 v _067_/A1 (sky130_fd_sc_hd__o21a_1)
     3    0.014812    0.088192    0.238135    1.397973 v _067_/X (sky130_fd_sc_hd__o21a_1)
                                                         _019_ (net)
                      0.088193    0.000438    1.398411 v _080_/A3 (sky130_fd_sc_hd__o31ai_4)
     2    0.006486    0.185227    0.192465    1.590876 ^ _080_/Y (sky130_fd_sc_hd__o31ai_4)
                                                         _030_ (net)
                      0.185227    0.000163    1.591039 ^ _098_/A1 (sky130_fd_sc_hd__a31o_1)
     3    0.010520    0.112154    0.214813    1.805852 ^ _098_/X (sky130_fd_sc_hd__a31o_1)
                                                         _046_ (net)
                      0.112154    0.000260    1.806112 ^ rebuffer1/A (sky130_fd_sc_hd__clkbuf_2)
     1    0.004316    0.035832    0.121170    1.927281 ^ rebuffer1/X (sky130_fd_sc_hd__clkbuf_2)
                                                         net22 (net)
                      0.035832    0.000134    1.927416 ^ _099_/B (sky130_fd_sc_hd__nand2_1)
     1    0.003369    0.068234    0.048070    1.975486 v _099_/Y (sky130_fd_sc_hd__nand2_1)
                                                         _047_ (net)
                      0.068234    0.000104    1.975590 v _102_/A2 (sky130_fd_sc_hd__a31o_1)
     1    0.003178    0.038661    0.210229    2.185818 v _102_/X (sky130_fd_sc_hd__a31o_1)
                                                         _006_ (net)
                      0.038661    0.000095    2.185914 v _114_/D (sky130_fd_sc_hd__dfrtp_1)
                                              2.185914   data arrival time

                                  3.500000    3.500000   clock clk (rise edge)
                                  0.000000    3.500000   clock source latency
     1    0.012879    0.063983    0.043396    3.543396 ^ clk (in)
                                                         clk (net)
                      0.063986    0.000000    3.543396 ^ clkbuf_0_clk/A (sky130_fd_sc_hd__clkbuf_16)
     2    0.019234    0.041202    0.131523    3.674920 ^ clkbuf_0_clk/X (sky130_fd_sc_hd__clkbuf_16)
                                                         clknet_0_clk (net)
                      0.041204    0.000481    3.675400 ^ clkbuf_1_1__f_clk/A (sky130_fd_sc_hd__clkbuf_16)
     4    0.011375    0.034511    0.115782    3.791182 ^ clkbuf_1_1__f_clk/X (sky130_fd_sc_hd__clkbuf_16)
                                                         clknet_1_1__leaf_clk (net)
                      0.034511    0.000207    3.791388 ^ _114_/CLK (sky130_fd_sc_hd__dfrtp_1)
                                 -0.250000    3.541388   clock uncertainty
                                  0.000000    3.541388   clock reconvergence pessimism
                                 -0.113906    3.427482   library setup time
                                              3.427482   data required time
---------------------------------------------------------------------------------------------
                                              3.427482   data required time
                                             -2.185914   data arrival time
---------------------------------------------------------------------------------------------
                                              1.241568   slack (MET)


Startpoint: up_down (input port clocked by clk)
Endpoint: _115_ (rising edge-triggered flip-flop clocked by clk)
Path Group: clk
Path Type: max

Fanout         Cap        Slew       Delay        Time   Description
---------------------------------------------------------------------------------------------
                                  0.000000    0.000000   clock clk (rise edge)
                                  0.000000    0.000000   clock network delay (propagated)
                                  0.700000    0.700000 v input external delay
     1    0.003489    0.010220    0.005604    0.705604 v up_down (in)
                                                         up_down (net)
                      0.010220    0.000000    0.705604 v input12/A (sky130_fd_sc_hd__clkbuf_2)
     5    0.020167    0.082501    0.134705    0.840309 v input12/X (sky130_fd_sc_hd__clkbuf_2)
                                                         net12 (net)
                      0.082504    0.000566    0.840875 v fanout21/A (sky130_fd_sc_hd__buf_6)
     5    0.030350    0.040722    0.150659    0.991534 v fanout21/X (sky130_fd_sc_hd__buf_6)
                                                         net21 (net)
                      0.040748    0.000928    0.992462 v _062_/A (sky130_fd_sc_hd__xor2_2)
     2    0.005088    0.058315    0.167255    1.159718 v _062_/X (sky130_fd_sc_hd__xor2_2)
                                                         _015_ (net)
                      0.058315    0.000120    1.159838 v _067_/A1 (sky130_fd_sc_hd__o21a_1)
     3    0.014812    0.088192    0.238135    1.397973 v _067_/X (sky130_fd_sc_hd__o21a_1)
                                                         _019_ (net)
                      0.088193    0.000438    1.398411 v _080_/A3 (sky130_fd_sc_hd__o31ai_4)
     2    0.006486    0.185227    0.192465    1.590876 ^ _080_/Y (sky130_fd_sc_hd__o31ai_4)
                                                         _030_ (net)
                      0.185227    0.000163    1.591039 ^ _098_/A1 (sky130_fd_sc_hd__a31o_1)
     3    0.010520    0.112154    0.214813    1.805852 ^ _098_/X (sky130_fd_sc_hd__a31o_1)
                                                         _046_ (net)
                      0.112154    0.000295    1.806147 ^ _103_/A1 (sky130_fd_sc_hd__a21oi_2)
     1    0.005329    0.058025    0.068855    1.875002 v _103_/Y (sky130_fd_sc_hd__a21oi_2)
                                                         _050_ (net)
                      0.058026    0.000127    1.875129 v _105_/A (sky130_fd_sc_hd__xnor2_1)
     1    0.002629    0.044863    0.123717    1.998847 v _105_/Y (sky130_fd_sc_hd__xnor2_1)
                                                         _052_ (net)
                      0.044863    0.000075    1.998921 v _107_/A2 (sky130_fd_sc_hd__a21o_1)
     1    0.002877    0.033340    0.171017    2.169938 v _107_/X (sky130_fd_sc_hd__a21o_1)
                                                         _007_ (net)
                      0.033340    0.000083    2.170020 v _115_/D (sky130_fd_sc_hd__dfrtp_1)
                                              2.170020   data arrival time

                                  3.500000    3.500000   clock clk (rise edge)
                                  0.000000    3.500000   clock source latency
     1    0.012879    0.063983    0.043396    3.543396 ^ clk (in)
                                                         clk (net)
                      0.063986    0.000000    3.543396 ^ clkbuf_0_clk/A (sky130_fd_sc_hd__clkbuf_16)
     2    0.019234    0.041202    0.131523    3.674920 ^ clkbuf_0_clk/X (sky130_fd_sc_hd__clkbuf_16)
                                                         clknet_0_clk (net)
                      0.041204    0.000481    3.675400 ^ clkbuf_1_1__f_clk/A (sky130_fd_sc_hd__clkbuf_16)
     4    0.011375    0.034511    0.115782    3.791182 ^ clkbuf_1_1__f_clk/X (sky130_fd_sc_hd__clkbuf_16)
                                                         clknet_1_1__leaf_clk (net)
                      0.034511    0.000155    3.791337 ^ _115_/CLK (sky130_fd_sc_hd__dfrtp_1)
                                 -0.250000    3.541337   clock uncertainty
                                  0.000000    3.541337   clock reconvergence pessimism
                                 -0.111583    3.429754   library setup time
                                              3.429754   data required time
---------------------------------------------------------------------------------------------
                                              3.429754   data required time
                                             -2.170020   data arrival time
---------------------------------------------------------------------------------------------
                                              1.259733   slack (MET)


Startpoint: up_down (input port clocked by clk)
Endpoint: _113_ (rising edge-triggered flip-flop clocked by clk)
Path Group: clk
Path Type: max

Fanout         Cap        Slew       Delay        Time   Description
---------------------------------------------------------------------------------------------
                                  0.000000    0.000000   clock clk (rise edge)
                                  0.000000    0.000000   clock network delay (propagated)
                                  0.700000    0.700000 ^ input external delay
     1    0.003719    0.023719    0.013544    0.713544 ^ up_down (in)
                                                         up_down (net)
                      0.023727    0.000000    0.713544 ^ input12/A (sky130_fd_sc_hd__clkbuf_2)
     5    0.021383    0.121744    0.152493    0.866036 ^ input12/X (sky130_fd_sc_hd__clkbuf_2)
                                                         net12 (net)
                      0.121788    0.000602    0.866639 ^ fanout21/A (sky130_fd_sc_hd__buf_6)
     5    0.032451    0.073599    0.148396    1.015035 ^ fanout21/X (sky130_fd_sc_hd__buf_6)
                                                         net21 (net)
                      0.073613    0.000993    1.016028 ^ _062_/A (sky130_fd_sc_hd__xor2_2)
     2    0.005452    0.118247    0.133933    1.149961 ^ _062_/X (sky130_fd_sc_hd__xor2_2)
                                                         _015_ (net)
                      0.118247    0.000129    1.150090 ^ _067_/A1 (sky130_fd_sc_hd__o21a_1)
     3    0.016508    0.162492    0.225224    1.375314 ^ _067_/X (sky130_fd_sc_hd__o21a_1)
                                                         _019_ (net)
                      0.162492    0.000497    1.375812 ^ _080_/A3 (sky130_fd_sc_hd__o31ai_4)
     2    0.006158    0.078963    0.072310    1.448122 v _080_/Y (sky130_fd_sc_hd__o31ai_4)
                                                         _030_ (net)
                      0.078963    0.000152    1.448274 v rebuffer2/A (sky130_fd_sc_hd__clkbuf_1)
     2    0.005578    0.041305    0.115515    1.563789 v rebuffer2/X (sky130_fd_sc_hd__clkbuf_1)
                                                         net23 (net)
                      0.041305    0.000144    1.563933 v _089_/A1 (sky130_fd_sc_hd__a21o_1)
     2    0.005393    0.043963    0.160904    1.724836 v _089_/X (sky130_fd_sc_hd__a21o_1)
                                                         _038_ (net)
                      0.043963    0.000133    1.724970 v _091_/B (sky130_fd_sc_hd__or2_1)
     1    0.002514    0.046186    0.198722    1.923692 v _091_/X (sky130_fd_sc_hd__or2_1)
                                                         _040_ (net)
                      0.046186    0.000049    1.923741 v _093_/A3 (sky130_fd_sc_hd__a31o_1)
     1    0.002140    0.033646    0.204784    2.128525 v _093_/X (sky130_fd_sc_hd__a31o_1)
                                                         _005_ (net)
                      0.033646    0.000060    2.128585 v _113_/D (sky130_fd_sc_hd__dfrtp_1)
                                              2.128585   data arrival time

                                  3.500000    3.500000   clock clk (rise edge)
                                  0.000000    3.500000   clock source latency
     1    0.012879    0.063983    0.043396    3.543396 ^ clk (in)
                                                         clk (net)
                      0.063986    0.000000    3.543396 ^ clkbuf_0_clk/A (sky130_fd_sc_hd__clkbuf_16)
     2    0.019234    0.041202    0.131523    3.674920 ^ clkbuf_0_clk/X (sky130_fd_sc_hd__clkbuf_16)
                                                         clknet_0_clk (net)
                      0.041204    0.000481    3.675400 ^ clkbuf_1_1__f_clk/A (sky130_fd_sc_hd__clkbuf_16)
     4    0.011375    0.034511    0.115782    3.791182 ^ clkbuf_1_1__f_clk/X (sky130_fd_sc_hd__clkbuf_16)
                                                         clknet_1_1__leaf_clk (net)
                      0.034511    0.000169    3.791350 ^ _113_/CLK (sky130_fd_sc_hd__dfrtp_1)
                                 -0.250000    3.541350   clock uncertainty
                                  0.000000    3.541350   clock reconvergence pessimism
                                 -0.111717    3.429634   library setup time
                                              3.429634   data required time
---------------------------------------------------------------------------------------------
                                              3.429634   data required time
                                             -2.128585   data arrival time
---------------------------------------------------------------------------------------------
                                              1.301048   slack (MET)


Startpoint: up_down (input port clocked by clk)
Endpoint: _111_ (rising edge-triggered flip-flop clocked by clk)
Path Group: clk
Path Type: max

Fanout         Cap        Slew       Delay        Time   Description
---------------------------------------------------------------------------------------------
                                  0.000000    0.000000   clock clk (rise edge)
                                  0.000000    0.000000   clock network delay (propagated)
                                  0.700000    0.700000 v input external delay
     1    0.003489    0.010220    0.005604    0.705604 v up_down (in)
                                                         up_down (net)
                      0.010220    0.000000    0.705604 v input12/A (sky130_fd_sc_hd__clkbuf_2)
     5    0.020167    0.082501    0.134705    0.840309 v input12/X (sky130_fd_sc_hd__clkbuf_2)
                                                         net12 (net)
                      0.082504    0.000566    0.840875 v fanout21/A (sky130_fd_sc_hd__buf_6)
     5    0.030350    0.040722    0.150659    0.991534 v fanout21/X (sky130_fd_sc_hd__buf_6)
                                                         net21 (net)
                      0.040748    0.000928    0.992462 v _062_/A (sky130_fd_sc_hd__xor2_2)
     2    0.005088    0.058315    0.167255    1.159718 v _062_/X (sky130_fd_sc_hd__xor2_2)
                                                         _015_ (net)
                      0.058315    0.000120    1.159838 v _067_/A1 (sky130_fd_sc_hd__o21a_1)
     3    0.014812    0.088192    0.238135    1.397973 v _067_/X (sky130_fd_sc_hd__o21a_1)
                                                         _019_ (net)
                      0.088192    0.000361    1.398334 v _070_/A (sky130_fd_sc_hd__or2_1)
     2    0.005909    0.062174    0.255230    1.653564 v _070_/X (sky130_fd_sc_hd__or2_1)
                                                         _022_ (net)
                      0.062174    0.000123    1.653687 v _075_/B1 (sky130_fd_sc_hd__o21ai_1)
     2    0.006418    0.158508    0.108856    1.762543 ^ _075_/Y (sky130_fd_sc_hd__o21ai_1)
                                                         _026_ (net)
                      0.158508    0.000162    1.762705 ^ _077_/A2 (sky130_fd_sc_hd__a21oi_1)
     1    0.003280    0.065441    0.091155    1.853860 v _077_/Y (sky130_fd_sc_hd__a21oi_1)
                                                         _028_ (net)
                      0.065441    0.000102    1.853962 v _078_/C1 (sky130_fd_sc_hd__a221o_1)
     1    0.002255    0.048762    0.255926    2.109888 v _078_/X (sky130_fd_sc_hd__a221o_1)
                                                         _003_ (net)
                      0.048762    0.000045    2.109932 v _111_/D (sky130_fd_sc_hd__dfrtp_1)
                                              2.109932   data arrival time

                                  3.500000    3.500000   clock clk (rise edge)
                                  0.000000    3.500000   clock source latency
     1    0.012879    0.063983    0.043396    3.543396 ^ clk (in)
                                                         clk (net)
                      0.063986    0.000000    3.543396 ^ clkbuf_0_clk/A (sky130_fd_sc_hd__clkbuf_16)
     2    0.019234    0.041202    0.131523    3.674920 ^ clkbuf_0_clk/X (sky130_fd_sc_hd__clkbuf_16)
                                                         clknet_0_clk (net)
                      0.041204    0.000481    3.675400 ^ clkbuf_1_1__f_clk/A (sky130_fd_sc_hd__clkbuf_16)
     4    0.011375    0.034511    0.115782    3.791182 ^ clkbuf_1_1__f_clk/X (sky130_fd_sc_hd__clkbuf_16)
                                                         clknet_1_1__leaf_clk (net)
                      0.034511    0.000259    3.791441 ^ _111_/CLK (sky130_fd_sc_hd__dfrtp_1)
                                 -0.250000    3.541441   clock uncertainty
                                  0.000000    3.541441   clock reconvergence pessimism
                                 -0.118316    3.423125   library setup time
                                              3.423125   data required time
---------------------------------------------------------------------------------------------
                                              3.423125   data required time
                                             -2.109932   data arrival time
---------------------------------------------------------------------------------------------
                                              1.313193   slack (MET)


Startpoint: _109_ (rising edge-triggered flip-flop clocked by clk)
Endpoint: count[1] (output port clocked by clk)
Path Group: clk
Path Type: max

Fanout         Cap        Slew       Delay        Time   Description
---------------------------------------------------------------------------------------------
                                  0.000000    0.000000   clock clk (rise edge)
                                  0.000000    0.000000   clock source latency
     1    0.012879    0.063983    0.043396    0.043396 ^ clk (in)
                                                         clk (net)
                      0.063986    0.000000    0.043396 ^ clkbuf_0_clk/A (sky130_fd_sc_hd__clkbuf_16)
     2    0.019234    0.041202    0.131523    0.174920 ^ clkbuf_0_clk/X (sky130_fd_sc_hd__clkbuf_16)
                                                         clknet_0_clk (net)
                      0.041204    0.000498    0.175418 ^ clkbuf_1_0__f_clk/A (sky130_fd_sc_hd__clkbuf_16)
     5    0.015842    0.038309    0.119992    0.295409 ^ clkbuf_1_0__f_clk/X (sky130_fd_sc_hd__clkbuf_16)
                                                         clknet_1_0__leaf_clk (net)
                      0.038315    0.000387    0.295797 ^ _109_/CLK (sky130_fd_sc_hd__dfrtp_1)
     3    0.014508    0.090335    0.407265    0.703062 v _109_/Q (sky130_fd_sc_hd__dfrtp_1)
                                                         net14 (net)
                      0.090335    0.000365    0.703427 v rebuffer5/A (sky130_fd_sc_hd__dlygate4sd1_1)
     2    0.005098    0.041108    0.257175    0.960601 v rebuffer5/X (sky130_fd_sc_hd__dlygate4sd1_1)
                                                         net26 (net)
                      0.041108    0.000169    0.960770 v output14/A (sky130_fd_sc_hd__buf_2)
     1    0.035725    0.092958    0.180613    1.141384 v output14/X (sky130_fd_sc_hd__buf_2)
                                                         count[1] (net)
                      0.092979    0.001327    1.142711 v count[1] (out)
                                              1.142711   data arrival time

                                  3.500000    3.500000   clock clk (rise edge)
                                  0.000000    3.500000   clock network delay (propagated)
                                 -0.250000    3.250000   clock uncertainty
                                  0.000000    3.250000   clock reconvergence pessimism
                                 -0.700000    2.550000   output external delay
                                              2.550000   data required time
---------------------------------------------------------------------------------------------
                                              2.550000   data required time
                                             -1.142711   data arrival time
---------------------------------------------------------------------------------------------
                                              1.407289   slack (MET)


Startpoint: up_down (input port clocked by clk)
Endpoint: _110_ (rising edge-triggered flip-flop clocked by clk)
Path Group: clk
Path Type: max

Fanout         Cap        Slew       Delay        Time   Description
---------------------------------------------------------------------------------------------
                                  0.000000    0.000000   clock clk (rise edge)
                                  0.000000    0.000000   clock network delay (propagated)
                                  0.700000    0.700000 v input external delay
     1    0.003489    0.010220    0.005604    0.705604 v up_down (in)
                                                         up_down (net)
                      0.010220    0.000000    0.705604 v input12/A (sky130_fd_sc_hd__clkbuf_2)
     5    0.020167    0.082501    0.134705    0.840309 v input12/X (sky130_fd_sc_hd__clkbuf_2)
                                                         net12 (net)
                      0.082504    0.000566    0.840875 v fanout21/A (sky130_fd_sc_hd__buf_6)
     5    0.030350    0.040722    0.150659    0.991534 v fanout21/X (sky130_fd_sc_hd__buf_6)
                                                         net21 (net)
                      0.040748    0.000928    0.992462 v _062_/A (sky130_fd_sc_hd__xor2_2)
     2    0.005088    0.058315    0.167255    1.159718 v _062_/X (sky130_fd_sc_hd__xor2_2)
                                                         _015_ (net)
                      0.058315    0.000120    1.159838 v _067_/A1 (sky130_fd_sc_hd__o21a_1)
     3    0.014812    0.088192    0.238135    1.397973 v _067_/X (sky130_fd_sc_hd__o21a_1)
                                                         _019_ (net)
                      0.088192    0.000361    1.398334 v _070_/A (sky130_fd_sc_hd__or2_1)
     2    0.005909    0.062174    0.255230    1.653564 v _070_/X (sky130_fd_sc_hd__or2_1)
                                                         _022_ (net)
                      0.062174    0.000149    1.653713 v _072_/A3 (sky130_fd_sc_hd__a31o_1)
     1    0.002179    0.033874    0.211842    1.865556 v _072_/X (sky130_fd_sc_hd__a31o_1)
                                                         _002_ (net)
                      0.033874    0.000062    1.865617 v _110_/D (sky130_fd_sc_hd__dfrtp_2)
                                              1.865617   data arrival time

                                  3.500000    3.500000   clock clk (rise edge)
                                  0.000000    3.500000   clock source latency
     1    0.012879    0.063983    0.043396    3.543396 ^ clk (in)
                                                         clk (net)
                      0.063986    0.000000    3.543396 ^ clkbuf_0_clk/A (sky130_fd_sc_hd__clkbuf_16)
     2    0.019234    0.041202    0.131523    3.674920 ^ clkbuf_0_clk/X (sky130_fd_sc_hd__clkbuf_16)
                                                         clknet_0_clk (net)
                      0.041204    0.000498    3.675418 ^ clkbuf_1_0__f_clk/A (sky130_fd_sc_hd__clkbuf_16)
     5    0.015842    0.038309    0.119992    3.795409 ^ clkbuf_1_0__f_clk/X (sky130_fd_sc_hd__clkbuf_16)
                                                         clknet_1_0__leaf_clk (net)
                      0.038316    0.000485    3.795894 ^ _110_/CLK (sky130_fd_sc_hd__dfrtp_2)
                                 -0.250000    3.545894   clock uncertainty
                                  0.000000    3.545894   clock reconvergence pessimism
                                 -0.112156    3.433738   library setup time
                                              3.433738   data required time
---------------------------------------------------------------------------------------------
                                              3.433738   data required time
                                             -1.865617   data arrival time
---------------------------------------------------------------------------------------------
                                              1.568121   slack (MET)


Startpoint: _111_ (rising edge-triggered flip-flop clocked by clk)
Endpoint: count[3] (output port clocked by clk)
Path Group: clk
Path Type: max

Fanout         Cap        Slew       Delay        Time   Description
---------------------------------------------------------------------------------------------
                                  0.000000    0.000000   clock clk (rise edge)
                                  0.000000    0.000000   clock source latency
     1    0.012879    0.063983    0.043396    0.043396 ^ clk (in)
                                                         clk (net)
                      0.063986    0.000000    0.043396 ^ clkbuf_0_clk/A (sky130_fd_sc_hd__clkbuf_16)
     2    0.019234    0.041202    0.131523    0.174920 ^ clkbuf_0_clk/X (sky130_fd_sc_hd__clkbuf_16)
                                                         clknet_0_clk (net)
                      0.041204    0.000481    0.175400 ^ clkbuf_1_1__f_clk/A (sky130_fd_sc_hd__clkbuf_16)
     4    0.011375    0.034511    0.115781    0.291182 ^ clkbuf_1_1__f_clk/X (sky130_fd_sc_hd__clkbuf_16)
                                                         clknet_1_1__leaf_clk (net)
                      0.034511    0.000260    0.291441 ^ _111_/CLK (sky130_fd_sc_hd__dfrtp_1)
     4    0.018731    0.172051    0.411887    0.703328 ^ _111_/Q (sky130_fd_sc_hd__dfrtp_1)
                                                         net16 (net)
                      0.172051    0.000598    0.703926 ^ output16/A (sky130_fd_sc_hd__buf_2)
     1    0.034252    0.170598    0.239962    0.943888 ^ output16/X (sky130_fd_sc_hd__buf_2)
                                                         count[3] (net)
                      0.170598    0.000700    0.944588 ^ count[3] (out)
                                              0.944588   data arrival time

                                  3.500000    3.500000   clock clk (rise edge)
                                  0.000000    3.500000   clock network delay (propagated)
                                 -0.250000    3.250000   clock uncertainty
                                  0.000000    3.250000   clock reconvergence pessimism
                                 -0.700000    2.550000   output external delay
                                              2.550000   data required time
---------------------------------------------------------------------------------------------
                                              2.550000   data required time
                                             -0.944588   data arrival time
---------------------------------------------------------------------------------------------
                                              1.605412   slack (MET)


Startpoint: _112_ (rising edge-triggered flip-flop clocked by clk)
Endpoint: count[4] (output port clocked by clk)
Path Group: clk
Path Type: max

Fanout         Cap        Slew       Delay        Time   Description
---------------------------------------------------------------------------------------------
                                  0.000000    0.000000   clock clk (rise edge)
                                  0.000000    0.000000   clock source latency
     1    0.012879    0.063983    0.043396    0.043396 ^ clk (in)
                                                         clk (net)
                      0.063986    0.000000    0.043396 ^ clkbuf_0_clk/A (sky130_fd_sc_hd__clkbuf_16)
     2    0.019234    0.041202    0.131523    0.174920 ^ clkbuf_0_clk/X (sky130_fd_sc_hd__clkbuf_16)
                                                         clknet_0_clk (net)
                      0.041204    0.000498    0.175418 ^ clkbuf_1_0__f_clk/A (sky130_fd_sc_hd__clkbuf_16)
     5    0.015842    0.038309    0.119992    0.295409 ^ clkbuf_1_0__f_clk/X (sky130_fd_sc_hd__clkbuf_16)
                                                         clknet_1_0__leaf_clk (net)
                      0.038309    0.000277    0.295686 ^ _112_/CLK (sky130_fd_sc_hd__dfrtp_1)
     5    0.016548    0.154053    0.400112    0.695798 ^ _112_/Q (sky130_fd_sc_hd__dfrtp_1)
                                                         net17 (net)
                      0.154053    0.000502    0.696300 ^ output17/A (sky130_fd_sc_hd__buf_2)
     1    0.034271    0.170647    0.235207    0.931507 ^ output17/X (sky130_fd_sc_hd__buf_2)
                                                         count[4] (net)
                      0.170647    0.000627    0.932135 ^ count[4] (out)
                                              0.932135   data arrival time

                                  3.500000    3.500000   clock clk (rise edge)
                                  0.000000    3.500000   clock network delay (propagated)
                                 -0.250000    3.250000   clock uncertainty
                                  0.000000    3.250000   clock reconvergence pessimism
                                 -0.700000    2.550000   output external delay
                                              2.550000   data required time
---------------------------------------------------------------------------------------------
                                              2.550000   data required time
                                             -0.932135   data arrival time
---------------------------------------------------------------------------------------------
                                              1.617865   slack (MET)


Startpoint: _110_ (rising edge-triggered flip-flop clocked by clk)
Endpoint: count[2] (output port clocked by clk)
Path Group: clk
Path Type: max

Fanout         Cap        Slew       Delay        Time   Description
---------------------------------------------------------------------------------------------
                                  0.000000    0.000000   clock clk (rise edge)
                                  0.000000    0.000000   clock source latency
     1    0.012879    0.063983    0.043396    0.043396 ^ clk (in)
                                                         clk (net)
                      0.063986    0.000000    0.043396 ^ clkbuf_0_clk/A (sky130_fd_sc_hd__clkbuf_16)
     2    0.019234    0.041202    0.131523    0.174920 ^ clkbuf_0_clk/X (sky130_fd_sc_hd__clkbuf_16)
                                                         clknet_0_clk (net)
                      0.041204    0.000498    0.175418 ^ clkbuf_1_0__f_clk/A (sky130_fd_sc_hd__clkbuf_16)
     5    0.015842    0.038309    0.119992    0.295409 ^ clkbuf_1_0__f_clk/X (sky130_fd_sc_hd__clkbuf_16)
                                                         clknet_1_0__leaf_clk (net)
                      0.038316    0.000485    0.295894 ^ _110_/CLK (sky130_fd_sc_hd__dfrtp_2)
     5    0.018534    0.075824    0.428949    0.724844 v _110_/Q (sky130_fd_sc_hd__dfrtp_2)
                                                         net15 (net)
                      0.075824    0.000320    0.725163 v output15/A (sky130_fd_sc_hd__buf_2)
     1    0.034112    0.089165    0.193602    0.918766 v output15/X (sky130_fd_sc_hd__buf_2)
                                                         count[2] (net)
                      0.089170    0.000697    0.919463 v count[2] (out)
                                              0.919463   data arrival time

                                  3.500000    3.500000   clock clk (rise edge)
                                  0.000000    3.500000   clock network delay (propagated)
                                 -0.250000    3.250000   clock uncertainty
                                  0.000000    3.250000   clock reconvergence pessimism
                                 -0.700000    2.550000   output external delay
                                              2.550000   data required time
---------------------------------------------------------------------------------------------
                                              2.550000   data required time
                                             -0.919463   data arrival time
---------------------------------------------------------------------------------------------
                                              1.630537   slack (MET)


Startpoint: _113_ (rising edge-triggered flip-flop clocked by clk)
Endpoint: count[5] (output port clocked by clk)
Path Group: clk
Path Type: max

Fanout         Cap        Slew       Delay        Time   Description
---------------------------------------------------------------------------------------------
                                  0.000000    0.000000   clock clk (rise edge)
                                  0.000000    0.000000   clock source latency
     1    0.012879    0.063983    0.043396    0.043396 ^ clk (in)
                                                         clk (net)
                      0.063986    0.000000    0.043396 ^ clkbuf_0_clk/A (sky130_fd_sc_hd__clkbuf_16)
     2    0.019234    0.041202    0.131523    0.174920 ^ clkbuf_0_clk/X (sky130_fd_sc_hd__clkbuf_16)
                                                         clknet_0_clk (net)
                      0.041204    0.000481    0.175400 ^ clkbuf_1_1__f_clk/A (sky130_fd_sc_hd__clkbuf_16)
     4    0.011375    0.034511    0.115781    0.291182 ^ clkbuf_1_1__f_clk/X (sky130_fd_sc_hd__clkbuf_16)
                                                         clknet_1_1__leaf_clk (net)
                      0.034511    0.000169    0.291351 ^ _113_/CLK (sky130_fd_sc_hd__dfrtp_1)
     4    0.015048    0.141669    0.389665    0.681015 ^ _113_/Q (sky130_fd_sc_hd__dfrtp_1)
                                                         net18 (net)
                      0.141669    0.000263    0.681278 ^ output18/A (sky130_fd_sc_hd__buf_2)
     1    0.033961    0.169185    0.230824    0.912102 ^ output18/X (sky130_fd_sc_hd__buf_2)
                                                         count[5] (net)
                      0.169185    0.000632    0.912734 ^ count[5] (out)
                                              0.912734   data arrival time

                                  3.500000    3.500000   clock clk (rise edge)
                                  0.000000    3.500000   clock network delay (propagated)
                                 -0.250000    3.250000   clock uncertainty
                                  0.000000    3.250000   clock reconvergence pessimism
                                 -0.700000    2.550000   output external delay
                                              2.550000   data required time
---------------------------------------------------------------------------------------------
                                              2.550000   data required time
                                             -0.912734   data arrival time
---------------------------------------------------------------------------------------------
                                              1.637266   slack (MET)


Startpoint: _108_ (rising edge-triggered flip-flop clocked by clk)
Endpoint: count[0] (output port clocked by clk)
Path Group: clk
Path Type: max

Fanout         Cap        Slew       Delay        Time   Description
---------------------------------------------------------------------------------------------
                                  0.000000    0.000000   clock clk (rise edge)
                                  0.000000    0.000000   clock source latency
     1    0.012879    0.063983    0.043396    0.043396 ^ clk (in)
                                                         clk (net)
                      0.063986    0.000000    0.043396 ^ clkbuf_0_clk/A (sky130_fd_sc_hd__clkbuf_16)
     2    0.019234    0.041202    0.131523    0.174920 ^ clkbuf_0_clk/X (sky130_fd_sc_hd__clkbuf_16)
                                                         clknet_0_clk (net)
                      0.041204    0.000498    0.175418 ^ clkbuf_1_0__f_clk/A (sky130_fd_sc_hd__clkbuf_16)
     5    0.015842    0.038309    0.119992    0.295409 ^ clkbuf_1_0__f_clk/X (sky130_fd_sc_hd__clkbuf_16)
                                                         clknet_1_0__leaf_clk (net)
                      0.038309    0.000323    0.295733 ^ _108_/CLK (sky130_fd_sc_hd__dfrtp_1)
     3    0.012006    0.116679    0.372713    0.668446 ^ _108_/Q (sky130_fd_sc_hd__dfrtp_1)
                                                         net13 (net)
                      0.116679    0.000229    0.668675 ^ output13/A (sky130_fd_sc_hd__buf_2)
     1    0.034333    0.170864    0.224725    0.893399 ^ output13/X (sky130_fd_sc_hd__buf_2)
                                                         count[0] (net)
                      0.170864    0.000645    0.894045 ^ count[0] (out)
                                              0.894045   data arrival time

                                  3.500000    3.500000   clock clk (rise edge)
                                  0.000000    3.500000   clock network delay (propagated)
                                 -0.250000    3.250000   clock uncertainty
                                  0.000000    3.250000   clock reconvergence pessimism
                                 -0.700000    2.550000   output external delay
                                              2.550000   data required time
---------------------------------------------------------------------------------------------
                                              2.550000   data required time
                                             -0.894045   data arrival time
---------------------------------------------------------------------------------------------
                                              1.655955   slack (MET)


Startpoint: _114_ (rising edge-triggered flip-flop clocked by clk)
Endpoint: count[6] (output port clocked by clk)
Path Group: clk
Path Type: max

Fanout         Cap        Slew       Delay        Time   Description
---------------------------------------------------------------------------------------------
                                  0.000000    0.000000   clock clk (rise edge)
                                  0.000000    0.000000   clock source latency
     1    0.012879    0.063983    0.043396    0.043396 ^ clk (in)
                                                         clk (net)
                      0.063986    0.000000    0.043396 ^ clkbuf_0_clk/A (sky130_fd_sc_hd__clkbuf_16)
     2    0.019234    0.041202    0.131523    0.174920 ^ clkbuf_0_clk/X (sky130_fd_sc_hd__clkbuf_16)
                                                         clknet_0_clk (net)
                      0.041204    0.000481    0.175400 ^ clkbuf_1_1__f_clk/A (sky130_fd_sc_hd__clkbuf_16)
     4    0.011375    0.034511    0.115781    0.291182 ^ clkbuf_1_1__f_clk/X (sky130_fd_sc_hd__clkbuf_16)
                                                         clknet_1_1__leaf_clk (net)
                      0.034511    0.000206    0.291388 ^ _114_/CLK (sky130_fd_sc_hd__dfrtp_1)
     4    0.010502    0.072927    0.389813    0.681201 v _114_/Q (sky130_fd_sc_hd__dfrtp_1)
                                                         net19 (net)
                      0.072927    0.000327    0.681528 v output19/A (sky130_fd_sc_hd__clkbuf_4)
     1    0.034485    0.079985    0.195306    0.876834 v output19/X (sky130_fd_sc_hd__clkbuf_4)
                                                         count[6] (net)
                      0.079992    0.000804    0.877638 v count[6] (out)
                                              0.877638   data arrival time

                                  3.500000    3.500000   clock clk (rise edge)
                                  0.000000    3.500000   clock network delay (propagated)
                                 -0.250000    3.250000   clock uncertainty
                                  0.000000    3.250000   clock reconvergence pessimism
                                 -0.700000    2.550000   output external delay
                                              2.550000   data required time
---------------------------------------------------------------------------------------------
                                              2.550000   data required time
                                             -0.877638   data arrival time
---------------------------------------------------------------------------------------------
                                              1.672362   slack (MET)


Startpoint: _115_ (rising edge-triggered flip-flop clocked by clk)
Endpoint: count[7] (output port clocked by clk)
Path Group: clk
Path Type: max

Fanout         Cap        Slew       Delay        Time   Description
---------------------------------------------------------------------------------------------
                                  0.000000    0.000000   clock clk (rise edge)
                                  0.000000    0.000000   clock source latency
     1    0.012879    0.063983    0.043396    0.043396 ^ clk (in)
                                                         clk (net)
                      0.063986    0.000000    0.043396 ^ clkbuf_0_clk/A (sky130_fd_sc_hd__clkbuf_16)
     2    0.019234    0.041202    0.131523    0.174920 ^ clkbuf_0_clk/X (sky130_fd_sc_hd__clkbuf_16)
                                                         clknet_0_clk (net)
                      0.041204    0.000481    0.175400 ^ clkbuf_1_1__f_clk/A (sky130_fd_sc_hd__clkbuf_16)
     4    0.011375    0.034511    0.115781    0.291182 ^ clkbuf_1_1__f_clk/X (sky130_fd_sc_hd__clkbuf_16)
                                                         clknet_1_1__leaf_clk (net)
                      0.034511    0.000155    0.291337 ^ _115_/CLK (sky130_fd_sc_hd__dfrtp_1)
     3    0.010513    0.104450    0.362263    0.653601 ^ _115_/Q (sky130_fd_sc_hd__dfrtp_1)
                                                         net20 (net)
                      0.104450    0.000247    0.653847 ^ output20/A (sky130_fd_sc_hd__buf_2)
     1    0.034030    0.169375    0.219226    0.873073 ^ output20/X (sky130_fd_sc_hd__buf_2)
                                                         count[7] (net)
                      0.169375    0.000625    0.873698 ^ count[7] (out)
                                              0.873698   data arrival time

                                  3.500000    3.500000   clock clk (rise edge)
                                  0.000000    3.500000   clock network delay (propagated)
                                 -0.250000    3.250000   clock uncertainty
                                  0.000000    3.250000   clock reconvergence pessimism
                                 -0.700000    2.550000   output external delay
                                              2.550000   data required time
---------------------------------------------------------------------------------------------
                                              2.550000   data required time
                                             -0.873698   data arrival time
---------------------------------------------------------------------------------------------
                                              1.676302   slack (MET)


Startpoint: up_down (input port clocked by clk)
Endpoint: _109_ (rising edge-triggered flip-flop clocked by clk)
Path Group: clk
Path Type: max

Fanout         Cap        Slew       Delay        Time   Description
---------------------------------------------------------------------------------------------
                                  0.000000    0.000000   clock clk (rise edge)
                                  0.000000    0.000000   clock network delay (propagated)
                                  0.700000    0.700000 v input external delay
     1    0.003489    0.010220    0.005604    0.705604 v up_down (in)
                                                         up_down (net)
                      0.010220    0.000000    0.705604 v input12/A (sky130_fd_sc_hd__clkbuf_2)
     5    0.020167    0.082501    0.134705    0.840309 v input12/X (sky130_fd_sc_hd__clkbuf_2)
                                                         net12 (net)
                      0.082504    0.000566    0.840875 v fanout21/A (sky130_fd_sc_hd__buf_6)
     5    0.030350    0.040722    0.150659    0.991534 v fanout21/X (sky130_fd_sc_hd__buf_6)
                                                         net21 (net)
                      0.040748    0.000928    0.992462 v _062_/A (sky130_fd_sc_hd__xor2_2)
     2    0.005088    0.058315    0.167255    1.159718 v _062_/X (sky130_fd_sc_hd__xor2_2)
                                                         _015_ (net)
                      0.058315    0.000107    1.159825 v rebuffer8/A (sky130_fd_sc_hd__dlygate4sd1_1)
     2    0.005474    0.042723    0.244292    1.404117 v rebuffer8/X (sky130_fd_sc_hd__dlygate4sd1_1)
                                                         net29 (net)
                      0.042723    0.000141    1.404258 v _064_/A2 (sky130_fd_sc_hd__o21a_1)
     1    0.004720    0.043728    0.171814    1.576072 v _064_/X (sky130_fd_sc_hd__o21a_1)
                                                         _017_ (net)
                      0.043728    0.000164    1.576236 v _066_/A2 (sky130_fd_sc_hd__a21o_1)
     1    0.002381    0.031091    0.167482    1.743718 v _066_/X (sky130_fd_sc_hd__a21o_1)
                                                         _001_ (net)
                      0.031091    0.000067    1.743785 v _109_/D (sky130_fd_sc_hd__dfrtp_1)
                                              1.743785   data arrival time

                                  3.500000    3.500000   clock clk (rise edge)
                                  0.000000    3.500000   clock source latency
     1    0.012879    0.063983    0.043396    3.543396 ^ clk (in)
                                                         clk (net)
                      0.063986    0.000000    3.543396 ^ clkbuf_0_clk/A (sky130_fd_sc_hd__clkbuf_16)
     2    0.019234    0.041202    0.131523    3.674920 ^ clkbuf_0_clk/X (sky130_fd_sc_hd__clkbuf_16)
                                                         clknet_0_clk (net)
                      0.041204    0.000498    3.675418 ^ clkbuf_1_0__f_clk/A (sky130_fd_sc_hd__clkbuf_16)
     5    0.015842    0.038309    0.119992    3.795409 ^ clkbuf_1_0__f_clk/X (sky130_fd_sc_hd__clkbuf_16)
                                                         clknet_1_0__leaf_clk (net)
                      0.038315    0.000387    3.795797 ^ _109_/CLK (sky130_fd_sc_hd__dfrtp_1)
                                 -0.250000    3.545797   clock uncertainty
                                  0.000000    3.545797   clock reconvergence pessimism
                                 -0.109732    3.436064   library setup time
                                              3.436064   data required time
---------------------------------------------------------------------------------------------
                                              3.436064   data required time
                                             -1.743785   data arrival time
---------------------------------------------------------------------------------------------
                                              1.692280   slack (MET)


Startpoint: preload (input port clocked by clk)
Endpoint: _108_ (rising edge-triggered flip-flop clocked by clk)
Path Group: clk
Path Type: max

Fanout         Cap        Slew       Delay        Time   Description
---------------------------------------------------------------------------------------------
                                  0.000000    0.000000   clock clk (rise edge)
                                  0.000000    0.000000   clock network delay (propagated)
                                  0.700000    0.700000 v input external delay
     1    0.002434    0.007781    0.003820    0.703821 v preload (in)
                                                         preload (net)
                      0.007781    0.000000    0.703821 v input10/A (sky130_fd_sc_hd__buf_2)
    10    0.039901    0.098724    0.173592    0.877413 v input10/X (sky130_fd_sc_hd__buf_2)
                                                         net10 (net)
                      0.098870    0.002618    0.880031 v _057_/A (sky130_fd_sc_hd__nor2_2)
     8    0.035663    0.392091    0.357394    1.237426 ^ _057_/Y (sky130_fd_sc_hd__nor2_2)
                                                         _011_ (net)
                      0.392098    0.001390    1.238815 ^ _059_/B1 (sky130_fd_sc_hd__a22o_1)
     1    0.003465    0.056326    0.192554    1.431369 ^ _059_/X (sky130_fd_sc_hd__a22o_1)
                                                         _013_ (net)
                      0.056326    0.000108    1.431477 ^ _060_/B1 (sky130_fd_sc_hd__a21oi_1)
     1    0.002823    0.051112    0.040256    1.471733 v _060_/Y (sky130_fd_sc_hd__a21oi_1)
                                                         _000_ (net)
                      0.051112    0.000084    1.471817 v _108_/D (sky130_fd_sc_hd__dfrtp_1)
                                              1.471817   data arrival time

                                  3.500000    3.500000   clock clk (rise edge)
                                  0.000000    3.500000   clock source latency
     1    0.012879    0.063983    0.043396    3.543396 ^ clk (in)
                                                         clk (net)
                      0.063986    0.000000    3.543396 ^ clkbuf_0_clk/A (sky130_fd_sc_hd__clkbuf_16)
     2    0.019234    0.041202    0.131523    3.674920 ^ clkbuf_0_clk/X (sky130_fd_sc_hd__clkbuf_16)
                                                         clknet_0_clk (net)
                      0.041204    0.000498    3.675418 ^ clkbuf_1_0__f_clk/A (sky130_fd_sc_hd__clkbuf_16)
     5    0.015842    0.038309    0.119992    3.795409 ^ clkbuf_1_0__f_clk/X (sky130_fd_sc_hd__clkbuf_16)
                                                         clknet_1_0__leaf_clk (net)
                      0.038309    0.000323    3.795733 ^ _108_/CLK (sky130_fd_sc_hd__dfrtp_1)
                                 -0.250000    3.545733   clock uncertainty
                                  0.000000    3.545733   clock reconvergence pessimism
                                 -0.118473    3.427260   library setup time
                                              3.427260   data required time
---------------------------------------------------------------------------------------------
                                              3.427260   data required time
                                             -1.471817   data arrival time
---------------------------------------------------------------------------------------------
                                              1.955443   slack (MET)


Startpoint: resetn (input port clocked by clk)
Endpoint: _110_ (recovery check against rising-edge clock clk)
Path Group: asynchronous
Path Type: max

Fanout         Cap        Slew       Delay        Time   Description
---------------------------------------------------------------------------------------------
                                  0.000000    0.000000   clock clk (rise edge)
                                  0.000000    0.000000   clock network delay (propagated)
                                  0.700000    0.700000 ^ input external delay
     1    0.002420    0.018119    0.008984    0.708984 ^ resetn (in)
                                                         resetn (net)
                      0.018119    0.000000    0.708984 ^ hold13/A (sky130_fd_sc_hd__dlygate4sd3_1)
     1    0.002529    0.050543    0.523385    1.232369 ^ hold13/X (sky130_fd_sc_hd__dlygate4sd3_1)
                                                         net34 (net)
                      0.050543    0.000075    1.232444 ^ input11/A (sky130_fd_sc_hd__buf_2)
     8    0.041436    0.203635    0.222836    1.455280 ^ input11/X (sky130_fd_sc_hd__buf_2)
                                                         net11 (net)
                      0.203680    0.002523    1.457803 ^ _110_/RESET_B (sky130_fd_sc_hd__dfrtp_2)
                                              1.457803   data arrival time

                                  3.500000    3.500000   clock clk (rise edge)
                                  0.000000    3.500000   clock source latency
     1    0.012879    0.063983    0.043396    3.543396 ^ clk (in)
                                                         clk (net)
                      0.063986    0.000000    3.543396 ^ clkbuf_0_clk/A (sky130_fd_sc_hd__clkbuf_16)
     2    0.019234    0.041202    0.131523    3.674920 ^ clkbuf_0_clk/X (sky130_fd_sc_hd__clkbuf_16)
                                                         clknet_0_clk (net)
                      0.041204    0.000498    3.675418 ^ clkbuf_1_0__f_clk/A (sky130_fd_sc_hd__clkbuf_16)
     5    0.015842    0.038309    0.119992    3.795409 ^ clkbuf_1_0__f_clk/X (sky130_fd_sc_hd__clkbuf_16)
                                                         clknet_1_0__leaf_clk (net)
                      0.038316    0.000485    3.795894 ^ _110_/CLK (sky130_fd_sc_hd__dfrtp_2)
                                 -0.250000    3.545894   clock uncertainty
                                  0.000000    3.545894   clock reconvergence pessimism
                                  0.169729    3.715623   library recovery time
                                              3.715623   data required time
---------------------------------------------------------------------------------------------
                                              3.715623   data required time
                                             -1.457803   data arrival time
---------------------------------------------------------------------------------------------
                                              2.257820   slack (MET)


Startpoint: resetn (input port clocked by clk)
Endpoint: _115_ (recovery check against rising-edge clock clk)
Path Group: asynchronous
Path Type: max

Fanout         Cap        Slew       Delay        Time   Description
---------------------------------------------------------------------------------------------
                                  0.000000    0.000000   clock clk (rise edge)
                                  0.000000    0.000000   clock network delay (propagated)
                                  0.700000    0.700000 ^ input external delay
     1    0.002420    0.018119    0.008984    0.708984 ^ resetn (in)
                                                         resetn (net)
                      0.018119    0.000000    0.708984 ^ hold13/A (sky130_fd_sc_hd__dlygate4sd3_1)
     1    0.002529    0.050543    0.523385    1.232369 ^ hold13/X (sky130_fd_sc_hd__dlygate4sd3_1)
                                                         net34 (net)
                      0.050543    0.000075    1.232444 ^ input11/A (sky130_fd_sc_hd__buf_2)
     8    0.041436    0.203635    0.222836    1.455280 ^ input11/X (sky130_fd_sc_hd__buf_2)
                                                         net11 (net)
                      0.203673    0.002320    1.457600 ^ _115_/RESET_B (sky130_fd_sc_hd__dfrtp_1)
                                              1.457600   data arrival time

                                  3.500000    3.500000   clock clk (rise edge)
                                  0.000000    3.500000   clock source latency
     1    0.012879    0.063983    0.043396    3.543396 ^ clk (in)
                                                         clk (net)
                      0.063986    0.000000    3.543396 ^ clkbuf_0_clk/A (sky130_fd_sc_hd__clkbuf_16)
     2    0.019234    0.041202    0.131523    3.674920 ^ clkbuf_0_clk/X (sky130_fd_sc_hd__clkbuf_16)
                                                         clknet_0_clk (net)
                      0.041204    0.000481    3.675400 ^ clkbuf_1_1__f_clk/A (sky130_fd_sc_hd__clkbuf_16)
     4    0.011375    0.034511    0.115782    3.791182 ^ clkbuf_1_1__f_clk/X (sky130_fd_sc_hd__clkbuf_16)
                                                         clknet_1_1__leaf_clk (net)
                      0.034511    0.000155    3.791337 ^ _115_/CLK (sky130_fd_sc_hd__dfrtp_1)
                                 -0.250000    3.541337   clock uncertainty
                                  0.000000    3.541337   clock reconvergence pessimism
                                  0.185969    3.727307   library recovery time
                                              3.727307   data required time
---------------------------------------------------------------------------------------------
                                              3.727307   data required time
                                             -1.457600   data arrival time
---------------------------------------------------------------------------------------------
                                              2.269707   slack (MET)


Startpoint: resetn (input port clocked by clk)
Endpoint: _111_ (recovery check against rising-edge clock clk)
Path Group: asynchronous
Path Type: max

Fanout         Cap        Slew       Delay        Time   Description
---------------------------------------------------------------------------------------------
                                  0.000000    0.000000   clock clk (rise edge)
                                  0.000000    0.000000   clock network delay (propagated)
                                  0.700000    0.700000 ^ input external delay
     1    0.002420    0.018119    0.008984    0.708984 ^ resetn (in)
                                                         resetn (net)
                      0.018119    0.000000    0.708984 ^ hold13/A (sky130_fd_sc_hd__dlygate4sd3_1)
     1    0.002529    0.050543    0.523385    1.232369 ^ hold13/X (sky130_fd_sc_hd__dlygate4sd3_1)
                                                         net34 (net)
                      0.050543    0.000075    1.232444 ^ input11/A (sky130_fd_sc_hd__buf_2)
     8    0.041436    0.203635    0.222836    1.455280 ^ input11/X (sky130_fd_sc_hd__buf_2)
                                                         net11 (net)
                      0.203673    0.002336    1.457616 ^ _111_/RESET_B (sky130_fd_sc_hd__dfrtp_1)
                                              1.457616   data arrival time

                                  3.500000    3.500000   clock clk (rise edge)
                                  0.000000    3.500000   clock source latency
     1    0.012879    0.063983    0.043396    3.543396 ^ clk (in)
                                                         clk (net)
                      0.063986    0.000000    3.543396 ^ clkbuf_0_clk/A (sky130_fd_sc_hd__clkbuf_16)
     2    0.019234    0.041202    0.131523    3.674920 ^ clkbuf_0_clk/X (sky130_fd_sc_hd__clkbuf_16)
                                                         clknet_0_clk (net)
                      0.041204    0.000481    3.675400 ^ clkbuf_1_1__f_clk/A (sky130_fd_sc_hd__clkbuf_16)
     4    0.011375    0.034511    0.115782    3.791182 ^ clkbuf_1_1__f_clk/X (sky130_fd_sc_hd__clkbuf_16)
                                                         clknet_1_1__leaf_clk (net)
                      0.034511    0.000259    3.791441 ^ _111_/CLK (sky130_fd_sc_hd__dfrtp_1)
                                 -0.250000    3.541441   clock uncertainty
                                  0.000000    3.541441   clock reconvergence pessimism
                                  0.185969    3.727410   library recovery time
                                              3.727410   data required time
---------------------------------------------------------------------------------------------
                                              3.727410   data required time
                                             -1.457616   data arrival time
---------------------------------------------------------------------------------------------
                                              2.269794   slack (MET)


Startpoint: resetn (input port clocked by clk)
Endpoint: _114_ (recovery check against rising-edge clock clk)
Path Group: asynchronous
Path Type: max

Fanout         Cap        Slew       Delay        Time   Description
---------------------------------------------------------------------------------------------
                                  0.000000    0.000000   clock clk (rise edge)
                                  0.000000    0.000000   clock network delay (propagated)
                                  0.700000    0.700000 ^ input external delay
     1    0.002420    0.018119    0.008984    0.708984 ^ resetn (in)
                                                         resetn (net)
                      0.018119    0.000000    0.708984 ^ hold13/A (sky130_fd_sc_hd__dlygate4sd3_1)
     1    0.002529    0.050543    0.523385    1.232369 ^ hold13/X (sky130_fd_sc_hd__dlygate4sd3_1)
                                                         net34 (net)
                      0.050543    0.000075    1.232444 ^ input11/A (sky130_fd_sc_hd__buf_2)
     8    0.041436    0.203635    0.222836    1.455280 ^ input11/X (sky130_fd_sc_hd__buf_2)
                                                         net11 (net)
                      0.203668    0.002188    1.457468 ^ _114_/RESET_B (sky130_fd_sc_hd__dfrtp_1)
                                              1.457468   data arrival time

                                  3.500000    3.500000   clock clk (rise edge)
                                  0.000000    3.500000   clock source latency
     1    0.012879    0.063983    0.043396    3.543396 ^ clk (in)
                                                         clk (net)
                      0.063986    0.000000    3.543396 ^ clkbuf_0_clk/A (sky130_fd_sc_hd__clkbuf_16)
     2    0.019234    0.041202    0.131523    3.674920 ^ clkbuf_0_clk/X (sky130_fd_sc_hd__clkbuf_16)
                                                         clknet_0_clk (net)
                      0.041204    0.000481    3.675400 ^ clkbuf_1_1__f_clk/A (sky130_fd_sc_hd__clkbuf_16)
     4    0.011375    0.034511    0.115782    3.791182 ^ clkbuf_1_1__f_clk/X (sky130_fd_sc_hd__clkbuf_16)
                                                         clknet_1_1__leaf_clk (net)
                      0.034511    0.000207    3.791388 ^ _114_/CLK (sky130_fd_sc_hd__dfrtp_1)
                                 -0.250000    3.541388   clock uncertainty
                                  0.000000    3.541388   clock reconvergence pessimism
                                  0.185970    3.727359   library recovery time
                                              3.727359   data required time
---------------------------------------------------------------------------------------------
                                              3.727359   data required time
                                             -1.457468   data arrival time
---------------------------------------------------------------------------------------------
                                              2.269890   slack (MET)


Startpoint: resetn (input port clocked by clk)
Endpoint: _113_ (recovery check against rising-edge clock clk)
Path Group: asynchronous
Path Type: max

Fanout         Cap        Slew       Delay        Time   Description
---------------------------------------------------------------------------------------------
                                  0.000000    0.000000   clock clk (rise edge)
                                  0.000000    0.000000   clock network delay (propagated)
                                  0.700000    0.700000 ^ input external delay
     1    0.002420    0.018119    0.008984    0.708984 ^ resetn (in)
                                                         resetn (net)
                      0.018119    0.000000    0.708984 ^ hold13/A (sky130_fd_sc_hd__dlygate4sd3_1)
     1    0.002529    0.050543    0.523385    1.232369 ^ hold13/X (sky130_fd_sc_hd__dlygate4sd3_1)
                                                         net34 (net)
                      0.050543    0.000075    1.232444 ^ input11/A (sky130_fd_sc_hd__buf_2)
     8    0.041436    0.203635    0.222836    1.455280 ^ input11/X (sky130_fd_sc_hd__buf_2)
                                                         net11 (net)
                      0.203654    0.001656    1.456936 ^ _113_/RESET_B (sky130_fd_sc_hd__dfrtp_1)
                                              1.456936   data arrival time

                                  3.500000    3.500000   clock clk (rise edge)
                                  0.000000    3.500000   clock source latency
     1    0.012879    0.063983    0.043396    3.543396 ^ clk (in)
                                                         clk (net)
                      0.063986    0.000000    3.543396 ^ clkbuf_0_clk/A (sky130_fd_sc_hd__clkbuf_16)
     2    0.019234    0.041202    0.131523    3.674920 ^ clkbuf_0_clk/X (sky130_fd_sc_hd__clkbuf_16)
                                                         clknet_0_clk (net)
                      0.041204    0.000481    3.675400 ^ clkbuf_1_1__f_clk/A (sky130_fd_sc_hd__clkbuf_16)
     4    0.011375    0.034511    0.115782    3.791182 ^ clkbuf_1_1__f_clk/X (sky130_fd_sc_hd__clkbuf_16)
                                                         clknet_1_1__leaf_clk (net)
                      0.034511    0.000169    3.791350 ^ _113_/CLK (sky130_fd_sc_hd__dfrtp_1)
                                 -0.250000    3.541350   clock uncertainty
                                  0.000000    3.541350   clock reconvergence pessimism
                                  0.185974    3.727325   library recovery time
                                              3.727325   data required time
---------------------------------------------------------------------------------------------
                                              3.727325   data required time
                                             -1.456936   data arrival time
---------------------------------------------------------------------------------------------
                                              2.270388   slack (MET)


Startpoint: resetn (input port clocked by clk)
Endpoint: _109_ (recovery check against rising-edge clock clk)
Path Group: asynchronous
Path Type: max

Fanout         Cap        Slew       Delay        Time   Description
---------------------------------------------------------------------------------------------
                                  0.000000    0.000000   clock clk (rise edge)
                                  0.000000    0.000000   clock network delay (propagated)
                                  0.700000    0.700000 ^ input external delay
     1    0.002420    0.018119    0.008984    0.708984 ^ resetn (in)
                                                         resetn (net)
                      0.018119    0.000000    0.708984 ^ hold13/A (sky130_fd_sc_hd__dlygate4sd3_1)
     1    0.002529    0.050543    0.523385    1.232369 ^ hold13/X (sky130_fd_sc_hd__dlygate4sd3_1)
                                                         net34 (net)
                      0.050543    0.000075    1.232444 ^ input11/A (sky130_fd_sc_hd__buf_2)
     8    0.041436    0.203635    0.222836    1.455280 ^ input11/X (sky130_fd_sc_hd__buf_2)
                                                         net11 (net)
                      0.203679    0.002501    1.457781 ^ _109_/RESET_B (sky130_fd_sc_hd__dfrtp_1)
                                              1.457781   data arrival time

                                  3.500000    3.500000   clock clk (rise edge)
                                  0.000000    3.500000   clock source latency
     1    0.012879    0.063983    0.043396    3.543396 ^ clk (in)
                                                         clk (net)
                      0.063986    0.000000    3.543396 ^ clkbuf_0_clk/A (sky130_fd_sc_hd__clkbuf_16)
     2    0.019234    0.041202    0.131523    3.674920 ^ clkbuf_0_clk/X (sky130_fd_sc_hd__clkbuf_16)
                                                         clknet_0_clk (net)
                      0.041204    0.000498    3.675418 ^ clkbuf_1_0__f_clk/A (sky130_fd_sc_hd__clkbuf_16)
     5    0.015842    0.038309    0.119992    3.795409 ^ clkbuf_1_0__f_clk/X (sky130_fd_sc_hd__clkbuf_16)
                                                         clknet_1_0__leaf_clk (net)
                      0.038315    0.000387    3.795797 ^ _109_/CLK (sky130_fd_sc_hd__dfrtp_1)
                                 -0.250000    3.545797   clock uncertainty
                                  0.000000    3.545797   clock reconvergence pessimism
                                  0.187159    3.732955   library recovery time
                                              3.732955   data required time
---------------------------------------------------------------------------------------------
                                              3.732955   data required time
                                             -1.457781   data arrival time
---------------------------------------------------------------------------------------------
                                              2.275174   slack (MET)


Startpoint: resetn (input port clocked by clk)
Endpoint: _112_ (recovery check against rising-edge clock clk)
Path Group: asynchronous
Path Type: max

Fanout         Cap        Slew       Delay        Time   Description
---------------------------------------------------------------------------------------------
                                  0.000000    0.000000   clock clk (rise edge)
                                  0.000000    0.000000   clock network delay (propagated)
                                  0.700000    0.700000 ^ input external delay
     1    0.002420    0.018119    0.008984    0.708984 ^ resetn (in)
                                                         resetn (net)
                      0.018119    0.000000    0.708984 ^ hold13/A (sky130_fd_sc_hd__dlygate4sd3_1)
     1    0.002529    0.050543    0.523385    1.232369 ^ hold13/X (sky130_fd_sc_hd__dlygate4sd3_1)
                                                         net34 (net)
                      0.050543    0.000075    1.232444 ^ input11/A (sky130_fd_sc_hd__buf_2)
     8    0.041436    0.203635    0.222836    1.455280 ^ input11/X (sky130_fd_sc_hd__buf_2)
                                                         net11 (net)
                      0.203643    0.001127    1.456407 ^ _112_/RESET_B (sky130_fd_sc_hd__dfrtp_1)
                                              1.456407   data arrival time

                                  3.500000    3.500000   clock clk (rise edge)
                                  0.000000    3.500000   clock source latency
     1    0.012879    0.063983    0.043396    3.543396 ^ clk (in)
                                                         clk (net)
                      0.063986    0.000000    3.543396 ^ clkbuf_0_clk/A (sky130_fd_sc_hd__clkbuf_16)
     2    0.019234    0.041202    0.131523    3.674920 ^ clkbuf_0_clk/X (sky130_fd_sc_hd__clkbuf_16)
                                                         clknet_0_clk (net)
                      0.041204    0.000498    3.675418 ^ clkbuf_1_0__f_clk/A (sky130_fd_sc_hd__clkbuf_16)
     5    0.015842    0.038309    0.119992    3.795409 ^ clkbuf_1_0__f_clk/X (sky130_fd_sc_hd__clkbuf_16)
                                                         clknet_1_0__leaf_clk (net)
                      0.038309    0.000277    3.795686 ^ _112_/CLK (sky130_fd_sc_hd__dfrtp_1)
                                 -0.250000    3.545686   clock uncertainty
                                  0.000000    3.545686   clock reconvergence pessimism
                                  0.187166    3.732852   library recovery time
                                              3.732852   data required time
---------------------------------------------------------------------------------------------
                                              3.732852   data required time
                                             -1.456407   data arrival time
---------------------------------------------------------------------------------------------
                                              2.276445   slack (MET)


Startpoint: resetn (input port clocked by clk)
Endpoint: _108_ (recovery check against rising-edge clock clk)
Path Group: asynchronous
Path Type: max

Fanout         Cap        Slew       Delay        Time   Description
---------------------------------------------------------------------------------------------
                                  0.000000    0.000000   clock clk (rise edge)
                                  0.000000    0.000000   clock network delay (propagated)
                                  0.700000    0.700000 ^ input external delay
     1    0.002420    0.018119    0.008984    0.708984 ^ resetn (in)
                                                         resetn (net)
                      0.018119    0.000000    0.708984 ^ hold13/A (sky130_fd_sc_hd__dlygate4sd3_1)
     1    0.002529    0.050543    0.523385    1.232369 ^ hold13/X (sky130_fd_sc_hd__dlygate4sd3_1)
                                                         net34 (net)
                      0.050543    0.000075    1.232444 ^ input11/A (sky130_fd_sc_hd__buf_2)
     8    0.041436    0.203635    0.222836    1.455280 ^ input11/X (sky130_fd_sc_hd__buf_2)
                                                         net11 (net)
                      0.203640    0.000892    1.456172 ^ _108_/RESET_B (sky130_fd_sc_hd__dfrtp_1)
                                              1.456172   data arrival time

                                  3.500000    3.500000   clock clk (rise edge)
                                  0.000000    3.500000   clock source latency
     1    0.012879    0.063983    0.043396    3.543396 ^ clk (in)
                                                         clk (net)
                      0.063986    0.000000    3.543396 ^ clkbuf_0_clk/A (sky130_fd_sc_hd__clkbuf_16)
     2    0.019234    0.041202    0.131523    3.674920 ^ clkbuf_0_clk/X (sky130_fd_sc_hd__clkbuf_16)
                                                         clknet_0_clk (net)
                      0.041204    0.000498    3.675418 ^ clkbuf_1_0__f_clk/A (sky130_fd_sc_hd__clkbuf_16)
     5    0.015842    0.038309    0.119992    3.795409 ^ clkbuf_1_0__f_clk/X (sky130_fd_sc_hd__clkbuf_16)
                                                         clknet_1_0__leaf_clk (net)
                      0.038309    0.000323    3.795733 ^ _108_/CLK (sky130_fd_sc_hd__dfrtp_1)
                                 -0.250000    3.545733   clock uncertainty
                                  0.000000    3.545733   clock reconvergence pessimism
                                  0.187167    3.732899   library recovery time
                                              3.732899   data required time
---------------------------------------------------------------------------------------------
                                              3.732899   data required time
                                             -1.456172   data arrival time
---------------------------------------------------------------------------------------------
                                              2.276727   slack (MET)



