
===========================================================================
report_checks -path_delay min (Hold)
============================================================================
======================= nom_tt_025C_1v80 Corner ===================================

Startpoint: _111_ (rising edge-triggered flip-flop clocked by clk)
Endpoint: _111_ (rising edge-triggered flip-flop clocked by clk)
Path Group: clk
Path Type: min

Fanout         Cap        Slew       Delay        Time   Description
---------------------------------------------------------------------------------------------
                                  0.000000    0.000000   clock clk (rise edge)
                                  0.000000    0.000000   clock source latency
     1    0.012879    0.063983    0.043396    0.043396 ^ clk (in)
                                                         clk (net)
                      0.063986    0.000000    0.043396 ^ clkbuf_0_clk/A (sky130_fd_sc_hd__clkbuf_16)
     2    0.019234    0.041202    0.131523    0.174920 ^ clkbuf_0_clk/X (sky130_fd_sc_hd__clkbuf_16)
                                                         clknet_0_clk (net)
                      0.041204    0.000481    0.175400 ^ clkbuf_1_1__f_clk/A (sky130_fd_sc_hd__clkbuf_16)
     4    0.011375    0.034511    0.115781    0.291182 ^ clkbuf_1_1__f_clk/X (sky130_fd_sc_hd__clkbuf_16)
                                                         clknet_1_1__leaf_clk (net)
                      0.034511    0.000260    0.291441 ^ _111_/CLK (sky130_fd_sc_hd__dfrtp_1)
     4    0.018731    0.172051    0.411887    0.703328 ^ _111_/Q (sky130_fd_sc_hd__dfrtp_1)
                                                         net16 (net)
                      0.172051    0.000611    0.703939 ^ _078_/B2 (sky130_fd_sc_hd__a221o_1)
     1    0.002312    0.038032    0.157793    0.861732 ^ _078_/X (sky130_fd_sc_hd__a221o_1)
                                                         _003_ (net)
                      0.038032    0.000046    0.861778 ^ _111_/D (sky130_fd_sc_hd__dfrtp_1)
                                              0.861778   data arrival time

                                  0.000000    0.000000   clock clk (rise edge)
                                  0.000000    0.000000   clock source latency
     1    0.012879    0.063983    0.043396    0.043396 ^ clk (in)
                                                         clk (net)
                      0.063986    0.000000    0.043396 ^ clkbuf_0_clk/A (sky130_fd_sc_hd__clkbuf_16)
     2    0.019234    0.041202    0.131523    0.174920 ^ clkbuf_0_clk/X (sky130_fd_sc_hd__clkbuf_16)
                                                         clknet_0_clk (net)
                      0.041204    0.000481    0.175400 ^ clkbuf_1_1__f_clk/A (sky130_fd_sc_hd__clkbuf_16)
     4    0.011375    0.034511    0.115781    0.291182 ^ clkbuf_1_1__f_clk/X (sky130_fd_sc_hd__clkbuf_16)
                                                         clknet_1_1__leaf_clk (net)
                      0.034511    0.000260    0.291441 ^ _111_/CLK (sky130_fd_sc_hd__dfrtp_1)
                                  0.250000    0.541441   clock uncertainty
                                  0.000000    0.541441   clock reconvergence pessimism
                                 -0.034735    0.506706   library hold time
                                              0.506706   data required time
---------------------------------------------------------------------------------------------
                                              0.506706   data required time
                                             -0.861778   data arrival time
---------------------------------------------------------------------------------------------
                                              0.355072   slack (MET)


Startpoint: _115_ (rising edge-triggered flip-flop clocked by clk)
Endpoint: _115_ (rising edge-triggered flip-flop clocked by clk)
Path Group: clk
Path Type: min

Fanout         Cap        Slew       Delay        Time   Description
---------------------------------------------------------------------------------------------
                                  0.000000    0.000000   clock clk (rise edge)
                                  0.000000    0.000000   clock source latency
     1    0.012879    0.063983    0.043396    0.043396 ^ clk (in)
                                                         clk (net)
                      0.063986    0.000000    0.043396 ^ clkbuf_0_clk/A (sky130_fd_sc_hd__clkbuf_16)
     2    0.019234    0.041202    0.131523    0.174920 ^ clkbuf_0_clk/X (sky130_fd_sc_hd__clkbuf_16)
                                                         clknet_0_clk (net)
                      0.041204    0.000481    0.175400 ^ clkbuf_1_1__f_clk/A (sky130_fd_sc_hd__clkbuf_16)
     4    0.011375    0.034511    0.115781    0.291182 ^ clkbuf_1_1__f_clk/X (sky130_fd_sc_hd__clkbuf_16)
                                                         clknet_1_1__leaf_clk (net)
                      0.034511    0.000155    0.291337 ^ _115_/CLK (sky130_fd_sc_hd__dfrtp_1)
     3    0.010513    0.104450    0.362263    0.653601 ^ _115_/Q (sky130_fd_sc_hd__dfrtp_1)
                                                         net20 (net)
                      0.104450    0.000192    0.653792 ^ _106_/B2 (sky130_fd_sc_hd__a22o_1)
     1    0.003295    0.047400    0.135973    0.789766 ^ _106_/X (sky130_fd_sc_hd__a22o_1)
                                                         _053_ (net)
                      0.047402    0.000100    0.789865 ^ _107_/B1 (sky130_fd_sc_hd__a21o_1)
     1    0.002934    0.035831    0.077169    0.867034 ^ _107_/X (sky130_fd_sc_hd__a21o_1)
                                                         _007_ (net)
                      0.035831    0.000084    0.867118 ^ _115_/D (sky130_fd_sc_hd__dfrtp_1)
                                              0.867118   data arrival time

                                  0.000000    0.000000   clock clk (rise edge)
                                  0.000000    0.000000   clock source latency
     1    0.012879    0.063983    0.043396    0.043396 ^ clk (in)
                                                         clk (net)
                      0.063986    0.000000    0.043396 ^ clkbuf_0_clk/A (sky130_fd_sc_hd__clkbuf_16)
     2    0.019234    0.041202    0.131523    0.174920 ^ clkbuf_0_clk/X (sky130_fd_sc_hd__clkbuf_16)
                                                         clknet_0_clk (net)
                      0.041204    0.000481    0.175400 ^ clkbuf_1_1__f_clk/A (sky130_fd_sc_hd__clkbuf_16)
     4    0.011375    0.034511    0.115781    0.291182 ^ clkbuf_1_1__f_clk/X (sky130_fd_sc_hd__clkbuf_16)
                                                         clknet_1_1__leaf_clk (net)
                      0.034511    0.000155    0.291337 ^ _115_/CLK (sky130_fd_sc_hd__dfrtp_1)
                                  0.250000    0.541337   clock uncertainty
                                  0.000000    0.541337   clock reconvergence pessimism
                                 -0.034273    0.507064   library hold time
                                              0.507064   data required time
---------------------------------------------------------------------------------------------
                                              0.507064   data required time
                                             -0.867118   data arrival time
---------------------------------------------------------------------------------------------
                                              0.360055   slack (MET)


Startpoint: _114_ (rising edge-triggered flip-flop clocked by clk)
Endpoint: _114_ (rising edge-triggered flip-flop clocked by clk)
Path Group: clk
Path Type: min

Fanout         Cap        Slew       Delay        Time   Description
---------------------------------------------------------------------------------------------
                                  0.000000    0.000000   clock clk (rise edge)
                                  0.000000    0.000000   clock source latency
     1    0.012879    0.063983    0.043396    0.043396 ^ clk (in)
                                                         clk (net)
                      0.063986    0.000000    0.043396 ^ clkbuf_0_clk/A (sky130_fd_sc_hd__clkbuf_16)
     2    0.019234    0.041202    0.131523    0.174920 ^ clkbuf_0_clk/X (sky130_fd_sc_hd__clkbuf_16)
                                                         clknet_0_clk (net)
                      0.041204    0.000481    0.175400 ^ clkbuf_1_1__f_clk/A (sky130_fd_sc_hd__clkbuf_16)
     4    0.011375    0.034511    0.115781    0.291182 ^ clkbuf_1_1__f_clk/X (sky130_fd_sc_hd__clkbuf_16)
                                                         clknet_1_1__leaf_clk (net)
                      0.034511    0.000206    0.291388 ^ _114_/CLK (sky130_fd_sc_hd__dfrtp_1)
     4    0.011334    0.111167    0.367212    0.658601 ^ _114_/Q (sky130_fd_sc_hd__dfrtp_1)
                                                         net19 (net)
                      0.111167    0.000254    0.658855 ^ _101_/B2 (sky130_fd_sc_hd__a22o_1)
     1    0.002726    0.042649    0.133272    0.792127 ^ _101_/X (sky130_fd_sc_hd__a22o_1)
                                                         _049_ (net)
                      0.042649    0.000053    0.792180 ^ _102_/B1 (sky130_fd_sc_hd__a31o_1)
     1    0.003235    0.043662    0.089166    0.881346 ^ _102_/X (sky130_fd_sc_hd__a31o_1)
                                                         _006_ (net)
                      0.043662    0.000097    0.881443 ^ _114_/D (sky130_fd_sc_hd__dfrtp_1)
                                              0.881443   data arrival time

                                  0.000000    0.000000   clock clk (rise edge)
                                  0.000000    0.000000   clock source latency
     1    0.012879    0.063983    0.043396    0.043396 ^ clk (in)
                                                         clk (net)
                      0.063986    0.000000    0.043396 ^ clkbuf_0_clk/A (sky130_fd_sc_hd__clkbuf_16)
     2    0.019234    0.041202    0.131523    0.174920 ^ clkbuf_0_clk/X (sky130_fd_sc_hd__clkbuf_16)
                                                         clknet_0_clk (net)
                      0.041204    0.000481    0.175400 ^ clkbuf_1_1__f_clk/A (sky130_fd_sc_hd__clkbuf_16)
     4    0.011375    0.034511    0.115781    0.291182 ^ clkbuf_1_1__f_clk/X (sky130_fd_sc_hd__clkbuf_16)
                                                         clknet_1_1__leaf_clk (net)
                      0.034511    0.000206    0.291388 ^ _114_/CLK (sky130_fd_sc_hd__dfrtp_1)
                                  0.250000    0.541388   clock uncertainty
                                  0.000000    0.541388   clock reconvergence pessimism
                                 -0.035917    0.505471   library hold time
                                              0.505471   data required time
---------------------------------------------------------------------------------------------
                                              0.505471   data required time
                                             -0.881443   data arrival time
---------------------------------------------------------------------------------------------
                                              0.375972   slack (MET)


Startpoint: _108_ (rising edge-triggered flip-flop clocked by clk)
Endpoint: _109_ (rising edge-triggered flip-flop clocked by clk)
Path Group: clk
Path Type: min

Fanout         Cap        Slew       Delay        Time   Description
---------------------------------------------------------------------------------------------
                                  0.000000    0.000000   clock clk (rise edge)
                                  0.000000    0.000000   clock source latency
     1    0.012879    0.063983    0.043396    0.043396 ^ clk (in)
                                                         clk (net)
                      0.063986    0.000000    0.043396 ^ clkbuf_0_clk/A (sky130_fd_sc_hd__clkbuf_16)
     2    0.019234    0.041202    0.131523    0.174920 ^ clkbuf_0_clk/X (sky130_fd_sc_hd__clkbuf_16)
                                                         clknet_0_clk (net)
                      0.041204    0.000498    0.175418 ^ clkbuf_1_0__f_clk/A (sky130_fd_sc_hd__clkbuf_16)
     5    0.015842    0.038309    0.119992    0.295409 ^ clkbuf_1_0__f_clk/X (sky130_fd_sc_hd__clkbuf_16)
                                                         clknet_1_0__leaf_clk (net)
                      0.038309    0.000323    0.295733 ^ _108_/CLK (sky130_fd_sc_hd__dfrtp_1)
     3    0.012006    0.116679    0.372713    0.668446 ^ _108_/Q (sky130_fd_sc_hd__dfrtp_1)
                                                         net13 (net)
                      0.116679    0.000349    0.668795 ^ _054_/A (sky130_fd_sc_hd__inv_2)
     4    0.013640    0.047740    0.068509    0.737304 v _054_/Y (sky130_fd_sc_hd__inv_2)
                                                         _008_ (net)
                      0.047741    0.000326    0.737630 v _063_/A (sky130_fd_sc_hd__nand2_1)
     1    0.004757    0.053529    0.067076    0.804706 ^ _063_/Y (sky130_fd_sc_hd__nand2_1)
                                                         _016_ (net)
                      0.053529    0.000161    0.804867 ^ _066_/A1 (sky130_fd_sc_hd__a21o_1)
     1    0.002438    0.032084    0.098478    0.903345 ^ _066_/X (sky130_fd_sc_hd__a21o_1)
                                                         _001_ (net)
                      0.032084    0.000069    0.903414 ^ _109_/D (sky130_fd_sc_hd__dfrtp_1)
                                              0.903414   data arrival time

                                  0.000000    0.000000   clock clk (rise edge)
                                  0.000000    0.000000   clock source latency
     1    0.012879    0.063983    0.043396    0.043396 ^ clk (in)
                                                         clk (net)
                      0.063986    0.000000    0.043396 ^ clkbuf_0_clk/A (sky130_fd_sc_hd__clkbuf_16)
     2    0.019234    0.041202    0.131523    0.174920 ^ clkbuf_0_clk/X (sky130_fd_sc_hd__clkbuf_16)
                                                         clknet_0_clk (net)
                      0.041204    0.000498    0.175418 ^ clkbuf_1_0__f_clk/A (sky130_fd_sc_hd__clkbuf_16)
     5    0.015842    0.038309    0.119992    0.295409 ^ clkbuf_1_0__f_clk/X (sky130_fd_sc_hd__clkbuf_16)
                                                         clknet_1_0__leaf_clk (net)
                      0.038315    0.000387    0.295797 ^ _109_/CLK (sky130_fd_sc_hd__dfrtp_1)
                                  0.250000    0.545797   clock uncertainty
                                  0.000000    0.545797   clock reconvergence pessimism
                                 -0.032968    0.512828   library hold time
                                              0.512828   data required time
---------------------------------------------------------------------------------------------
                                              0.512828   data required time
                                             -0.903414   data arrival time
---------------------------------------------------------------------------------------------
                                              0.390585   slack (MET)


Startpoint: _113_ (rising edge-triggered flip-flop clocked by clk)
Endpoint: _113_ (rising edge-triggered flip-flop clocked by clk)
Path Group: clk
Path Type: min

Fanout         Cap        Slew       Delay        Time   Description
---------------------------------------------------------------------------------------------
                                  0.000000    0.000000   clock clk (rise edge)
                                  0.000000    0.000000   clock source latency
     1    0.012879    0.063983    0.043396    0.043396 ^ clk (in)
                                                         clk (net)
                      0.063986    0.000000    0.043396 ^ clkbuf_0_clk/A (sky130_fd_sc_hd__clkbuf_16)
     2    0.019234    0.041202    0.131523    0.174920 ^ clkbuf_0_clk/X (sky130_fd_sc_hd__clkbuf_16)
                                                         clknet_0_clk (net)
                      0.041204    0.000481    0.175400 ^ clkbuf_1_1__f_clk/A (sky130_fd_sc_hd__clkbuf_16)
     4    0.011375    0.034511    0.115781    0.291182 ^ clkbuf_1_1__f_clk/X (sky130_fd_sc_hd__clkbuf_16)
                                                         clknet_1_1__leaf_clk (net)
                      0.034511    0.000169    0.291351 ^ _113_/CLK (sky130_fd_sc_hd__dfrtp_1)
     4    0.015048    0.141669    0.389665    0.681015 ^ _113_/Q (sky130_fd_sc_hd__dfrtp_1)
                                                         net18 (net)
                      0.141669    0.000330    0.681345 ^ _092_/B2 (sky130_fd_sc_hd__a22o_1)
     1    0.002738    0.042750    0.140848    0.822193 ^ _092_/X (sky130_fd_sc_hd__a22o_1)
                                                         _041_ (net)
                      0.042750    0.000053    0.822246 ^ _093_/B1 (sky130_fd_sc_hd__a31o_1)
     1    0.002197    0.035359    0.081370    0.903616 ^ _093_/X (sky130_fd_sc_hd__a31o_1)
                                                         _005_ (net)
                      0.035359    0.000061    0.903678 ^ _113_/D (sky130_fd_sc_hd__dfrtp_1)
                                              0.903678   data arrival time

                                  0.000000    0.000000   clock clk (rise edge)
                                  0.000000    0.000000   clock source latency
     1    0.012879    0.063983    0.043396    0.043396 ^ clk (in)
                                                         clk (net)
                      0.063986    0.000000    0.043396 ^ clkbuf_0_clk/A (sky130_fd_sc_hd__clkbuf_16)
     2    0.019234    0.041202    0.131523    0.174920 ^ clkbuf_0_clk/X (sky130_fd_sc_hd__clkbuf_16)
                                                         clknet_0_clk (net)
                      0.041204    0.000481    0.175400 ^ clkbuf_1_1__f_clk/A (sky130_fd_sc_hd__clkbuf_16)
     4    0.011375    0.034511    0.115781    0.291182 ^ clkbuf_1_1__f_clk/X (sky130_fd_sc_hd__clkbuf_16)
                                                         clknet_1_1__leaf_clk (net)
                      0.034511    0.000169    0.291351 ^ _113_/CLK (sky130_fd_sc_hd__dfrtp_1)
                                  0.250000    0.541351   clock uncertainty
                                  0.000000    0.541351   clock reconvergence pessimism
                                 -0.034174    0.507176   library hold time
                                              0.507176   data required time
---------------------------------------------------------------------------------------------
                                              0.507176   data required time
                                             -0.903678   data arrival time
---------------------------------------------------------------------------------------------
                                              0.396502   slack (MET)


Startpoint: _110_ (rising edge-triggered flip-flop clocked by clk)
Endpoint: _110_ (rising edge-triggered flip-flop clocked by clk)
Path Group: clk
Path Type: min

Fanout         Cap        Slew       Delay        Time   Description
---------------------------------------------------------------------------------------------
                                  0.000000    0.000000   clock clk (rise edge)
                                  0.000000    0.000000   clock source latency
     1    0.012879    0.063983    0.043396    0.043396 ^ clk (in)
                                                         clk (net)
                      0.063986    0.000000    0.043396 ^ clkbuf_0_clk/A (sky130_fd_sc_hd__clkbuf_16)
     2    0.019234    0.041202    0.131523    0.174920 ^ clkbuf_0_clk/X (sky130_fd_sc_hd__clkbuf_16)
                                                         clknet_0_clk (net)
                      0.041204    0.000498    0.175418 ^ clkbuf_1_0__f_clk/A (sky130_fd_sc_hd__clkbuf_16)
     5    0.015842    0.038309    0.119992    0.295409 ^ clkbuf_1_0__f_clk/X (sky130_fd_sc_hd__clkbuf_16)
                                                         clknet_1_0__leaf_clk (net)
                      0.038316    0.000485    0.295894 ^ _110_/CLK (sky130_fd_sc_hd__dfrtp_2)
     5    0.019943    0.110497    0.397481    0.693375 ^ _110_/Q (sky130_fd_sc_hd__dfrtp_2)
                                                         net15 (net)
                      0.110497    0.000356    0.693732 ^ _071_/B2 (sky130_fd_sc_hd__a22o_1)
     1    0.004091    0.054143    0.143466    0.837198 ^ _071_/X (sky130_fd_sc_hd__a22o_1)
                                                         _023_ (net)
                      0.054143    0.000132    0.837329 ^ _072_/B1 (sky130_fd_sc_hd__a31o_1)
     1    0.002235    0.035729    0.085658    0.922987 ^ _072_/X (sky130_fd_sc_hd__a31o_1)
                                                         _002_ (net)
                      0.035729    0.000063    0.923050 ^ _110_/D (sky130_fd_sc_hd__dfrtp_2)
                                              0.923050   data arrival time

                                  0.000000    0.000000   clock clk (rise edge)
                                  0.000000    0.000000   clock source latency
     1    0.012879    0.063983    0.043396    0.043396 ^ clk (in)
                                                         clk (net)
                      0.063986    0.000000    0.043396 ^ clkbuf_0_clk/A (sky130_fd_sc_hd__clkbuf_16)
     2    0.019234    0.041202    0.131523    0.174920 ^ clkbuf_0_clk/X (sky130_fd_sc_hd__clkbuf_16)
                                                         clknet_0_clk (net)
                      0.041204    0.000498    0.175418 ^ clkbuf_1_0__f_clk/A (sky130_fd_sc_hd__clkbuf_16)
     5    0.015842    0.038309    0.119992    0.295409 ^ clkbuf_1_0__f_clk/X (sky130_fd_sc_hd__clkbuf_16)
                                                         clknet_1_0__leaf_clk (net)
                      0.038316    0.000485    0.295894 ^ _110_/CLK (sky130_fd_sc_hd__dfrtp_2)
                                  0.250000    0.545894   clock uncertainty
                                  0.000000    0.545894   clock reconvergence pessimism
                                 -0.033669    0.512225   library hold time
                                              0.512225   data required time
---------------------------------------------------------------------------------------------
                                              0.512225   data required time
                                             -0.923050   data arrival time
---------------------------------------------------------------------------------------------
                                              0.410825   slack (MET)


Startpoint: _112_ (rising edge-triggered flip-flop clocked by clk)
Endpoint: _112_ (rising edge-triggered flip-flop clocked by clk)
Path Group: clk
Path Type: min

Fanout         Cap        Slew       Delay        Time   Description
---------------------------------------------------------------------------------------------
                                  0.000000    0.000000   clock clk (rise edge)
                                  0.000000    0.000000   clock source latency
     1    0.012879    0.063983    0.043396    0.043396 ^ clk (in)
                                                         clk (net)
                      0.063986    0.000000    0.043396 ^ clkbuf_0_clk/A (sky130_fd_sc_hd__clkbuf_16)
     2    0.019234    0.041202    0.131523    0.174920 ^ clkbuf_0_clk/X (sky130_fd_sc_hd__clkbuf_16)
                                                         clknet_0_clk (net)
                      0.041204    0.000498    0.175418 ^ clkbuf_1_0__f_clk/A (sky130_fd_sc_hd__clkbuf_16)
     5    0.015842    0.038309    0.119992    0.295409 ^ clkbuf_1_0__f_clk/X (sky130_fd_sc_hd__clkbuf_16)
                                                         clknet_1_0__leaf_clk (net)
                      0.038309    0.000277    0.295686 ^ _112_/CLK (sky130_fd_sc_hd__dfrtp_1)
     5    0.016548    0.154053    0.400112    0.695798 ^ _112_/Q (sky130_fd_sc_hd__dfrtp_1)
                                                         net17 (net)
                      0.154053    0.000356    0.696154 ^ _086_/B2 (sky130_fd_sc_hd__a22o_1)
     1    0.002724    0.042633    0.143437    0.839592 ^ _086_/X (sky130_fd_sc_hd__a22o_1)
                                                         _036_ (net)
                      0.042634    0.000053    0.839645 ^ _087_/B1 (sky130_fd_sc_hd__a31o_1)
     1    0.002464    0.037454    0.083344    0.922990 ^ _087_/X (sky130_fd_sc_hd__a31o_1)
                                                         _004_ (net)
                      0.037454    0.000071    0.923060 ^ _112_/D (sky130_fd_sc_hd__dfrtp_1)
                                              0.923060   data arrival time

                                  0.000000    0.000000   clock clk (rise edge)
                                  0.000000    0.000000   clock source latency
     1    0.012879    0.063983    0.043396    0.043396 ^ clk (in)
                                                         clk (net)
                      0.063986    0.000000    0.043396 ^ clkbuf_0_clk/A (sky130_fd_sc_hd__clkbuf_16)
     2    0.019234    0.041202    0.131523    0.174920 ^ clkbuf_0_clk/X (sky130_fd_sc_hd__clkbuf_16)
                                                         clknet_0_clk (net)
                      0.041204    0.000498    0.175418 ^ clkbuf_1_0__f_clk/A (sky130_fd_sc_hd__clkbuf_16)
     5    0.015842    0.038309    0.119992    0.295409 ^ clkbuf_1_0__f_clk/X (sky130_fd_sc_hd__clkbuf_16)
                                                         clknet_1_0__leaf_clk (net)
                      0.038309    0.000277    0.295686 ^ _112_/CLK (sky130_fd_sc_hd__dfrtp_1)
                                  0.250000    0.545686   clock uncertainty
                                  0.000000    0.545686   clock reconvergence pessimism
                                 -0.034096    0.511591   library hold time
                                              0.511591   data required time
---------------------------------------------------------------------------------------------
                                              0.511591   data required time
                                             -0.923060   data arrival time
---------------------------------------------------------------------------------------------
                                              0.411470   slack (MET)


Startpoint: _108_ (rising edge-triggered flip-flop clocked by clk)
Endpoint: _108_ (rising edge-triggered flip-flop clocked by clk)
Path Group: clk
Path Type: min

Fanout         Cap        Slew       Delay        Time   Description
---------------------------------------------------------------------------------------------
                                  0.000000    0.000000   clock clk (rise edge)
                                  0.000000    0.000000   clock source latency
     1    0.012879    0.063983    0.043396    0.043396 ^ clk (in)
                                                         clk (net)
                      0.063986    0.000000    0.043396 ^ clkbuf_0_clk/A (sky130_fd_sc_hd__clkbuf_16)
     2    0.019234    0.041202    0.131523    0.174920 ^ clkbuf_0_clk/X (sky130_fd_sc_hd__clkbuf_16)
                                                         clknet_0_clk (net)
                      0.041204    0.000498    0.175418 ^ clkbuf_1_0__f_clk/A (sky130_fd_sc_hd__clkbuf_16)
     5    0.015842    0.038309    0.119992    0.295409 ^ clkbuf_1_0__f_clk/X (sky130_fd_sc_hd__clkbuf_16)
                                                         clknet_1_0__leaf_clk (net)
                      0.038309    0.000323    0.295733 ^ _108_/CLK (sky130_fd_sc_hd__dfrtp_1)
     3    0.011315    0.076313    0.394507    0.690239 v _108_/Q (sky130_fd_sc_hd__dfrtp_1)
                                                         net13 (net)
                      0.076313    0.000329    0.690568 v _054_/A (sky130_fd_sc_hd__inv_2)
     4    0.014599    0.073300    0.091762    0.782330 ^ _054_/Y (sky130_fd_sc_hd__inv_2)
                                                         _008_ (net)
                      0.073327    0.000379    0.782709 ^ _059_/B2 (sky130_fd_sc_hd__a22o_1)
     1    0.003465    0.048858    0.128283    0.910993 ^ _059_/X (sky130_fd_sc_hd__a22o_1)
                                                         _013_ (net)
                      0.048858    0.000108    0.911100 ^ _060_/B1 (sky130_fd_sc_hd__a21oi_1)
     1    0.002823    0.026944    0.038038    0.949138 v _060_/Y (sky130_fd_sc_hd__a21oi_1)
                                                         _000_ (net)
                      0.026944    0.000084    0.949223 v _108_/D (sky130_fd_sc_hd__dfrtp_1)
                                              0.949223   data arrival time

                                  0.000000    0.000000   clock clk (rise edge)
                                  0.000000    0.000000   clock source latency
     1    0.012879    0.063983    0.043396    0.043396 ^ clk (in)
                                                         clk (net)
                      0.063986    0.000000    0.043396 ^ clkbuf_0_clk/A (sky130_fd_sc_hd__clkbuf_16)
     2    0.019234    0.041202    0.131523    0.174920 ^ clkbuf_0_clk/X (sky130_fd_sc_hd__clkbuf_16)
                                                         clknet_0_clk (net)
                      0.041204    0.000498    0.175418 ^ clkbuf_1_0__f_clk/A (sky130_fd_sc_hd__clkbuf_16)
     5    0.015842    0.038309    0.119992    0.295409 ^ clkbuf_1_0__f_clk/X (sky130_fd_sc_hd__clkbuf_16)
                                                         clknet_1_0__leaf_clk (net)
                      0.038309    0.000323    0.295733 ^ _108_/CLK (sky130_fd_sc_hd__dfrtp_1)
                                  0.250000    0.545733   clock uncertainty
                                  0.000000    0.545733   clock reconvergence pessimism
                                 -0.039950    0.505782   library hold time
                                              0.505782   data required time
---------------------------------------------------------------------------------------------
                                              0.505782   data required time
                                             -0.949223   data arrival time
---------------------------------------------------------------------------------------------
                                              0.443440   slack (MET)


Startpoint: resetn (input port clocked by clk)
Endpoint: _108_ (removal check against rising-edge clock clk)
Path Group: asynchronous
Path Type: min

Fanout         Cap        Slew       Delay        Time   Description
---------------------------------------------------------------------------------------------
                                  0.000000    0.000000   clock clk (rise edge)
                                  0.000000    0.000000   clock network delay (propagated)
                                  0.700000    0.700000 ^ input external delay
     1    0.002420    0.018119    0.008984    0.708984 ^ resetn (in)
                                                         resetn (net)
                      0.018119    0.000000    0.708984 ^ hold13/A (sky130_fd_sc_hd__dlygate4sd3_1)
     1    0.002529    0.050543    0.523385    1.232369 ^ hold13/X (sky130_fd_sc_hd__dlygate4sd3_1)
                                                         net34 (net)
                      0.050543    0.000075    1.232444 ^ input11/A (sky130_fd_sc_hd__buf_2)
     8    0.041436    0.203635    0.222836    1.455280 ^ input11/X (sky130_fd_sc_hd__buf_2)
                                                         net11 (net)
                      0.203640    0.000892    1.456172 ^ _108_/RESET_B (sky130_fd_sc_hd__dfrtp_1)
                                              1.456172   data arrival time

                                  0.000000    0.000000   clock clk (rise edge)
                                  0.000000    0.000000   clock source latency
     1    0.012879    0.063983    0.043396    0.043396 ^ clk (in)
                                                         clk (net)
                      0.063986    0.000000    0.043396 ^ clkbuf_0_clk/A (sky130_fd_sc_hd__clkbuf_16)
     2    0.019234    0.041202    0.131523    0.174920 ^ clkbuf_0_clk/X (sky130_fd_sc_hd__clkbuf_16)
                                                         clknet_0_clk (net)
                      0.041204    0.000498    0.175418 ^ clkbuf_1_0__f_clk/A (sky130_fd_sc_hd__clkbuf_16)
     5    0.015842    0.038309    0.119992    0.295409 ^ clkbuf_1_0__f_clk/X (sky130_fd_sc_hd__clkbuf_16)
                                                         clknet_1_0__leaf_clk (net)
                      0.038309    0.000323    0.295733 ^ _108_/CLK (sky130_fd_sc_hd__dfrtp_1)
                                  0.250000    0.545733   clock uncertainty
                                  0.000000    0.545733   clock reconvergence pessimism
                                  0.362075    0.907807   library removal time
                                              0.907807   data required time
---------------------------------------------------------------------------------------------
                                              0.907807   data required time
                                             -1.456172   data arrival time
---------------------------------------------------------------------------------------------
                                              0.548365   slack (MET)


Startpoint: resetn (input port clocked by clk)
Endpoint: _112_ (removal check against rising-edge clock clk)
Path Group: asynchronous
Path Type: min

Fanout         Cap        Slew       Delay        Time   Description
---------------------------------------------------------------------------------------------
                                  0.000000    0.000000   clock clk (rise edge)
                                  0.000000    0.000000   clock network delay (propagated)
                                  0.700000    0.700000 ^ input external delay
     1    0.002420    0.018119    0.008984    0.708984 ^ resetn (in)
                                                         resetn (net)
                      0.018119    0.000000    0.708984 ^ hold13/A (sky130_fd_sc_hd__dlygate4sd3_1)
     1    0.002529    0.050543    0.523385    1.232369 ^ hold13/X (sky130_fd_sc_hd__dlygate4sd3_1)
                                                         net34 (net)
                      0.050543    0.000075    1.232444 ^ input11/A (sky130_fd_sc_hd__buf_2)
     8    0.041436    0.203635    0.222836    1.455280 ^ input11/X (sky130_fd_sc_hd__buf_2)
                                                         net11 (net)
                      0.203643    0.001127    1.456407 ^ _112_/RESET_B (sky130_fd_sc_hd__dfrtp_1)
                                              1.456407   data arrival time

                                  0.000000    0.000000   clock clk (rise edge)
                                  0.000000    0.000000   clock source latency
     1    0.012879    0.063983    0.043396    0.043396 ^ clk (in)
                                                         clk (net)
                      0.063986    0.000000    0.043396 ^ clkbuf_0_clk/A (sky130_fd_sc_hd__clkbuf_16)
     2    0.019234    0.041202    0.131523    0.174920 ^ clkbuf_0_clk/X (sky130_fd_sc_hd__clkbuf_16)
                                                         clknet_0_clk (net)
                      0.041204    0.000498    0.175418 ^ clkbuf_1_0__f_clk/A (sky130_fd_sc_hd__clkbuf_16)
     5    0.015842    0.038309    0.119992    0.295409 ^ clkbuf_1_0__f_clk/X (sky130_fd_sc_hd__clkbuf_16)
                                                         clknet_1_0__leaf_clk (net)
                      0.038309    0.000277    0.295686 ^ _112_/CLK (sky130_fd_sc_hd__dfrtp_1)
                                  0.250000    0.545686   clock uncertainty
                                  0.000000    0.545686   clock reconvergence pessimism
                                  0.362076    0.907762   library removal time
                                              0.907762   data required time
---------------------------------------------------------------------------------------------
                                              0.907762   data required time
                                             -1.456407   data arrival time
---------------------------------------------------------------------------------------------
                                              0.548645   slack (MET)


Startpoint: resetn (input port clocked by clk)
Endpoint: _109_ (removal check against rising-edge clock clk)
Path Group: asynchronous
Path Type: min

Fanout         Cap        Slew       Delay        Time   Description
---------------------------------------------------------------------------------------------
                                  0.000000    0.000000   clock clk (rise edge)
                                  0.000000    0.000000   clock network delay (propagated)
                                  0.700000    0.700000 ^ input external delay
     1    0.002420    0.018119    0.008984    0.708984 ^ resetn (in)
                                                         resetn (net)
                      0.018119    0.000000    0.708984 ^ hold13/A (sky130_fd_sc_hd__dlygate4sd3_1)
     1    0.002529    0.050543    0.523385    1.232369 ^ hold13/X (sky130_fd_sc_hd__dlygate4sd3_1)
                                                         net34 (net)
                      0.050543    0.000075    1.232444 ^ input11/A (sky130_fd_sc_hd__buf_2)
     8    0.041436    0.203635    0.222836    1.455280 ^ input11/X (sky130_fd_sc_hd__buf_2)
                                                         net11 (net)
                      0.203679    0.002501    1.457781 ^ _109_/RESET_B (sky130_fd_sc_hd__dfrtp_1)
                                              1.457781   data arrival time

                                  0.000000    0.000000   clock clk (rise edge)
                                  0.000000    0.000000   clock source latency
     1    0.012879    0.063983    0.043396    0.043396 ^ clk (in)
                                                         clk (net)
                      0.063986    0.000000    0.043396 ^ clkbuf_0_clk/A (sky130_fd_sc_hd__clkbuf_16)
     2    0.019234    0.041202    0.131523    0.174920 ^ clkbuf_0_clk/X (sky130_fd_sc_hd__clkbuf_16)
                                                         clknet_0_clk (net)
                      0.041204    0.000498    0.175418 ^ clkbuf_1_0__f_clk/A (sky130_fd_sc_hd__clkbuf_16)
     5    0.015842    0.038309    0.119992    0.295409 ^ clkbuf_1_0__f_clk/X (sky130_fd_sc_hd__clkbuf_16)
                                                         clknet_1_0__leaf_clk (net)
                      0.038315    0.000387    0.295797 ^ _109_/CLK (sky130_fd_sc_hd__dfrtp_1)
                                  0.250000    0.545797   clock uncertainty
                                  0.000000    0.545797   clock reconvergence pessimism
                                  0.362087    0.907884   library removal time
                                              0.907884   data required time
---------------------------------------------------------------------------------------------
                                              0.907884   data required time
                                             -1.457781   data arrival time
---------------------------------------------------------------------------------------------
                                              0.549897   slack (MET)


Startpoint: resetn (input port clocked by clk)
Endpoint: _110_ (removal check against rising-edge clock clk)
Path Group: asynchronous
Path Type: min

Fanout         Cap        Slew       Delay        Time   Description
---------------------------------------------------------------------------------------------
                                  0.000000    0.000000   clock clk (rise edge)
                                  0.000000    0.000000   clock network delay (propagated)
                                  0.700000    0.700000 ^ input external delay
     1    0.002420    0.018119    0.008984    0.708984 ^ resetn (in)
                                                         resetn (net)
                      0.018119    0.000000    0.708984 ^ hold13/A (sky130_fd_sc_hd__dlygate4sd3_1)
     1    0.002529    0.050543    0.523385    1.232369 ^ hold13/X (sky130_fd_sc_hd__dlygate4sd3_1)
                                                         net34 (net)
                      0.050543    0.000075    1.232444 ^ input11/A (sky130_fd_sc_hd__buf_2)
     8    0.041436    0.203635    0.222836    1.455280 ^ input11/X (sky130_fd_sc_hd__buf_2)
                                                         net11 (net)
                      0.203680    0.002523    1.457803 ^ _110_/RESET_B (sky130_fd_sc_hd__dfrtp_2)
                                              1.457803   data arrival time

                                  0.000000    0.000000   clock clk (rise edge)
                                  0.000000    0.000000   clock source latency
     1    0.012879    0.063983    0.043396    0.043396 ^ clk (in)
                                                         clk (net)
                      0.063986    0.000000    0.043396 ^ clkbuf_0_clk/A (sky130_fd_sc_hd__clkbuf_16)
     2    0.019234    0.041202    0.131523    0.174920 ^ clkbuf_0_clk/X (sky130_fd_sc_hd__clkbuf_16)
                                                         clknet_0_clk (net)
                      0.041204    0.000498    0.175418 ^ clkbuf_1_0__f_clk/A (sky130_fd_sc_hd__clkbuf_16)
     5    0.015842    0.038309    0.119992    0.295409 ^ clkbuf_1_0__f_clk/X (sky130_fd_sc_hd__clkbuf_16)
                                                         clknet_1_0__leaf_clk (net)
                      0.038316    0.000485    0.295894 ^ _110_/CLK (sky130_fd_sc_hd__dfrtp_2)
                                  0.250000    0.545894   clock uncertainty
                                  0.000000    0.545894   clock reconvergence pessimism
                                  0.361676    0.907570   library removal time
                                              0.907570   data required time
---------------------------------------------------------------------------------------------
                                              0.907570   data required time
                                             -1.457803   data arrival time
---------------------------------------------------------------------------------------------
                                              0.550233   slack (MET)


Startpoint: resetn (input port clocked by clk)
Endpoint: _113_ (removal check against rising-edge clock clk)
Path Group: asynchronous
Path Type: min

Fanout         Cap        Slew       Delay        Time   Description
---------------------------------------------------------------------------------------------
                                  0.000000    0.000000   clock clk (rise edge)
                                  0.000000    0.000000   clock network delay (propagated)
                                  0.700000    0.700000 ^ input external delay
     1    0.002420    0.018119    0.008984    0.708984 ^ resetn (in)
                                                         resetn (net)
                      0.018119    0.000000    0.708984 ^ hold13/A (sky130_fd_sc_hd__dlygate4sd3_1)
     1    0.002529    0.050543    0.523385    1.232369 ^ hold13/X (sky130_fd_sc_hd__dlygate4sd3_1)
                                                         net34 (net)
                      0.050543    0.000075    1.232444 ^ input11/A (sky130_fd_sc_hd__buf_2)
     8    0.041436    0.203635    0.222836    1.455280 ^ input11/X (sky130_fd_sc_hd__buf_2)
                                                         net11 (net)
                      0.203654    0.001656    1.456936 ^ _113_/RESET_B (sky130_fd_sc_hd__dfrtp_1)
                                              1.456936   data arrival time

                                  0.000000    0.000000   clock clk (rise edge)
                                  0.000000    0.000000   clock source latency
     1    0.012879    0.063983    0.043396    0.043396 ^ clk (in)
                                                         clk (net)
                      0.063986    0.000000    0.043396 ^ clkbuf_0_clk/A (sky130_fd_sc_hd__clkbuf_16)
     2    0.019234    0.041202    0.131523    0.174920 ^ clkbuf_0_clk/X (sky130_fd_sc_hd__clkbuf_16)
                                                         clknet_0_clk (net)
                      0.041204    0.000481    0.175400 ^ clkbuf_1_1__f_clk/A (sky130_fd_sc_hd__clkbuf_16)
     4    0.011375    0.034511    0.115781    0.291182 ^ clkbuf_1_1__f_clk/X (sky130_fd_sc_hd__clkbuf_16)
                                                         clknet_1_1__leaf_clk (net)
                      0.034511    0.000169    0.291351 ^ _113_/CLK (sky130_fd_sc_hd__dfrtp_1)
                                  0.250000    0.541351   clock uncertainty
                                  0.000000    0.541351   clock reconvergence pessimism
                                  0.361046    0.902397   library removal time
                                              0.902397   data required time
---------------------------------------------------------------------------------------------
                                              0.902397   data required time
                                             -1.456936   data arrival time
---------------------------------------------------------------------------------------------
                                              0.554539   slack (MET)


Startpoint: resetn (input port clocked by clk)
Endpoint: _114_ (removal check against rising-edge clock clk)
Path Group: asynchronous
Path Type: min

Fanout         Cap        Slew       Delay        Time   Description
---------------------------------------------------------------------------------------------
                                  0.000000    0.000000   clock clk (rise edge)
                                  0.000000    0.000000   clock network delay (propagated)
                                  0.700000    0.700000 ^ input external delay
     1    0.002420    0.018119    0.008984    0.708984 ^ resetn (in)
                                                         resetn (net)
                      0.018119    0.000000    0.708984 ^ hold13/A (sky130_fd_sc_hd__dlygate4sd3_1)
     1    0.002529    0.050543    0.523385    1.232369 ^ hold13/X (sky130_fd_sc_hd__dlygate4sd3_1)
                                                         net34 (net)
                      0.050543    0.000075    1.232444 ^ input11/A (sky130_fd_sc_hd__buf_2)
     8    0.041436    0.203635    0.222836    1.455280 ^ input11/X (sky130_fd_sc_hd__buf_2)
                                                         net11 (net)
                      0.203668    0.002188    1.457468 ^ _114_/RESET_B (sky130_fd_sc_hd__dfrtp_1)
                                              1.457468   data arrival time

                                  0.000000    0.000000   clock clk (rise edge)
                                  0.000000    0.000000   clock source latency
     1    0.012879    0.063983    0.043396    0.043396 ^ clk (in)
                                                         clk (net)
                      0.063986    0.000000    0.043396 ^ clkbuf_0_clk/A (sky130_fd_sc_hd__clkbuf_16)
     2    0.019234    0.041202    0.131523    0.174920 ^ clkbuf_0_clk/X (sky130_fd_sc_hd__clkbuf_16)
                                                         clknet_0_clk (net)
                      0.041204    0.000481    0.175400 ^ clkbuf_1_1__f_clk/A (sky130_fd_sc_hd__clkbuf_16)
     4    0.011375    0.034511    0.115781    0.291182 ^ clkbuf_1_1__f_clk/X (sky130_fd_sc_hd__clkbuf_16)
                                                         clknet_1_1__leaf_clk (net)
                      0.034511    0.000206    0.291388 ^ _114_/CLK (sky130_fd_sc_hd__dfrtp_1)
                                  0.250000    0.541388   clock uncertainty
                                  0.000000    0.541388   clock reconvergence pessimism
                                  0.361050    0.902439   library removal time
                                              0.902439   data required time
---------------------------------------------------------------------------------------------
                                              0.902439   data required time
                                             -1.457468   data arrival time
---------------------------------------------------------------------------------------------
                                              0.555030   slack (MET)


Startpoint: resetn (input port clocked by clk)
Endpoint: _111_ (removal check against rising-edge clock clk)
Path Group: asynchronous
Path Type: min

Fanout         Cap        Slew       Delay        Time   Description
---------------------------------------------------------------------------------------------
                                  0.000000    0.000000   clock clk (rise edge)
                                  0.000000    0.000000   clock network delay (propagated)
                                  0.700000    0.700000 ^ input external delay
     1    0.002420    0.018119    0.008984    0.708984 ^ resetn (in)
                                                         resetn (net)
                      0.018119    0.000000    0.708984 ^ hold13/A (sky130_fd_sc_hd__dlygate4sd3_1)
     1    0.002529    0.050543    0.523385    1.232369 ^ hold13/X (sky130_fd_sc_hd__dlygate4sd3_1)
                                                         net34 (net)
                      0.050543    0.000075    1.232444 ^ input11/A (sky130_fd_sc_hd__buf_2)
     8    0.041436    0.203635    0.222836    1.455280 ^ input11/X (sky130_fd_sc_hd__buf_2)
                                                         net11 (net)
                      0.203673    0.002336    1.457616 ^ _111_/RESET_B (sky130_fd_sc_hd__dfrtp_1)
                                              1.457616   data arrival time

                                  0.000000    0.000000   clock clk (rise edge)
                                  0.000000    0.000000   clock source latency
     1    0.012879    0.063983    0.043396    0.043396 ^ clk (in)
                                                         clk (net)
                      0.063986    0.000000    0.043396 ^ clkbuf_0_clk/A (sky130_fd_sc_hd__clkbuf_16)
     2    0.019234    0.041202    0.131523    0.174920 ^ clkbuf_0_clk/X (sky130_fd_sc_hd__clkbuf_16)
                                                         clknet_0_clk (net)
                      0.041204    0.000481    0.175400 ^ clkbuf_1_1__f_clk/A (sky130_fd_sc_hd__clkbuf_16)
     4    0.011375    0.034511    0.115781    0.291182 ^ clkbuf_1_1__f_clk/X (sky130_fd_sc_hd__clkbuf_16)
                                                         clknet_1_1__leaf_clk (net)
                      0.034511    0.000260    0.291441 ^ _111_/CLK (sky130_fd_sc_hd__dfrtp_1)
                                  0.250000    0.541441   clock uncertainty
                                  0.000000    0.541441   clock reconvergence pessimism
                                  0.361052    0.902493   library removal time
                                              0.902493   data required time
---------------------------------------------------------------------------------------------
                                              0.902493   data required time
                                             -1.457616   data arrival time
---------------------------------------------------------------------------------------------
                                              0.555123   slack (MET)


Startpoint: resetn (input port clocked by clk)
Endpoint: _115_ (removal check against rising-edge clock clk)
Path Group: asynchronous
Path Type: min

Fanout         Cap        Slew       Delay        Time   Description
---------------------------------------------------------------------------------------------
                                  0.000000    0.000000   clock clk (rise edge)
                                  0.000000    0.000000   clock network delay (propagated)
                                  0.700000    0.700000 ^ input external delay
     1    0.002420    0.018119    0.008984    0.708984 ^ resetn (in)
                                                         resetn (net)
                      0.018119    0.000000    0.708984 ^ hold13/A (sky130_fd_sc_hd__dlygate4sd3_1)
     1    0.002529    0.050543    0.523385    1.232369 ^ hold13/X (sky130_fd_sc_hd__dlygate4sd3_1)
                                                         net34 (net)
                      0.050543    0.000075    1.232444 ^ input11/A (sky130_fd_sc_hd__buf_2)
     8    0.041436    0.203635    0.222836    1.455280 ^ input11/X (sky130_fd_sc_hd__buf_2)
                                                         net11 (net)
                      0.203673    0.002320    1.457600 ^ _115_/RESET_B (sky130_fd_sc_hd__dfrtp_1)
                                              1.457600   data arrival time

                                  0.000000    0.000000   clock clk (rise edge)
                                  0.000000    0.000000   clock source latency
     1    0.012879    0.063983    0.043396    0.043396 ^ clk (in)
                                                         clk (net)
                      0.063986    0.000000    0.043396 ^ clkbuf_0_clk/A (sky130_fd_sc_hd__clkbuf_16)
     2    0.019234    0.041202    0.131523    0.174920 ^ clkbuf_0_clk/X (sky130_fd_sc_hd__clkbuf_16)
                                                         clknet_0_clk (net)
                      0.041204    0.000481    0.175400 ^ clkbuf_1_1__f_clk/A (sky130_fd_sc_hd__clkbuf_16)
     4    0.011375    0.034511    0.115781    0.291182 ^ clkbuf_1_1__f_clk/X (sky130_fd_sc_hd__clkbuf_16)
                                                         clknet_1_1__leaf_clk (net)
                      0.034511    0.000155    0.291337 ^ _115_/CLK (sky130_fd_sc_hd__dfrtp_1)
                                  0.250000    0.541337   clock uncertainty
                                  0.000000    0.541337   clock reconvergence pessimism
                                  0.361052    0.902389   library removal time
                                              0.902389   data required time
---------------------------------------------------------------------------------------------
                                              0.902389   data required time
                                             -1.457600   data arrival time
---------------------------------------------------------------------------------------------
                                              0.555211   slack (MET)


Startpoint: _114_ (rising edge-triggered flip-flop clocked by clk)
Endpoint: count[6] (output port clocked by clk)
Path Group: clk
Path Type: min

Fanout         Cap        Slew       Delay        Time   Description
---------------------------------------------------------------------------------------------
                                  0.000000    0.000000   clock clk (rise edge)
                                  0.000000    0.000000   clock source latency
     1    0.012879    0.063983    0.043396    0.043396 ^ clk (in)
                                                         clk (net)
                      0.063986    0.000000    0.043396 ^ clkbuf_0_clk/A (sky130_fd_sc_hd__clkbuf_16)
     2    0.019234    0.041202    0.131523    0.174920 ^ clkbuf_0_clk/X (sky130_fd_sc_hd__clkbuf_16)
                                                         clknet_0_clk (net)
                      0.041204    0.000481    0.175400 ^ clkbuf_1_1__f_clk/A (sky130_fd_sc_hd__clkbuf_16)
     4    0.011375    0.034511    0.115781    0.291182 ^ clkbuf_1_1__f_clk/X (sky130_fd_sc_hd__clkbuf_16)
                                                         clknet_1_1__leaf_clk (net)
                      0.034511    0.000206    0.291388 ^ _114_/CLK (sky130_fd_sc_hd__dfrtp_1)
     4    0.011334    0.111167    0.367212    0.658601 ^ _114_/Q (sky130_fd_sc_hd__dfrtp_1)
                                                         net19 (net)
                      0.111167    0.000354    0.658955 ^ output19/A (sky130_fd_sc_hd__clkbuf_4)
     1    0.034485    0.113181    0.209778    0.868733 ^ output19/X (sky130_fd_sc_hd__clkbuf_4)
                                                         count[6] (net)
                      0.113184    0.000805    0.869537 ^ count[6] (out)
                                              0.869537   data arrival time

                                  0.000000    0.000000   clock clk (rise edge)
                                  0.000000    0.000000   clock network delay (propagated)
                                  0.250000    0.250000   clock uncertainty
                                  0.000000    0.250000   clock reconvergence pessimism
                                 -0.700000   -0.450000   output external delay
                                             -0.450000   data required time
---------------------------------------------------------------------------------------------
                                             -0.450000   data required time
                                             -0.869537   data arrival time
---------------------------------------------------------------------------------------------
                                              1.319538   slack (MET)


Startpoint: _115_ (rising edge-triggered flip-flop clocked by clk)
Endpoint: count[7] (output port clocked by clk)
Path Group: clk
Path Type: min

Fanout         Cap        Slew       Delay        Time   Description
---------------------------------------------------------------------------------------------
                                  0.000000    0.000000   clock clk (rise edge)
                                  0.000000    0.000000   clock source latency
     1    0.012879    0.063983    0.043396    0.043396 ^ clk (in)
                                                         clk (net)
                      0.063986    0.000000    0.043396 ^ clkbuf_0_clk/A (sky130_fd_sc_hd__clkbuf_16)
     2    0.019234    0.041202    0.131523    0.174920 ^ clkbuf_0_clk/X (sky130_fd_sc_hd__clkbuf_16)
                                                         clknet_0_clk (net)
                      0.041204    0.000481    0.175400 ^ clkbuf_1_1__f_clk/A (sky130_fd_sc_hd__clkbuf_16)
     4    0.011375    0.034511    0.115781    0.291182 ^ clkbuf_1_1__f_clk/X (sky130_fd_sc_hd__clkbuf_16)
                                                         clknet_1_1__leaf_clk (net)
                      0.034511    0.000155    0.291337 ^ _115_/CLK (sky130_fd_sc_hd__dfrtp_1)
     3    0.009845    0.070083    0.387178    0.678515 v _115_/Q (sky130_fd_sc_hd__dfrtp_1)
                                                         net20 (net)
                      0.070145    0.000232    0.678747 v output20/A (sky130_fd_sc_hd__buf_2)
     1    0.034030    0.088951    0.190923    0.869671 v output20/X (sky130_fd_sc_hd__buf_2)
                                                         count[7] (net)
                      0.088954    0.000624    0.870295 v count[7] (out)
                                              0.870295   data arrival time

                                  0.000000    0.000000   clock clk (rise edge)
                                  0.000000    0.000000   clock network delay (propagated)
                                  0.250000    0.250000   clock uncertainty
                                  0.000000    0.250000   clock reconvergence pessimism
                                 -0.700000   -0.450000   output external delay
                                             -0.450000   data required time
---------------------------------------------------------------------------------------------
                                             -0.450000   data required time
                                             -0.870295   data arrival time
---------------------------------------------------------------------------------------------
                                              1.320295   slack (MET)


Startpoint: _108_ (rising edge-triggered flip-flop clocked by clk)
Endpoint: count[0] (output port clocked by clk)
Path Group: clk
Path Type: min

Fanout         Cap        Slew       Delay        Time   Description
---------------------------------------------------------------------------------------------
                                  0.000000    0.000000   clock clk (rise edge)
                                  0.000000    0.000000   clock source latency
     1    0.012879    0.063983    0.043396    0.043396 ^ clk (in)
                                                         clk (net)
                      0.063986    0.000000    0.043396 ^ clkbuf_0_clk/A (sky130_fd_sc_hd__clkbuf_16)
     2    0.019234    0.041202    0.131523    0.174920 ^ clkbuf_0_clk/X (sky130_fd_sc_hd__clkbuf_16)
                                                         clknet_0_clk (net)
                      0.041204    0.000498    0.175418 ^ clkbuf_1_0__f_clk/A (sky130_fd_sc_hd__clkbuf_16)
     5    0.015842    0.038309    0.119992    0.295409 ^ clkbuf_1_0__f_clk/X (sky130_fd_sc_hd__clkbuf_16)
                                                         clknet_1_0__leaf_clk (net)
                      0.038309    0.000323    0.295733 ^ _108_/CLK (sky130_fd_sc_hd__dfrtp_1)
     3    0.011315    0.076313    0.394507    0.690239 v _108_/Q (sky130_fd_sc_hd__dfrtp_1)
                                                         net13 (net)
                      0.076313    0.000215    0.690455 v output13/A (sky130_fd_sc_hd__buf_2)
     1    0.034333    0.089616    0.194280    0.884735 v output13/X (sky130_fd_sc_hd__buf_2)
                                                         count[0] (net)
                      0.089620    0.000645    0.885380 v count[0] (out)
                                              0.885380   data arrival time

                                  0.000000    0.000000   clock clk (rise edge)
                                  0.000000    0.000000   clock network delay (propagated)
                                  0.250000    0.250000   clock uncertainty
                                  0.000000    0.250000   clock reconvergence pessimism
                                 -0.700000   -0.450000   output external delay
                                             -0.450000   data required time
---------------------------------------------------------------------------------------------
                                             -0.450000   data required time
                                             -0.885380   data arrival time
---------------------------------------------------------------------------------------------
                                              1.335380   slack (MET)


Startpoint: _113_ (rising edge-triggered flip-flop clocked by clk)
Endpoint: count[5] (output port clocked by clk)
Path Group: clk
Path Type: min

Fanout         Cap        Slew       Delay        Time   Description
---------------------------------------------------------------------------------------------
                                  0.000000    0.000000   clock clk (rise edge)
                                  0.000000    0.000000   clock source latency
     1    0.012879    0.063983    0.043396    0.043396 ^ clk (in)
                                                         clk (net)
                      0.063986    0.000000    0.043396 ^ clkbuf_0_clk/A (sky130_fd_sc_hd__clkbuf_16)
     2    0.019234    0.041202    0.131523    0.174920 ^ clkbuf_0_clk/X (sky130_fd_sc_hd__clkbuf_16)
                                                         clknet_0_clk (net)
                      0.041204    0.000481    0.175400 ^ clkbuf_1_1__f_clk/A (sky130_fd_sc_hd__clkbuf_16)
     4    0.011375    0.034511    0.115781    0.291182 ^ clkbuf_1_1__f_clk/X (sky130_fd_sc_hd__clkbuf_16)
                                                         clknet_1_1__leaf_clk (net)
                      0.034511    0.000169    0.291351 ^ _113_/CLK (sky130_fd_sc_hd__dfrtp_1)
     4    0.014060    0.088384    0.404130    0.695481 v _113_/Q (sky130_fd_sc_hd__dfrtp_1)
                                                         net18 (net)
                      0.088384    0.000245    0.695726 v output18/A (sky130_fd_sc_hd__buf_2)
     1    0.033961    0.088825    0.199084    0.894809 v output18/X (sky130_fd_sc_hd__buf_2)
                                                         count[5] (net)
                      0.088829    0.000632    0.895441 v count[5] (out)
                                              0.895441   data arrival time

                                  0.000000    0.000000   clock clk (rise edge)
                                  0.000000    0.000000   clock network delay (propagated)
                                  0.250000    0.250000   clock uncertainty
                                  0.000000    0.250000   clock reconvergence pessimism
                                 -0.700000   -0.450000   output external delay
                                             -0.450000   data required time
---------------------------------------------------------------------------------------------
                                             -0.450000   data required time
                                             -0.895441   data arrival time
---------------------------------------------------------------------------------------------
                                              1.345441   slack (MET)


Startpoint: _112_ (rising edge-triggered flip-flop clocked by clk)
Endpoint: count[4] (output port clocked by clk)
Path Group: clk
Path Type: min

Fanout         Cap        Slew       Delay        Time   Description
---------------------------------------------------------------------------------------------
                                  0.000000    0.000000   clock clk (rise edge)
                                  0.000000    0.000000   clock source latency
     1    0.012879    0.063983    0.043396    0.043396 ^ clk (in)
                                                         clk (net)
                      0.063986    0.000000    0.043396 ^ clkbuf_0_clk/A (sky130_fd_sc_hd__clkbuf_16)
     2    0.019234    0.041202    0.131523    0.174920 ^ clkbuf_0_clk/X (sky130_fd_sc_hd__clkbuf_16)
                                                         clknet_0_clk (net)
                      0.041204    0.000498    0.175418 ^ clkbuf_1_0__f_clk/A (sky130_fd_sc_hd__clkbuf_16)
     5    0.015842    0.038309    0.119992    0.295409 ^ clkbuf_1_0__f_clk/X (sky130_fd_sc_hd__clkbuf_16)
                                                         clknet_1_0__leaf_clk (net)
                      0.038309    0.000277    0.295686 ^ _112_/CLK (sky130_fd_sc_hd__dfrtp_1)
     5    0.015585    0.095117    0.411622    0.707309 v _112_/Q (sky130_fd_sc_hd__dfrtp_1)
                                                         net17 (net)
                      0.095118    0.000474    0.707782 v output17/A (sky130_fd_sc_hd__buf_2)
     1    0.034271    0.089496    0.202732    0.910514 v output17/X (sky130_fd_sc_hd__buf_2)
                                                         count[4] (net)
                      0.089499    0.000627    0.911141 v count[4] (out)
                                              0.911141   data arrival time

                                  0.000000    0.000000   clock clk (rise edge)
                                  0.000000    0.000000   clock network delay (propagated)
                                  0.250000    0.250000   clock uncertainty
                                  0.000000    0.250000   clock reconvergence pessimism
                                 -0.700000   -0.450000   output external delay
                                             -0.450000   data required time
---------------------------------------------------------------------------------------------
                                             -0.450000   data required time
                                             -0.911141   data arrival time
---------------------------------------------------------------------------------------------
                                              1.361141   slack (MET)


Startpoint: _110_ (rising edge-triggered flip-flop clocked by clk)
Endpoint: count[2] (output port clocked by clk)
Path Group: clk
Path Type: min

Fanout         Cap        Slew       Delay        Time   Description
---------------------------------------------------------------------------------------------
                                  0.000000    0.000000   clock clk (rise edge)
                                  0.000000    0.000000   clock source latency
     1    0.012879    0.063983    0.043396    0.043396 ^ clk (in)
                                                         clk (net)
                      0.063986    0.000000    0.043396 ^ clkbuf_0_clk/A (sky130_fd_sc_hd__clkbuf_16)
     2    0.019234    0.041202    0.131523    0.174920 ^ clkbuf_0_clk/X (sky130_fd_sc_hd__clkbuf_16)
                                                         clknet_0_clk (net)
                      0.041204    0.000498    0.175418 ^ clkbuf_1_0__f_clk/A (sky130_fd_sc_hd__clkbuf_16)
     5    0.015842    0.038309    0.119992    0.295409 ^ clkbuf_1_0__f_clk/X (sky130_fd_sc_hd__clkbuf_16)
                                                         clknet_1_0__leaf_clk (net)
                      0.038316    0.000485    0.295894 ^ _110_/CLK (sky130_fd_sc_hd__dfrtp_2)
     5    0.019943    0.110497    0.397481    0.693375 ^ _110_/Q (sky130_fd_sc_hd__dfrtp_2)
                                                         net15 (net)
                      0.110497    0.000344    0.693720 ^ output15/A (sky130_fd_sc_hd__buf_2)
     1    0.034112    0.169807    0.221676    0.915396 ^ output15/X (sky130_fd_sc_hd__buf_2)
                                                         count[2] (net)
                      0.169808    0.000698    0.916094 ^ count[2] (out)
                                              0.916094   data arrival time

                                  0.000000    0.000000   clock clk (rise edge)
                                  0.000000    0.000000   clock network delay (propagated)
                                  0.250000    0.250000   clock uncertainty
                                  0.000000    0.250000   clock reconvergence pessimism
                                 -0.700000   -0.450000   output external delay
                                             -0.450000   data required time
---------------------------------------------------------------------------------------------
                                             -0.450000   data required time
                                             -0.916094   data arrival time
---------------------------------------------------------------------------------------------
                                              1.366094   slack (MET)


Startpoint: _111_ (rising edge-triggered flip-flop clocked by clk)
Endpoint: count[3] (output port clocked by clk)
Path Group: clk
Path Type: min

Fanout         Cap        Slew       Delay        Time   Description
---------------------------------------------------------------------------------------------
                                  0.000000    0.000000   clock clk (rise edge)
                                  0.000000    0.000000   clock source latency
     1    0.012879    0.063983    0.043396    0.043396 ^ clk (in)
                                                         clk (net)
                      0.063986    0.000000    0.043396 ^ clkbuf_0_clk/A (sky130_fd_sc_hd__clkbuf_16)
     2    0.019234    0.041202    0.131523    0.174920 ^ clkbuf_0_clk/X (sky130_fd_sc_hd__clkbuf_16)
                                                         clknet_0_clk (net)
                      0.041204    0.000481    0.175400 ^ clkbuf_1_1__f_clk/A (sky130_fd_sc_hd__clkbuf_16)
     4    0.011375    0.034511    0.115781    0.291182 ^ clkbuf_1_1__f_clk/X (sky130_fd_sc_hd__clkbuf_16)
                                                         clknet_1_1__leaf_clk (net)
                      0.034511    0.000260    0.291441 ^ _111_/CLK (sky130_fd_sc_hd__dfrtp_1)
     4    0.017549    0.103989    0.418122    0.709563 v _111_/Q (sky130_fd_sc_hd__dfrtp_1)
                                                         net16 (net)
                      0.103990    0.000558    0.710121 v output16/A (sky130_fd_sc_hd__buf_2)
     1    0.034252    0.089498    0.206675    0.916796 v output16/X (sky130_fd_sc_hd__buf_2)
                                                         count[3] (net)
                      0.089503    0.000700    0.917496 v count[3] (out)
                                              0.917496   data arrival time

                                  0.000000    0.000000   clock clk (rise edge)
                                  0.000000    0.000000   clock network delay (propagated)
                                  0.250000    0.250000   clock uncertainty
                                  0.000000    0.250000   clock reconvergence pessimism
                                 -0.700000   -0.450000   output external delay
                                             -0.450000   data required time
---------------------------------------------------------------------------------------------
                                             -0.450000   data required time
                                             -0.917496   data arrival time
---------------------------------------------------------------------------------------------
                                              1.367496   slack (MET)


Startpoint: _109_ (rising edge-triggered flip-flop clocked by clk)
Endpoint: count[1] (output port clocked by clk)
Path Group: clk
Path Type: min

Fanout         Cap        Slew       Delay        Time   Description
---------------------------------------------------------------------------------------------
                                  0.000000    0.000000   clock clk (rise edge)
                                  0.000000    0.000000   clock source latency
     1    0.012879    0.063983    0.043396    0.043396 ^ clk (in)
                                                         clk (net)
                      0.063986    0.000000    0.043396 ^ clkbuf_0_clk/A (sky130_fd_sc_hd__clkbuf_16)
     2    0.019234    0.041202    0.131523    0.174920 ^ clkbuf_0_clk/X (sky130_fd_sc_hd__clkbuf_16)
                                                         clknet_0_clk (net)
                      0.041204    0.000498    0.175418 ^ clkbuf_1_0__f_clk/A (sky130_fd_sc_hd__clkbuf_16)
     5    0.015842    0.038309    0.119992    0.295409 ^ clkbuf_1_0__f_clk/X (sky130_fd_sc_hd__clkbuf_16)
                                                         clknet_1_0__leaf_clk (net)
                      0.038315    0.000387    0.295797 ^ _109_/CLK (sky130_fd_sc_hd__dfrtp_1)
     3    0.015546    0.145803    0.394021    0.689818 ^ _109_/Q (sky130_fd_sc_hd__dfrtp_1)
                                                         net14 (net)
                      0.145803    0.000392    0.690210 ^ rebuffer5/A (sky130_fd_sc_hd__dlygate4sd1_1)
     2    0.005410    0.062976    0.232760    0.922970 ^ rebuffer5/X (sky130_fd_sc_hd__dlygate4sd1_1)
                                                         net26 (net)
                      0.062976    0.000181    0.923151 ^ output14/A (sky130_fd_sc_hd__buf_2)
     1    0.035725    0.177080    0.209089    1.132240 ^ output14/X (sky130_fd_sc_hd__buf_2)
                                                         count[1] (net)
                      0.177145    0.001329    1.133568 ^ count[1] (out)
                                              1.133568   data arrival time

                                  0.000000    0.000000   clock clk (rise edge)
                                  0.000000    0.000000   clock network delay (propagated)
                                  0.250000    0.250000   clock uncertainty
                                  0.000000    0.250000   clock reconvergence pessimism
                                 -0.700000   -0.450000   output external delay
                                             -0.450000   data required time
---------------------------------------------------------------------------------------------
                                             -0.450000   data required time
                                             -1.133568   data arrival time
---------------------------------------------------------------------------------------------
                                              1.583568   slack (MET)



