
===========================================================================
report_checks -path_delay max (Setup)
============================================================================
======================= min_ss_100C_1v60 Corner ===================================

Startpoint: _109_ (rising edge-triggered flip-flop clocked by clk)
Endpoint: _115_ (rising edge-triggered flip-flop clocked by clk)
Path Group: clk
Path Type: max

Fanout         Cap        Slew       Delay        Time   Description
---------------------------------------------------------------------------------------------
                                  0.000000    0.000000   clock clk (rise edge)
                                  0.000000    0.000000   clock source latency
     1    0.011434    0.000000    0.000000    0.000000 ^ clk (in)
                                                         clk (net)
                      0.000172    0.000086    0.000086 ^ clkbuf_0_clk/A (sky130_fd_sc_hd__clkbuf_16)
     2    0.018779    0.065773    0.189636    0.189722 ^ clkbuf_0_clk/X (sky130_fd_sc_hd__clkbuf_16)
                                                         clknet_0_clk (net)
                      0.065773    0.000185    0.189907 ^ clkbuf_1_0__f_clk/A (sky130_fd_sc_hd__clkbuf_16)
     5    0.013963    0.059907    0.211108    0.401015 ^ clkbuf_1_0__f_clk/X (sky130_fd_sc_hd__clkbuf_16)
                                                         clknet_1_0__leaf_clk (net)
                      0.059907    0.000161    0.401176 ^ _109_/CLK (sky130_fd_sc_hd__dfrtp_1)
     4    0.013807    0.166533    0.833246    1.234422 v _109_/Q (sky130_fd_sc_hd__dfrtp_1)
                                                         net14 (net)
                      0.166533    0.000180    1.234602 v _062_/A (sky130_fd_sc_hd__xor2_1)
     3    0.008307    0.175846    0.377576    1.612178 v _062_/X (sky130_fd_sc_hd__xor2_1)
                                                         _015_ (net)
                      0.175846    0.000049    1.612227 v _067_/A2 (sky130_fd_sc_hd__o21a_1)
     3    0.009035    0.122123    0.407988    2.020215 v _067_/X (sky130_fd_sc_hd__o21a_1)
                                                         _019_ (net)
                      0.122123    0.000048    2.020263 v _080_/A1 (sky130_fd_sc_hd__o31ai_2)
     4    0.012223    0.515796    0.588839    2.609102 ^ _080_/Y (sky130_fd_sc_hd__o31ai_2)
                                                         _030_ (net)
                      0.515796    0.000144    2.609246 ^ _098_/A1 (sky130_fd_sc_hd__a31o_1)
     3    0.009887    0.180043    0.514199    3.123445 ^ _098_/X (sky130_fd_sc_hd__a31o_1)
                                                         _046_ (net)
                      0.180043    0.000155    3.123600 ^ _103_/A2 (sky130_fd_sc_hd__a21oi_1)
     1    0.005020    0.143620    0.198049    3.321649 v _103_/Y (sky130_fd_sc_hd__a21oi_1)
                                                         _050_ (net)
                      0.143620    0.000038    3.321687 v _105_/A (sky130_fd_sc_hd__xnor2_1)
     1    0.002633    0.091939    0.245505    3.567192 v _105_/Y (sky130_fd_sc_hd__xnor2_1)
                                                         _052_ (net)
                      0.091939    0.000024    3.567216 v _107_/A2 (sky130_fd_sc_hd__a21o_1)
     1    0.002410    0.056720    0.318193    3.885409 v _107_/X (sky130_fd_sc_hd__a21o_1)
                                                         _007_ (net)
                      0.056720    0.000022    3.885431 v _115_/D (sky130_fd_sc_hd__dfrtp_1)
                                              3.885431   data arrival time

                                  4.300000    4.300000   clock clk (rise edge)
                                  0.000000    4.300000   clock source latency
     1    0.011434    0.000000    0.000000    4.300000 ^ clk (in)
                                                         clk (net)
                      0.000172    0.000086    4.300086 ^ clkbuf_0_clk/A (sky130_fd_sc_hd__clkbuf_16)
     2    0.018779    0.065773    0.189636    4.489723 ^ clkbuf_0_clk/X (sky130_fd_sc_hd__clkbuf_16)
                                                         clknet_0_clk (net)
                      0.065773    0.000170    4.489892 ^ clkbuf_1_1__f_clk/A (sky130_fd_sc_hd__clkbuf_16)
     4    0.010760    0.055886    0.206566    4.696458 ^ clkbuf_1_1__f_clk/X (sky130_fd_sc_hd__clkbuf_16)
                                                         clknet_1_1__leaf_clk (net)
                      0.055886    0.000045    4.696504 ^ _115_/CLK (sky130_fd_sc_hd__dfrtp_1)
                                  0.000000    4.696504   clock reconvergence pessimism
                                 -0.274785    4.421718   library setup time
                                              4.421718   data required time
---------------------------------------------------------------------------------------------
                                              4.421718   data required time
                                             -3.885431   data arrival time
---------------------------------------------------------------------------------------------
                                              0.536287   slack (MET)


Startpoint: _109_ (rising edge-triggered flip-flop clocked by clk)
Endpoint: _114_ (rising edge-triggered flip-flop clocked by clk)
Path Group: clk
Path Type: max

Fanout         Cap        Slew       Delay        Time   Description
---------------------------------------------------------------------------------------------
                                  0.000000    0.000000   clock clk (rise edge)
                                  0.000000    0.000000   clock source latency
     1    0.011434    0.000000    0.000000    0.000000 ^ clk (in)
                                                         clk (net)
                      0.000172    0.000086    0.000086 ^ clkbuf_0_clk/A (sky130_fd_sc_hd__clkbuf_16)
     2    0.018779    0.065773    0.189636    0.189722 ^ clkbuf_0_clk/X (sky130_fd_sc_hd__clkbuf_16)
                                                         clknet_0_clk (net)
                      0.065773    0.000185    0.189907 ^ clkbuf_1_0__f_clk/A (sky130_fd_sc_hd__clkbuf_16)
     5    0.013963    0.059907    0.211108    0.401015 ^ clkbuf_1_0__f_clk/X (sky130_fd_sc_hd__clkbuf_16)
                                                         clknet_1_0__leaf_clk (net)
                      0.059907    0.000161    0.401176 ^ _109_/CLK (sky130_fd_sc_hd__dfrtp_1)
     4    0.013807    0.166533    0.833246    1.234422 v _109_/Q (sky130_fd_sc_hd__dfrtp_1)
                                                         net14 (net)
                      0.166533    0.000180    1.234602 v _062_/A (sky130_fd_sc_hd__xor2_1)
     3    0.008307    0.175846    0.377576    1.612178 v _062_/X (sky130_fd_sc_hd__xor2_1)
                                                         _015_ (net)
                      0.175846    0.000049    1.612227 v _067_/A2 (sky130_fd_sc_hd__o21a_1)
     3    0.009035    0.122123    0.407988    2.020215 v _067_/X (sky130_fd_sc_hd__o21a_1)
                                                         _019_ (net)
                      0.122123    0.000048    2.020263 v _080_/A1 (sky130_fd_sc_hd__o31ai_2)
     4    0.012223    0.515796    0.588839    2.609102 ^ _080_/Y (sky130_fd_sc_hd__o31ai_2)
                                                         _030_ (net)
                      0.515796    0.000144    2.609246 ^ _098_/A1 (sky130_fd_sc_hd__a31o_1)
     3    0.009887    0.180043    0.514199    3.123445 ^ _098_/X (sky130_fd_sc_hd__a31o_1)
                                                         _046_ (net)
                      0.180043    0.000123    3.123568 ^ _099_/B (sky130_fd_sc_hd__nand2_1)
     1    0.003360    0.107368    0.152907    3.276475 v _099_/Y (sky130_fd_sc_hd__nand2_1)
                                                         _047_ (net)
                      0.107368    0.000036    3.276511 v _102_/A2 (sky130_fd_sc_hd__a31o_1)
     1    0.002613    0.064170    0.377773    3.654284 v _102_/X (sky130_fd_sc_hd__a31o_1)
                                                         _006_ (net)
                      0.064170    0.000027    3.654311 v _114_/D (sky130_fd_sc_hd__dfrtp_1)
                                              3.654311   data arrival time

                                  4.300000    4.300000   clock clk (rise edge)
                                  0.000000    4.300000   clock source latency
     1    0.011434    0.000000    0.000000    4.300000 ^ clk (in)
                                                         clk (net)
                      0.000172    0.000086    4.300086 ^ clkbuf_0_clk/A (sky130_fd_sc_hd__clkbuf_16)
     2    0.018779    0.065773    0.189636    4.489723 ^ clkbuf_0_clk/X (sky130_fd_sc_hd__clkbuf_16)
                                                         clknet_0_clk (net)
                      0.065773    0.000170    4.489892 ^ clkbuf_1_1__f_clk/A (sky130_fd_sc_hd__clkbuf_16)
     4    0.010760    0.055886    0.206566    4.696458 ^ clkbuf_1_1__f_clk/X (sky130_fd_sc_hd__clkbuf_16)
                                                         clknet_1_1__leaf_clk (net)
                      0.055886    0.000056    4.696515 ^ _114_/CLK (sky130_fd_sc_hd__dfrtp_1)
                                  0.000000    4.696515   clock reconvergence pessimism
                                 -0.277894    4.418621   library setup time
                                              4.418621   data required time
---------------------------------------------------------------------------------------------
                                              4.418621   data required time
                                             -3.654311   data arrival time
---------------------------------------------------------------------------------------------
                                              0.764310   slack (MET)


Startpoint: _109_ (rising edge-triggered flip-flop clocked by clk)
Endpoint: _113_ (rising edge-triggered flip-flop clocked by clk)
Path Group: clk
Path Type: max

Fanout         Cap        Slew       Delay        Time   Description
---------------------------------------------------------------------------------------------
                                  0.000000    0.000000   clock clk (rise edge)
                                  0.000000    0.000000   clock source latency
     1    0.011434    0.000000    0.000000    0.000000 ^ clk (in)
                                                         clk (net)
                      0.000172    0.000086    0.000086 ^ clkbuf_0_clk/A (sky130_fd_sc_hd__clkbuf_16)
     2    0.018779    0.065773    0.189636    0.189722 ^ clkbuf_0_clk/X (sky130_fd_sc_hd__clkbuf_16)
                                                         clknet_0_clk (net)
                      0.065773    0.000185    0.189907 ^ clkbuf_1_0__f_clk/A (sky130_fd_sc_hd__clkbuf_16)
     5    0.013963    0.059907    0.211108    0.401015 ^ clkbuf_1_0__f_clk/X (sky130_fd_sc_hd__clkbuf_16)
                                                         clknet_1_0__leaf_clk (net)
                      0.059907    0.000161    0.401176 ^ _109_/CLK (sky130_fd_sc_hd__dfrtp_1)
     4    0.013807    0.166533    0.833246    1.234422 v _109_/Q (sky130_fd_sc_hd__dfrtp_1)
                                                         net14 (net)
                      0.166533    0.000180    1.234602 v _062_/A (sky130_fd_sc_hd__xor2_1)
     3    0.008307    0.175846    0.377576    1.612178 v _062_/X (sky130_fd_sc_hd__xor2_1)
                                                         _015_ (net)
                      0.175846    0.000049    1.612227 v _067_/A2 (sky130_fd_sc_hd__o21a_1)
     3    0.009035    0.122123    0.407988    2.020215 v _067_/X (sky130_fd_sc_hd__o21a_1)
                                                         _019_ (net)
                      0.122123    0.000048    2.020263 v _080_/A1 (sky130_fd_sc_hd__o31ai_2)
     4    0.012223    0.515796    0.588839    2.609102 ^ _080_/Y (sky130_fd_sc_hd__o31ai_2)
                                                         _030_ (net)
                      0.515796    0.000118    2.609220 ^ _089_/A1 (sky130_fd_sc_hd__a21o_1)
     2    0.005497    0.099758    0.390154    2.999374 ^ _089_/X (sky130_fd_sc_hd__a21o_1)
                                                         _038_ (net)
                      0.099758    0.000064    2.999438 ^ _090_/B (sky130_fd_sc_hd__nand2_1)
     1    0.003614    0.122794    0.126307    3.125746 v _090_/Y (sky130_fd_sc_hd__nand2_1)
                                                         _039_ (net)
                      0.122794    0.000046    3.125792 v _093_/A2 (sky130_fd_sc_hd__a31o_1)
     1    0.002220    0.060897    0.380048    3.505840 v _093_/X (sky130_fd_sc_hd__a31o_1)
                                                         _005_ (net)
                      0.060897    0.000019    3.505859 v _113_/D (sky130_fd_sc_hd__dfrtp_1)
                                              3.505859   data arrival time

                                  4.300000    4.300000   clock clk (rise edge)
                                  0.000000    4.300000   clock source latency
     1    0.011434    0.000000    0.000000    4.300000 ^ clk (in)
                                                         clk (net)
                      0.000172    0.000086    4.300086 ^ clkbuf_0_clk/A (sky130_fd_sc_hd__clkbuf_16)
     2    0.018779    0.065773    0.189636    4.489723 ^ clkbuf_0_clk/X (sky130_fd_sc_hd__clkbuf_16)
                                                         clknet_0_clk (net)
                      0.065773    0.000170    4.489892 ^ clkbuf_1_1__f_clk/A (sky130_fd_sc_hd__clkbuf_16)
     4    0.010760    0.055886    0.206566    4.696458 ^ clkbuf_1_1__f_clk/X (sky130_fd_sc_hd__clkbuf_16)
                                                         clknet_1_1__leaf_clk (net)
                      0.055886    0.000081    4.696539 ^ _113_/CLK (sky130_fd_sc_hd__dfrtp_1)
                                  0.000000    4.696539   clock reconvergence pessimism
                                 -0.276528    4.420011   library setup time
                                              4.420011   data required time
---------------------------------------------------------------------------------------------
                                              4.420011   data required time
                                             -3.505859   data arrival time
---------------------------------------------------------------------------------------------
                                              0.914152   slack (MET)


Startpoint: _109_ (rising edge-triggered flip-flop clocked by clk)
Endpoint: _111_ (rising edge-triggered flip-flop clocked by clk)
Path Group: clk
Path Type: max

Fanout         Cap        Slew       Delay        Time   Description
---------------------------------------------------------------------------------------------
                                  0.000000    0.000000   clock clk (rise edge)
                                  0.000000    0.000000   clock source latency
     1    0.011434    0.000000    0.000000    0.000000 ^ clk (in)
                                                         clk (net)
                      0.000172    0.000086    0.000086 ^ clkbuf_0_clk/A (sky130_fd_sc_hd__clkbuf_16)
     2    0.018779    0.065773    0.189636    0.189722 ^ clkbuf_0_clk/X (sky130_fd_sc_hd__clkbuf_16)
                                                         clknet_0_clk (net)
                      0.065773    0.000185    0.189907 ^ clkbuf_1_0__f_clk/A (sky130_fd_sc_hd__clkbuf_16)
     5    0.013963    0.059907    0.211108    0.401015 ^ clkbuf_1_0__f_clk/X (sky130_fd_sc_hd__clkbuf_16)
                                                         clknet_1_0__leaf_clk (net)
                      0.059907    0.000161    0.401176 ^ _109_/CLK (sky130_fd_sc_hd__dfrtp_1)
     4    0.013807    0.166533    0.833246    1.234422 v _109_/Q (sky130_fd_sc_hd__dfrtp_1)
                                                         net14 (net)
                      0.166533    0.000180    1.234602 v _062_/A (sky130_fd_sc_hd__xor2_1)
     3    0.008307    0.175846    0.377576    1.612178 v _062_/X (sky130_fd_sc_hd__xor2_1)
                                                         _015_ (net)
                      0.175846    0.000049    1.612227 v _067_/A2 (sky130_fd_sc_hd__o21a_1)
     3    0.009035    0.122123    0.407988    2.020215 v _067_/X (sky130_fd_sc_hd__o21a_1)
                                                         _019_ (net)
                      0.122123    0.000032    2.020247 v _070_/A (sky130_fd_sc_hd__or2_1)
     2    0.005552    0.125972    0.549486    2.569733 v _070_/X (sky130_fd_sc_hd__or2_1)
                                                         _022_ (net)
                      0.125972    0.000035    2.569768 v _075_/B1 (sky130_fd_sc_hd__o21ai_1)
     2    0.005553    0.247897    0.191118    2.760886 ^ _075_/Y (sky130_fd_sc_hd__o21ai_1)
                                                         _026_ (net)
                      0.247897    0.000043    2.760929 ^ _077_/A2 (sky130_fd_sc_hd__a21oi_1)
     1    0.002527    0.139191    0.192518    2.953447 v _077_/Y (sky130_fd_sc_hd__a21oi_1)
                                                         _028_ (net)
                      0.139191    0.000023    2.953471 v _078_/C1 (sky130_fd_sc_hd__a221o_1)
     1    0.002127    0.087223    0.501176    3.454647 v _078_/X (sky130_fd_sc_hd__a221o_1)
                                                         _003_ (net)
                      0.087223    0.000018    3.454665 v _111_/D (sky130_fd_sc_hd__dfrtp_1)
                                              3.454665   data arrival time

                                  4.300000    4.300000   clock clk (rise edge)
                                  0.000000    4.300000   clock source latency
     1    0.011434    0.000000    0.000000    4.300000 ^ clk (in)
                                                         clk (net)
                      0.000172    0.000086    4.300086 ^ clkbuf_0_clk/A (sky130_fd_sc_hd__clkbuf_16)
     2    0.018779    0.065773    0.189636    4.489723 ^ clkbuf_0_clk/X (sky130_fd_sc_hd__clkbuf_16)
                                                         clknet_0_clk (net)
                      0.065773    0.000170    4.489892 ^ clkbuf_1_1__f_clk/A (sky130_fd_sc_hd__clkbuf_16)
     4    0.010760    0.055886    0.206566    4.696458 ^ clkbuf_1_1__f_clk/X (sky130_fd_sc_hd__clkbuf_16)
                                                         clknet_1_1__leaf_clk (net)
                      0.055886    0.000073    4.696531 ^ _111_/CLK (sky130_fd_sc_hd__dfrtp_1)
                                  0.000000    4.696531   clock reconvergence pessimism
                                 -0.287510    4.409021   library setup time
                                              4.409021   data required time
---------------------------------------------------------------------------------------------
                                              4.409021   data required time
                                             -3.454665   data arrival time
---------------------------------------------------------------------------------------------
                                              0.954356   slack (MET)


Startpoint: _109_ (rising edge-triggered flip-flop clocked by clk)
Endpoint: _112_ (rising edge-triggered flip-flop clocked by clk)
Path Group: clk
Path Type: max

Fanout         Cap        Slew       Delay        Time   Description
---------------------------------------------------------------------------------------------
                                  0.000000    0.000000   clock clk (rise edge)
                                  0.000000    0.000000   clock source latency
     1    0.011434    0.000000    0.000000    0.000000 ^ clk (in)
                                                         clk (net)
                      0.000172    0.000086    0.000086 ^ clkbuf_0_clk/A (sky130_fd_sc_hd__clkbuf_16)
     2    0.018779    0.065773    0.189636    0.189722 ^ clkbuf_0_clk/X (sky130_fd_sc_hd__clkbuf_16)
                                                         clknet_0_clk (net)
                      0.065773    0.000185    0.189907 ^ clkbuf_1_0__f_clk/A (sky130_fd_sc_hd__clkbuf_16)
     5    0.013963    0.059907    0.211108    0.401015 ^ clkbuf_1_0__f_clk/X (sky130_fd_sc_hd__clkbuf_16)
                                                         clknet_1_0__leaf_clk (net)
                      0.059907    0.000161    0.401176 ^ _109_/CLK (sky130_fd_sc_hd__dfrtp_1)
     4    0.013807    0.166533    0.833246    1.234422 v _109_/Q (sky130_fd_sc_hd__dfrtp_1)
                                                         net14 (net)
                      0.166533    0.000180    1.234602 v _062_/A (sky130_fd_sc_hd__xor2_1)
     3    0.008307    0.175846    0.377576    1.612178 v _062_/X (sky130_fd_sc_hd__xor2_1)
                                                         _015_ (net)
                      0.175846    0.000049    1.612227 v _067_/A2 (sky130_fd_sc_hd__o21a_1)
     3    0.009035    0.122123    0.407988    2.020215 v _067_/X (sky130_fd_sc_hd__o21a_1)
                                                         _019_ (net)
                      0.122123    0.000048    2.020263 v _080_/A1 (sky130_fd_sc_hd__o31ai_2)
     4    0.012223    0.515796    0.588839    2.609102 ^ _080_/Y (sky130_fd_sc_hd__o31ai_2)
                                                         _030_ (net)
                      0.515796    0.000124    2.609226 ^ _085_/A (sky130_fd_sc_hd__nand2_1)
     1    0.002768    0.138946    0.233233    2.842459 v _085_/Y (sky130_fd_sc_hd__nand2_1)
                                                         _035_ (net)
                      0.138946    0.000026    2.842484 v _087_/A3 (sky130_fd_sc_hd__a31o_1)
     1    0.002460    0.062888    0.408954    3.251439 v _087_/X (sky130_fd_sc_hd__a31o_1)
                                                         _004_ (net)
                      0.062888    0.000023    3.251462 v _112_/D (sky130_fd_sc_hd__dfrtp_1)
                                              3.251462   data arrival time

                                  4.300000    4.300000   clock clk (rise edge)
                                  0.000000    4.300000   clock source latency
     1    0.011434    0.000000    0.000000    4.300000 ^ clk (in)
                                                         clk (net)
                      0.000172    0.000086    4.300086 ^ clkbuf_0_clk/A (sky130_fd_sc_hd__clkbuf_16)
     2    0.018779    0.065773    0.189636    4.489723 ^ clkbuf_0_clk/X (sky130_fd_sc_hd__clkbuf_16)
                                                         clknet_0_clk (net)
                      0.065773    0.000185    4.489907 ^ clkbuf_1_0__f_clk/A (sky130_fd_sc_hd__clkbuf_16)
     5    0.013963    0.059907    0.211108    4.701015 ^ clkbuf_1_0__f_clk/X (sky130_fd_sc_hd__clkbuf_16)
                                                         clknet_1_0__leaf_clk (net)
                      0.059907    0.000202    4.701217 ^ _112_/CLK (sky130_fd_sc_hd__dfrtp_1)
                                  0.000000    4.701217   clock reconvergence pessimism
                                 -0.276288    4.424930   library setup time
                                              4.424930   data required time
---------------------------------------------------------------------------------------------
                                              4.424930   data required time
                                             -3.251462   data arrival time
---------------------------------------------------------------------------------------------
                                              1.173467   slack (MET)


Startpoint: _109_ (rising edge-triggered flip-flop clocked by clk)
Endpoint: _110_ (rising edge-triggered flip-flop clocked by clk)
Path Group: clk
Path Type: max

Fanout         Cap        Slew       Delay        Time   Description
---------------------------------------------------------------------------------------------
                                  0.000000    0.000000   clock clk (rise edge)
                                  0.000000    0.000000   clock source latency
     1    0.011434    0.000000    0.000000    0.000000 ^ clk (in)
                                                         clk (net)
                      0.000172    0.000086    0.000086 ^ clkbuf_0_clk/A (sky130_fd_sc_hd__clkbuf_16)
     2    0.018779    0.065773    0.189636    0.189722 ^ clkbuf_0_clk/X (sky130_fd_sc_hd__clkbuf_16)
                                                         clknet_0_clk (net)
                      0.065773    0.000185    0.189907 ^ clkbuf_1_0__f_clk/A (sky130_fd_sc_hd__clkbuf_16)
     5    0.013963    0.059907    0.211108    0.401015 ^ clkbuf_1_0__f_clk/X (sky130_fd_sc_hd__clkbuf_16)
                                                         clknet_1_0__leaf_clk (net)
                      0.059907    0.000161    0.401176 ^ _109_/CLK (sky130_fd_sc_hd__dfrtp_1)
     4    0.013807    0.166533    0.833246    1.234422 v _109_/Q (sky130_fd_sc_hd__dfrtp_1)
                                                         net14 (net)
                      0.166533    0.000180    1.234602 v _062_/A (sky130_fd_sc_hd__xor2_1)
     3    0.008307    0.175846    0.377576    1.612178 v _062_/X (sky130_fd_sc_hd__xor2_1)
                                                         _015_ (net)
                      0.175846    0.000049    1.612227 v _067_/A2 (sky130_fd_sc_hd__o21a_1)
     3    0.009035    0.122123    0.407988    2.020215 v _067_/X (sky130_fd_sc_hd__o21a_1)
                                                         _019_ (net)
                      0.122123    0.000032    2.020247 v _070_/A (sky130_fd_sc_hd__or2_1)
     2    0.005552    0.125972    0.549486    2.569733 v _070_/X (sky130_fd_sc_hd__or2_1)
                                                         _022_ (net)
                      0.125972    0.000032    2.569766 v _072_/A3 (sky130_fd_sc_hd__a31o_1)
     1    0.002285    0.061436    0.401045    2.970811 v _072_/X (sky130_fd_sc_hd__a31o_1)
                                                         _002_ (net)
                      0.061436    0.000020    2.970831 v _110_/D (sky130_fd_sc_hd__dfrtp_2)
                                              2.970831   data arrival time

                                  4.300000    4.300000   clock clk (rise edge)
                                  0.000000    4.300000   clock source latency
     1    0.011434    0.000000    0.000000    4.300000 ^ clk (in)
                                                         clk (net)
                      0.000172    0.000086    4.300086 ^ clkbuf_0_clk/A (sky130_fd_sc_hd__clkbuf_16)
     2    0.018779    0.065773    0.189636    4.489723 ^ clkbuf_0_clk/X (sky130_fd_sc_hd__clkbuf_16)
                                                         clknet_0_clk (net)
                      0.065773    0.000185    4.489907 ^ clkbuf_1_0__f_clk/A (sky130_fd_sc_hd__clkbuf_16)
     5    0.013963    0.059907    0.211108    4.701015 ^ clkbuf_1_0__f_clk/X (sky130_fd_sc_hd__clkbuf_16)
                                                         clknet_1_0__leaf_clk (net)
                      0.059907    0.000183    4.701198 ^ _110_/CLK (sky130_fd_sc_hd__dfrtp_2)
                                  0.000000    4.701198   clock reconvergence pessimism
                                 -0.275720    4.425478   library setup time
                                              4.425478   data required time
---------------------------------------------------------------------------------------------
                                              4.425478   data required time
                                             -2.970831   data arrival time
---------------------------------------------------------------------------------------------
                                              1.454647   slack (MET)


Startpoint: _109_ (rising edge-triggered flip-flop clocked by clk)
Endpoint: _109_ (rising edge-triggered flip-flop clocked by clk)
Path Group: clk
Path Type: max

Fanout         Cap        Slew       Delay        Time   Description
---------------------------------------------------------------------------------------------
                                  0.000000    0.000000   clock clk (rise edge)
                                  0.000000    0.000000   clock source latency
     1    0.011434    0.000000    0.000000    0.000000 ^ clk (in)
                                                         clk (net)
                      0.000172    0.000086    0.000086 ^ clkbuf_0_clk/A (sky130_fd_sc_hd__clkbuf_16)
     2    0.018779    0.065773    0.189636    0.189722 ^ clkbuf_0_clk/X (sky130_fd_sc_hd__clkbuf_16)
                                                         clknet_0_clk (net)
                      0.065773    0.000185    0.189907 ^ clkbuf_1_0__f_clk/A (sky130_fd_sc_hd__clkbuf_16)
     5    0.013963    0.059907    0.211108    0.401015 ^ clkbuf_1_0__f_clk/X (sky130_fd_sc_hd__clkbuf_16)
                                                         clknet_1_0__leaf_clk (net)
                      0.059907    0.000161    0.401176 ^ _109_/CLK (sky130_fd_sc_hd__dfrtp_1)
     4    0.013807    0.166533    0.833246    1.234422 v _109_/Q (sky130_fd_sc_hd__dfrtp_1)
                                                         net14 (net)
                      0.166533    0.000180    1.234602 v _062_/A (sky130_fd_sc_hd__xor2_1)
     3    0.008307    0.175846    0.377576    1.612178 v _062_/X (sky130_fd_sc_hd__xor2_1)
                                                         _015_ (net)
                      0.175846    0.000046    1.612224 v _064_/A2 (sky130_fd_sc_hd__o21a_1)
     1    0.003557    0.072012    0.358684    1.970908 v _064_/X (sky130_fd_sc_hd__o21a_1)
                                                         _017_ (net)
                      0.072012    0.000044    1.970953 v _066_/A2 (sky130_fd_sc_hd__a21o_1)
     1    0.002208    0.055234    0.307404    2.278356 v _066_/X (sky130_fd_sc_hd__a21o_1)
                                                         _001_ (net)
                      0.055234    0.000019    2.278376 v _109_/D (sky130_fd_sc_hd__dfrtp_1)
                                              2.278376   data arrival time

                                  4.300000    4.300000   clock clk (rise edge)
                                  0.000000    4.300000   clock source latency
     1    0.011434    0.000000    0.000000    4.300000 ^ clk (in)
                                                         clk (net)
                      0.000172    0.000086    4.300086 ^ clkbuf_0_clk/A (sky130_fd_sc_hd__clkbuf_16)
     2    0.018779    0.065773    0.189636    4.489723 ^ clkbuf_0_clk/X (sky130_fd_sc_hd__clkbuf_16)
                                                         clknet_0_clk (net)
                      0.065773    0.000185    4.489907 ^ clkbuf_1_0__f_clk/A (sky130_fd_sc_hd__clkbuf_16)
     5    0.013963    0.059907    0.211108    4.701015 ^ clkbuf_1_0__f_clk/X (sky130_fd_sc_hd__clkbuf_16)
                                                         clknet_1_0__leaf_clk (net)
                      0.059907    0.000161    4.701176 ^ _109_/CLK (sky130_fd_sc_hd__dfrtp_1)
                                  0.000000    4.701176   clock reconvergence pessimism
                                 -0.273095    4.428081   library setup time
                                              4.428081   data required time
---------------------------------------------------------------------------------------------
                                              4.428081   data required time
                                             -2.278376   data arrival time
---------------------------------------------------------------------------------------------
                                              2.149706   slack (MET)


Startpoint: _108_ (rising edge-triggered flip-flop clocked by clk)
Endpoint: _108_ (rising edge-triggered flip-flop clocked by clk)
Path Group: clk
Path Type: max

Fanout         Cap        Slew       Delay        Time   Description
---------------------------------------------------------------------------------------------
                                  0.000000    0.000000   clock clk (rise edge)
                                  0.000000    0.000000   clock source latency
     1    0.011434    0.000000    0.000000    0.000000 ^ clk (in)
                                                         clk (net)
                      0.000172    0.000086    0.000086 ^ clkbuf_0_clk/A (sky130_fd_sc_hd__clkbuf_16)
     2    0.018779    0.065773    0.189636    0.189722 ^ clkbuf_0_clk/X (sky130_fd_sc_hd__clkbuf_16)
                                                         clknet_0_clk (net)
                      0.065773    0.000185    0.189907 ^ clkbuf_1_0__f_clk/A (sky130_fd_sc_hd__clkbuf_16)
     5    0.013963    0.059907    0.211108    0.401015 ^ clkbuf_1_0__f_clk/X (sky130_fd_sc_hd__clkbuf_16)
                                                         clknet_1_0__leaf_clk (net)
                      0.059907    0.000112    0.401128 ^ _108_/CLK (sky130_fd_sc_hd__dfrtp_1)
     3    0.011481    0.151988    0.812011    1.213138 v _108_/Q (sky130_fd_sc_hd__dfrtp_1)
                                                         net13 (net)
                      0.151988    0.000226    1.213365 v _054_/A (sky130_fd_sc_hd__inv_2)
     4    0.012449    0.107731    0.152623    1.365988 ^ _054_/Y (sky130_fd_sc_hd__inv_2)
                                                         _008_ (net)
                      0.107731    0.000035    1.366023 ^ _059_/B2 (sky130_fd_sc_hd__a22o_1)
     1    0.003387    0.096753    0.260789    1.626811 ^ _059_/X (sky130_fd_sc_hd__a22o_1)
                                                         _013_ (net)
                      0.096753    0.000041    1.626852 ^ _060_/B1 (sky130_fd_sc_hd__a21oi_1)
     1    0.002886    0.096278    0.081403    1.708255 v _060_/Y (sky130_fd_sc_hd__a21oi_1)
                                                         _000_ (net)
                      0.096278    0.000035    1.708290 v _108_/D (sky130_fd_sc_hd__dfrtp_1)
                                              1.708290   data arrival time

                                  4.300000    4.300000   clock clk (rise edge)
                                  0.000000    4.300000   clock source latency
     1    0.011434    0.000000    0.000000    4.300000 ^ clk (in)
                                                         clk (net)
                      0.000172    0.000086    4.300086 ^ clkbuf_0_clk/A (sky130_fd_sc_hd__clkbuf_16)
     2    0.018779    0.065773    0.189636    4.489723 ^ clkbuf_0_clk/X (sky130_fd_sc_hd__clkbuf_16)
                                                         clknet_0_clk (net)
                      0.065773    0.000185    4.489907 ^ clkbuf_1_0__f_clk/A (sky130_fd_sc_hd__clkbuf_16)
     5    0.013963    0.059907    0.211108    4.701015 ^ clkbuf_1_0__f_clk/X (sky130_fd_sc_hd__clkbuf_16)
                                                         clknet_1_0__leaf_clk (net)
                      0.059907    0.000112    4.701128 ^ _108_/CLK (sky130_fd_sc_hd__dfrtp_1)
                                  0.000000    4.701128   clock reconvergence pessimism
                                 -0.290216    4.410912   library setup time
                                              4.410912   data required time
---------------------------------------------------------------------------------------------
                                              4.410912   data required time
                                             -1.708290   data arrival time
---------------------------------------------------------------------------------------------
                                              2.702622   slack (MET)



