
===========================================================================
report_checks -path_delay max (Setup)
============================================================================
======================= nom_ff_n40C_1v95 Corner ===================================

Startpoint: _109_ (rising edge-triggered flip-flop clocked by clk)
Endpoint: _115_ (rising edge-triggered flip-flop clocked by clk)
Path Group: clk
Path Type: max

Fanout         Cap        Slew       Delay        Time   Description
---------------------------------------------------------------------------------------------
                                  0.000000    0.000000   clock clk (rise edge)
                                  0.000000    0.000000   clock source latency
     8    0.015608    0.000000    0.000000    0.000000 ^ clk (in)
                                                         clk (net)
                      0.000000    0.000000    0.000000 ^ _109_/CLK (sky130_fd_sc_hd__dfrtp_2)
     4    0.015130    0.051912    0.258416    0.258416 v _109_/Q (sky130_fd_sc_hd__dfrtp_2)
                                                         count[1] (net)
                      0.051912    0.000000    0.258416 v _062_/A (sky130_fd_sc_hd__xor2_2)
     3    0.008755    0.042748    0.124563    0.382979 v _062_/X (sky130_fd_sc_hd__xor2_2)
                                                         _015_ (net)
                      0.042748    0.000000    0.382979 v _067_/A2 (sky130_fd_sc_hd__o21a_2)
     3    0.010075    0.038179    0.136928    0.519907 v _067_/X (sky130_fd_sc_hd__o21a_2)
                                                         _019_ (net)
                      0.038179    0.000000    0.519907 v _080_/A1 (sky130_fd_sc_hd__o31ai_2)
     4    0.011212    0.226770    0.231958    0.751864 ^ _080_/Y (sky130_fd_sc_hd__o31ai_2)
                                                         _030_ (net)
                      0.226770    0.000000    0.751864 ^ _098_/A1 (sky130_fd_sc_hd__a31o_2)
     3    0.011263    0.061565    0.131807    0.883672 ^ _098_/X (sky130_fd_sc_hd__a31o_2)
                                                         _046_ (net)
                      0.061565    0.000000    0.883672 ^ _103_/A2 (sky130_fd_sc_hd__a21oi_2)
     1    0.008271    0.043573    0.043451    0.927123 v _103_/Y (sky130_fd_sc_hd__a21oi_2)
                                                         _050_ (net)
                      0.043573    0.000000    0.927123 v _105_/A (sky130_fd_sc_hd__xnor2_2)
     1    0.002207    0.032474    0.085502    1.012625 v _105_/Y (sky130_fd_sc_hd__xnor2_2)
                                                         _052_ (net)
                      0.032474    0.000000    1.012625 v _107_/A2 (sky130_fd_sc_hd__a21o_2)
     1    0.002059    0.023324    0.126036    1.138662 v _107_/X (sky130_fd_sc_hd__a21o_2)
                                                         _007_ (net)
                      0.023324    0.000000    1.138662 v _115_/D (sky130_fd_sc_hd__dfrtp_2)
                                              1.138662   data arrival time

                                  4.300000    4.300000   clock clk (rise edge)
                                  0.000000    4.300000   clock source latency
     8    0.015608    0.000000    0.000000    4.300000 ^ clk (in)
                                                         clk (net)
                      0.000000    0.000000    4.300000 ^ _115_/CLK (sky130_fd_sc_hd__dfrtp_2)
                                  0.000000    4.300000   clock reconvergence pessimism
                                 -0.073642    4.226358   library setup time
                                              4.226358   data required time
---------------------------------------------------------------------------------------------
                                              4.226358   data required time
                                             -1.138662   data arrival time
---------------------------------------------------------------------------------------------
                                              3.087696   slack (MET)


Startpoint: _109_ (rising edge-triggered flip-flop clocked by clk)
Endpoint: _114_ (rising edge-triggered flip-flop clocked by clk)
Path Group: clk
Path Type: max

Fanout         Cap        Slew       Delay        Time   Description
---------------------------------------------------------------------------------------------
                                  0.000000    0.000000   clock clk (rise edge)
                                  0.000000    0.000000   clock source latency
     8    0.015608    0.000000    0.000000    0.000000 ^ clk (in)
                                                         clk (net)
                      0.000000    0.000000    0.000000 ^ _109_/CLK (sky130_fd_sc_hd__dfrtp_2)
     4    0.015130    0.051912    0.258416    0.258416 v _109_/Q (sky130_fd_sc_hd__dfrtp_2)
                                                         count[1] (net)
                      0.051912    0.000000    0.258416 v _062_/A (sky130_fd_sc_hd__xor2_2)
     3    0.008755    0.042748    0.124563    0.382979 v _062_/X (sky130_fd_sc_hd__xor2_2)
                                                         _015_ (net)
                      0.042748    0.000000    0.382979 v _067_/A2 (sky130_fd_sc_hd__o21a_2)
     3    0.010075    0.038179    0.136928    0.519907 v _067_/X (sky130_fd_sc_hd__o21a_2)
                                                         _019_ (net)
                      0.038179    0.000000    0.519907 v _080_/A1 (sky130_fd_sc_hd__o31ai_2)
     4    0.011212    0.226770    0.231958    0.751864 ^ _080_/Y (sky130_fd_sc_hd__o31ai_2)
                                                         _030_ (net)
                      0.226770    0.000000    0.751864 ^ _098_/A1 (sky130_fd_sc_hd__a31o_2)
     3    0.011263    0.061565    0.131807    0.883672 ^ _098_/X (sky130_fd_sc_hd__a31o_2)
                                                         _046_ (net)
                      0.061565    0.000000    0.883672 ^ _099_/B (sky130_fd_sc_hd__nand2_2)
     1    0.002262    0.027782    0.027154    0.910826 v _099_/Y (sky130_fd_sc_hd__nand2_2)
                                                         _047_ (net)
                      0.027782    0.000000    0.910826 v _102_/A2 (sky130_fd_sc_hd__a31o_2)
     1    0.002059    0.026345    0.136476    1.047303 v _102_/X (sky130_fd_sc_hd__a31o_2)
                                                         _006_ (net)
                      0.026345    0.000000    1.047303 v _114_/D (sky130_fd_sc_hd__dfrtp_2)
                                              1.047303   data arrival time

                                  4.300000    4.300000   clock clk (rise edge)
                                  0.000000    4.300000   clock source latency
     8    0.015608    0.000000    0.000000    4.300000 ^ clk (in)
                                                         clk (net)
                      0.000000    0.000000    4.300000 ^ _114_/CLK (sky130_fd_sc_hd__dfrtp_2)
                                  0.000000    4.300000   clock reconvergence pessimism
                                 -0.074722    4.225277   library setup time
                                              4.225277   data required time
---------------------------------------------------------------------------------------------
                                              4.225277   data required time
                                             -1.047303   data arrival time
---------------------------------------------------------------------------------------------
                                              3.177975   slack (MET)


Startpoint: _109_ (rising edge-triggered flip-flop clocked by clk)
Endpoint: _113_ (rising edge-triggered flip-flop clocked by clk)
Path Group: clk
Path Type: max

Fanout         Cap        Slew       Delay        Time   Description
---------------------------------------------------------------------------------------------
                                  0.000000    0.000000   clock clk (rise edge)
                                  0.000000    0.000000   clock source latency
     8    0.015608    0.000000    0.000000    0.000000 ^ clk (in)
                                                         clk (net)
                      0.000000    0.000000    0.000000 ^ _109_/CLK (sky130_fd_sc_hd__dfrtp_2)
     4    0.015130    0.051912    0.258416    0.258416 v _109_/Q (sky130_fd_sc_hd__dfrtp_2)
                                                         count[1] (net)
                      0.051912    0.000000    0.258416 v _062_/A (sky130_fd_sc_hd__xor2_2)
     3    0.008755    0.042748    0.124563    0.382979 v _062_/X (sky130_fd_sc_hd__xor2_2)
                                                         _015_ (net)
                      0.042748    0.000000    0.382979 v _067_/A2 (sky130_fd_sc_hd__o21a_2)
     3    0.010075    0.038179    0.136928    0.519907 v _067_/X (sky130_fd_sc_hd__o21a_2)
                                                         _019_ (net)
                      0.038179    0.000000    0.519907 v _080_/A1 (sky130_fd_sc_hd__o31ai_2)
     4    0.011212    0.226770    0.231958    0.751864 ^ _080_/Y (sky130_fd_sc_hd__o31ai_2)
                                                         _030_ (net)
                      0.226770    0.000000    0.751864 ^ _089_/A1 (sky130_fd_sc_hd__a21o_2)
     2    0.006201    0.035957    0.099128    0.850993 ^ _089_/X (sky130_fd_sc_hd__a21o_2)
                                                         _038_ (net)
                      0.035957    0.000000    0.850993 ^ _090_/B (sky130_fd_sc_hd__nand2_2)
     1    0.002262    0.031171    0.024883    0.875876 v _090_/Y (sky130_fd_sc_hd__nand2_2)
                                                         _039_ (net)
                      0.031171    0.000000    0.875876 v _093_/A2 (sky130_fd_sc_hd__a31o_2)
     1    0.002059    0.026345    0.137797    1.013673 v _093_/X (sky130_fd_sc_hd__a31o_2)
                                                         _005_ (net)
                      0.026345    0.000000    1.013673 v _113_/D (sky130_fd_sc_hd__dfrtp_2)
                                              1.013673   data arrival time

                                  4.300000    4.300000   clock clk (rise edge)
                                  0.000000    4.300000   clock source latency
     8    0.015608    0.000000    0.000000    4.300000 ^ clk (in)
                                                         clk (net)
                      0.000000    0.000000    4.300000 ^ _113_/CLK (sky130_fd_sc_hd__dfrtp_2)
                                  0.000000    4.300000   clock reconvergence pessimism
                                 -0.074722    4.225277   library setup time
                                              4.225277   data required time
---------------------------------------------------------------------------------------------
                                              4.225277   data required time
                                             -1.013673   data arrival time
---------------------------------------------------------------------------------------------
                                              3.211605   slack (MET)


Startpoint: _109_ (rising edge-triggered flip-flop clocked by clk)
Endpoint: _112_ (rising edge-triggered flip-flop clocked by clk)
Path Group: clk
Path Type: max

Fanout         Cap        Slew       Delay        Time   Description
---------------------------------------------------------------------------------------------
                                  0.000000    0.000000   clock clk (rise edge)
                                  0.000000    0.000000   clock source latency
     8    0.015608    0.000000    0.000000    0.000000 ^ clk (in)
                                                         clk (net)
                      0.000000    0.000000    0.000000 ^ _109_/CLK (sky130_fd_sc_hd__dfrtp_2)
     4    0.015130    0.051912    0.258416    0.258416 v _109_/Q (sky130_fd_sc_hd__dfrtp_2)
                                                         count[1] (net)
                      0.051912    0.000000    0.258416 v _062_/A (sky130_fd_sc_hd__xor2_2)
     3    0.008755    0.042748    0.124563    0.382979 v _062_/X (sky130_fd_sc_hd__xor2_2)
                                                         _015_ (net)
                      0.042748    0.000000    0.382979 v _067_/A2 (sky130_fd_sc_hd__o21a_2)
     3    0.010075    0.038179    0.136928    0.519907 v _067_/X (sky130_fd_sc_hd__o21a_2)
                                                         _019_ (net)
                      0.038179    0.000000    0.519907 v _080_/A1 (sky130_fd_sc_hd__o31ai_2)
     4    0.011212    0.226770    0.231958    0.751864 ^ _080_/Y (sky130_fd_sc_hd__o31ai_2)
                                                         _030_ (net)
                      0.226770    0.000000    0.751864 ^ _085_/A (sky130_fd_sc_hd__nand2_2)
     1    0.002260    0.042543    0.015332    0.767197 v _085_/Y (sky130_fd_sc_hd__nand2_2)
                                                         _035_ (net)
                      0.042543    0.000000    0.767197 v _087_/A3 (sky130_fd_sc_hd__a31o_2)
     1    0.002059    0.026343    0.149973    0.917170 v _087_/X (sky130_fd_sc_hd__a31o_2)
                                                         _004_ (net)
                      0.026343    0.000000    0.917170 v _112_/D (sky130_fd_sc_hd__dfrtp_2)
                                              0.917170   data arrival time

                                  4.300000    4.300000   clock clk (rise edge)
                                  0.000000    4.300000   clock source latency
     8    0.015608    0.000000    0.000000    4.300000 ^ clk (in)
                                                         clk (net)
                      0.000000    0.000000    4.300000 ^ _112_/CLK (sky130_fd_sc_hd__dfrtp_2)
                                  0.000000    4.300000   clock reconvergence pessimism
                                 -0.074722    4.225278   library setup time
                                              4.225278   data required time
---------------------------------------------------------------------------------------------
                                              4.225278   data required time
                                             -0.917170   data arrival time
---------------------------------------------------------------------------------------------
                                              3.308109   slack (MET)


Startpoint: _109_ (rising edge-triggered flip-flop clocked by clk)
Endpoint: _111_ (rising edge-triggered flip-flop clocked by clk)
Path Group: clk
Path Type: max

Fanout         Cap        Slew       Delay        Time   Description
---------------------------------------------------------------------------------------------
                                  0.000000    0.000000   clock clk (rise edge)
                                  0.000000    0.000000   clock source latency
     8    0.015608    0.000000    0.000000    0.000000 ^ clk (in)
                                                         clk (net)
                      0.000000    0.000000    0.000000 ^ _109_/CLK (sky130_fd_sc_hd__dfrtp_2)
     4    0.015130    0.051912    0.258416    0.258416 v _109_/Q (sky130_fd_sc_hd__dfrtp_2)
                                                         count[1] (net)
                      0.051912    0.000000    0.258416 v _062_/A (sky130_fd_sc_hd__xor2_2)
     3    0.008755    0.042748    0.124563    0.382979 v _062_/X (sky130_fd_sc_hd__xor2_2)
                                                         _015_ (net)
                      0.042748    0.000000    0.382979 v _067_/A2 (sky130_fd_sc_hd__o21a_2)
     3    0.010075    0.038179    0.136928    0.519907 v _067_/X (sky130_fd_sc_hd__o21a_2)
                                                         _019_ (net)
                      0.038179    0.000000    0.519907 v _070_/A (sky130_fd_sc_hd__or2_2)
     2    0.006527    0.045413    0.182131    0.702038 v _070_/X (sky130_fd_sc_hd__or2_2)
                                                         _022_ (net)
                      0.045413    0.000000    0.702038 v _075_/B1 (sky130_fd_sc_hd__o21ai_2)
     2    0.009783    0.113314    0.058371    0.760408 ^ _075_/Y (sky130_fd_sc_hd__o21ai_2)
                                                         _026_ (net)
                      0.113314    0.000000    0.760408 ^ _077_/A2 (sky130_fd_sc_hd__a21oi_2)
     1    0.002154    0.040073    0.034202    0.794611 v _077_/Y (sky130_fd_sc_hd__a21oi_2)
                                                         _028_ (net)
                      0.040073    0.000000    0.794611 v _078_/C1 (sky130_fd_sc_hd__a221o_2)
     1    0.002059    0.029912    0.105112    0.899723 v _078_/X (sky130_fd_sc_hd__a221o_2)
                                                         _003_ (net)
                      0.029912    0.000000    0.899723 v _111_/D (sky130_fd_sc_hd__dfrtp_2)
                                              0.899723   data arrival time

                                  4.300000    4.300000   clock clk (rise edge)
                                  0.000000    4.300000   clock source latency
     8    0.015608    0.000000    0.000000    4.300000 ^ clk (in)
                                                         clk (net)
                      0.000000    0.000000    4.300000 ^ _111_/CLK (sky130_fd_sc_hd__dfrtp_2)
                                  0.000000    4.300000   clock reconvergence pessimism
                                 -0.075998    4.224002   library setup time
                                              4.224002   data required time
---------------------------------------------------------------------------------------------
                                              4.224002   data required time
                                             -0.899723   data arrival time
---------------------------------------------------------------------------------------------
                                              3.324279   slack (MET)


Startpoint: _109_ (rising edge-triggered flip-flop clocked by clk)
Endpoint: _110_ (rising edge-triggered flip-flop clocked by clk)
Path Group: clk
Path Type: max

Fanout         Cap        Slew       Delay        Time   Description
---------------------------------------------------------------------------------------------
                                  0.000000    0.000000   clock clk (rise edge)
                                  0.000000    0.000000   clock source latency
     8    0.015608    0.000000    0.000000    0.000000 ^ clk (in)
                                                         clk (net)
                      0.000000    0.000000    0.000000 ^ _109_/CLK (sky130_fd_sc_hd__dfrtp_2)
     4    0.015130    0.051912    0.258416    0.258416 v _109_/Q (sky130_fd_sc_hd__dfrtp_2)
                                                         count[1] (net)
                      0.051912    0.000000    0.258416 v _062_/A (sky130_fd_sc_hd__xor2_2)
     3    0.008755    0.042748    0.124563    0.382979 v _062_/X (sky130_fd_sc_hd__xor2_2)
                                                         _015_ (net)
                      0.042748    0.000000    0.382979 v _067_/A2 (sky130_fd_sc_hd__o21a_2)
     3    0.010075    0.038179    0.136928    0.519907 v _067_/X (sky130_fd_sc_hd__o21a_2)
                                                         _019_ (net)
                      0.038179    0.000000    0.519907 v _070_/A (sky130_fd_sc_hd__or2_2)
     2    0.006527    0.045413    0.182131    0.702038 v _070_/X (sky130_fd_sc_hd__or2_2)
                                                         _022_ (net)
                      0.045413    0.000000    0.702038 v _072_/A3 (sky130_fd_sc_hd__a31o_2)
     1    0.002059    0.026343    0.151102    0.853139 v _072_/X (sky130_fd_sc_hd__a31o_2)
                                                         _002_ (net)
                      0.026343    0.000000    0.853139 v _110_/D (sky130_fd_sc_hd__dfrtp_2)
                                              0.853139   data arrival time

                                  4.300000    4.300000   clock clk (rise edge)
                                  0.000000    4.300000   clock source latency
     8    0.015608    0.000000    0.000000    4.300000 ^ clk (in)
                                                         clk (net)
                      0.000000    0.000000    4.300000 ^ _110_/CLK (sky130_fd_sc_hd__dfrtp_2)
                                  0.000000    4.300000   clock reconvergence pessimism
                                 -0.074722    4.225278   library setup time
                                              4.225278   data required time
---------------------------------------------------------------------------------------------
                                              4.225278   data required time
                                             -0.853139   data arrival time
---------------------------------------------------------------------------------------------
                                              3.372139   slack (MET)


Startpoint: _109_ (rising edge-triggered flip-flop clocked by clk)
Endpoint: _109_ (rising edge-triggered flip-flop clocked by clk)
Path Group: clk
Path Type: max

Fanout         Cap        Slew       Delay        Time   Description
---------------------------------------------------------------------------------------------
                                  0.000000    0.000000   clock clk (rise edge)
                                  0.000000    0.000000   clock source latency
     8    0.015608    0.000000    0.000000    0.000000 ^ clk (in)
                                                         clk (net)
                      0.000000    0.000000    0.000000 ^ _109_/CLK (sky130_fd_sc_hd__dfrtp_2)
     4    0.015130    0.051912    0.258416    0.258416 v _109_/Q (sky130_fd_sc_hd__dfrtp_2)
                                                         count[1] (net)
                      0.051912    0.000000    0.258416 v _062_/A (sky130_fd_sc_hd__xor2_2)
     3    0.008755    0.042748    0.124563    0.382979 v _062_/X (sky130_fd_sc_hd__xor2_2)
                                                         _015_ (net)
                      0.042748    0.000000    0.382979 v _064_/A2 (sky130_fd_sc_hd__o21a_2)
     1    0.002207    0.023569    0.116478    0.499457 v _064_/X (sky130_fd_sc_hd__o21a_2)
                                                         _017_ (net)
                      0.023569    0.000000    0.499457 v _066_/A2 (sky130_fd_sc_hd__a21o_2)
     1    0.002059    0.023333    0.122755    0.622212 v _066_/X (sky130_fd_sc_hd__a21o_2)
                                                         _001_ (net)
                      0.023333    0.000000    0.622212 v _109_/D (sky130_fd_sc_hd__dfrtp_2)
                                              0.622212   data arrival time

                                  4.300000    4.300000   clock clk (rise edge)
                                  0.000000    4.300000   clock source latency
     8    0.015608    0.000000    0.000000    4.300000 ^ clk (in)
                                                         clk (net)
                      0.000000    0.000000    4.300000 ^ _109_/CLK (sky130_fd_sc_hd__dfrtp_2)
                                  0.000000    4.300000   clock reconvergence pessimism
                                 -0.073645    4.226355   library setup time
                                              4.226355   data required time
---------------------------------------------------------------------------------------------
                                              4.226355   data required time
                                             -0.622212   data arrival time
---------------------------------------------------------------------------------------------
                                              3.604143   slack (MET)


Startpoint: _108_ (rising edge-triggered flip-flop clocked by clk)
Endpoint: _108_ (rising edge-triggered flip-flop clocked by clk)
Path Group: clk
Path Type: max

Fanout         Cap        Slew       Delay        Time   Description
---------------------------------------------------------------------------------------------
                                  0.000000    0.000000   clock clk (rise edge)
                                  0.000000    0.000000   clock source latency
     8    0.015608    0.000000    0.000000    0.000000 ^ clk (in)
                                                         clk (net)
                      0.000000    0.000000    0.000000 ^ _108_/CLK (sky130_fd_sc_hd__dfrtp_2)
     3    0.008567    0.040054    0.242644    0.242644 v _108_/Q (sky130_fd_sc_hd__dfrtp_2)
                                                         count[0] (net)
                      0.040054    0.000000    0.242644 v _054_/A (sky130_fd_sc_hd__inv_2)
     4    0.011979    0.046974    0.053422    0.296066 ^ _054_/Y (sky130_fd_sc_hd__inv_2)
                                                         _008_ (net)
                      0.046974    0.000000    0.296066 ^ _059_/B2 (sky130_fd_sc_hd__a22o_2)
     1    0.004764    0.031867    0.078491    0.374557 ^ _059_/X (sky130_fd_sc_hd__a22o_2)
                                                         _013_ (net)
                      0.031867    0.000000    0.374557 ^ _060_/B1 (sky130_fd_sc_hd__a21oi_2)
     1    0.002059    0.028018    0.014862    0.389419 v _060_/Y (sky130_fd_sc_hd__a21oi_2)
                                                         _000_ (net)
                      0.028018    0.000000    0.389419 v _108_/D (sky130_fd_sc_hd__dfrtp_2)
                                              0.389419   data arrival time

                                  4.300000    4.300000   clock clk (rise edge)
                                  0.000000    4.300000   clock source latency
     8    0.015608    0.000000    0.000000    4.300000 ^ clk (in)
                                                         clk (net)
                      0.000000    0.000000    4.300000 ^ _108_/CLK (sky130_fd_sc_hd__dfrtp_2)
                                  0.000000    4.300000   clock reconvergence pessimism
                                 -0.075321    4.224679   library setup time
                                              4.224679   data required time
---------------------------------------------------------------------------------------------
                                              4.224679   data required time
                                             -0.389419   data arrival time
---------------------------------------------------------------------------------------------
                                              3.835261   slack (MET)



