Reading OpenROAD database at '/home/lanh/20213979/counterfullstep/runs/RUN_2024-12-04_12-42-15/23-openroad-globalplacementskipio/counter.odb'…
Reading library file at '/home/lanh/.volare/volare/sky130/versions/bdc9412b3e468c102d01b7cf6337be06ec6e9c9a/sky130A/libs.ref/sky130_fd_sc_hd/lib/sky130_fd_sc_hd__tt_025C_1v80.lib'…
Reading design constraints file at '/nix/store/7pjp85bb8s6pxm1bjmnsfwh9ga9bar5b-python3-3.11.9-env/lib/python3.11/site-packages/openlane/scripts/base.sdc'…
[INFO] Using clock clk…
[INFO] Setting output delay to: 0.74
[INFO] Setting input delay to: 0.74
[INFO] Setting load to: 0.033442
[INFO] Setting clock uncertainty to: 0.25
[INFO] Setting clock transition to: 0.1499999999999999944488848768742172978818416595458984375
[INFO] Setting timing derate to: 5%
[INFO] place_pins args: -min_distance 3
Found 0 macro blocks.
[INFO PPL-0010] Tentative 0 to set up sections.
[INFO PPL-0001] Number of slots           66
[INFO PPL-0002] Number of I/O             21
[INFO PPL-0003] Number of I/O w/sink      21
[INFO PPL-0004] Number of I/O w/o sink    0
[INFO PPL-0005] Slots per section         200
[INFO PPL-0006] Slots increase factor     0.01
[INFO PPL-0008] Successfully assigned pins to sections.
[INFO PPL-0012] I/O nets HPWL: 596.92 um.
Setting global connections for newly added cells…
[INFO] Setting global connections...
Writing OpenROAD database to '/home/lanh/20213979/counterfullstep/runs/RUN_2024-12-04_12-42-15/24-openroad-ioplacement/counter.odb'…
Writing netlist to '/home/lanh/20213979/counterfullstep/runs/RUN_2024-12-04_12-42-15/24-openroad-ioplacement/counter.nl.v'…
Writing powered netlist to '/home/lanh/20213979/counterfullstep/runs/RUN_2024-12-04_12-42-15/24-openroad-ioplacement/counter.pnl.v'…
Writing layout to '/home/lanh/20213979/counterfullstep/runs/RUN_2024-12-04_12-42-15/24-openroad-ioplacement/counter.def'…
Writing timing constraints to '/home/lanh/20213979/counterfullstep/runs/RUN_2024-12-04_12-42-15/24-openroad-ioplacement/counter.sdc'…
