
===========================================================================
report_checks -path_delay min (Hold)
============================================================================
======================= max_tt_025C_1v80 Corner ===================================

Startpoint: _111_ (rising edge-triggered flip-flop clocked by clk)
Endpoint: _111_ (rising edge-triggered flip-flop clocked by clk)
Path Group: clk
Path Type: min

Fanout         Cap        Slew       Delay        Time   Description
---------------------------------------------------------------------------------------------
                                  0.000000    0.000000   clock clk (rise edge)
                                  0.000000    0.000000   clock source latency
     1    0.012657    0.063078    0.042816    0.042816 ^ clk (in)
                                                         clk (net)
                      0.063085    0.000000    0.042816 ^ clkbuf_0_clk/A (sky130_fd_sc_hd__clkbuf_16)
     2    0.020135    0.041954    0.131755    0.174570 ^ clkbuf_0_clk/X (sky130_fd_sc_hd__clkbuf_16)
                                                         clknet_0_clk (net)
                      0.041994    0.001220    0.175791 ^ clkbuf_1_1__f_clk/A (sky130_fd_sc_hd__clkbuf_16)
     4    0.012297    0.035307    0.116875    0.292666 ^ clkbuf_1_1__f_clk/X (sky130_fd_sc_hd__clkbuf_16)
                                                         clknet_1_1__leaf_clk (net)
                      0.035307    0.000623    0.293289 ^ _111_/CLK (sky130_fd_sc_hd__dfrtp_1)
     4    0.014284    0.135412    0.385247    0.678537 ^ _111_/Q (sky130_fd_sc_hd__dfrtp_1)
                                                         net16 (net)
                      0.135412    0.000443    0.678980 ^ _078_/B2 (sky130_fd_sc_hd__a221o_1)
     1    0.003133    0.044490    0.156036    0.835015 ^ _078_/X (sky130_fd_sc_hd__a221o_1)
                                                         _003_ (net)
                      0.044490    0.000138    0.835153 ^ _111_/D (sky130_fd_sc_hd__dfrtp_1)
                                              0.835153   data arrival time

                                  0.000000    0.000000   clock clk (rise edge)
                                  0.000000    0.000000   clock source latency
     1    0.012657    0.063078    0.042816    0.042816 ^ clk (in)
                                                         clk (net)
                      0.063085    0.000000    0.042816 ^ clkbuf_0_clk/A (sky130_fd_sc_hd__clkbuf_16)
     2    0.020135    0.041954    0.131755    0.174570 ^ clkbuf_0_clk/X (sky130_fd_sc_hd__clkbuf_16)
                                                         clknet_0_clk (net)
                      0.041994    0.001220    0.175791 ^ clkbuf_1_1__f_clk/A (sky130_fd_sc_hd__clkbuf_16)
     4    0.012297    0.035307    0.116875    0.292666 ^ clkbuf_1_1__f_clk/X (sky130_fd_sc_hd__clkbuf_16)
                                                         clknet_1_1__leaf_clk (net)
                      0.035307    0.000623    0.293289 ^ _111_/CLK (sky130_fd_sc_hd__dfrtp_1)
                                  0.250000    0.543289   clock uncertainty
                                  0.000000    0.543289   clock reconvergence pessimism
                                 -0.035982    0.507308   library hold time
                                              0.507308   data required time
---------------------------------------------------------------------------------------------
                                              0.507308   data required time
                                             -0.835153   data arrival time
---------------------------------------------------------------------------------------------
                                              0.327845   slack (MET)


Startpoint: _115_ (rising edge-triggered flip-flop clocked by clk)
Endpoint: _115_ (rising edge-triggered flip-flop clocked by clk)
Path Group: clk
Path Type: min

Fanout         Cap        Slew       Delay        Time   Description
---------------------------------------------------------------------------------------------
                                  0.000000    0.000000   clock clk (rise edge)
                                  0.000000    0.000000   clock source latency
     1    0.012657    0.063078    0.042816    0.042816 ^ clk (in)
                                                         clk (net)
                      0.063085    0.000000    0.042816 ^ clkbuf_0_clk/A (sky130_fd_sc_hd__clkbuf_16)
     2    0.020135    0.041954    0.131755    0.174570 ^ clkbuf_0_clk/X (sky130_fd_sc_hd__clkbuf_16)
                                                         clknet_0_clk (net)
                      0.041994    0.001220    0.175791 ^ clkbuf_1_1__f_clk/A (sky130_fd_sc_hd__clkbuf_16)
     4    0.012297    0.035307    0.116875    0.292666 ^ clkbuf_1_1__f_clk/X (sky130_fd_sc_hd__clkbuf_16)
                                                         clknet_1_1__leaf_clk (net)
                      0.035307    0.000357    0.293023 ^ _115_/CLK (sky130_fd_sc_hd__dfrtp_1)
     3    0.011022    0.108664    0.365408    0.658431 ^ _115_/Q (sky130_fd_sc_hd__dfrtp_1)
                                                         net20 (net)
                      0.108665    0.000550    0.658981 ^ _106_/B2 (sky130_fd_sc_hd__a22o_1)
     1    0.003531    0.049367    0.138957    0.797938 ^ _106_/X (sky130_fd_sc_hd__a22o_1)
                                                         _053_ (net)
                      0.049368    0.000242    0.798180 ^ _107_/B1 (sky130_fd_sc_hd__a21o_1)
     1    0.002984    0.036200    0.078112    0.876292 ^ _107_/X (sky130_fd_sc_hd__a21o_1)
                                                         _007_ (net)
                      0.036201    0.000221    0.876513 ^ _115_/D (sky130_fd_sc_hd__dfrtp_1)
                                              0.876513   data arrival time

                                  0.000000    0.000000   clock clk (rise edge)
                                  0.000000    0.000000   clock source latency
     1    0.012657    0.063078    0.042816    0.042816 ^ clk (in)
                                                         clk (net)
                      0.063085    0.000000    0.042816 ^ clkbuf_0_clk/A (sky130_fd_sc_hd__clkbuf_16)
     2    0.020135    0.041954    0.131755    0.174570 ^ clkbuf_0_clk/X (sky130_fd_sc_hd__clkbuf_16)
                                                         clknet_0_clk (net)
                      0.041994    0.001220    0.175791 ^ clkbuf_1_1__f_clk/A (sky130_fd_sc_hd__clkbuf_16)
     4    0.012297    0.035307    0.116875    0.292666 ^ clkbuf_1_1__f_clk/X (sky130_fd_sc_hd__clkbuf_16)
                                                         clknet_1_1__leaf_clk (net)
                      0.035307    0.000357    0.293023 ^ _115_/CLK (sky130_fd_sc_hd__dfrtp_1)
                                  0.250000    0.543023   clock uncertainty
                                  0.000000    0.543023   clock reconvergence pessimism
                                 -0.034242    0.508781   library hold time
                                              0.508781   data required time
---------------------------------------------------------------------------------------------
                                              0.508781   data required time
                                             -0.876513   data arrival time
---------------------------------------------------------------------------------------------
                                              0.367732   slack (MET)


Startpoint: _114_ (rising edge-triggered flip-flop clocked by clk)
Endpoint: _114_ (rising edge-triggered flip-flop clocked by clk)
Path Group: clk
Path Type: min

Fanout         Cap        Slew       Delay        Time   Description
---------------------------------------------------------------------------------------------
                                  0.000000    0.000000   clock clk (rise edge)
                                  0.000000    0.000000   clock source latency
     1    0.012657    0.063078    0.042816    0.042816 ^ clk (in)
                                                         clk (net)
                      0.063085    0.000000    0.042816 ^ clkbuf_0_clk/A (sky130_fd_sc_hd__clkbuf_16)
     2    0.020135    0.041954    0.131755    0.174570 ^ clkbuf_0_clk/X (sky130_fd_sc_hd__clkbuf_16)
                                                         clknet_0_clk (net)
                      0.041994    0.001220    0.175791 ^ clkbuf_1_1__f_clk/A (sky130_fd_sc_hd__clkbuf_16)
     4    0.012297    0.035307    0.116875    0.292666 ^ clkbuf_1_1__f_clk/X (sky130_fd_sc_hd__clkbuf_16)
                                                         clknet_1_1__leaf_clk (net)
                      0.035307    0.000526    0.293192 ^ _114_/CLK (sky130_fd_sc_hd__dfrtp_1)
     4    0.011949    0.116260    0.371023    0.664215 ^ _114_/Q (sky130_fd_sc_hd__dfrtp_1)
                                                         net19 (net)
                      0.116262    0.000670    0.664885 ^ _101_/B2 (sky130_fd_sc_hd__a22o_1)
     1    0.003117    0.045886    0.137911    0.802796 ^ _101_/X (sky130_fd_sc_hd__a22o_1)
                                                         _049_ (net)
                      0.045891    0.000151    0.802948 ^ _102_/B1 (sky130_fd_sc_hd__a31o_1)
     1    0.003123    0.042766    0.089420    0.892367 ^ _102_/X (sky130_fd_sc_hd__a31o_1)
                                                         _006_ (net)
                      0.042767    0.000213    0.892581 ^ _114_/D (sky130_fd_sc_hd__dfrtp_1)
                                              0.892581   data arrival time

                                  0.000000    0.000000   clock clk (rise edge)
                                  0.000000    0.000000   clock source latency
     1    0.012657    0.063078    0.042816    0.042816 ^ clk (in)
                                                         clk (net)
                      0.063085    0.000000    0.042816 ^ clkbuf_0_clk/A (sky130_fd_sc_hd__clkbuf_16)
     2    0.020135    0.041954    0.131755    0.174570 ^ clkbuf_0_clk/X (sky130_fd_sc_hd__clkbuf_16)
                                                         clknet_0_clk (net)
                      0.041994    0.001220    0.175791 ^ clkbuf_1_1__f_clk/A (sky130_fd_sc_hd__clkbuf_16)
     4    0.012297    0.035307    0.116875    0.292666 ^ clkbuf_1_1__f_clk/X (sky130_fd_sc_hd__clkbuf_16)
                                                         clknet_1_1__leaf_clk (net)
                      0.035307    0.000526    0.293192 ^ _114_/CLK (sky130_fd_sc_hd__dfrtp_1)
                                  0.250000    0.543192   clock uncertainty
                                  0.000000    0.543192   clock reconvergence pessimism
                                 -0.035620    0.507572   library hold time
                                              0.507572   data required time
---------------------------------------------------------------------------------------------
                                              0.507572   data required time
                                             -0.892581   data arrival time
---------------------------------------------------------------------------------------------
                                              0.385009   slack (MET)


Startpoint: _108_ (rising edge-triggered flip-flop clocked by clk)
Endpoint: _109_ (rising edge-triggered flip-flop clocked by clk)
Path Group: clk
Path Type: min

Fanout         Cap        Slew       Delay        Time   Description
---------------------------------------------------------------------------------------------
                                  0.000000    0.000000   clock clk (rise edge)
                                  0.000000    0.000000   clock source latency
     1    0.012657    0.063078    0.042816    0.042816 ^ clk (in)
                                                         clk (net)
                      0.063085    0.000000    0.042816 ^ clkbuf_0_clk/A (sky130_fd_sc_hd__clkbuf_16)
     2    0.020135    0.041954    0.131755    0.174570 ^ clkbuf_0_clk/X (sky130_fd_sc_hd__clkbuf_16)
                                                         clknet_0_clk (net)
                      0.041994    0.001224    0.175795 ^ clkbuf_1_0__f_clk/A (sky130_fd_sc_hd__clkbuf_16)
     5    0.016430    0.038814    0.120680    0.296475 ^ clkbuf_1_0__f_clk/X (sky130_fd_sc_hd__clkbuf_16)
                                                         clknet_1_0__leaf_clk (net)
                      0.038826    0.000930    0.297405 ^ _108_/CLK (sky130_fd_sc_hd__dfrtp_1)
     3    0.011691    0.114129    0.370878    0.668283 ^ _108_/Q (sky130_fd_sc_hd__dfrtp_1)
                                                         net13 (net)
                      0.114129    0.000508    0.668791 ^ _054_/A (sky130_fd_sc_hd__inv_2)
     4    0.015007    0.049525    0.069984    0.738775 v _054_/Y (sky130_fd_sc_hd__inv_2)
                                                         _008_ (net)
                      0.049569    0.000821    0.739596 v _063_/A (sky130_fd_sc_hd__nand2_1)
     1    0.004684    0.052921    0.067366    0.806962 ^ _063_/Y (sky130_fd_sc_hd__nand2_1)
                                                         _016_ (net)
                      0.052921    0.000199    0.807162 ^ _066_/A1 (sky130_fd_sc_hd__a21o_1)
     1    0.002462    0.032259    0.098413    0.905575 ^ _066_/X (sky130_fd_sc_hd__a21o_1)
                                                         _001_ (net)
                      0.032260    0.000170    0.905745 ^ _109_/D (sky130_fd_sc_hd__dfrtp_1)
                                              0.905745   data arrival time

                                  0.000000    0.000000   clock clk (rise edge)
                                  0.000000    0.000000   clock source latency
     1    0.012657    0.063078    0.042816    0.042816 ^ clk (in)
                                                         clk (net)
                      0.063085    0.000000    0.042816 ^ clkbuf_0_clk/A (sky130_fd_sc_hd__clkbuf_16)
     2    0.020135    0.041954    0.131755    0.174570 ^ clkbuf_0_clk/X (sky130_fd_sc_hd__clkbuf_16)
                                                         clknet_0_clk (net)
                      0.041994    0.001224    0.175795 ^ clkbuf_1_0__f_clk/A (sky130_fd_sc_hd__clkbuf_16)
     5    0.016430    0.038814    0.120680    0.296475 ^ clkbuf_1_0__f_clk/X (sky130_fd_sc_hd__clkbuf_16)
                                                         clknet_1_0__leaf_clk (net)
                      0.038825    0.000911    0.297386 ^ _109_/CLK (sky130_fd_sc_hd__dfrtp_1)
                                  0.250000    0.547386   clock uncertainty
                                  0.000000    0.547386   clock reconvergence pessimism
                                 -0.032936    0.514450   library hold time
                                              0.514450   data required time
---------------------------------------------------------------------------------------------
                                              0.514450   data required time
                                             -0.905745   data arrival time
---------------------------------------------------------------------------------------------
                                              0.391295   slack (MET)


Startpoint: _113_ (rising edge-triggered flip-flop clocked by clk)
Endpoint: _113_ (rising edge-triggered flip-flop clocked by clk)
Path Group: clk
Path Type: min

Fanout         Cap        Slew       Delay        Time   Description
---------------------------------------------------------------------------------------------
                                  0.000000    0.000000   clock clk (rise edge)
                                  0.000000    0.000000   clock source latency
     1    0.012657    0.063078    0.042816    0.042816 ^ clk (in)
                                                         clk (net)
                      0.063085    0.000000    0.042816 ^ clkbuf_0_clk/A (sky130_fd_sc_hd__clkbuf_16)
     2    0.020135    0.041954    0.131755    0.174570 ^ clkbuf_0_clk/X (sky130_fd_sc_hd__clkbuf_16)
                                                         clknet_0_clk (net)
                      0.041994    0.001220    0.175791 ^ clkbuf_1_1__f_clk/A (sky130_fd_sc_hd__clkbuf_16)
     4    0.012297    0.035307    0.116875    0.292666 ^ clkbuf_1_1__f_clk/X (sky130_fd_sc_hd__clkbuf_16)
                                                         clknet_1_1__leaf_clk (net)
                      0.035307    0.000415    0.293081 ^ _113_/CLK (sky130_fd_sc_hd__dfrtp_1)
     4    0.015249    0.143428    0.390823    0.683904 ^ _113_/Q (sky130_fd_sc_hd__dfrtp_1)
                                                         net18 (net)
                      0.143431    0.000866    0.684770 ^ _092_/B2 (sky130_fd_sc_hd__a22o_1)
     1    0.002727    0.042642    0.141104    0.825874 ^ _092_/X (sky130_fd_sc_hd__a22o_1)
                                                         _041_ (net)
                      0.042642    0.000127    0.826001 ^ _093_/B1 (sky130_fd_sc_hd__a31o_1)
     1    0.002241    0.035685    0.081624    0.907625 ^ _093_/X (sky130_fd_sc_hd__a31o_1)
                                                         _005_ (net)
                      0.035689    0.000161    0.907786 ^ _113_/D (sky130_fd_sc_hd__dfrtp_1)
                                              0.907786   data arrival time

                                  0.000000    0.000000   clock clk (rise edge)
                                  0.000000    0.000000   clock source latency
     1    0.012657    0.063078    0.042816    0.042816 ^ clk (in)
                                                         clk (net)
                      0.063085    0.000000    0.042816 ^ clkbuf_0_clk/A (sky130_fd_sc_hd__clkbuf_16)
     2    0.020135    0.041954    0.131755    0.174570 ^ clkbuf_0_clk/X (sky130_fd_sc_hd__clkbuf_16)
                                                         clknet_0_clk (net)
                      0.041994    0.001220    0.175791 ^ clkbuf_1_1__f_clk/A (sky130_fd_sc_hd__clkbuf_16)
     4    0.012297    0.035307    0.116875    0.292666 ^ clkbuf_1_1__f_clk/X (sky130_fd_sc_hd__clkbuf_16)
                                                         clknet_1_1__leaf_clk (net)
                      0.035307    0.000415    0.293081 ^ _113_/CLK (sky130_fd_sc_hd__dfrtp_1)
                                  0.250000    0.543081   clock uncertainty
                                  0.000000    0.543081   clock reconvergence pessimism
                                 -0.034135    0.508946   library hold time
                                              0.508946   data required time
---------------------------------------------------------------------------------------------
                                              0.508946   data required time
                                             -0.907786   data arrival time
---------------------------------------------------------------------------------------------
                                              0.398840   slack (MET)


Startpoint: _110_ (rising edge-triggered flip-flop clocked by clk)
Endpoint: _110_ (rising edge-triggered flip-flop clocked by clk)
Path Group: clk
Path Type: min

Fanout         Cap        Slew       Delay        Time   Description
---------------------------------------------------------------------------------------------
                                  0.000000    0.000000   clock clk (rise edge)
                                  0.000000    0.000000   clock source latency
     1    0.012657    0.063078    0.042816    0.042816 ^ clk (in)
                                                         clk (net)
                      0.063085    0.000000    0.042816 ^ clkbuf_0_clk/A (sky130_fd_sc_hd__clkbuf_16)
     2    0.020135    0.041954    0.131755    0.174570 ^ clkbuf_0_clk/X (sky130_fd_sc_hd__clkbuf_16)
                                                         clknet_0_clk (net)
                      0.041994    0.001224    0.175795 ^ clkbuf_1_0__f_clk/A (sky130_fd_sc_hd__clkbuf_16)
     5    0.016430    0.038814    0.120680    0.296475 ^ clkbuf_1_0__f_clk/X (sky130_fd_sc_hd__clkbuf_16)
                                                         clknet_1_0__leaf_clk (net)
                      0.038826    0.000963    0.297438 ^ _110_/CLK (sky130_fd_sc_hd__dfrtp_2)
     5    0.020243    0.111939    0.398245    0.695683 ^ _110_/Q (sky130_fd_sc_hd__dfrtp_2)
                                                         net15 (net)
                      0.111944    0.000928    0.696611 ^ _071_/B2 (sky130_fd_sc_hd__a22o_1)
     1    0.003830    0.051902    0.141990    0.838601 ^ _071_/X (sky130_fd_sc_hd__a22o_1)
                                                         _023_ (net)
                      0.051903    0.000282    0.838883 ^ _072_/B1 (sky130_fd_sc_hd__a31o_1)
     1    0.002314    0.036307    0.085467    0.924350 ^ _072_/X (sky130_fd_sc_hd__a31o_1)
                                                         _002_ (net)
                      0.036308    0.000166    0.924516 ^ _110_/D (sky130_fd_sc_hd__dfrtp_2)
                                              0.924516   data arrival time

                                  0.000000    0.000000   clock clk (rise edge)
                                  0.000000    0.000000   clock source latency
     1    0.012657    0.063078    0.042816    0.042816 ^ clk (in)
                                                         clk (net)
                      0.063085    0.000000    0.042816 ^ clkbuf_0_clk/A (sky130_fd_sc_hd__clkbuf_16)
     2    0.020135    0.041954    0.131755    0.174570 ^ clkbuf_0_clk/X (sky130_fd_sc_hd__clkbuf_16)
                                                         clknet_0_clk (net)
                      0.041994    0.001224    0.175795 ^ clkbuf_1_0__f_clk/A (sky130_fd_sc_hd__clkbuf_16)
     5    0.016430    0.038814    0.120680    0.296475 ^ clkbuf_1_0__f_clk/X (sky130_fd_sc_hd__clkbuf_16)
                                                         clknet_1_0__leaf_clk (net)
                      0.038826    0.000963    0.297438 ^ _110_/CLK (sky130_fd_sc_hd__dfrtp_2)
                                  0.250000    0.547438   clock uncertainty
                                  0.000000    0.547438   clock reconvergence pessimism
                                 -0.033719    0.513719   library hold time
                                              0.513719   data required time
---------------------------------------------------------------------------------------------
                                              0.513719   data required time
                                             -0.924516   data arrival time
---------------------------------------------------------------------------------------------
                                              0.410797   slack (MET)


Startpoint: _112_ (rising edge-triggered flip-flop clocked by clk)
Endpoint: _112_ (rising edge-triggered flip-flop clocked by clk)
Path Group: clk
Path Type: min

Fanout         Cap        Slew       Delay        Time   Description
---------------------------------------------------------------------------------------------
                                  0.000000    0.000000   clock clk (rise edge)
                                  0.000000    0.000000   clock source latency
     1    0.012657    0.063078    0.042816    0.042816 ^ clk (in)
                                                         clk (net)
                      0.063085    0.000000    0.042816 ^ clkbuf_0_clk/A (sky130_fd_sc_hd__clkbuf_16)
     2    0.020135    0.041954    0.131755    0.174570 ^ clkbuf_0_clk/X (sky130_fd_sc_hd__clkbuf_16)
                                                         clknet_0_clk (net)
                      0.041994    0.001224    0.175795 ^ clkbuf_1_0__f_clk/A (sky130_fd_sc_hd__clkbuf_16)
     5    0.016430    0.038814    0.120680    0.296475 ^ clkbuf_1_0__f_clk/X (sky130_fd_sc_hd__clkbuf_16)
                                                         clknet_1_0__leaf_clk (net)
                      0.038825    0.000859    0.297333 ^ _112_/CLK (sky130_fd_sc_hd__dfrtp_1)
     5    0.016622    0.154837    0.400095    0.697429 ^ _112_/Q (sky130_fd_sc_hd__dfrtp_1)
                                                         net17 (net)
                      0.154840    0.000966    0.698394 ^ _086_/B2 (sky130_fd_sc_hd__a22o_1)
     1    0.002745    0.042785    0.143752    0.842146 ^ _086_/X (sky130_fd_sc_hd__a22o_1)
                                                         _036_ (net)
                      0.042785    0.000127    0.842273 ^ _087_/B1 (sky130_fd_sc_hd__a31o_1)
     1    0.002644    0.038894    0.084716    0.926989 ^ _087_/X (sky130_fd_sc_hd__a31o_1)
                                                         _004_ (net)
                      0.038894    0.000179    0.927169 ^ _112_/D (sky130_fd_sc_hd__dfrtp_1)
                                              0.927169   data arrival time

                                  0.000000    0.000000   clock clk (rise edge)
                                  0.000000    0.000000   clock source latency
     1    0.012657    0.063078    0.042816    0.042816 ^ clk (in)
                                                         clk (net)
                      0.063085    0.000000    0.042816 ^ clkbuf_0_clk/A (sky130_fd_sc_hd__clkbuf_16)
     2    0.020135    0.041954    0.131755    0.174570 ^ clkbuf_0_clk/X (sky130_fd_sc_hd__clkbuf_16)
                                                         clknet_0_clk (net)
                      0.041994    0.001224    0.175795 ^ clkbuf_1_0__f_clk/A (sky130_fd_sc_hd__clkbuf_16)
     5    0.016430    0.038814    0.120680    0.296475 ^ clkbuf_1_0__f_clk/X (sky130_fd_sc_hd__clkbuf_16)
                                                         clknet_1_0__leaf_clk (net)
                      0.038825    0.000859    0.297333 ^ _112_/CLK (sky130_fd_sc_hd__dfrtp_1)
                                  0.250000    0.547333   clock uncertainty
                                  0.000000    0.547333   clock reconvergence pessimism
                                 -0.034327    0.513006   library hold time
                                              0.513006   data required time
---------------------------------------------------------------------------------------------
                                              0.513006   data required time
                                             -0.927169   data arrival time
---------------------------------------------------------------------------------------------
                                              0.414163   slack (MET)


Startpoint: _108_ (rising edge-triggered flip-flop clocked by clk)
Endpoint: _108_ (rising edge-triggered flip-flop clocked by clk)
Path Group: clk
Path Type: min

Fanout         Cap        Slew       Delay        Time   Description
---------------------------------------------------------------------------------------------
                                  0.000000    0.000000   clock clk (rise edge)
                                  0.000000    0.000000   clock source latency
     1    0.012657    0.063078    0.042816    0.042816 ^ clk (in)
                                                         clk (net)
                      0.063085    0.000000    0.042816 ^ clkbuf_0_clk/A (sky130_fd_sc_hd__clkbuf_16)
     2    0.020135    0.041954    0.131755    0.174570 ^ clkbuf_0_clk/X (sky130_fd_sc_hd__clkbuf_16)
                                                         clknet_0_clk (net)
                      0.041994    0.001224    0.175795 ^ clkbuf_1_0__f_clk/A (sky130_fd_sc_hd__clkbuf_16)
     5    0.016430    0.038814    0.120680    0.296475 ^ clkbuf_1_0__f_clk/X (sky130_fd_sc_hd__clkbuf_16)
                                                         clknet_1_0__leaf_clk (net)
                      0.038826    0.000930    0.297405 ^ _108_/CLK (sky130_fd_sc_hd__dfrtp_1)
     3    0.011000    0.074998    0.393323    0.690728 v _108_/Q (sky130_fd_sc_hd__dfrtp_1)
                                                         net13 (net)
                      0.074999    0.000478    0.691206 v _054_/A (sky130_fd_sc_hd__inv_2)
     4    0.015966    0.079230    0.095084    0.786290 ^ _054_/Y (sky130_fd_sc_hd__inv_2)
                                                         _008_ (net)
                      0.079243    0.000825    0.787115 ^ _059_/B2 (sky130_fd_sc_hd__a22o_1)
     1    0.003912    0.052621    0.133101    0.920216 ^ _059_/X (sky130_fd_sc_hd__a22o_1)
                                                         _013_ (net)
                      0.052622    0.000268    0.920483 ^ _060_/B1 (sky130_fd_sc_hd__a21oi_1)
     1    0.002215    0.025680    0.036726    0.957209 v _060_/Y (sky130_fd_sc_hd__a21oi_1)
                                                         _000_ (net)
                      0.025680    0.000160    0.957368 v _108_/D (sky130_fd_sc_hd__dfrtp_1)
                                              0.957368   data arrival time

                                  0.000000    0.000000   clock clk (rise edge)
                                  0.000000    0.000000   clock source latency
     1    0.012657    0.063078    0.042816    0.042816 ^ clk (in)
                                                         clk (net)
                      0.063085    0.000000    0.042816 ^ clkbuf_0_clk/A (sky130_fd_sc_hd__clkbuf_16)
     2    0.020135    0.041954    0.131755    0.174570 ^ clkbuf_0_clk/X (sky130_fd_sc_hd__clkbuf_16)
                                                         clknet_0_clk (net)
                      0.041994    0.001224    0.175795 ^ clkbuf_1_0__f_clk/A (sky130_fd_sc_hd__clkbuf_16)
     5    0.016430    0.038814    0.120680    0.296475 ^ clkbuf_1_0__f_clk/X (sky130_fd_sc_hd__clkbuf_16)
                                                         clknet_1_0__leaf_clk (net)
                      0.038826    0.000930    0.297405 ^ _108_/CLK (sky130_fd_sc_hd__dfrtp_1)
                                  0.250000    0.547405   clock uncertainty
                                  0.000000    0.547405   clock reconvergence pessimism
                                 -0.039318    0.508087   library hold time
                                              0.508087   data required time
---------------------------------------------------------------------------------------------
                                              0.508087   data required time
                                             -0.957368   data arrival time
---------------------------------------------------------------------------------------------
                                              0.449281   slack (MET)


Startpoint: resetn (input port clocked by clk)
Endpoint: _109_ (removal check against rising-edge clock clk)
Path Group: asynchronous
Path Type: min

Fanout         Cap        Slew       Delay        Time   Description
---------------------------------------------------------------------------------------------
                                  0.000000    0.000000   clock clk (rise edge)
                                  0.000000    0.000000   clock network delay (propagated)
                                  0.740000    0.740000 ^ input external delay
     1    0.002488    0.018398    0.009261    0.749261 ^ resetn (in)
                                                         resetn (net)
                      0.018399    0.000000    0.749261 ^ hold8/A (sky130_fd_sc_hd__dlygate4sd3_1)
     1    0.002070    0.047045    0.519159    1.268420 ^ hold8/X (sky130_fd_sc_hd__dlygate4sd3_1)
                                                         net29 (net)
                      0.047045    0.000147    1.268567 ^ input11/A (sky130_fd_sc_hd__buf_2)
     8    0.044575    0.218468    0.231687    1.500254 ^ input11/X (sky130_fd_sc_hd__buf_2)
                                                         net11 (net)
                      0.218485    0.001619    1.501874 ^ _109_/RESET_B (sky130_fd_sc_hd__dfrtp_1)
                                              1.501874   data arrival time

                                  0.000000    0.000000   clock clk (rise edge)
                                  0.000000    0.000000   clock source latency
     1    0.012657    0.063078    0.042816    0.042816 ^ clk (in)
                                                         clk (net)
                      0.063085    0.000000    0.042816 ^ clkbuf_0_clk/A (sky130_fd_sc_hd__clkbuf_16)
     2    0.020135    0.041954    0.131755    0.174570 ^ clkbuf_0_clk/X (sky130_fd_sc_hd__clkbuf_16)
                                                         clknet_0_clk (net)
                      0.041994    0.001224    0.175795 ^ clkbuf_1_0__f_clk/A (sky130_fd_sc_hd__clkbuf_16)
     5    0.016430    0.038814    0.120680    0.296475 ^ clkbuf_1_0__f_clk/X (sky130_fd_sc_hd__clkbuf_16)
                                                         clknet_1_0__leaf_clk (net)
                      0.038825    0.000911    0.297386 ^ _109_/CLK (sky130_fd_sc_hd__dfrtp_1)
                                  0.250000    0.547386   clock uncertainty
                                  0.000000    0.547386   clock reconvergence pessimism
                                  0.366300    0.913686   library removal time
                                              0.913686   data required time
---------------------------------------------------------------------------------------------
                                              0.913686   data required time
                                             -1.501874   data arrival time
---------------------------------------------------------------------------------------------
                                              0.588188   slack (MET)


Startpoint: resetn (input port clocked by clk)
Endpoint: _108_ (removal check against rising-edge clock clk)
Path Group: asynchronous
Path Type: min

Fanout         Cap        Slew       Delay        Time   Description
---------------------------------------------------------------------------------------------
                                  0.000000    0.000000   clock clk (rise edge)
                                  0.000000    0.000000   clock network delay (propagated)
                                  0.740000    0.740000 ^ input external delay
     1    0.002488    0.018398    0.009261    0.749261 ^ resetn (in)
                                                         resetn (net)
                      0.018399    0.000000    0.749261 ^ hold8/A (sky130_fd_sc_hd__dlygate4sd3_1)
     1    0.002070    0.047045    0.519159    1.268420 ^ hold8/X (sky130_fd_sc_hd__dlygate4sd3_1)
                                                         net29 (net)
                      0.047045    0.000147    1.268567 ^ input11/A (sky130_fd_sc_hd__buf_2)
     8    0.044575    0.218468    0.231687    1.500254 ^ input11/X (sky130_fd_sc_hd__buf_2)
                                                         net11 (net)
                      0.218487    0.001703    1.501957 ^ _108_/RESET_B (sky130_fd_sc_hd__dfrtp_1)
                                              1.501957   data arrival time

                                  0.000000    0.000000   clock clk (rise edge)
                                  0.000000    0.000000   clock source latency
     1    0.012657    0.063078    0.042816    0.042816 ^ clk (in)
                                                         clk (net)
                      0.063085    0.000000    0.042816 ^ clkbuf_0_clk/A (sky130_fd_sc_hd__clkbuf_16)
     2    0.020135    0.041954    0.131755    0.174570 ^ clkbuf_0_clk/X (sky130_fd_sc_hd__clkbuf_16)
                                                         clknet_0_clk (net)
                      0.041994    0.001224    0.175795 ^ clkbuf_1_0__f_clk/A (sky130_fd_sc_hd__clkbuf_16)
     5    0.016430    0.038814    0.120680    0.296475 ^ clkbuf_1_0__f_clk/X (sky130_fd_sc_hd__clkbuf_16)
                                                         clknet_1_0__leaf_clk (net)
                      0.038826    0.000930    0.297405 ^ _108_/CLK (sky130_fd_sc_hd__dfrtp_1)
                                  0.250000    0.547405   clock uncertainty
                                  0.000000    0.547405   clock reconvergence pessimism
                                  0.366301    0.913706   library removal time
                                              0.913706   data required time
---------------------------------------------------------------------------------------------
                                              0.913706   data required time
                                             -1.501957   data arrival time
---------------------------------------------------------------------------------------------
                                              0.588252   slack (MET)


Startpoint: resetn (input port clocked by clk)
Endpoint: _112_ (removal check against rising-edge clock clk)
Path Group: asynchronous
Path Type: min

Fanout         Cap        Slew       Delay        Time   Description
---------------------------------------------------------------------------------------------
                                  0.000000    0.000000   clock clk (rise edge)
                                  0.000000    0.000000   clock network delay (propagated)
                                  0.740000    0.740000 ^ input external delay
     1    0.002488    0.018398    0.009261    0.749261 ^ resetn (in)
                                                         resetn (net)
                      0.018399    0.000000    0.749261 ^ hold8/A (sky130_fd_sc_hd__dlygate4sd3_1)
     1    0.002070    0.047045    0.519159    1.268420 ^ hold8/X (sky130_fd_sc_hd__dlygate4sd3_1)
                                                         net29 (net)
                      0.047045    0.000147    1.268567 ^ input11/A (sky130_fd_sc_hd__buf_2)
     8    0.044575    0.218468    0.231687    1.500254 ^ input11/X (sky130_fd_sc_hd__buf_2)
                                                         net11 (net)
                      0.218489    0.001757    1.502012 ^ _112_/RESET_B (sky130_fd_sc_hd__dfrtp_1)
                                              1.502012   data arrival time

                                  0.000000    0.000000   clock clk (rise edge)
                                  0.000000    0.000000   clock source latency
     1    0.012657    0.063078    0.042816    0.042816 ^ clk (in)
                                                         clk (net)
                      0.063085    0.000000    0.042816 ^ clkbuf_0_clk/A (sky130_fd_sc_hd__clkbuf_16)
     2    0.020135    0.041954    0.131755    0.174570 ^ clkbuf_0_clk/X (sky130_fd_sc_hd__clkbuf_16)
                                                         clknet_0_clk (net)
                      0.041994    0.001224    0.175795 ^ clkbuf_1_0__f_clk/A (sky130_fd_sc_hd__clkbuf_16)
     5    0.016430    0.038814    0.120680    0.296475 ^ clkbuf_1_0__f_clk/X (sky130_fd_sc_hd__clkbuf_16)
                                                         clknet_1_0__leaf_clk (net)
                      0.038825    0.000859    0.297333 ^ _112_/CLK (sky130_fd_sc_hd__dfrtp_1)
                                  0.250000    0.547333   clock uncertainty
                                  0.000000    0.547333   clock reconvergence pessimism
                                  0.366301    0.913634   library removal time
                                              0.913634   data required time
---------------------------------------------------------------------------------------------
                                              0.913634   data required time
                                             -1.502012   data arrival time
---------------------------------------------------------------------------------------------
                                              0.588378   slack (MET)


Startpoint: resetn (input port clocked by clk)
Endpoint: _110_ (removal check against rising-edge clock clk)
Path Group: asynchronous
Path Type: min

Fanout         Cap        Slew       Delay        Time   Description
---------------------------------------------------------------------------------------------
                                  0.000000    0.000000   clock clk (rise edge)
                                  0.000000    0.000000   clock network delay (propagated)
                                  0.740000    0.740000 ^ input external delay
     1    0.002488    0.018398    0.009261    0.749261 ^ resetn (in)
                                                         resetn (net)
                      0.018399    0.000000    0.749261 ^ hold8/A (sky130_fd_sc_hd__dlygate4sd3_1)
     1    0.002070    0.047045    0.519159    1.268420 ^ hold8/X (sky130_fd_sc_hd__dlygate4sd3_1)
                                                         net29 (net)
                      0.047045    0.000147    1.268567 ^ input11/A (sky130_fd_sc_hd__buf_2)
     8    0.044575    0.218468    0.231687    1.500254 ^ input11/X (sky130_fd_sc_hd__buf_2)
                                                         net11 (net)
                      0.218490    0.001820    1.502074 ^ _110_/RESET_B (sky130_fd_sc_hd__dfrtp_2)
                                              1.502074   data arrival time

                                  0.000000    0.000000   clock clk (rise edge)
                                  0.000000    0.000000   clock source latency
     1    0.012657    0.063078    0.042816    0.042816 ^ clk (in)
                                                         clk (net)
                      0.063085    0.000000    0.042816 ^ clkbuf_0_clk/A (sky130_fd_sc_hd__clkbuf_16)
     2    0.020135    0.041954    0.131755    0.174570 ^ clkbuf_0_clk/X (sky130_fd_sc_hd__clkbuf_16)
                                                         clknet_0_clk (net)
                      0.041994    0.001224    0.175795 ^ clkbuf_1_0__f_clk/A (sky130_fd_sc_hd__clkbuf_16)
     5    0.016430    0.038814    0.120680    0.296475 ^ clkbuf_1_0__f_clk/X (sky130_fd_sc_hd__clkbuf_16)
                                                         clknet_1_0__leaf_clk (net)
                      0.038826    0.000963    0.297438 ^ _110_/CLK (sky130_fd_sc_hd__dfrtp_2)
                                  0.250000    0.547438   clock uncertainty
                                  0.000000    0.547438   clock reconvergence pessimism
                                  0.365854    0.913292   library removal time
                                              0.913292   data required time
---------------------------------------------------------------------------------------------
                                              0.913292   data required time
                                             -1.502074   data arrival time
---------------------------------------------------------------------------------------------
                                              0.588783   slack (MET)


Startpoint: resetn (input port clocked by clk)
Endpoint: _113_ (removal check against rising-edge clock clk)
Path Group: asynchronous
Path Type: min

Fanout         Cap        Slew       Delay        Time   Description
---------------------------------------------------------------------------------------------
                                  0.000000    0.000000   clock clk (rise edge)
                                  0.000000    0.000000   clock network delay (propagated)
                                  0.740000    0.740000 ^ input external delay
     1    0.002488    0.018398    0.009261    0.749261 ^ resetn (in)
                                                         resetn (net)
                      0.018399    0.000000    0.749261 ^ hold8/A (sky130_fd_sc_hd__dlygate4sd3_1)
     1    0.002070    0.047045    0.519159    1.268420 ^ hold8/X (sky130_fd_sc_hd__dlygate4sd3_1)
                                                         net29 (net)
                      0.047045    0.000147    1.268567 ^ input11/A (sky130_fd_sc_hd__buf_2)
     8    0.044575    0.218468    0.231687    1.500254 ^ input11/X (sky130_fd_sc_hd__buf_2)
                                                         net11 (net)
                      0.218497    0.002074    1.502328 ^ _113_/RESET_B (sky130_fd_sc_hd__dfrtp_1)
                                              1.502328   data arrival time

                                  0.000000    0.000000   clock clk (rise edge)
                                  0.000000    0.000000   clock source latency
     1    0.012657    0.063078    0.042816    0.042816 ^ clk (in)
                                                         clk (net)
                      0.063085    0.000000    0.042816 ^ clkbuf_0_clk/A (sky130_fd_sc_hd__clkbuf_16)
     2    0.020135    0.041954    0.131755    0.174570 ^ clkbuf_0_clk/X (sky130_fd_sc_hd__clkbuf_16)
                                                         clknet_0_clk (net)
                      0.041994    0.001220    0.175791 ^ clkbuf_1_1__f_clk/A (sky130_fd_sc_hd__clkbuf_16)
     4    0.012297    0.035307    0.116875    0.292666 ^ clkbuf_1_1__f_clk/X (sky130_fd_sc_hd__clkbuf_16)
                                                         clknet_1_1__leaf_clk (net)
                      0.035307    0.000415    0.293081 ^ _113_/CLK (sky130_fd_sc_hd__dfrtp_1)
                                  0.250000    0.543081   clock uncertainty
                                  0.000000    0.543081   clock reconvergence pessimism
                                  0.365347    0.908428   library removal time
                                              0.908428   data required time
---------------------------------------------------------------------------------------------
                                              0.908428   data required time
                                             -1.502328   data arrival time
---------------------------------------------------------------------------------------------
                                              0.593900   slack (MET)


Startpoint: resetn (input port clocked by clk)
Endpoint: _111_ (removal check against rising-edge clock clk)
Path Group: asynchronous
Path Type: min

Fanout         Cap        Slew       Delay        Time   Description
---------------------------------------------------------------------------------------------
                                  0.000000    0.000000   clock clk (rise edge)
                                  0.000000    0.000000   clock network delay (propagated)
                                  0.740000    0.740000 ^ input external delay
     1    0.002488    0.018398    0.009261    0.749261 ^ resetn (in)
                                                         resetn (net)
                      0.018399    0.000000    0.749261 ^ hold8/A (sky130_fd_sc_hd__dlygate4sd3_1)
     1    0.002070    0.047045    0.519159    1.268420 ^ hold8/X (sky130_fd_sc_hd__dlygate4sd3_1)
                                                         net29 (net)
                      0.047045    0.000147    1.268567 ^ input11/A (sky130_fd_sc_hd__buf_2)
     8    0.044575    0.218468    0.231687    1.500254 ^ input11/X (sky130_fd_sc_hd__buf_2)
                                                         net11 (net)
                      0.218515    0.002662    1.502916 ^ _111_/RESET_B (sky130_fd_sc_hd__dfrtp_1)
                                              1.502916   data arrival time

                                  0.000000    0.000000   clock clk (rise edge)
                                  0.000000    0.000000   clock source latency
     1    0.012657    0.063078    0.042816    0.042816 ^ clk (in)
                                                         clk (net)
                      0.063085    0.000000    0.042816 ^ clkbuf_0_clk/A (sky130_fd_sc_hd__clkbuf_16)
     2    0.020135    0.041954    0.131755    0.174570 ^ clkbuf_0_clk/X (sky130_fd_sc_hd__clkbuf_16)
                                                         clknet_0_clk (net)
                      0.041994    0.001220    0.175791 ^ clkbuf_1_1__f_clk/A (sky130_fd_sc_hd__clkbuf_16)
     4    0.012297    0.035307    0.116875    0.292666 ^ clkbuf_1_1__f_clk/X (sky130_fd_sc_hd__clkbuf_16)
                                                         clknet_1_1__leaf_clk (net)
                      0.035307    0.000623    0.293289 ^ _111_/CLK (sky130_fd_sc_hd__dfrtp_1)
                                  0.250000    0.543289   clock uncertainty
                                  0.000000    0.543289   clock reconvergence pessimism
                                  0.365352    0.908642   library removal time
                                              0.908642   data required time
---------------------------------------------------------------------------------------------
                                              0.908642   data required time
                                             -1.502916   data arrival time
---------------------------------------------------------------------------------------------
                                              0.594274   slack (MET)


Startpoint: resetn (input port clocked by clk)
Endpoint: _114_ (removal check against rising-edge clock clk)
Path Group: asynchronous
Path Type: min

Fanout         Cap        Slew       Delay        Time   Description
---------------------------------------------------------------------------------------------
                                  0.000000    0.000000   clock clk (rise edge)
                                  0.000000    0.000000   clock network delay (propagated)
                                  0.740000    0.740000 ^ input external delay
     1    0.002488    0.018398    0.009261    0.749261 ^ resetn (in)
                                                         resetn (net)
                      0.018399    0.000000    0.749261 ^ hold8/A (sky130_fd_sc_hd__dlygate4sd3_1)
     1    0.002070    0.047045    0.519159    1.268420 ^ hold8/X (sky130_fd_sc_hd__dlygate4sd3_1)
                                                         net29 (net)
                      0.047045    0.000147    1.268567 ^ input11/A (sky130_fd_sc_hd__buf_2)
     8    0.044575    0.218468    0.231687    1.500254 ^ input11/X (sky130_fd_sc_hd__buf_2)
                                                         net11 (net)
                      0.218513    0.002587    1.502841 ^ _114_/RESET_B (sky130_fd_sc_hd__dfrtp_1)
                                              1.502841   data arrival time

                                  0.000000    0.000000   clock clk (rise edge)
                                  0.000000    0.000000   clock source latency
     1    0.012657    0.063078    0.042816    0.042816 ^ clk (in)
                                                         clk (net)
                      0.063085    0.000000    0.042816 ^ clkbuf_0_clk/A (sky130_fd_sc_hd__clkbuf_16)
     2    0.020135    0.041954    0.131755    0.174570 ^ clkbuf_0_clk/X (sky130_fd_sc_hd__clkbuf_16)
                                                         clknet_0_clk (net)
                      0.041994    0.001220    0.175791 ^ clkbuf_1_1__f_clk/A (sky130_fd_sc_hd__clkbuf_16)
     4    0.012297    0.035307    0.116875    0.292666 ^ clkbuf_1_1__f_clk/X (sky130_fd_sc_hd__clkbuf_16)
                                                         clknet_1_1__leaf_clk (net)
                      0.035307    0.000526    0.293192 ^ _114_/CLK (sky130_fd_sc_hd__dfrtp_1)
                                  0.250000    0.543192   clock uncertainty
                                  0.000000    0.543192   clock reconvergence pessimism
                                  0.365351    0.908543   library removal time
                                              0.908543   data required time
---------------------------------------------------------------------------------------------
                                              0.908543   data required time
                                             -1.502841   data arrival time
---------------------------------------------------------------------------------------------
                                              0.594298   slack (MET)


Startpoint: resetn (input port clocked by clk)
Endpoint: _115_ (removal check against rising-edge clock clk)
Path Group: asynchronous
Path Type: min

Fanout         Cap        Slew       Delay        Time   Description
---------------------------------------------------------------------------------------------
                                  0.000000    0.000000   clock clk (rise edge)
                                  0.000000    0.000000   clock network delay (propagated)
                                  0.740000    0.740000 ^ input external delay
     1    0.002488    0.018398    0.009261    0.749261 ^ resetn (in)
                                                         resetn (net)
                      0.018399    0.000000    0.749261 ^ hold8/A (sky130_fd_sc_hd__dlygate4sd3_1)
     1    0.002070    0.047045    0.519159    1.268420 ^ hold8/X (sky130_fd_sc_hd__dlygate4sd3_1)
                                                         net29 (net)
                      0.047045    0.000147    1.268567 ^ input11/A (sky130_fd_sc_hd__buf_2)
     8    0.044575    0.218468    0.231687    1.500254 ^ input11/X (sky130_fd_sc_hd__buf_2)
                                                         net11 (net)
                      0.218516    0.002688    1.502942 ^ _115_/RESET_B (sky130_fd_sc_hd__dfrtp_1)
                                              1.502942   data arrival time

                                  0.000000    0.000000   clock clk (rise edge)
                                  0.000000    0.000000   clock source latency
     1    0.012657    0.063078    0.042816    0.042816 ^ clk (in)
                                                         clk (net)
                      0.063085    0.000000    0.042816 ^ clkbuf_0_clk/A (sky130_fd_sc_hd__clkbuf_16)
     2    0.020135    0.041954    0.131755    0.174570 ^ clkbuf_0_clk/X (sky130_fd_sc_hd__clkbuf_16)
                                                         clknet_0_clk (net)
                      0.041994    0.001220    0.175791 ^ clkbuf_1_1__f_clk/A (sky130_fd_sc_hd__clkbuf_16)
     4    0.012297    0.035307    0.116875    0.292666 ^ clkbuf_1_1__f_clk/X (sky130_fd_sc_hd__clkbuf_16)
                                                         clknet_1_1__leaf_clk (net)
                      0.035307    0.000357    0.293023 ^ _115_/CLK (sky130_fd_sc_hd__dfrtp_1)
                                  0.250000    0.543023   clock uncertainty
                                  0.000000    0.543023   clock reconvergence pessimism
                                  0.365352    0.908376   library removal time
                                              0.908376   data required time
---------------------------------------------------------------------------------------------
                                              0.908376   data required time
                                             -1.502942   data arrival time
---------------------------------------------------------------------------------------------
                                              0.594566   slack (MET)


Startpoint: _115_ (rising edge-triggered flip-flop clocked by clk)
Endpoint: count[7] (output port clocked by clk)
Path Group: clk
Path Type: min

Fanout         Cap        Slew       Delay        Time   Description
---------------------------------------------------------------------------------------------
                                  0.000000    0.000000   clock clk (rise edge)
                                  0.000000    0.000000   clock source latency
     1    0.012657    0.063078    0.042816    0.042816 ^ clk (in)
                                                         clk (net)
                      0.063085    0.000000    0.042816 ^ clkbuf_0_clk/A (sky130_fd_sc_hd__clkbuf_16)
     2    0.020135    0.041954    0.131755    0.174570 ^ clkbuf_0_clk/X (sky130_fd_sc_hd__clkbuf_16)
                                                         clknet_0_clk (net)
                      0.041994    0.001220    0.175791 ^ clkbuf_1_1__f_clk/A (sky130_fd_sc_hd__clkbuf_16)
     4    0.012297    0.035307    0.116875    0.292666 ^ clkbuf_1_1__f_clk/X (sky130_fd_sc_hd__clkbuf_16)
                                                         clknet_1_1__leaf_clk (net)
                      0.035307    0.000357    0.293023 ^ _115_/CLK (sky130_fd_sc_hd__dfrtp_1)
     3    0.010354    0.072359    0.389326    0.682349 v _115_/Q (sky130_fd_sc_hd__dfrtp_1)
                                                         net20 (net)
                      0.072363    0.000594    0.682943 v output20/A (sky130_fd_sc_hd__buf_2)
     1    0.034012    0.089317    0.191126    0.874069 v output20/X (sky130_fd_sc_hd__buf_2)
                                                         count[7] (net)
                      0.089350    0.001600    0.875669 v count[7] (out)
                                              0.875669   data arrival time

                                  0.000000    0.000000   clock clk (rise edge)
                                  0.000000    0.000000   clock network delay (propagated)
                                  0.250000    0.250000   clock uncertainty
                                  0.000000    0.250000   clock reconvergence pessimism
                                 -0.740000   -0.490000   output external delay
                                             -0.490000   data required time
---------------------------------------------------------------------------------------------
                                             -0.490000   data required time
                                             -0.875669   data arrival time
---------------------------------------------------------------------------------------------
                                              1.365670   slack (MET)


Startpoint: _114_ (rising edge-triggered flip-flop clocked by clk)
Endpoint: count[6] (output port clocked by clk)
Path Group: clk
Path Type: min

Fanout         Cap        Slew       Delay        Time   Description
---------------------------------------------------------------------------------------------
                                  0.000000    0.000000   clock clk (rise edge)
                                  0.000000    0.000000   clock source latency
     1    0.012657    0.063078    0.042816    0.042816 ^ clk (in)
                                                         clk (net)
                      0.063085    0.000000    0.042816 ^ clkbuf_0_clk/A (sky130_fd_sc_hd__clkbuf_16)
     2    0.020135    0.041954    0.131755    0.174570 ^ clkbuf_0_clk/X (sky130_fd_sc_hd__clkbuf_16)
                                                         clknet_0_clk (net)
                      0.041994    0.001220    0.175791 ^ clkbuf_1_1__f_clk/A (sky130_fd_sc_hd__clkbuf_16)
     4    0.012297    0.035307    0.116875    0.292666 ^ clkbuf_1_1__f_clk/X (sky130_fd_sc_hd__clkbuf_16)
                                                         clknet_1_1__leaf_clk (net)
                      0.035307    0.000526    0.293192 ^ _114_/CLK (sky130_fd_sc_hd__dfrtp_1)
     4    0.011949    0.116260    0.371023    0.664215 ^ _114_/Q (sky130_fd_sc_hd__dfrtp_1)
                                                         net19 (net)
                      0.116262    0.000688    0.664903 ^ output19/A (sky130_fd_sc_hd__clkbuf_4)
     1    0.034549    0.113140    0.211315    0.876218 ^ output19/X (sky130_fd_sc_hd__clkbuf_4)
                                                         count[6] (net)
                      0.113166    0.001681    0.877898 ^ count[6] (out)
                                              0.877898   data arrival time

                                  0.000000    0.000000   clock clk (rise edge)
                                  0.000000    0.000000   clock network delay (propagated)
                                  0.250000    0.250000   clock uncertainty
                                  0.000000    0.250000   clock reconvergence pessimism
                                 -0.740000   -0.490000   output external delay
                                             -0.490000   data required time
---------------------------------------------------------------------------------------------
                                             -0.490000   data required time
                                             -0.877898   data arrival time
---------------------------------------------------------------------------------------------
                                              1.367898   slack (MET)


Startpoint: _108_ (rising edge-triggered flip-flop clocked by clk)
Endpoint: count[0] (output port clocked by clk)
Path Group: clk
Path Type: min

Fanout         Cap        Slew       Delay        Time   Description
---------------------------------------------------------------------------------------------
                                  0.000000    0.000000   clock clk (rise edge)
                                  0.000000    0.000000   clock source latency
     1    0.012657    0.063078    0.042816    0.042816 ^ clk (in)
                                                         clk (net)
                      0.063085    0.000000    0.042816 ^ clkbuf_0_clk/A (sky130_fd_sc_hd__clkbuf_16)
     2    0.020135    0.041954    0.131755    0.174570 ^ clkbuf_0_clk/X (sky130_fd_sc_hd__clkbuf_16)
                                                         clknet_0_clk (net)
                      0.041994    0.001224    0.175795 ^ clkbuf_1_0__f_clk/A (sky130_fd_sc_hd__clkbuf_16)
     5    0.016430    0.038814    0.120680    0.296475 ^ clkbuf_1_0__f_clk/X (sky130_fd_sc_hd__clkbuf_16)
                                                         clknet_1_0__leaf_clk (net)
                      0.038826    0.000930    0.297405 ^ _108_/CLK (sky130_fd_sc_hd__dfrtp_1)
     3    0.011000    0.074998    0.393323    0.690728 v _108_/Q (sky130_fd_sc_hd__dfrtp_1)
                                                         net13 (net)
                      0.074999    0.000449    0.691177 v output13/A (sky130_fd_sc_hd__buf_2)
     1    0.034788    0.091004    0.193735    0.884912 v output13/X (sky130_fd_sc_hd__buf_2)
                                                         count[0] (net)
                      0.091039    0.001656    0.886568 v count[0] (out)
                                              0.886568   data arrival time

                                  0.000000    0.000000   clock clk (rise edge)
                                  0.000000    0.000000   clock network delay (propagated)
                                  0.250000    0.250000   clock uncertainty
                                  0.000000    0.250000   clock reconvergence pessimism
                                 -0.740000   -0.490000   output external delay
                                             -0.490000   data required time
---------------------------------------------------------------------------------------------
                                             -0.490000   data required time
                                             -0.886568   data arrival time
---------------------------------------------------------------------------------------------
                                              1.376568   slack (MET)


Startpoint: _111_ (rising edge-triggered flip-flop clocked by clk)
Endpoint: count[3] (output port clocked by clk)
Path Group: clk
Path Type: min

Fanout         Cap        Slew       Delay        Time   Description
---------------------------------------------------------------------------------------------
                                  0.000000    0.000000   clock clk (rise edge)
                                  0.000000    0.000000   clock source latency
     1    0.012657    0.063078    0.042816    0.042816 ^ clk (in)
                                                         clk (net)
                      0.063085    0.000000    0.042816 ^ clkbuf_0_clk/A (sky130_fd_sc_hd__clkbuf_16)
     2    0.020135    0.041954    0.131755    0.174570 ^ clkbuf_0_clk/X (sky130_fd_sc_hd__clkbuf_16)
                                                         clknet_0_clk (net)
                      0.041994    0.001220    0.175791 ^ clkbuf_1_1__f_clk/A (sky130_fd_sc_hd__clkbuf_16)
     4    0.012297    0.035307    0.116875    0.292666 ^ clkbuf_1_1__f_clk/X (sky130_fd_sc_hd__clkbuf_16)
                                                         clknet_1_1__leaf_clk (net)
                      0.035307    0.000623    0.293289 ^ _111_/CLK (sky130_fd_sc_hd__dfrtp_1)
     4    0.013285    0.085001    0.401217    0.694506 v _111_/Q (sky130_fd_sc_hd__dfrtp_1)
                                                         net16 (net)
                      0.085001    0.000390    0.694896 v output16/A (sky130_fd_sc_hd__buf_2)
     1    0.034319    0.090027    0.197373    0.892269 v output16/X (sky130_fd_sc_hd__buf_2)
                                                         count[3] (net)
                      0.090065    0.001695    0.893964 v count[3] (out)
                                              0.893964   data arrival time

                                  0.000000    0.000000   clock clk (rise edge)
                                  0.000000    0.000000   clock network delay (propagated)
                                  0.250000    0.250000   clock uncertainty
                                  0.000000    0.250000   clock reconvergence pessimism
                                 -0.740000   -0.490000   output external delay
                                             -0.490000   data required time
---------------------------------------------------------------------------------------------
                                             -0.490000   data required time
                                             -0.893964   data arrival time
---------------------------------------------------------------------------------------------
                                              1.383965   slack (MET)


Startpoint: _113_ (rising edge-triggered flip-flop clocked by clk)
Endpoint: count[5] (output port clocked by clk)
Path Group: clk
Path Type: min

Fanout         Cap        Slew       Delay        Time   Description
---------------------------------------------------------------------------------------------
                                  0.000000    0.000000   clock clk (rise edge)
                                  0.000000    0.000000   clock source latency
     1    0.012657    0.063078    0.042816    0.042816 ^ clk (in)
                                                         clk (net)
                      0.063085    0.000000    0.042816 ^ clkbuf_0_clk/A (sky130_fd_sc_hd__clkbuf_16)
     2    0.020135    0.041954    0.131755    0.174570 ^ clkbuf_0_clk/X (sky130_fd_sc_hd__clkbuf_16)
                                                         clknet_0_clk (net)
                      0.041994    0.001220    0.175791 ^ clkbuf_1_1__f_clk/A (sky130_fd_sc_hd__clkbuf_16)
     4    0.012297    0.035307    0.116875    0.292666 ^ clkbuf_1_1__f_clk/X (sky130_fd_sc_hd__clkbuf_16)
                                                         clknet_1_1__leaf_clk (net)
                      0.035307    0.000415    0.293081 ^ _113_/CLK (sky130_fd_sc_hd__dfrtp_1)
     4    0.014261    0.089433    0.404902    0.697983 v _113_/Q (sky130_fd_sc_hd__dfrtp_1)
                                                         net18 (net)
                      0.089436    0.000644    0.698627 v output18/A (sky130_fd_sc_hd__buf_2)
     1    0.034034    0.089387    0.198921    0.897547 v output18/X (sky130_fd_sc_hd__buf_2)
                                                         count[5] (net)
                      0.089420    0.001612    0.899159 v count[5] (out)
                                              0.899159   data arrival time

                                  0.000000    0.000000   clock clk (rise edge)
                                  0.000000    0.000000   clock network delay (propagated)
                                  0.250000    0.250000   clock uncertainty
                                  0.000000    0.250000   clock reconvergence pessimism
                                 -0.740000   -0.490000   output external delay
                                             -0.490000   data required time
---------------------------------------------------------------------------------------------
                                             -0.490000   data required time
                                             -0.899159   data arrival time
---------------------------------------------------------------------------------------------
                                              1.389159   slack (MET)


Startpoint: _112_ (rising edge-triggered flip-flop clocked by clk)
Endpoint: count[4] (output port clocked by clk)
Path Group: clk
Path Type: min

Fanout         Cap        Slew       Delay        Time   Description
---------------------------------------------------------------------------------------------
                                  0.000000    0.000000   clock clk (rise edge)
                                  0.000000    0.000000   clock source latency
     1    0.012657    0.063078    0.042816    0.042816 ^ clk (in)
                                                         clk (net)
                      0.063085    0.000000    0.042816 ^ clkbuf_0_clk/A (sky130_fd_sc_hd__clkbuf_16)
     2    0.020135    0.041954    0.131755    0.174570 ^ clkbuf_0_clk/X (sky130_fd_sc_hd__clkbuf_16)
                                                         clknet_0_clk (net)
                      0.041994    0.001224    0.175795 ^ clkbuf_1_0__f_clk/A (sky130_fd_sc_hd__clkbuf_16)
     5    0.016430    0.038814    0.120680    0.296475 ^ clkbuf_1_0__f_clk/X (sky130_fd_sc_hd__clkbuf_16)
                                                         clknet_1_0__leaf_clk (net)
                      0.038825    0.000859    0.297333 ^ _112_/CLK (sky130_fd_sc_hd__dfrtp_1)
     5    0.015659    0.095769    0.411472    0.708805 v _112_/Q (sky130_fd_sc_hd__dfrtp_1)
                                                         net17 (net)
                      0.095792    0.001447    0.710252 v output17/A (sky130_fd_sc_hd__buf_2)
     1    0.034377    0.090131    0.202454    0.912707 v output17/X (sky130_fd_sc_hd__buf_2)
                                                         count[4] (net)
                      0.090165    0.001613    0.914319 v count[4] (out)
                                              0.914319   data arrival time

                                  0.000000    0.000000   clock clk (rise edge)
                                  0.000000    0.000000   clock network delay (propagated)
                                  0.250000    0.250000   clock uncertainty
                                  0.000000    0.250000   clock reconvergence pessimism
                                 -0.740000   -0.490000   output external delay
                                             -0.490000   data required time
---------------------------------------------------------------------------------------------
                                             -0.490000   data required time
                                             -0.914319   data arrival time
---------------------------------------------------------------------------------------------
                                              1.404320   slack (MET)


Startpoint: _110_ (rising edge-triggered flip-flop clocked by clk)
Endpoint: count[2] (output port clocked by clk)
Path Group: clk
Path Type: min

Fanout         Cap        Slew       Delay        Time   Description
---------------------------------------------------------------------------------------------
                                  0.000000    0.000000   clock clk (rise edge)
                                  0.000000    0.000000   clock source latency
     1    0.012657    0.063078    0.042816    0.042816 ^ clk (in)
                                                         clk (net)
                      0.063085    0.000000    0.042816 ^ clkbuf_0_clk/A (sky130_fd_sc_hd__clkbuf_16)
     2    0.020135    0.041954    0.131755    0.174570 ^ clkbuf_0_clk/X (sky130_fd_sc_hd__clkbuf_16)
                                                         clknet_0_clk (net)
                      0.041994    0.001224    0.175795 ^ clkbuf_1_0__f_clk/A (sky130_fd_sc_hd__clkbuf_16)
     5    0.016430    0.038814    0.120680    0.296475 ^ clkbuf_1_0__f_clk/X (sky130_fd_sc_hd__clkbuf_16)
                                                         clknet_1_0__leaf_clk (net)
                      0.038826    0.000963    0.297438 ^ _110_/CLK (sky130_fd_sc_hd__dfrtp_2)
     5    0.020243    0.111939    0.398245    0.695683 ^ _110_/Q (sky130_fd_sc_hd__dfrtp_2)
                                                         net15 (net)
                      0.111943    0.000887    0.696571 ^ output15/A (sky130_fd_sc_hd__buf_2)
     1    0.034119    0.170018    0.221526    0.918097 ^ output15/X (sky130_fd_sc_hd__buf_2)
                                                         count[2] (net)
                      0.170034    0.001702    0.919799 ^ count[2] (out)
                                              0.919799   data arrival time

                                  0.000000    0.000000   clock clk (rise edge)
                                  0.000000    0.000000   clock network delay (propagated)
                                  0.250000    0.250000   clock uncertainty
                                  0.000000    0.250000   clock reconvergence pessimism
                                 -0.740000   -0.490000   output external delay
                                             -0.490000   data required time
---------------------------------------------------------------------------------------------
                                             -0.490000   data required time
                                             -0.919799   data arrival time
---------------------------------------------------------------------------------------------
                                              1.409799   slack (MET)


Startpoint: _109_ (rising edge-triggered flip-flop clocked by clk)
Endpoint: count[1] (output port clocked by clk)
Path Group: clk
Path Type: min

Fanout         Cap        Slew       Delay        Time   Description
---------------------------------------------------------------------------------------------
                                  0.000000    0.000000   clock clk (rise edge)
                                  0.000000    0.000000   clock source latency
     1    0.012657    0.063078    0.042816    0.042816 ^ clk (in)
                                                         clk (net)
                      0.063085    0.000000    0.042816 ^ clkbuf_0_clk/A (sky130_fd_sc_hd__clkbuf_16)
     2    0.020135    0.041954    0.131755    0.174570 ^ clkbuf_0_clk/X (sky130_fd_sc_hd__clkbuf_16)
                                                         clknet_0_clk (net)
                      0.041994    0.001224    0.175795 ^ clkbuf_1_0__f_clk/A (sky130_fd_sc_hd__clkbuf_16)
     5    0.016430    0.038814    0.120680    0.296475 ^ clkbuf_1_0__f_clk/X (sky130_fd_sc_hd__clkbuf_16)
                                                         clknet_1_0__leaf_clk (net)
                      0.038825    0.000911    0.297386 ^ _109_/CLK (sky130_fd_sc_hd__dfrtp_1)
     3    0.015164    0.142736    0.391608    0.688993 ^ _109_/Q (sky130_fd_sc_hd__dfrtp_1)
                                                         net14 (net)
                      0.142737    0.000713    0.689706 ^ rebuffer1/A (sky130_fd_sc_hd__dlygate4sd1_1)
     2    0.006641    0.074122    0.240366    0.930072 ^ rebuffer1/X (sky130_fd_sc_hd__dlygate4sd1_1)
                                                         net22 (net)
                      0.074123    0.000415    0.930487 ^ output14/A (sky130_fd_sc_hd__buf_2)
     1    0.035927    0.178131    0.213415    1.143902 ^ output14/X (sky130_fd_sc_hd__buf_2)
                                                         count[1] (net)
                      0.178215    0.001959    1.145861 ^ count[1] (out)
                                              1.145861   data arrival time

                                  0.000000    0.000000   clock clk (rise edge)
                                  0.000000    0.000000   clock network delay (propagated)
                                  0.250000    0.250000   clock uncertainty
                                  0.000000    0.250000   clock reconvergence pessimism
                                 -0.740000   -0.490000   output external delay
                                             -0.490000   data required time
---------------------------------------------------------------------------------------------
                                             -0.490000   data required time
                                             -1.145861   data arrival time
---------------------------------------------------------------------------------------------
                                              1.635861   slack (MET)



