Reading OpenROAD database at '/home/lanh/20213979/counterfullstep/runs/RUN_2024-12-20_04-04-48/33-openroad-cts/counter.odb'…
Reading library file at '/home/lanh/.volare/volare/sky130/versions/bdc9412b3e468c102d01b7cf6337be06ec6e9c9a/sky130A/libs.ref/sky130_fd_sc_hd/lib/sky130_fd_sc_hd__tt_025C_1v80.lib'…
Reading design constraints file at '/home/lanh/20213979/counterfullstep/counter.sdc'…
[INFO] Setting RC values…
%OL_CREATE_REPORT min.rpt

===========================================================================
report_checks -path_delay min (Hold)
============================================================================
======================= nom_tt_025C_1v80 Corner ===================================

Startpoint: _108_ (rising edge-triggered flip-flop clocked by clk)
Endpoint: _108_ (rising edge-triggered flip-flop clocked by clk)
Path Group: clk
Path Type: min

Fanout         Cap        Slew       Delay        Time   Description
---------------------------------------------------------------------------------------------
                                  0.000000    0.000000   clock clk (rise edge)
                                  0.000000    0.000000   clock source latency
     1    0.010260    0.000000    0.000000    0.000000 ^ clk (in)
                                                         clk (net)
                      0.000143    0.000071    0.000071 ^ clkbuf_0_clk/A (sky130_fd_sc_hd__clkbuf_16)
     2    0.017377    0.039613    0.107275    0.107346 ^ clkbuf_0_clk/X (sky130_fd_sc_hd__clkbuf_16)
                                                         clknet_0_clk (net)
                      0.039613    0.000051    0.107398 ^ clkbuf_1_0__f_clk/A (sky130_fd_sc_hd__clkbuf_16)
     5    0.012149    0.035164    0.115991    0.223389 ^ clkbuf_1_0__f_clk/X (sky130_fd_sc_hd__clkbuf_16)
                                                         clknet_1_0__leaf_clk (net)
                      0.035164    0.000011    0.223399 ^ _108_/CLK (sky130_fd_sc_hd__dfrtp_1)
     3    0.010858    0.110285    0.364751    0.588151 ^ _108_/Q (sky130_fd_sc_hd__dfrtp_1)
                                                         net13 (net)
                      0.110285    0.000025    0.588176 ^ _060_/A1 (sky130_fd_sc_hd__a21oi_1)
     1    0.002529    0.025809    0.072819    0.660994 v _060_/Y (sky130_fd_sc_hd__a21oi_1)
                                                         _000_ (net)
                      0.025809    0.000008    0.661002 v _108_/D (sky130_fd_sc_hd__dfrtp_1)
                                              0.661002   data arrival time

                                  0.000000    0.000000   clock clk (rise edge)
                                  0.000000    0.000000   clock source latency
     1    0.010260    0.000000    0.000000    0.000000 ^ clk (in)
                                                         clk (net)
                      0.000143    0.000071    0.000071 ^ clkbuf_0_clk/A (sky130_fd_sc_hd__clkbuf_16)
     2    0.017377    0.039613    0.107275    0.107346 ^ clkbuf_0_clk/X (sky130_fd_sc_hd__clkbuf_16)
                                                         clknet_0_clk (net)
                      0.039613    0.000051    0.107398 ^ clkbuf_1_0__f_clk/A (sky130_fd_sc_hd__clkbuf_16)
     5    0.012149    0.035164    0.115991    0.223389 ^ clkbuf_1_0__f_clk/X (sky130_fd_sc_hd__clkbuf_16)
                                                         clknet_1_0__leaf_clk (net)
                      0.035164    0.000011    0.223399 ^ _108_/CLK (sky130_fd_sc_hd__dfrtp_1)
                                  0.000000    0.223399   clock reconvergence pessimism
                                 -0.040205    0.183194   library hold time
                                              0.183194   data required time
---------------------------------------------------------------------------------------------
                                              0.183194   data required time
                                             -0.661002   data arrival time
---------------------------------------------------------------------------------------------
                                              0.477808   slack (MET)


Startpoint: _111_ (rising edge-triggered flip-flop clocked by clk)
Endpoint: _111_ (rising edge-triggered flip-flop clocked by clk)
Path Group: clk
Path Type: min

Fanout         Cap        Slew       Delay        Time   Description
---------------------------------------------------------------------------------------------
                                  0.000000    0.000000   clock clk (rise edge)
                                  0.000000    0.000000   clock source latency
     1    0.010260    0.000000    0.000000    0.000000 ^ clk (in)
                                                         clk (net)
                      0.000143    0.000071    0.000071 ^ clkbuf_0_clk/A (sky130_fd_sc_hd__clkbuf_16)
     2    0.017377    0.039613    0.107275    0.107346 ^ clkbuf_0_clk/X (sky130_fd_sc_hd__clkbuf_16)
                                                         clknet_0_clk (net)
                      0.039613    0.000037    0.107384 ^ clkbuf_1_1__f_clk/A (sky130_fd_sc_hd__clkbuf_16)
     4    0.010040    0.033365    0.113964    0.221348 ^ clkbuf_1_1__f_clk/X (sky130_fd_sc_hd__clkbuf_16)
                                                         clknet_1_1__leaf_clk (net)
                      0.033365    0.000024    0.221372 ^ _111_/CLK (sky130_fd_sc_hd__dfrtp_1)
     4    0.013794    0.131296    0.381856    0.603227 ^ _111_/Q (sky130_fd_sc_hd__dfrtp_1)
                                                         net16 (net)
                      0.131296    0.000061    0.603288 ^ _078_/B2 (sky130_fd_sc_hd__a221o_1)
     1    0.002252    0.038591    0.147721    0.751009 ^ _078_/X (sky130_fd_sc_hd__a221o_1)
                                                         _003_ (net)
                      0.038591    0.000003    0.751013 ^ _111_/D (sky130_fd_sc_hd__dfrtp_1)
                                              0.751013   data arrival time

                                  0.000000    0.000000   clock clk (rise edge)
                                  0.000000    0.000000   clock source latency
     1    0.010260    0.000000    0.000000    0.000000 ^ clk (in)
                                                         clk (net)
                      0.000143    0.000071    0.000071 ^ clkbuf_0_clk/A (sky130_fd_sc_hd__clkbuf_16)
     2    0.017377    0.039613    0.107275    0.107346 ^ clkbuf_0_clk/X (sky130_fd_sc_hd__clkbuf_16)
                                                         clknet_0_clk (net)
                      0.039613    0.000037    0.107384 ^ clkbuf_1_1__f_clk/A (sky130_fd_sc_hd__clkbuf_16)
     4    0.010040    0.033365    0.113964    0.221348 ^ clkbuf_1_1__f_clk/X (sky130_fd_sc_hd__clkbuf_16)
                                                         clknet_1_1__leaf_clk (net)
                      0.033365    0.000024    0.221372 ^ _111_/CLK (sky130_fd_sc_hd__dfrtp_1)
                                  0.000000    0.221372   clock reconvergence pessimism
                                 -0.035009    0.186363   library hold time
                                              0.186363   data required time
---------------------------------------------------------------------------------------------
                                              0.186363   data required time
                                             -0.751013   data arrival time
---------------------------------------------------------------------------------------------
                                              0.564650   slack (MET)


Startpoint: _114_ (rising edge-triggered flip-flop clocked by clk)
Endpoint: _114_ (rising edge-triggered flip-flop clocked by clk)
Path Group: clk
Path Type: min

Fanout         Cap        Slew       Delay        Time   Description
---------------------------------------------------------------------------------------------
                                  0.000000    0.000000   clock clk (rise edge)
                                  0.000000    0.000000   clock source latency
     1    0.010260    0.000000    0.000000    0.000000 ^ clk (in)
                                                         clk (net)
                      0.000143    0.000071    0.000071 ^ clkbuf_0_clk/A (sky130_fd_sc_hd__clkbuf_16)
     2    0.017377    0.039613    0.107275    0.107346 ^ clkbuf_0_clk/X (sky130_fd_sc_hd__clkbuf_16)
                                                         clknet_0_clk (net)
                      0.039613    0.000037    0.107384 ^ clkbuf_1_1__f_clk/A (sky130_fd_sc_hd__clkbuf_16)
     4    0.010040    0.033365    0.113964    0.221348 ^ clkbuf_1_1__f_clk/X (sky130_fd_sc_hd__clkbuf_16)
                                                         clknet_1_1__leaf_clk (net)
                      0.033365    0.000012    0.221360 ^ _114_/CLK (sky130_fd_sc_hd__dfrtp_1)
     4    0.009230    0.094114    0.354093    0.575453 ^ _114_/Q (sky130_fd_sc_hd__dfrtp_1)
                                                         net19 (net)
                      0.094114    0.000030    0.575484 ^ _101_/B2 (sky130_fd_sc_hd__a22o_1)
     1    0.002576    0.042795    0.127113    0.702597 ^ _101_/X (sky130_fd_sc_hd__a22o_1)
                                                         _049_ (net)
                      0.042795    0.000000    0.702598 ^ _102_/B1 (sky130_fd_sc_hd__a31o_1)
     1    0.002400    0.038278    0.082948    0.785546 ^ _102_/X (sky130_fd_sc_hd__a31o_1)
                                                         _006_ (net)
                      0.038278    0.000006    0.785552 ^ _114_/D (sky130_fd_sc_hd__dfrtp_1)
                                              0.785552   data arrival time

                                  0.000000    0.000000   clock clk (rise edge)
                                  0.000000    0.000000   clock source latency
     1    0.010260    0.000000    0.000000    0.000000 ^ clk (in)
                                                         clk (net)
                      0.000143    0.000071    0.000071 ^ clkbuf_0_clk/A (sky130_fd_sc_hd__clkbuf_16)
     2    0.017377    0.039613    0.107275    0.107346 ^ clkbuf_0_clk/X (sky130_fd_sc_hd__clkbuf_16)
                                                         clknet_0_clk (net)
                      0.039613    0.000037    0.107384 ^ clkbuf_1_1__f_clk/A (sky130_fd_sc_hd__clkbuf_16)
     4    0.010040    0.033365    0.113964    0.221348 ^ clkbuf_1_1__f_clk/X (sky130_fd_sc_hd__clkbuf_16)
                                                         clknet_1_1__leaf_clk (net)
                      0.033365    0.000012    0.221360 ^ _114_/CLK (sky130_fd_sc_hd__dfrtp_1)
                                  0.000000    0.221360   clock reconvergence pessimism
                                 -0.034943    0.186417   library hold time
                                              0.186417   data required time
---------------------------------------------------------------------------------------------
                                              0.186417   data required time
                                             -0.785552   data arrival time
---------------------------------------------------------------------------------------------
                                              0.599135   slack (MET)


Startpoint: _108_ (rising edge-triggered flip-flop clocked by clk)
Endpoint: _109_ (rising edge-triggered flip-flop clocked by clk)
Path Group: clk
Path Type: min

Fanout         Cap        Slew       Delay        Time   Description
---------------------------------------------------------------------------------------------
                                  0.000000    0.000000   clock clk (rise edge)
                                  0.000000    0.000000   clock source latency
     1    0.010260    0.000000    0.000000    0.000000 ^ clk (in)
                                                         clk (net)
                      0.000143    0.000071    0.000071 ^ clkbuf_0_clk/A (sky130_fd_sc_hd__clkbuf_16)
     2    0.017377    0.039613    0.107275    0.107346 ^ clkbuf_0_clk/X (sky130_fd_sc_hd__clkbuf_16)
                                                         clknet_0_clk (net)
                      0.039613    0.000051    0.107398 ^ clkbuf_1_0__f_clk/A (sky130_fd_sc_hd__clkbuf_16)
     5    0.012149    0.035164    0.115991    0.223389 ^ clkbuf_1_0__f_clk/X (sky130_fd_sc_hd__clkbuf_16)
                                                         clknet_1_0__leaf_clk (net)
                      0.035164    0.000011    0.223399 ^ _108_/CLK (sky130_fd_sc_hd__dfrtp_1)
     3    0.010858    0.110285    0.364751    0.588151 ^ _108_/Q (sky130_fd_sc_hd__dfrtp_1)
                                                         net13 (net)
                      0.110285    0.000026    0.588177 ^ _054_/A (sky130_fd_sc_hd__inv_2)
     4    0.010559    0.041970    0.058964    0.647141 v _054_/Y (sky130_fd_sc_hd__inv_2)
                                                         _008_ (net)
                      0.041970    0.000029    0.647170 v _063_/A (sky130_fd_sc_hd__nand2_1)
     1    0.002973    0.040053    0.053447    0.700618 ^ _063_/Y (sky130_fd_sc_hd__nand2_1)
                                                         _016_ (net)
                      0.040053    0.000007    0.700625 ^ _066_/A1 (sky130_fd_sc_hd__a21o_1)
     1    0.002273    0.031913    0.093001    0.793626 ^ _066_/X (sky130_fd_sc_hd__a21o_1)
                                                         _001_ (net)
                      0.031913    0.000003    0.793630 ^ _109_/D (sky130_fd_sc_hd__dfrtp_1)
                                              0.793630   data arrival time

                                  0.000000    0.000000   clock clk (rise edge)
                                  0.000000    0.000000   clock source latency
     1    0.010260    0.000000    0.000000    0.000000 ^ clk (in)
                                                         clk (net)
                      0.000143    0.000071    0.000071 ^ clkbuf_0_clk/A (sky130_fd_sc_hd__clkbuf_16)
     2    0.017377    0.039613    0.107275    0.107346 ^ clkbuf_0_clk/X (sky130_fd_sc_hd__clkbuf_16)
                                                         clknet_0_clk (net)
                      0.039613    0.000051    0.107398 ^ clkbuf_1_0__f_clk/A (sky130_fd_sc_hd__clkbuf_16)
     5    0.012149    0.035164    0.115991    0.223389 ^ clkbuf_1_0__f_clk/X (sky130_fd_sc_hd__clkbuf_16)
                                                         clknet_1_0__leaf_clk (net)
                      0.035164    0.000023    0.223411 ^ _109_/CLK (sky130_fd_sc_hd__dfrtp_1)
                                  0.000000    0.223411   clock reconvergence pessimism
                                 -0.033362    0.190049   library hold time
                                              0.190049   data required time
---------------------------------------------------------------------------------------------
                                              0.190049   data required time
                                             -0.793630   data arrival time
---------------------------------------------------------------------------------------------
                                              0.603580   slack (MET)


Startpoint: _115_ (rising edge-triggered flip-flop clocked by clk)
Endpoint: _115_ (rising edge-triggered flip-flop clocked by clk)
Path Group: clk
Path Type: min

Fanout         Cap        Slew       Delay        Time   Description
---------------------------------------------------------------------------------------------
                                  0.000000    0.000000   clock clk (rise edge)
                                  0.000000    0.000000   clock source latency
     1    0.010260    0.000000    0.000000    0.000000 ^ clk (in)
                                                         clk (net)
                      0.000143    0.000071    0.000071 ^ clkbuf_0_clk/A (sky130_fd_sc_hd__clkbuf_16)
     2    0.017377    0.039613    0.107275    0.107346 ^ clkbuf_0_clk/X (sky130_fd_sc_hd__clkbuf_16)
                                                         clknet_0_clk (net)
                      0.039613    0.000037    0.107384 ^ clkbuf_1_1__f_clk/A (sky130_fd_sc_hd__clkbuf_16)
     4    0.010040    0.033365    0.113964    0.221348 ^ clkbuf_1_1__f_clk/X (sky130_fd_sc_hd__clkbuf_16)
                                                         clknet_1_1__leaf_clk (net)
                      0.033365    0.000015    0.221363 ^ _115_/CLK (sky130_fd_sc_hd__dfrtp_1)
     3    0.010501    0.107343    0.361907    0.583270 ^ _115_/Q (sky130_fd_sc_hd__dfrtp_1)
                                                         net20 (net)
                      0.107343    0.000010    0.583280 ^ _106_/B2 (sky130_fd_sc_hd__a22o_1)
     1    0.003052    0.046944    0.134861    0.718141 ^ _106_/X (sky130_fd_sc_hd__a22o_1)
                                                         _053_ (net)
                      0.046944    0.000008    0.718150 ^ _107_/B1 (sky130_fd_sc_hd__a21o_1)
     1    0.002395    0.032876    0.073655    0.791805 ^ _107_/X (sky130_fd_sc_hd__a21o_1)
                                                         _007_ (net)
                      0.032876    0.000005    0.791810 ^ _115_/D (sky130_fd_sc_hd__dfrtp_1)
                                              0.791810   data arrival time

                                  0.000000    0.000000   clock clk (rise edge)
                                  0.000000    0.000000   clock source latency
     1    0.010260    0.000000    0.000000    0.000000 ^ clk (in)
                                                         clk (net)
                      0.000143    0.000071    0.000071 ^ clkbuf_0_clk/A (sky130_fd_sc_hd__clkbuf_16)
     2    0.017377    0.039613    0.107275    0.107346 ^ clkbuf_0_clk/X (sky130_fd_sc_hd__clkbuf_16)
                                                         clknet_0_clk (net)
                      0.039613    0.000037    0.107384 ^ clkbuf_1_1__f_clk/A (sky130_fd_sc_hd__clkbuf_16)
     4    0.010040    0.033365    0.113964    0.221348 ^ clkbuf_1_1__f_clk/X (sky130_fd_sc_hd__clkbuf_16)
                                                         clknet_1_1__leaf_clk (net)
                      0.033365    0.000015    0.221363 ^ _115_/CLK (sky130_fd_sc_hd__dfrtp_1)
                                  0.000000    0.221363   clock reconvergence pessimism
                                 -0.033809    0.187554   library hold time
                                              0.187554   data required time
---------------------------------------------------------------------------------------------
                                              0.187554   data required time
                                             -0.791810   data arrival time
---------------------------------------------------------------------------------------------
                                              0.604256   slack (MET)


Startpoint: _112_ (rising edge-triggered flip-flop clocked by clk)
Endpoint: _112_ (rising edge-triggered flip-flop clocked by clk)
Path Group: clk
Path Type: min

Fanout         Cap        Slew       Delay        Time   Description
---------------------------------------------------------------------------------------------
                                  0.000000    0.000000   clock clk (rise edge)
                                  0.000000    0.000000   clock source latency
     1    0.010260    0.000000    0.000000    0.000000 ^ clk (in)
                                                         clk (net)
                      0.000143    0.000071    0.000071 ^ clkbuf_0_clk/A (sky130_fd_sc_hd__clkbuf_16)
     2    0.017377    0.039613    0.107275    0.107346 ^ clkbuf_0_clk/X (sky130_fd_sc_hd__clkbuf_16)
                                                         clknet_0_clk (net)
                      0.039613    0.000051    0.107398 ^ clkbuf_1_0__f_clk/A (sky130_fd_sc_hd__clkbuf_16)
     5    0.012149    0.035164    0.115991    0.223389 ^ clkbuf_1_0__f_clk/X (sky130_fd_sc_hd__clkbuf_16)
                                                         clknet_1_0__leaf_clk (net)
                      0.035164    0.000011    0.223400 ^ _112_/CLK (sky130_fd_sc_hd__dfrtp_1)
     5    0.013520    0.132124    0.380896    0.604296 ^ _112_/Q (sky130_fd_sc_hd__dfrtp_1)
                                                         net17 (net)
                      0.132124    0.000055    0.604351 ^ _086_/B2 (sky130_fd_sc_hd__a22o_1)
     1    0.002727    0.044110    0.138689    0.743040 ^ _086_/X (sky130_fd_sc_hd__a22o_1)
                                                         _036_ (net)
                      0.044110    0.000004    0.743043 ^ _087_/B1 (sky130_fd_sc_hd__a31o_1)
     1    0.002361    0.037950    0.083115    0.826158 ^ _087_/X (sky130_fd_sc_hd__a31o_1)
                                                         _004_ (net)
                      0.037950    0.000004    0.826163 ^ _112_/D (sky130_fd_sc_hd__dfrtp_1)
                                              0.826163   data arrival time

                                  0.000000    0.000000   clock clk (rise edge)
                                  0.000000    0.000000   clock source latency
     1    0.010260    0.000000    0.000000    0.000000 ^ clk (in)
                                                         clk (net)
                      0.000143    0.000071    0.000071 ^ clkbuf_0_clk/A (sky130_fd_sc_hd__clkbuf_16)
     2    0.017377    0.039613    0.107275    0.107346 ^ clkbuf_0_clk/X (sky130_fd_sc_hd__clkbuf_16)
                                                         clknet_0_clk (net)
                      0.039613    0.000051    0.107398 ^ clkbuf_1_0__f_clk/A (sky130_fd_sc_hd__clkbuf_16)
     5    0.012149    0.035164    0.115991    0.223389 ^ clkbuf_1_0__f_clk/X (sky130_fd_sc_hd__clkbuf_16)
                                                         clknet_1_0__leaf_clk (net)
                      0.035164    0.000011    0.223400 ^ _112_/CLK (sky130_fd_sc_hd__dfrtp_1)
                                  0.000000    0.223400   clock reconvergence pessimism
                                 -0.034629    0.188771   library hold time
                                              0.188771   data required time
---------------------------------------------------------------------------------------------
                                              0.188771   data required time
                                             -0.826163   data arrival time
---------------------------------------------------------------------------------------------
                                              0.637392   slack (MET)


Startpoint: _113_ (rising edge-triggered flip-flop clocked by clk)
Endpoint: _113_ (rising edge-triggered flip-flop clocked by clk)
Path Group: clk
Path Type: min

Fanout         Cap        Slew       Delay        Time   Description
---------------------------------------------------------------------------------------------
                                  0.000000    0.000000   clock clk (rise edge)
                                  0.000000    0.000000   clock source latency
     1    0.010260    0.000000    0.000000    0.000000 ^ clk (in)
                                                         clk (net)
                      0.000143    0.000071    0.000071 ^ clkbuf_0_clk/A (sky130_fd_sc_hd__clkbuf_16)
     2    0.017377    0.039613    0.107275    0.107346 ^ clkbuf_0_clk/X (sky130_fd_sc_hd__clkbuf_16)
                                                         clknet_0_clk (net)
                      0.039613    0.000037    0.107384 ^ clkbuf_1_1__f_clk/A (sky130_fd_sc_hd__clkbuf_16)
     4    0.010040    0.033365    0.113964    0.221348 ^ clkbuf_1_1__f_clk/X (sky130_fd_sc_hd__clkbuf_16)
                                                         clknet_1_1__leaf_clk (net)
                      0.033365    0.000012    0.221360 ^ _113_/CLK (sky130_fd_sc_hd__dfrtp_1)
     4    0.013902    0.132184    0.382508    0.603868 ^ _113_/Q (sky130_fd_sc_hd__dfrtp_1)
                                                         net18 (net)
                      0.132184    0.000036    0.603904 ^ _092_/B2 (sky130_fd_sc_hd__a22o_1)
     1    0.002954    0.046095    0.140573    0.744477 ^ _092_/X (sky130_fd_sc_hd__a22o_1)
                                                         _041_ (net)
                      0.046095    0.000008    0.744485 ^ _093_/B1 (sky130_fd_sc_hd__a31o_1)
     1    0.002262    0.037128    0.083071    0.827556 ^ _093_/X (sky130_fd_sc_hd__a31o_1)
                                                         _005_ (net)
                      0.037128    0.000003    0.827560 ^ _113_/D (sky130_fd_sc_hd__dfrtp_1)
                                              0.827560   data arrival time

                                  0.000000    0.000000   clock clk (rise edge)
                                  0.000000    0.000000   clock source latency
     1    0.010260    0.000000    0.000000    0.000000 ^ clk (in)
                                                         clk (net)
                      0.000143    0.000071    0.000071 ^ clkbuf_0_clk/A (sky130_fd_sc_hd__clkbuf_16)
     2    0.017377    0.039613    0.107275    0.107346 ^ clkbuf_0_clk/X (sky130_fd_sc_hd__clkbuf_16)
                                                         clknet_0_clk (net)
                      0.039613    0.000037    0.107384 ^ clkbuf_1_1__f_clk/A (sky130_fd_sc_hd__clkbuf_16)
     4    0.010040    0.033365    0.113964    0.221348 ^ clkbuf_1_1__f_clk/X (sky130_fd_sc_hd__clkbuf_16)
                                                         clknet_1_1__leaf_clk (net)
                      0.033365    0.000012    0.221360 ^ _113_/CLK (sky130_fd_sc_hd__dfrtp_1)
                                  0.000000    0.221360   clock reconvergence pessimism
                                 -0.034702    0.186658   library hold time
                                              0.186658   data required time
---------------------------------------------------------------------------------------------
                                              0.186658   data required time
                                             -0.827560   data arrival time
---------------------------------------------------------------------------------------------
                                              0.640902   slack (MET)


Startpoint: _110_ (rising edge-triggered flip-flop clocked by clk)
Endpoint: _110_ (rising edge-triggered flip-flop clocked by clk)
Path Group: clk
Path Type: min

Fanout         Cap        Slew       Delay        Time   Description
---------------------------------------------------------------------------------------------
                                  0.000000    0.000000   clock clk (rise edge)
                                  0.000000    0.000000   clock source latency
     1    0.010260    0.000000    0.000000    0.000000 ^ clk (in)
                                                         clk (net)
                      0.000143    0.000071    0.000071 ^ clkbuf_0_clk/A (sky130_fd_sc_hd__clkbuf_16)
     2    0.017377    0.039613    0.107275    0.107346 ^ clkbuf_0_clk/X (sky130_fd_sc_hd__clkbuf_16)
                                                         clknet_0_clk (net)
                      0.039613    0.000051    0.107398 ^ clkbuf_1_0__f_clk/A (sky130_fd_sc_hd__clkbuf_16)
     5    0.012149    0.035164    0.115991    0.223389 ^ clkbuf_1_0__f_clk/X (sky130_fd_sc_hd__clkbuf_16)
                                                         clknet_1_0__leaf_clk (net)
                      0.035164    0.000030    0.223419 ^ _110_/CLK (sky130_fd_sc_hd__dfrtp_2)
     5    0.018687    0.104961    0.392265    0.615683 ^ _110_/Q (sky130_fd_sc_hd__dfrtp_2)
                                                         net15 (net)
                      0.104961    0.000013    0.615696 ^ _071_/B2 (sky130_fd_sc_hd__a22o_1)
     1    0.002920    0.045803    0.133086    0.748782 ^ _071_/X (sky130_fd_sc_hd__a22o_1)
                                                         _023_ (net)
                      0.045803    0.000008    0.748790 ^ _072_/B1 (sky130_fd_sc_hd__a31o_1)
     1    0.002345    0.037823    0.083596    0.832385 ^ _072_/X (sky130_fd_sc_hd__a31o_1)
                                                         _002_ (net)
                      0.037823    0.000004    0.832390 ^ _110_/D (sky130_fd_sc_hd__dfrtp_2)
                                              0.832390   data arrival time

                                  0.000000    0.000000   clock clk (rise edge)
                                  0.000000    0.000000   clock source latency
     1    0.010260    0.000000    0.000000    0.000000 ^ clk (in)
                                                         clk (net)
                      0.000143    0.000071    0.000071 ^ clkbuf_0_clk/A (sky130_fd_sc_hd__clkbuf_16)
     2    0.017377    0.039613    0.107275    0.107346 ^ clkbuf_0_clk/X (sky130_fd_sc_hd__clkbuf_16)
                                                         clknet_0_clk (net)
                      0.039613    0.000051    0.107398 ^ clkbuf_1_0__f_clk/A (sky130_fd_sc_hd__clkbuf_16)
     5    0.012149    0.035164    0.115991    0.223389 ^ clkbuf_1_0__f_clk/X (sky130_fd_sc_hd__clkbuf_16)
                                                         clknet_1_0__leaf_clk (net)
                      0.035164    0.000030    0.223419 ^ _110_/CLK (sky130_fd_sc_hd__dfrtp_2)
                                  0.000000    0.223419   clock reconvergence pessimism
                                 -0.034533    0.188886   library hold time
                                              0.188886   data required time
---------------------------------------------------------------------------------------------
                                              0.188886   data required time
                                             -0.832390   data arrival time
---------------------------------------------------------------------------------------------
                                              0.643504   slack (MET)



%OL_END_REPORT
%OL_CREATE_REPORT max.rpt

===========================================================================
report_checks -path_delay max (Setup)
============================================================================
======================= nom_tt_025C_1v80 Corner ===================================

Startpoint: _109_ (rising edge-triggered flip-flop clocked by clk)
Endpoint: _115_ (rising edge-triggered flip-flop clocked by clk)
Path Group: clk
Path Type: max

Fanout         Cap        Slew       Delay        Time   Description
---------------------------------------------------------------------------------------------
                                  0.000000    0.000000   clock clk (rise edge)
                                  0.000000    0.000000   clock source latency
     1    0.010260    0.000000    0.000000    0.000000 ^ clk (in)
                                                         clk (net)
                      0.000143    0.000071    0.000071 ^ clkbuf_0_clk/A (sky130_fd_sc_hd__clkbuf_16)
     2    0.017377    0.039613    0.107275    0.107346 ^ clkbuf_0_clk/X (sky130_fd_sc_hd__clkbuf_16)
                                                         clknet_0_clk (net)
                      0.039613    0.000051    0.107398 ^ clkbuf_1_0__f_clk/A (sky130_fd_sc_hd__clkbuf_16)
     5    0.012149    0.035164    0.115991    0.223389 ^ clkbuf_1_0__f_clk/X (sky130_fd_sc_hd__clkbuf_16)
                                                         clknet_1_0__leaf_clk (net)
                      0.035164    0.000023    0.223411 ^ _109_/CLK (sky130_fd_sc_hd__dfrtp_1)
     4    0.012080    0.079616    0.396571    0.619982 v _109_/Q (sky130_fd_sc_hd__dfrtp_1)
                                                         net14 (net)
                      0.079616    0.000041    0.620023 v _062_/A (sky130_fd_sc_hd__xor2_1)
     3    0.007643    0.082194    0.189317    0.809340 v _062_/X (sky130_fd_sc_hd__xor2_1)
                                                         _015_ (net)
                      0.082194    0.000009    0.809349 v _067_/A2 (sky130_fd_sc_hd__o21a_1)
     3    0.008611    0.062872    0.206930    1.016279 v _067_/X (sky130_fd_sc_hd__o21a_1)
                                                         _019_ (net)
                      0.062872    0.000007    1.016286 v _080_/A1 (sky130_fd_sc_hd__o31ai_2)
     4    0.010503    0.296024    0.327639    1.343925 ^ _080_/Y (sky130_fd_sc_hd__o31ai_2)
                                                         _030_ (net)
                      0.296024    0.000039    1.343963 ^ _098_/A1 (sky130_fd_sc_hd__a31o_1)
     3    0.008134    0.091914    0.223090    1.567054 ^ _098_/X (sky130_fd_sc_hd__a31o_1)
                                                         _046_ (net)
                      0.091914    0.000039    1.567093 ^ _103_/A2 (sky130_fd_sc_hd__a21oi_1)
     1    0.004813    0.070429    0.083604    1.650697 v _103_/Y (sky130_fd_sc_hd__a21oi_1)
                                                         _050_ (net)
                      0.070429    0.000009    1.650706 v _105_/A (sky130_fd_sc_hd__xnor2_1)
     1    0.002538    0.049786    0.128878    1.779585 v _105_/Y (sky130_fd_sc_hd__xnor2_1)
                                                         _052_ (net)
                      0.049786    0.000004    1.779589 v _107_/A2 (sky130_fd_sc_hd__a21o_1)
     1    0.002338    0.031991    0.169775    1.949364 v _107_/X (sky130_fd_sc_hd__a21o_1)
                                                         _007_ (net)
                      0.031991    0.000005    1.949368 v _115_/D (sky130_fd_sc_hd__dfrtp_1)
                                              1.949368   data arrival time

                                  4.300000    4.300000   clock clk (rise edge)
                                  0.000000    4.300000   clock source latency
     1    0.010260    0.000000    0.000000    4.300000 ^ clk (in)
                                                         clk (net)
                      0.000143    0.000071    4.300072 ^ clkbuf_0_clk/A (sky130_fd_sc_hd__clkbuf_16)
     2    0.017377    0.039613    0.107275    4.407347 ^ clkbuf_0_clk/X (sky130_fd_sc_hd__clkbuf_16)
                                                         clknet_0_clk (net)
                      0.039613    0.000037    4.407384 ^ clkbuf_1_1__f_clk/A (sky130_fd_sc_hd__clkbuf_16)
     4    0.010040    0.033365    0.113964    4.521348 ^ clkbuf_1_1__f_clk/X (sky130_fd_sc_hd__clkbuf_16)
                                                         clknet_1_1__leaf_clk (net)
                      0.033365    0.000015    4.521363 ^ _115_/CLK (sky130_fd_sc_hd__dfrtp_1)
                                  0.000000    4.521363   clock reconvergence pessimism
                                 -0.111256    4.410107   library setup time
                                              4.410107   data required time
---------------------------------------------------------------------------------------------
                                              4.410107   data required time
                                             -1.949368   data arrival time
---------------------------------------------------------------------------------------------
                                              2.460738   slack (MET)


Startpoint: _109_ (rising edge-triggered flip-flop clocked by clk)
Endpoint: _114_ (rising edge-triggered flip-flop clocked by clk)
Path Group: clk
Path Type: max

Fanout         Cap        Slew       Delay        Time   Description
---------------------------------------------------------------------------------------------
                                  0.000000    0.000000   clock clk (rise edge)
                                  0.000000    0.000000   clock source latency
     1    0.010260    0.000000    0.000000    0.000000 ^ clk (in)
                                                         clk (net)
                      0.000143    0.000071    0.000071 ^ clkbuf_0_clk/A (sky130_fd_sc_hd__clkbuf_16)
     2    0.017377    0.039613    0.107275    0.107346 ^ clkbuf_0_clk/X (sky130_fd_sc_hd__clkbuf_16)
                                                         clknet_0_clk (net)
                      0.039613    0.000051    0.107398 ^ clkbuf_1_0__f_clk/A (sky130_fd_sc_hd__clkbuf_16)
     5    0.012149    0.035164    0.115991    0.223389 ^ clkbuf_1_0__f_clk/X (sky130_fd_sc_hd__clkbuf_16)
                                                         clknet_1_0__leaf_clk (net)
                      0.035164    0.000023    0.223411 ^ _109_/CLK (sky130_fd_sc_hd__dfrtp_1)
     4    0.012080    0.079616    0.396571    0.619982 v _109_/Q (sky130_fd_sc_hd__dfrtp_1)
                                                         net14 (net)
                      0.079616    0.000041    0.620023 v _062_/A (sky130_fd_sc_hd__xor2_1)
     3    0.007643    0.082194    0.189317    0.809340 v _062_/X (sky130_fd_sc_hd__xor2_1)
                                                         _015_ (net)
                      0.082194    0.000009    0.809349 v _067_/A2 (sky130_fd_sc_hd__o21a_1)
     3    0.008611    0.062872    0.206930    1.016279 v _067_/X (sky130_fd_sc_hd__o21a_1)
                                                         _019_ (net)
                      0.062872    0.000007    1.016286 v _080_/A1 (sky130_fd_sc_hd__o31ai_2)
     4    0.010503    0.296024    0.327639    1.343925 ^ _080_/Y (sky130_fd_sc_hd__o31ai_2)
                                                         _030_ (net)
                      0.296024    0.000039    1.343963 ^ _098_/A1 (sky130_fd_sc_hd__a31o_1)
     3    0.008134    0.091914    0.223090    1.567054 ^ _098_/X (sky130_fd_sc_hd__a31o_1)
                                                         _046_ (net)
                      0.091914    0.000038    1.567091 ^ _099_/B (sky130_fd_sc_hd__nand2_1)
     1    0.002757    0.052586    0.059482    1.626573 v _099_/Y (sky130_fd_sc_hd__nand2_1)
                                                         _047_ (net)
                      0.052586    0.000005    1.626578 v _102_/A2 (sky130_fd_sc_hd__a31o_1)
     1    0.002343    0.035687    0.198026    1.824604 v _102_/X (sky130_fd_sc_hd__a31o_1)
                                                         _006_ (net)
                      0.035687    0.000006    1.824610 v _114_/D (sky130_fd_sc_hd__dfrtp_1)
                                              1.824610   data arrival time

                                  4.300000    4.300000   clock clk (rise edge)
                                  0.000000    4.300000   clock source latency
     1    0.010260    0.000000    0.000000    4.300000 ^ clk (in)
                                                         clk (net)
                      0.000143    0.000071    4.300072 ^ clkbuf_0_clk/A (sky130_fd_sc_hd__clkbuf_16)
     2    0.017377    0.039613    0.107275    4.407347 ^ clkbuf_0_clk/X (sky130_fd_sc_hd__clkbuf_16)
                                                         clknet_0_clk (net)
                      0.039613    0.000037    4.407384 ^ clkbuf_1_1__f_clk/A (sky130_fd_sc_hd__clkbuf_16)
     4    0.010040    0.033365    0.113964    4.521348 ^ clkbuf_1_1__f_clk/X (sky130_fd_sc_hd__clkbuf_16)
                                                         clknet_1_1__leaf_clk (net)
                      0.033365    0.000012    4.521360 ^ _114_/CLK (sky130_fd_sc_hd__dfrtp_1)
                                  0.000000    4.521360   clock reconvergence pessimism
                                 -0.112870    4.408491   library setup time
                                              4.408491   data required time
---------------------------------------------------------------------------------------------
                                              4.408491   data required time
                                             -1.824610   data arrival time
---------------------------------------------------------------------------------------------
                                              2.583881   slack (MET)


Startpoint: _109_ (rising edge-triggered flip-flop clocked by clk)
Endpoint: _113_ (rising edge-triggered flip-flop clocked by clk)
Path Group: clk
Path Type: max

Fanout         Cap        Slew       Delay        Time   Description
---------------------------------------------------------------------------------------------
                                  0.000000    0.000000   clock clk (rise edge)
                                  0.000000    0.000000   clock source latency
     1    0.010260    0.000000    0.000000    0.000000 ^ clk (in)
                                                         clk (net)
                      0.000143    0.000071    0.000071 ^ clkbuf_0_clk/A (sky130_fd_sc_hd__clkbuf_16)
     2    0.017377    0.039613    0.107275    0.107346 ^ clkbuf_0_clk/X (sky130_fd_sc_hd__clkbuf_16)
                                                         clknet_0_clk (net)
                      0.039613    0.000051    0.107398 ^ clkbuf_1_0__f_clk/A (sky130_fd_sc_hd__clkbuf_16)
     5    0.012149    0.035164    0.115991    0.223389 ^ clkbuf_1_0__f_clk/X (sky130_fd_sc_hd__clkbuf_16)
                                                         clknet_1_0__leaf_clk (net)
                      0.035164    0.000023    0.223411 ^ _109_/CLK (sky130_fd_sc_hd__dfrtp_1)
     4    0.012080    0.079616    0.396571    0.619982 v _109_/Q (sky130_fd_sc_hd__dfrtp_1)
                                                         net14 (net)
                      0.079616    0.000041    0.620023 v _062_/A (sky130_fd_sc_hd__xor2_1)
     3    0.007643    0.082194    0.189317    0.809340 v _062_/X (sky130_fd_sc_hd__xor2_1)
                                                         _015_ (net)
                      0.082194    0.000009    0.809349 v _067_/A2 (sky130_fd_sc_hd__o21a_1)
     3    0.008611    0.062872    0.206930    1.016279 v _067_/X (sky130_fd_sc_hd__o21a_1)
                                                         _019_ (net)
                      0.062872    0.000007    1.016286 v _080_/A1 (sky130_fd_sc_hd__o31ai_2)
     4    0.010503    0.296024    0.327639    1.343925 ^ _080_/Y (sky130_fd_sc_hd__o31ai_2)
                                                         _030_ (net)
                      0.296024    0.000032    1.343956 ^ _089_/A1 (sky130_fd_sc_hd__a21o_1)
     2    0.004755    0.054691    0.168992    1.512949 ^ _089_/X (sky130_fd_sc_hd__a21o_1)
                                                         _038_ (net)
                      0.054691    0.000019    1.512968 ^ _090_/B (sky130_fd_sc_hd__nand2_1)
     1    0.002940    0.063198    0.051475    1.564443 v _090_/Y (sky130_fd_sc_hd__nand2_1)
                                                         _039_ (net)
                      0.063198    0.000009    1.564451 v _093_/A2 (sky130_fd_sc_hd__a31o_1)
     1    0.002205    0.035016    0.201470    1.765921 v _093_/X (sky130_fd_sc_hd__a31o_1)
                                                         _005_ (net)
                      0.035016    0.000003    1.765925 v _113_/D (sky130_fd_sc_hd__dfrtp_1)
                                              1.765925   data arrival time

                                  4.300000    4.300000   clock clk (rise edge)
                                  0.000000    4.300000   clock source latency
     1    0.010260    0.000000    0.000000    4.300000 ^ clk (in)
                                                         clk (net)
                      0.000143    0.000071    4.300072 ^ clkbuf_0_clk/A (sky130_fd_sc_hd__clkbuf_16)
     2    0.017377    0.039613    0.107275    4.407347 ^ clkbuf_0_clk/X (sky130_fd_sc_hd__clkbuf_16)
                                                         clknet_0_clk (net)
                      0.039613    0.000037    4.407384 ^ clkbuf_1_1__f_clk/A (sky130_fd_sc_hd__clkbuf_16)
     4    0.010040    0.033365    0.113964    4.521348 ^ clkbuf_1_1__f_clk/X (sky130_fd_sc_hd__clkbuf_16)
                                                         clknet_1_1__leaf_clk (net)
                      0.033365    0.000012    4.521360 ^ _113_/CLK (sky130_fd_sc_hd__dfrtp_1)
                                  0.000000    4.521360   clock reconvergence pessimism
                                 -0.112577    4.408783   library setup time
                                              4.408783   data required time
---------------------------------------------------------------------------------------------
                                              4.408783   data required time
                                             -1.765925   data arrival time
---------------------------------------------------------------------------------------------
                                              2.642858   slack (MET)


Startpoint: _109_ (rising edge-triggered flip-flop clocked by clk)
Endpoint: _111_ (rising edge-triggered flip-flop clocked by clk)
Path Group: clk
Path Type: max

Fanout         Cap        Slew       Delay        Time   Description
---------------------------------------------------------------------------------------------
                                  0.000000    0.000000   clock clk (rise edge)
                                  0.000000    0.000000   clock source latency
     1    0.010260    0.000000    0.000000    0.000000 ^ clk (in)
                                                         clk (net)
                      0.000143    0.000071    0.000071 ^ clkbuf_0_clk/A (sky130_fd_sc_hd__clkbuf_16)
     2    0.017377    0.039613    0.107275    0.107346 ^ clkbuf_0_clk/X (sky130_fd_sc_hd__clkbuf_16)
                                                         clknet_0_clk (net)
                      0.039613    0.000051    0.107398 ^ clkbuf_1_0__f_clk/A (sky130_fd_sc_hd__clkbuf_16)
     5    0.012149    0.035164    0.115991    0.223389 ^ clkbuf_1_0__f_clk/X (sky130_fd_sc_hd__clkbuf_16)
                                                         clknet_1_0__leaf_clk (net)
                      0.035164    0.000023    0.223411 ^ _109_/CLK (sky130_fd_sc_hd__dfrtp_1)
     4    0.012080    0.079616    0.396571    0.619982 v _109_/Q (sky130_fd_sc_hd__dfrtp_1)
                                                         net14 (net)
                      0.079616    0.000041    0.620023 v _062_/A (sky130_fd_sc_hd__xor2_1)
     3    0.007643    0.082194    0.189317    0.809340 v _062_/X (sky130_fd_sc_hd__xor2_1)
                                                         _015_ (net)
                      0.082194    0.000009    0.809349 v _067_/A2 (sky130_fd_sc_hd__o21a_1)
     3    0.008611    0.062872    0.206930    1.016279 v _067_/X (sky130_fd_sc_hd__o21a_1)
                                                         _019_ (net)
                      0.062872    0.000006    1.016285 v _070_/A (sky130_fd_sc_hd__or2_1)
     2    0.004991    0.060201    0.240586    1.256871 v _070_/X (sky130_fd_sc_hd__or2_1)
                                                         _022_ (net)
                      0.060201    0.000008    1.256878 v _075_/B1 (sky130_fd_sc_hd__o21ai_1)
     2    0.005350    0.145574    0.098270    1.355149 ^ _075_/Y (sky130_fd_sc_hd__o21ai_1)
                                                         _026_ (net)
                      0.145574    0.000008    1.355156 ^ _077_/A2 (sky130_fd_sc_hd__a21oi_1)
     1    0.002289    0.074383    0.082060    1.437216 v _077_/Y (sky130_fd_sc_hd__a21oi_1)
                                                         _028_ (net)
                      0.074383    0.000003    1.437219 v _078_/C1 (sky130_fd_sc_hd__a221o_1)
     1    0.002195    0.049763    0.258444    1.695663 v _078_/X (sky130_fd_sc_hd__a221o_1)
                                                         _003_ (net)
                      0.049763    0.000003    1.695666 v _111_/D (sky130_fd_sc_hd__dfrtp_1)
                                              1.695666   data arrival time

                                  4.300000    4.300000   clock clk (rise edge)
                                  0.000000    4.300000   clock source latency
     1    0.010260    0.000000    0.000000    4.300000 ^ clk (in)
                                                         clk (net)
                      0.000143    0.000071    4.300072 ^ clkbuf_0_clk/A (sky130_fd_sc_hd__clkbuf_16)
     2    0.017377    0.039613    0.107275    4.407347 ^ clkbuf_0_clk/X (sky130_fd_sc_hd__clkbuf_16)
                                                         clknet_0_clk (net)
                      0.039613    0.000037    4.407384 ^ clkbuf_1_1__f_clk/A (sky130_fd_sc_hd__clkbuf_16)
     4    0.010040    0.033365    0.113964    4.521348 ^ clkbuf_1_1__f_clk/X (sky130_fd_sc_hd__clkbuf_16)
                                                         clknet_1_1__leaf_clk (net)
                      0.033365    0.000024    4.521372 ^ _111_/CLK (sky130_fd_sc_hd__dfrtp_1)
                                  0.000000    4.521372   clock reconvergence pessimism
                                 -0.119015    4.402356   library setup time
                                              4.402356   data required time
---------------------------------------------------------------------------------------------
                                              4.402356   data required time
                                             -1.695666   data arrival time
---------------------------------------------------------------------------------------------
                                              2.706690   slack (MET)


Startpoint: _109_ (rising edge-triggered flip-flop clocked by clk)
Endpoint: _112_ (rising edge-triggered flip-flop clocked by clk)
Path Group: clk
Path Type: max

Fanout         Cap        Slew       Delay        Time   Description
---------------------------------------------------------------------------------------------
                                  0.000000    0.000000   clock clk (rise edge)
                                  0.000000    0.000000   clock source latency
     1    0.010260    0.000000    0.000000    0.000000 ^ clk (in)
                                                         clk (net)
                      0.000143    0.000071    0.000071 ^ clkbuf_0_clk/A (sky130_fd_sc_hd__clkbuf_16)
     2    0.017377    0.039613    0.107275    0.107346 ^ clkbuf_0_clk/X (sky130_fd_sc_hd__clkbuf_16)
                                                         clknet_0_clk (net)
                      0.039613    0.000051    0.107398 ^ clkbuf_1_0__f_clk/A (sky130_fd_sc_hd__clkbuf_16)
     5    0.012149    0.035164    0.115991    0.223389 ^ clkbuf_1_0__f_clk/X (sky130_fd_sc_hd__clkbuf_16)
                                                         clknet_1_0__leaf_clk (net)
                      0.035164    0.000023    0.223411 ^ _109_/CLK (sky130_fd_sc_hd__dfrtp_1)
     4    0.012080    0.079616    0.396571    0.619982 v _109_/Q (sky130_fd_sc_hd__dfrtp_1)
                                                         net14 (net)
                      0.079616    0.000041    0.620023 v _062_/A (sky130_fd_sc_hd__xor2_1)
     3    0.007643    0.082194    0.189317    0.809340 v _062_/X (sky130_fd_sc_hd__xor2_1)
                                                         _015_ (net)
                      0.082194    0.000009    0.809349 v _067_/A2 (sky130_fd_sc_hd__o21a_1)
     3    0.008611    0.062872    0.206930    1.016279 v _067_/X (sky130_fd_sc_hd__o21a_1)
                                                         _019_ (net)
                      0.062872    0.000007    1.016286 v _080_/A1 (sky130_fd_sc_hd__o31ai_2)
     4    0.010503    0.296024    0.327639    1.343925 ^ _080_/Y (sky130_fd_sc_hd__o31ai_2)
                                                         _030_ (net)
                      0.296024    0.000032    1.343956 ^ _085_/A (sky130_fd_sc_hd__nand2_1)
     1    0.002588    0.073382    0.083072    1.427028 v _085_/Y (sky130_fd_sc_hd__nand2_1)
                                                         _035_ (net)
                      0.073382    0.000005    1.427033 v _087_/A3 (sky130_fd_sc_hd__a31o_1)
     1    0.002304    0.035496    0.217419    1.644452 v _087_/X (sky130_fd_sc_hd__a31o_1)
                                                         _004_ (net)
                      0.035496    0.000004    1.644456 v _112_/D (sky130_fd_sc_hd__dfrtp_1)
                                              1.644456   data arrival time

                                  4.300000    4.300000   clock clk (rise edge)
                                  0.000000    4.300000   clock source latency
     1    0.010260    0.000000    0.000000    4.300000 ^ clk (in)
                                                         clk (net)
                      0.000143    0.000071    4.300072 ^ clkbuf_0_clk/A (sky130_fd_sc_hd__clkbuf_16)
     2    0.017377    0.039613    0.107275    4.407347 ^ clkbuf_0_clk/X (sky130_fd_sc_hd__clkbuf_16)
                                                         clknet_0_clk (net)
                      0.039613    0.000051    4.407398 ^ clkbuf_1_0__f_clk/A (sky130_fd_sc_hd__clkbuf_16)
     5    0.012149    0.035164    0.115991    4.523389 ^ clkbuf_1_0__f_clk/X (sky130_fd_sc_hd__clkbuf_16)
                                                         clknet_1_0__leaf_clk (net)
                      0.035164    0.000011    4.523400 ^ _112_/CLK (sky130_fd_sc_hd__dfrtp_1)
                                  0.000000    4.523400   clock reconvergence pessimism
                                 -0.112375    4.411025   library setup time
                                              4.411025   data required time
---------------------------------------------------------------------------------------------
                                              4.411025   data required time
                                             -1.644456   data arrival time
---------------------------------------------------------------------------------------------
                                              2.766569   slack (MET)


Startpoint: _109_ (rising edge-triggered flip-flop clocked by clk)
Endpoint: _110_ (rising edge-triggered flip-flop clocked by clk)
Path Group: clk
Path Type: max

Fanout         Cap        Slew       Delay        Time   Description
---------------------------------------------------------------------------------------------
                                  0.000000    0.000000   clock clk (rise edge)
                                  0.000000    0.000000   clock source latency
     1    0.010260    0.000000    0.000000    0.000000 ^ clk (in)
                                                         clk (net)
                      0.000143    0.000071    0.000071 ^ clkbuf_0_clk/A (sky130_fd_sc_hd__clkbuf_16)
     2    0.017377    0.039613    0.107275    0.107346 ^ clkbuf_0_clk/X (sky130_fd_sc_hd__clkbuf_16)
                                                         clknet_0_clk (net)
                      0.039613    0.000051    0.107398 ^ clkbuf_1_0__f_clk/A (sky130_fd_sc_hd__clkbuf_16)
     5    0.012149    0.035164    0.115991    0.223389 ^ clkbuf_1_0__f_clk/X (sky130_fd_sc_hd__clkbuf_16)
                                                         clknet_1_0__leaf_clk (net)
                      0.035164    0.000023    0.223411 ^ _109_/CLK (sky130_fd_sc_hd__dfrtp_1)
     4    0.012080    0.079616    0.396571    0.619982 v _109_/Q (sky130_fd_sc_hd__dfrtp_1)
                                                         net14 (net)
                      0.079616    0.000041    0.620023 v _062_/A (sky130_fd_sc_hd__xor2_1)
     3    0.007643    0.082194    0.189317    0.809340 v _062_/X (sky130_fd_sc_hd__xor2_1)
                                                         _015_ (net)
                      0.082194    0.000009    0.809349 v _067_/A2 (sky130_fd_sc_hd__o21a_1)
     3    0.008611    0.062872    0.206930    1.016279 v _067_/X (sky130_fd_sc_hd__o21a_1)
                                                         _019_ (net)
                      0.062872    0.000006    1.016285 v _070_/A (sky130_fd_sc_hd__or2_1)
     2    0.004991    0.060201    0.240586    1.256871 v _070_/X (sky130_fd_sc_hd__or2_1)
                                                         _022_ (net)
                      0.060201    0.000006    1.256877 v _072_/A3 (sky130_fd_sc_hd__a31o_1)
     1    0.002289    0.035429    0.211784    1.468661 v _072_/X (sky130_fd_sc_hd__a31o_1)
                                                         _002_ (net)
                      0.035429    0.000004    1.468665 v _110_/D (sky130_fd_sc_hd__dfrtp_2)
                                              1.468665   data arrival time

                                  4.300000    4.300000   clock clk (rise edge)
                                  0.000000    4.300000   clock source latency
     1    0.010260    0.000000    0.000000    4.300000 ^ clk (in)
                                                         clk (net)
                      0.000143    0.000071    4.300072 ^ clkbuf_0_clk/A (sky130_fd_sc_hd__clkbuf_16)
     2    0.017377    0.039613    0.107275    4.407347 ^ clkbuf_0_clk/X (sky130_fd_sc_hd__clkbuf_16)
                                                         clknet_0_clk (net)
                      0.039613    0.000051    4.407398 ^ clkbuf_1_0__f_clk/A (sky130_fd_sc_hd__clkbuf_16)
     5    0.012149    0.035164    0.115991    4.523389 ^ clkbuf_1_0__f_clk/X (sky130_fd_sc_hd__clkbuf_16)
                                                         clknet_1_0__leaf_clk (net)
                      0.035164    0.000030    4.523418 ^ _110_/CLK (sky130_fd_sc_hd__dfrtp_2)
                                  0.000000    4.523418   clock reconvergence pessimism
                                 -0.113567    4.409852   library setup time
                                              4.409852   data required time
---------------------------------------------------------------------------------------------
                                              4.409852   data required time
                                             -1.468665   data arrival time
---------------------------------------------------------------------------------------------
                                              2.941186   slack (MET)


Startpoint: _109_ (rising edge-triggered flip-flop clocked by clk)
Endpoint: _109_ (rising edge-triggered flip-flop clocked by clk)
Path Group: clk
Path Type: max

Fanout         Cap        Slew       Delay        Time   Description
---------------------------------------------------------------------------------------------
                                  0.000000    0.000000   clock clk (rise edge)
                                  0.000000    0.000000   clock source latency
     1    0.010260    0.000000    0.000000    0.000000 ^ clk (in)
                                                         clk (net)
                      0.000143    0.000071    0.000071 ^ clkbuf_0_clk/A (sky130_fd_sc_hd__clkbuf_16)
     2    0.017377    0.039613    0.107275    0.107346 ^ clkbuf_0_clk/X (sky130_fd_sc_hd__clkbuf_16)
                                                         clknet_0_clk (net)
                      0.039613    0.000051    0.107398 ^ clkbuf_1_0__f_clk/A (sky130_fd_sc_hd__clkbuf_16)
     5    0.012149    0.035164    0.115991    0.223389 ^ clkbuf_1_0__f_clk/X (sky130_fd_sc_hd__clkbuf_16)
                                                         clknet_1_0__leaf_clk (net)
                      0.035164    0.000023    0.223411 ^ _109_/CLK (sky130_fd_sc_hd__dfrtp_1)
     4    0.012080    0.079616    0.396571    0.619982 v _109_/Q (sky130_fd_sc_hd__dfrtp_1)
                                                         net14 (net)
                      0.079616    0.000041    0.620023 v _062_/A (sky130_fd_sc_hd__xor2_1)
     3    0.007643    0.082194    0.189317    0.809340 v _062_/X (sky130_fd_sc_hd__xor2_1)
                                                         _015_ (net)
                      0.082194    0.000007    0.809348 v _064_/A2 (sky130_fd_sc_hd__o21a_1)
     1    0.002928    0.035552    0.177689    0.987037 v _064_/X (sky130_fd_sc_hd__o21a_1)
                                                         _017_ (net)
                      0.035552    0.000012    0.987049 v _066_/A2 (sky130_fd_sc_hd__a21o_1)
     1    0.002216    0.031358    0.163065    1.150114 v _066_/X (sky130_fd_sc_hd__a21o_1)
                                                         _001_ (net)
                      0.031358    0.000003    1.150117 v _109_/D (sky130_fd_sc_hd__dfrtp_1)
                                              1.150117   data arrival time

                                  4.300000    4.300000   clock clk (rise edge)
                                  0.000000    4.300000   clock source latency
     1    0.010260    0.000000    0.000000    4.300000 ^ clk (in)
                                                         clk (net)
                      0.000143    0.000071    4.300072 ^ clkbuf_0_clk/A (sky130_fd_sc_hd__clkbuf_16)
     2    0.017377    0.039613    0.107275    4.407347 ^ clkbuf_0_clk/X (sky130_fd_sc_hd__clkbuf_16)
                                                         clknet_0_clk (net)
                      0.039613    0.000051    4.407398 ^ clkbuf_1_0__f_clk/A (sky130_fd_sc_hd__clkbuf_16)
     5    0.012149    0.035164    0.115991    4.523389 ^ clkbuf_1_0__f_clk/X (sky130_fd_sc_hd__clkbuf_16)
                                                         clknet_1_0__leaf_clk (net)
                      0.035164    0.000023    4.523412 ^ _109_/CLK (sky130_fd_sc_hd__dfrtp_1)
                                  0.000000    4.523412   clock reconvergence pessimism
                                 -0.110569    4.412843   library setup time
                                              4.412843   data required time
---------------------------------------------------------------------------------------------
                                              4.412843   data required time
                                             -1.150117   data arrival time
---------------------------------------------------------------------------------------------
                                              3.262726   slack (MET)


Startpoint: _108_ (rising edge-triggered flip-flop clocked by clk)
Endpoint: _108_ (rising edge-triggered flip-flop clocked by clk)
Path Group: clk
Path Type: max

Fanout         Cap        Slew       Delay        Time   Description
---------------------------------------------------------------------------------------------
                                  0.000000    0.000000   clock clk (rise edge)
                                  0.000000    0.000000   clock source latency
     1    0.010260    0.000000    0.000000    0.000000 ^ clk (in)
                                                         clk (net)
                      0.000143    0.000071    0.000071 ^ clkbuf_0_clk/A (sky130_fd_sc_hd__clkbuf_16)
     2    0.017377    0.039613    0.107275    0.107346 ^ clkbuf_0_clk/X (sky130_fd_sc_hd__clkbuf_16)
                                                         clknet_0_clk (net)
                      0.039613    0.000051    0.107398 ^ clkbuf_1_0__f_clk/A (sky130_fd_sc_hd__clkbuf_16)
     5    0.012149    0.035164    0.115991    0.223389 ^ clkbuf_1_0__f_clk/X (sky130_fd_sc_hd__clkbuf_16)
                                                         clknet_1_0__leaf_clk (net)
                      0.035164    0.000011    0.223399 ^ _108_/CLK (sky130_fd_sc_hd__dfrtp_1)
     3    0.010858    0.110285    0.364751    0.588151 ^ _108_/Q (sky130_fd_sc_hd__dfrtp_1)
                                                         net13 (net)
                      0.110285    0.000026    0.588177 ^ _054_/A (sky130_fd_sc_hd__inv_2)
     4    0.010559    0.041970    0.058964    0.647141 v _054_/Y (sky130_fd_sc_hd__inv_2)
                                                         _008_ (net)
                      0.041970    0.000004    0.647145 v _059_/B2 (sky130_fd_sc_hd__a22o_1)
     1    0.002834    0.040378    0.190829    0.837974 v _059_/X (sky130_fd_sc_hd__a22o_1)
                                                         _013_ (net)
                      0.040378    0.000011    0.837986 v _060_/B1 (sky130_fd_sc_hd__a21oi_1)
     1    0.002586    0.102607    0.104640    0.942625 ^ _060_/Y (sky130_fd_sc_hd__a21oi_1)
                                                         _000_ (net)
                      0.102607    0.000008    0.942634 ^ _108_/D (sky130_fd_sc_hd__dfrtp_1)
                                              0.942634   data arrival time

                                  4.300000    4.300000   clock clk (rise edge)
                                  0.000000    4.300000   clock source latency
     1    0.010260    0.000000    0.000000    4.300000 ^ clk (in)
                                                         clk (net)
                      0.000143    0.000071    4.300072 ^ clkbuf_0_clk/A (sky130_fd_sc_hd__clkbuf_16)
     2    0.017377    0.039613    0.107275    4.407347 ^ clkbuf_0_clk/X (sky130_fd_sc_hd__clkbuf_16)
                                                         clknet_0_clk (net)
                      0.039613    0.000051    4.407398 ^ clkbuf_1_0__f_clk/A (sky130_fd_sc_hd__clkbuf_16)
     5    0.012149    0.035164    0.115991    4.523389 ^ clkbuf_1_0__f_clk/X (sky130_fd_sc_hd__clkbuf_16)
                                                         clknet_1_0__leaf_clk (net)
                      0.035164    0.000011    4.523399 ^ _108_/CLK (sky130_fd_sc_hd__dfrtp_1)
                                  0.000000    4.523399   clock reconvergence pessimism
                                 -0.074641    4.448759   library setup time
                                              4.448759   data required time
---------------------------------------------------------------------------------------------
                                              4.448759   data required time
                                             -0.942634   data arrival time
---------------------------------------------------------------------------------------------
                                              3.506125   slack (MET)



%OL_END_REPORT
%OL_CREATE_REPORT checks.rpt

===========================================================================
report_checks -unconstrained
===========================================================================
======================= nom_tt_025C_1v80 Corner ===================================

Startpoint: _109_ (rising edge-triggered flip-flop clocked by clk)
Endpoint: _115_ (rising edge-triggered flip-flop clocked by clk)
Path Group: clk
Path Type: max

Fanout         Cap        Slew       Delay        Time   Description
---------------------------------------------------------------------------------------------
                                  0.000000    0.000000   clock clk (rise edge)
                                  0.000000    0.000000   clock source latency
     1    0.010260    0.000000    0.000000    0.000000 ^ clk (in)
                                                         clk (net)
                      0.000143    0.000071    0.000071 ^ clkbuf_0_clk/A (sky130_fd_sc_hd__clkbuf_16)
     2    0.017377    0.039613    0.107275    0.107346 ^ clkbuf_0_clk/X (sky130_fd_sc_hd__clkbuf_16)
                                                         clknet_0_clk (net)
                      0.039613    0.000051    0.107398 ^ clkbuf_1_0__f_clk/A (sky130_fd_sc_hd__clkbuf_16)
     5    0.012149    0.035164    0.115991    0.223389 ^ clkbuf_1_0__f_clk/X (sky130_fd_sc_hd__clkbuf_16)
                                                         clknet_1_0__leaf_clk (net)
                      0.035164    0.000023    0.223411 ^ _109_/CLK (sky130_fd_sc_hd__dfrtp_1)
     4    0.012080    0.079616    0.396571    0.619982 v _109_/Q (sky130_fd_sc_hd__dfrtp_1)
                                                         net14 (net)
                      0.079616    0.000041    0.620023 v _062_/A (sky130_fd_sc_hd__xor2_1)
     3    0.007643    0.082194    0.189317    0.809340 v _062_/X (sky130_fd_sc_hd__xor2_1)
                                                         _015_ (net)
                      0.082194    0.000009    0.809349 v _067_/A2 (sky130_fd_sc_hd__o21a_1)
     3    0.008611    0.062872    0.206930    1.016279 v _067_/X (sky130_fd_sc_hd__o21a_1)
                                                         _019_ (net)
                      0.062872    0.000007    1.016286 v _080_/A1 (sky130_fd_sc_hd__o31ai_2)
     4    0.010503    0.296024    0.327639    1.343925 ^ _080_/Y (sky130_fd_sc_hd__o31ai_2)
                                                         _030_ (net)
                      0.296024    0.000039    1.343963 ^ _098_/A1 (sky130_fd_sc_hd__a31o_1)
     3    0.008134    0.091914    0.223090    1.567054 ^ _098_/X (sky130_fd_sc_hd__a31o_1)
                                                         _046_ (net)
                      0.091914    0.000039    1.567093 ^ _103_/A2 (sky130_fd_sc_hd__a21oi_1)
     1    0.004813    0.070429    0.083604    1.650697 v _103_/Y (sky130_fd_sc_hd__a21oi_1)
                                                         _050_ (net)
                      0.070429    0.000009    1.650706 v _105_/A (sky130_fd_sc_hd__xnor2_1)
     1    0.002538    0.049786    0.128878    1.779585 v _105_/Y (sky130_fd_sc_hd__xnor2_1)
                                                         _052_ (net)
                      0.049786    0.000004    1.779589 v _107_/A2 (sky130_fd_sc_hd__a21o_1)
     1    0.002338    0.031991    0.169775    1.949364 v _107_/X (sky130_fd_sc_hd__a21o_1)
                                                         _007_ (net)
                      0.031991    0.000005    1.949368 v _115_/D (sky130_fd_sc_hd__dfrtp_1)
                                              1.949368   data arrival time

                                  4.300000    4.300000   clock clk (rise edge)
                                  0.000000    4.300000   clock source latency
     1    0.010260    0.000000    0.000000    4.300000 ^ clk (in)
                                                         clk (net)
                      0.000143    0.000071    4.300072 ^ clkbuf_0_clk/A (sky130_fd_sc_hd__clkbuf_16)
     2    0.017377    0.039613    0.107275    4.407347 ^ clkbuf_0_clk/X (sky130_fd_sc_hd__clkbuf_16)
                                                         clknet_0_clk (net)
                      0.039613    0.000037    4.407384 ^ clkbuf_1_1__f_clk/A (sky130_fd_sc_hd__clkbuf_16)
     4    0.010040    0.033365    0.113964    4.521348 ^ clkbuf_1_1__f_clk/X (sky130_fd_sc_hd__clkbuf_16)
                                                         clknet_1_1__leaf_clk (net)
                      0.033365    0.000015    4.521363 ^ _115_/CLK (sky130_fd_sc_hd__dfrtp_1)
                                  0.000000    4.521363   clock reconvergence pessimism
                                 -0.111256    4.410107   library setup time
                                              4.410107   data required time
---------------------------------------------------------------------------------------------
                                              4.410107   data required time
                                             -1.949368   data arrival time
---------------------------------------------------------------------------------------------
                                              2.460738   slack (MET)




===========================================================================
report_checks --slack_max -0.01
============================================================================
======================= nom_tt_025C_1v80 Corner ===================================

No paths found.


===========================================================================
 report_check_types -max_slew -max_cap -max_fanout -violators
============================================================================
======================= nom_tt_025C_1v80 Corner ===================================



===========================================================================
report_parasitic_annotation -report_unannotated
============================================================================
Found 1 unannotated drivers.
 clkload0/X
Found 0 partially unannotated drivers.

===========================================================================
max slew violation count 0
Writing metric design__max_slew_violation__count__corner:nom_tt_025C_1v80: 0
max fanout violation count 0
Writing metric design__max_fanout_violation__count__corner:nom_tt_025C_1v80: 0
max cap violation count 0
Writing metric design__max_cap_violation__count__corner:nom_tt_025C_1v80: 0
============================================================================

===========================================================================
check_setup -verbose -unconstrained_endpoints -multiple_clock -no_clock -no_input_delay -loops -generated_clocks
===========================================================================
Warning: There are 12 input ports missing set_input_delay.
  data[0]
  data[1]
  data[2]
  data[3]
  data[4]
  data[5]
  data[6]
  data[7]
  enable
  preload
  resetn
  up_down
Warning: There are 8 unconstrained endpoints.
  count[0]
  count[1]
  count[2]
  count[3]
  count[4]
  count[5]
  count[6]
  count[7]
%OL_END_REPORT
%OL_CREATE_REPORT power.rpt

===========================================================================
 report_power
============================================================================
======================= nom_tt_025C_1v80 Corner ===================================

Group                    Internal    Switching      Leakage        Total
                            Power        Power        Power        Power (Watts)
------------------------------------------------------------------------
Sequential           8.709048e-05 1.094707e-05 9.403597e-11 9.803765e-05  30.6%
Combinational        3.761153e-05 2.558782e-05 2.067185e-10 6.319956e-05  19.7%
Clock                1.291541e-04 2.981261e-05 1.258110e-10 1.589668e-04  49.6%
Macro                0.000000e+00 0.000000e+00 0.000000e+00 0.000000e+00   0.0%
Pad                  0.000000e+00 0.000000e+00 0.000000e+00 0.000000e+00   0.0%
------------------------------------------------------------------------
Total                2.538561e-04 6.634751e-05 4.265657e-10 3.202041e-04 100.0%
                            79.3%        20.7%         0.0%
Writing metric power__internal__total: 0.00025385612389072776
Writing metric power__switching__total: 6.634750752709806e-5
Writing metric power__leakage__total: 4.265656994295597e-10
Writing metric power__total: 0.00032020406797528267

%OL_END_REPORT
%OL_CREATE_REPORT skew.min.rpt

===========================================================================
Clock Skew (Hold)
============================================================================
Writing metric clock__skew__worst_hold__corner:nom_tt_025C_1v80: 0.002059130702008471
======================= nom_tt_025C_1v80 Corner ===================================

Clock clk
0.223419 source latency _110_/CLK ^
-0.221360 target latency _113_/CLK ^
0.000000 CRPR
--------------
0.002059 hold skew

%OL_END_REPORT
%OL_CREATE_REPORT skew.max.rpt

===========================================================================
Clock Skew (Setup)
============================================================================
Writing metric clock__skew__worst_setup__corner:nom_tt_025C_1v80: 0.002059130702008471
======================= nom_tt_025C_1v80 Corner ===================================

Clock clk
0.223419 source latency _110_/CLK ^
-0.221360 target latency _113_/CLK ^
0.000000 CRPR
--------------
0.002059 setup skew

%OL_END_REPORT
%OL_CREATE_REPORT ws.min.rpt

===========================================================================
Worst Slack (Hold)
============================================================================
Writing metric timing__hold__ws__corner:nom_tt_025C_1v80: 0.4778080288888921
nom_tt_025C_1v80: 0.4778080288888921
%OL_END_REPORT
%OL_CREATE_REPORT ws.max.rpt

===========================================================================
Worst Slack (Setup)
============================================================================
Writing metric timing__setup__ws__corner:nom_tt_025C_1v80: 2.4607381273579056
nom_tt_025C_1v80: 2.4607381273579056
%OL_END_REPORT
%OL_CREATE_REPORT tns.min.rpt

===========================================================================
Total Negative Slack (Hold)
============================================================================
Writing metric timing__hold__tns__corner:nom_tt_025C_1v80: 0.0
nom_tt_025C_1v80: 0.0
%OL_END_REPORT
%OL_CREATE_REPORT tns.max.rpt

===========================================================================
Total Negative Slack (Setup)
============================================================================
Writing metric timing__setup__tns__corner:nom_tt_025C_1v80: 0.0
nom_tt_025C_1v80: 0.0
%OL_END_REPORT
%OL_CREATE_REPORT wns.min.rpt

===========================================================================
Worst Negative Slack (Hold)
============================================================================
Writing metric timing__hold__wns__corner:nom_tt_025C_1v80: 0
nom_tt_025C_1v80: 0
%OL_END_REPORT
%OL_CREATE_REPORT wns.max.rpt

===========================================================================
Worst Negative Slack (Setup)
============================================================================
Writing metric timing__setup__wns__corner:nom_tt_025C_1v80: 0.0
nom_tt_025C_1v80: 0.0
%OL_END_REPORT
%OL_CREATE_REPORT violator_list.rpt

===========================================================================
Violator List
============================================================================
Writing metric timing__hold_vio__count__corner:nom_tt_025C_1v80: 0
Writing metric timing__hold_r2r__ws__corner:nom_tt_025C_1v80: 1e30
Writing metric timing__hold_r2r_vio__count__corner:nom_tt_025C_1v80: 0
Writing metric timing__setup_vio__count__corner:nom_tt_025C_1v80: 0
Writing metric timing__setup_r2r__ws__corner:nom_tt_025C_1v80: 1e30
Writing metric timing__setup_r2r_vio__count__corner:nom_tt_025C_1v80: 0
%OL_END_REPORT
%OL_CREATE_REPORT unpropagated.rpt
%OL_END_REPORT
