
===========================================================================
report_checks -unconstrained
===========================================================================
======================= nom_tt_025C_1v80 Corner ===================================

Startpoint: _109_ (rising edge-triggered flip-flop clocked by clk)
Endpoint: _115_ (rising edge-triggered flip-flop clocked by clk)
Path Group: clk
Path Type: max

Fanout         Cap        Slew       Delay        Time   Description
---------------------------------------------------------------------------------------------
                                  0.000000    0.000000   clock clk (rise edge)
                                  0.000000    0.000000   clock source latency
     1    0.011733    0.000000    0.000000    0.000000 ^ clk (in)
                                                         clk (net)
                      0.000380    0.000190    0.000190 ^ clkbuf_0_clk/A (sky130_fd_sc_hd__clkbuf_16)
     2    0.019109    0.041079    0.108848    0.109038 ^ clkbuf_0_clk/X (sky130_fd_sc_hd__clkbuf_16)
                                                         clknet_0_clk (net)
                      0.041081    0.000492    0.109531 ^ clkbuf_1_0__f_clk/A (sky130_fd_sc_hd__clkbuf_16)
     5    0.014923    0.037531    0.119068    0.228598 ^ clkbuf_1_0__f_clk/X (sky130_fd_sc_hd__clkbuf_16)
                                                         clknet_1_0__leaf_clk (net)
                      0.037531    0.000391    0.228989 ^ _109_/CLK (sky130_fd_sc_hd__dfrtp_1)
     4    0.014087    0.088464    0.405322    0.634311 v _109_/Q (sky130_fd_sc_hd__dfrtp_1)
                                                         net14 (net)
                      0.088465    0.000409    0.634720 v _062_/A (sky130_fd_sc_hd__xor2_1)
     3    0.008432    0.086989    0.195842    0.830562 v _062_/X (sky130_fd_sc_hd__xor2_1)
                                                         _015_ (net)
                      0.086989    0.000160    0.830722 v _067_/A2 (sky130_fd_sc_hd__o21a_1)
     3    0.009121    0.063013    0.211252    1.041974 v _067_/X (sky130_fd_sc_hd__o21a_1)
                                                         _019_ (net)
                      0.063013    0.000176    1.042150 v _080_/A1 (sky130_fd_sc_hd__o31ai_2)
     4    0.012731    0.321700    0.355549    1.397699 ^ _080_/Y (sky130_fd_sc_hd__o31ai_2)
                                                         _030_ (net)
                      0.321700    0.000346    1.398045 ^ _098_/A1 (sky130_fd_sc_hd__a31o_1)
     3    0.010409    0.111699    0.241385    1.639430 ^ _098_/X (sky130_fd_sc_hd__a31o_1)
                                                         _046_ (net)
                      0.111699    0.000334    1.639764 ^ _103_/A2 (sky130_fd_sc_hd__a21oi_1)
     1    0.005121    0.074804    0.091401    1.731166 v _103_/Y (sky130_fd_sc_hd__a21oi_1)
                                                         _050_ (net)
                      0.074804    0.000118    1.731284 v _105_/A (sky130_fd_sc_hd__xnor2_1)
     1    0.002645    0.049550    0.131547    1.862831 v _105_/Y (sky130_fd_sc_hd__xnor2_1)
                                                         _052_ (net)
                      0.049550    0.000076    1.862907 v _107_/A2 (sky130_fd_sc_hd__a21o_1)
     1    0.002604    0.032100    0.171288    2.034195 v _107_/X (sky130_fd_sc_hd__a21o_1)
                                                         _007_ (net)
                      0.032100    0.000074    2.034269 v _115_/D (sky130_fd_sc_hd__dfrtp_1)
                                              2.034269   data arrival time

                                  4.300000    4.300000   clock clk (rise edge)
                                  0.000000    4.300000   clock source latency
     1    0.011733    0.000000    0.000000    4.300000 ^ clk (in)
                                                         clk (net)
                      0.000380    0.000190    4.300190 ^ clkbuf_0_clk/A (sky130_fd_sc_hd__clkbuf_16)
     2    0.019109    0.041079    0.108848    4.409039 ^ clkbuf_0_clk/X (sky130_fd_sc_hd__clkbuf_16)
                                                         clknet_0_clk (net)
                      0.041080    0.000473    4.409512 ^ clkbuf_1_1__f_clk/A (sky130_fd_sc_hd__clkbuf_16)
     4    0.011563    0.034671    0.115916    4.525427 ^ clkbuf_1_1__f_clk/X (sky130_fd_sc_hd__clkbuf_16)
                                                         clknet_1_1__leaf_clk (net)
                      0.034671    0.000157    4.525585 ^ _115_/CLK (sky130_fd_sc_hd__dfrtp_1)
                                  0.000000    4.525585   clock reconvergence pessimism
                                 -0.111005    4.414579   library setup time
                                              4.414579   data required time
---------------------------------------------------------------------------------------------
                                              4.414579   data required time
                                             -2.034269   data arrival time
---------------------------------------------------------------------------------------------
                                              2.380311   slack (MET)




===========================================================================
report_checks --slack_max -0.01
============================================================================
======================= nom_tt_025C_1v80 Corner ===================================

No paths found.


===========================================================================
 report_check_types -max_slew -max_cap -max_fanout -violators
============================================================================
======================= nom_tt_025C_1v80 Corner ===================================



===========================================================================
report_parasitic_annotation -report_unannotated
============================================================================
Found 1 unannotated drivers.
 clkload0/X
Found 0 partially unannotated drivers.

===========================================================================
max slew violation count 0
max fanout violation count 0
max cap violation count 0
============================================================================

===========================================================================
check_setup -verbose -unconstrained_endpoints -multiple_clock -no_clock -no_input_delay -loops -generated_clocks
===========================================================================
Warning: There are 12 input ports missing set_input_delay.
  data[0]
  data[1]
  data[2]
  data[3]
  data[4]
  data[5]
  data[6]
  data[7]
  enable
  preload
  resetn
  up_down
Warning: There are 8 unconstrained endpoints.
  count[0]
  count[1]
  count[2]
  count[3]
  count[4]
  count[5]
  count[6]
  count[7]
