
===========================================================================
report_checks -path_delay max (Setup)
============================================================================
======================= nom_tt_025C_1v80 Corner ===================================

Startpoint: _109_ (rising edge-triggered flip-flop clocked by clk)
Endpoint: _115_ (rising edge-triggered flip-flop clocked by clk)
Path Group: clk
Path Type: max

Fanout         Cap        Slew       Delay        Time   Description
---------------------------------------------------------------------------------------------
                                  0.000000    0.000000   clock clk (rise edge)
                                  0.000000    0.000000   clock source latency
     1    0.011733    0.000000    0.000000    0.000000 ^ clk (in)
                                                         clk (net)
                      0.000380    0.000190    0.000190 ^ clkbuf_0_clk/A (sky130_fd_sc_hd__clkbuf_16)
     2    0.019109    0.041079    0.108848    0.109038 ^ clkbuf_0_clk/X (sky130_fd_sc_hd__clkbuf_16)
                                                         clknet_0_clk (net)
                      0.041081    0.000492    0.109531 ^ clkbuf_1_0__f_clk/A (sky130_fd_sc_hd__clkbuf_16)
     5    0.014923    0.037531    0.119068    0.228598 ^ clkbuf_1_0__f_clk/X (sky130_fd_sc_hd__clkbuf_16)
                                                         clknet_1_0__leaf_clk (net)
                      0.037531    0.000391    0.228989 ^ _109_/CLK (sky130_fd_sc_hd__dfrtp_1)
     4    0.014087    0.088464    0.405322    0.634311 v _109_/Q (sky130_fd_sc_hd__dfrtp_1)
                                                         net14 (net)
                      0.088465    0.000409    0.634720 v _062_/A (sky130_fd_sc_hd__xor2_1)
     3    0.008432    0.086989    0.195842    0.830562 v _062_/X (sky130_fd_sc_hd__xor2_1)
                                                         _015_ (net)
                      0.086989    0.000160    0.830722 v _067_/A2 (sky130_fd_sc_hd__o21a_1)
     3    0.009121    0.063013    0.211252    1.041974 v _067_/X (sky130_fd_sc_hd__o21a_1)
                                                         _019_ (net)
                      0.063013    0.000176    1.042150 v _080_/A1 (sky130_fd_sc_hd__o31ai_2)
     4    0.012731    0.321700    0.355549    1.397699 ^ _080_/Y (sky130_fd_sc_hd__o31ai_2)
                                                         _030_ (net)
                      0.321700    0.000346    1.398045 ^ _098_/A1 (sky130_fd_sc_hd__a31o_1)
     3    0.010409    0.111699    0.241385    1.639430 ^ _098_/X (sky130_fd_sc_hd__a31o_1)
                                                         _046_ (net)
                      0.111699    0.000334    1.639764 ^ _103_/A2 (sky130_fd_sc_hd__a21oi_1)
     1    0.005121    0.074804    0.091401    1.731166 v _103_/Y (sky130_fd_sc_hd__a21oi_1)
                                                         _050_ (net)
                      0.074804    0.000118    1.731284 v _105_/A (sky130_fd_sc_hd__xnor2_1)
     1    0.002645    0.049550    0.131547    1.862831 v _105_/Y (sky130_fd_sc_hd__xnor2_1)
                                                         _052_ (net)
                      0.049550    0.000076    1.862907 v _107_/A2 (sky130_fd_sc_hd__a21o_1)
     1    0.002604    0.032100    0.171288    2.034195 v _107_/X (sky130_fd_sc_hd__a21o_1)
                                                         _007_ (net)
                      0.032100    0.000074    2.034269 v _115_/D (sky130_fd_sc_hd__dfrtp_1)
                                              2.034269   data arrival time

                                  4.300000    4.300000   clock clk (rise edge)
                                  0.000000    4.300000   clock source latency
     1    0.011733    0.000000    0.000000    4.300000 ^ clk (in)
                                                         clk (net)
                      0.000380    0.000190    4.300190 ^ clkbuf_0_clk/A (sky130_fd_sc_hd__clkbuf_16)
     2    0.019109    0.041079    0.108848    4.409039 ^ clkbuf_0_clk/X (sky130_fd_sc_hd__clkbuf_16)
                                                         clknet_0_clk (net)
                      0.041080    0.000473    4.409512 ^ clkbuf_1_1__f_clk/A (sky130_fd_sc_hd__clkbuf_16)
     4    0.011563    0.034671    0.115916    4.525427 ^ clkbuf_1_1__f_clk/X (sky130_fd_sc_hd__clkbuf_16)
                                                         clknet_1_1__leaf_clk (net)
                      0.034671    0.000157    4.525585 ^ _115_/CLK (sky130_fd_sc_hd__dfrtp_1)
                                  0.000000    4.525585   clock reconvergence pessimism
                                 -0.111005    4.414579   library setup time
                                              4.414579   data required time
---------------------------------------------------------------------------------------------
                                              4.414579   data required time
                                             -2.034269   data arrival time
---------------------------------------------------------------------------------------------
                                              2.380311   slack (MET)


Startpoint: _109_ (rising edge-triggered flip-flop clocked by clk)
Endpoint: _114_ (rising edge-triggered flip-flop clocked by clk)
Path Group: clk
Path Type: max

Fanout         Cap        Slew       Delay        Time   Description
---------------------------------------------------------------------------------------------
                                  0.000000    0.000000   clock clk (rise edge)
                                  0.000000    0.000000   clock source latency
     1    0.011733    0.000000    0.000000    0.000000 ^ clk (in)
                                                         clk (net)
                      0.000380    0.000190    0.000190 ^ clkbuf_0_clk/A (sky130_fd_sc_hd__clkbuf_16)
     2    0.019109    0.041079    0.108848    0.109038 ^ clkbuf_0_clk/X (sky130_fd_sc_hd__clkbuf_16)
                                                         clknet_0_clk (net)
                      0.041081    0.000492    0.109531 ^ clkbuf_1_0__f_clk/A (sky130_fd_sc_hd__clkbuf_16)
     5    0.014923    0.037531    0.119068    0.228598 ^ clkbuf_1_0__f_clk/X (sky130_fd_sc_hd__clkbuf_16)
                                                         clknet_1_0__leaf_clk (net)
                      0.037531    0.000391    0.228989 ^ _109_/CLK (sky130_fd_sc_hd__dfrtp_1)
     4    0.014087    0.088464    0.405322    0.634311 v _109_/Q (sky130_fd_sc_hd__dfrtp_1)
                                                         net14 (net)
                      0.088465    0.000409    0.634720 v _062_/A (sky130_fd_sc_hd__xor2_1)
     3    0.008432    0.086989    0.195842    0.830562 v _062_/X (sky130_fd_sc_hd__xor2_1)
                                                         _015_ (net)
                      0.086989    0.000160    0.830722 v _067_/A2 (sky130_fd_sc_hd__o21a_1)
     3    0.009121    0.063013    0.211252    1.041974 v _067_/X (sky130_fd_sc_hd__o21a_1)
                                                         _019_ (net)
                      0.063013    0.000176    1.042150 v _080_/A1 (sky130_fd_sc_hd__o31ai_2)
     4    0.012731    0.321700    0.355549    1.397699 ^ _080_/Y (sky130_fd_sc_hd__o31ai_2)
                                                         _030_ (net)
                      0.321700    0.000346    1.398045 ^ _098_/A1 (sky130_fd_sc_hd__a31o_1)
     3    0.010409    0.111699    0.241385    1.639430 ^ _098_/X (sky130_fd_sc_hd__a31o_1)
                                                         _046_ (net)
                      0.111699    0.000276    1.639706 ^ _099_/B (sky130_fd_sc_hd__nand2_1)
     1    0.003476    0.060522    0.069255    1.708961 v _099_/Y (sky130_fd_sc_hd__nand2_1)
                                                         _047_ (net)
                      0.060522    0.000102    1.709063 v _102_/A2 (sky130_fd_sc_hd__a31o_1)
     1    0.002820    0.036764    0.204567    1.913630 v _102_/X (sky130_fd_sc_hd__a31o_1)
                                                         _006_ (net)
                      0.036764    0.000081    1.913711 v _114_/D (sky130_fd_sc_hd__dfrtp_1)
                                              1.913711   data arrival time

                                  4.300000    4.300000   clock clk (rise edge)
                                  0.000000    4.300000   clock source latency
     1    0.011733    0.000000    0.000000    4.300000 ^ clk (in)
                                                         clk (net)
                      0.000380    0.000190    4.300190 ^ clkbuf_0_clk/A (sky130_fd_sc_hd__clkbuf_16)
     2    0.019109    0.041079    0.108848    4.409039 ^ clkbuf_0_clk/X (sky130_fd_sc_hd__clkbuf_16)
                                                         clknet_0_clk (net)
                      0.041080    0.000473    4.409512 ^ clkbuf_1_1__f_clk/A (sky130_fd_sc_hd__clkbuf_16)
     4    0.011563    0.034671    0.115916    4.525427 ^ clkbuf_1_1__f_clk/X (sky130_fd_sc_hd__clkbuf_16)
                                                         clknet_1_1__leaf_clk (net)
                      0.034671    0.000196    4.525623 ^ _114_/CLK (sky130_fd_sc_hd__dfrtp_1)
                                  0.000000    4.525623   clock reconvergence pessimism
                                 -0.113041    4.412582   library setup time
                                              4.412582   data required time
---------------------------------------------------------------------------------------------
                                              4.412582   data required time
                                             -1.913711   data arrival time
---------------------------------------------------------------------------------------------
                                              2.498871   slack (MET)


Startpoint: _109_ (rising edge-triggered flip-flop clocked by clk)
Endpoint: _113_ (rising edge-triggered flip-flop clocked by clk)
Path Group: clk
Path Type: max

Fanout         Cap        Slew       Delay        Time   Description
---------------------------------------------------------------------------------------------
                                  0.000000    0.000000   clock clk (rise edge)
                                  0.000000    0.000000   clock source latency
     1    0.011733    0.000000    0.000000    0.000000 ^ clk (in)
                                                         clk (net)
                      0.000380    0.000190    0.000190 ^ clkbuf_0_clk/A (sky130_fd_sc_hd__clkbuf_16)
     2    0.019109    0.041079    0.108848    0.109038 ^ clkbuf_0_clk/X (sky130_fd_sc_hd__clkbuf_16)
                                                         clknet_0_clk (net)
                      0.041081    0.000492    0.109531 ^ clkbuf_1_0__f_clk/A (sky130_fd_sc_hd__clkbuf_16)
     5    0.014923    0.037531    0.119068    0.228598 ^ clkbuf_1_0__f_clk/X (sky130_fd_sc_hd__clkbuf_16)
                                                         clknet_1_0__leaf_clk (net)
                      0.037531    0.000391    0.228989 ^ _109_/CLK (sky130_fd_sc_hd__dfrtp_1)
     4    0.014087    0.088464    0.405322    0.634311 v _109_/Q (sky130_fd_sc_hd__dfrtp_1)
                                                         net14 (net)
                      0.088465    0.000409    0.634720 v _062_/A (sky130_fd_sc_hd__xor2_1)
     3    0.008432    0.086989    0.195842    0.830562 v _062_/X (sky130_fd_sc_hd__xor2_1)
                                                         _015_ (net)
                      0.086989    0.000160    0.830722 v _067_/A2 (sky130_fd_sc_hd__o21a_1)
     3    0.009121    0.063013    0.211252    1.041974 v _067_/X (sky130_fd_sc_hd__o21a_1)
                                                         _019_ (net)
                      0.063013    0.000176    1.042150 v _080_/A1 (sky130_fd_sc_hd__o31ai_2)
     4    0.012731    0.321700    0.355549    1.397699 ^ _080_/Y (sky130_fd_sc_hd__o31ai_2)
                                                         _030_ (net)
                      0.321700    0.000297    1.397996 ^ _089_/A1 (sky130_fd_sc_hd__a21o_1)
     2    0.005786    0.062946    0.177756    1.575752 ^ _089_/X (sky130_fd_sc_hd__a21o_1)
                                                         _038_ (net)
                      0.062946    0.000162    1.575914 ^ _090_/B (sky130_fd_sc_hd__nand2_1)
     1    0.003733    0.069831    0.057878    1.633792 v _090_/Y (sky130_fd_sc_hd__nand2_1)
                                                         _039_ (net)
                      0.069831    0.000121    1.633913 v _093_/A2 (sky130_fd_sc_hd__a31o_1)
     1    0.002381    0.034678    0.205412    1.839325 v _093_/X (sky130_fd_sc_hd__a31o_1)
                                                         _005_ (net)
                      0.034678    0.000067    1.839392 v _113_/D (sky130_fd_sc_hd__dfrtp_1)
                                              1.839392   data arrival time

                                  4.300000    4.300000   clock clk (rise edge)
                                  0.000000    4.300000   clock source latency
     1    0.011733    0.000000    0.000000    4.300000 ^ clk (in)
                                                         clk (net)
                      0.000380    0.000190    4.300190 ^ clkbuf_0_clk/A (sky130_fd_sc_hd__clkbuf_16)
     2    0.019109    0.041079    0.108848    4.409039 ^ clkbuf_0_clk/X (sky130_fd_sc_hd__clkbuf_16)
                                                         clknet_0_clk (net)
                      0.041080    0.000473    4.409512 ^ clkbuf_1_1__f_clk/A (sky130_fd_sc_hd__clkbuf_16)
     4    0.011563    0.034671    0.115916    4.525427 ^ clkbuf_1_1__f_clk/X (sky130_fd_sc_hd__clkbuf_16)
                                                         clknet_1_1__leaf_clk (net)
                      0.034671    0.000236    4.525663 ^ _113_/CLK (sky130_fd_sc_hd__dfrtp_1)
                                  0.000000    4.525663   clock reconvergence pessimism
                                 -0.112131    4.413532   library setup time
                                              4.413532   data required time
---------------------------------------------------------------------------------------------
                                              4.413532   data required time
                                             -1.839392   data arrival time
---------------------------------------------------------------------------------------------
                                              2.574141   slack (MET)


Startpoint: _109_ (rising edge-triggered flip-flop clocked by clk)
Endpoint: _111_ (rising edge-triggered flip-flop clocked by clk)
Path Group: clk
Path Type: max

Fanout         Cap        Slew       Delay        Time   Description
---------------------------------------------------------------------------------------------
                                  0.000000    0.000000   clock clk (rise edge)
                                  0.000000    0.000000   clock source latency
     1    0.011733    0.000000    0.000000    0.000000 ^ clk (in)
                                                         clk (net)
                      0.000380    0.000190    0.000190 ^ clkbuf_0_clk/A (sky130_fd_sc_hd__clkbuf_16)
     2    0.019109    0.041079    0.108848    0.109038 ^ clkbuf_0_clk/X (sky130_fd_sc_hd__clkbuf_16)
                                                         clknet_0_clk (net)
                      0.041081    0.000492    0.109531 ^ clkbuf_1_0__f_clk/A (sky130_fd_sc_hd__clkbuf_16)
     5    0.014923    0.037531    0.119068    0.228598 ^ clkbuf_1_0__f_clk/X (sky130_fd_sc_hd__clkbuf_16)
                                                         clknet_1_0__leaf_clk (net)
                      0.037531    0.000391    0.228989 ^ _109_/CLK (sky130_fd_sc_hd__dfrtp_1)
     4    0.014087    0.088464    0.405322    0.634311 v _109_/Q (sky130_fd_sc_hd__dfrtp_1)
                                                         net14 (net)
                      0.088465    0.000409    0.634720 v _062_/A (sky130_fd_sc_hd__xor2_1)
     3    0.008432    0.086989    0.195842    0.830562 v _062_/X (sky130_fd_sc_hd__xor2_1)
                                                         _015_ (net)
                      0.086989    0.000160    0.830722 v _067_/A2 (sky130_fd_sc_hd__o21a_1)
     3    0.009121    0.063013    0.211252    1.041974 v _067_/X (sky130_fd_sc_hd__o21a_1)
                                                         _019_ (net)
                      0.063013    0.000118    1.042092 v _070_/A (sky130_fd_sc_hd__or2_1)
     2    0.005674    0.061192    0.244522    1.286614 v _070_/X (sky130_fd_sc_hd__or2_1)
                                                         _022_ (net)
                      0.061192    0.000113    1.286727 v _075_/B1 (sky130_fd_sc_hd__o21ai_1)
     2    0.005635    0.145282    0.101270    1.387997 ^ _075_/Y (sky130_fd_sc_hd__o21ai_1)
                                                         _026_ (net)
                      0.145282    0.000134    1.388131 ^ _077_/A2 (sky130_fd_sc_hd__a21oi_1)
     1    0.002491    0.077566    0.083450    1.471581 v _077_/Y (sky130_fd_sc_hd__a21oi_1)
                                                         _028_ (net)
                      0.077566    0.000073    1.471654 v _078_/C1 (sky130_fd_sc_hd__a221o_1)
     1    0.002268    0.048796    0.260167    1.731820 v _078_/X (sky130_fd_sc_hd__a221o_1)
                                                         _003_ (net)
                      0.048796    0.000064    1.731885 v _111_/D (sky130_fd_sc_hd__dfrtp_1)
                                              1.731885   data arrival time

                                  4.300000    4.300000   clock clk (rise edge)
                                  0.000000    4.300000   clock source latency
     1    0.011733    0.000000    0.000000    4.300000 ^ clk (in)
                                                         clk (net)
                      0.000380    0.000190    4.300190 ^ clkbuf_0_clk/A (sky130_fd_sc_hd__clkbuf_16)
     2    0.019109    0.041079    0.108848    4.409039 ^ clkbuf_0_clk/X (sky130_fd_sc_hd__clkbuf_16)
                                                         clknet_0_clk (net)
                      0.041080    0.000473    4.409512 ^ clkbuf_1_1__f_clk/A (sky130_fd_sc_hd__clkbuf_16)
     4    0.011563    0.034671    0.115916    4.525427 ^ clkbuf_1_1__f_clk/X (sky130_fd_sc_hd__clkbuf_16)
                                                         clknet_1_1__leaf_clk (net)
                      0.034671    0.000210    4.525637 ^ _111_/CLK (sky130_fd_sc_hd__dfrtp_1)
                                  0.000000    4.525637   clock reconvergence pessimism
                                 -0.118294    4.407342   library setup time
                                              4.407342   data required time
---------------------------------------------------------------------------------------------
                                              4.407342   data required time
                                             -1.731885   data arrival time
---------------------------------------------------------------------------------------------
                                              2.675458   slack (MET)


Startpoint: _109_ (rising edge-triggered flip-flop clocked by clk)
Endpoint: _112_ (rising edge-triggered flip-flop clocked by clk)
Path Group: clk
Path Type: max

Fanout         Cap        Slew       Delay        Time   Description
---------------------------------------------------------------------------------------------
                                  0.000000    0.000000   clock clk (rise edge)
                                  0.000000    0.000000   clock source latency
     1    0.011733    0.000000    0.000000    0.000000 ^ clk (in)
                                                         clk (net)
                      0.000380    0.000190    0.000190 ^ clkbuf_0_clk/A (sky130_fd_sc_hd__clkbuf_16)
     2    0.019109    0.041079    0.108848    0.109038 ^ clkbuf_0_clk/X (sky130_fd_sc_hd__clkbuf_16)
                                                         clknet_0_clk (net)
                      0.041081    0.000492    0.109531 ^ clkbuf_1_0__f_clk/A (sky130_fd_sc_hd__clkbuf_16)
     5    0.014923    0.037531    0.119068    0.228598 ^ clkbuf_1_0__f_clk/X (sky130_fd_sc_hd__clkbuf_16)
                                                         clknet_1_0__leaf_clk (net)
                      0.037531    0.000391    0.228989 ^ _109_/CLK (sky130_fd_sc_hd__dfrtp_1)
     4    0.014087    0.088464    0.405322    0.634311 v _109_/Q (sky130_fd_sc_hd__dfrtp_1)
                                                         net14 (net)
                      0.088465    0.000409    0.634720 v _062_/A (sky130_fd_sc_hd__xor2_1)
     3    0.008432    0.086989    0.195842    0.830562 v _062_/X (sky130_fd_sc_hd__xor2_1)
                                                         _015_ (net)
                      0.086989    0.000160    0.830722 v _067_/A2 (sky130_fd_sc_hd__o21a_1)
     3    0.009121    0.063013    0.211252    1.041974 v _067_/X (sky130_fd_sc_hd__o21a_1)
                                                         _019_ (net)
                      0.063013    0.000176    1.042150 v _080_/A1 (sky130_fd_sc_hd__o31ai_2)
     4    0.012731    0.321700    0.355549    1.397699 ^ _080_/Y (sky130_fd_sc_hd__o31ai_2)
                                                         _030_ (net)
                      0.321700    0.000304    1.398003 ^ _085_/A (sky130_fd_sc_hd__nand2_1)
     1    0.002792    0.076017    0.087062    1.485065 v _085_/Y (sky130_fd_sc_hd__nand2_1)
                                                         _035_ (net)
                      0.076017    0.000081    1.485147 v _087_/A3 (sky130_fd_sc_hd__a31o_1)
     1    0.002650    0.035977    0.220862    1.706009 v _087_/X (sky130_fd_sc_hd__a31o_1)
                                                         _004_ (net)
                      0.035977    0.000077    1.706085 v _112_/D (sky130_fd_sc_hd__dfrtp_1)
                                              1.706085   data arrival time

                                  4.300000    4.300000   clock clk (rise edge)
                                  0.000000    4.300000   clock source latency
     1    0.011733    0.000000    0.000000    4.300000 ^ clk (in)
                                                         clk (net)
                      0.000380    0.000190    4.300190 ^ clkbuf_0_clk/A (sky130_fd_sc_hd__clkbuf_16)
     2    0.019109    0.041079    0.108848    4.409039 ^ clkbuf_0_clk/X (sky130_fd_sc_hd__clkbuf_16)
                                                         clknet_0_clk (net)
                      0.041081    0.000492    4.409531 ^ clkbuf_1_0__f_clk/A (sky130_fd_sc_hd__clkbuf_16)
     5    0.014923    0.037531    0.119068    4.528598 ^ clkbuf_1_0__f_clk/X (sky130_fd_sc_hd__clkbuf_16)
                                                         clknet_1_0__leaf_clk (net)
                      0.037531    0.000466    4.529065 ^ _112_/CLK (sky130_fd_sc_hd__dfrtp_1)
                                  0.000000    4.529065   clock reconvergence pessimism
                                 -0.112044    4.417021   library setup time
                                              4.417021   data required time
---------------------------------------------------------------------------------------------
                                              4.417021   data required time
                                             -1.706085   data arrival time
---------------------------------------------------------------------------------------------
                                              2.710935   slack (MET)


Startpoint: _109_ (rising edge-triggered flip-flop clocked by clk)
Endpoint: _110_ (rising edge-triggered flip-flop clocked by clk)
Path Group: clk
Path Type: max

Fanout         Cap        Slew       Delay        Time   Description
---------------------------------------------------------------------------------------------
                                  0.000000    0.000000   clock clk (rise edge)
                                  0.000000    0.000000   clock source latency
     1    0.011733    0.000000    0.000000    0.000000 ^ clk (in)
                                                         clk (net)
                      0.000380    0.000190    0.000190 ^ clkbuf_0_clk/A (sky130_fd_sc_hd__clkbuf_16)
     2    0.019109    0.041079    0.108848    0.109038 ^ clkbuf_0_clk/X (sky130_fd_sc_hd__clkbuf_16)
                                                         clknet_0_clk (net)
                      0.041081    0.000492    0.109531 ^ clkbuf_1_0__f_clk/A (sky130_fd_sc_hd__clkbuf_16)
     5    0.014923    0.037531    0.119068    0.228598 ^ clkbuf_1_0__f_clk/X (sky130_fd_sc_hd__clkbuf_16)
                                                         clknet_1_0__leaf_clk (net)
                      0.037531    0.000391    0.228989 ^ _109_/CLK (sky130_fd_sc_hd__dfrtp_1)
     4    0.014087    0.088464    0.405322    0.634311 v _109_/Q (sky130_fd_sc_hd__dfrtp_1)
                                                         net14 (net)
                      0.088465    0.000409    0.634720 v _062_/A (sky130_fd_sc_hd__xor2_1)
     3    0.008432    0.086989    0.195842    0.830562 v _062_/X (sky130_fd_sc_hd__xor2_1)
                                                         _015_ (net)
                      0.086989    0.000160    0.830722 v _067_/A2 (sky130_fd_sc_hd__o21a_1)
     3    0.009121    0.063013    0.211252    1.041974 v _067_/X (sky130_fd_sc_hd__o21a_1)
                                                         _019_ (net)
                      0.063013    0.000118    1.042092 v _070_/A (sky130_fd_sc_hd__or2_1)
     2    0.005674    0.061192    0.244522    1.286614 v _070_/X (sky130_fd_sc_hd__or2_1)
                                                         _022_ (net)
                      0.061192    0.000112    1.286726 v _072_/A3 (sky130_fd_sc_hd__a31o_1)
     1    0.002453    0.035000    0.213296    1.500022 v _072_/X (sky130_fd_sc_hd__a31o_1)
                                                         _002_ (net)
                      0.035000    0.000070    1.500091 v _110_/D (sky130_fd_sc_hd__dfrtp_2)
                                              1.500091   data arrival time

                                  4.300000    4.300000   clock clk (rise edge)
                                  0.000000    4.300000   clock source latency
     1    0.011733    0.000000    0.000000    4.300000 ^ clk (in)
                                                         clk (net)
                      0.000380    0.000190    4.300190 ^ clkbuf_0_clk/A (sky130_fd_sc_hd__clkbuf_16)
     2    0.019109    0.041079    0.108848    4.409039 ^ clkbuf_0_clk/X (sky130_fd_sc_hd__clkbuf_16)
                                                         clknet_0_clk (net)
                      0.041081    0.000492    4.409531 ^ clkbuf_1_0__f_clk/A (sky130_fd_sc_hd__clkbuf_16)
     5    0.014923    0.037531    0.119068    4.528598 ^ clkbuf_1_0__f_clk/X (sky130_fd_sc_hd__clkbuf_16)
                                                         clknet_1_0__leaf_clk (net)
                      0.037531    0.000425    4.529024 ^ _110_/CLK (sky130_fd_sc_hd__dfrtp_2)
                                  0.000000    4.529024   clock reconvergence pessimism
                                 -0.112832    4.416192   library setup time
                                              4.416192   data required time
---------------------------------------------------------------------------------------------
                                              4.416192   data required time
                                             -1.500091   data arrival time
---------------------------------------------------------------------------------------------
                                              2.916100   slack (MET)


Startpoint: _109_ (rising edge-triggered flip-flop clocked by clk)
Endpoint: _109_ (rising edge-triggered flip-flop clocked by clk)
Path Group: clk
Path Type: max

Fanout         Cap        Slew       Delay        Time   Description
---------------------------------------------------------------------------------------------
                                  0.000000    0.000000   clock clk (rise edge)
                                  0.000000    0.000000   clock source latency
     1    0.011733    0.000000    0.000000    0.000000 ^ clk (in)
                                                         clk (net)
                      0.000380    0.000190    0.000190 ^ clkbuf_0_clk/A (sky130_fd_sc_hd__clkbuf_16)
     2    0.019109    0.041079    0.108848    0.109038 ^ clkbuf_0_clk/X (sky130_fd_sc_hd__clkbuf_16)
                                                         clknet_0_clk (net)
                      0.041081    0.000492    0.109531 ^ clkbuf_1_0__f_clk/A (sky130_fd_sc_hd__clkbuf_16)
     5    0.014923    0.037531    0.119068    0.228598 ^ clkbuf_1_0__f_clk/X (sky130_fd_sc_hd__clkbuf_16)
                                                         clknet_1_0__leaf_clk (net)
                      0.037531    0.000391    0.228989 ^ _109_/CLK (sky130_fd_sc_hd__dfrtp_1)
     4    0.014087    0.088464    0.405322    0.634311 v _109_/Q (sky130_fd_sc_hd__dfrtp_1)
                                                         net14 (net)
                      0.088465    0.000409    0.634720 v _062_/A (sky130_fd_sc_hd__xor2_1)
     3    0.008432    0.086989    0.195842    0.830562 v _062_/X (sky130_fd_sc_hd__xor2_1)
                                                         _015_ (net)
                      0.086989    0.000155    0.830717 v _064_/A2 (sky130_fd_sc_hd__o21a_1)
     1    0.003678    0.039271    0.184158    1.014875 v _064_/X (sky130_fd_sc_hd__o21a_1)
                                                         _017_ (net)
                      0.039271    0.000119    1.014994 v _066_/A2 (sky130_fd_sc_hd__a21o_1)
     1    0.002362    0.030990    0.165501    1.180495 v _066_/X (sky130_fd_sc_hd__a21o_1)
                                                         _001_ (net)
                      0.030990    0.000067    1.180561 v _109_/D (sky130_fd_sc_hd__dfrtp_1)
                                              1.180561   data arrival time

                                  4.300000    4.300000   clock clk (rise edge)
                                  0.000000    4.300000   clock source latency
     1    0.011733    0.000000    0.000000    4.300000 ^ clk (in)
                                                         clk (net)
                      0.000380    0.000190    4.300190 ^ clkbuf_0_clk/A (sky130_fd_sc_hd__clkbuf_16)
     2    0.019109    0.041079    0.108848    4.409039 ^ clkbuf_0_clk/X (sky130_fd_sc_hd__clkbuf_16)
                                                         clknet_0_clk (net)
                      0.041081    0.000492    4.409531 ^ clkbuf_1_0__f_clk/A (sky130_fd_sc_hd__clkbuf_16)
     5    0.014923    0.037531    0.119068    4.528598 ^ clkbuf_1_0__f_clk/X (sky130_fd_sc_hd__clkbuf_16)
                                                         clknet_1_0__leaf_clk (net)
                      0.037531    0.000391    4.528989 ^ _109_/CLK (sky130_fd_sc_hd__dfrtp_1)
                                  0.000000    4.528989   clock reconvergence pessimism
                                 -0.109867    4.419122   library setup time
                                              4.419122   data required time
---------------------------------------------------------------------------------------------
                                              4.419122   data required time
                                             -1.180561   data arrival time
---------------------------------------------------------------------------------------------
                                              3.238561   slack (MET)


Startpoint: _108_ (rising edge-triggered flip-flop clocked by clk)
Endpoint: _108_ (rising edge-triggered flip-flop clocked by clk)
Path Group: clk
Path Type: max

Fanout         Cap        Slew       Delay        Time   Description
---------------------------------------------------------------------------------------------
                                  0.000000    0.000000   clock clk (rise edge)
                                  0.000000    0.000000   clock source latency
     1    0.011733    0.000000    0.000000    0.000000 ^ clk (in)
                                                         clk (net)
                      0.000380    0.000190    0.000190 ^ clkbuf_0_clk/A (sky130_fd_sc_hd__clkbuf_16)
     2    0.019109    0.041079    0.108848    0.109038 ^ clkbuf_0_clk/X (sky130_fd_sc_hd__clkbuf_16)
                                                         clknet_0_clk (net)
                      0.041081    0.000492    0.109531 ^ clkbuf_1_0__f_clk/A (sky130_fd_sc_hd__clkbuf_16)
     5    0.014923    0.037531    0.119068    0.228598 ^ clkbuf_1_0__f_clk/X (sky130_fd_sc_hd__clkbuf_16)
                                                         clknet_1_0__leaf_clk (net)
                      0.037531    0.000329    0.228927 ^ _108_/CLK (sky130_fd_sc_hd__dfrtp_1)
     3    0.012418    0.120079    0.374826    0.603753 ^ _108_/Q (sky130_fd_sc_hd__dfrtp_1)
                                                         net13 (net)
                      0.120079    0.000498    0.604252 ^ _054_/A (sky130_fd_sc_hd__inv_2)
     4    0.011891    0.047496    0.065156    0.669407 v _054_/Y (sky130_fd_sc_hd__inv_2)
                                                         _008_ (net)
                      0.047496    0.000143    0.669550 v _059_/B2 (sky130_fd_sc_hd__a22o_1)
     1    0.003188    0.042360    0.195224    0.864774 v _059_/X (sky130_fd_sc_hd__a22o_1)
                                                         _013_ (net)
                      0.042360    0.000099    0.864874 v _060_/B1 (sky130_fd_sc_hd__a21oi_1)
     1    0.003159    0.110664    0.113584    0.978458 ^ _060_/Y (sky130_fd_sc_hd__a21oi_1)
                                                         _000_ (net)
                      0.110664    0.000100    0.978557 ^ _108_/D (sky130_fd_sc_hd__dfrtp_1)
                                              0.978557   data arrival time

                                  4.300000    4.300000   clock clk (rise edge)
                                  0.000000    4.300000   clock source latency
     1    0.011733    0.000000    0.000000    4.300000 ^ clk (in)
                                                         clk (net)
                      0.000380    0.000190    4.300190 ^ clkbuf_0_clk/A (sky130_fd_sc_hd__clkbuf_16)
     2    0.019109    0.041079    0.108848    4.409039 ^ clkbuf_0_clk/X (sky130_fd_sc_hd__clkbuf_16)
                                                         clknet_0_clk (net)
                      0.041081    0.000492    4.409531 ^ clkbuf_1_0__f_clk/A (sky130_fd_sc_hd__clkbuf_16)
     5    0.014923    0.037531    0.119068    4.528598 ^ clkbuf_1_0__f_clk/X (sky130_fd_sc_hd__clkbuf_16)
                                                         clknet_1_0__leaf_clk (net)
                      0.037531    0.000329    4.528928 ^ _108_/CLK (sky130_fd_sc_hd__dfrtp_1)
                                  0.000000    4.528928   clock reconvergence pessimism
                                 -0.076142    4.452785   library setup time
                                              4.452785   data required time
---------------------------------------------------------------------------------------------
                                              4.452785   data required time
                                             -0.978557   data arrival time
---------------------------------------------------------------------------------------------
                                              3.474228   slack (MET)



