Reading OpenROAD database at '/home/lanh/20213979/counterfullstep/runs/RUN_2024-12-04_12-38-59/24-openroad-ioplacement/counter.odb'…
Reading library file at '/home/lanh/.volare/volare/sky130/versions/bdc9412b3e468c102d01b7cf6337be06ec6e9c9a/sky130A/libs.ref/sky130_fd_sc_hd/lib/sky130_fd_sc_hd__tt_025C_1v80.lib'…
Reading design constraints file at '/nix/store/7pjp85bb8s6pxm1bjmnsfwh9ga9bar5b-python3-3.11.9-env/lib/python3.11/site-packages/openlane/scripts/base.sdc'…
[INFO] Using clock clk…
[INFO] Setting output delay to: 0.7
[INFO] Setting input delay to: 0.7
[INFO] Setting load to: 0.033442
[INFO] Setting clock uncertainty to: 0.25
[INFO] Setting clock transition to: 0.1499999999999999944488848768742172978818416595458984375
[INFO] Setting timing derate to: 5%
[INFO] Setting RC values…
[INFO] Setting signal min routing layer to: met1 and clock min routing layer to met1. 
[INFO] Setting signal max routing layer to: met5 and clock max routing layer to met5. 
[INFO GPL-0002] DBU: 1000
[INFO GPL-0003] SiteSize: (  0.460  2.720 ) um
[INFO GPL-0004] CoreBBox: (  5.520 10.880 ) ( 42.780 46.240 ) um
[INFO GPL-0006] NumInstances:               103
[INFO GPL-0007] NumPlaceInstances:           62
[INFO GPL-0008] NumFixedInstances:           41
[INFO GPL-0009] NumDummyInstances:            0
[INFO GPL-0010] NumNets:                     75
[INFO GPL-0011] NumPins:                    252
[INFO GPL-0012] DieBBox:  (  0.000  0.000 ) ( 48.375 59.095 ) um
[INFO GPL-0013] CoreBBox: (  5.520 10.880 ) ( 42.780 46.240 ) um
[INFO GPL-0016] CoreArea:              1317.514 um^2
[INFO GPL-0017] NonPlaceInstsArea:      116.362 um^2
[INFO GPL-0018] PlaceInstsArea:         696.918 um^2
[INFO GPL-0019] Util:                    58.021 %
[INFO GPL-0020] StdInstsArea:           696.918 um^2
[INFO GPL-0021] MacroInstsArea:           0.000 um^2
[InitialPlace]  Iter: 1 CG residual: 0.00000009 HPWL: 1417724
[InitialPlace]  Iter: 2 CG residual: 0.00000009 HPWL: 1212523
[InitialPlace]  Iter: 3 CG residual: 0.00000008 HPWL: 1215716
[InitialPlace]  Iter: 4 CG residual: 0.00000008 HPWL: 1221421
[InitialPlace]  Iter: 5 CG residual: 0.00000009 HPWL: 1220094
[INFO GPL-0031] FillerInit:NumGCells:        69
[INFO GPL-0032] FillerInit:NumGNets:         75
[INFO GPL-0033] FillerInit:NumGPins:        252
[INFO GPL-0023] TargetDensity:            0.643
[INFO GPL-0024] AvrgPlaceInstArea:       11.241 um^2
[INFO GPL-0025] IdealBinArea:            17.476 um^2
[INFO GPL-0026] IdealBinCnt:                 75
[INFO GPL-0027] TotalBinArea:          1317.514 um^2
[INFO GPL-0028] BinCnt:         8      8
[INFO GPL-0029] BinSize: (  4.658  4.420 )
[INFO GPL-0030] NumBins: 64
[NesterovSolve] Iter:    1 overflow: 0.682 HPWL: 758926
[INFO GPL-0100] worst slack 1.07e-09
[INFO GPL-0103] Weighted 6 nets.
[INFO GPL-0100] worst slack 1.06e-09
[INFO GPL-0103] Weighted 6 nets.
[NesterovSolve] Snapshot saved at iter = 3
[NesterovSolve] Iter:   10 overflow: 0.554 HPWL: 790465
[NesterovSolve] Iter:   20 overflow: 0.557 HPWL: 789306
[NesterovSolve] Iter:   30 overflow: 0.557 HPWL: 789461
[NesterovSolve] Iter:   40 overflow: 0.557 HPWL: 789378
[NesterovSolve] Iter:   50 overflow: 0.557 HPWL: 789379
[NesterovSolve] Iter:   60 overflow: 0.557 HPWL: 789398
[NesterovSolve] Iter:   70 overflow: 0.557 HPWL: 789427
[NesterovSolve] Iter:   80 overflow: 0.556 HPWL: 789471
[NesterovSolve] Iter:   90 overflow: 0.556 HPWL: 789546
[NesterovSolve] Iter:  100 overflow: 0.556 HPWL: 789684
[NesterovSolve] Iter:  110 overflow: 0.556 HPWL: 789881
[NesterovSolve] Iter:  120 overflow: 0.555 HPWL: 790191
[NesterovSolve] Iter:  130 overflow: 0.554 HPWL: 790529
[NesterovSolve] Iter:  140 overflow: 0.552 HPWL: 790888
[NesterovSolve] Iter:  150 overflow: 0.548 HPWL: 791119
[NesterovSolve] Iter:  160 overflow: 0.542 HPWL: 791515
[NesterovSolve] Iter:  170 overflow: 0.533 HPWL: 792391
[NesterovSolve] Iter:  180 overflow: 0.520 HPWL: 793550
[NesterovSolve] Iter:  190 overflow: 0.499 HPWL: 794819
[INFO GPL-0100] worst slack 1.04e-09
[INFO GPL-0103] Weighted 7 nets.
[NesterovSolve] Iter:  200 overflow: 0.482 HPWL: 785009
[NesterovSolve] Iter:  210 overflow: 0.452 HPWL: 790156
[NesterovSolve] Iter:  220 overflow: 0.425 HPWL: 790122
[NesterovSolve] Iter:  230 overflow: 0.391 HPWL: 792534
[NesterovSolve] Iter:  240 overflow: 0.351 HPWL: 793800
[NesterovSolve] Iter:  250 overflow: 0.323 HPWL: 799161
[NesterovSolve] Iter:  260 overflow: 0.297 HPWL: 805462
[INFO GPL-0100] worst slack 1.04e-09
[INFO GPL-0103] Weighted 7 nets.
[NesterovSolve] Iter:  270 overflow: 0.273 HPWL: 808415
[NesterovSolve] Iter:  280 overflow: 0.243 HPWL: 821677
[NesterovSolve] Iter:  290 overflow: 0.214 HPWL: 828808
[INFO GPL-0100] worst slack 1.14e-09
[INFO GPL-0103] Weighted 7 nets.
[INFO GPL-0075] Routability numCall: 1 inflationIterCnt: 1 bloatIterCnt: 0
[INFO GPL-0036] TileBBox: (    0    0 ) ( 6900 6900 ) DBU
[INFO GPL-0038] TileCnt:       7    8
[INFO GPL-0039] numRoutingLayers: 6
[INFO GPL-0040] NumTiles: 56
[INFO GPL-0063] TotalRouteOverflowH2: 0
[INFO GPL-0064] TotalRouteOverflowV2: 0
[INFO GPL-0065] OverflowTileCnt2: 0
[INFO GPL-0066] 0.5%RC: 1.0000
[INFO GPL-0067] 1.0%RC: 1.0000
[INFO GPL-0068] 2.0%RC: 0.9625
[INFO GPL-0069] 5.0%RC: 0.8889
[INFO GPL-0070] 0.5rcK: 1
[INFO GPL-0071] 1.0rcK: 1
[INFO GPL-0072] 2.0rcK: 0
[INFO GPL-0073] 5.0rcK: 0
[INFO GPL-0074] FinalRC: 1.0000
[INFO GPL-0078] FinalRC lower than minRC (1e+30), min RC updated.
[INFO GPL-0045] InflatedAreaDelta:        0.000 um^2
[INFO GPL-0046] TargetDensity:            0.643
[INFO GPL-0049] WhiteSpaceArea:        1201.152 um^2
[INFO GPL-0050] NesterovInstsArea:      696.918 um^2
[INFO GPL-0051] TotalFillerArea:         75.675 um^2
[INFO GPL-0052] TotalGCellsArea:        772.593 um^2
[INFO GPL-0053] ExpectedGCellsArea:     772.593 um^2
[INFO GPL-0054] NewTargetDensity:         0.643
[INFO GPL-0055] NewWhiteSpaceArea:     1201.152 um^2
[INFO GPL-0056] MovableArea:            772.593 um^2
[INFO GPL-0057] NewNesterovInstArea:    696.918 um^2
[INFO GPL-0058] NewTotalFillerArea:      75.675 um^2
[INFO GPL-0059] NewTotalGCellsArea:     772.593 um^2
[NesterovSolve] Revert back to snapshot coordi
[NesterovSolve] Iter:  300 overflow: 0.561 HPWL: 784138
[NesterovSolve] Iter:  310 overflow: 0.560 HPWL: 784165
[NesterovSolve] Iter:  320 overflow: 0.562 HPWL: 784325
[NesterovSolve] Iter:  330 overflow: 0.561 HPWL: 784263
[NesterovSolve] Iter:  340 overflow: 0.561 HPWL: 784211
[NesterovSolve] Iter:  350 overflow: 0.561 HPWL: 784285
[NesterovSolve] Iter:  360 overflow: 0.561 HPWL: 784262
[NesterovSolve] Iter:  370 overflow: 0.561 HPWL: 784262
[NesterovSolve] Iter:  380 overflow: 0.561 HPWL: 784262
[NesterovSolve] Iter:  390 overflow: 0.561 HPWL: 784277
[NesterovSolve] Iter:  400 overflow: 0.561 HPWL: 784275
[NesterovSolve] Iter:  410 overflow: 0.560 HPWL: 784269
[NesterovSolve] Iter:  420 overflow: 0.560 HPWL: 784261
[NesterovSolve] Iter:  430 overflow: 0.560 HPWL: 784273
[NesterovSolve] Iter:  440 overflow: 0.559 HPWL: 784312
[NesterovSolve] Iter:  450 overflow: 0.558 HPWL: 784462
[NesterovSolve] Iter:  460 overflow: 0.556 HPWL: 784591
[NesterovSolve] Iter:  470 overflow: 0.554 HPWL: 784886
[NesterovSolve] Iter:  480 overflow: 0.551 HPWL: 785144
[NesterovSolve] Iter:  490 overflow: 0.546 HPWL: 785503
[NesterovSolve] Iter:  500 overflow: 0.539 HPWL: 786056
[NesterovSolve] Iter:  510 overflow: 0.530 HPWL: 786662
[NesterovSolve] Iter:  520 overflow: 0.517 HPWL: 787478
[NesterovSolve] Iter:  530 overflow: 0.499 HPWL: 788185
[NesterovSolve] Iter:  540 overflow: 0.477 HPWL: 788573
[NesterovSolve] Iter:  550 overflow: 0.455 HPWL: 788736
[NesterovSolve] Iter:  560 overflow: 0.437 HPWL: 790691
[NesterovSolve] Iter:  570 overflow: 0.413 HPWL: 791583
[NesterovSolve] Iter:  580 overflow: 0.387 HPWL: 792884
[NesterovSolve] Iter:  590 overflow: 0.355 HPWL: 793214
[NesterovSolve] Iter:  600 overflow: 0.331 HPWL: 798825
[NesterovSolve] Iter:  610 overflow: 0.306 HPWL: 804991
[NesterovSolve] Iter:  620 overflow: 0.278 HPWL: 810189
[NesterovSolve] Iter:  630 overflow: 0.252 HPWL: 816927
[NesterovSolve] Iter:  640 overflow: 0.223 HPWL: 827045
[INFO GPL-0075] Routability numCall: 2 inflationIterCnt: 2 bloatIterCnt: 0
[INFO GPL-0036] TileBBox: (    0    0 ) ( 6900 6900 ) DBU
[INFO GPL-0038] TileCnt:       7    8
[INFO GPL-0039] numRoutingLayers: 6
[INFO GPL-0040] NumTiles: 56
[INFO GPL-0063] TotalRouteOverflowH2: 0
[INFO GPL-0064] TotalRouteOverflowV2: 0
[INFO GPL-0065] OverflowTileCnt2: 0
[INFO GPL-0066] 0.5%RC: 1.0000
[INFO GPL-0067] 1.0%RC: 1.0000
[INFO GPL-0068] 2.0%RC: 0.9750
[INFO GPL-0069] 5.0%RC: 0.9278
[INFO GPL-0070] 0.5rcK: 1
[INFO GPL-0071] 1.0rcK: 1
[INFO GPL-0072] 2.0rcK: 0
[INFO GPL-0073] 5.0rcK: 0
[INFO GPL-0074] FinalRC: 1.0000
[INFO GPL-0079] MinRC (1) violation occurred, total count: 1.
[INFO GPL-0045] InflatedAreaDelta:        0.000 um^2
[INFO GPL-0046] TargetDensity:            0.643
[INFO GPL-0049] WhiteSpaceArea:        1201.152 um^2
[INFO GPL-0050] NesterovInstsArea:      696.918 um^2
[INFO GPL-0051] TotalFillerArea:         75.675 um^2
[INFO GPL-0052] TotalGCellsArea:        772.593 um^2
[INFO GPL-0053] ExpectedGCellsArea:     772.593 um^2
[INFO GPL-0054] NewTargetDensity:         0.643
[INFO GPL-0055] NewWhiteSpaceArea:     1201.152 um^2
[INFO GPL-0056] MovableArea:            772.593 um^2
[INFO GPL-0057] NewNesterovInstArea:    696.918 um^2
[INFO GPL-0058] NewTotalFillerArea:      75.675 um^2
[INFO GPL-0059] NewTotalGCellsArea:     772.593 um^2
[NesterovSolve] Revert back to snapshot coordi
[NesterovSolve] Iter:  650 overflow: 0.573 HPWL: 783653
[NesterovSolve] Iter:  660 overflow: 0.558 HPWL: 784650
[NesterovSolve] Iter:  670 overflow: 0.562 HPWL: 784185
[NesterovSolve] Iter:  680 overflow: 0.561 HPWL: 784378
[NesterovSolve] Iter:  690 overflow: 0.561 HPWL: 784178
[NesterovSolve] Iter:  700 overflow: 0.561 HPWL: 784286
[NesterovSolve] Iter:  710 overflow: 0.561 HPWL: 784285
[NesterovSolve] Iter:  720 overflow: 0.561 HPWL: 784285
[NesterovSolve] Iter:  730 overflow: 0.561 HPWL: 784290
[NesterovSolve] Iter:  740 overflow: 0.561 HPWL: 784326
[NesterovSolve] Iter:  750 overflow: 0.561 HPWL: 784343
[NesterovSolve] Iter:  760 overflow: 0.560 HPWL: 784384
[NesterovSolve] Iter:  770 overflow: 0.560 HPWL: 784458
[NesterovSolve] Iter:  780 overflow: 0.560 HPWL: 784575
[NesterovSolve] Iter:  790 overflow: 0.559 HPWL: 784705
[NesterovSolve] Iter:  800 overflow: 0.558 HPWL: 784855
[NesterovSolve] Iter:  810 overflow: 0.557 HPWL: 784997
[NesterovSolve] Iter:  820 overflow: 0.555 HPWL: 785092
[NesterovSolve] Iter:  830 overflow: 0.552 HPWL: 785216
[NesterovSolve] Iter:  840 overflow: 0.547 HPWL: 785630
[NesterovSolve] Iter:  850 overflow: 0.541 HPWL: 786073
[NesterovSolve] Iter:  860 overflow: 0.533 HPWL: 786727
[NesterovSolve] Iter:  870 overflow: 0.522 HPWL: 787480
[NesterovSolve] Iter:  880 overflow: 0.505 HPWL: 788288
[NesterovSolve] Iter:  890 overflow: 0.485 HPWL: 788783
[NesterovSolve] Iter:  900 overflow: 0.461 HPWL: 788933
[NesterovSolve] Iter:  910 overflow: 0.443 HPWL: 790334
[NesterovSolve] Iter:  920 overflow: 0.421 HPWL: 791593
[NesterovSolve] Iter:  930 overflow: 0.394 HPWL: 792688
[NesterovSolve] Iter:  940 overflow: 0.364 HPWL: 793465
[NesterovSolve] Iter:  950 overflow: 0.341 HPWL: 797437
[NesterovSolve] Iter:  960 overflow: 0.314 HPWL: 803519
[NesterovSolve] Iter:  970 overflow: 0.287 HPWL: 808645
[NesterovSolve] Iter:  980 overflow: 0.260 HPWL: 814685
[NesterovSolve] Iter:  990 overflow: 0.232 HPWL: 824589
[NesterovSolve] Iter: 1000 overflow: 0.201 HPWL: 833011
[INFO GPL-0075] Routability numCall: 3 inflationIterCnt: 3 bloatIterCnt: 0
[INFO GPL-0036] TileBBox: (    0    0 ) ( 6900 6900 ) DBU
[INFO GPL-0038] TileCnt:       7    8
[INFO GPL-0039] numRoutingLayers: 6
[INFO GPL-0040] NumTiles: 56
[INFO GPL-0063] TotalRouteOverflowH2: 0
[INFO GPL-0064] TotalRouteOverflowV2: 0
[INFO GPL-0065] OverflowTileCnt2: 0
[INFO GPL-0066] 0.5%RC: 1.0000
[INFO GPL-0067] 1.0%RC: 1.0000
[INFO GPL-0068] 2.0%RC: 0.9750
[INFO GPL-0069] 5.0%RC: 0.9278
[INFO GPL-0070] 0.5rcK: 1
[INFO GPL-0071] 1.0rcK: 1
[INFO GPL-0072] 2.0rcK: 0
[INFO GPL-0073] 5.0rcK: 0
[INFO GPL-0074] FinalRC: 1.0000
[INFO GPL-0079] MinRC (1) violation occurred, total count: 2.
[INFO GPL-0045] InflatedAreaDelta:        0.000 um^2
[INFO GPL-0046] TargetDensity:            0.643
[INFO GPL-0049] WhiteSpaceArea:        1201.152 um^2
[INFO GPL-0050] NesterovInstsArea:      696.918 um^2
[INFO GPL-0051] TotalFillerArea:         75.675 um^2
[INFO GPL-0052] TotalGCellsArea:        772.593 um^2
[INFO GPL-0053] ExpectedGCellsArea:     772.593 um^2
[INFO GPL-0054] NewTargetDensity:         0.643
[INFO GPL-0055] NewWhiteSpaceArea:     1201.152 um^2
[INFO GPL-0056] MovableArea:            772.593 um^2
[INFO GPL-0057] NewNesterovInstArea:    696.918 um^2
[INFO GPL-0058] NewTotalFillerArea:      75.675 um^2
[INFO GPL-0059] NewTotalGCellsArea:     772.593 um^2
[NesterovSolve] Revert back to snapshot coordi
[NesterovSolve] Iter: 1010 overflow: 0.555 HPWL: 785065
[NesterovSolve] Iter: 1020 overflow: 0.562 HPWL: 784029
[NesterovSolve] Iter: 1030 overflow: 0.561 HPWL: 784417
[NesterovSolve] Iter: 1040 overflow: 0.561 HPWL: 784190
[NesterovSolve] Iter: 1050 overflow: 0.561 HPWL: 784277
[NesterovSolve] Iter: 1060 overflow: 0.561 HPWL: 784269
[NesterovSolve] Iter: 1070 overflow: 0.561 HPWL: 784277
[NesterovSolve] Iter: 1080 overflow: 0.561 HPWL: 784258
[NesterovSolve] Iter: 1090 overflow: 0.561 HPWL: 784270
[NesterovSolve] Iter: 1100 overflow: 0.561 HPWL: 784276
[NesterovSolve] Iter: 1110 overflow: 0.560 HPWL: 784271
[NesterovSolve] Iter: 1120 overflow: 0.560 HPWL: 784262
[NesterovSolve] Iter: 1130 overflow: 0.560 HPWL: 784273
[NesterovSolve] Iter: 1140 overflow: 0.559 HPWL: 784282
[NesterovSolve] Iter: 1150 overflow: 0.559 HPWL: 784352
[NesterovSolve] Iter: 1160 overflow: 0.557 HPWL: 784553
[NesterovSolve] Iter: 1170 overflow: 0.556 HPWL: 784686
[NesterovSolve] Iter: 1180 overflow: 0.553 HPWL: 784960
[NesterovSolve] Iter: 1190 overflow: 0.549 HPWL: 785268
[NesterovSolve] Iter: 1200 overflow: 0.543 HPWL: 785695
[NesterovSolve] Iter: 1210 overflow: 0.536 HPWL: 786270
[NesterovSolve] Iter: 1220 overflow: 0.525 HPWL: 786956
[NesterovSolve] Iter: 1230 overflow: 0.511 HPWL: 787808
[NesterovSolve] Iter: 1240 overflow: 0.491 HPWL: 788353
[NesterovSolve] Iter: 1250 overflow: 0.468 HPWL: 788608
[NesterovSolve] Iter: 1260 overflow: 0.448 HPWL: 789421
[NesterovSolve] Iter: 1270 overflow: 0.427 HPWL: 791178
[NesterovSolve] Iter: 1280 overflow: 0.403 HPWL: 792046
[NesterovSolve] Iter: 1290 overflow: 0.372 HPWL: 793425
[NesterovSolve] Iter: 1300 overflow: 0.347 HPWL: 795097
[NesterovSolve] Iter: 1310 overflow: 0.322 HPWL: 801126
[NesterovSolve] Iter: 1320 overflow: 0.295 HPWL: 806948
[NesterovSolve] Iter: 1330 overflow: 0.268 HPWL: 812358
[NesterovSolve] Iter: 1340 overflow: 0.241 HPWL: 820626
[NesterovSolve] Iter: 1350 overflow: 0.210 HPWL: 830000
[INFO GPL-0075] Routability numCall: 4 inflationIterCnt: 4 bloatIterCnt: 0
[INFO GPL-0036] TileBBox: (    0    0 ) ( 6900 6900 ) DBU
[INFO GPL-0038] TileCnt:       7    8
[INFO GPL-0039] numRoutingLayers: 6
[INFO GPL-0040] NumTiles: 56
[INFO GPL-0063] TotalRouteOverflowH2: 0
[INFO GPL-0064] TotalRouteOverflowV2: 0
[INFO GPL-0065] OverflowTileCnt2: 0
[INFO GPL-0066] 0.5%RC: 1.0000
[INFO GPL-0067] 1.0%RC: 1.0000
[INFO GPL-0068] 2.0%RC: 0.9750
[INFO GPL-0069] 5.0%RC: 0.9278
[INFO GPL-0070] 0.5rcK: 1
[INFO GPL-0071] 1.0rcK: 1
[INFO GPL-0072] 2.0rcK: 0
[INFO GPL-0073] 5.0rcK: 0
[INFO GPL-0074] FinalRC: 1.0000
[INFO GPL-0079] MinRC (1) violation occurred, total count: 3.
[INFO GPL-0045] InflatedAreaDelta:        0.000 um^2
[INFO GPL-0046] TargetDensity:            0.643
Revert Routability Procedure. Target density higher than max, or minRC max violations.
[INFO GPL-0080] minRcViolatedCnt: 3
[INFO GPL-0047] SavedMinRC: 1.0000
[INFO GPL-0048] SavedTargetDensity: 0.6432
[NesterovSolve] Revert back to snapshot coordi
[NesterovSolve] Iter: 1360 overflow: 0.558 HPWL: 784471
[NesterovSolve] Iter: 1370 overflow: 0.561 HPWL: 784143
[NesterovSolve] Iter: 1380 overflow: 0.562 HPWL: 784395
[NesterovSolve] Iter: 1390 overflow: 0.561 HPWL: 784257
[NesterovSolve] Iter: 1400 overflow: 0.561 HPWL: 784244
[NesterovSolve] Iter: 1410 overflow: 0.561 HPWL: 784293
[NesterovSolve] Iter: 1420 overflow: 0.561 HPWL: 784303
[NesterovSolve] Iter: 1430 overflow: 0.561 HPWL: 784270
[NesterovSolve] Iter: 1440 overflow: 0.561 HPWL: 784303
[NesterovSolve] Iter: 1450 overflow: 0.561 HPWL: 784331
[NesterovSolve] Iter: 1460 overflow: 0.561 HPWL: 784362
[NesterovSolve] Iter: 1470 overflow: 0.560 HPWL: 784418
[NesterovSolve] Iter: 1480 overflow: 0.560 HPWL: 784502
[NesterovSolve] Iter: 1490 overflow: 0.560 HPWL: 784638
[NesterovSolve] Iter: 1500 overflow: 0.559 HPWL: 784759
[NesterovSolve] Iter: 1510 overflow: 0.558 HPWL: 784909
[NesterovSolve] Iter: 1520 overflow: 0.556 HPWL: 785010
[NesterovSolve] Iter: 1530 overflow: 0.554 HPWL: 785080
[NesterovSolve] Iter: 1540 overflow: 0.550 HPWL: 785388
[NesterovSolve] Iter: 1550 overflow: 0.545 HPWL: 785801
[NesterovSolve] Iter: 1560 overflow: 0.538 HPWL: 786286
[NesterovSolve] Iter: 1570 overflow: 0.529 HPWL: 787027
[NesterovSolve] Iter: 1580 overflow: 0.516 HPWL: 787814
[NesterovSolve] Iter: 1590 overflow: 0.497 HPWL: 788493
[NesterovSolve] Iter: 1600 overflow: 0.474 HPWL: 788889
[NesterovSolve] Iter: 1610 overflow: 0.454 HPWL: 789157
[NesterovSolve] Iter: 1620 overflow: 0.435 HPWL: 791118
[NesterovSolve] Iter: 1630 overflow: 0.411 HPWL: 791977
[NesterovSolve] Iter: 1640 overflow: 0.383 HPWL: 793289
[NesterovSolve] Iter: 1650 overflow: 0.354 HPWL: 793966
[NesterovSolve] Iter: 1660 overflow: 0.329 HPWL: 799865
[NesterovSolve] Iter: 1670 overflow: 0.303 HPWL: 805666
[NesterovSolve] Iter: 1680 overflow: 0.275 HPWL: 810781
[NesterovSolve] Iter: 1690 overflow: 0.249 HPWL: 818227
[NesterovSolve] Iter: 1700 overflow: 0.220 HPWL: 828894
[NesterovSolve] Iter: 1710 overflow: 0.188 HPWL: 835514
[NesterovSolve] Iter: 1720 overflow: 0.159 HPWL: 842957
[INFO GPL-0100] worst slack 1.03e-09
[INFO GPL-0103] Weighted 6 nets.
[NesterovSolve] Iter: 1730 overflow: 0.136 HPWL: 847852
[NesterovSolve] Iter: 1740 overflow: 0.115 HPWL: 854749
[NesterovSolve] Finished with Overflow: 0.099993
[INFO] Setting RC values…
Setting global connections for newly added cells…
[INFO] Setting global connections...
Writing OpenROAD database to '/home/lanh/20213979/counterfullstep/runs/RUN_2024-12-04_12-38-59/27-openroad-globalplacement/counter.odb'…
Writing netlist to '/home/lanh/20213979/counterfullstep/runs/RUN_2024-12-04_12-38-59/27-openroad-globalplacement/counter.nl.v'…
Writing powered netlist to '/home/lanh/20213979/counterfullstep/runs/RUN_2024-12-04_12-38-59/27-openroad-globalplacement/counter.pnl.v'…
Writing layout to '/home/lanh/20213979/counterfullstep/runs/RUN_2024-12-04_12-38-59/27-openroad-globalplacement/counter.def'…
Writing timing constraints to '/home/lanh/20213979/counterfullstep/runs/RUN_2024-12-04_12-38-59/27-openroad-globalplacement/counter.sdc'…
