47. Printing statistics.

=== counter ===

   Number of wires:                 57
   Number of wire bits:             78
   Number of public wires:           7
   Number of public wire bits:      21
   Number of memories:               0
   Number of memory bits:            0
   Number of processes:              0
   Number of cells:                 65
     $_ANDNOT_                      11
     $_AND_                          1
     $_DFFE_PN0P_                    8
     $_MUX_                         16
     $_NOR_                          5
     $_NOT_                          1
     $_ORNOT_                        5
     $_OR_                           4
     $_XNOR_                         1
     $_XOR_                         13

   Area for cell type $_NOT_ is unknown!
   Area for cell type $_AND_ is unknown!
   Area for cell type $_OR_ is unknown!
   Area for cell type $_NOR_ is unknown!
   Area for cell type $_XOR_ is unknown!
   Area for cell type $_XNOR_ is unknown!
   Area for cell type $_ANDNOT_ is unknown!
   Area for cell type $_ORNOT_ is unknown!
   Area for cell type $_MUX_ is unknown!
   Area for cell type $_DFFE_PN0P_ is unknown!

