
===========================================================================
report_checks -unconstrained
===========================================================================
======================= nom_ss_100C_1v60 Corner ===================================

Startpoint: _109_ (rising edge-triggered flip-flop clocked by clk)
Endpoint: _115_ (rising edge-triggered flip-flop clocked by clk)
Path Group: clk
Path Type: max

Fanout         Cap        Slew       Delay        Time   Description
---------------------------------------------------------------------------------------------
                                  0.000000    0.000000   clock clk (rise edge)
                                  0.000000    0.000000   clock source latency
     1    0.011733    0.000000    0.000000    0.000000 ^ clk (in)
                                                         clk (net)
                      0.000380    0.000190    0.000190 ^ clkbuf_0_clk/A (sky130_fd_sc_hd__clkbuf_16)
     2    0.019109    0.066189    0.190083    0.190273 ^ clkbuf_0_clk/X (sky130_fd_sc_hd__clkbuf_16)
                                                         clknet_0_clk (net)
                      0.066190    0.000493    0.190765 ^ clkbuf_1_0__f_clk/A (sky130_fd_sc_hd__clkbuf_16)
     5    0.014505    0.060591    0.212006    0.402771 ^ clkbuf_1_0__f_clk/X (sky130_fd_sc_hd__clkbuf_16)
                                                         clknet_1_0__leaf_clk (net)
                      0.060591    0.000380    0.403150 ^ _109_/CLK (sky130_fd_sc_hd__dfrtp_1)
     4    0.014177    0.169619    0.836042    1.239192 v _109_/Q (sky130_fd_sc_hd__dfrtp_1)
                                                         net14 (net)
                      0.169619    0.000412    1.239604 v _062_/A (sky130_fd_sc_hd__xor2_1)
     3    0.008492    0.172862    0.380299    1.619903 v _062_/X (sky130_fd_sc_hd__xor2_1)
                                                         _015_ (net)
                      0.172862    0.000162    1.620065 v _067_/A2 (sky130_fd_sc_hd__o21a_1)
     3    0.009143    0.120589    0.407542    2.027607 v _067_/X (sky130_fd_sc_hd__o21a_1)
                                                         _019_ (net)
                      0.120589    0.000178    2.027785 v _080_/A1 (sky130_fd_sc_hd__o31ai_2)
     4    0.012634    0.508257    0.596475    2.624260 ^ _080_/Y (sky130_fd_sc_hd__o31ai_2)
                                                         _030_ (net)
                      0.508257    0.000344    2.624604 ^ _098_/A1 (sky130_fd_sc_hd__a31o_1)
     3    0.010319    0.186152    0.516391    3.140995 ^ _098_/X (sky130_fd_sc_hd__a31o_1)
                                                         _046_ (net)
                      0.186152    0.000332    3.141328 ^ _103_/A2 (sky130_fd_sc_hd__a21oi_1)
     1    0.005082    0.140124    0.201138    3.342465 v _103_/Y (sky130_fd_sc_hd__a21oi_1)
                                                         _050_ (net)
                      0.140124    0.000117    3.342582 v _105_/A (sky130_fd_sc_hd__xnor2_1)
     1    0.002672    0.091820    0.244262    3.586844 v _105_/Y (sky130_fd_sc_hd__xnor2_1)
                                                         _052_ (net)
                      0.091820    0.000077    3.586921 v _107_/A2 (sky130_fd_sc_hd__a21o_1)
     1    0.002493    0.057365    0.319010    3.905931 v _107_/X (sky130_fd_sc_hd__a21o_1)
                                                         _007_ (net)
                      0.057365    0.000071    3.906001 v _115_/D (sky130_fd_sc_hd__dfrtp_1)
                                              3.906001   data arrival time

                                  4.300000    4.300000   clock clk (rise edge)
                                  0.000000    4.300000   clock source latency
     1    0.011733    0.000000    0.000000    4.300000 ^ clk (in)
                                                         clk (net)
                      0.000380    0.000190    4.300190 ^ clkbuf_0_clk/A (sky130_fd_sc_hd__clkbuf_16)
     2    0.019109    0.066189    0.190083    4.490273 ^ clkbuf_0_clk/X (sky130_fd_sc_hd__clkbuf_16)
                                                         clknet_0_clk (net)
                      0.066190    0.000473    4.490746 ^ clkbuf_1_1__f_clk/A (sky130_fd_sc_hd__clkbuf_16)
     4    0.011143    0.056372    0.207272    4.698019 ^ clkbuf_1_1__f_clk/X (sky130_fd_sc_hd__clkbuf_16)
                                                         clknet_1_1__leaf_clk (net)
                      0.056372    0.000151    4.698170 ^ _115_/CLK (sky130_fd_sc_hd__dfrtp_1)
                                  0.000000    4.698170   clock reconvergence pessimism
                                 -0.274925    4.423244   library setup time
                                              4.423244   data required time
---------------------------------------------------------------------------------------------
                                              4.423244   data required time
                                             -3.906001   data arrival time
---------------------------------------------------------------------------------------------
                                              0.517243   slack (MET)




===========================================================================
report_checks --slack_max -0.01
============================================================================
======================= nom_ss_100C_1v60 Corner ===================================

No paths found.


===========================================================================
 report_check_types -max_slew -max_cap -max_fanout -violators
============================================================================
======================= nom_ss_100C_1v60 Corner ===================================



===========================================================================
report_parasitic_annotation -report_unannotated
============================================================================
Found 1 unannotated drivers.
 clkload0/X
Found 0 partially unannotated drivers.

===========================================================================
max slew violation count 0
max fanout violation count 0
max cap violation count 0
============================================================================

===========================================================================
check_setup -verbose -unconstrained_endpoints -multiple_clock -no_clock -no_input_delay -loops -generated_clocks
===========================================================================
Warning: There are 12 input ports missing set_input_delay.
  data[0]
  data[1]
  data[2]
  data[3]
  data[4]
  data[5]
  data[6]
  data[7]
  enable
  preload
  resetn
  up_down
Warning: There are 8 unconstrained endpoints.
  count[0]
  count[1]
  count[2]
  count[3]
  count[4]
  count[5]
  count[6]
  count[7]
