
===========================================================================
report_checks -path_delay min (Hold)
============================================================================
======================= nom_tt_025C_1v80 Corner ===================================

Startpoint: _111_ (rising edge-triggered flip-flop clocked by clk)
Endpoint: _111_ (rising edge-triggered flip-flop clocked by clk)
Path Group: clk
Path Type: min

Fanout         Cap        Slew       Delay        Time   Description
---------------------------------------------------------------------------------------------
                                  0.000000    0.000000   clock clk (rise edge)
                                  0.000000    0.000000   clock source latency
     1    0.010260    0.052569    0.034846    0.034846 ^ clk (in)
                                                         clk (net)
                      0.052570    0.000000    0.034846 ^ clkbuf_0_clk/A (sky130_fd_sc_hd__clkbuf_16)
     2    0.017417    0.039645    0.125751    0.160597 ^ clkbuf_0_clk/X (sky130_fd_sc_hd__clkbuf_16)
                                                         clknet_0_clk (net)
                      0.039645    0.000037    0.160634 ^ clkbuf_1_1__f_clk/A (sky130_fd_sc_hd__clkbuf_16)
     4    0.009823    0.033180    0.113768    0.274402 ^ clkbuf_1_1__f_clk/X (sky130_fd_sc_hd__clkbuf_16)
                                                         clknet_1_1__leaf_clk (net)
                      0.033180    0.000024    0.274426 ^ _111_/CLK (sky130_fd_sc_hd__dfrtp_1)
     4    0.017040    0.158006    0.401467    0.675893 ^ _111_/Q (sky130_fd_sc_hd__dfrtp_1)
                                                         net16 (net)
                      0.158006    0.000061    0.675954 ^ _078_/B2 (sky130_fd_sc_hd__a221o_1)
     1    0.002199    0.038266    0.153550    0.829504 ^ _078_/X (sky130_fd_sc_hd__a221o_1)
                                                         _003_ (net)
                      0.038266    0.000002    0.829505 ^ _111_/D (sky130_fd_sc_hd__dfrtp_1)
                                              0.829505   data arrival time

                                  0.000000    0.000000   clock clk (rise edge)
                                  0.000000    0.000000   clock source latency
     1    0.010260    0.052569    0.034846    0.034846 ^ clk (in)
                                                         clk (net)
                      0.052570    0.000000    0.034846 ^ clkbuf_0_clk/A (sky130_fd_sc_hd__clkbuf_16)
     2    0.017417    0.039645    0.125751    0.160597 ^ clkbuf_0_clk/X (sky130_fd_sc_hd__clkbuf_16)
                                                         clknet_0_clk (net)
                      0.039645    0.000037    0.160634 ^ clkbuf_1_1__f_clk/A (sky130_fd_sc_hd__clkbuf_16)
     4    0.009823    0.033180    0.113768    0.274402 ^ clkbuf_1_1__f_clk/X (sky130_fd_sc_hd__clkbuf_16)
                                                         clknet_1_1__leaf_clk (net)
                      0.033180    0.000024    0.274426 ^ _111_/CLK (sky130_fd_sc_hd__dfrtp_1)
                                  0.250000    0.524426   clock uncertainty
                                  0.000000    0.524426   clock reconvergence pessimism
                                 -0.034966    0.489460   library hold time
                                              0.489460   data required time
---------------------------------------------------------------------------------------------
                                              0.489460   data required time
                                             -0.829505   data arrival time
---------------------------------------------------------------------------------------------
                                              0.340046   slack (MET)


Startpoint: _115_ (rising edge-triggered flip-flop clocked by clk)
Endpoint: _115_ (rising edge-triggered flip-flop clocked by clk)
Path Group: clk
Path Type: min

Fanout         Cap        Slew       Delay        Time   Description
---------------------------------------------------------------------------------------------
                                  0.000000    0.000000   clock clk (rise edge)
                                  0.000000    0.000000   clock source latency
     1    0.010260    0.052569    0.034846    0.034846 ^ clk (in)
                                                         clk (net)
                      0.052570    0.000000    0.034846 ^ clkbuf_0_clk/A (sky130_fd_sc_hd__clkbuf_16)
     2    0.017417    0.039645    0.125751    0.160597 ^ clkbuf_0_clk/X (sky130_fd_sc_hd__clkbuf_16)
                                                         clknet_0_clk (net)
                      0.039645    0.000037    0.160634 ^ clkbuf_1_1__f_clk/A (sky130_fd_sc_hd__clkbuf_16)
     4    0.009823    0.033180    0.113768    0.274402 ^ clkbuf_1_1__f_clk/X (sky130_fd_sc_hd__clkbuf_16)
                                                         clknet_1_1__leaf_clk (net)
                      0.033180    0.000015    0.274417 ^ _115_/CLK (sky130_fd_sc_hd__dfrtp_1)
     3    0.009867    0.102139    0.357991    0.632408 ^ _115_/Q (sky130_fd_sc_hd__dfrtp_1)
                                                         net20 (net)
                      0.102139    0.000008    0.632416 ^ _106_/B2 (sky130_fd_sc_hd__a22o_1)
     1    0.003092    0.047293    0.133677    0.766093 ^ _106_/X (sky130_fd_sc_hd__a22o_1)
                                                         _053_ (net)
                      0.047293    0.000009    0.766102 ^ _107_/B1 (sky130_fd_sc_hd__a21o_1)
     1    0.002553    0.034131    0.074772    0.840874 ^ _107_/X (sky130_fd_sc_hd__a21o_1)
                                                         _007_ (net)
                      0.034131    0.000007    0.840880 ^ _115_/D (sky130_fd_sc_hd__dfrtp_1)
                                              0.840880   data arrival time

                                  0.000000    0.000000   clock clk (rise edge)
                                  0.000000    0.000000   clock source latency
     1    0.010260    0.052569    0.034846    0.034846 ^ clk (in)
                                                         clk (net)
                      0.052570    0.000000    0.034846 ^ clkbuf_0_clk/A (sky130_fd_sc_hd__clkbuf_16)
     2    0.017417    0.039645    0.125751    0.160597 ^ clkbuf_0_clk/X (sky130_fd_sc_hd__clkbuf_16)
                                                         clknet_0_clk (net)
                      0.039645    0.000037    0.160634 ^ clkbuf_1_1__f_clk/A (sky130_fd_sc_hd__clkbuf_16)
     4    0.009823    0.033180    0.113768    0.274402 ^ clkbuf_1_1__f_clk/X (sky130_fd_sc_hd__clkbuf_16)
                                                         clknet_1_1__leaf_clk (net)
                      0.033180    0.000015    0.274417 ^ _115_/CLK (sky130_fd_sc_hd__dfrtp_1)
                                  0.250000    0.524417   clock uncertainty
                                  0.000000    0.524417   clock reconvergence pessimism
                                 -0.034098    0.490319   library hold time
                                              0.490319   data required time
---------------------------------------------------------------------------------------------
                                              0.490319   data required time
                                             -0.840880   data arrival time
---------------------------------------------------------------------------------------------
                                              0.350561   slack (MET)


Startpoint: _108_ (rising edge-triggered flip-flop clocked by clk)
Endpoint: _109_ (rising edge-triggered flip-flop clocked by clk)
Path Group: clk
Path Type: min

Fanout         Cap        Slew       Delay        Time   Description
---------------------------------------------------------------------------------------------
                                  0.000000    0.000000   clock clk (rise edge)
                                  0.000000    0.000000   clock source latency
     1    0.010260    0.052569    0.034846    0.034846 ^ clk (in)
                                                         clk (net)
                      0.052570    0.000000    0.034846 ^ clkbuf_0_clk/A (sky130_fd_sc_hd__clkbuf_16)
     2    0.017417    0.039645    0.125751    0.160597 ^ clkbuf_0_clk/X (sky130_fd_sc_hd__clkbuf_16)
                                                         clknet_0_clk (net)
                      0.039645    0.000053    0.160650 ^ clkbuf_1_0__f_clk/A (sky130_fd_sc_hd__clkbuf_16)
     5    0.012178    0.035190    0.116028    0.276677 ^ clkbuf_1_0__f_clk/X (sky130_fd_sc_hd__clkbuf_16)
                                                         clknet_1_0__leaf_clk (net)
                      0.035190    0.000014    0.276692 ^ _108_/CLK (sky130_fd_sc_hd__dfrtp_1)
     3    0.010009    0.103314    0.359608    0.636300 ^ _108_/Q (sky130_fd_sc_hd__dfrtp_1)
                                                         net13 (net)
                      0.103314    0.000028    0.636328 ^ _054_/A (sky130_fd_sc_hd__inv_2)
     4    0.011022    0.041585    0.058425    0.694753 v _054_/Y (sky130_fd_sc_hd__inv_2)
                                                         _008_ (net)
                      0.041585    0.000020    0.694773 v _063_/A (sky130_fd_sc_hd__nand2_1)
     1    0.003404    0.043553    0.056035    0.750808 ^ _063_/Y (sky130_fd_sc_hd__nand2_1)
                                                         _016_ (net)
                      0.043553    0.000012    0.750820 ^ _066_/A1 (sky130_fd_sc_hd__a21o_1)
     1    0.002279    0.031951    0.094175    0.844995 ^ _066_/X (sky130_fd_sc_hd__a21o_1)
                                                         _001_ (net)
                      0.031951    0.000003    0.844999 ^ _109_/D (sky130_fd_sc_hd__dfrtp_1)
                                              0.844999   data arrival time

                                  0.000000    0.000000   clock clk (rise edge)
                                  0.000000    0.000000   clock source latency
     1    0.010260    0.052569    0.034846    0.034846 ^ clk (in)
                                                         clk (net)
                      0.052570    0.000000    0.034846 ^ clkbuf_0_clk/A (sky130_fd_sc_hd__clkbuf_16)
     2    0.017417    0.039645    0.125751    0.160597 ^ clkbuf_0_clk/X (sky130_fd_sc_hd__clkbuf_16)
                                                         clknet_0_clk (net)
                      0.039645    0.000053    0.160650 ^ clkbuf_1_0__f_clk/A (sky130_fd_sc_hd__clkbuf_16)
     5    0.012178    0.035190    0.116028    0.276677 ^ clkbuf_1_0__f_clk/X (sky130_fd_sc_hd__clkbuf_16)
                                                         clknet_1_0__leaf_clk (net)
                      0.035190    0.000033    0.276710 ^ _109_/CLK (sky130_fd_sc_hd__dfrtp_1)
                                  0.250000    0.526710   clock uncertainty
                                  0.000000    0.526710   clock reconvergence pessimism
                                 -0.033367    0.493344   library hold time
                                              0.493344   data required time
---------------------------------------------------------------------------------------------
                                              0.493344   data required time
                                             -0.844999   data arrival time
---------------------------------------------------------------------------------------------
                                              0.351655   slack (MET)


Startpoint: _114_ (rising edge-triggered flip-flop clocked by clk)
Endpoint: _114_ (rising edge-triggered flip-flop clocked by clk)
Path Group: clk
Path Type: min

Fanout         Cap        Slew       Delay        Time   Description
---------------------------------------------------------------------------------------------
                                  0.000000    0.000000   clock clk (rise edge)
                                  0.000000    0.000000   clock source latency
     1    0.010260    0.052569    0.034846    0.034846 ^ clk (in)
                                                         clk (net)
                      0.052570    0.000000    0.034846 ^ clkbuf_0_clk/A (sky130_fd_sc_hd__clkbuf_16)
     2    0.017417    0.039645    0.125751    0.160597 ^ clkbuf_0_clk/X (sky130_fd_sc_hd__clkbuf_16)
                                                         clknet_0_clk (net)
                      0.039645    0.000037    0.160634 ^ clkbuf_1_1__f_clk/A (sky130_fd_sc_hd__clkbuf_16)
     4    0.009823    0.033180    0.113768    0.274402 ^ clkbuf_1_1__f_clk/X (sky130_fd_sc_hd__clkbuf_16)
                                                         clknet_1_1__leaf_clk (net)
                      0.033180    0.000012    0.274415 ^ _114_/CLK (sky130_fd_sc_hd__dfrtp_1)
     4    0.009351    0.094944    0.354840    0.629255 ^ _114_/Q (sky130_fd_sc_hd__dfrtp_1)
                                                         net19 (net)
                      0.094944    0.000030    0.629284 ^ _101_/B2 (sky130_fd_sc_hd__a22o_1)
     1    0.002576    0.042798    0.127354    0.756638 ^ _101_/X (sky130_fd_sc_hd__a22o_1)
                                                         _049_ (net)
                      0.042798    0.000000    0.756639 ^ _102_/B1 (sky130_fd_sc_hd__a31o_1)
     1    0.002717    0.040935    0.085346    0.841985 ^ _102_/X (sky130_fd_sc_hd__a31o_1)
                                                         _006_ (net)
                      0.040935    0.000009    0.841994 ^ _114_/D (sky130_fd_sc_hd__dfrtp_1)
                                              0.841994   data arrival time

                                  0.000000    0.000000   clock clk (rise edge)
                                  0.000000    0.000000   clock source latency
     1    0.010260    0.052569    0.034846    0.034846 ^ clk (in)
                                                         clk (net)
                      0.052570    0.000000    0.034846 ^ clkbuf_0_clk/A (sky130_fd_sc_hd__clkbuf_16)
     2    0.017417    0.039645    0.125751    0.160597 ^ clkbuf_0_clk/X (sky130_fd_sc_hd__clkbuf_16)
                                                         clknet_0_clk (net)
                      0.039645    0.000037    0.160634 ^ clkbuf_1_1__f_clk/A (sky130_fd_sc_hd__clkbuf_16)
     4    0.009823    0.033180    0.113768    0.274402 ^ clkbuf_1_1__f_clk/X (sky130_fd_sc_hd__clkbuf_16)
                                                         clknet_1_1__leaf_clk (net)
                      0.033180    0.000012    0.274415 ^ _114_/CLK (sky130_fd_sc_hd__dfrtp_1)
                                  0.250000    0.524415   clock uncertainty
                                  0.000000    0.524415   clock reconvergence pessimism
                                 -0.035526    0.488888   library hold time
                                              0.488888   data required time
---------------------------------------------------------------------------------------------
                                              0.488888   data required time
                                             -0.841994   data arrival time
---------------------------------------------------------------------------------------------
                                              0.353106   slack (MET)


Startpoint: _113_ (rising edge-triggered flip-flop clocked by clk)
Endpoint: _113_ (rising edge-triggered flip-flop clocked by clk)
Path Group: clk
Path Type: min

Fanout         Cap        Slew       Delay        Time   Description
---------------------------------------------------------------------------------------------
                                  0.000000    0.000000   clock clk (rise edge)
                                  0.000000    0.000000   clock source latency
     1    0.010260    0.052569    0.034846    0.034846 ^ clk (in)
                                                         clk (net)
                      0.052570    0.000000    0.034846 ^ clkbuf_0_clk/A (sky130_fd_sc_hd__clkbuf_16)
     2    0.017417    0.039645    0.125751    0.160597 ^ clkbuf_0_clk/X (sky130_fd_sc_hd__clkbuf_16)
                                                         clknet_0_clk (net)
                      0.039645    0.000037    0.160634 ^ clkbuf_1_1__f_clk/A (sky130_fd_sc_hd__clkbuf_16)
     4    0.009823    0.033180    0.113768    0.274402 ^ clkbuf_1_1__f_clk/X (sky130_fd_sc_hd__clkbuf_16)
                                                         clknet_1_1__leaf_clk (net)
                      0.033180    0.000008    0.274410 ^ _113_/CLK (sky130_fd_sc_hd__dfrtp_1)
     4    0.013206    0.126468    0.378226    0.652636 ^ _113_/Q (sky130_fd_sc_hd__dfrtp_1)
                                                         net18 (net)
                      0.126468    0.000024    0.652660 ^ _092_/B2 (sky130_fd_sc_hd__a22o_1)
     1    0.002576    0.042802    0.136210    0.788870 ^ _092_/X (sky130_fd_sc_hd__a22o_1)
                                                         _041_ (net)
                      0.042802    0.000000    0.788871 ^ _093_/B1 (sky130_fd_sc_hd__a31o_1)
     1    0.002208    0.036666    0.081498    0.870369 ^ _093_/X (sky130_fd_sc_hd__a31o_1)
                                                         _005_ (net)
                      0.036666    0.000003    0.870372 ^ _113_/D (sky130_fd_sc_hd__dfrtp_1)
                                              0.870372   data arrival time

                                  0.000000    0.000000   clock clk (rise edge)
                                  0.000000    0.000000   clock source latency
     1    0.010260    0.052569    0.034846    0.034846 ^ clk (in)
                                                         clk (net)
                      0.052570    0.000000    0.034846 ^ clkbuf_0_clk/A (sky130_fd_sc_hd__clkbuf_16)
     2    0.017417    0.039645    0.125751    0.160597 ^ clkbuf_0_clk/X (sky130_fd_sc_hd__clkbuf_16)
                                                         clknet_0_clk (net)
                      0.039645    0.000037    0.160634 ^ clkbuf_1_1__f_clk/A (sky130_fd_sc_hd__clkbuf_16)
     4    0.009823    0.033180    0.113768    0.274402 ^ clkbuf_1_1__f_clk/X (sky130_fd_sc_hd__clkbuf_16)
                                                         clknet_1_1__leaf_clk (net)
                      0.033180    0.000008    0.274410 ^ _113_/CLK (sky130_fd_sc_hd__dfrtp_1)
                                  0.250000    0.524410   clock uncertainty
                                  0.000000    0.524410   clock reconvergence pessimism
                                 -0.034630    0.489780   library hold time
                                              0.489780   data required time
---------------------------------------------------------------------------------------------
                                              0.489780   data required time
                                             -0.870372   data arrival time
---------------------------------------------------------------------------------------------
                                              0.380592   slack (MET)


Startpoint: _112_ (rising edge-triggered flip-flop clocked by clk)
Endpoint: _112_ (rising edge-triggered flip-flop clocked by clk)
Path Group: clk
Path Type: min

Fanout         Cap        Slew       Delay        Time   Description
---------------------------------------------------------------------------------------------
                                  0.000000    0.000000   clock clk (rise edge)
                                  0.000000    0.000000   clock source latency
     1    0.010260    0.052569    0.034846    0.034846 ^ clk (in)
                                                         clk (net)
                      0.052570    0.000000    0.034846 ^ clkbuf_0_clk/A (sky130_fd_sc_hd__clkbuf_16)
     2    0.017417    0.039645    0.125751    0.160597 ^ clkbuf_0_clk/X (sky130_fd_sc_hd__clkbuf_16)
                                                         clknet_0_clk (net)
                      0.039645    0.000053    0.160650 ^ clkbuf_1_0__f_clk/A (sky130_fd_sc_hd__clkbuf_16)
     5    0.012178    0.035190    0.116028    0.276677 ^ clkbuf_1_0__f_clk/X (sky130_fd_sc_hd__clkbuf_16)
                                                         clknet_1_0__leaf_clk (net)
                      0.035190    0.000007    0.276684 ^ _112_/CLK (sky130_fd_sc_hd__dfrtp_1)
     5    0.013785    0.131220    0.382486    0.659170 ^ _112_/Q (sky130_fd_sc_hd__dfrtp_1)
                                                         net17 (net)
                      0.131220    0.000018    0.659188 ^ _086_/B2 (sky130_fd_sc_hd__a22o_1)
     1    0.002576    0.042801    0.137247    0.796434 ^ _086_/X (sky130_fd_sc_hd__a22o_1)
                                                         _036_ (net)
                      0.042801    0.000000    0.796435 ^ _087_/B1 (sky130_fd_sc_hd__a31o_1)
     1    0.002327    0.037662    0.082396    0.878831 ^ _087_/X (sky130_fd_sc_hd__a31o_1)
                                                         _004_ (net)
                      0.037662    0.000004    0.878835 ^ _112_/D (sky130_fd_sc_hd__dfrtp_1)
                                              0.878835   data arrival time

                                  0.000000    0.000000   clock clk (rise edge)
                                  0.000000    0.000000   clock source latency
     1    0.010260    0.052569    0.034846    0.034846 ^ clk (in)
                                                         clk (net)
                      0.052570    0.000000    0.034846 ^ clkbuf_0_clk/A (sky130_fd_sc_hd__clkbuf_16)
     2    0.017417    0.039645    0.125751    0.160597 ^ clkbuf_0_clk/X (sky130_fd_sc_hd__clkbuf_16)
                                                         clknet_0_clk (net)
                      0.039645    0.000053    0.160650 ^ clkbuf_1_0__f_clk/A (sky130_fd_sc_hd__clkbuf_16)
     5    0.012178    0.035190    0.116028    0.276677 ^ clkbuf_1_0__f_clk/X (sky130_fd_sc_hd__clkbuf_16)
                                                         clknet_1_0__leaf_clk (net)
                      0.035190    0.000007    0.276684 ^ _112_/CLK (sky130_fd_sc_hd__dfrtp_1)
                                  0.250000    0.526684   clock uncertainty
                                  0.000000    0.526684   clock reconvergence pessimism
                                 -0.034565    0.492119   library hold time
                                              0.492119   data required time
---------------------------------------------------------------------------------------------
                                              0.492119   data required time
                                             -0.878835   data arrival time
---------------------------------------------------------------------------------------------
                                              0.386716   slack (MET)


Startpoint: _110_ (rising edge-triggered flip-flop clocked by clk)
Endpoint: _110_ (rising edge-triggered flip-flop clocked by clk)
Path Group: clk
Path Type: min

Fanout         Cap        Slew       Delay        Time   Description
---------------------------------------------------------------------------------------------
                                  0.000000    0.000000   clock clk (rise edge)
                                  0.000000    0.000000   clock source latency
     1    0.010260    0.052569    0.034846    0.034846 ^ clk (in)
                                                         clk (net)
                      0.052570    0.000000    0.034846 ^ clkbuf_0_clk/A (sky130_fd_sc_hd__clkbuf_16)
     2    0.017417    0.039645    0.125751    0.160597 ^ clkbuf_0_clk/X (sky130_fd_sc_hd__clkbuf_16)
                                                         clknet_0_clk (net)
                      0.039645    0.000053    0.160650 ^ clkbuf_1_0__f_clk/A (sky130_fd_sc_hd__clkbuf_16)
     5    0.012178    0.035190    0.116028    0.276677 ^ clkbuf_1_0__f_clk/X (sky130_fd_sc_hd__clkbuf_16)
                                                         clknet_1_0__leaf_clk (net)
                      0.035190    0.000046    0.276723 ^ _110_/CLK (sky130_fd_sc_hd__dfrtp_2)
     5    0.018211    0.102903    0.390636    0.667359 ^ _110_/Q (sky130_fd_sc_hd__dfrtp_2)
                                                         net15 (net)
                      0.102903    0.000015    0.667373 ^ _071_/B2 (sky130_fd_sc_hd__a22o_1)
     1    0.003152    0.047825    0.134394    0.801767 ^ _071_/X (sky130_fd_sc_hd__a22o_1)
                                                         _023_ (net)
                      0.047825    0.000011    0.801778 ^ _072_/B1 (sky130_fd_sc_hd__a31o_1)
     1    0.002227    0.036846    0.083425    0.885203 ^ _072_/X (sky130_fd_sc_hd__a31o_1)
                                                         _002_ (net)
                      0.036846    0.000003    0.885206 ^ _110_/D (sky130_fd_sc_hd__dfrtp_2)
                                              0.885206   data arrival time

                                  0.000000    0.000000   clock clk (rise edge)
                                  0.000000    0.000000   clock source latency
     1    0.010260    0.052569    0.034846    0.034846 ^ clk (in)
                                                         clk (net)
                      0.052570    0.000000    0.034846 ^ clkbuf_0_clk/A (sky130_fd_sc_hd__clkbuf_16)
     2    0.017417    0.039645    0.125751    0.160597 ^ clkbuf_0_clk/X (sky130_fd_sc_hd__clkbuf_16)
                                                         clknet_0_clk (net)
                      0.039645    0.000053    0.160650 ^ clkbuf_1_0__f_clk/A (sky130_fd_sc_hd__clkbuf_16)
     5    0.012178    0.035190    0.116028    0.276677 ^ clkbuf_1_0__f_clk/X (sky130_fd_sc_hd__clkbuf_16)
                                                         clknet_1_0__leaf_clk (net)
                      0.035190    0.000046    0.276723 ^ _110_/CLK (sky130_fd_sc_hd__dfrtp_2)
                                  0.250000    0.526723   clock uncertainty
                                  0.000000    0.526723   clock reconvergence pessimism
                                 -0.034327    0.492396   library hold time
                                              0.492396   data required time
---------------------------------------------------------------------------------------------
                                              0.492396   data required time
                                             -0.885206   data arrival time
---------------------------------------------------------------------------------------------
                                              0.392810   slack (MET)


Startpoint: _108_ (rising edge-triggered flip-flop clocked by clk)
Endpoint: _108_ (rising edge-triggered flip-flop clocked by clk)
Path Group: clk
Path Type: min

Fanout         Cap        Slew       Delay        Time   Description
---------------------------------------------------------------------------------------------
                                  0.000000    0.000000   clock clk (rise edge)
                                  0.000000    0.000000   clock source latency
     1    0.010260    0.052569    0.034846    0.034846 ^ clk (in)
                                                         clk (net)
                      0.052570    0.000000    0.034846 ^ clkbuf_0_clk/A (sky130_fd_sc_hd__clkbuf_16)
     2    0.017417    0.039645    0.125751    0.160597 ^ clkbuf_0_clk/X (sky130_fd_sc_hd__clkbuf_16)
                                                         clknet_0_clk (net)
                      0.039645    0.000053    0.160650 ^ clkbuf_1_0__f_clk/A (sky130_fd_sc_hd__clkbuf_16)
     5    0.012178    0.035190    0.116028    0.276677 ^ clkbuf_1_0__f_clk/X (sky130_fd_sc_hd__clkbuf_16)
                                                         clknet_1_0__leaf_clk (net)
                      0.035190    0.000014    0.276692 ^ _108_/CLK (sky130_fd_sc_hd__dfrtp_1)
     3    0.009318    0.067840    0.385364    0.662056 v _108_/Q (sky130_fd_sc_hd__dfrtp_1)
                                                         net13 (net)
                      0.067840    0.000026    0.662082 v _054_/A (sky130_fd_sc_hd__inv_2)
     4    0.011981    0.063301    0.079774    0.741856 ^ _054_/Y (sky130_fd_sc_hd__inv_2)
                                                         _008_ (net)
                      0.063301    0.000019    0.741875 ^ _059_/B2 (sky130_fd_sc_hd__a22o_1)
     1    0.002991    0.046457    0.121591    0.863466 ^ _059_/X (sky130_fd_sc_hd__a22o_1)
                                                         _013_ (net)
                      0.046457    0.000009    0.863474 ^ _060_/B1 (sky130_fd_sc_hd__a21oi_1)
     1    0.002390    0.025686    0.035460    0.898934 v _060_/Y (sky130_fd_sc_hd__a21oi_1)
                                                         _000_ (net)
                      0.025686    0.000005    0.898940 v _108_/D (sky130_fd_sc_hd__dfrtp_1)
                                              0.898940   data arrival time

                                  0.000000    0.000000   clock clk (rise edge)
                                  0.000000    0.000000   clock source latency
     1    0.010260    0.052569    0.034846    0.034846 ^ clk (in)
                                                         clk (net)
                      0.052570    0.000000    0.034846 ^ clkbuf_0_clk/A (sky130_fd_sc_hd__clkbuf_16)
     2    0.017417    0.039645    0.125751    0.160597 ^ clkbuf_0_clk/X (sky130_fd_sc_hd__clkbuf_16)
                                                         clknet_0_clk (net)
                      0.039645    0.000053    0.160650 ^ clkbuf_1_0__f_clk/A (sky130_fd_sc_hd__clkbuf_16)
     5    0.012178    0.035190    0.116028    0.276677 ^ clkbuf_1_0__f_clk/X (sky130_fd_sc_hd__clkbuf_16)
                                                         clknet_1_0__leaf_clk (net)
                      0.035190    0.000014    0.276692 ^ _108_/CLK (sky130_fd_sc_hd__dfrtp_1)
                                  0.250000    0.526692   clock uncertainty
                                  0.000000    0.526692   clock reconvergence pessimism
                                 -0.040149    0.486542   library hold time
                                              0.486542   data required time
---------------------------------------------------------------------------------------------
                                              0.486542   data required time
                                             -0.898940   data arrival time
---------------------------------------------------------------------------------------------
                                              0.412397   slack (MET)


Startpoint: resetn (input port clocked by clk)
Endpoint: _108_ (removal check against rising-edge clock clk)
Path Group: asynchronous
Path Type: min

Fanout         Cap        Slew       Delay        Time   Description
---------------------------------------------------------------------------------------------
                                  0.000000    0.000000   clock clk (rise edge)
                                  0.000000    0.000000   clock network delay (propagated)
                                  0.700000    0.700000 ^ input external delay
     1    0.002455    0.018270    0.009087    0.709087 ^ resetn (in)
                                                         resetn (net)
                      0.018270    0.000000    0.709087 ^ hold13/A (sky130_fd_sc_hd__dlygate4sd3_1)
     1    0.002230    0.050025    0.520658    1.229745 ^ hold13/X (sky130_fd_sc_hd__dlygate4sd3_1)
                                                         net34 (net)
                      0.050025    0.000006    1.229751 ^ input11/A (sky130_fd_sc_hd__buf_2)
     8    0.036451    0.180047    0.207435    1.437186 ^ input11/X (sky130_fd_sc_hd__buf_2)
                                                         net11 (net)
                      0.180047    0.000089    1.437274 ^ _108_/RESET_B (sky130_fd_sc_hd__dfrtp_1)
                                              1.437274   data arrival time

                                  0.000000    0.000000   clock clk (rise edge)
                                  0.000000    0.000000   clock source latency
     1    0.010260    0.052569    0.034846    0.034846 ^ clk (in)
                                                         clk (net)
                      0.052570    0.000000    0.034846 ^ clkbuf_0_clk/A (sky130_fd_sc_hd__clkbuf_16)
     2    0.017417    0.039645    0.125751    0.160597 ^ clkbuf_0_clk/X (sky130_fd_sc_hd__clkbuf_16)
                                                         clknet_0_clk (net)
                      0.039645    0.000053    0.160650 ^ clkbuf_1_0__f_clk/A (sky130_fd_sc_hd__clkbuf_16)
     5    0.012178    0.035190    0.116028    0.276677 ^ clkbuf_1_0__f_clk/X (sky130_fd_sc_hd__clkbuf_16)
                                                         clknet_1_0__leaf_clk (net)
                      0.035190    0.000014    0.276692 ^ _108_/CLK (sky130_fd_sc_hd__dfrtp_1)
                                  0.250000    0.526692   clock uncertainty
                                  0.000000    0.526692   clock reconvergence pessimism
                                  0.354735    0.881427   library removal time
                                              0.881427   data required time
---------------------------------------------------------------------------------------------
                                              0.881427   data required time
                                             -1.437274   data arrival time
---------------------------------------------------------------------------------------------
                                              0.555847   slack (MET)


Startpoint: resetn (input port clocked by clk)
Endpoint: _112_ (removal check against rising-edge clock clk)
Path Group: asynchronous
Path Type: min

Fanout         Cap        Slew       Delay        Time   Description
---------------------------------------------------------------------------------------------
                                  0.000000    0.000000   clock clk (rise edge)
                                  0.000000    0.000000   clock network delay (propagated)
                                  0.700000    0.700000 ^ input external delay
     1    0.002455    0.018270    0.009087    0.709087 ^ resetn (in)
                                                         resetn (net)
                      0.018270    0.000000    0.709087 ^ hold13/A (sky130_fd_sc_hd__dlygate4sd3_1)
     1    0.002230    0.050025    0.520658    1.229745 ^ hold13/X (sky130_fd_sc_hd__dlygate4sd3_1)
                                                         net34 (net)
                      0.050025    0.000006    1.229751 ^ input11/A (sky130_fd_sc_hd__buf_2)
     8    0.036451    0.180047    0.207435    1.437186 ^ input11/X (sky130_fd_sc_hd__buf_2)
                                                         net11 (net)
                      0.180047    0.000122    1.437307 ^ _112_/RESET_B (sky130_fd_sc_hd__dfrtp_1)
                                              1.437307   data arrival time

                                  0.000000    0.000000   clock clk (rise edge)
                                  0.000000    0.000000   clock source latency
     1    0.010260    0.052569    0.034846    0.034846 ^ clk (in)
                                                         clk (net)
                      0.052570    0.000000    0.034846 ^ clkbuf_0_clk/A (sky130_fd_sc_hd__clkbuf_16)
     2    0.017417    0.039645    0.125751    0.160597 ^ clkbuf_0_clk/X (sky130_fd_sc_hd__clkbuf_16)
                                                         clknet_0_clk (net)
                      0.039645    0.000053    0.160650 ^ clkbuf_1_0__f_clk/A (sky130_fd_sc_hd__clkbuf_16)
     5    0.012178    0.035190    0.116028    0.276677 ^ clkbuf_1_0__f_clk/X (sky130_fd_sc_hd__clkbuf_16)
                                                         clknet_1_0__leaf_clk (net)
                      0.035190    0.000007    0.276684 ^ _112_/CLK (sky130_fd_sc_hd__dfrtp_1)
                                  0.250000    0.526684   clock uncertainty
                                  0.000000    0.526684   clock reconvergence pessimism
                                  0.354735    0.881419   library removal time
                                              0.881419   data required time
---------------------------------------------------------------------------------------------
                                              0.881419   data required time
                                             -1.437307   data arrival time
---------------------------------------------------------------------------------------------
                                              0.555888   slack (MET)


Startpoint: resetn (input port clocked by clk)
Endpoint: _109_ (removal check against rising-edge clock clk)
Path Group: asynchronous
Path Type: min

Fanout         Cap        Slew       Delay        Time   Description
---------------------------------------------------------------------------------------------
                                  0.000000    0.000000   clock clk (rise edge)
                                  0.000000    0.000000   clock network delay (propagated)
                                  0.700000    0.700000 ^ input external delay
     1    0.002455    0.018270    0.009087    0.709087 ^ resetn (in)
                                                         resetn (net)
                      0.018270    0.000000    0.709087 ^ hold13/A (sky130_fd_sc_hd__dlygate4sd3_1)
     1    0.002230    0.050025    0.520658    1.229745 ^ hold13/X (sky130_fd_sc_hd__dlygate4sd3_1)
                                                         net34 (net)
                      0.050025    0.000006    1.229751 ^ input11/A (sky130_fd_sc_hd__buf_2)
     8    0.036451    0.180047    0.207435    1.437186 ^ input11/X (sky130_fd_sc_hd__buf_2)
                                                         net11 (net)
                      0.180047    0.000237    1.437423 ^ _109_/RESET_B (sky130_fd_sc_hd__dfrtp_1)
                                              1.437423   data arrival time

                                  0.000000    0.000000   clock clk (rise edge)
                                  0.000000    0.000000   clock source latency
     1    0.010260    0.052569    0.034846    0.034846 ^ clk (in)
                                                         clk (net)
                      0.052570    0.000000    0.034846 ^ clkbuf_0_clk/A (sky130_fd_sc_hd__clkbuf_16)
     2    0.017417    0.039645    0.125751    0.160597 ^ clkbuf_0_clk/X (sky130_fd_sc_hd__clkbuf_16)
                                                         clknet_0_clk (net)
                      0.039645    0.000053    0.160650 ^ clkbuf_1_0__f_clk/A (sky130_fd_sc_hd__clkbuf_16)
     5    0.012178    0.035190    0.116028    0.276677 ^ clkbuf_1_0__f_clk/X (sky130_fd_sc_hd__clkbuf_16)
                                                         clknet_1_0__leaf_clk (net)
                      0.035190    0.000033    0.276710 ^ _109_/CLK (sky130_fd_sc_hd__dfrtp_1)
                                  0.250000    0.526710   clock uncertainty
                                  0.000000    0.526710   clock reconvergence pessimism
                                  0.354735    0.881445   library removal time
                                              0.881445   data required time
---------------------------------------------------------------------------------------------
                                              0.881445   data required time
                                             -1.437423   data arrival time
---------------------------------------------------------------------------------------------
                                              0.555977   slack (MET)


Startpoint: resetn (input port clocked by clk)
Endpoint: _110_ (removal check against rising-edge clock clk)
Path Group: asynchronous
Path Type: min

Fanout         Cap        Slew       Delay        Time   Description
---------------------------------------------------------------------------------------------
                                  0.000000    0.000000   clock clk (rise edge)
                                  0.000000    0.000000   clock network delay (propagated)
                                  0.700000    0.700000 ^ input external delay
     1    0.002455    0.018270    0.009087    0.709087 ^ resetn (in)
                                                         resetn (net)
                      0.018270    0.000000    0.709087 ^ hold13/A (sky130_fd_sc_hd__dlygate4sd3_1)
     1    0.002230    0.050025    0.520658    1.229745 ^ hold13/X (sky130_fd_sc_hd__dlygate4sd3_1)
                                                         net34 (net)
                      0.050025    0.000006    1.229751 ^ input11/A (sky130_fd_sc_hd__buf_2)
     8    0.036451    0.180047    0.207435    1.437186 ^ input11/X (sky130_fd_sc_hd__buf_2)
                                                         net11 (net)
                      0.180047    0.000257    1.437443 ^ _110_/RESET_B (sky130_fd_sc_hd__dfrtp_2)
                                              1.437443   data arrival time

                                  0.000000    0.000000   clock clk (rise edge)
                                  0.000000    0.000000   clock source latency
     1    0.010260    0.052569    0.034846    0.034846 ^ clk (in)
                                                         clk (net)
                      0.052570    0.000000    0.034846 ^ clkbuf_0_clk/A (sky130_fd_sc_hd__clkbuf_16)
     2    0.017417    0.039645    0.125751    0.160597 ^ clkbuf_0_clk/X (sky130_fd_sc_hd__clkbuf_16)
                                                         clknet_0_clk (net)
                      0.039645    0.000053    0.160650 ^ clkbuf_1_0__f_clk/A (sky130_fd_sc_hd__clkbuf_16)
     5    0.012178    0.035190    0.116028    0.276677 ^ clkbuf_1_0__f_clk/X (sky130_fd_sc_hd__clkbuf_16)
                                                         clknet_1_0__leaf_clk (net)
                      0.035190    0.000046    0.276723 ^ _110_/CLK (sky130_fd_sc_hd__dfrtp_2)
                                  0.250000    0.526723   clock uncertainty
                                  0.000000    0.526723   clock reconvergence pessimism
                                  0.354374    0.881097   library removal time
                                              0.881097   data required time
---------------------------------------------------------------------------------------------
                                              0.881097   data required time
                                             -1.437443   data arrival time
---------------------------------------------------------------------------------------------
                                              0.556345   slack (MET)


Startpoint: resetn (input port clocked by clk)
Endpoint: _113_ (removal check against rising-edge clock clk)
Path Group: asynchronous
Path Type: min

Fanout         Cap        Slew       Delay        Time   Description
---------------------------------------------------------------------------------------------
                                  0.000000    0.000000   clock clk (rise edge)
                                  0.000000    0.000000   clock network delay (propagated)
                                  0.700000    0.700000 ^ input external delay
     1    0.002455    0.018270    0.009087    0.709087 ^ resetn (in)
                                                         resetn (net)
                      0.018270    0.000000    0.709087 ^ hold13/A (sky130_fd_sc_hd__dlygate4sd3_1)
     1    0.002230    0.050025    0.520658    1.229745 ^ hold13/X (sky130_fd_sc_hd__dlygate4sd3_1)
                                                         net34 (net)
                      0.050025    0.000006    1.229751 ^ input11/A (sky130_fd_sc_hd__buf_2)
     8    0.036451    0.180047    0.207435    1.437186 ^ input11/X (sky130_fd_sc_hd__buf_2)
                                                         net11 (net)
                      0.180047    0.000154    1.437339 ^ _113_/RESET_B (sky130_fd_sc_hd__dfrtp_1)
                                              1.437339   data arrival time

                                  0.000000    0.000000   clock clk (rise edge)
                                  0.000000    0.000000   clock source latency
     1    0.010260    0.052569    0.034846    0.034846 ^ clk (in)
                                                         clk (net)
                      0.052570    0.000000    0.034846 ^ clkbuf_0_clk/A (sky130_fd_sc_hd__clkbuf_16)
     2    0.017417    0.039645    0.125751    0.160597 ^ clkbuf_0_clk/X (sky130_fd_sc_hd__clkbuf_16)
                                                         clknet_0_clk (net)
                      0.039645    0.000037    0.160634 ^ clkbuf_1_1__f_clk/A (sky130_fd_sc_hd__clkbuf_16)
     4    0.009823    0.033180    0.113768    0.274402 ^ clkbuf_1_1__f_clk/X (sky130_fd_sc_hd__clkbuf_16)
                                                         clknet_1_1__leaf_clk (net)
                      0.033180    0.000008    0.274410 ^ _113_/CLK (sky130_fd_sc_hd__dfrtp_1)
                                  0.250000    0.524410   clock uncertainty
                                  0.000000    0.524410   clock reconvergence pessimism
                                  0.354189    0.878598   library removal time
                                              0.878598   data required time
---------------------------------------------------------------------------------------------
                                              0.878598   data required time
                                             -1.437339   data arrival time
---------------------------------------------------------------------------------------------
                                              0.558741   slack (MET)


Startpoint: resetn (input port clocked by clk)
Endpoint: _111_ (removal check against rising-edge clock clk)
Path Group: asynchronous
Path Type: min

Fanout         Cap        Slew       Delay        Time   Description
---------------------------------------------------------------------------------------------
                                  0.000000    0.000000   clock clk (rise edge)
                                  0.000000    0.000000   clock network delay (propagated)
                                  0.700000    0.700000 ^ input external delay
     1    0.002455    0.018270    0.009087    0.709087 ^ resetn (in)
                                                         resetn (net)
                      0.018270    0.000000    0.709087 ^ hold13/A (sky130_fd_sc_hd__dlygate4sd3_1)
     1    0.002230    0.050025    0.520658    1.229745 ^ hold13/X (sky130_fd_sc_hd__dlygate4sd3_1)
                                                         net34 (net)
                      0.050025    0.000006    1.229751 ^ input11/A (sky130_fd_sc_hd__buf_2)
     8    0.036451    0.180047    0.207435    1.437186 ^ input11/X (sky130_fd_sc_hd__buf_2)
                                                         net11 (net)
                      0.180047    0.000359    1.437545 ^ _111_/RESET_B (sky130_fd_sc_hd__dfrtp_1)
                                              1.437545   data arrival time

                                  0.000000    0.000000   clock clk (rise edge)
                                  0.000000    0.000000   clock source latency
     1    0.010260    0.052569    0.034846    0.034846 ^ clk (in)
                                                         clk (net)
                      0.052570    0.000000    0.034846 ^ clkbuf_0_clk/A (sky130_fd_sc_hd__clkbuf_16)
     2    0.017417    0.039645    0.125751    0.160597 ^ clkbuf_0_clk/X (sky130_fd_sc_hd__clkbuf_16)
                                                         clknet_0_clk (net)
                      0.039645    0.000037    0.160634 ^ clkbuf_1_1__f_clk/A (sky130_fd_sc_hd__clkbuf_16)
     4    0.009823    0.033180    0.113768    0.274402 ^ clkbuf_1_1__f_clk/X (sky130_fd_sc_hd__clkbuf_16)
                                                         clknet_1_1__leaf_clk (net)
                      0.033180    0.000024    0.274426 ^ _111_/CLK (sky130_fd_sc_hd__dfrtp_1)
                                  0.250000    0.524426   clock uncertainty
                                  0.000000    0.524426   clock reconvergence pessimism
                                  0.354189    0.878614   library removal time
                                              0.878614   data required time
---------------------------------------------------------------------------------------------
                                              0.878614   data required time
                                             -1.437545   data arrival time
---------------------------------------------------------------------------------------------
                                              0.558930   slack (MET)


Startpoint: resetn (input port clocked by clk)
Endpoint: _114_ (removal check against rising-edge clock clk)
Path Group: asynchronous
Path Type: min

Fanout         Cap        Slew       Delay        Time   Description
---------------------------------------------------------------------------------------------
                                  0.000000    0.000000   clock clk (rise edge)
                                  0.000000    0.000000   clock network delay (propagated)
                                  0.700000    0.700000 ^ input external delay
     1    0.002455    0.018270    0.009087    0.709087 ^ resetn (in)
                                                         resetn (net)
                      0.018270    0.000000    0.709087 ^ hold13/A (sky130_fd_sc_hd__dlygate4sd3_1)
     1    0.002230    0.050025    0.520658    1.229745 ^ hold13/X (sky130_fd_sc_hd__dlygate4sd3_1)
                                                         net34 (net)
                      0.050025    0.000006    1.229751 ^ input11/A (sky130_fd_sc_hd__buf_2)
     8    0.036451    0.180047    0.207435    1.437186 ^ input11/X (sky130_fd_sc_hd__buf_2)
                                                         net11 (net)
                      0.180047    0.000376    1.437562 ^ _114_/RESET_B (sky130_fd_sc_hd__dfrtp_1)
                                              1.437562   data arrival time

                                  0.000000    0.000000   clock clk (rise edge)
                                  0.000000    0.000000   clock source latency
     1    0.010260    0.052569    0.034846    0.034846 ^ clk (in)
                                                         clk (net)
                      0.052570    0.000000    0.034846 ^ clkbuf_0_clk/A (sky130_fd_sc_hd__clkbuf_16)
     2    0.017417    0.039645    0.125751    0.160597 ^ clkbuf_0_clk/X (sky130_fd_sc_hd__clkbuf_16)
                                                         clknet_0_clk (net)
                      0.039645    0.000037    0.160634 ^ clkbuf_1_1__f_clk/A (sky130_fd_sc_hd__clkbuf_16)
     4    0.009823    0.033180    0.113768    0.274402 ^ clkbuf_1_1__f_clk/X (sky130_fd_sc_hd__clkbuf_16)
                                                         clknet_1_1__leaf_clk (net)
                      0.033180    0.000012    0.274415 ^ _114_/CLK (sky130_fd_sc_hd__dfrtp_1)
                                  0.250000    0.524415   clock uncertainty
                                  0.000000    0.524415   clock reconvergence pessimism
                                  0.354189    0.878603   library removal time
                                              0.878603   data required time
---------------------------------------------------------------------------------------------
                                              0.878603   data required time
                                             -1.437562   data arrival time
---------------------------------------------------------------------------------------------
                                              0.558959   slack (MET)


Startpoint: resetn (input port clocked by clk)
Endpoint: _115_ (removal check against rising-edge clock clk)
Path Group: asynchronous
Path Type: min

Fanout         Cap        Slew       Delay        Time   Description
---------------------------------------------------------------------------------------------
                                  0.000000    0.000000   clock clk (rise edge)
                                  0.000000    0.000000   clock network delay (propagated)
                                  0.700000    0.700000 ^ input external delay
     1    0.002455    0.018270    0.009087    0.709087 ^ resetn (in)
                                                         resetn (net)
                      0.018270    0.000000    0.709087 ^ hold13/A (sky130_fd_sc_hd__dlygate4sd3_1)
     1    0.002230    0.050025    0.520658    1.229745 ^ hold13/X (sky130_fd_sc_hd__dlygate4sd3_1)
                                                         net34 (net)
                      0.050025    0.000006    1.229751 ^ input11/A (sky130_fd_sc_hd__buf_2)
     8    0.036451    0.180047    0.207435    1.437186 ^ input11/X (sky130_fd_sc_hd__buf_2)
                                                         net11 (net)
                      0.180047    0.000387    1.437573 ^ _115_/RESET_B (sky130_fd_sc_hd__dfrtp_1)
                                              1.437573   data arrival time

                                  0.000000    0.000000   clock clk (rise edge)
                                  0.000000    0.000000   clock source latency
     1    0.010260    0.052569    0.034846    0.034846 ^ clk (in)
                                                         clk (net)
                      0.052570    0.000000    0.034846 ^ clkbuf_0_clk/A (sky130_fd_sc_hd__clkbuf_16)
     2    0.017417    0.039645    0.125751    0.160597 ^ clkbuf_0_clk/X (sky130_fd_sc_hd__clkbuf_16)
                                                         clknet_0_clk (net)
                      0.039645    0.000037    0.160634 ^ clkbuf_1_1__f_clk/A (sky130_fd_sc_hd__clkbuf_16)
     4    0.009823    0.033180    0.113768    0.274402 ^ clkbuf_1_1__f_clk/X (sky130_fd_sc_hd__clkbuf_16)
                                                         clknet_1_1__leaf_clk (net)
                      0.033180    0.000015    0.274417 ^ _115_/CLK (sky130_fd_sc_hd__dfrtp_1)
                                  0.250000    0.524417   clock uncertainty
                                  0.000000    0.524417   clock reconvergence pessimism
                                  0.354189    0.878605   library removal time
                                              0.878605   data required time
---------------------------------------------------------------------------------------------
                                              0.878605   data required time
                                             -1.437573   data arrival time
---------------------------------------------------------------------------------------------
                                              0.558968   slack (MET)


Startpoint: _114_ (rising edge-triggered flip-flop clocked by clk)
Endpoint: count[6] (output port clocked by clk)
Path Group: clk
Path Type: min

Fanout         Cap        Slew       Delay        Time   Description
---------------------------------------------------------------------------------------------
                                  0.000000    0.000000   clock clk (rise edge)
                                  0.000000    0.000000   clock source latency
     1    0.010260    0.052569    0.034846    0.034846 ^ clk (in)
                                                         clk (net)
                      0.052570    0.000000    0.034846 ^ clkbuf_0_clk/A (sky130_fd_sc_hd__clkbuf_16)
     2    0.017417    0.039645    0.125751    0.160597 ^ clkbuf_0_clk/X (sky130_fd_sc_hd__clkbuf_16)
                                                         clknet_0_clk (net)
                      0.039645    0.000037    0.160634 ^ clkbuf_1_1__f_clk/A (sky130_fd_sc_hd__clkbuf_16)
     4    0.009823    0.033180    0.113768    0.274402 ^ clkbuf_1_1__f_clk/X (sky130_fd_sc_hd__clkbuf_16)
                                                         clknet_1_1__leaf_clk (net)
                      0.033180    0.000012    0.274415 ^ _114_/CLK (sky130_fd_sc_hd__dfrtp_1)
     4    0.009351    0.094944    0.354840    0.629255 ^ _114_/Q (sky130_fd_sc_hd__dfrtp_1)
                                                         net19 (net)
                      0.094944    0.000045    0.629300 ^ output19/A (sky130_fd_sc_hd__clkbuf_4)
     1    0.034476    0.113022    0.204000    0.833300 ^ output19/X (sky130_fd_sc_hd__clkbuf_4)
                                                         count[6] (net)
                      0.113022    0.000231    0.833530 ^ count[6] (out)
                                              0.833530   data arrival time

                                  0.000000    0.000000   clock clk (rise edge)
                                  0.000000    0.000000   clock network delay (propagated)
                                  0.250000    0.250000   clock uncertainty
                                  0.000000    0.250000   clock reconvergence pessimism
                                 -0.700000   -0.450000   output external delay
                                             -0.450000   data required time
---------------------------------------------------------------------------------------------
                                             -0.450000   data required time
                                             -0.833530   data arrival time
---------------------------------------------------------------------------------------------
                                              1.283530   slack (MET)


Startpoint: _115_ (rising edge-triggered flip-flop clocked by clk)
Endpoint: count[7] (output port clocked by clk)
Path Group: clk
Path Type: min

Fanout         Cap        Slew       Delay        Time   Description
---------------------------------------------------------------------------------------------
                                  0.000000    0.000000   clock clk (rise edge)
                                  0.000000    0.000000   clock source latency
     1    0.010260    0.052569    0.034846    0.034846 ^ clk (in)
                                                         clk (net)
                      0.052570    0.000000    0.034846 ^ clkbuf_0_clk/A (sky130_fd_sc_hd__clkbuf_16)
     2    0.017417    0.039645    0.125751    0.160597 ^ clkbuf_0_clk/X (sky130_fd_sc_hd__clkbuf_16)
                                                         clknet_0_clk (net)
                      0.039645    0.000037    0.160634 ^ clkbuf_1_1__f_clk/A (sky130_fd_sc_hd__clkbuf_16)
     4    0.009823    0.033180    0.113768    0.274402 ^ clkbuf_1_1__f_clk/X (sky130_fd_sc_hd__clkbuf_16)
                                                         clknet_1_1__leaf_clk (net)
                      0.033180    0.000015    0.274417 ^ _115_/CLK (sky130_fd_sc_hd__dfrtp_1)
     3    0.009199    0.069814    0.383985    0.658402 v _115_/Q (sky130_fd_sc_hd__dfrtp_1)
                                                         net20 (net)
                      0.069814    0.000022    0.658425 v output20/A (sky130_fd_sc_hd__buf_2)
     1    0.034006    0.088646    0.191162    0.849587 v output20/X (sky130_fd_sc_hd__buf_2)
                                                         count[7] (net)
                      0.088646    0.000086    0.849674 v count[7] (out)
                                              0.849674   data arrival time

                                  0.000000    0.000000   clock clk (rise edge)
                                  0.000000    0.000000   clock network delay (propagated)
                                  0.250000    0.250000   clock uncertainty
                                  0.000000    0.250000   clock reconvergence pessimism
                                 -0.700000   -0.450000   output external delay
                                             -0.450000   data required time
---------------------------------------------------------------------------------------------
                                             -0.450000   data required time
                                             -0.849674   data arrival time
---------------------------------------------------------------------------------------------
                                              1.299674   slack (MET)


Startpoint: _108_ (rising edge-triggered flip-flop clocked by clk)
Endpoint: count[0] (output port clocked by clk)
Path Group: clk
Path Type: min

Fanout         Cap        Slew       Delay        Time   Description
---------------------------------------------------------------------------------------------
                                  0.000000    0.000000   clock clk (rise edge)
                                  0.000000    0.000000   clock source latency
     1    0.010260    0.052569    0.034846    0.034846 ^ clk (in)
                                                         clk (net)
                      0.052570    0.000000    0.034846 ^ clkbuf_0_clk/A (sky130_fd_sc_hd__clkbuf_16)
     2    0.017417    0.039645    0.125751    0.160597 ^ clkbuf_0_clk/X (sky130_fd_sc_hd__clkbuf_16)
                                                         clknet_0_clk (net)
                      0.039645    0.000053    0.160650 ^ clkbuf_1_0__f_clk/A (sky130_fd_sc_hd__clkbuf_16)
     5    0.012178    0.035190    0.116028    0.276677 ^ clkbuf_1_0__f_clk/X (sky130_fd_sc_hd__clkbuf_16)
                                                         clknet_1_0__leaf_clk (net)
                      0.035190    0.000014    0.276692 ^ _108_/CLK (sky130_fd_sc_hd__dfrtp_1)
     3    0.009318    0.067840    0.385364    0.662056 v _108_/Q (sky130_fd_sc_hd__dfrtp_1)
                                                         net13 (net)
                      0.067840    0.000011    0.662067 v output13/A (sky130_fd_sc_hd__buf_2)
     1    0.034223    0.089127    0.190642    0.852709 v output13/X (sky130_fd_sc_hd__buf_2)
                                                         count[0] (net)
                      0.089127    0.000122    0.852831 v count[0] (out)
                                              0.852831   data arrival time

                                  0.000000    0.000000   clock clk (rise edge)
                                  0.000000    0.000000   clock network delay (propagated)
                                  0.250000    0.250000   clock uncertainty
                                  0.000000    0.250000   clock reconvergence pessimism
                                 -0.700000   -0.450000   output external delay
                                             -0.450000   data required time
---------------------------------------------------------------------------------------------
                                             -0.450000   data required time
                                             -0.852831   data arrival time
---------------------------------------------------------------------------------------------
                                              1.302831   slack (MET)


Startpoint: _113_ (rising edge-triggered flip-flop clocked by clk)
Endpoint: count[5] (output port clocked by clk)
Path Group: clk
Path Type: min

Fanout         Cap        Slew       Delay        Time   Description
---------------------------------------------------------------------------------------------
                                  0.000000    0.000000   clock clk (rise edge)
                                  0.000000    0.000000   clock source latency
     1    0.010260    0.052569    0.034846    0.034846 ^ clk (in)
                                                         clk (net)
                      0.052570    0.000000    0.034846 ^ clkbuf_0_clk/A (sky130_fd_sc_hd__clkbuf_16)
     2    0.017417    0.039645    0.125751    0.160597 ^ clkbuf_0_clk/X (sky130_fd_sc_hd__clkbuf_16)
                                                         clknet_0_clk (net)
                      0.039645    0.000037    0.160634 ^ clkbuf_1_1__f_clk/A (sky130_fd_sc_hd__clkbuf_16)
     4    0.009823    0.033180    0.113768    0.274402 ^ clkbuf_1_1__f_clk/X (sky130_fd_sc_hd__clkbuf_16)
                                                         clknet_1_1__leaf_clk (net)
                      0.033180    0.000008    0.274410 ^ _113_/CLK (sky130_fd_sc_hd__dfrtp_1)
     4    0.012218    0.080254    0.396397    0.670807 v _113_/Q (sky130_fd_sc_hd__dfrtp_1)
                                                         net18 (net)
                      0.080254    0.000008    0.670815 v output18/A (sky130_fd_sc_hd__buf_2)
     1    0.034048    0.088751    0.195983    0.866798 v output18/X (sky130_fd_sc_hd__buf_2)
                                                         count[5] (net)
                      0.088751    0.000096    0.866893 v count[5] (out)
                                              0.866893   data arrival time

                                  0.000000    0.000000   clock clk (rise edge)
                                  0.000000    0.000000   clock network delay (propagated)
                                  0.250000    0.250000   clock uncertainty
                                  0.000000    0.250000   clock reconvergence pessimism
                                 -0.700000   -0.450000   output external delay
                                             -0.450000   data required time
---------------------------------------------------------------------------------------------
                                             -0.450000   data required time
                                             -0.866893   data arrival time
---------------------------------------------------------------------------------------------
                                              1.316893   slack (MET)


Startpoint: _112_ (rising edge-triggered flip-flop clocked by clk)
Endpoint: count[4] (output port clocked by clk)
Path Group: clk
Path Type: min

Fanout         Cap        Slew       Delay        Time   Description
---------------------------------------------------------------------------------------------
                                  0.000000    0.000000   clock clk (rise edge)
                                  0.000000    0.000000   clock source latency
     1    0.010260    0.052569    0.034846    0.034846 ^ clk (in)
                                                         clk (net)
                      0.052570    0.000000    0.034846 ^ clkbuf_0_clk/A (sky130_fd_sc_hd__clkbuf_16)
     2    0.017417    0.039645    0.125751    0.160597 ^ clkbuf_0_clk/X (sky130_fd_sc_hd__clkbuf_16)
                                                         clknet_0_clk (net)
                      0.039645    0.000053    0.160650 ^ clkbuf_1_0__f_clk/A (sky130_fd_sc_hd__clkbuf_16)
     5    0.012178    0.035190    0.116028    0.276677 ^ clkbuf_1_0__f_clk/X (sky130_fd_sc_hd__clkbuf_16)
                                                         clknet_1_0__leaf_clk (net)
                      0.035190    0.000007    0.276684 ^ _112_/CLK (sky130_fd_sc_hd__dfrtp_1)
     5    0.012822    0.082832    0.399583    0.676267 v _112_/Q (sky130_fd_sc_hd__dfrtp_1)
                                                         net17 (net)
                      0.082832    0.000046    0.676313 v output17/A (sky130_fd_sc_hd__buf_2)
     1    0.034158    0.088993    0.197356    0.873669 v output17/X (sky130_fd_sc_hd__buf_2)
                                                         count[4] (net)
                      0.088993    0.000103    0.873772 v count[4] (out)
                                              0.873772   data arrival time

                                  0.000000    0.000000   clock clk (rise edge)
                                  0.000000    0.000000   clock network delay (propagated)
                                  0.250000    0.250000   clock uncertainty
                                  0.000000    0.250000   clock reconvergence pessimism
                                 -0.700000   -0.450000   output external delay
                                             -0.450000   data required time
---------------------------------------------------------------------------------------------
                                             -0.450000   data required time
                                             -0.873772   data arrival time
---------------------------------------------------------------------------------------------
                                              1.323772   slack (MET)


Startpoint: _110_ (rising edge-triggered flip-flop clocked by clk)
Endpoint: count[2] (output port clocked by clk)
Path Group: clk
Path Type: min

Fanout         Cap        Slew       Delay        Time   Description
---------------------------------------------------------------------------------------------
                                  0.000000    0.000000   clock clk (rise edge)
                                  0.000000    0.000000   clock source latency
     1    0.010260    0.052569    0.034846    0.034846 ^ clk (in)
                                                         clk (net)
                      0.052570    0.000000    0.034846 ^ clkbuf_0_clk/A (sky130_fd_sc_hd__clkbuf_16)
     2    0.017417    0.039645    0.125751    0.160597 ^ clkbuf_0_clk/X (sky130_fd_sc_hd__clkbuf_16)
                                                         clknet_0_clk (net)
                      0.039645    0.000053    0.160650 ^ clkbuf_1_0__f_clk/A (sky130_fd_sc_hd__clkbuf_16)
     5    0.012178    0.035190    0.116028    0.276677 ^ clkbuf_1_0__f_clk/X (sky130_fd_sc_hd__clkbuf_16)
                                                         clknet_1_0__leaf_clk (net)
                      0.035190    0.000046    0.276723 ^ _110_/CLK (sky130_fd_sc_hd__dfrtp_2)
     5    0.018211    0.102903    0.390636    0.667359 ^ _110_/Q (sky130_fd_sc_hd__dfrtp_2)
                                                         net15 (net)
                      0.102903    0.000024    0.667383 ^ output15/A (sky130_fd_sc_hd__buf_2)
     1    0.033936    0.171380    0.218788    0.886171 ^ output15/X (sky130_fd_sc_hd__buf_2)
                                                         count[2] (net)
                      0.171380    0.000070    0.886241 ^ count[2] (out)
                                              0.886241   data arrival time

                                  0.000000    0.000000   clock clk (rise edge)
                                  0.000000    0.000000   clock network delay (propagated)
                                  0.250000    0.250000   clock uncertainty
                                  0.000000    0.250000   clock reconvergence pessimism
                                 -0.700000   -0.450000   output external delay
                                             -0.450000   data required time
---------------------------------------------------------------------------------------------
                                             -0.450000   data required time
                                             -0.886241   data arrival time
---------------------------------------------------------------------------------------------
                                              1.336241   slack (MET)


Startpoint: _111_ (rising edge-triggered flip-flop clocked by clk)
Endpoint: count[3] (output port clocked by clk)
Path Group: clk
Path Type: min

Fanout         Cap        Slew       Delay        Time   Description
---------------------------------------------------------------------------------------------
                                  0.000000    0.000000   clock clk (rise edge)
                                  0.000000    0.000000   clock source latency
     1    0.010260    0.052569    0.034846    0.034846 ^ clk (in)
                                                         clk (net)
                      0.052570    0.000000    0.034846 ^ clkbuf_0_clk/A (sky130_fd_sc_hd__clkbuf_16)
     2    0.017417    0.039645    0.125751    0.160597 ^ clkbuf_0_clk/X (sky130_fd_sc_hd__clkbuf_16)
                                                         clknet_0_clk (net)
                      0.039645    0.000037    0.160634 ^ clkbuf_1_1__f_clk/A (sky130_fd_sc_hd__clkbuf_16)
     4    0.009823    0.033180    0.113768    0.274402 ^ clkbuf_1_1__f_clk/X (sky130_fd_sc_hd__clkbuf_16)
                                                         clknet_1_1__leaf_clk (net)
                      0.033180    0.000024    0.274426 ^ _111_/CLK (sky130_fd_sc_hd__dfrtp_1)
     4    0.015858    0.096262    0.411119    0.685544 v _111_/Q (sky130_fd_sc_hd__dfrtp_1)
                                                         net16 (net)
                      0.096262    0.000060    0.685604 v output16/A (sky130_fd_sc_hd__buf_2)
     1    0.034215    0.089145    0.203546    0.889150 v output16/X (sky130_fd_sc_hd__buf_2)
                                                         count[3] (net)
                      0.089145    0.000135    0.889285 v count[3] (out)
                                              0.889285   data arrival time

                                  0.000000    0.000000   clock clk (rise edge)
                                  0.000000    0.000000   clock network delay (propagated)
                                  0.250000    0.250000   clock uncertainty
                                  0.000000    0.250000   clock reconvergence pessimism
                                 -0.700000   -0.450000   output external delay
                                             -0.450000   data required time
---------------------------------------------------------------------------------------------
                                             -0.450000   data required time
                                             -0.889285   data arrival time
---------------------------------------------------------------------------------------------
                                              1.339285   slack (MET)


Startpoint: _109_ (rising edge-triggered flip-flop clocked by clk)
Endpoint: count[1] (output port clocked by clk)
Path Group: clk
Path Type: min

Fanout         Cap        Slew       Delay        Time   Description
---------------------------------------------------------------------------------------------
                                  0.000000    0.000000   clock clk (rise edge)
                                  0.000000    0.000000   clock source latency
     1    0.010260    0.052569    0.034846    0.034846 ^ clk (in)
                                                         clk (net)
                      0.052570    0.000000    0.034846 ^ clkbuf_0_clk/A (sky130_fd_sc_hd__clkbuf_16)
     2    0.017417    0.039645    0.125751    0.160597 ^ clkbuf_0_clk/X (sky130_fd_sc_hd__clkbuf_16)
                                                         clknet_0_clk (net)
                      0.039645    0.000053    0.160650 ^ clkbuf_1_0__f_clk/A (sky130_fd_sc_hd__clkbuf_16)
     5    0.012178    0.035190    0.116028    0.276677 ^ clkbuf_1_0__f_clk/X (sky130_fd_sc_hd__clkbuf_16)
                                                         clknet_1_0__leaf_clk (net)
                      0.035190    0.000033    0.276710 ^ _109_/CLK (sky130_fd_sc_hd__dfrtp_1)
     3    0.014031    0.133252    0.383968    0.660679 ^ _109_/Q (sky130_fd_sc_hd__dfrtp_1)
                                                         net14 (net)
                      0.133252    0.000039    0.660717 ^ rebuffer5/A (sky130_fd_sc_hd__dlygate4sd1_1)
     2    0.004464    0.056475    0.224430    0.885148 ^ rebuffer5/X (sky130_fd_sc_hd__dlygate4sd1_1)
                                                         net26 (net)
                      0.056475    0.000016    0.885164 ^ output14/A (sky130_fd_sc_hd__buf_2)
     1    0.034859    0.172889    0.204553    1.089717 ^ output14/X (sky130_fd_sc_hd__buf_2)
                                                         count[1] (net)
                      0.172889    0.000272    1.089989 ^ count[1] (out)
                                              1.089989   data arrival time

                                  0.000000    0.000000   clock clk (rise edge)
                                  0.000000    0.000000   clock network delay (propagated)
                                  0.250000    0.250000   clock uncertainty
                                  0.000000    0.250000   clock reconvergence pessimism
                                 -0.700000   -0.450000   output external delay
                                             -0.450000   data required time
---------------------------------------------------------------------------------------------
                                             -0.450000   data required time
                                             -1.089989   data arrival time
---------------------------------------------------------------------------------------------
                                              1.539989   slack (MET)



