
===========================================================================
report_checks -unconstrained
===========================================================================
======================= max_ss_100C_1v60 Corner ===================================

Startpoint: resetn (input port clocked by clk)
Endpoint: _110_ (recovery check against rising-edge clock clk)
Path Group: asynchronous
Path Type: max

Fanout         Cap        Slew       Delay        Time   Description
---------------------------------------------------------------------------------------------
                                  0.000000    0.000000   clock clk (rise edge)
                                  0.000000    0.000000   clock network delay (propagated)
                                  0.740000    0.740000 ^ input external delay
     1    0.002390    0.029541    0.013664    0.753664 ^ resetn (in)
                                                         resetn (net)
                      0.029541    0.000000    0.753664 ^ hold8/A (sky130_fd_sc_hd__dlygate4sd3_1)
     1    0.002016    0.082853    1.011096    1.764759 ^ hold8/X (sky130_fd_sc_hd__dlygate4sd3_1)
                                                         net29 (net)
                      0.082853    0.000143    1.764902 ^ input11/A (sky130_fd_sc_hd__buf_2)
     8    0.041657    0.327127    0.387714    2.152616 ^ input11/X (sky130_fd_sc_hd__buf_2)
                                                         net11 (net)
                      0.327131    0.001701    2.154317 ^ _110_/RESET_B (sky130_fd_sc_hd__dfrtp_2)
                                              2.154317   data arrival time

                                  3.700000    3.700000   clock clk (rise edge)
                                  0.000000    3.700000   clock source latency
     1    0.012657    0.099359    0.065788    3.765788 ^ clk (in)
                                                         clk (net)
                      0.099364    0.000000    3.765788 ^ clkbuf_0_clk/A (sky130_fd_sc_hd__clkbuf_16)
     2    0.020135    0.067606    0.234849    4.000637 ^ clkbuf_0_clk/X (sky130_fd_sc_hd__clkbuf_16)
                                                         clknet_0_clk (net)
                      0.067625    0.001225    4.001862 ^ clkbuf_1_0__f_clk/A (sky130_fd_sc_hd__clkbuf_16)
     5    0.016012    0.062483    0.214662    4.216524 ^ clkbuf_1_0__f_clk/X (sky130_fd_sc_hd__clkbuf_16)
                                                         clknet_1_0__leaf_clk (net)
                      0.062483    0.000937    4.217461 ^ _110_/CLK (sky130_fd_sc_hd__dfrtp_2)
                                 -0.250000    3.967461   clock uncertainty
                                  0.000000    3.967461   clock reconvergence pessimism
                                  0.332078    4.299539   library recovery time
                                              4.299539   data required time
---------------------------------------------------------------------------------------------
                                              4.299539   data required time
                                             -2.154317   data arrival time
---------------------------------------------------------------------------------------------
                                              2.145221   slack (MET)


Startpoint: _109_ (rising edge-triggered flip-flop clocked by clk)
Endpoint: _115_ (rising edge-triggered flip-flop clocked by clk)
Path Group: clk
Path Type: max

Fanout         Cap        Slew       Delay        Time   Description
---------------------------------------------------------------------------------------------
                                  0.000000    0.000000   clock clk (rise edge)
                                  0.000000    0.000000   clock source latency
     1    0.012657    0.099359    0.065788    0.065788 ^ clk (in)
                                                         clk (net)
                      0.099364    0.000000    0.065788 ^ clkbuf_0_clk/A (sky130_fd_sc_hd__clkbuf_16)
     2    0.020135    0.067606    0.234849    0.300637 ^ clkbuf_0_clk/X (sky130_fd_sc_hd__clkbuf_16)
                                                         clknet_0_clk (net)
                      0.067625    0.001225    0.301862 ^ clkbuf_1_0__f_clk/A (sky130_fd_sc_hd__clkbuf_16)
     5    0.016012    0.062483    0.214662    0.516524 ^ clkbuf_1_0__f_clk/X (sky130_fd_sc_hd__clkbuf_16)
                                                         clknet_1_0__leaf_clk (net)
                      0.062483    0.000885    0.517409 ^ _109_/CLK (sky130_fd_sc_hd__dfrtp_1)
     3    0.014071    0.168792    0.835912    1.353321 v _109_/Q (sky130_fd_sc_hd__dfrtp_1)
                                                         net14 (net)
                      0.168795    0.001003    1.354324 v _062_/A (sky130_fd_sc_hd__xor2_2)
     3    0.011118    0.138815    0.381799    1.736122 v _062_/X (sky130_fd_sc_hd__xor2_2)
                                                         _015_ (net)
                      0.138815    0.000342    1.736465 v _067_/A1 (sky130_fd_sc_hd__o21a_1)
     3    0.014240    0.161904    0.461383    2.197847 v _067_/X (sky130_fd_sc_hd__o21a_1)
                                                         _019_ (net)
                      0.161906    0.000831    2.198678 v _080_/A3 (sky130_fd_sc_hd__o31ai_4)
     3    0.008888    0.320857    0.355569    2.554247 ^ _080_/Y (sky130_fd_sc_hd__o31ai_4)
                                                         _030_ (net)
                      0.320857    0.000554    2.554801 ^ _098_/A1 (sky130_fd_sc_hd__a31o_1)
     3    0.011891    0.207728    0.466451    3.021252 ^ _098_/X (sky130_fd_sc_hd__a31o_1)
                                                         _046_ (net)
                      0.207729    0.001001    3.022253 ^ _103_/A2 (sky130_fd_sc_hd__a21oi_1)
     1    0.005119    0.137406    0.210015    3.232268 v _103_/Y (sky130_fd_sc_hd__a21oi_1)
                                                         _050_ (net)
                      0.137406    0.000241    3.232509 v _105_/A (sky130_fd_sc_hd__xnor2_1)
     1    0.002748    0.092965    0.243865    3.476374 v _105_/Y (sky130_fd_sc_hd__xnor2_1)
                                                         _052_ (net)
                      0.092965    0.000190    3.476564 v _107_/A2 (sky130_fd_sc_hd__a21o_1)
     1    0.002816    0.059961    0.322878    3.799441 v _107_/X (sky130_fd_sc_hd__a21o_1)
                                                         _007_ (net)
                      0.059961    0.000207    3.799649 v _115_/D (sky130_fd_sc_hd__dfrtp_1)
                                              3.799649   data arrival time

                                  3.700000    3.700000   clock clk (rise edge)
                                  0.000000    3.700000   clock source latency
     1    0.012657    0.099359    0.065788    3.765788 ^ clk (in)
                                                         clk (net)
                      0.099364    0.000000    3.765788 ^ clkbuf_0_clk/A (sky130_fd_sc_hd__clkbuf_16)
     2    0.020135    0.067606    0.234849    4.000637 ^ clkbuf_0_clk/X (sky130_fd_sc_hd__clkbuf_16)
                                                         clknet_0_clk (net)
                      0.067625    0.001222    4.001859 ^ clkbuf_1_1__f_clk/A (sky130_fd_sc_hd__clkbuf_16)
     4    0.011877    0.057304    0.208902    4.210760 ^ clkbuf_1_1__f_clk/X (sky130_fd_sc_hd__clkbuf_16)
                                                         clknet_1_1__leaf_clk (net)
                      0.057304    0.000344    4.211104 ^ _115_/CLK (sky130_fd_sc_hd__dfrtp_1)
                                 -0.250000    3.961104   clock uncertainty
                                  0.000000    3.961104   clock reconvergence pessimism
                                 -0.275760    3.685345   library setup time
                                              3.685345   data required time
---------------------------------------------------------------------------------------------
                                              3.685345   data required time
                                             -3.799649   data arrival time
---------------------------------------------------------------------------------------------
                                             -0.114304   slack (VIOLATED)




===========================================================================
report_checks --slack_max -0.01
============================================================================
======================= max_ss_100C_1v60 Corner ===================================

Startpoint: _109_ (rising edge-triggered flip-flop clocked by clk)
Endpoint: _115_ (rising edge-triggered flip-flop clocked by clk)
Path Group: clk
Path Type: max

Fanout         Cap        Slew       Delay        Time   Description
---------------------------------------------------------------------------------------------
                                  0.000000    0.000000   clock clk (rise edge)
                                  0.000000    0.000000   clock source latency
     1    0.012657    0.099359    0.065788    0.065788 ^ clk (in)
                                                         clk (net)
                      0.099364    0.000000    0.065788 ^ clkbuf_0_clk/A (sky130_fd_sc_hd__clkbuf_16)
     2    0.020135    0.067606    0.234849    0.300637 ^ clkbuf_0_clk/X (sky130_fd_sc_hd__clkbuf_16)
                                                         clknet_0_clk (net)
                      0.067625    0.001225    0.301862 ^ clkbuf_1_0__f_clk/A (sky130_fd_sc_hd__clkbuf_16)
     5    0.016012    0.062483    0.214662    0.516524 ^ clkbuf_1_0__f_clk/X (sky130_fd_sc_hd__clkbuf_16)
                                                         clknet_1_0__leaf_clk (net)
                      0.062483    0.000885    0.517409 ^ _109_/CLK (sky130_fd_sc_hd__dfrtp_1)
     3    0.014071    0.168792    0.835912    1.353321 v _109_/Q (sky130_fd_sc_hd__dfrtp_1)
                                                         net14 (net)
                      0.168795    0.001003    1.354324 v _062_/A (sky130_fd_sc_hd__xor2_2)
     3    0.011118    0.138815    0.381799    1.736122 v _062_/X (sky130_fd_sc_hd__xor2_2)
                                                         _015_ (net)
                      0.138815    0.000342    1.736465 v _067_/A1 (sky130_fd_sc_hd__o21a_1)
     3    0.014240    0.161904    0.461383    2.197847 v _067_/X (sky130_fd_sc_hd__o21a_1)
                                                         _019_ (net)
                      0.161906    0.000831    2.198678 v _080_/A3 (sky130_fd_sc_hd__o31ai_4)
     3    0.008888    0.320857    0.355569    2.554247 ^ _080_/Y (sky130_fd_sc_hd__o31ai_4)
                                                         _030_ (net)
                      0.320857    0.000554    2.554801 ^ _098_/A1 (sky130_fd_sc_hd__a31o_1)
     3    0.011891    0.207728    0.466451    3.021252 ^ _098_/X (sky130_fd_sc_hd__a31o_1)
                                                         _046_ (net)
                      0.207729    0.001001    3.022253 ^ _103_/A2 (sky130_fd_sc_hd__a21oi_1)
     1    0.005119    0.137406    0.210015    3.232268 v _103_/Y (sky130_fd_sc_hd__a21oi_1)
                                                         _050_ (net)
                      0.137406    0.000241    3.232509 v _105_/A (sky130_fd_sc_hd__xnor2_1)
     1    0.002748    0.092965    0.243865    3.476374 v _105_/Y (sky130_fd_sc_hd__xnor2_1)
                                                         _052_ (net)
                      0.092965    0.000190    3.476564 v _107_/A2 (sky130_fd_sc_hd__a21o_1)
     1    0.002816    0.059961    0.322878    3.799441 v _107_/X (sky130_fd_sc_hd__a21o_1)
                                                         _007_ (net)
                      0.059961    0.000207    3.799649 v _115_/D (sky130_fd_sc_hd__dfrtp_1)
                                              3.799649   data arrival time

                                  3.700000    3.700000   clock clk (rise edge)
                                  0.000000    3.700000   clock source latency
     1    0.012657    0.099359    0.065788    3.765788 ^ clk (in)
                                                         clk (net)
                      0.099364    0.000000    3.765788 ^ clkbuf_0_clk/A (sky130_fd_sc_hd__clkbuf_16)
     2    0.020135    0.067606    0.234849    4.000637 ^ clkbuf_0_clk/X (sky130_fd_sc_hd__clkbuf_16)
                                                         clknet_0_clk (net)
                      0.067625    0.001222    4.001859 ^ clkbuf_1_1__f_clk/A (sky130_fd_sc_hd__clkbuf_16)
     4    0.011877    0.057304    0.208902    4.210760 ^ clkbuf_1_1__f_clk/X (sky130_fd_sc_hd__clkbuf_16)
                                                         clknet_1_1__leaf_clk (net)
                      0.057304    0.000344    4.211104 ^ _115_/CLK (sky130_fd_sc_hd__dfrtp_1)
                                 -0.250000    3.961104   clock uncertainty
                                  0.000000    3.961104   clock reconvergence pessimism
                                 -0.275760    3.685345   library setup time
                                              3.685345   data required time
---------------------------------------------------------------------------------------------
                                              3.685345   data required time
                                             -3.799649   data arrival time
---------------------------------------------------------------------------------------------
                                             -0.114304   slack (VIOLATED)




===========================================================================
 report_check_types -max_slew -max_cap -max_fanout -violators
============================================================================
======================= max_ss_100C_1v60 Corner ===================================



===========================================================================
report_parasitic_annotation -report_unannotated
============================================================================
Found 1 unannotated drivers.
 clkload0/X
Found 0 partially unannotated drivers.

===========================================================================
max slew violation count 0
max fanout violation count 0
max cap violation count 0
============================================================================

===========================================================================
check_setup -verbose -unconstrained_endpoints -multiple_clock -no_clock -no_input_delay -loops -generated_clocks
===========================================================================
