
===========================================================================
report_checks -path_delay max (Setup)
============================================================================
======================= nom_tt_025C_1v80 Corner ===================================

Startpoint: up_down (input port clocked by clk)
Endpoint: _115_ (rising edge-triggered flip-flop clocked by clk)
Path Group: clk
Path Type: max

Fanout         Cap        Slew       Delay        Time   Description
---------------------------------------------------------------------------------------------
                                  0.000000    0.000000   clock clk (rise edge)
                                  0.000000    0.000000   clock network delay (propagated)
                                  0.860000    0.860000 ^ input external delay
    13    0.067292    0.305997    0.211723    1.071723 ^ up_down (in)
                                                         up_down (net)
                      0.305998    0.000000    1.071723 ^ _062_/B (sky130_fd_sc_hd__xor2_2)
     3    0.009290    0.102867    0.134435    1.206158 v _062_/X (sky130_fd_sc_hd__xor2_2)
                                                         _015_ (net)
                      0.102867    0.000004    1.206161 v _067_/A2 (sky130_fd_sc_hd__o21a_2)
     3    0.011213    0.054480    0.238713    1.444875 v _067_/X (sky130_fd_sc_hd__o21a_2)
                                                         _019_ (net)
                      0.054480    0.000042    1.444917 v _080_/A1 (sky130_fd_sc_hd__o31ai_2)
     4    0.012404    0.327896    0.348451    1.793368 ^ _080_/Y (sky130_fd_sc_hd__o31ai_2)
                                                         _030_ (net)
                      0.327896    0.000049    1.793417 ^ _098_/A1 (sky130_fd_sc_hd__a31o_2)
     3    0.012307    0.086527    0.250007    2.043424 ^ _098_/X (sky130_fd_sc_hd__a31o_2)
                                                         _046_ (net)
                      0.086527    0.000068    2.043492 ^ _103_/A2 (sky130_fd_sc_hd__a21oi_2)
     1    0.009009    0.062452    0.075451    2.118943 v _103_/Y (sky130_fd_sc_hd__a21oi_2)
                                                         _050_ (net)
                      0.062452    0.000026    2.118969 v _105_/A (sky130_fd_sc_hd__xnor2_2)
     1    0.002565    0.046369    0.129833    2.248802 v _105_/Y (sky130_fd_sc_hd__xnor2_2)
                                                         _052_ (net)
                      0.046369    0.000004    2.248806 v _107_/A2 (sky130_fd_sc_hd__a21o_2)
     1    0.002288    0.032595    0.200464    2.449271 v _107_/X (sky130_fd_sc_hd__a21o_2)
                                                         _007_ (net)
                      0.032595    0.000005    2.449275 v _115_/D (sky130_fd_sc_hd__dfrtp_2)
                                              2.449275   data arrival time

                                  4.300000    4.300000   clock clk (rise edge)
                                  0.000000    4.300000   clock source latency
     8    0.023040    0.109202    0.075003    4.375003 ^ clk (in)
                                                         clk (net)
                      0.109202    0.000000    4.375003 ^ _115_/CLK (sky130_fd_sc_hd__dfrtp_2)
                                 -0.250000    4.125003   clock uncertainty
                                  0.000000    4.125003   clock reconvergence pessimism
                                 -0.095220    4.029783   library setup time
                                              4.029783   data required time
---------------------------------------------------------------------------------------------
                                              4.029783   data required time
                                             -2.449275   data arrival time
---------------------------------------------------------------------------------------------
                                              1.580507   slack (MET)


Startpoint: up_down (input port clocked by clk)
Endpoint: _114_ (rising edge-triggered flip-flop clocked by clk)
Path Group: clk
Path Type: max

Fanout         Cap        Slew       Delay        Time   Description
---------------------------------------------------------------------------------------------
                                  0.000000    0.000000   clock clk (rise edge)
                                  0.000000    0.000000   clock network delay (propagated)
                                  0.860000    0.860000 ^ input external delay
    13    0.067292    0.305997    0.211723    1.071723 ^ up_down (in)
                                                         up_down (net)
                      0.305998    0.000000    1.071723 ^ _062_/B (sky130_fd_sc_hd__xor2_2)
     3    0.009290    0.102867    0.134435    1.206158 v _062_/X (sky130_fd_sc_hd__xor2_2)
                                                         _015_ (net)
                      0.102867    0.000004    1.206161 v _067_/A2 (sky130_fd_sc_hd__o21a_2)
     3    0.011213    0.054480    0.238713    1.444875 v _067_/X (sky130_fd_sc_hd__o21a_2)
                                                         _019_ (net)
                      0.054480    0.000042    1.444917 v _080_/A1 (sky130_fd_sc_hd__o31ai_2)
     4    0.012404    0.327896    0.348451    1.793368 ^ _080_/Y (sky130_fd_sc_hd__o31ai_2)
                                                         _030_ (net)
                      0.327896    0.000049    1.793417 ^ _098_/A1 (sky130_fd_sc_hd__a31o_2)
     3    0.012307    0.086527    0.250007    2.043424 ^ _098_/X (sky130_fd_sc_hd__a31o_2)
                                                         _046_ (net)
                      0.086527    0.000057    2.043481 ^ _099_/B (sky130_fd_sc_hd__nand2_2)
     1    0.002486    0.041050    0.050846    2.094327 v _099_/Y (sky130_fd_sc_hd__nand2_2)
                                                         _047_ (net)
                      0.041050    0.000003    2.094330 v _102_/A2 (sky130_fd_sc_hd__a31o_2)
     1    0.002190    0.035542    0.218084    2.312414 v _102_/X (sky130_fd_sc_hd__a31o_2)
                                                         _006_ (net)
                      0.035542    0.000003    2.312416 v _114_/D (sky130_fd_sc_hd__dfrtp_2)
                                              2.312416   data arrival time

                                  4.300000    4.300000   clock clk (rise edge)
                                  0.000000    4.300000   clock source latency
     8    0.023040    0.109202    0.075014    4.375014 ^ clk (in)
                                                         clk (net)
                      0.109202    0.000000    4.375014 ^ _114_/CLK (sky130_fd_sc_hd__dfrtp_2)
                                 -0.250000    4.125014   clock uncertainty
                                  0.000000    4.125014   clock reconvergence pessimism
                                 -0.096509    4.028506   library setup time
                                              4.028506   data required time
---------------------------------------------------------------------------------------------
                                              4.028506   data required time
                                             -2.312416   data arrival time
---------------------------------------------------------------------------------------------
                                              1.716089   slack (MET)


Startpoint: up_down (input port clocked by clk)
Endpoint: _113_ (rising edge-triggered flip-flop clocked by clk)
Path Group: clk
Path Type: max

Fanout         Cap        Slew       Delay        Time   Description
---------------------------------------------------------------------------------------------
                                  0.000000    0.000000   clock clk (rise edge)
                                  0.000000    0.000000   clock network delay (propagated)
                                  0.860000    0.860000 ^ input external delay
    13    0.067292    0.305997    0.211723    1.071723 ^ up_down (in)
                                                         up_down (net)
                      0.305998    0.000000    1.071723 ^ _062_/B (sky130_fd_sc_hd__xor2_2)
     3    0.010338    0.175690    0.212338    1.284061 ^ _062_/X (sky130_fd_sc_hd__xor2_2)
                                                         _015_ (net)
                      0.175690    0.000004    1.284065 ^ _067_/A2 (sky130_fd_sc_hd__o21a_2)
     3    0.012039    0.074237    0.175403    1.459468 ^ _067_/X (sky130_fd_sc_hd__o21a_2)
                                                         _019_ (net)
                      0.074237    0.000046    1.459514 ^ _080_/A1 (sky130_fd_sc_hd__o31ai_2)
     4    0.011653    0.079856    0.100332    1.559846 v _080_/Y (sky130_fd_sc_hd__o31ai_2)
                                                         _030_ (net)
                      0.079856    0.000043    1.559889 v _089_/A1 (sky130_fd_sc_hd__a21o_2)
     2    0.006409    0.042500    0.208012    1.767901 v _089_/X (sky130_fd_sc_hd__a21o_2)
                                                         _038_ (net)
                      0.042500    0.000026    1.767927 v _091_/B (sky130_fd_sc_hd__or2_2)
     1    0.002413    0.053184    0.263183    2.031110 v _091_/X (sky130_fd_sc_hd__or2_2)
                                                         _040_ (net)
                      0.053184    0.000002    2.031112 v _093_/A3 (sky130_fd_sc_hd__a31o_2)
     1    0.002066    0.035159    0.235510    2.266622 v _093_/X (sky130_fd_sc_hd__a31o_2)
                                                         _005_ (net)
                      0.035159    0.000001    2.266623 v _113_/D (sky130_fd_sc_hd__dfrtp_2)
                                              2.266623   data arrival time

                                  4.300000    4.300000   clock clk (rise edge)
                                  0.000000    4.300000   clock source latency
     8    0.023040    0.109202    0.075085    4.375085 ^ clk (in)
                                                         clk (net)
                      0.109202    0.000000    4.375085 ^ _113_/CLK (sky130_fd_sc_hd__dfrtp_2)
                                 -0.250000    4.125085   clock uncertainty
                                  0.000000    4.125085   clock reconvergence pessimism
                                 -0.096341    4.028743   library setup time
                                              4.028743   data required time
---------------------------------------------------------------------------------------------
                                              4.028743   data required time
                                             -2.266623   data arrival time
---------------------------------------------------------------------------------------------
                                              1.762120   slack (MET)


Startpoint: up_down (input port clocked by clk)
Endpoint: _111_ (rising edge-triggered flip-flop clocked by clk)
Path Group: clk
Path Type: max

Fanout         Cap        Slew       Delay        Time   Description
---------------------------------------------------------------------------------------------
                                  0.000000    0.000000   clock clk (rise edge)
                                  0.000000    0.000000   clock network delay (propagated)
                                  0.860000    0.860000 ^ input external delay
    13    0.067292    0.305997    0.211723    1.071723 ^ up_down (in)
                                                         up_down (net)
                      0.305998    0.000000    1.071723 ^ _062_/B (sky130_fd_sc_hd__xor2_2)
     3    0.009290    0.102867    0.134435    1.206158 v _062_/X (sky130_fd_sc_hd__xor2_2)
                                                         _015_ (net)
                      0.102867    0.000004    1.206161 v _067_/A2 (sky130_fd_sc_hd__o21a_2)
     3    0.011213    0.054480    0.238713    1.444875 v _067_/X (sky130_fd_sc_hd__o21a_2)
                                                         _019_ (net)
                      0.054480    0.000032    1.444907 v _070_/A (sky130_fd_sc_hd__or2_2)
     2    0.006987    0.068563    0.310897    1.755804 v _070_/X (sky130_fd_sc_hd__or2_2)
                                                         _022_ (net)
                      0.068563    0.000007    1.755811 v _075_/B1 (sky130_fd_sc_hd__o21ai_2)
     2    0.010265    0.162178    0.086938    1.842750 ^ _075_/Y (sky130_fd_sc_hd__o21ai_2)
                                                         _026_ (net)
                      0.162178    0.000026    1.842776 ^ _077_/A2 (sky130_fd_sc_hd__a21oi_2)
     1    0.002715    0.058438    0.071969    1.914745 v _077_/Y (sky130_fd_sc_hd__a21oi_2)
                                                         _028_ (net)
                      0.058438    0.000008    1.914753 v _078_/C1 (sky130_fd_sc_hd__a221o_2)
     1    0.002093    0.050298    0.289325    2.204078 v _078_/X (sky130_fd_sc_hd__a221o_2)
                                                         _003_ (net)
                      0.050298    0.000002    2.204080 v _111_/D (sky130_fd_sc_hd__dfrtp_2)
                                              2.204080   data arrival time

                                  4.300000    4.300000   clock clk (rise edge)
                                  0.000000    4.300000   clock source latency
     8    0.023040    0.109202    0.074969    4.374969 ^ clk (in)
                                                         clk (net)
                      0.109202    0.000000    4.374969 ^ _111_/CLK (sky130_fd_sc_hd__dfrtp_2)
                                 -0.250000    4.124969   clock uncertainty
                                  0.000000    4.124969   clock reconvergence pessimism
                                 -0.102960    4.022009   library setup time
                                              4.022009   data required time
---------------------------------------------------------------------------------------------
                                              4.022009   data required time
                                             -2.204080   data arrival time
---------------------------------------------------------------------------------------------
                                              1.817929   slack (MET)


Startpoint: up_down (input port clocked by clk)
Endpoint: _112_ (rising edge-triggered flip-flop clocked by clk)
Path Group: clk
Path Type: max

Fanout         Cap        Slew       Delay        Time   Description
---------------------------------------------------------------------------------------------
                                  0.000000    0.000000   clock clk (rise edge)
                                  0.000000    0.000000   clock network delay (propagated)
                                  0.860000    0.860000 ^ input external delay
    13    0.067292    0.305997    0.211723    1.071723 ^ up_down (in)
                                                         up_down (net)
                      0.305998    0.000000    1.071723 ^ _062_/B (sky130_fd_sc_hd__xor2_2)
     3    0.009290    0.102867    0.134435    1.206158 v _062_/X (sky130_fd_sc_hd__xor2_2)
                                                         _015_ (net)
                      0.102867    0.000004    1.206161 v _067_/A2 (sky130_fd_sc_hd__o21a_2)
     3    0.011213    0.054480    0.238713    1.444875 v _067_/X (sky130_fd_sc_hd__o21a_2)
                                                         _019_ (net)
                      0.054480    0.000042    1.444917 v _080_/A1 (sky130_fd_sc_hd__o31ai_2)
     4    0.012404    0.327896    0.348451    1.793368 ^ _080_/Y (sky130_fd_sc_hd__o31ai_2)
                                                         _030_ (net)
                      0.327896    0.000042    1.793409 ^ _085_/A (sky130_fd_sc_hd__nand2_2)
     1    0.002604    0.065770    0.063537    1.856946 v _085_/Y (sky130_fd_sc_hd__nand2_2)
                                                         _035_ (net)
                      0.065770    0.000004    1.856950 v _087_/A3 (sky130_fd_sc_hd__a31o_2)
     1    0.002249    0.035729    0.241771    2.098721 v _087_/X (sky130_fd_sc_hd__a31o_2)
                                                         _004_ (net)
                      0.035729    0.000003    2.098724 v _112_/D (sky130_fd_sc_hd__dfrtp_2)
                                              2.098724   data arrival time

                                  4.300000    4.300000   clock clk (rise edge)
                                  0.000000    4.300000   clock source latency
     8    0.023040    0.109202    0.075074    4.375074 ^ clk (in)
                                                         clk (net)
                      0.109202    0.000000    4.375074 ^ _112_/CLK (sky130_fd_sc_hd__dfrtp_2)
                                 -0.250000    4.125074   clock uncertainty
                                  0.000000    4.125074   clock reconvergence pessimism
                                 -0.096590    4.028483   library setup time
                                              4.028483   data required time
---------------------------------------------------------------------------------------------
                                              4.028483   data required time
                                             -2.098724   data arrival time
---------------------------------------------------------------------------------------------
                                              1.929760   slack (MET)


Startpoint: up_down (input port clocked by clk)
Endpoint: _110_ (rising edge-triggered flip-flop clocked by clk)
Path Group: clk
Path Type: max

Fanout         Cap        Slew       Delay        Time   Description
---------------------------------------------------------------------------------------------
                                  0.000000    0.000000   clock clk (rise edge)
                                  0.000000    0.000000   clock network delay (propagated)
                                  0.860000    0.860000 ^ input external delay
    13    0.067292    0.305997    0.211723    1.071723 ^ up_down (in)
                                                         up_down (net)
                      0.305998    0.000000    1.071723 ^ _062_/B (sky130_fd_sc_hd__xor2_2)
     3    0.009290    0.102867    0.134435    1.206158 v _062_/X (sky130_fd_sc_hd__xor2_2)
                                                         _015_ (net)
                      0.102867    0.000004    1.206161 v _067_/A2 (sky130_fd_sc_hd__o21a_2)
     3    0.011213    0.054480    0.238713    1.444875 v _067_/X (sky130_fd_sc_hd__o21a_2)
                                                         _019_ (net)
                      0.054480    0.000032    1.444907 v _070_/A (sky130_fd_sc_hd__or2_2)
     2    0.006987    0.068563    0.310897    1.755804 v _070_/X (sky130_fd_sc_hd__or2_2)
                                                         _022_ (net)
                      0.068563    0.000008    1.755812 v _072_/A3 (sky130_fd_sc_hd__a31o_2)
     1    0.002586    0.036773    0.244671    2.000483 v _072_/X (sky130_fd_sc_hd__a31o_2)
                                                         _002_ (net)
                      0.036773    0.000007    2.000490 v _110_/D (sky130_fd_sc_hd__dfrtp_2)
                                              2.000490   data arrival time

                                  4.300000    4.300000   clock clk (rise edge)
                                  0.000000    4.300000   clock source latency
     8    0.023040    0.109202    0.074960    4.374960 ^ clk (in)
                                                         clk (net)
                      0.109202    0.000000    4.374960 ^ _110_/CLK (sky130_fd_sc_hd__dfrtp_2)
                                 -0.250000    4.124960   clock uncertainty
                                  0.000000    4.124960   clock reconvergence pessimism
                                 -0.097047    4.027913   library setup time
                                              4.027913   data required time
---------------------------------------------------------------------------------------------
                                              4.027913   data required time
                                             -2.000490   data arrival time
---------------------------------------------------------------------------------------------
                                              2.027423   slack (MET)


Startpoint: up_down (input port clocked by clk)
Endpoint: _109_ (rising edge-triggered flip-flop clocked by clk)
Path Group: clk
Path Type: max

Fanout         Cap        Slew       Delay        Time   Description
---------------------------------------------------------------------------------------------
                                  0.000000    0.000000   clock clk (rise edge)
                                  0.000000    0.000000   clock network delay (propagated)
                                  0.860000    0.860000 ^ input external delay
    13    0.067292    0.305997    0.211723    1.071723 ^ up_down (in)
                                                         up_down (net)
                      0.305998    0.000000    1.071723 ^ _062_/B (sky130_fd_sc_hd__xor2_2)
     3    0.009290    0.102867    0.134435    1.206158 v _062_/X (sky130_fd_sc_hd__xor2_2)
                                                         _015_ (net)
                      0.102867    0.000014    1.206171 v _064_/A2 (sky130_fd_sc_hd__o21a_2)
     1    0.002356    0.032700    0.206663    1.412834 v _064_/X (sky130_fd_sc_hd__o21a_2)
                                                         _017_ (net)
                      0.032700    0.000002    1.412836 v _066_/A2 (sky130_fd_sc_hd__a21o_2)
     1    0.002631    0.033697    0.196378    1.609214 v _066_/X (sky130_fd_sc_hd__a21o_2)
                                                         _001_ (net)
                      0.033697    0.000007    1.609221 v _109_/D (sky130_fd_sc_hd__dfrtp_2)
                                              1.609221   data arrival time

                                  4.300000    4.300000   clock clk (rise edge)
                                  0.000000    4.300000   clock source latency
     8    0.023040    0.109202    0.074997    4.374997 ^ clk (in)
                                                         clk (net)
                      0.109202    0.000000    4.374997 ^ _109_/CLK (sky130_fd_sc_hd__dfrtp_2)
                                 -0.250000    4.124997   clock uncertainty
                                  0.000000    4.124997   clock reconvergence pessimism
                                 -0.095702    4.029295   library setup time
                                              4.029295   data required time
---------------------------------------------------------------------------------------------
                                              4.029295   data required time
                                             -1.609221   data arrival time
---------------------------------------------------------------------------------------------
                                              2.420074   slack (MET)


Startpoint: _110_ (rising edge-triggered flip-flop clocked by clk)
Endpoint: count[2] (output port clocked by clk)
Path Group: clk
Path Type: max

Fanout         Cap        Slew       Delay        Time   Description
---------------------------------------------------------------------------------------------
                                  0.000000    0.000000   clock clk (rise edge)
                                  0.000000    0.000000   clock source latency
     8    0.023040    0.109202    0.074961    0.074961 ^ clk (in)
                                                         clk (net)
                      0.109202    0.000000    0.074961 ^ _110_/CLK (sky130_fd_sc_hd__dfrtp_2)
     5    0.056632    0.272367    0.545666    0.620626 ^ _110_/Q (sky130_fd_sc_hd__dfrtp_2)
                                                         count[2] (net)
                      0.272367    0.000385    0.621011 ^ count[2] (out)
                                              0.621011   data arrival time

                                  4.300000    4.300000   clock clk (rise edge)
                                  0.000000    4.300000   clock network delay (propagated)
                                 -0.250000    4.050000   clock uncertainty
                                  0.000000    4.050000   clock reconvergence pessimism
                                 -0.860000    3.190000   output external delay
                                              3.190000   data required time
---------------------------------------------------------------------------------------------
                                              3.190000   data required time
                                             -0.621011   data arrival time
---------------------------------------------------------------------------------------------
                                              2.568989   slack (MET)


Startpoint: _109_ (rising edge-triggered flip-flop clocked by clk)
Endpoint: count[1] (output port clocked by clk)
Path Group: clk
Path Type: max

Fanout         Cap        Slew       Delay        Time   Description
---------------------------------------------------------------------------------------------
                                  0.000000    0.000000   clock clk (rise edge)
                                  0.000000    0.000000   clock source latency
     8    0.023040    0.109202    0.074997    0.074997 ^ clk (in)
                                                         clk (net)
                      0.109202    0.000000    0.074997 ^ _109_/CLK (sky130_fd_sc_hd__dfrtp_2)
     4    0.051793    0.250382    0.530218    0.605215 ^ _109_/Q (sky130_fd_sc_hd__dfrtp_2)
                                                         count[1] (net)
                      0.250382    0.000253    0.605468 ^ count[1] (out)
                                              0.605468   data arrival time

                                  4.300000    4.300000   clock clk (rise edge)
                                  0.000000    4.300000   clock network delay (propagated)
                                 -0.250000    4.050000   clock uncertainty
                                  0.000000    4.050000   clock reconvergence pessimism
                                 -0.860000    3.190000   output external delay
                                              3.190000   data required time
---------------------------------------------------------------------------------------------
                                              3.190000   data required time
                                             -0.605468   data arrival time
---------------------------------------------------------------------------------------------
                                              2.584532   slack (MET)


Startpoint: _111_ (rising edge-triggered flip-flop clocked by clk)
Endpoint: count[3] (output port clocked by clk)
Path Group: clk
Path Type: max

Fanout         Cap        Slew       Delay        Time   Description
---------------------------------------------------------------------------------------------
                                  0.000000    0.000000   clock clk (rise edge)
                                  0.000000    0.000000   clock source latency
     8    0.023040    0.109202    0.074969    0.074969 ^ clk (in)
                                                         clk (net)
                      0.109202    0.000000    0.074969 ^ _111_/CLK (sky130_fd_sc_hd__dfrtp_2)
     4    0.051410    0.248666    0.528921    0.603890 ^ _111_/Q (sky130_fd_sc_hd__dfrtp_2)
                                                         count[3] (net)
                      0.248666    0.000338    0.604227 ^ count[3] (out)
                                              0.604227   data arrival time

                                  4.300000    4.300000   clock clk (rise edge)
                                  0.000000    4.300000   clock network delay (propagated)
                                 -0.250000    4.050000   clock uncertainty
                                  0.000000    4.050000   clock reconvergence pessimism
                                 -0.860000    3.190000   output external delay
                                              3.190000   data required time
---------------------------------------------------------------------------------------------
                                              3.190000   data required time
                                             -0.604227   data arrival time
---------------------------------------------------------------------------------------------
                                              2.585773   slack (MET)


Startpoint: _113_ (rising edge-triggered flip-flop clocked by clk)
Endpoint: count[5] (output port clocked by clk)
Path Group: clk
Path Type: max

Fanout         Cap        Slew       Delay        Time   Description
---------------------------------------------------------------------------------------------
                                  0.000000    0.000000   clock clk (rise edge)
                                  0.000000    0.000000   clock source latency
     8    0.023040    0.109202    0.075085    0.075085 ^ clk (in)
                                                         clk (net)
                      0.109202    0.000000    0.075085 ^ _113_/CLK (sky130_fd_sc_hd__dfrtp_2)
     4    0.049031    0.237840    0.521412    0.596497 ^ _113_/Q (sky130_fd_sc_hd__dfrtp_2)
                                                         count[5] (net)
                      0.237840    0.000122    0.596618 ^ count[5] (out)
                                              0.596618   data arrival time

                                  4.300000    4.300000   clock clk (rise edge)
                                  0.000000    4.300000   clock network delay (propagated)
                                 -0.250000    4.050000   clock uncertainty
                                  0.000000    4.050000   clock reconvergence pessimism
                                 -0.860000    3.190000   output external delay
                                              3.190000   data required time
---------------------------------------------------------------------------------------------
                                              3.190000   data required time
                                             -0.596618   data arrival time
---------------------------------------------------------------------------------------------
                                              2.593381   slack (MET)


Startpoint: _115_ (rising edge-triggered flip-flop clocked by clk)
Endpoint: count[7] (output port clocked by clk)
Path Group: clk
Path Type: max

Fanout         Cap        Slew       Delay        Time   Description
---------------------------------------------------------------------------------------------
                                  0.000000    0.000000   clock clk (rise edge)
                                  0.000000    0.000000   clock source latency
     8    0.023040    0.109202    0.075003    0.075003 ^ clk (in)
                                                         clk (net)
                      0.109202    0.000000    0.075003 ^ _115_/CLK (sky130_fd_sc_hd__dfrtp_2)
     3    0.045761    0.132589    0.516416    0.591419 v _115_/Q (sky130_fd_sc_hd__dfrtp_2)
                                                         count[7] (net)
                      0.132589    0.000292    0.591712 v count[7] (out)
                                              0.591712   data arrival time

                                  4.300000    4.300000   clock clk (rise edge)
                                  0.000000    4.300000   clock network delay (propagated)
                                 -0.250000    4.050000   clock uncertainty
                                  0.000000    4.050000   clock reconvergence pessimism
                                 -0.860000    3.190000   output external delay
                                              3.190000   data required time
---------------------------------------------------------------------------------------------
                                              3.190000   data required time
                                             -0.591712   data arrival time
---------------------------------------------------------------------------------------------
                                              2.598288   slack (MET)


Startpoint: preload (input port clocked by clk)
Endpoint: _108_ (rising edge-triggered flip-flop clocked by clk)
Path Group: clk
Path Type: max

Fanout         Cap        Slew       Delay        Time   Description
---------------------------------------------------------------------------------------------
                                  0.000000    0.000000   clock clk (rise edge)
                                  0.000000    0.000000   clock network delay (propagated)
                                  0.860000    0.860000 v input external delay
    10    0.031671    0.071209    0.050795    0.910795 v preload (in)
                                                         preload (net)
                      0.071212    0.000000    0.910795 v _057_/A (sky130_fd_sc_hd__nor2_2)
     8    0.027032    0.303348    0.283955    1.194750 ^ _057_/Y (sky130_fd_sc_hd__nor2_2)
                                                         _011_ (net)
                      0.303348    0.000080    1.194829 ^ _059_/B1 (sky130_fd_sc_hd__a22o_2)
     1    0.004848    0.049451    0.199385    1.394215 ^ _059_/X (sky130_fd_sc_hd__a22o_2)
                                                         _013_ (net)
                      0.049451    0.000004    1.394219 ^ _060_/B1 (sky130_fd_sc_hd__a21oi_2)
     1    0.002030    0.052261    0.027972    1.422191 v _060_/Y (sky130_fd_sc_hd__a21oi_2)
                                                         _000_ (net)
                      0.052261    0.000001    1.422192 v _108_/D (sky130_fd_sc_hd__dfrtp_2)
                                              1.422192   data arrival time

                                  4.300000    4.300000   clock clk (rise edge)
                                  0.000000    4.300000   clock source latency
     8    0.023040    0.109202    0.075054    4.375054 ^ clk (in)
                                                         clk (net)
                      0.109202    0.000000    4.375054 ^ _108_/CLK (sky130_fd_sc_hd__dfrtp_2)
                                 -0.250000    4.125054   clock uncertainty
                                  0.000000    4.125054   clock reconvergence pessimism
                                 -0.103818    4.021236   library setup time
                                              4.021236   data required time
---------------------------------------------------------------------------------------------
                                              4.021236   data required time
                                             -1.422192   data arrival time
---------------------------------------------------------------------------------------------
                                              2.599044   slack (MET)


Startpoint: _112_ (rising edge-triggered flip-flop clocked by clk)
Endpoint: count[4] (output port clocked by clk)
Path Group: clk
Path Type: max

Fanout         Cap        Slew       Delay        Time   Description
---------------------------------------------------------------------------------------------
                                  0.000000    0.000000   clock clk (rise edge)
                                  0.000000    0.000000   clock source latency
     8    0.023040    0.109202    0.075074    0.075074 ^ clk (in)
                                                         clk (net)
                      0.109202    0.000000    0.075074 ^ _112_/CLK (sky130_fd_sc_hd__dfrtp_2)
     5    0.044063    0.128954    0.513408    0.588481 v _112_/Q (sky130_fd_sc_hd__dfrtp_2)
                                                         count[4] (net)
                      0.128954    0.000166    0.588647 v count[4] (out)
                                              0.588647   data arrival time

                                  4.300000    4.300000   clock clk (rise edge)
                                  0.000000    4.300000   clock network delay (propagated)
                                 -0.250000    4.050000   clock uncertainty
                                  0.000000    4.050000   clock reconvergence pessimism
                                 -0.860000    3.190000   output external delay
                                              3.190000   data required time
---------------------------------------------------------------------------------------------
                                              3.190000   data required time
                                             -0.588647   data arrival time
---------------------------------------------------------------------------------------------
                                              2.601352   slack (MET)


Startpoint: _108_ (rising edge-triggered flip-flop clocked by clk)
Endpoint: count[0] (output port clocked by clk)
Path Group: clk
Path Type: max

Fanout         Cap        Slew       Delay        Time   Description
---------------------------------------------------------------------------------------------
                                  0.000000    0.000000   clock clk (rise edge)
                                  0.000000    0.000000   clock source latency
     8    0.023040    0.109202    0.075054    0.075054 ^ clk (in)
                                                         clk (net)
                      0.109202    0.000000    0.075054 ^ _108_/CLK (sky130_fd_sc_hd__dfrtp_2)
     3    0.043380    0.127496    0.512194    0.587248 v _108_/Q (sky130_fd_sc_hd__dfrtp_2)
                                                         count[0] (net)
                      0.127496    0.000099    0.587346 v count[0] (out)
                                              0.587346   data arrival time

                                  4.300000    4.300000   clock clk (rise edge)
                                  0.000000    4.300000   clock network delay (propagated)
                                 -0.250000    4.050000   clock uncertainty
                                  0.000000    4.050000   clock reconvergence pessimism
                                 -0.860000    3.190000   output external delay
                                              3.190000   data required time
---------------------------------------------------------------------------------------------
                                              3.190000   data required time
                                             -0.587346   data arrival time
---------------------------------------------------------------------------------------------
                                              2.602654   slack (MET)


Startpoint: _114_ (rising edge-triggered flip-flop clocked by clk)
Endpoint: count[6] (output port clocked by clk)
Path Group: clk
Path Type: max

Fanout         Cap        Slew       Delay        Time   Description
---------------------------------------------------------------------------------------------
                                  0.000000    0.000000   clock clk (rise edge)
                                  0.000000    0.000000   clock source latency
     8    0.023040    0.109202    0.075014    0.075014 ^ clk (in)
                                                         clk (net)
                      0.109202    0.000000    0.075014 ^ _114_/CLK (sky130_fd_sc_hd__dfrtp_2)
     4    0.041504    0.123635    0.508562    0.583576 v _114_/Q (sky130_fd_sc_hd__dfrtp_2)
                                                         count[6] (net)
                      0.123635    0.000473    0.584049 v count[6] (out)
                                              0.584049   data arrival time

                                  4.300000    4.300000   clock clk (rise edge)
                                  0.000000    4.300000   clock network delay (propagated)
                                 -0.250000    4.050000   clock uncertainty
                                  0.000000    4.050000   clock reconvergence pessimism
                                 -0.860000    3.190000   output external delay
                                              3.190000   data required time
---------------------------------------------------------------------------------------------
                                              3.190000   data required time
                                             -0.584049   data arrival time
---------------------------------------------------------------------------------------------
                                              2.605951   slack (MET)


Startpoint: resetn (input port clocked by clk)
Endpoint: _111_ (recovery check against rising-edge clock clk)
Path Group: asynchronous
Path Type: max

Fanout         Cap        Slew       Delay        Time   Description
---------------------------------------------------------------------------------------------
                                  0.000000    0.000000   clock clk (rise edge)
                                  0.000000    0.000000   clock network delay (propagated)
                                  0.860000    0.860000 ^ input external delay
     8    0.036884    0.170961    0.118414    0.978414 ^ resetn (in)
                                                         resetn (net)
                      0.170962    0.000000    0.978414 ^ _111_/RESET_B (sky130_fd_sc_hd__dfrtp_2)
                                              0.978414   data arrival time

                                  4.300000    4.300000   clock clk (rise edge)
                                  0.000000    4.300000   clock source latency
     8    0.023040    0.109202    0.074969    4.374969 ^ clk (in)
                                                         clk (net)
                      0.109202    0.000000    4.374969 ^ _111_/CLK (sky130_fd_sc_hd__dfrtp_2)
                                 -0.250000    4.124969   clock uncertainty
                                  0.000000    4.124969   clock reconvergence pessimism
                                  0.201714    4.326683   library recovery time
                                              4.326683   data required time
---------------------------------------------------------------------------------------------
                                              4.326683   data required time
                                             -0.978414   data arrival time
---------------------------------------------------------------------------------------------
                                              3.348269   slack (MET)


Startpoint: resetn (input port clocked by clk)
Endpoint: _115_ (recovery check against rising-edge clock clk)
Path Group: asynchronous
Path Type: max

Fanout         Cap        Slew       Delay        Time   Description
---------------------------------------------------------------------------------------------
                                  0.000000    0.000000   clock clk (rise edge)
                                  0.000000    0.000000   clock network delay (propagated)
                                  0.860000    0.860000 ^ input external delay
     8    0.036884    0.170961    0.118391    0.978391 ^ resetn (in)
                                                         resetn (net)
                      0.170962    0.000000    0.978391 ^ _115_/RESET_B (sky130_fd_sc_hd__dfrtp_2)
                                              0.978391   data arrival time

                                  4.300000    4.300000   clock clk (rise edge)
                                  0.000000    4.300000   clock source latency
     8    0.023040    0.109202    0.075003    4.375003 ^ clk (in)
                                                         clk (net)
                      0.109202    0.000000    4.375003 ^ _115_/CLK (sky130_fd_sc_hd__dfrtp_2)
                                 -0.250000    4.125003   clock uncertainty
                                  0.000000    4.125003   clock reconvergence pessimism
                                  0.201714    4.326717   library recovery time
                                              4.326717   data required time
---------------------------------------------------------------------------------------------
                                              4.326717   data required time
                                             -0.978391   data arrival time
---------------------------------------------------------------------------------------------
                                              3.348326   slack (MET)


Startpoint: resetn (input port clocked by clk)
Endpoint: _114_ (recovery check against rising-edge clock clk)
Path Group: asynchronous
Path Type: max

Fanout         Cap        Slew       Delay        Time   Description
---------------------------------------------------------------------------------------------
                                  0.000000    0.000000   clock clk (rise edge)
                                  0.000000    0.000000   clock network delay (propagated)
                                  0.860000    0.860000 ^ input external delay
     8    0.036884    0.170961    0.118345    0.978345 ^ resetn (in)
                                                         resetn (net)
                      0.170962    0.000000    0.978345 ^ _114_/RESET_B (sky130_fd_sc_hd__dfrtp_2)
                                              0.978345   data arrival time

                                  4.300000    4.300000   clock clk (rise edge)
                                  0.000000    4.300000   clock source latency
     8    0.023040    0.109202    0.075014    4.375014 ^ clk (in)
                                                         clk (net)
                      0.109202    0.000000    4.375014 ^ _114_/CLK (sky130_fd_sc_hd__dfrtp_2)
                                 -0.250000    4.125014   clock uncertainty
                                  0.000000    4.125014   clock reconvergence pessimism
                                  0.201714    4.326729   library recovery time
                                              4.326729   data required time
---------------------------------------------------------------------------------------------
                                              4.326729   data required time
                                             -0.978345   data arrival time
---------------------------------------------------------------------------------------------
                                              3.348384   slack (MET)


Startpoint: resetn (input port clocked by clk)
Endpoint: _110_ (recovery check against rising-edge clock clk)
Path Group: asynchronous
Path Type: max

Fanout         Cap        Slew       Delay        Time   Description
---------------------------------------------------------------------------------------------
                                  0.000000    0.000000   clock clk (rise edge)
                                  0.000000    0.000000   clock network delay (propagated)
                                  0.860000    0.860000 ^ input external delay
     8    0.036884    0.170961    0.118157    0.978157 ^ resetn (in)
                                                         resetn (net)
                      0.170961    0.000000    0.978157 ^ _110_/RESET_B (sky130_fd_sc_hd__dfrtp_2)
                                              0.978157   data arrival time

                                  4.300000    4.300000   clock clk (rise edge)
                                  0.000000    4.300000   clock source latency
     8    0.023040    0.109202    0.074960    4.374960 ^ clk (in)
                                                         clk (net)
                      0.109202    0.000000    4.374960 ^ _110_/CLK (sky130_fd_sc_hd__dfrtp_2)
                                 -0.250000    4.124960   clock uncertainty
                                  0.000000    4.124960   clock reconvergence pessimism
                                  0.201715    4.326675   library recovery time
                                              4.326675   data required time
---------------------------------------------------------------------------------------------
                                              4.326675   data required time
                                             -0.978157   data arrival time
---------------------------------------------------------------------------------------------
                                              3.348518   slack (MET)


Startpoint: resetn (input port clocked by clk)
Endpoint: _113_ (recovery check against rising-edge clock clk)
Path Group: asynchronous
Path Type: max

Fanout         Cap        Slew       Delay        Time   Description
---------------------------------------------------------------------------------------------
                                  0.000000    0.000000   clock clk (rise edge)
                                  0.000000    0.000000   clock network delay (propagated)
                                  0.860000    0.860000 ^ input external delay
     8    0.036884    0.170961    0.118244    0.978244 ^ resetn (in)
                                                         resetn (net)
                      0.170961    0.000000    0.978244 ^ _113_/RESET_B (sky130_fd_sc_hd__dfrtp_2)
                                              0.978244   data arrival time

                                  4.300000    4.300000   clock clk (rise edge)
                                  0.000000    4.300000   clock source latency
     8    0.023040    0.109202    0.075085    4.375085 ^ clk (in)
                                                         clk (net)
                      0.109202    0.000000    4.375085 ^ _113_/CLK (sky130_fd_sc_hd__dfrtp_2)
                                 -0.250000    4.125085   clock uncertainty
                                  0.000000    4.125085   clock reconvergence pessimism
                                  0.201715    4.326799   library recovery time
                                              4.326799   data required time
---------------------------------------------------------------------------------------------
                                              4.326799   data required time
                                             -0.978244   data arrival time
---------------------------------------------------------------------------------------------
                                              3.348555   slack (MET)


Startpoint: resetn (input port clocked by clk)
Endpoint: _109_ (recovery check against rising-edge clock clk)
Path Group: asynchronous
Path Type: max

Fanout         Cap        Slew       Delay        Time   Description
---------------------------------------------------------------------------------------------
                                  0.000000    0.000000   clock clk (rise edge)
                                  0.000000    0.000000   clock network delay (propagated)
                                  0.860000    0.860000 ^ input external delay
     8    0.036884    0.170961    0.118143    0.978143 ^ resetn (in)
                                                         resetn (net)
                      0.170961    0.000000    0.978143 ^ _109_/RESET_B (sky130_fd_sc_hd__dfrtp_2)
                                              0.978143   data arrival time

                                  4.300000    4.300000   clock clk (rise edge)
                                  0.000000    4.300000   clock source latency
     8    0.023040    0.109202    0.074997    4.374997 ^ clk (in)
                                                         clk (net)
                      0.109202    0.000000    4.374997 ^ _109_/CLK (sky130_fd_sc_hd__dfrtp_2)
                                 -0.250000    4.124997   clock uncertainty
                                  0.000000    4.124997   clock reconvergence pessimism
                                  0.201715    4.326712   library recovery time
                                              4.326712   data required time
---------------------------------------------------------------------------------------------
                                              4.326712   data required time
                                             -0.978143   data arrival time
---------------------------------------------------------------------------------------------
                                              3.348569   slack (MET)


Startpoint: resetn (input port clocked by clk)
Endpoint: _112_ (recovery check against rising-edge clock clk)
Path Group: asynchronous
Path Type: max

Fanout         Cap        Slew       Delay        Time   Description
---------------------------------------------------------------------------------------------
                                  0.000000    0.000000   clock clk (rise edge)
                                  0.000000    0.000000   clock network delay (propagated)
                                  0.860000    0.860000 ^ input external delay
     8    0.036884    0.170961    0.118153    0.978153 ^ resetn (in)
                                                         resetn (net)
                      0.170961    0.000000    0.978153 ^ _112_/RESET_B (sky130_fd_sc_hd__dfrtp_2)
                                              0.978153   data arrival time

                                  4.300000    4.300000   clock clk (rise edge)
                                  0.000000    4.300000   clock source latency
     8    0.023040    0.109202    0.075074    4.375074 ^ clk (in)
                                                         clk (net)
                      0.109202    0.000000    4.375074 ^ _112_/CLK (sky130_fd_sc_hd__dfrtp_2)
                                 -0.250000    4.125074   clock uncertainty
                                  0.000000    4.125074   clock reconvergence pessimism
                                  0.201715    4.326788   library recovery time
                                              4.326788   data required time
---------------------------------------------------------------------------------------------
                                              4.326788   data required time
                                             -0.978153   data arrival time
---------------------------------------------------------------------------------------------
                                              3.348636   slack (MET)


Startpoint: resetn (input port clocked by clk)
Endpoint: _108_ (recovery check against rising-edge clock clk)
Path Group: asynchronous
Path Type: max

Fanout         Cap        Slew       Delay        Time   Description
---------------------------------------------------------------------------------------------
                                  0.000000    0.000000   clock clk (rise edge)
                                  0.000000    0.000000   clock network delay (propagated)
                                  0.860000    0.860000 ^ input external delay
     8    0.036884    0.170961    0.118079    0.978079 ^ resetn (in)
                                                         resetn (net)
                      0.170961    0.000000    0.978079 ^ _108_/RESET_B (sky130_fd_sc_hd__dfrtp_2)
                                              0.978079   data arrival time

                                  4.300000    4.300000   clock clk (rise edge)
                                  0.000000    4.300000   clock source latency
     8    0.023040    0.109202    0.075054    4.375054 ^ clk (in)
                                                         clk (net)
                      0.109202    0.000000    4.375054 ^ _108_/CLK (sky130_fd_sc_hd__dfrtp_2)
                                 -0.250000    4.125054   clock uncertainty
                                  0.000000    4.125054   clock reconvergence pessimism
                                  0.201715    4.326768   library recovery time
                                              4.326768   data required time
---------------------------------------------------------------------------------------------
                                              4.326768   data required time
                                             -0.978079   data arrival time
---------------------------------------------------------------------------------------------
                                              3.348690   slack (MET)



