
===========================================================================
report_checks -path_delay min (Hold)
============================================================================
======================= nom_tt_025C_1v80 Corner ===================================

Startpoint: _111_ (rising edge-triggered flip-flop clocked by clk)
Endpoint: _111_ (rising edge-triggered flip-flop clocked by clk)
Path Group: clk
Path Type: min

Fanout         Cap        Slew       Delay        Time   Description
---------------------------------------------------------------------------------------------
                                  0.000000    0.000000   clock clk (rise edge)
                                  0.000000    0.000000   clock source latency
     1    0.011009    0.055928    0.037347    0.037347 ^ clk (in)
                                                         clk (net)
                      0.055930    0.000000    0.037347 ^ clkbuf_0_clk/A (sky130_fd_sc_hd__clkbuf_16)
     2    0.015788    0.039240    0.125436    0.162783 ^ clkbuf_0_clk/X (sky130_fd_sc_hd__clkbuf_16)
                                                         clknet_0_clk (net)
                      0.039240    0.000000    0.162783 ^ clkbuf_1_1__f_clk/A (sky130_fd_sc_hd__clkbuf_16)
     4    0.011587    0.034699    0.115227    0.278010 ^ clkbuf_1_1__f_clk/X (sky130_fd_sc_hd__clkbuf_16)
                                                         clknet_1_1__leaf_clk (net)
                      0.034699    0.000396    0.278407 ^ _111_/CLK (sky130_fd_sc_hd__dfrtp_1)
     4    0.014519    0.137304    0.386596    0.665003 ^ _111_/Q (sky130_fd_sc_hd__dfrtp_1)
                                                         net16 (net)
                      0.137304    0.000176    0.665178 ^ _078_/B2 (sky130_fd_sc_hd__a221o_1)
     1    0.003021    0.043803    0.155568    0.820746 ^ _078_/X (sky130_fd_sc_hd__a221o_1)
                                                         _003_ (net)
                      0.043803    0.000072    0.820818 ^ _111_/D (sky130_fd_sc_hd__dfrtp_1)
                                              0.820818   data arrival time

                                  0.000000    0.000000   clock clk (rise edge)
                                  0.000000    0.000000   clock source latency
     1    0.011009    0.055928    0.037347    0.037347 ^ clk (in)
                                                         clk (net)
                      0.055930    0.000000    0.037347 ^ clkbuf_0_clk/A (sky130_fd_sc_hd__clkbuf_16)
     2    0.015788    0.039240    0.125436    0.162783 ^ clkbuf_0_clk/X (sky130_fd_sc_hd__clkbuf_16)
                                                         clknet_0_clk (net)
                      0.039240    0.000000    0.162783 ^ clkbuf_1_1__f_clk/A (sky130_fd_sc_hd__clkbuf_16)
     4    0.011587    0.034699    0.115227    0.278010 ^ clkbuf_1_1__f_clk/X (sky130_fd_sc_hd__clkbuf_16)
                                                         clknet_1_1__leaf_clk (net)
                      0.034699    0.000396    0.278407 ^ _111_/CLK (sky130_fd_sc_hd__dfrtp_1)
                                  0.250000    0.528407   clock uncertainty
                                  0.000000    0.528407   clock reconvergence pessimism
                                 -0.035921    0.492486   library hold time
                                              0.492486   data required time
---------------------------------------------------------------------------------------------
                                              0.492486   data required time
                                             -0.820818   data arrival time
---------------------------------------------------------------------------------------------
                                              0.328332   slack (MET)


Startpoint: _115_ (rising edge-triggered flip-flop clocked by clk)
Endpoint: _115_ (rising edge-triggered flip-flop clocked by clk)
Path Group: clk
Path Type: min

Fanout         Cap        Slew       Delay        Time   Description
---------------------------------------------------------------------------------------------
                                  0.000000    0.000000   clock clk (rise edge)
                                  0.000000    0.000000   clock source latency
     1    0.011009    0.055928    0.037347    0.037347 ^ clk (in)
                                                         clk (net)
                      0.055930    0.000000    0.037347 ^ clkbuf_0_clk/A (sky130_fd_sc_hd__clkbuf_16)
     2    0.015788    0.039240    0.125436    0.162783 ^ clkbuf_0_clk/X (sky130_fd_sc_hd__clkbuf_16)
                                                         clknet_0_clk (net)
                      0.039240    0.000000    0.162783 ^ clkbuf_1_1__f_clk/A (sky130_fd_sc_hd__clkbuf_16)
     4    0.011587    0.034699    0.115227    0.278010 ^ clkbuf_1_1__f_clk/X (sky130_fd_sc_hd__clkbuf_16)
                                                         clknet_1_1__leaf_clk (net)
                      0.034700    0.000461    0.278472 ^ _115_/CLK (sky130_fd_sc_hd__dfrtp_1)
     3    0.010661    0.105656    0.363225    0.641697 ^ _115_/Q (sky130_fd_sc_hd__dfrtp_1)
                                                         net20 (net)
                      0.105656    0.000277    0.641974 ^ _106_/B2 (sky130_fd_sc_hd__a22o_1)
     1    0.002956    0.044566    0.133554    0.775527 ^ _106_/X (sky130_fd_sc_hd__a22o_1)
                                                         _053_ (net)
                      0.044567    0.000063    0.775591 ^ _107_/B1 (sky130_fd_sc_hd__a21o_1)
     1    0.003537    0.040416    0.079950    0.855540 ^ _107_/X (sky130_fd_sc_hd__a21o_1)
                                                         _007_ (net)
                      0.040416    0.000121    0.855661 ^ _115_/D (sky130_fd_sc_hd__dfrtp_1)
                                              0.855661   data arrival time

                                  0.000000    0.000000   clock clk (rise edge)
                                  0.000000    0.000000   clock source latency
     1    0.011009    0.055928    0.037347    0.037347 ^ clk (in)
                                                         clk (net)
                      0.055930    0.000000    0.037347 ^ clkbuf_0_clk/A (sky130_fd_sc_hd__clkbuf_16)
     2    0.015788    0.039240    0.125436    0.162783 ^ clkbuf_0_clk/X (sky130_fd_sc_hd__clkbuf_16)
                                                         clknet_0_clk (net)
                      0.039240    0.000000    0.162783 ^ clkbuf_1_1__f_clk/A (sky130_fd_sc_hd__clkbuf_16)
     4    0.011587    0.034699    0.115227    0.278010 ^ clkbuf_1_1__f_clk/X (sky130_fd_sc_hd__clkbuf_16)
                                                         clknet_1_1__leaf_clk (net)
                      0.034700    0.000461    0.278472 ^ _115_/CLK (sky130_fd_sc_hd__dfrtp_1)
                                  0.250000    0.528472   clock uncertainty
                                  0.000000    0.528472   clock reconvergence pessimism
                                 -0.035210    0.493262   library hold time
                                              0.493262   data required time
---------------------------------------------------------------------------------------------
                                              0.493262   data required time
                                             -0.855661   data arrival time
---------------------------------------------------------------------------------------------
                                              0.362399   slack (MET)


Startpoint: _108_ (rising edge-triggered flip-flop clocked by clk)
Endpoint: _109_ (rising edge-triggered flip-flop clocked by clk)
Path Group: clk
Path Type: min

Fanout         Cap        Slew       Delay        Time   Description
---------------------------------------------------------------------------------------------
                                  0.000000    0.000000   clock clk (rise edge)
                                  0.000000    0.000000   clock source latency
     1    0.011009    0.055928    0.037347    0.037347 ^ clk (in)
                                                         clk (net)
                      0.055930    0.000000    0.037347 ^ clkbuf_0_clk/A (sky130_fd_sc_hd__clkbuf_16)
     2    0.015788    0.039240    0.125436    0.162783 ^ clkbuf_0_clk/X (sky130_fd_sc_hd__clkbuf_16)
                                                         clknet_0_clk (net)
                      0.039240    0.000000    0.162783 ^ clkbuf_1_0__f_clk/A (sky130_fd_sc_hd__clkbuf_16)
     5    0.014053    0.036791    0.117603    0.280386 ^ clkbuf_1_0__f_clk/X (sky130_fd_sc_hd__clkbuf_16)
                                                         clknet_1_0__leaf_clk (net)
                      0.036791    0.000206    0.280592 ^ _108_/CLK (sky130_fd_sc_hd__dfrtp_1)
     3    0.010548    0.104741    0.363307    0.643899 ^ _108_/Q (sky130_fd_sc_hd__dfrtp_1)
                                                         net13 (net)
                      0.104741    0.000341    0.644240 ^ _054_/A (sky130_fd_sc_hd__inv_2)
     4    0.011477    0.043045    0.059821    0.704061 v _054_/Y (sky130_fd_sc_hd__inv_2)
                                                         _008_ (net)
                      0.043047    0.000293    0.704354 v _063_/A (sky130_fd_sc_hd__nand2_1)
     1    0.003491    0.042698    0.057145    0.761498 ^ _063_/Y (sky130_fd_sc_hd__nand2_1)
                                                         _016_ (net)
                      0.042698    0.000117    0.761615 ^ _066_/A1 (sky130_fd_sc_hd__a21o_1)
     1    0.002920    0.035787    0.098269    0.859885 ^ _066_/X (sky130_fd_sc_hd__a21o_1)
                                                         _001_ (net)
                      0.035787    0.000094    0.859979 ^ _109_/D (sky130_fd_sc_hd__dfrtp_1)
                                              0.859979   data arrival time

                                  0.000000    0.000000   clock clk (rise edge)
                                  0.000000    0.000000   clock source latency
     1    0.011009    0.055928    0.037347    0.037347 ^ clk (in)
                                                         clk (net)
                      0.055930    0.000000    0.037347 ^ clkbuf_0_clk/A (sky130_fd_sc_hd__clkbuf_16)
     2    0.015788    0.039240    0.125436    0.162783 ^ clkbuf_0_clk/X (sky130_fd_sc_hd__clkbuf_16)
                                                         clknet_0_clk (net)
                      0.039240    0.000000    0.162783 ^ clkbuf_1_0__f_clk/A (sky130_fd_sc_hd__clkbuf_16)
     5    0.014053    0.036791    0.117603    0.280386 ^ clkbuf_1_0__f_clk/X (sky130_fd_sc_hd__clkbuf_16)
                                                         clknet_1_0__leaf_clk (net)
                      0.036791    0.000275    0.280661 ^ _109_/CLK (sky130_fd_sc_hd__dfrtp_1)
                                  0.250000    0.530661   clock uncertainty
                                  0.000000    0.530661   clock reconvergence pessimism
                                 -0.033953    0.496707   library hold time
                                              0.496707   data required time
---------------------------------------------------------------------------------------------
                                              0.496707   data required time
                                             -0.859979   data arrival time
---------------------------------------------------------------------------------------------
                                              0.363271   slack (MET)


Startpoint: _114_ (rising edge-triggered flip-flop clocked by clk)
Endpoint: _114_ (rising edge-triggered flip-flop clocked by clk)
Path Group: clk
Path Type: min

Fanout         Cap        Slew       Delay        Time   Description
---------------------------------------------------------------------------------------------
                                  0.000000    0.000000   clock clk (rise edge)
                                  0.000000    0.000000   clock source latency
     1    0.011009    0.055928    0.037347    0.037347 ^ clk (in)
                                                         clk (net)
                      0.055930    0.000000    0.037347 ^ clkbuf_0_clk/A (sky130_fd_sc_hd__clkbuf_16)
     2    0.015788    0.039240    0.125436    0.162783 ^ clkbuf_0_clk/X (sky130_fd_sc_hd__clkbuf_16)
                                                         clknet_0_clk (net)
                      0.039240    0.000000    0.162783 ^ clkbuf_1_1__f_clk/A (sky130_fd_sc_hd__clkbuf_16)
     4    0.011587    0.034699    0.115227    0.278010 ^ clkbuf_1_1__f_clk/X (sky130_fd_sc_hd__clkbuf_16)
                                                         clknet_1_1__leaf_clk (net)
                      0.034699    0.000330    0.278340 ^ _114_/CLK (sky130_fd_sc_hd__dfrtp_1)
     4    0.010291    0.102638    0.360964    0.639305 ^ _114_/Q (sky130_fd_sc_hd__dfrtp_1)
                                                         net19 (net)
                      0.102638    0.000313    0.639617 ^ _101_/B2 (sky130_fd_sc_hd__a22o_1)
     1    0.003240    0.046941    0.135007    0.774625 ^ _101_/X (sky130_fd_sc_hd__a22o_1)
                                                         _049_ (net)
                      0.046942    0.000075    0.774700 ^ _102_/B1 (sky130_fd_sc_hd__a31o_1)
     1    0.003462    0.045532    0.092371    0.867071 ^ _102_/X (sky130_fd_sc_hd__a31o_1)
                                                         _006_ (net)
                      0.045532    0.000119    0.867191 ^ _114_/D (sky130_fd_sc_hd__dfrtp_1)
                                              0.867191   data arrival time

                                  0.000000    0.000000   clock clk (rise edge)
                                  0.000000    0.000000   clock source latency
     1    0.011009    0.055928    0.037347    0.037347 ^ clk (in)
                                                         clk (net)
                      0.055930    0.000000    0.037347 ^ clkbuf_0_clk/A (sky130_fd_sc_hd__clkbuf_16)
     2    0.015788    0.039240    0.125436    0.162783 ^ clkbuf_0_clk/X (sky130_fd_sc_hd__clkbuf_16)
                                                         clknet_0_clk (net)
                      0.039240    0.000000    0.162783 ^ clkbuf_1_1__f_clk/A (sky130_fd_sc_hd__clkbuf_16)
     4    0.011587    0.034699    0.115227    0.278010 ^ clkbuf_1_1__f_clk/X (sky130_fd_sc_hd__clkbuf_16)
                                                         clknet_1_1__leaf_clk (net)
                      0.034699    0.000330    0.278340 ^ _114_/CLK (sky130_fd_sc_hd__dfrtp_1)
                                  0.250000    0.528340   clock uncertainty
                                  0.000000    0.528340   clock reconvergence pessimism
                                 -0.036283    0.492057   library hold time
                                              0.492057   data required time
---------------------------------------------------------------------------------------------
                                              0.492057   data required time
                                             -0.867191   data arrival time
---------------------------------------------------------------------------------------------
                                              0.375134   slack (MET)


Startpoint: _110_ (rising edge-triggered flip-flop clocked by clk)
Endpoint: _110_ (rising edge-triggered flip-flop clocked by clk)
Path Group: clk
Path Type: min

Fanout         Cap        Slew       Delay        Time   Description
---------------------------------------------------------------------------------------------
                                  0.000000    0.000000   clock clk (rise edge)
                                  0.000000    0.000000   clock source latency
     1    0.011009    0.055928    0.037347    0.037347 ^ clk (in)
                                                         clk (net)
                      0.055930    0.000000    0.037347 ^ clkbuf_0_clk/A (sky130_fd_sc_hd__clkbuf_16)
     2    0.015788    0.039240    0.125436    0.162783 ^ clkbuf_0_clk/X (sky130_fd_sc_hd__clkbuf_16)
                                                         clknet_0_clk (net)
                      0.039240    0.000000    0.162783 ^ clkbuf_1_0__f_clk/A (sky130_fd_sc_hd__clkbuf_16)
     5    0.014053    0.036791    0.117603    0.280386 ^ clkbuf_1_0__f_clk/X (sky130_fd_sc_hd__clkbuf_16)
                                                         clknet_1_0__leaf_clk (net)
                      0.036791    0.000290    0.280676 ^ _110_/CLK (sky130_fd_sc_hd__dfrtp_2)
     5    0.019860    0.110106    0.396716    0.677392 ^ _110_/Q (sky130_fd_sc_hd__dfrtp_2)
                                                         net15 (net)
                      0.110106    0.000366    0.677758 ^ _071_/B2 (sky130_fd_sc_hd__a22o_1)
     1    0.003356    0.047920    0.138113    0.815870 ^ _071_/X (sky130_fd_sc_hd__a22o_1)
                                                         _023_ (net)
                      0.047923    0.000109    0.815979 ^ _072_/B1 (sky130_fd_sc_hd__a31o_1)
     1    0.003303    0.044245    0.091550    0.907530 ^ _072_/X (sky130_fd_sc_hd__a31o_1)
                                                         _002_ (net)
                      0.044245    0.000086    0.907616 ^ _110_/D (sky130_fd_sc_hd__dfrtp_2)
                                              0.907616   data arrival time

                                  0.000000    0.000000   clock clk (rise edge)
                                  0.000000    0.000000   clock source latency
     1    0.011009    0.055928    0.037347    0.037347 ^ clk (in)
                                                         clk (net)
                      0.055930    0.000000    0.037347 ^ clkbuf_0_clk/A (sky130_fd_sc_hd__clkbuf_16)
     2    0.015788    0.039240    0.125436    0.162783 ^ clkbuf_0_clk/X (sky130_fd_sc_hd__clkbuf_16)
                                                         clknet_0_clk (net)
                      0.039240    0.000000    0.162783 ^ clkbuf_1_0__f_clk/A (sky130_fd_sc_hd__clkbuf_16)
     5    0.014053    0.036791    0.117603    0.280386 ^ clkbuf_1_0__f_clk/X (sky130_fd_sc_hd__clkbuf_16)
                                                         clknet_1_0__leaf_clk (net)
                      0.036791    0.000290    0.280676 ^ _110_/CLK (sky130_fd_sc_hd__dfrtp_2)
                                  0.250000    0.530676   clock uncertainty
                                  0.000000    0.530676   clock reconvergence pessimism
                                 -0.035642    0.495033   library hold time
                                              0.495033   data required time
---------------------------------------------------------------------------------------------
                                              0.495033   data required time
                                             -0.907616   data arrival time
---------------------------------------------------------------------------------------------
                                              0.412583   slack (MET)


Startpoint: _108_ (rising edge-triggered flip-flop clocked by clk)
Endpoint: _108_ (rising edge-triggered flip-flop clocked by clk)
Path Group: clk
Path Type: min

Fanout         Cap        Slew       Delay        Time   Description
---------------------------------------------------------------------------------------------
                                  0.000000    0.000000   clock clk (rise edge)
                                  0.000000    0.000000   clock source latency
     1    0.011009    0.055928    0.037347    0.037347 ^ clk (in)
                                                         clk (net)
                      0.055930    0.000000    0.037347 ^ clkbuf_0_clk/A (sky130_fd_sc_hd__clkbuf_16)
     2    0.015788    0.039240    0.125436    0.162783 ^ clkbuf_0_clk/X (sky130_fd_sc_hd__clkbuf_16)
                                                         clknet_0_clk (net)
                      0.039240    0.000000    0.162783 ^ clkbuf_1_0__f_clk/A (sky130_fd_sc_hd__clkbuf_16)
     5    0.014053    0.036791    0.117603    0.280386 ^ clkbuf_1_0__f_clk/X (sky130_fd_sc_hd__clkbuf_16)
                                                         clknet_1_0__leaf_clk (net)
                      0.036791    0.000206    0.280592 ^ _108_/CLK (sky130_fd_sc_hd__dfrtp_1)
     3    0.009857    0.070081    0.388057    0.668649 v _108_/Q (sky130_fd_sc_hd__dfrtp_1)
                                                         net13 (net)
                      0.070143    0.000317    0.668966 v _054_/A (sky130_fd_sc_hd__inv_2)
     4    0.012348    0.063433    0.081843    0.750809 ^ _054_/Y (sky130_fd_sc_hd__inv_2)
                                                         _008_ (net)
                      0.063433    0.000159    0.750969 ^ _059_/B2 (sky130_fd_sc_hd__a22o_1)
     1    0.002477    0.041974    0.117404    0.868372 ^ _059_/X (sky130_fd_sc_hd__a22o_1)
                                                         _013_ (net)
                      0.041974    0.000000    0.868372 ^ _060_/B1 (sky130_fd_sc_hd__a21oi_1)
     1    0.002857    0.026051    0.035717    0.904090 v _060_/Y (sky130_fd_sc_hd__a21oi_1)
                                                         _000_ (net)
                      0.026051    0.000068    0.904157 v _108_/D (sky130_fd_sc_hd__dfrtp_1)
                                              0.904157   data arrival time

                                  0.000000    0.000000   clock clk (rise edge)
                                  0.000000    0.000000   clock source latency
     1    0.011009    0.055928    0.037347    0.037347 ^ clk (in)
                                                         clk (net)
                      0.055930    0.000000    0.037347 ^ clkbuf_0_clk/A (sky130_fd_sc_hd__clkbuf_16)
     2    0.015788    0.039240    0.125436    0.162783 ^ clkbuf_0_clk/X (sky130_fd_sc_hd__clkbuf_16)
                                                         clknet_0_clk (net)
                      0.039240    0.000000    0.162783 ^ clkbuf_1_0__f_clk/A (sky130_fd_sc_hd__clkbuf_16)
     5    0.014053    0.036791    0.117603    0.280386 ^ clkbuf_1_0__f_clk/X (sky130_fd_sc_hd__clkbuf_16)
                                                         clknet_1_0__leaf_clk (net)
                      0.036791    0.000206    0.280592 ^ _108_/CLK (sky130_fd_sc_hd__dfrtp_1)
                                  0.250000    0.530592   clock uncertainty
                                  0.000000    0.530592   clock reconvergence pessimism
                                 -0.039933    0.490659   library hold time
                                              0.490659   data required time
---------------------------------------------------------------------------------------------
                                              0.490659   data required time
                                             -0.904157   data arrival time
---------------------------------------------------------------------------------------------
                                              0.413498   slack (MET)


Startpoint: _113_ (rising edge-triggered flip-flop clocked by clk)
Endpoint: _113_ (rising edge-triggered flip-flop clocked by clk)
Path Group: clk
Path Type: min

Fanout         Cap        Slew       Delay        Time   Description
---------------------------------------------------------------------------------------------
                                  0.000000    0.000000   clock clk (rise edge)
                                  0.000000    0.000000   clock source latency
     1    0.011009    0.055928    0.037347    0.037347 ^ clk (in)
                                                         clk (net)
                      0.055930    0.000000    0.037347 ^ clkbuf_0_clk/A (sky130_fd_sc_hd__clkbuf_16)
     2    0.015788    0.039240    0.125436    0.162783 ^ clkbuf_0_clk/X (sky130_fd_sc_hd__clkbuf_16)
                                                         clknet_0_clk (net)
                      0.039240    0.000000    0.162783 ^ clkbuf_1_1__f_clk/A (sky130_fd_sc_hd__clkbuf_16)
     4    0.011587    0.034699    0.115227    0.278010 ^ clkbuf_1_1__f_clk/X (sky130_fd_sc_hd__clkbuf_16)
                                                         clknet_1_1__leaf_clk (net)
                      0.034699    0.000321    0.278331 ^ _113_/CLK (sky130_fd_sc_hd__dfrtp_1)
     4    0.015523    0.145585    0.392619    0.670951 ^ _113_/Q (sky130_fd_sc_hd__dfrtp_1)
                                                         net18 (net)
                      0.145585    0.000403    0.671353 ^ _092_/B2 (sky130_fd_sc_hd__a22o_1)
     1    0.003565    0.049674    0.148344    0.819697 ^ _092_/X (sky130_fd_sc_hd__a22o_1)
                                                         _041_ (net)
                      0.049674    0.000123    0.819820 ^ _093_/B1 (sky130_fd_sc_hd__a31o_1)
     1    0.002714    0.039491    0.087736    0.907556 ^ _093_/X (sky130_fd_sc_hd__a31o_1)
                                                         _005_ (net)
                      0.039491    0.000060    0.907616 ^ _113_/D (sky130_fd_sc_hd__dfrtp_1)
                                              0.907616   data arrival time

                                  0.000000    0.000000   clock clk (rise edge)
                                  0.000000    0.000000   clock source latency
     1    0.011009    0.055928    0.037347    0.037347 ^ clk (in)
                                                         clk (net)
                      0.055930    0.000000    0.037347 ^ clkbuf_0_clk/A (sky130_fd_sc_hd__clkbuf_16)
     2    0.015788    0.039240    0.125436    0.162783 ^ clkbuf_0_clk/X (sky130_fd_sc_hd__clkbuf_16)
                                                         clknet_0_clk (net)
                      0.039240    0.000000    0.162783 ^ clkbuf_1_1__f_clk/A (sky130_fd_sc_hd__clkbuf_16)
     4    0.011587    0.034699    0.115227    0.278010 ^ clkbuf_1_1__f_clk/X (sky130_fd_sc_hd__clkbuf_16)
                                                         clknet_1_1__leaf_clk (net)
                      0.034699    0.000321    0.278331 ^ _113_/CLK (sky130_fd_sc_hd__dfrtp_1)
                                  0.250000    0.528331   clock uncertainty
                                  0.000000    0.528331   clock reconvergence pessimism
                                 -0.035016    0.493315   library hold time
                                              0.493315   data required time
---------------------------------------------------------------------------------------------
                                              0.493315   data required time
                                             -0.907616   data arrival time
---------------------------------------------------------------------------------------------
                                              0.414301   slack (MET)


Startpoint: _112_ (rising edge-triggered flip-flop clocked by clk)
Endpoint: _112_ (rising edge-triggered flip-flop clocked by clk)
Path Group: clk
Path Type: min

Fanout         Cap        Slew       Delay        Time   Description
---------------------------------------------------------------------------------------------
                                  0.000000    0.000000   clock clk (rise edge)
                                  0.000000    0.000000   clock source latency
     1    0.011009    0.055928    0.037347    0.037347 ^ clk (in)
                                                         clk (net)
                      0.055930    0.000000    0.037347 ^ clkbuf_0_clk/A (sky130_fd_sc_hd__clkbuf_16)
     2    0.015788    0.039240    0.125436    0.162783 ^ clkbuf_0_clk/X (sky130_fd_sc_hd__clkbuf_16)
                                                         clknet_0_clk (net)
                      0.039240    0.000000    0.162783 ^ clkbuf_1_0__f_clk/A (sky130_fd_sc_hd__clkbuf_16)
     5    0.014053    0.036791    0.117603    0.280386 ^ clkbuf_1_0__f_clk/X (sky130_fd_sc_hd__clkbuf_16)
                                                         clknet_1_0__leaf_clk (net)
                      0.036791    0.000373    0.280759 ^ _112_/CLK (sky130_fd_sc_hd__dfrtp_1)
     5    0.014704    0.138861    0.388386    0.669145 ^ _112_/Q (sky130_fd_sc_hd__dfrtp_1)
                                                         net17 (net)
                      0.138861    0.000531    0.669676 ^ _086_/B2 (sky130_fd_sc_hd__a22o_1)
     1    0.004346    0.056327    0.152360    0.822035 ^ _086_/X (sky130_fd_sc_hd__a22o_1)
                                                         _036_ (net)
                      0.056327    0.000164    0.822199 ^ _087_/B1 (sky130_fd_sc_hd__a31o_1)
     1    0.002529    0.038091    0.088548    0.910747 ^ _087_/X (sky130_fd_sc_hd__a31o_1)
                                                         _004_ (net)
                      0.038091    0.000055    0.910803 ^ _112_/D (sky130_fd_sc_hd__dfrtp_1)
                                              0.910803   data arrival time

                                  0.000000    0.000000   clock clk (rise edge)
                                  0.000000    0.000000   clock source latency
     1    0.011009    0.055928    0.037347    0.037347 ^ clk (in)
                                                         clk (net)
                      0.055930    0.000000    0.037347 ^ clkbuf_0_clk/A (sky130_fd_sc_hd__clkbuf_16)
     2    0.015788    0.039240    0.125436    0.162783 ^ clkbuf_0_clk/X (sky130_fd_sc_hd__clkbuf_16)
                                                         clknet_0_clk (net)
                      0.039240    0.000000    0.162783 ^ clkbuf_1_0__f_clk/A (sky130_fd_sc_hd__clkbuf_16)
     5    0.014053    0.036791    0.117603    0.280386 ^ clkbuf_1_0__f_clk/X (sky130_fd_sc_hd__clkbuf_16)
                                                         clknet_1_0__leaf_clk (net)
                      0.036791    0.000373    0.280759 ^ _112_/CLK (sky130_fd_sc_hd__dfrtp_1)
                                  0.250000    0.530759   clock uncertainty
                                  0.000000    0.530759   clock reconvergence pessimism
                                 -0.034436    0.496323   library hold time
                                              0.496323   data required time
---------------------------------------------------------------------------------------------
                                              0.496323   data required time
                                             -0.910803   data arrival time
---------------------------------------------------------------------------------------------
                                              0.414480   slack (MET)


Startpoint: resetn (input port clocked by clk)
Endpoint: _112_ (removal check against rising-edge clock clk)
Path Group: asynchronous
Path Type: min

Fanout         Cap        Slew       Delay        Time   Description
---------------------------------------------------------------------------------------------
                                  0.000000    0.000000   clock clk (rise edge)
                                  0.000000    0.000000   clock network delay (propagated)
                                  0.860000    0.860000 ^ input external delay
     1    0.004240    0.025978    0.015360    0.875360 ^ resetn (in)
                                                         resetn (net)
                      0.025986    0.000000    0.875360 ^ hold1/A (sky130_fd_sc_hd__dlygate4sd3_1)
     1    0.002923    0.053956    0.529782    1.405142 ^ hold1/X (sky130_fd_sc_hd__dlygate4sd3_1)
                                                         net22 (net)
                      0.053956    0.000094    1.405236 ^ input11/A (sky130_fd_sc_hd__buf_2)
     8    0.038076    0.187614    0.213877    1.619113 ^ input11/X (sky130_fd_sc_hd__buf_2)
                                                         net11 (net)
                      0.187670    0.000643    1.619756 ^ _112_/RESET_B (sky130_fd_sc_hd__dfrtp_1)
                                              1.619756   data arrival time

                                  0.000000    0.000000   clock clk (rise edge)
                                  0.000000    0.000000   clock source latency
     1    0.011009    0.055928    0.037347    0.037347 ^ clk (in)
                                                         clk (net)
                      0.055930    0.000000    0.037347 ^ clkbuf_0_clk/A (sky130_fd_sc_hd__clkbuf_16)
     2    0.015788    0.039240    0.125436    0.162783 ^ clkbuf_0_clk/X (sky130_fd_sc_hd__clkbuf_16)
                                                         clknet_0_clk (net)
                      0.039240    0.000000    0.162783 ^ clkbuf_1_0__f_clk/A (sky130_fd_sc_hd__clkbuf_16)
     5    0.014053    0.036791    0.117603    0.280386 ^ clkbuf_1_0__f_clk/X (sky130_fd_sc_hd__clkbuf_16)
                                                         clknet_1_0__leaf_clk (net)
                      0.036791    0.000373    0.280759 ^ _112_/CLK (sky130_fd_sc_hd__dfrtp_1)
                                  0.250000    0.530759   clock uncertainty
                                  0.000000    0.530759   clock reconvergence pessimism
                                  0.357268    0.888027   library removal time
                                              0.888027   data required time
---------------------------------------------------------------------------------------------
                                              0.888027   data required time
                                             -1.619756   data arrival time
---------------------------------------------------------------------------------------------
                                              0.731729   slack (MET)


Startpoint: resetn (input port clocked by clk)
Endpoint: _108_ (removal check against rising-edge clock clk)
Path Group: asynchronous
Path Type: min

Fanout         Cap        Slew       Delay        Time   Description
---------------------------------------------------------------------------------------------
                                  0.000000    0.000000   clock clk (rise edge)
                                  0.000000    0.000000   clock network delay (propagated)
                                  0.860000    0.860000 ^ input external delay
     1    0.004240    0.025978    0.015360    0.875360 ^ resetn (in)
                                                         resetn (net)
                      0.025986    0.000000    0.875360 ^ hold1/A (sky130_fd_sc_hd__dlygate4sd3_1)
     1    0.002923    0.053956    0.529782    1.405142 ^ hold1/X (sky130_fd_sc_hd__dlygate4sd3_1)
                                                         net22 (net)
                      0.053956    0.000094    1.405236 ^ input11/A (sky130_fd_sc_hd__buf_2)
     8    0.038076    0.187614    0.213877    1.619113 ^ input11/X (sky130_fd_sc_hd__buf_2)
                                                         net11 (net)
                      0.187669    0.000557    1.619670 ^ _108_/RESET_B (sky130_fd_sc_hd__dfrtp_1)
                                              1.619670   data arrival time

                                  0.000000    0.000000   clock clk (rise edge)
                                  0.000000    0.000000   clock source latency
     1    0.011009    0.055928    0.037347    0.037347 ^ clk (in)
                                                         clk (net)
                      0.055930    0.000000    0.037347 ^ clkbuf_0_clk/A (sky130_fd_sc_hd__clkbuf_16)
     2    0.015788    0.039240    0.125436    0.162783 ^ clkbuf_0_clk/X (sky130_fd_sc_hd__clkbuf_16)
                                                         clknet_0_clk (net)
                      0.039240    0.000000    0.162783 ^ clkbuf_1_0__f_clk/A (sky130_fd_sc_hd__clkbuf_16)
     5    0.014053    0.036791    0.117603    0.280386 ^ clkbuf_1_0__f_clk/X (sky130_fd_sc_hd__clkbuf_16)
                                                         clknet_1_0__leaf_clk (net)
                      0.036791    0.000206    0.280592 ^ _108_/CLK (sky130_fd_sc_hd__dfrtp_1)
                                  0.250000    0.530592   clock uncertainty
                                  0.000000    0.530592   clock reconvergence pessimism
                                  0.357268    0.887859   library removal time
                                              0.887859   data required time
---------------------------------------------------------------------------------------------
                                              0.887859   data required time
                                             -1.619670   data arrival time
---------------------------------------------------------------------------------------------
                                              0.731810   slack (MET)


Startpoint: resetn (input port clocked by clk)
Endpoint: _109_ (removal check against rising-edge clock clk)
Path Group: asynchronous
Path Type: min

Fanout         Cap        Slew       Delay        Time   Description
---------------------------------------------------------------------------------------------
                                  0.000000    0.000000   clock clk (rise edge)
                                  0.000000    0.000000   clock network delay (propagated)
                                  0.860000    0.860000 ^ input external delay
     1    0.004240    0.025978    0.015360    0.875360 ^ resetn (in)
                                                         resetn (net)
                      0.025986    0.000000    0.875360 ^ hold1/A (sky130_fd_sc_hd__dlygate4sd3_1)
     1    0.002923    0.053956    0.529782    1.405142 ^ hold1/X (sky130_fd_sc_hd__dlygate4sd3_1)
                                                         net22 (net)
                      0.053956    0.000094    1.405236 ^ input11/A (sky130_fd_sc_hd__buf_2)
     8    0.038076    0.187614    0.213877    1.619113 ^ input11/X (sky130_fd_sc_hd__buf_2)
                                                         net11 (net)
                      0.187672    0.000809    1.619922 ^ _109_/RESET_B (sky130_fd_sc_hd__dfrtp_1)
                                              1.619922   data arrival time

                                  0.000000    0.000000   clock clk (rise edge)
                                  0.000000    0.000000   clock source latency
     1    0.011009    0.055928    0.037347    0.037347 ^ clk (in)
                                                         clk (net)
                      0.055930    0.000000    0.037347 ^ clkbuf_0_clk/A (sky130_fd_sc_hd__clkbuf_16)
     2    0.015788    0.039240    0.125436    0.162783 ^ clkbuf_0_clk/X (sky130_fd_sc_hd__clkbuf_16)
                                                         clknet_0_clk (net)
                      0.039240    0.000000    0.162783 ^ clkbuf_1_0__f_clk/A (sky130_fd_sc_hd__clkbuf_16)
     5    0.014053    0.036791    0.117603    0.280386 ^ clkbuf_1_0__f_clk/X (sky130_fd_sc_hd__clkbuf_16)
                                                         clknet_1_0__leaf_clk (net)
                      0.036791    0.000275    0.280661 ^ _109_/CLK (sky130_fd_sc_hd__dfrtp_1)
                                  0.250000    0.530661   clock uncertainty
                                  0.000000    0.530661   clock reconvergence pessimism
                                  0.357269    0.887929   library removal time
                                              0.887929   data required time
---------------------------------------------------------------------------------------------
                                              0.887929   data required time
                                             -1.619922   data arrival time
---------------------------------------------------------------------------------------------
                                              0.731993   slack (MET)


Startpoint: resetn (input port clocked by clk)
Endpoint: _110_ (removal check against rising-edge clock clk)
Path Group: asynchronous
Path Type: min

Fanout         Cap        Slew       Delay        Time   Description
---------------------------------------------------------------------------------------------
                                  0.000000    0.000000   clock clk (rise edge)
                                  0.000000    0.000000   clock network delay (propagated)
                                  0.860000    0.860000 ^ input external delay
     1    0.004240    0.025978    0.015360    0.875360 ^ resetn (in)
                                                         resetn (net)
                      0.025986    0.000000    0.875360 ^ hold1/A (sky130_fd_sc_hd__dlygate4sd3_1)
     1    0.002923    0.053956    0.529782    1.405142 ^ hold1/X (sky130_fd_sc_hd__dlygate4sd3_1)
                                                         net22 (net)
                      0.053956    0.000094    1.405236 ^ input11/A (sky130_fd_sc_hd__buf_2)
     8    0.038076    0.187614    0.213877    1.619113 ^ input11/X (sky130_fd_sc_hd__buf_2)
                                                         net11 (net)
                      0.187674    0.000975    1.620088 ^ _110_/RESET_B (sky130_fd_sc_hd__dfrtp_2)
                                              1.620088   data arrival time

                                  0.000000    0.000000   clock clk (rise edge)
                                  0.000000    0.000000   clock source latency
     1    0.011009    0.055928    0.037347    0.037347 ^ clk (in)
                                                         clk (net)
                      0.055930    0.000000    0.037347 ^ clkbuf_0_clk/A (sky130_fd_sc_hd__clkbuf_16)
     2    0.015788    0.039240    0.125436    0.162783 ^ clkbuf_0_clk/X (sky130_fd_sc_hd__clkbuf_16)
                                                         clknet_0_clk (net)
                      0.039240    0.000000    0.162783 ^ clkbuf_1_0__f_clk/A (sky130_fd_sc_hd__clkbuf_16)
     5    0.014053    0.036791    0.117603    0.280386 ^ clkbuf_1_0__f_clk/X (sky130_fd_sc_hd__clkbuf_16)
                                                         clknet_1_0__leaf_clk (net)
                      0.036791    0.000290    0.280676 ^ _110_/CLK (sky130_fd_sc_hd__dfrtp_2)
                                  0.250000    0.530676   clock uncertainty
                                  0.000000    0.530676   clock reconvergence pessimism
                                  0.356893    0.887569   library removal time
                                              0.887569   data required time
---------------------------------------------------------------------------------------------
                                              0.887569   data required time
                                             -1.620088   data arrival time
---------------------------------------------------------------------------------------------
                                              0.732520   slack (MET)


Startpoint: resetn (input port clocked by clk)
Endpoint: _113_ (removal check against rising-edge clock clk)
Path Group: asynchronous
Path Type: min

Fanout         Cap        Slew       Delay        Time   Description
---------------------------------------------------------------------------------------------
                                  0.000000    0.000000   clock clk (rise edge)
                                  0.000000    0.000000   clock network delay (propagated)
                                  0.860000    0.860000 ^ input external delay
     1    0.004240    0.025978    0.015360    0.875360 ^ resetn (in)
                                                         resetn (net)
                      0.025986    0.000000    0.875360 ^ hold1/A (sky130_fd_sc_hd__dlygate4sd3_1)
     1    0.002923    0.053956    0.529782    1.405142 ^ hold1/X (sky130_fd_sc_hd__dlygate4sd3_1)
                                                         net22 (net)
                      0.053956    0.000094    1.405236 ^ input11/A (sky130_fd_sc_hd__buf_2)
     8    0.038076    0.187614    0.213877    1.619113 ^ input11/X (sky130_fd_sc_hd__buf_2)
                                                         net11 (net)
                      0.187671    0.000695    1.619808 ^ _113_/RESET_B (sky130_fd_sc_hd__dfrtp_1)
                                              1.619808   data arrival time

                                  0.000000    0.000000   clock clk (rise edge)
                                  0.000000    0.000000   clock source latency
     1    0.011009    0.055928    0.037347    0.037347 ^ clk (in)
                                                         clk (net)
                      0.055930    0.000000    0.037347 ^ clkbuf_0_clk/A (sky130_fd_sc_hd__clkbuf_16)
     2    0.015788    0.039240    0.125436    0.162783 ^ clkbuf_0_clk/X (sky130_fd_sc_hd__clkbuf_16)
                                                         clknet_0_clk (net)
                      0.039240    0.000000    0.162783 ^ clkbuf_1_1__f_clk/A (sky130_fd_sc_hd__clkbuf_16)
     4    0.011587    0.034699    0.115227    0.278010 ^ clkbuf_1_1__f_clk/X (sky130_fd_sc_hd__clkbuf_16)
                                                         clknet_1_1__leaf_clk (net)
                      0.034699    0.000321    0.278331 ^ _113_/CLK (sky130_fd_sc_hd__dfrtp_1)
                                  0.250000    0.528331   clock uncertainty
                                  0.000000    0.528331   clock reconvergence pessimism
                                  0.356700    0.885031   library removal time
                                              0.885031   data required time
---------------------------------------------------------------------------------------------
                                              0.885031   data required time
                                             -1.619808   data arrival time
---------------------------------------------------------------------------------------------
                                              0.734777   slack (MET)


Startpoint: resetn (input port clocked by clk)
Endpoint: _114_ (removal check against rising-edge clock clk)
Path Group: asynchronous
Path Type: min

Fanout         Cap        Slew       Delay        Time   Description
---------------------------------------------------------------------------------------------
                                  0.000000    0.000000   clock clk (rise edge)
                                  0.000000    0.000000   clock network delay (propagated)
                                  0.860000    0.860000 ^ input external delay
     1    0.004240    0.025978    0.015360    0.875360 ^ resetn (in)
                                                         resetn (net)
                      0.025986    0.000000    0.875360 ^ hold1/A (sky130_fd_sc_hd__dlygate4sd3_1)
     1    0.002923    0.053956    0.529782    1.405142 ^ hold1/X (sky130_fd_sc_hd__dlygate4sd3_1)
                                                         net22 (net)
                      0.053956    0.000094    1.405236 ^ input11/A (sky130_fd_sc_hd__buf_2)
     8    0.038076    0.187614    0.213877    1.619113 ^ input11/X (sky130_fd_sc_hd__buf_2)
                                                         net11 (net)
                      0.187672    0.000766    1.619879 ^ _114_/RESET_B (sky130_fd_sc_hd__dfrtp_1)
                                              1.619879   data arrival time

                                  0.000000    0.000000   clock clk (rise edge)
                                  0.000000    0.000000   clock source latency
     1    0.011009    0.055928    0.037347    0.037347 ^ clk (in)
                                                         clk (net)
                      0.055930    0.000000    0.037347 ^ clkbuf_0_clk/A (sky130_fd_sc_hd__clkbuf_16)
     2    0.015788    0.039240    0.125436    0.162783 ^ clkbuf_0_clk/X (sky130_fd_sc_hd__clkbuf_16)
                                                         clknet_0_clk (net)
                      0.039240    0.000000    0.162783 ^ clkbuf_1_1__f_clk/A (sky130_fd_sc_hd__clkbuf_16)
     4    0.011587    0.034699    0.115227    0.278010 ^ clkbuf_1_1__f_clk/X (sky130_fd_sc_hd__clkbuf_16)
                                                         clknet_1_1__leaf_clk (net)
                      0.034699    0.000330    0.278340 ^ _114_/CLK (sky130_fd_sc_hd__dfrtp_1)
                                  0.250000    0.528340   clock uncertainty
                                  0.000000    0.528340   clock reconvergence pessimism
                                  0.356700    0.885040   library removal time
                                              0.885040   data required time
---------------------------------------------------------------------------------------------
                                              0.885040   data required time
                                             -1.619879   data arrival time
---------------------------------------------------------------------------------------------
                                              0.734839   slack (MET)


Startpoint: resetn (input port clocked by clk)
Endpoint: _115_ (removal check against rising-edge clock clk)
Path Group: asynchronous
Path Type: min

Fanout         Cap        Slew       Delay        Time   Description
---------------------------------------------------------------------------------------------
                                  0.000000    0.000000   clock clk (rise edge)
                                  0.000000    0.000000   clock network delay (propagated)
                                  0.860000    0.860000 ^ input external delay
     1    0.004240    0.025978    0.015360    0.875360 ^ resetn (in)
                                                         resetn (net)
                      0.025986    0.000000    0.875360 ^ hold1/A (sky130_fd_sc_hd__dlygate4sd3_1)
     1    0.002923    0.053956    0.529782    1.405142 ^ hold1/X (sky130_fd_sc_hd__dlygate4sd3_1)
                                                         net22 (net)
                      0.053956    0.000094    1.405236 ^ input11/A (sky130_fd_sc_hd__buf_2)
     8    0.038076    0.187614    0.213877    1.619113 ^ input11/X (sky130_fd_sc_hd__buf_2)
                                                         net11 (net)
                      0.187677    0.001146    1.620259 ^ _115_/RESET_B (sky130_fd_sc_hd__dfrtp_1)
                                              1.620259   data arrival time

                                  0.000000    0.000000   clock clk (rise edge)
                                  0.000000    0.000000   clock source latency
     1    0.011009    0.055928    0.037347    0.037347 ^ clk (in)
                                                         clk (net)
                      0.055930    0.000000    0.037347 ^ clkbuf_0_clk/A (sky130_fd_sc_hd__clkbuf_16)
     2    0.015788    0.039240    0.125436    0.162783 ^ clkbuf_0_clk/X (sky130_fd_sc_hd__clkbuf_16)
                                                         clknet_0_clk (net)
                      0.039240    0.000000    0.162783 ^ clkbuf_1_1__f_clk/A (sky130_fd_sc_hd__clkbuf_16)
     4    0.011587    0.034699    0.115227    0.278010 ^ clkbuf_1_1__f_clk/X (sky130_fd_sc_hd__clkbuf_16)
                                                         clknet_1_1__leaf_clk (net)
                      0.034700    0.000461    0.278472 ^ _115_/CLK (sky130_fd_sc_hd__dfrtp_1)
                                  0.250000    0.528472   clock uncertainty
                                  0.000000    0.528472   clock reconvergence pessimism
                                  0.356701    0.885173   library removal time
                                              0.885173   data required time
---------------------------------------------------------------------------------------------
                                              0.885173   data required time
                                             -1.620259   data arrival time
---------------------------------------------------------------------------------------------
                                              0.735086   slack (MET)


Startpoint: resetn (input port clocked by clk)
Endpoint: _111_ (removal check against rising-edge clock clk)
Path Group: asynchronous
Path Type: min

Fanout         Cap        Slew       Delay        Time   Description
---------------------------------------------------------------------------------------------
                                  0.000000    0.000000   clock clk (rise edge)
                                  0.000000    0.000000   clock network delay (propagated)
                                  0.860000    0.860000 ^ input external delay
     1    0.004240    0.025978    0.015360    0.875360 ^ resetn (in)
                                                         resetn (net)
                      0.025986    0.000000    0.875360 ^ hold1/A (sky130_fd_sc_hd__dlygate4sd3_1)
     1    0.002923    0.053956    0.529782    1.405142 ^ hold1/X (sky130_fd_sc_hd__dlygate4sd3_1)
                                                         net22 (net)
                      0.053956    0.000094    1.405236 ^ input11/A (sky130_fd_sc_hd__buf_2)
     8    0.038076    0.187614    0.213877    1.619113 ^ input11/X (sky130_fd_sc_hd__buf_2)
                                                         net11 (net)
                      0.187676    0.001089    1.620202 ^ _111_/RESET_B (sky130_fd_sc_hd__dfrtp_1)
                                              1.620202   data arrival time

                                  0.000000    0.000000   clock clk (rise edge)
                                  0.000000    0.000000   clock source latency
     1    0.011009    0.055928    0.037347    0.037347 ^ clk (in)
                                                         clk (net)
                      0.055930    0.000000    0.037347 ^ clkbuf_0_clk/A (sky130_fd_sc_hd__clkbuf_16)
     2    0.015788    0.039240    0.125436    0.162783 ^ clkbuf_0_clk/X (sky130_fd_sc_hd__clkbuf_16)
                                                         clknet_0_clk (net)
                      0.039240    0.000000    0.162783 ^ clkbuf_1_1__f_clk/A (sky130_fd_sc_hd__clkbuf_16)
     4    0.011587    0.034699    0.115227    0.278010 ^ clkbuf_1_1__f_clk/X (sky130_fd_sc_hd__clkbuf_16)
                                                         clknet_1_1__leaf_clk (net)
                      0.034699    0.000396    0.278407 ^ _111_/CLK (sky130_fd_sc_hd__dfrtp_1)
                                  0.250000    0.528407   clock uncertainty
                                  0.000000    0.528407   clock reconvergence pessimism
                                  0.356701    0.885108   library removal time
                                              0.885108   data required time
---------------------------------------------------------------------------------------------
                                              0.885108   data required time
                                             -1.620202   data arrival time
---------------------------------------------------------------------------------------------
                                              0.735094   slack (MET)


Startpoint: _114_ (rising edge-triggered flip-flop clocked by clk)
Endpoint: count[6] (output port clocked by clk)
Path Group: clk
Path Type: min

Fanout         Cap        Slew       Delay        Time   Description
---------------------------------------------------------------------------------------------
                                  0.000000    0.000000   clock clk (rise edge)
                                  0.000000    0.000000   clock source latency
     1    0.011009    0.055928    0.037347    0.037347 ^ clk (in)
                                                         clk (net)
                      0.055930    0.000000    0.037347 ^ clkbuf_0_clk/A (sky130_fd_sc_hd__clkbuf_16)
     2    0.015788    0.039240    0.125436    0.162783 ^ clkbuf_0_clk/X (sky130_fd_sc_hd__clkbuf_16)
                                                         clknet_0_clk (net)
                      0.039240    0.000000    0.162783 ^ clkbuf_1_1__f_clk/A (sky130_fd_sc_hd__clkbuf_16)
     4    0.011587    0.034699    0.115227    0.278010 ^ clkbuf_1_1__f_clk/X (sky130_fd_sc_hd__clkbuf_16)
                                                         clknet_1_1__leaf_clk (net)
                      0.034699    0.000330    0.278340 ^ _114_/CLK (sky130_fd_sc_hd__dfrtp_1)
     4    0.010291    0.102638    0.360964    0.639305 ^ _114_/Q (sky130_fd_sc_hd__dfrtp_1)
                                                         net19 (net)
                      0.102638    0.000305    0.639609 ^ output19/A (sky130_fd_sc_hd__clkbuf_4)
     1    0.034489    0.113190    0.206514    0.846123 ^ output19/X (sky130_fd_sc_hd__clkbuf_4)
                                                         count[6] (net)
                      0.113194    0.000878    0.847000 ^ count[6] (out)
                                              0.847000   data arrival time

                                  0.000000    0.000000   clock clk (rise edge)
                                  0.000000    0.000000   clock network delay (propagated)
                                  0.250000    0.250000   clock uncertainty
                                  0.000000    0.250000   clock reconvergence pessimism
                                 -0.860000   -0.610000   output external delay
                                             -0.610000   data required time
---------------------------------------------------------------------------------------------
                                             -0.610000   data required time
                                             -0.847000   data arrival time
---------------------------------------------------------------------------------------------
                                              1.457000   slack (MET)


Startpoint: _115_ (rising edge-triggered flip-flop clocked by clk)
Endpoint: count[7] (output port clocked by clk)
Path Group: clk
Path Type: min

Fanout         Cap        Slew       Delay        Time   Description
---------------------------------------------------------------------------------------------
                                  0.000000    0.000000   clock clk (rise edge)
                                  0.000000    0.000000   clock source latency
     1    0.011009    0.055928    0.037347    0.037347 ^ clk (in)
                                                         clk (net)
                      0.055930    0.000000    0.037347 ^ clkbuf_0_clk/A (sky130_fd_sc_hd__clkbuf_16)
     2    0.015788    0.039240    0.125436    0.162783 ^ clkbuf_0_clk/X (sky130_fd_sc_hd__clkbuf_16)
                                                         clknet_0_clk (net)
                      0.039240    0.000000    0.162783 ^ clkbuf_1_1__f_clk/A (sky130_fd_sc_hd__clkbuf_16)
     4    0.011587    0.034699    0.115227    0.278010 ^ clkbuf_1_1__f_clk/X (sky130_fd_sc_hd__clkbuf_16)
                                                         clknet_1_1__leaf_clk (net)
                      0.034700    0.000461    0.278472 ^ _115_/CLK (sky130_fd_sc_hd__dfrtp_1)
     3    0.009993    0.070762    0.387842    0.666314 v _115_/Q (sky130_fd_sc_hd__dfrtp_1)
                                                         net20 (net)
                      0.070762    0.000137    0.666451 v output20/A (sky130_fd_sc_hd__buf_2)
     1    0.033442    0.087157    0.190610    0.857061 v output20/X (sky130_fd_sc_hd__buf_2)
                                                         count[7] (net)
                      0.087157    0.000000    0.857061 v count[7] (out)
                                              0.857061   data arrival time

                                  0.000000    0.000000   clock clk (rise edge)
                                  0.000000    0.000000   clock network delay (propagated)
                                  0.250000    0.250000   clock uncertainty
                                  0.000000    0.250000   clock reconvergence pessimism
                                 -0.860000   -0.610000   output external delay
                                             -0.610000   data required time
---------------------------------------------------------------------------------------------
                                             -0.610000   data required time
                                             -0.857061   data arrival time
---------------------------------------------------------------------------------------------
                                              1.467061   slack (MET)


Startpoint: _108_ (rising edge-triggered flip-flop clocked by clk)
Endpoint: count[0] (output port clocked by clk)
Path Group: clk
Path Type: min

Fanout         Cap        Slew       Delay        Time   Description
---------------------------------------------------------------------------------------------
                                  0.000000    0.000000   clock clk (rise edge)
                                  0.000000    0.000000   clock source latency
     1    0.011009    0.055928    0.037347    0.037347 ^ clk (in)
                                                         clk (net)
                      0.055930    0.000000    0.037347 ^ clkbuf_0_clk/A (sky130_fd_sc_hd__clkbuf_16)
     2    0.015788    0.039240    0.125436    0.162783 ^ clkbuf_0_clk/X (sky130_fd_sc_hd__clkbuf_16)
                                                         clknet_0_clk (net)
                      0.039240    0.000000    0.162783 ^ clkbuf_1_0__f_clk/A (sky130_fd_sc_hd__clkbuf_16)
     5    0.014053    0.036791    0.117603    0.280386 ^ clkbuf_1_0__f_clk/X (sky130_fd_sc_hd__clkbuf_16)
                                                         clknet_1_0__leaf_clk (net)
                      0.036791    0.000206    0.280592 ^ _108_/CLK (sky130_fd_sc_hd__dfrtp_1)
     3    0.009857    0.070081    0.388057    0.668649 v _108_/Q (sky130_fd_sc_hd__dfrtp_1)
                                                         net13 (net)
                      0.070143    0.000263    0.668912 v output13/A (sky130_fd_sc_hd__buf_2)
     1    0.036255    0.092569    0.194828    0.863740 v output13/X (sky130_fd_sc_hd__buf_2)
                                                         count[0] (net)
                      0.092579    0.000956    0.864696 v count[0] (out)
                                              0.864696   data arrival time

                                  0.000000    0.000000   clock clk (rise edge)
                                  0.000000    0.000000   clock network delay (propagated)
                                  0.250000    0.250000   clock uncertainty
                                  0.000000    0.250000   clock reconvergence pessimism
                                 -0.860000   -0.610000   output external delay
                                             -0.610000   data required time
---------------------------------------------------------------------------------------------
                                             -0.610000   data required time
                                             -0.864696   data arrival time
---------------------------------------------------------------------------------------------
                                              1.474696   slack (MET)


Startpoint: _111_ (rising edge-triggered flip-flop clocked by clk)
Endpoint: count[3] (output port clocked by clk)
Path Group: clk
Path Type: min

Fanout         Cap        Slew       Delay        Time   Description
---------------------------------------------------------------------------------------------
                                  0.000000    0.000000   clock clk (rise edge)
                                  0.000000    0.000000   clock source latency
     1    0.011009    0.055928    0.037347    0.037347 ^ clk (in)
                                                         clk (net)
                      0.055930    0.000000    0.037347 ^ clkbuf_0_clk/A (sky130_fd_sc_hd__clkbuf_16)
     2    0.015788    0.039240    0.125436    0.162783 ^ clkbuf_0_clk/X (sky130_fd_sc_hd__clkbuf_16)
                                                         clknet_0_clk (net)
                      0.039240    0.000000    0.162783 ^ clkbuf_1_1__f_clk/A (sky130_fd_sc_hd__clkbuf_16)
     4    0.011587    0.034699    0.115227    0.278010 ^ clkbuf_1_1__f_clk/X (sky130_fd_sc_hd__clkbuf_16)
                                                         clknet_1_1__leaf_clk (net)
                      0.034699    0.000396    0.278407 ^ _111_/CLK (sky130_fd_sc_hd__dfrtp_1)
     4    0.013520    0.085976    0.402079    0.680485 v _111_/Q (sky130_fd_sc_hd__dfrtp_1)
                                                         net16 (net)
                      0.085976    0.000164    0.680649 v output16/A (sky130_fd_sc_hd__buf_2)
     1    0.033442    0.087154    0.197530    0.878179 v output16/X (sky130_fd_sc_hd__buf_2)
                                                         count[3] (net)
                      0.087154    0.000000    0.878179 v count[3] (out)
                                              0.878179   data arrival time

                                  0.000000    0.000000   clock clk (rise edge)
                                  0.000000    0.000000   clock network delay (propagated)
                                  0.250000    0.250000   clock uncertainty
                                  0.000000    0.250000   clock reconvergence pessimism
                                 -0.860000   -0.610000   output external delay
                                             -0.610000   data required time
---------------------------------------------------------------------------------------------
                                             -0.610000   data required time
                                             -0.878179   data arrival time
---------------------------------------------------------------------------------------------
                                              1.488179   slack (MET)


Startpoint: _109_ (rising edge-triggered flip-flop clocked by clk)
Endpoint: count[1] (output port clocked by clk)
Path Group: clk
Path Type: min

Fanout         Cap        Slew       Delay        Time   Description
---------------------------------------------------------------------------------------------
                                  0.000000    0.000000   clock clk (rise edge)
                                  0.000000    0.000000   clock source latency
     1    0.011009    0.055928    0.037347    0.037347 ^ clk (in)
                                                         clk (net)
                      0.055930    0.000000    0.037347 ^ clkbuf_0_clk/A (sky130_fd_sc_hd__clkbuf_16)
     2    0.015788    0.039240    0.125436    0.162783 ^ clkbuf_0_clk/X (sky130_fd_sc_hd__clkbuf_16)
                                                         clknet_0_clk (net)
                      0.039240    0.000000    0.162783 ^ clkbuf_1_0__f_clk/A (sky130_fd_sc_hd__clkbuf_16)
     5    0.014053    0.036791    0.117603    0.280386 ^ clkbuf_1_0__f_clk/X (sky130_fd_sc_hd__clkbuf_16)
                                                         clknet_1_0__leaf_clk (net)
                      0.036791    0.000275    0.280661 ^ _109_/CLK (sky130_fd_sc_hd__dfrtp_1)
     4    0.012940    0.083377    0.400531    0.681191 v _109_/Q (sky130_fd_sc_hd__dfrtp_1)
                                                         net14 (net)
                      0.083377    0.000255    0.681447 v output14/A (sky130_fd_sc_hd__buf_2)
     1    0.034486    0.090056    0.197592    0.879039 v output14/X (sky130_fd_sc_hd__buf_2)
                                                         count[1] (net)
                      0.090064    0.000877    0.879915 v count[1] (out)
                                              0.879915   data arrival time

                                  0.000000    0.000000   clock clk (rise edge)
                                  0.000000    0.000000   clock network delay (propagated)
                                  0.250000    0.250000   clock uncertainty
                                  0.000000    0.250000   clock reconvergence pessimism
                                 -0.860000   -0.610000   output external delay
                                             -0.610000   data required time
---------------------------------------------------------------------------------------------
                                             -0.610000   data required time
                                             -0.879915   data arrival time
---------------------------------------------------------------------------------------------
                                              1.489915   slack (MET)


Startpoint: _112_ (rising edge-triggered flip-flop clocked by clk)
Endpoint: count[4] (output port clocked by clk)
Path Group: clk
Path Type: min

Fanout         Cap        Slew       Delay        Time   Description
---------------------------------------------------------------------------------------------
                                  0.000000    0.000000   clock clk (rise edge)
                                  0.000000    0.000000   clock source latency
     1    0.011009    0.055928    0.037347    0.037347 ^ clk (in)
                                                         clk (net)
                      0.055930    0.000000    0.037347 ^ clkbuf_0_clk/A (sky130_fd_sc_hd__clkbuf_16)
     2    0.015788    0.039240    0.125436    0.162783 ^ clkbuf_0_clk/X (sky130_fd_sc_hd__clkbuf_16)
                                                         clknet_0_clk (net)
                      0.039240    0.000000    0.162783 ^ clkbuf_1_0__f_clk/A (sky130_fd_sc_hd__clkbuf_16)
     5    0.014053    0.036791    0.117603    0.280386 ^ clkbuf_1_0__f_clk/X (sky130_fd_sc_hd__clkbuf_16)
                                                         clknet_1_0__leaf_clk (net)
                      0.036791    0.000373    0.280759 ^ _112_/CLK (sky130_fd_sc_hd__dfrtp_1)
     5    0.013741    0.086959    0.403643    0.684402 v _112_/Q (sky130_fd_sc_hd__dfrtp_1)
                                                         net17 (net)
                      0.086960    0.000486    0.684888 v output17/A (sky130_fd_sc_hd__buf_2)
     1    0.034640    0.090366    0.199555    0.884443 v output17/X (sky130_fd_sc_hd__buf_2)
                                                         count[4] (net)
                      0.090373    0.000822    0.885265 v count[4] (out)
                                              0.885265   data arrival time

                                  0.000000    0.000000   clock clk (rise edge)
                                  0.000000    0.000000   clock network delay (propagated)
                                  0.250000    0.250000   clock uncertainty
                                  0.000000    0.250000   clock reconvergence pessimism
                                 -0.860000   -0.610000   output external delay
                                             -0.610000   data required time
---------------------------------------------------------------------------------------------
                                             -0.610000   data required time
                                             -0.885265   data arrival time
---------------------------------------------------------------------------------------------
                                              1.495265   slack (MET)


Startpoint: _113_ (rising edge-triggered flip-flop clocked by clk)
Endpoint: count[5] (output port clocked by clk)
Path Group: clk
Path Type: min

Fanout         Cap        Slew       Delay        Time   Description
---------------------------------------------------------------------------------------------
                                  0.000000    0.000000   clock clk (rise edge)
                                  0.000000    0.000000   clock source latency
     1    0.011009    0.055928    0.037347    0.037347 ^ clk (in)
                                                         clk (net)
                      0.055930    0.000000    0.037347 ^ clkbuf_0_clk/A (sky130_fd_sc_hd__clkbuf_16)
     2    0.015788    0.039240    0.125436    0.162783 ^ clkbuf_0_clk/X (sky130_fd_sc_hd__clkbuf_16)
                                                         clknet_0_clk (net)
                      0.039240    0.000000    0.162783 ^ clkbuf_1_1__f_clk/A (sky130_fd_sc_hd__clkbuf_16)
     4    0.011587    0.034699    0.115227    0.278010 ^ clkbuf_1_1__f_clk/X (sky130_fd_sc_hd__clkbuf_16)
                                                         clknet_1_1__leaf_clk (net)
                      0.034699    0.000321    0.278331 ^ _113_/CLK (sky130_fd_sc_hd__dfrtp_1)
     4    0.014535    0.090482    0.406120    0.684451 v _113_/Q (sky130_fd_sc_hd__dfrtp_1)
                                                         net18 (net)
                      0.090482    0.000365    0.684816 v output18/A (sky130_fd_sc_hd__buf_2)
     1    0.034377    0.089762    0.200742    0.885558 v output18/X (sky130_fd_sc_hd__buf_2)
                                                         count[5] (net)
                      0.089767    0.000723    0.886281 v count[5] (out)
                                              0.886281   data arrival time

                                  0.000000    0.000000   clock clk (rise edge)
                                  0.000000    0.000000   clock network delay (propagated)
                                  0.250000    0.250000   clock uncertainty
                                  0.000000    0.250000   clock reconvergence pessimism
                                 -0.860000   -0.610000   output external delay
                                             -0.610000   data required time
---------------------------------------------------------------------------------------------
                                             -0.610000   data required time
                                             -0.886281   data arrival time
---------------------------------------------------------------------------------------------
                                              1.496281   slack (MET)


Startpoint: _110_ (rising edge-triggered flip-flop clocked by clk)
Endpoint: count[2] (output port clocked by clk)
Path Group: clk
Path Type: min

Fanout         Cap        Slew       Delay        Time   Description
---------------------------------------------------------------------------------------------
                                  0.000000    0.000000   clock clk (rise edge)
                                  0.000000    0.000000   clock source latency
     1    0.011009    0.055928    0.037347    0.037347 ^ clk (in)
                                                         clk (net)
                      0.055930    0.000000    0.037347 ^ clkbuf_0_clk/A (sky130_fd_sc_hd__clkbuf_16)
     2    0.015788    0.039240    0.125436    0.162783 ^ clkbuf_0_clk/X (sky130_fd_sc_hd__clkbuf_16)
                                                         clknet_0_clk (net)
                      0.039240    0.000000    0.162783 ^ clkbuf_1_0__f_clk/A (sky130_fd_sc_hd__clkbuf_16)
     5    0.014053    0.036791    0.117603    0.280386 ^ clkbuf_1_0__f_clk/X (sky130_fd_sc_hd__clkbuf_16)
                                                         clknet_1_0__leaf_clk (net)
                      0.036791    0.000290    0.280676 ^ _110_/CLK (sky130_fd_sc_hd__dfrtp_2)
     5    0.019860    0.110106    0.396716    0.677392 ^ _110_/Q (sky130_fd_sc_hd__dfrtp_2)
                                                         net15 (net)
                      0.110106    0.000285    0.677677 ^ output15/A (sky130_fd_sc_hd__buf_2)
     1    0.034645    0.172339    0.223143    0.900820 ^ output15/X (sky130_fd_sc_hd__buf_2)
                                                         count[2] (net)
                      0.172341    0.000927    0.901748 ^ count[2] (out)
                                              0.901748   data arrival time

                                  0.000000    0.000000   clock clk (rise edge)
                                  0.000000    0.000000   clock network delay (propagated)
                                  0.250000    0.250000   clock uncertainty
                                  0.000000    0.250000   clock reconvergence pessimism
                                 -0.860000   -0.610000   output external delay
                                             -0.610000   data required time
---------------------------------------------------------------------------------------------
                                             -0.610000   data required time
                                             -0.901748   data arrival time
---------------------------------------------------------------------------------------------
                                              1.511747   slack (MET)



