
===========================================================================
report_checks -path_delay max (Setup)
============================================================================
======================= nom_tt_025C_1v80 Corner ===================================

Startpoint: up_down (input port clocked by clk)
Endpoint: _115_ (rising edge-triggered flip-flop clocked by clk)
Path Group: clk
Path Type: max

Fanout         Cap        Slew       Delay        Time   Description
---------------------------------------------------------------------------------------------
                                  0.000000    0.000000   clock clk (rise edge)
                                  0.000000    0.000000   clock network delay (propagated)
                                  0.700000    0.700000 ^ input external delay
     1    0.003133    0.021167    0.011460    0.711460 ^ up_down (in)
                                                         up_down (net)
                      0.021167    0.000000    0.711460 ^ input12/A (sky130_fd_sc_hd__buf_1)
     4    0.013263    0.165103    0.155192    0.866651 ^ input12/X (sky130_fd_sc_hd__buf_1)
                                                         net12 (net)
                      0.165103    0.000017    0.866668 ^ fanout21/A (sky130_fd_sc_hd__buf_2)
    10    0.033937    0.168997    0.237465    1.104133 ^ fanout21/X (sky130_fd_sc_hd__buf_2)
                                                         net21 (net)
                      0.168997    0.000124    1.104257 ^ _062_/B (sky130_fd_sc_hd__xor2_1)
     3    0.007866    0.089212    0.118058    1.222316 v _062_/X (sky130_fd_sc_hd__xor2_1)
                                                         _015_ (net)
                      0.089212    0.000008    1.222323 v _067_/A2 (sky130_fd_sc_hd__o21a_1)
     3    0.009045    0.064830    0.211938    1.434262 v _067_/X (sky130_fd_sc_hd__o21a_1)
                                                         _019_ (net)
                      0.064830    0.000014    1.434276 v _080_/A1 (sky130_fd_sc_hd__o31ai_2)
     4    0.010928    0.303188    0.333707    1.767983 ^ _080_/Y (sky130_fd_sc_hd__o31ai_2)
                                                         _030_ (net)
                      0.303188    0.000042    1.768025 ^ _098_/A1 (sky130_fd_sc_hd__a31o_1)
     3    0.007906    0.092511    0.222351    1.990375 ^ _098_/X (sky130_fd_sc_hd__a31o_1)
                                                         _046_ (net)
                      0.092511    0.000032    1.990407 ^ _103_/A2 (sky130_fd_sc_hd__a21oi_1)
     1    0.005119    0.072208    0.085526    2.075933 v _103_/Y (sky130_fd_sc_hd__a21oi_1)
                                                         _050_ (net)
                      0.072208    0.000015    2.075949 v _105_/A (sky130_fd_sc_hd__xnor2_1)
     1    0.002499    0.050214    0.129440    2.205388 v _105_/Y (sky130_fd_sc_hd__xnor2_1)
                                                         _052_ (net)
                      0.050214    0.000004    2.205392 v _107_/A2 (sky130_fd_sc_hd__a21o_1)
     1    0.002496    0.032751    0.170930    2.376322 v _107_/X (sky130_fd_sc_hd__a21o_1)
                                                         _007_ (net)
                      0.032751    0.000006    2.376329 v _115_/D (sky130_fd_sc_hd__dfrtp_1)
                                              2.376329   data arrival time

                                  3.500000    3.500000   clock clk (rise edge)
                                  0.000000    3.500000   clock source latency
     1    0.010260    0.052569    0.034846    3.534846 ^ clk (in)
                                                         clk (net)
                      0.052570    0.000000    3.534846 ^ clkbuf_0_clk/A (sky130_fd_sc_hd__clkbuf_16)
     2    0.017417    0.039645    0.125751    3.660597 ^ clkbuf_0_clk/X (sky130_fd_sc_hd__clkbuf_16)
                                                         clknet_0_clk (net)
                      0.039645    0.000037    3.660634 ^ clkbuf_1_1__f_clk/A (sky130_fd_sc_hd__clkbuf_16)
     4    0.009823    0.033180    0.113768    3.774402 ^ clkbuf_1_1__f_clk/X (sky130_fd_sc_hd__clkbuf_16)
                                                         clknet_1_1__leaf_clk (net)
                      0.033180    0.000015    3.774417 ^ _115_/CLK (sky130_fd_sc_hd__dfrtp_1)
                                 -0.250000    3.524417   clock uncertainty
                                  0.000000    3.524417   clock reconvergence pessimism
                                 -0.111630    3.412786   library setup time
                                              3.412786   data required time
---------------------------------------------------------------------------------------------
                                              3.412786   data required time
                                             -2.376329   data arrival time
---------------------------------------------------------------------------------------------
                                              1.036458   slack (MET)


Startpoint: up_down (input port clocked by clk)
Endpoint: _114_ (rising edge-triggered flip-flop clocked by clk)
Path Group: clk
Path Type: max

Fanout         Cap        Slew       Delay        Time   Description
---------------------------------------------------------------------------------------------
                                  0.000000    0.000000   clock clk (rise edge)
                                  0.000000    0.000000   clock network delay (propagated)
                                  0.700000    0.700000 ^ input external delay
     1    0.003133    0.021167    0.011460    0.711460 ^ up_down (in)
                                                         up_down (net)
                      0.021167    0.000000    0.711460 ^ input12/A (sky130_fd_sc_hd__buf_1)
     4    0.013263    0.165103    0.155192    0.866651 ^ input12/X (sky130_fd_sc_hd__buf_1)
                                                         net12 (net)
                      0.165103    0.000017    0.866668 ^ fanout21/A (sky130_fd_sc_hd__buf_2)
    10    0.033937    0.168997    0.237465    1.104133 ^ fanout21/X (sky130_fd_sc_hd__buf_2)
                                                         net21 (net)
                      0.168997    0.000124    1.104257 ^ _062_/B (sky130_fd_sc_hd__xor2_1)
     3    0.007866    0.089212    0.118058    1.222316 v _062_/X (sky130_fd_sc_hd__xor2_1)
                                                         _015_ (net)
                      0.089212    0.000008    1.222323 v _067_/A2 (sky130_fd_sc_hd__o21a_1)
     3    0.009045    0.064830    0.211938    1.434262 v _067_/X (sky130_fd_sc_hd__o21a_1)
                                                         _019_ (net)
                      0.064830    0.000014    1.434276 v _080_/A1 (sky130_fd_sc_hd__o31ai_2)
     4    0.010928    0.303188    0.333707    1.767983 ^ _080_/Y (sky130_fd_sc_hd__o31ai_2)
                                                         _030_ (net)
                      0.303188    0.000042    1.768025 ^ _098_/A1 (sky130_fd_sc_hd__a31o_1)
     3    0.007906    0.092511    0.222351    1.990375 ^ _098_/X (sky130_fd_sc_hd__a31o_1)
                                                         _046_ (net)
                      0.092511    0.000028    1.990404 ^ _099_/B (sky130_fd_sc_hd__nand2_1)
     1    0.002790    0.052836    0.059840    2.050243 v _099_/Y (sky130_fd_sc_hd__nand2_1)
                                                         _047_ (net)
                      0.052836    0.000007    2.050250 v _102_/A2 (sky130_fd_sc_hd__a31o_1)
     1    0.002660    0.037250    0.200312    2.250562 v _102_/X (sky130_fd_sc_hd__a31o_1)
                                                         _006_ (net)
                      0.037250    0.000009    2.250571 v _114_/D (sky130_fd_sc_hd__dfrtp_1)
                                              2.250571   data arrival time

                                  3.500000    3.500000   clock clk (rise edge)
                                  0.000000    3.500000   clock source latency
     1    0.010260    0.052569    0.034846    3.534846 ^ clk (in)
                                                         clk (net)
                      0.052570    0.000000    3.534846 ^ clkbuf_0_clk/A (sky130_fd_sc_hd__clkbuf_16)
     2    0.017417    0.039645    0.125751    3.660597 ^ clkbuf_0_clk/X (sky130_fd_sc_hd__clkbuf_16)
                                                         clknet_0_clk (net)
                      0.039645    0.000037    3.660634 ^ clkbuf_1_1__f_clk/A (sky130_fd_sc_hd__clkbuf_16)
     4    0.009823    0.033180    0.113768    3.774402 ^ clkbuf_1_1__f_clk/X (sky130_fd_sc_hd__clkbuf_16)
                                                         clknet_1_1__leaf_clk (net)
                      0.033180    0.000012    3.774415 ^ _114_/CLK (sky130_fd_sc_hd__dfrtp_1)
                                 -0.250000    3.524415   clock uncertainty
                                  0.000000    3.524415   clock reconvergence pessimism
                                 -0.113595    3.410820   library setup time
                                              3.410820   data required time
---------------------------------------------------------------------------------------------
                                              3.410820   data required time
                                             -2.250571   data arrival time
---------------------------------------------------------------------------------------------
                                              1.160249   slack (MET)


Startpoint: up_down (input port clocked by clk)
Endpoint: _113_ (rising edge-triggered flip-flop clocked by clk)
Path Group: clk
Path Type: max

Fanout         Cap        Slew       Delay        Time   Description
---------------------------------------------------------------------------------------------
                                  0.000000    0.000000   clock clk (rise edge)
                                  0.000000    0.000000   clock network delay (propagated)
                                  0.700000    0.700000 ^ input external delay
     1    0.003133    0.021167    0.011460    0.711460 ^ up_down (in)
                                                         up_down (net)
                      0.021167    0.000000    0.711460 ^ input12/A (sky130_fd_sc_hd__buf_1)
     4    0.013263    0.165103    0.155192    0.866651 ^ input12/X (sky130_fd_sc_hd__buf_1)
                                                         net12 (net)
                      0.165103    0.000017    0.866668 ^ fanout21/A (sky130_fd_sc_hd__buf_2)
    10    0.033937    0.168997    0.237465    1.104133 ^ fanout21/X (sky130_fd_sc_hd__buf_2)
                                                         net21 (net)
                      0.168997    0.000124    1.104257 ^ _062_/B (sky130_fd_sc_hd__xor2_1)
     3    0.008674    0.222698    0.237453    1.341711 ^ _062_/X (sky130_fd_sc_hd__xor2_1)
                                                         _015_ (net)
                      0.222698    0.000008    1.341719 ^ _067_/A2 (sky130_fd_sc_hd__o21a_1)
     3    0.009728    0.103653    0.185461    1.527180 ^ _067_/X (sky130_fd_sc_hd__o21a_1)
                                                         _019_ (net)
                      0.103653    0.000015    1.527195 ^ _080_/A1 (sky130_fd_sc_hd__o31ai_2)
     4    0.010353    0.080441    0.104587    1.631782 v _080_/Y (sky130_fd_sc_hd__o31ai_2)
                                                         _030_ (net)
                      0.080441    0.000038    1.631820 v _089_/A1 (sky130_fd_sc_hd__a21o_1)
     2    0.004440    0.040019    0.172696    1.804516 v _089_/X (sky130_fd_sc_hd__a21o_1)
                                                         _038_ (net)
                      0.040019    0.000017    1.804533 v _091_/B (sky130_fd_sc_hd__or2_1)
     1    0.002387    0.046783    0.196556    2.001089 v _091_/X (sky130_fd_sc_hd__or2_1)
                                                         _040_ (net)
                      0.046783    0.000001    2.001090 v _093_/A3 (sky130_fd_sc_hd__a31o_1)
     1    0.002151    0.034739    0.205140    2.206231 v _093_/X (sky130_fd_sc_hd__a31o_1)
                                                         _005_ (net)
                      0.034739    0.000003    2.206234 v _113_/D (sky130_fd_sc_hd__dfrtp_1)
                                              2.206234   data arrival time

                                  3.500000    3.500000   clock clk (rise edge)
                                  0.000000    3.500000   clock source latency
     1    0.010260    0.052569    0.034846    3.534846 ^ clk (in)
                                                         clk (net)
                      0.052570    0.000000    3.534846 ^ clkbuf_0_clk/A (sky130_fd_sc_hd__clkbuf_16)
     2    0.017417    0.039645    0.125751    3.660597 ^ clkbuf_0_clk/X (sky130_fd_sc_hd__clkbuf_16)
                                                         clknet_0_clk (net)
                      0.039645    0.000037    3.660634 ^ clkbuf_1_1__f_clk/A (sky130_fd_sc_hd__clkbuf_16)
     4    0.009823    0.033180    0.113768    3.774402 ^ clkbuf_1_1__f_clk/X (sky130_fd_sc_hd__clkbuf_16)
                                                         clknet_1_1__leaf_clk (net)
                      0.033180    0.000008    3.774410 ^ _113_/CLK (sky130_fd_sc_hd__dfrtp_1)
                                 -0.250000    3.524410   clock uncertainty
                                  0.000000    3.524410   clock reconvergence pessimism
                                 -0.112498    3.411911   library setup time
                                              3.411911   data required time
---------------------------------------------------------------------------------------------
                                              3.411911   data required time
                                             -2.206234   data arrival time
---------------------------------------------------------------------------------------------
                                              1.205678   slack (MET)


Startpoint: up_down (input port clocked by clk)
Endpoint: _111_ (rising edge-triggered flip-flop clocked by clk)
Path Group: clk
Path Type: max

Fanout         Cap        Slew       Delay        Time   Description
---------------------------------------------------------------------------------------------
                                  0.000000    0.000000   clock clk (rise edge)
                                  0.000000    0.000000   clock network delay (propagated)
                                  0.700000    0.700000 ^ input external delay
     1    0.003133    0.021167    0.011460    0.711460 ^ up_down (in)
                                                         up_down (net)
                      0.021167    0.000000    0.711460 ^ input12/A (sky130_fd_sc_hd__buf_1)
     4    0.013263    0.165103    0.155192    0.866651 ^ input12/X (sky130_fd_sc_hd__buf_1)
                                                         net12 (net)
                      0.165103    0.000017    0.866668 ^ fanout21/A (sky130_fd_sc_hd__buf_2)
    10    0.033937    0.168997    0.237465    1.104133 ^ fanout21/X (sky130_fd_sc_hd__buf_2)
                                                         net21 (net)
                      0.168997    0.000124    1.104257 ^ _062_/B (sky130_fd_sc_hd__xor2_1)
     3    0.008674    0.222698    0.237453    1.341711 ^ _062_/X (sky130_fd_sc_hd__xor2_1)
                                                         _015_ (net)
                      0.222698    0.000008    1.341719 ^ _067_/A2 (sky130_fd_sc_hd__o21a_1)
     3    0.009728    0.103653    0.185461    1.527180 ^ _067_/X (sky130_fd_sc_hd__o21a_1)
                                                         _019_ (net)
                      0.103653    0.000021    1.527201 ^ _070_/A (sky130_fd_sc_hd__or2_1)
     2    0.005155    0.063779    0.125454    1.652655 ^ _070_/X (sky130_fd_sc_hd__or2_1)
                                                         _022_ (net)
                      0.063779    0.000005    1.652660 ^ _075_/B1 (sky130_fd_sc_hd__o21ai_1)
     2    0.004991    0.068470    0.074619    1.727279 v _075_/Y (sky130_fd_sc_hd__o21ai_1)
                                                         _026_ (net)
                      0.068470    0.000008    1.727286 v _076_/A2 (sky130_fd_sc_hd__o21ai_1)
     1    0.002870    0.101965    0.120381    1.847668 ^ _076_/Y (sky130_fd_sc_hd__o21ai_1)
                                                         _027_ (net)
                      0.101965    0.000006    1.847673 ^ _077_/B1 (sky130_fd_sc_hd__a21oi_1)
     1    0.002460    0.075666    0.048183    1.895856 v _077_/Y (sky130_fd_sc_hd__a21oi_1)
                                                         _028_ (net)
                      0.075666    0.000005    1.895861 v _078_/C1 (sky130_fd_sc_hd__a221o_1)
     1    0.002142    0.049430    0.258391    2.154252 v _078_/X (sky130_fd_sc_hd__a221o_1)
                                                         _003_ (net)
                      0.049430    0.000002    2.154254 v _111_/D (sky130_fd_sc_hd__dfrtp_1)
                                              2.154254   data arrival time

                                  3.500000    3.500000   clock clk (rise edge)
                                  0.000000    3.500000   clock source latency
     1    0.010260    0.052569    0.034846    3.534846 ^ clk (in)
                                                         clk (net)
                      0.052570    0.000000    3.534846 ^ clkbuf_0_clk/A (sky130_fd_sc_hd__clkbuf_16)
     2    0.017417    0.039645    0.125751    3.660597 ^ clkbuf_0_clk/X (sky130_fd_sc_hd__clkbuf_16)
                                                         clknet_0_clk (net)
                      0.039645    0.000037    3.660634 ^ clkbuf_1_1__f_clk/A (sky130_fd_sc_hd__clkbuf_16)
     4    0.009823    0.033180    0.113768    3.774402 ^ clkbuf_1_1__f_clk/X (sky130_fd_sc_hd__clkbuf_16)
                                                         clknet_1_1__leaf_clk (net)
                      0.033180    0.000024    3.774426 ^ _111_/CLK (sky130_fd_sc_hd__dfrtp_1)
                                 -0.250000    3.524426   clock uncertainty
                                  0.000000    3.524426   clock reconvergence pessimism
                                 -0.118912    3.405513   library setup time
                                              3.405513   data required time
---------------------------------------------------------------------------------------------
                                              3.405513   data required time
                                             -2.154254   data arrival time
---------------------------------------------------------------------------------------------
                                              1.251260   slack (MET)


Startpoint: up_down (input port clocked by clk)
Endpoint: _112_ (rising edge-triggered flip-flop clocked by clk)
Path Group: clk
Path Type: max

Fanout         Cap        Slew       Delay        Time   Description
---------------------------------------------------------------------------------------------
                                  0.000000    0.000000   clock clk (rise edge)
                                  0.000000    0.000000   clock network delay (propagated)
                                  0.700000    0.700000 ^ input external delay
     1    0.003133    0.021167    0.011460    0.711460 ^ up_down (in)
                                                         up_down (net)
                      0.021167    0.000000    0.711460 ^ input12/A (sky130_fd_sc_hd__buf_1)
     4    0.013263    0.165103    0.155192    0.866651 ^ input12/X (sky130_fd_sc_hd__buf_1)
                                                         net12 (net)
                      0.165103    0.000017    0.866668 ^ fanout21/A (sky130_fd_sc_hd__buf_2)
    10    0.033937    0.168997    0.237465    1.104133 ^ fanout21/X (sky130_fd_sc_hd__buf_2)
                                                         net21 (net)
                      0.168997    0.000124    1.104257 ^ _062_/B (sky130_fd_sc_hd__xor2_1)
     3    0.007866    0.089212    0.118058    1.222316 v _062_/X (sky130_fd_sc_hd__xor2_1)
                                                         _015_ (net)
                      0.089212    0.000008    1.222323 v _067_/A2 (sky130_fd_sc_hd__o21a_1)
     3    0.009045    0.064830    0.211938    1.434262 v _067_/X (sky130_fd_sc_hd__o21a_1)
                                                         _019_ (net)
                      0.064830    0.000014    1.434276 v _080_/A1 (sky130_fd_sc_hd__o31ai_2)
     4    0.010928    0.303188    0.333707    1.767983 ^ _080_/Y (sky130_fd_sc_hd__o31ai_2)
                                                         _030_ (net)
                      0.303188    0.000051    1.768035 ^ _085_/A (sky130_fd_sc_hd__nand2_1)
     1    0.002667    0.074988    0.084473    1.852508 v _085_/Y (sky130_fd_sc_hd__nand2_1)
                                                         _035_ (net)
                      0.074988    0.000006    1.852513 v _087_/A3 (sky130_fd_sc_hd__a31o_1)
     1    0.002264    0.035295    0.217822    2.070336 v _087_/X (sky130_fd_sc_hd__a31o_1)
                                                         _004_ (net)
                      0.035295    0.000004    2.070339 v _112_/D (sky130_fd_sc_hd__dfrtp_1)
                                              2.070339   data arrival time

                                  3.500000    3.500000   clock clk (rise edge)
                                  0.000000    3.500000   clock source latency
     1    0.010260    0.052569    0.034846    3.534846 ^ clk (in)
                                                         clk (net)
                      0.052570    0.000000    3.534846 ^ clkbuf_0_clk/A (sky130_fd_sc_hd__clkbuf_16)
     2    0.017417    0.039645    0.125751    3.660597 ^ clkbuf_0_clk/X (sky130_fd_sc_hd__clkbuf_16)
                                                         clknet_0_clk (net)
                      0.039645    0.000053    3.660650 ^ clkbuf_1_0__f_clk/A (sky130_fd_sc_hd__clkbuf_16)
     5    0.011920    0.034970    0.115780    3.776430 ^ clkbuf_1_0__f_clk/X (sky130_fd_sc_hd__clkbuf_16)
                                                         clknet_1_0__leaf_clk (net)
                      0.034970    0.000007    3.776437 ^ _112_/CLK (sky130_fd_sc_hd__dfrtp_1)
                                 -0.250000    3.526437   clock uncertainty
                                  0.000000    3.526437   clock reconvergence pessimism
                                 -0.112332    3.414105   library setup time
                                              3.414105   data required time
---------------------------------------------------------------------------------------------
                                              3.414105   data required time
                                             -2.070339   data arrival time
---------------------------------------------------------------------------------------------
                                              1.343766   slack (MET)


Startpoint: up_down (input port clocked by clk)
Endpoint: _110_ (rising edge-triggered flip-flop clocked by clk)
Path Group: clk
Path Type: max

Fanout         Cap        Slew       Delay        Time   Description
---------------------------------------------------------------------------------------------
                                  0.000000    0.000000   clock clk (rise edge)
                                  0.000000    0.000000   clock network delay (propagated)
                                  0.700000    0.700000 ^ input external delay
     1    0.003133    0.021167    0.011460    0.711460 ^ up_down (in)
                                                         up_down (net)
                      0.021167    0.000000    0.711460 ^ input12/A (sky130_fd_sc_hd__buf_1)
     4    0.013263    0.165103    0.155192    0.866651 ^ input12/X (sky130_fd_sc_hd__buf_1)
                                                         net12 (net)
                      0.165103    0.000017    0.866668 ^ fanout21/A (sky130_fd_sc_hd__buf_2)
    10    0.033937    0.168997    0.237465    1.104133 ^ fanout21/X (sky130_fd_sc_hd__buf_2)
                                                         net21 (net)
                      0.168997    0.000124    1.104257 ^ _062_/B (sky130_fd_sc_hd__xor2_1)
     3    0.007866    0.089212    0.118058    1.222316 v _062_/X (sky130_fd_sc_hd__xor2_1)
                                                         _015_ (net)
                      0.089212    0.000008    1.222323 v _067_/A2 (sky130_fd_sc_hd__o21a_1)
     3    0.009045    0.064830    0.211938    1.434262 v _067_/X (sky130_fd_sc_hd__o21a_1)
                                                         _019_ (net)
                      0.064830    0.000020    1.434281 v _070_/A (sky130_fd_sc_hd__or2_1)
     2    0.004864    0.059602    0.240581    1.674862 v _070_/X (sky130_fd_sc_hd__or2_1)
                                                         _022_ (net)
                      0.059602    0.000004    1.674866 v _072_/A3 (sky130_fd_sc_hd__a31o_1)
     1    0.002171    0.034859    0.210728    1.885594 v _072_/X (sky130_fd_sc_hd__a31o_1)
                                                         _002_ (net)
                      0.034859    0.000003    1.885597 v _110_/D (sky130_fd_sc_hd__dfrtp_2)
                                              1.885597   data arrival time

                                  3.500000    3.500000   clock clk (rise edge)
                                  0.000000    3.500000   clock source latency
     1    0.010260    0.052569    0.034846    3.534846 ^ clk (in)
                                                         clk (net)
                      0.052570    0.000000    3.534846 ^ clkbuf_0_clk/A (sky130_fd_sc_hd__clkbuf_16)
     2    0.017417    0.039645    0.125751    3.660597 ^ clkbuf_0_clk/X (sky130_fd_sc_hd__clkbuf_16)
                                                         clknet_0_clk (net)
                      0.039645    0.000053    3.660650 ^ clkbuf_1_0__f_clk/A (sky130_fd_sc_hd__clkbuf_16)
     5    0.011920    0.034970    0.115780    3.776430 ^ clkbuf_1_0__f_clk/X (sky130_fd_sc_hd__clkbuf_16)
                                                         clknet_1_0__leaf_clk (net)
                      0.034970    0.000040    3.776470 ^ _110_/CLK (sky130_fd_sc_hd__dfrtp_2)
                                 -0.250000    3.526470   clock uncertainty
                                  0.000000    3.526470   clock reconvergence pessimism
                                 -0.113362    3.413108   library setup time
                                              3.413108   data required time
---------------------------------------------------------------------------------------------
                                              3.413108   data required time
                                             -1.885597   data arrival time
---------------------------------------------------------------------------------------------
                                              1.527511   slack (MET)


Startpoint: _110_ (rising edge-triggered flip-flop clocked by clk)
Endpoint: count[2] (output port clocked by clk)
Path Group: clk
Path Type: max

Fanout         Cap        Slew       Delay        Time   Description
---------------------------------------------------------------------------------------------
                                  0.000000    0.000000   clock clk (rise edge)
                                  0.000000    0.000000   clock source latency
     1    0.010260    0.052569    0.034846    0.034846 ^ clk (in)
                                                         clk (net)
                      0.052570    0.000000    0.034846 ^ clkbuf_0_clk/A (sky130_fd_sc_hd__clkbuf_16)
     2    0.017417    0.039645    0.125751    0.160597 ^ clkbuf_0_clk/X (sky130_fd_sc_hd__clkbuf_16)
                                                         clknet_0_clk (net)
                      0.039645    0.000053    0.160650 ^ clkbuf_1_0__f_clk/A (sky130_fd_sc_hd__clkbuf_16)
     5    0.011920    0.034970    0.115781    0.276430 ^ clkbuf_1_0__f_clk/X (sky130_fd_sc_hd__clkbuf_16)
                                                         clknet_1_0__leaf_clk (net)
                      0.034970    0.000040    0.276470 ^ _110_/CLK (sky130_fd_sc_hd__dfrtp_2)
     5    0.016802    0.071804    0.423757    0.700228 v _110_/Q (sky130_fd_sc_hd__dfrtp_2)
                                                         net15 (net)
                      0.071804    0.000022    0.700250 v output15/A (sky130_fd_sc_hd__buf_2)
     1    0.033936    0.088492    0.191951    0.892201 v output15/X (sky130_fd_sc_hd__buf_2)
                                                         count[2] (net)
                      0.088492    0.000070    0.892272 v count[2] (out)
                                              0.892272   data arrival time

                                  3.500000    3.500000   clock clk (rise edge)
                                  0.000000    3.500000   clock network delay (propagated)
                                 -0.250000    3.250000   clock uncertainty
                                  0.000000    3.250000   clock reconvergence pessimism
                                 -0.700000    2.550000   output external delay
                                              2.550000   data required time
---------------------------------------------------------------------------------------------
                                              2.550000   data required time
                                             -0.892272   data arrival time
---------------------------------------------------------------------------------------------
                                              1.657728   slack (MET)


Startpoint: _109_ (rising edge-triggered flip-flop clocked by clk)
Endpoint: count[1] (output port clocked by clk)
Path Group: clk
Path Type: max

Fanout         Cap        Slew       Delay        Time   Description
---------------------------------------------------------------------------------------------
                                  0.000000    0.000000   clock clk (rise edge)
                                  0.000000    0.000000   clock source latency
     1    0.010260    0.052569    0.034846    0.034846 ^ clk (in)
                                                         clk (net)
                      0.052570    0.000000    0.034846 ^ clkbuf_0_clk/A (sky130_fd_sc_hd__clkbuf_16)
     2    0.017417    0.039645    0.125751    0.160597 ^ clkbuf_0_clk/X (sky130_fd_sc_hd__clkbuf_16)
                                                         clknet_0_clk (net)
                      0.039645    0.000053    0.160650 ^ clkbuf_1_0__f_clk/A (sky130_fd_sc_hd__clkbuf_16)
     5    0.011920    0.034970    0.115781    0.276430 ^ clkbuf_1_0__f_clk/X (sky130_fd_sc_hd__clkbuf_16)
                                                         clknet_1_0__leaf_clk (net)
                      0.034970    0.000032    0.276462 ^ _109_/CLK (sky130_fd_sc_hd__dfrtp_1)
     4    0.013245    0.129871    0.379158    0.655620 ^ _109_/Q (sky130_fd_sc_hd__dfrtp_1)
                                                         net14 (net)
                      0.129871    0.000033    0.655653 ^ output14/A (sky130_fd_sc_hd__buf_2)
     1    0.034700    0.172541    0.230360    0.886013 ^ output14/X (sky130_fd_sc_hd__buf_2)
                                                         count[1] (net)
                      0.172541    0.000249    0.886261 ^ count[1] (out)
                                              0.886261   data arrival time

                                  3.500000    3.500000   clock clk (rise edge)
                                  0.000000    3.500000   clock network delay (propagated)
                                 -0.250000    3.250000   clock uncertainty
                                  0.000000    3.250000   clock reconvergence pessimism
                                 -0.700000    2.550000   output external delay
                                              2.550000   data required time
---------------------------------------------------------------------------------------------
                                              2.550000   data required time
                                             -0.886261   data arrival time
---------------------------------------------------------------------------------------------
                                              1.663738   slack (MET)


Startpoint: _112_ (rising edge-triggered flip-flop clocked by clk)
Endpoint: count[4] (output port clocked by clk)
Path Group: clk
Path Type: max

Fanout         Cap        Slew       Delay        Time   Description
---------------------------------------------------------------------------------------------
                                  0.000000    0.000000   clock clk (rise edge)
                                  0.000000    0.000000   clock source latency
     1    0.010260    0.052569    0.034846    0.034846 ^ clk (in)
                                                         clk (net)
                      0.052570    0.000000    0.034846 ^ clkbuf_0_clk/A (sky130_fd_sc_hd__clkbuf_16)
     2    0.017417    0.039645    0.125751    0.160597 ^ clkbuf_0_clk/X (sky130_fd_sc_hd__clkbuf_16)
                                                         clknet_0_clk (net)
                      0.039645    0.000053    0.160650 ^ clkbuf_1_0__f_clk/A (sky130_fd_sc_hd__clkbuf_16)
     5    0.011920    0.034970    0.115781    0.276430 ^ clkbuf_1_0__f_clk/X (sky130_fd_sc_hd__clkbuf_16)
                                                         clknet_1_0__leaf_clk (net)
                      0.034970    0.000007    0.276437 ^ _112_/CLK (sky130_fd_sc_hd__dfrtp_1)
     5    0.013104    0.128712    0.378301    0.654738 ^ _112_/Q (sky130_fd_sc_hd__dfrtp_1)
                                                         net17 (net)
                      0.128712    0.000031    0.654769 ^ output17/A (sky130_fd_sc_hd__buf_2)
     1    0.033960    0.171657    0.227764    0.882533 ^ output17/X (sky130_fd_sc_hd__buf_2)
                                                         count[4] (net)
                      0.171657    0.000075    0.882608 ^ count[4] (out)
                                              0.882608   data arrival time

                                  3.500000    3.500000   clock clk (rise edge)
                                  0.000000    3.500000   clock network delay (propagated)
                                 -0.250000    3.250000   clock uncertainty
                                  0.000000    3.250000   clock reconvergence pessimism
                                 -0.700000    2.550000   output external delay
                                              2.550000   data required time
---------------------------------------------------------------------------------------------
                                              2.550000   data required time
                                             -0.882608   data arrival time
---------------------------------------------------------------------------------------------
                                              1.667391   slack (MET)


Startpoint: _111_ (rising edge-triggered flip-flop clocked by clk)
Endpoint: count[3] (output port clocked by clk)
Path Group: clk
Path Type: max

Fanout         Cap        Slew       Delay        Time   Description
---------------------------------------------------------------------------------------------
                                  0.000000    0.000000   clock clk (rise edge)
                                  0.000000    0.000000   clock source latency
     1    0.010260    0.052569    0.034846    0.034846 ^ clk (in)
                                                         clk (net)
                      0.052570    0.000000    0.034846 ^ clkbuf_0_clk/A (sky130_fd_sc_hd__clkbuf_16)
     2    0.017417    0.039645    0.125751    0.160597 ^ clkbuf_0_clk/X (sky130_fd_sc_hd__clkbuf_16)
                                                         clknet_0_clk (net)
                      0.039645    0.000037    0.160634 ^ clkbuf_1_1__f_clk/A (sky130_fd_sc_hd__clkbuf_16)
     4    0.009823    0.033180    0.113768    0.274402 ^ clkbuf_1_1__f_clk/X (sky130_fd_sc_hd__clkbuf_16)
                                                         clknet_1_1__leaf_clk (net)
                      0.033180    0.000024    0.274426 ^ _111_/CLK (sky130_fd_sc_hd__dfrtp_1)
     4    0.013265    0.130030    0.378607    0.653033 ^ _111_/Q (sky130_fd_sc_hd__dfrtp_1)
                                                         net16 (net)
                      0.130030    0.000048    0.653081 ^ output16/A (sky130_fd_sc_hd__buf_2)
     1    0.034215    0.170251    0.228871    0.881951 ^ output16/X (sky130_fd_sc_hd__buf_2)
                                                         count[3] (net)
                      0.170251    0.000135    0.882086 ^ count[3] (out)
                                              0.882086   data arrival time

                                  3.500000    3.500000   clock clk (rise edge)
                                  0.000000    3.500000   clock network delay (propagated)
                                 -0.250000    3.250000   clock uncertainty
                                  0.000000    3.250000   clock reconvergence pessimism
                                 -0.700000    2.550000   output external delay
                                              2.550000   data required time
---------------------------------------------------------------------------------------------
                                              2.550000   data required time
                                             -0.882086   data arrival time
---------------------------------------------------------------------------------------------
                                              1.667913   slack (MET)


Startpoint: _113_ (rising edge-triggered flip-flop clocked by clk)
Endpoint: count[5] (output port clocked by clk)
Path Group: clk
Path Type: max

Fanout         Cap        Slew       Delay        Time   Description
---------------------------------------------------------------------------------------------
                                  0.000000    0.000000   clock clk (rise edge)
                                  0.000000    0.000000   clock source latency
     1    0.010260    0.052569    0.034846    0.034846 ^ clk (in)
                                                         clk (net)
                      0.052570    0.000000    0.034846 ^ clkbuf_0_clk/A (sky130_fd_sc_hd__clkbuf_16)
     2    0.017417    0.039645    0.125751    0.160597 ^ clkbuf_0_clk/X (sky130_fd_sc_hd__clkbuf_16)
                                                         clknet_0_clk (net)
                      0.039645    0.000037    0.160634 ^ clkbuf_1_1__f_clk/A (sky130_fd_sc_hd__clkbuf_16)
     4    0.009823    0.033180    0.113768    0.274402 ^ clkbuf_1_1__f_clk/X (sky130_fd_sc_hd__clkbuf_16)
                                                         clknet_1_1__leaf_clk (net)
                      0.033180    0.000008    0.274410 ^ _113_/CLK (sky130_fd_sc_hd__dfrtp_1)
     4    0.013206    0.126468    0.378226    0.652636 ^ _113_/Q (sky130_fd_sc_hd__dfrtp_1)
                                                         net18 (net)
                      0.126468    0.000009    0.652645 ^ output18/A (sky130_fd_sc_hd__buf_2)
     1    0.034048    0.169458    0.227380    0.880025 ^ output18/X (sky130_fd_sc_hd__buf_2)
                                                         count[5] (net)
                      0.169458    0.000096    0.880121 ^ count[5] (out)
                                              0.880121   data arrival time

                                  3.500000    3.500000   clock clk (rise edge)
                                  0.000000    3.500000   clock network delay (propagated)
                                 -0.250000    3.250000   clock uncertainty
                                  0.000000    3.250000   clock reconvergence pessimism
                                 -0.700000    2.550000   output external delay
                                              2.550000   data required time
---------------------------------------------------------------------------------------------
                                              2.550000   data required time
                                             -0.880121   data arrival time
---------------------------------------------------------------------------------------------
                                              1.669879   slack (MET)


Startpoint: _108_ (rising edge-triggered flip-flop clocked by clk)
Endpoint: count[0] (output port clocked by clk)
Path Group: clk
Path Type: max

Fanout         Cap        Slew       Delay        Time   Description
---------------------------------------------------------------------------------------------
                                  0.000000    0.000000   clock clk (rise edge)
                                  0.000000    0.000000   clock source latency
     1    0.010260    0.052569    0.034846    0.034846 ^ clk (in)
                                                         clk (net)
                      0.052570    0.000000    0.034846 ^ clkbuf_0_clk/A (sky130_fd_sc_hd__clkbuf_16)
     2    0.017417    0.039645    0.125751    0.160597 ^ clkbuf_0_clk/X (sky130_fd_sc_hd__clkbuf_16)
                                                         clknet_0_clk (net)
                      0.039645    0.000053    0.160650 ^ clkbuf_1_0__f_clk/A (sky130_fd_sc_hd__clkbuf_16)
     5    0.011920    0.034970    0.115781    0.276430 ^ clkbuf_1_0__f_clk/X (sky130_fd_sc_hd__clkbuf_16)
                                                         clknet_1_0__leaf_clk (net)
                      0.034970    0.000014    0.276444 ^ _108_/CLK (sky130_fd_sc_hd__dfrtp_1)
     3    0.010152    0.104488    0.360394    0.636838 ^ _108_/Q (sky130_fd_sc_hd__dfrtp_1)
                                                         net13 (net)
                      0.104488    0.000008    0.636846 ^ output13/A (sky130_fd_sc_hd__buf_2)
     1    0.034064    0.169427    0.219726    0.856572 ^ output13/X (sky130_fd_sc_hd__buf_2)
                                                         count[0] (net)
                      0.169427    0.000100    0.856672 ^ count[0] (out)
                                              0.856672   data arrival time

                                  3.500000    3.500000   clock clk (rise edge)
                                  0.000000    3.500000   clock network delay (propagated)
                                 -0.250000    3.250000   clock uncertainty
                                  0.000000    3.250000   clock reconvergence pessimism
                                 -0.700000    2.550000   output external delay
                                              2.550000   data required time
---------------------------------------------------------------------------------------------
                                              2.550000   data required time
                                             -0.856672   data arrival time
---------------------------------------------------------------------------------------------
                                              1.693328   slack (MET)


Startpoint: _115_ (rising edge-triggered flip-flop clocked by clk)
Endpoint: count[7] (output port clocked by clk)
Path Group: clk
Path Type: max

Fanout         Cap        Slew       Delay        Time   Description
---------------------------------------------------------------------------------------------
                                  0.000000    0.000000   clock clk (rise edge)
                                  0.000000    0.000000   clock source latency
     1    0.010260    0.052569    0.034846    0.034846 ^ clk (in)
                                                         clk (net)
                      0.052570    0.000000    0.034846 ^ clkbuf_0_clk/A (sky130_fd_sc_hd__clkbuf_16)
     2    0.017417    0.039645    0.125751    0.160597 ^ clkbuf_0_clk/X (sky130_fd_sc_hd__clkbuf_16)
                                                         clknet_0_clk (net)
                      0.039645    0.000037    0.160634 ^ clkbuf_1_1__f_clk/A (sky130_fd_sc_hd__clkbuf_16)
     4    0.009823    0.033180    0.113768    0.274402 ^ clkbuf_1_1__f_clk/X (sky130_fd_sc_hd__clkbuf_16)
                                                         clknet_1_1__leaf_clk (net)
                      0.033180    0.000015    0.274417 ^ _115_/CLK (sky130_fd_sc_hd__dfrtp_1)
     3    0.009867    0.102139    0.357991    0.632408 ^ _115_/Q (sky130_fd_sc_hd__dfrtp_1)
                                                         net20 (net)
                      0.102139    0.000024    0.632432 ^ output20/A (sky130_fd_sc_hd__buf_2)
     1    0.034006    0.169136    0.218675    0.851107 ^ output20/X (sky130_fd_sc_hd__buf_2)
                                                         count[7] (net)
                      0.169136    0.000086    0.851193 ^ count[7] (out)
                                              0.851193   data arrival time

                                  3.500000    3.500000   clock clk (rise edge)
                                  0.000000    3.500000   clock network delay (propagated)
                                 -0.250000    3.250000   clock uncertainty
                                  0.000000    3.250000   clock reconvergence pessimism
                                 -0.700000    2.550000   output external delay
                                              2.550000   data required time
---------------------------------------------------------------------------------------------
                                              2.550000   data required time
                                             -0.851193   data arrival time
---------------------------------------------------------------------------------------------
                                              1.698807   slack (MET)


Startpoint: _114_ (rising edge-triggered flip-flop clocked by clk)
Endpoint: count[6] (output port clocked by clk)
Path Group: clk
Path Type: max

Fanout         Cap        Slew       Delay        Time   Description
---------------------------------------------------------------------------------------------
                                  0.000000    0.000000   clock clk (rise edge)
                                  0.000000    0.000000   clock source latency
     1    0.010260    0.052569    0.034846    0.034846 ^ clk (in)
                                                         clk (net)
                      0.052570    0.000000    0.034846 ^ clkbuf_0_clk/A (sky130_fd_sc_hd__clkbuf_16)
     2    0.017417    0.039645    0.125751    0.160597 ^ clkbuf_0_clk/X (sky130_fd_sc_hd__clkbuf_16)
                                                         clknet_0_clk (net)
                      0.039645    0.000037    0.160634 ^ clkbuf_1_1__f_clk/A (sky130_fd_sc_hd__clkbuf_16)
     4    0.009823    0.033180    0.113768    0.274402 ^ clkbuf_1_1__f_clk/X (sky130_fd_sc_hd__clkbuf_16)
                                                         clknet_1_1__leaf_clk (net)
                      0.033180    0.000012    0.274415 ^ _114_/CLK (sky130_fd_sc_hd__dfrtp_1)
     4    0.008519    0.065825    0.380292    0.654707 v _114_/Q (sky130_fd_sc_hd__dfrtp_1)
                                                         net19 (net)
                      0.065825    0.000041    0.654748 v output19/A (sky130_fd_sc_hd__clkbuf_4)
     1    0.034476    0.079782    0.192478    0.847226 v output19/X (sky130_fd_sc_hd__clkbuf_4)
                                                         count[6] (net)
                      0.079782    0.000231    0.847457 v count[6] (out)
                                              0.847457   data arrival time

                                  3.500000    3.500000   clock clk (rise edge)
                                  0.000000    3.500000   clock network delay (propagated)
                                 -0.250000    3.250000   clock uncertainty
                                  0.000000    3.250000   clock reconvergence pessimism
                                 -0.700000    2.550000   output external delay
                                              2.550000   data required time
---------------------------------------------------------------------------------------------
                                              2.550000   data required time
                                             -0.847457   data arrival time
---------------------------------------------------------------------------------------------
                                              1.702543   slack (MET)


Startpoint: up_down (input port clocked by clk)
Endpoint: _109_ (rising edge-triggered flip-flop clocked by clk)
Path Group: clk
Path Type: max

Fanout         Cap        Slew       Delay        Time   Description
---------------------------------------------------------------------------------------------
                                  0.000000    0.000000   clock clk (rise edge)
                                  0.000000    0.000000   clock network delay (propagated)
                                  0.700000    0.700000 ^ input external delay
     1    0.003133    0.021167    0.011460    0.711460 ^ up_down (in)
                                                         up_down (net)
                      0.021167    0.000000    0.711460 ^ input12/A (sky130_fd_sc_hd__buf_1)
     4    0.013263    0.165103    0.155192    0.866651 ^ input12/X (sky130_fd_sc_hd__buf_1)
                                                         net12 (net)
                      0.165103    0.000017    0.866668 ^ fanout21/A (sky130_fd_sc_hd__buf_2)
    10    0.033937    0.168997    0.237465    1.104133 ^ fanout21/X (sky130_fd_sc_hd__buf_2)
                                                         net21 (net)
                      0.168997    0.000124    1.104257 ^ _062_/B (sky130_fd_sc_hd__xor2_1)
     3    0.008674    0.222698    0.237453    1.341711 ^ _062_/X (sky130_fd_sc_hd__xor2_1)
                                                         _015_ (net)
                      0.222698    0.000026    1.341737 ^ _063_/B (sky130_fd_sc_hd__nand2_1)
     1    0.002613    0.052804    0.079763    1.421499 v _063_/Y (sky130_fd_sc_hd__nand2_1)
                                                         _016_ (net)
                      0.052804    0.000003    1.421503 v _066_/A1 (sky130_fd_sc_hd__a21o_1)
     1    0.002177    0.031171    0.149031    1.570534 v _066_/X (sky130_fd_sc_hd__a21o_1)
                                                         _001_ (net)
                      0.031171    0.000003    1.570537 v _109_/D (sky130_fd_sc_hd__dfrtp_1)
                                              1.570537   data arrival time

                                  3.500000    3.500000   clock clk (rise edge)
                                  0.000000    3.500000   clock source latency
     1    0.010260    0.052569    0.034846    3.534846 ^ clk (in)
                                                         clk (net)
                      0.052570    0.000000    3.534846 ^ clkbuf_0_clk/A (sky130_fd_sc_hd__clkbuf_16)
     2    0.017417    0.039645    0.125751    3.660597 ^ clkbuf_0_clk/X (sky130_fd_sc_hd__clkbuf_16)
                                                         clknet_0_clk (net)
                      0.039645    0.000053    3.660650 ^ clkbuf_1_0__f_clk/A (sky130_fd_sc_hd__clkbuf_16)
     5    0.011920    0.034970    0.115780    3.776430 ^ clkbuf_1_0__f_clk/X (sky130_fd_sc_hd__clkbuf_16)
                                                         clknet_1_0__leaf_clk (net)
                      0.034970    0.000032    3.776462 ^ _109_/CLK (sky130_fd_sc_hd__dfrtp_1)
                                 -0.250000    3.526462   clock uncertainty
                                  0.000000    3.526462   clock reconvergence pessimism
                                 -0.110532    3.415930   library setup time
                                              3.415930   data required time
---------------------------------------------------------------------------------------------
                                              3.415930   data required time
                                             -1.570537   data arrival time
---------------------------------------------------------------------------------------------
                                              1.845393   slack (MET)


Startpoint: preload (input port clocked by clk)
Endpoint: _108_ (rising edge-triggered flip-flop clocked by clk)
Path Group: clk
Path Type: max

Fanout         Cap        Slew       Delay        Time   Description
---------------------------------------------------------------------------------------------
                                  0.000000    0.000000   clock clk (rise edge)
                                  0.000000    0.000000   clock network delay (propagated)
                                  0.700000    0.700000 v input external delay
     1    0.002395    0.007698    0.003731    0.703731 v preload (in)
                                                         preload (net)
                      0.007698    0.000000    0.703731 v input10/A (sky130_fd_sc_hd__buf_2)
    10    0.031856    0.084105    0.160356    0.864087 v input10/X (sky130_fd_sc_hd__buf_2)
                                                         net10 (net)
                      0.084105    0.000191    0.864278 v _057_/A (sky130_fd_sc_hd__nor2_2)
     8    0.027470    0.307788    0.292206    1.156484 ^ _057_/Y (sky130_fd_sc_hd__nor2_2)
                                                         _011_ (net)
                      0.307788    0.000130    1.156615 ^ _059_/B1 (sky130_fd_sc_hd__a22o_1)
     1    0.002991    0.052323    0.177943    1.334558 ^ _059_/X (sky130_fd_sc_hd__a22o_1)
                                                         _013_ (net)
                      0.052323    0.000009    1.334566 ^ _060_/B1 (sky130_fd_sc_hd__a21oi_1)
     1    0.002390    0.046973    0.037480    1.372047 v _060_/Y (sky130_fd_sc_hd__a21oi_1)
                                                         _000_ (net)
                      0.046973    0.000005    1.372052 v _108_/D (sky130_fd_sc_hd__dfrtp_1)
                                              1.372052   data arrival time

                                  3.500000    3.500000   clock clk (rise edge)
                                  0.000000    3.500000   clock source latency
     1    0.010260    0.052569    0.034846    3.534846 ^ clk (in)
                                                         clk (net)
                      0.052570    0.000000    3.534846 ^ clkbuf_0_clk/A (sky130_fd_sc_hd__clkbuf_16)
     2    0.017417    0.039645    0.125751    3.660597 ^ clkbuf_0_clk/X (sky130_fd_sc_hd__clkbuf_16)
                                                         clknet_0_clk (net)
                      0.039645    0.000053    3.660650 ^ clkbuf_1_0__f_clk/A (sky130_fd_sc_hd__clkbuf_16)
     5    0.011920    0.034970    0.115780    3.776430 ^ clkbuf_1_0__f_clk/X (sky130_fd_sc_hd__clkbuf_16)
                                                         clknet_1_0__leaf_clk (net)
                      0.034970    0.000014    3.776444 ^ _108_/CLK (sky130_fd_sc_hd__dfrtp_1)
                                 -0.250000    3.526444   clock uncertainty
                                  0.000000    3.526444   clock reconvergence pessimism
                                 -0.117430    3.409014   library setup time
                                              3.409014   data required time
---------------------------------------------------------------------------------------------
                                              3.409014   data required time
                                             -1.372052   data arrival time
---------------------------------------------------------------------------------------------
                                              2.036962   slack (MET)


Startpoint: resetn (input port clocked by clk)
Endpoint: _110_ (recovery check against rising-edge clock clk)
Path Group: asynchronous
Path Type: max

Fanout         Cap        Slew       Delay        Time   Description
---------------------------------------------------------------------------------------------
                                  0.000000    0.000000   clock clk (rise edge)
                                  0.000000    0.000000   clock network delay (propagated)
                                  0.700000    0.700000 ^ input external delay
     1    0.002269    0.018055    0.008437    0.708437 ^ resetn (in)
                                                         resetn (net)
                      0.018055    0.000000    0.708437 ^ input11/A (sky130_fd_sc_hd__buf_2)
     8    0.036091    0.178492    0.194056    0.902493 ^ input11/X (sky130_fd_sc_hd__buf_2)
                                                         net11 (net)
                      0.178492    0.000112    0.902605 ^ _110_/RESET_B (sky130_fd_sc_hd__dfrtp_2)
                                              0.902605   data arrival time

                                  3.500000    3.500000   clock clk (rise edge)
                                  0.000000    3.500000   clock source latency
     1    0.010260    0.052569    0.034846    3.534846 ^ clk (in)
                                                         clk (net)
                      0.052570    0.000000    3.534846 ^ clkbuf_0_clk/A (sky130_fd_sc_hd__clkbuf_16)
     2    0.017417    0.039645    0.125751    3.660597 ^ clkbuf_0_clk/X (sky130_fd_sc_hd__clkbuf_16)
                                                         clknet_0_clk (net)
                      0.039645    0.000053    3.660650 ^ clkbuf_1_0__f_clk/A (sky130_fd_sc_hd__clkbuf_16)
     5    0.011920    0.034970    0.115780    3.776430 ^ clkbuf_1_0__f_clk/X (sky130_fd_sc_hd__clkbuf_16)
                                                         clknet_1_0__leaf_clk (net)
                      0.034970    0.000040    3.776470 ^ _110_/CLK (sky130_fd_sc_hd__dfrtp_2)
                                 -0.250000    3.526470   clock uncertainty
                                  0.000000    3.526470   clock reconvergence pessimism
                                  0.176204    3.702674   library recovery time
                                              3.702674   data required time
---------------------------------------------------------------------------------------------
                                              3.702674   data required time
                                             -0.902605   data arrival time
---------------------------------------------------------------------------------------------
                                              2.800069   slack (MET)


Startpoint: resetn (input port clocked by clk)
Endpoint: _115_ (recovery check against rising-edge clock clk)
Path Group: asynchronous
Path Type: max

Fanout         Cap        Slew       Delay        Time   Description
---------------------------------------------------------------------------------------------
                                  0.000000    0.000000   clock clk (rise edge)
                                  0.000000    0.000000   clock network delay (propagated)
                                  0.700000    0.700000 ^ input external delay
     1    0.002269    0.018055    0.008437    0.708437 ^ resetn (in)
                                                         resetn (net)
                      0.018055    0.000000    0.708437 ^ input11/A (sky130_fd_sc_hd__buf_2)
     8    0.036091    0.178492    0.194056    0.902493 ^ input11/X (sky130_fd_sc_hd__buf_2)
                                                         net11 (net)
                      0.178541    0.000291    0.902784 ^ _115_/RESET_B (sky130_fd_sc_hd__dfrtp_1)
                                              0.902784   data arrival time

                                  3.500000    3.500000   clock clk (rise edge)
                                  0.000000    3.500000   clock source latency
     1    0.010260    0.052569    0.034846    3.534846 ^ clk (in)
                                                         clk (net)
                      0.052570    0.000000    3.534846 ^ clkbuf_0_clk/A (sky130_fd_sc_hd__clkbuf_16)
     2    0.017417    0.039645    0.125751    3.660597 ^ clkbuf_0_clk/X (sky130_fd_sc_hd__clkbuf_16)
                                                         clknet_0_clk (net)
                      0.039645    0.000037    3.660634 ^ clkbuf_1_1__f_clk/A (sky130_fd_sc_hd__clkbuf_16)
     4    0.009823    0.033180    0.113768    3.774402 ^ clkbuf_1_1__f_clk/X (sky130_fd_sc_hd__clkbuf_16)
                                                         clknet_1_1__leaf_clk (net)
                      0.033180    0.000015    3.774417 ^ _115_/CLK (sky130_fd_sc_hd__dfrtp_1)
                                 -0.250000    3.524417   clock uncertainty
                                  0.000000    3.524417   clock reconvergence pessimism
                                  0.192071    3.716488   library recovery time
                                              3.716488   data required time
---------------------------------------------------------------------------------------------
                                              3.716488   data required time
                                             -0.902784   data arrival time
---------------------------------------------------------------------------------------------
                                              2.813704   slack (MET)


Startpoint: resetn (input port clocked by clk)
Endpoint: _111_ (recovery check against rising-edge clock clk)
Path Group: asynchronous
Path Type: max

Fanout         Cap        Slew       Delay        Time   Description
---------------------------------------------------------------------------------------------
                                  0.000000    0.000000   clock clk (rise edge)
                                  0.000000    0.000000   clock network delay (propagated)
                                  0.700000    0.700000 ^ input external delay
     1    0.002269    0.018055    0.008437    0.708437 ^ resetn (in)
                                                         resetn (net)
                      0.018055    0.000000    0.708437 ^ input11/A (sky130_fd_sc_hd__buf_2)
     8    0.036091    0.178492    0.194056    0.902493 ^ input11/X (sky130_fd_sc_hd__buf_2)
                                                         net11 (net)
                      0.178541    0.000274    0.902768 ^ _111_/RESET_B (sky130_fd_sc_hd__dfrtp_1)
                                              0.902768   data arrival time

                                  3.500000    3.500000   clock clk (rise edge)
                                  0.000000    3.500000   clock source latency
     1    0.010260    0.052569    0.034846    3.534846 ^ clk (in)
                                                         clk (net)
                      0.052570    0.000000    3.534846 ^ clkbuf_0_clk/A (sky130_fd_sc_hd__clkbuf_16)
     2    0.017417    0.039645    0.125751    3.660597 ^ clkbuf_0_clk/X (sky130_fd_sc_hd__clkbuf_16)
                                                         clknet_0_clk (net)
                      0.039645    0.000037    3.660634 ^ clkbuf_1_1__f_clk/A (sky130_fd_sc_hd__clkbuf_16)
     4    0.009823    0.033180    0.113768    3.774402 ^ clkbuf_1_1__f_clk/X (sky130_fd_sc_hd__clkbuf_16)
                                                         clknet_1_1__leaf_clk (net)
                      0.033180    0.000024    3.774426 ^ _111_/CLK (sky130_fd_sc_hd__dfrtp_1)
                                 -0.250000    3.524426   clock uncertainty
                                  0.000000    3.524426   clock reconvergence pessimism
                                  0.192071    3.716497   library recovery time
                                              3.716497   data required time
---------------------------------------------------------------------------------------------
                                              3.716497   data required time
                                             -0.902768   data arrival time
---------------------------------------------------------------------------------------------
                                              2.813729   slack (MET)


Startpoint: resetn (input port clocked by clk)
Endpoint: _114_ (recovery check against rising-edge clock clk)
Path Group: asynchronous
Path Type: max

Fanout         Cap        Slew       Delay        Time   Description
---------------------------------------------------------------------------------------------
                                  0.000000    0.000000   clock clk (rise edge)
                                  0.000000    0.000000   clock network delay (propagated)
                                  0.700000    0.700000 ^ input external delay
     1    0.002269    0.018055    0.008437    0.708437 ^ resetn (in)
                                                         resetn (net)
                      0.018055    0.000000    0.708437 ^ input11/A (sky130_fd_sc_hd__buf_2)
     8    0.036091    0.178492    0.194056    0.902493 ^ input11/X (sky130_fd_sc_hd__buf_2)
                                                         net11 (net)
                      0.178541    0.000251    0.902744 ^ _114_/RESET_B (sky130_fd_sc_hd__dfrtp_1)
                                              0.902744   data arrival time

                                  3.500000    3.500000   clock clk (rise edge)
                                  0.000000    3.500000   clock source latency
     1    0.010260    0.052569    0.034846    3.534846 ^ clk (in)
                                                         clk (net)
                      0.052570    0.000000    3.534846 ^ clkbuf_0_clk/A (sky130_fd_sc_hd__clkbuf_16)
     2    0.017417    0.039645    0.125751    3.660597 ^ clkbuf_0_clk/X (sky130_fd_sc_hd__clkbuf_16)
                                                         clknet_0_clk (net)
                      0.039645    0.000037    3.660634 ^ clkbuf_1_1__f_clk/A (sky130_fd_sc_hd__clkbuf_16)
     4    0.009823    0.033180    0.113768    3.774402 ^ clkbuf_1_1__f_clk/X (sky130_fd_sc_hd__clkbuf_16)
                                                         clknet_1_1__leaf_clk (net)
                      0.033180    0.000012    3.774415 ^ _114_/CLK (sky130_fd_sc_hd__dfrtp_1)
                                 -0.250000    3.524415   clock uncertainty
                                  0.000000    3.524415   clock reconvergence pessimism
                                  0.192071    3.716486   library recovery time
                                              3.716486   data required time
---------------------------------------------------------------------------------------------
                                              3.716486   data required time
                                             -0.902744   data arrival time
---------------------------------------------------------------------------------------------
                                              2.813741   slack (MET)


Startpoint: resetn (input port clocked by clk)
Endpoint: _113_ (recovery check against rising-edge clock clk)
Path Group: asynchronous
Path Type: max

Fanout         Cap        Slew       Delay        Time   Description
---------------------------------------------------------------------------------------------
                                  0.000000    0.000000   clock clk (rise edge)
                                  0.000000    0.000000   clock network delay (propagated)
                                  0.700000    0.700000 ^ input external delay
     1    0.002269    0.018055    0.008437    0.708437 ^ resetn (in)
                                                         resetn (net)
                      0.018055    0.000000    0.708437 ^ input11/A (sky130_fd_sc_hd__buf_2)
     8    0.036091    0.178492    0.194056    0.902493 ^ input11/X (sky130_fd_sc_hd__buf_2)
                                                         net11 (net)
                      0.178541    0.000196    0.902689 ^ _113_/RESET_B (sky130_fd_sc_hd__dfrtp_1)
                                              0.902689   data arrival time

                                  3.500000    3.500000   clock clk (rise edge)
                                  0.000000    3.500000   clock source latency
     1    0.010260    0.052569    0.034846    3.534846 ^ clk (in)
                                                         clk (net)
                      0.052570    0.000000    3.534846 ^ clkbuf_0_clk/A (sky130_fd_sc_hd__clkbuf_16)
     2    0.017417    0.039645    0.125751    3.660597 ^ clkbuf_0_clk/X (sky130_fd_sc_hd__clkbuf_16)
                                                         clknet_0_clk (net)
                      0.039645    0.000037    3.660634 ^ clkbuf_1_1__f_clk/A (sky130_fd_sc_hd__clkbuf_16)
     4    0.009823    0.033180    0.113768    3.774402 ^ clkbuf_1_1__f_clk/X (sky130_fd_sc_hd__clkbuf_16)
                                                         clknet_1_1__leaf_clk (net)
                      0.033180    0.000008    3.774410 ^ _113_/CLK (sky130_fd_sc_hd__dfrtp_1)
                                 -0.250000    3.524410   clock uncertainty
                                  0.000000    3.524410   clock reconvergence pessimism
                                  0.192071    3.716481   library recovery time
                                              3.716481   data required time
---------------------------------------------------------------------------------------------
                                              3.716481   data required time
                                             -0.902689   data arrival time
---------------------------------------------------------------------------------------------
                                              2.813792   slack (MET)


Startpoint: resetn (input port clocked by clk)
Endpoint: _112_ (recovery check against rising-edge clock clk)
Path Group: asynchronous
Path Type: max

Fanout         Cap        Slew       Delay        Time   Description
---------------------------------------------------------------------------------------------
                                  0.000000    0.000000   clock clk (rise edge)
                                  0.000000    0.000000   clock network delay (propagated)
                                  0.700000    0.700000 ^ input external delay
     1    0.002269    0.018055    0.008437    0.708437 ^ resetn (in)
                                                         resetn (net)
                      0.018055    0.000000    0.708437 ^ input11/A (sky130_fd_sc_hd__buf_2)
     8    0.036091    0.178492    0.194056    0.902493 ^ input11/X (sky130_fd_sc_hd__buf_2)
                                                         net11 (net)
                      0.178492    0.000085    0.902579 ^ _112_/RESET_B (sky130_fd_sc_hd__dfrtp_1)
                                              0.902579   data arrival time

                                  3.500000    3.500000   clock clk (rise edge)
                                  0.000000    3.500000   clock source latency
     1    0.010260    0.052569    0.034846    3.534846 ^ clk (in)
                                                         clk (net)
                      0.052570    0.000000    3.534846 ^ clkbuf_0_clk/A (sky130_fd_sc_hd__clkbuf_16)
     2    0.017417    0.039645    0.125751    3.660597 ^ clkbuf_0_clk/X (sky130_fd_sc_hd__clkbuf_16)
                                                         clknet_0_clk (net)
                      0.039645    0.000053    3.660650 ^ clkbuf_1_0__f_clk/A (sky130_fd_sc_hd__clkbuf_16)
     5    0.011920    0.034970    0.115780    3.776430 ^ clkbuf_1_0__f_clk/X (sky130_fd_sc_hd__clkbuf_16)
                                                         clknet_1_0__leaf_clk (net)
                      0.034970    0.000007    3.776437 ^ _112_/CLK (sky130_fd_sc_hd__dfrtp_1)
                                 -0.250000    3.526437   clock uncertainty
                                  0.000000    3.526437   clock reconvergence pessimism
                                  0.192642    3.719079   library recovery time
                                              3.719079   data required time
---------------------------------------------------------------------------------------------
                                              3.719079   data required time
                                             -0.902579   data arrival time
---------------------------------------------------------------------------------------------
                                              2.816500   slack (MET)


Startpoint: resetn (input port clocked by clk)
Endpoint: _109_ (recovery check against rising-edge clock clk)
Path Group: asynchronous
Path Type: max

Fanout         Cap        Slew       Delay        Time   Description
---------------------------------------------------------------------------------------------
                                  0.000000    0.000000   clock clk (rise edge)
                                  0.000000    0.000000   clock network delay (propagated)
                                  0.700000    0.700000 ^ input external delay
     1    0.002269    0.018055    0.008437    0.708437 ^ resetn (in)
                                                         resetn (net)
                      0.018055    0.000000    0.708437 ^ input11/A (sky130_fd_sc_hd__buf_2)
     8    0.036091    0.178492    0.194056    0.902493 ^ input11/X (sky130_fd_sc_hd__buf_2)
                                                         net11 (net)
                      0.178492    0.000099    0.902592 ^ _109_/RESET_B (sky130_fd_sc_hd__dfrtp_1)
                                              0.902592   data arrival time

                                  3.500000    3.500000   clock clk (rise edge)
                                  0.000000    3.500000   clock source latency
     1    0.010260    0.052569    0.034846    3.534846 ^ clk (in)
                                                         clk (net)
                      0.052570    0.000000    3.534846 ^ clkbuf_0_clk/A (sky130_fd_sc_hd__clkbuf_16)
     2    0.017417    0.039645    0.125751    3.660597 ^ clkbuf_0_clk/X (sky130_fd_sc_hd__clkbuf_16)
                                                         clknet_0_clk (net)
                      0.039645    0.000053    3.660650 ^ clkbuf_1_0__f_clk/A (sky130_fd_sc_hd__clkbuf_16)
     5    0.011920    0.034970    0.115780    3.776430 ^ clkbuf_1_0__f_clk/X (sky130_fd_sc_hd__clkbuf_16)
                                                         clknet_1_0__leaf_clk (net)
                      0.034970    0.000032    3.776462 ^ _109_/CLK (sky130_fd_sc_hd__dfrtp_1)
                                 -0.250000    3.526462   clock uncertainty
                                  0.000000    3.526462   clock reconvergence pessimism
                                  0.192642    3.719104   library recovery time
                                              3.719104   data required time
---------------------------------------------------------------------------------------------
                                              3.719104   data required time
                                             -0.902592   data arrival time
---------------------------------------------------------------------------------------------
                                              2.816512   slack (MET)


Startpoint: resetn (input port clocked by clk)
Endpoint: _108_ (recovery check against rising-edge clock clk)
Path Group: asynchronous
Path Type: max

Fanout         Cap        Slew       Delay        Time   Description
---------------------------------------------------------------------------------------------
                                  0.000000    0.000000   clock clk (rise edge)
                                  0.000000    0.000000   clock network delay (propagated)
                                  0.700000    0.700000 ^ input external delay
     1    0.002269    0.018055    0.008437    0.708437 ^ resetn (in)
                                                         resetn (net)
                      0.018055    0.000000    0.708437 ^ input11/A (sky130_fd_sc_hd__buf_2)
     8    0.036091    0.178492    0.194056    0.902493 ^ input11/X (sky130_fd_sc_hd__buf_2)
                                                         net11 (net)
                      0.178492    0.000041    0.902534 ^ _108_/RESET_B (sky130_fd_sc_hd__dfrtp_1)
                                              0.902534   data arrival time

                                  3.500000    3.500000   clock clk (rise edge)
                                  0.000000    3.500000   clock source latency
     1    0.010260    0.052569    0.034846    3.534846 ^ clk (in)
                                                         clk (net)
                      0.052570    0.000000    3.534846 ^ clkbuf_0_clk/A (sky130_fd_sc_hd__clkbuf_16)
     2    0.017417    0.039645    0.125751    3.660597 ^ clkbuf_0_clk/X (sky130_fd_sc_hd__clkbuf_16)
                                                         clknet_0_clk (net)
                      0.039645    0.000053    3.660650 ^ clkbuf_1_0__f_clk/A (sky130_fd_sc_hd__clkbuf_16)
     5    0.011920    0.034970    0.115780    3.776430 ^ clkbuf_1_0__f_clk/X (sky130_fd_sc_hd__clkbuf_16)
                                                         clknet_1_0__leaf_clk (net)
                      0.034970    0.000014    3.776444 ^ _108_/CLK (sky130_fd_sc_hd__dfrtp_1)
                                 -0.250000    3.526444   clock uncertainty
                                  0.000000    3.526444   clock reconvergence pessimism
                                  0.192642    3.719086   library recovery time
                                              3.719086   data required time
---------------------------------------------------------------------------------------------
                                              3.719086   data required time
                                             -0.902534   data arrival time
---------------------------------------------------------------------------------------------
                                              2.816552   slack (MET)



