
===========================================================================
report_checks -path_delay min (Hold)
============================================================================
======================= min_ff_n40C_1v95 Corner ===================================

Startpoint: _108_ (rising edge-triggered flip-flop clocked by clk)
Endpoint: _108_ (rising edge-triggered flip-flop clocked by clk)
Path Group: clk
Path Type: min

Fanout         Cap        Slew       Delay        Time   Description
---------------------------------------------------------------------------------------------
                                  0.000000    0.000000   clock clk (rise edge)
                                  0.000000    0.000000   clock source latency
     1    0.011503    0.000000    0.000000    0.000000 ^ clk (in)
                                                         clk (net)
                      0.000174    0.000087    0.000087 ^ clkbuf_0_clk/A (sky130_fd_sc_hd__clkbuf_16)
     2    0.018917    0.030406    0.075315    0.075402 ^ clkbuf_0_clk/X (sky130_fd_sc_hd__clkbuf_16)
                                                         clknet_0_clk (net)
                      0.030407    0.000186    0.075588 ^ clkbuf_1_0__f_clk/A (sky130_fd_sc_hd__clkbuf_16)
     5    0.014733    0.027660    0.080728    0.156316 ^ clkbuf_1_0__f_clk/X (sky130_fd_sc_hd__clkbuf_16)
                                                         clknet_1_0__leaf_clk (net)
                      0.027660    0.000119    0.156435 ^ _108_/CLK (sky130_fd_sc_hd__dfrtp_1)
     3    0.012229    0.087824    0.241359    0.397794 ^ _108_/Q (sky130_fd_sc_hd__dfrtp_1)
                                                         net13 (net)
                      0.087824    0.000165    0.397959 ^ _060_/A1 (sky130_fd_sc_hd__a21oi_1)
     1    0.003107    0.017130    0.041531    0.439490 v _060_/Y (sky130_fd_sc_hd__a21oi_1)
                                                         _000_ (net)
                      0.017130    0.000038    0.439527 v _108_/D (sky130_fd_sc_hd__dfrtp_1)
                                              0.439527   data arrival time

                                  0.000000    0.000000   clock clk (rise edge)
                                  0.000000    0.000000   clock source latency
     1    0.011503    0.000000    0.000000    0.000000 ^ clk (in)
                                                         clk (net)
                      0.000174    0.000087    0.000087 ^ clkbuf_0_clk/A (sky130_fd_sc_hd__clkbuf_16)
     2    0.018917    0.030406    0.075315    0.075402 ^ clkbuf_0_clk/X (sky130_fd_sc_hd__clkbuf_16)
                                                         clknet_0_clk (net)
                      0.030407    0.000186    0.075588 ^ clkbuf_1_0__f_clk/A (sky130_fd_sc_hd__clkbuf_16)
     5    0.014733    0.027660    0.080728    0.156316 ^ clkbuf_1_0__f_clk/X (sky130_fd_sc_hd__clkbuf_16)
                                                         clknet_1_0__leaf_clk (net)
                      0.027660    0.000119    0.156435 ^ _108_/CLK (sky130_fd_sc_hd__dfrtp_1)
                                  0.000000    0.156435   clock reconvergence pessimism
                                 -0.027877    0.128557   library hold time
                                              0.128557   data required time
---------------------------------------------------------------------------------------------
                                              0.128557   data required time
                                             -0.439527   data arrival time
---------------------------------------------------------------------------------------------
                                              0.310970   slack (MET)


Startpoint: _111_ (rising edge-triggered flip-flop clocked by clk)
Endpoint: _111_ (rising edge-triggered flip-flop clocked by clk)
Path Group: clk
Path Type: min

Fanout         Cap        Slew       Delay        Time   Description
---------------------------------------------------------------------------------------------
                                  0.000000    0.000000   clock clk (rise edge)
                                  0.000000    0.000000   clock source latency
     1    0.011503    0.000000    0.000000    0.000000 ^ clk (in)
                                                         clk (net)
                      0.000174    0.000087    0.000087 ^ clkbuf_0_clk/A (sky130_fd_sc_hd__clkbuf_16)
     2    0.018917    0.030406    0.075315    0.075402 ^ clkbuf_0_clk/X (sky130_fd_sc_hd__clkbuf_16)
                                                         clknet_0_clk (net)
                      0.030407    0.000171    0.075574 ^ clkbuf_1_1__f_clk/A (sky130_fd_sc_hd__clkbuf_16)
     4    0.011500    0.025518    0.078531    0.154105 ^ clkbuf_1_1__f_clk/X (sky130_fd_sc_hd__clkbuf_16)
                                                         clknet_1_1__leaf_clk (net)
                      0.025518    0.000078    0.154183 ^ _111_/CLK (sky130_fd_sc_hd__dfrtp_1)
     4    0.014595    0.102795    0.251450    0.405633 ^ _111_/Q (sky130_fd_sc_hd__dfrtp_1)
                                                         net16 (net)
                      0.102795    0.000190    0.405823 ^ _078_/B2 (sky130_fd_sc_hd__a221o_1)
     1    0.002375    0.025649    0.085848    0.491671 ^ _078_/X (sky130_fd_sc_hd__a221o_1)
                                                         _003_ (net)
                      0.025649    0.000021    0.491691 ^ _111_/D (sky130_fd_sc_hd__dfrtp_1)
                                              0.491691   data arrival time

                                  0.000000    0.000000   clock clk (rise edge)
                                  0.000000    0.000000   clock source latency
     1    0.011503    0.000000    0.000000    0.000000 ^ clk (in)
                                                         clk (net)
                      0.000174    0.000087    0.000087 ^ clkbuf_0_clk/A (sky130_fd_sc_hd__clkbuf_16)
     2    0.018917    0.030406    0.075315    0.075402 ^ clkbuf_0_clk/X (sky130_fd_sc_hd__clkbuf_16)
                                                         clknet_0_clk (net)
                      0.030407    0.000171    0.075574 ^ clkbuf_1_1__f_clk/A (sky130_fd_sc_hd__clkbuf_16)
     4    0.011500    0.025518    0.078531    0.154105 ^ clkbuf_1_1__f_clk/X (sky130_fd_sc_hd__clkbuf_16)
                                                         clknet_1_1__leaf_clk (net)
                      0.025518    0.000078    0.154183 ^ _111_/CLK (sky130_fd_sc_hd__dfrtp_1)
                                  0.000000    0.154183   clock reconvergence pessimism
                                 -0.019531    0.134651   library hold time
                                              0.134651   data required time
---------------------------------------------------------------------------------------------
                                              0.134651   data required time
                                             -0.491691   data arrival time
---------------------------------------------------------------------------------------------
                                              0.357040   slack (MET)


Startpoint: _114_ (rising edge-triggered flip-flop clocked by clk)
Endpoint: _114_ (rising edge-triggered flip-flop clocked by clk)
Path Group: clk
Path Type: min

Fanout         Cap        Slew       Delay        Time   Description
---------------------------------------------------------------------------------------------
                                  0.000000    0.000000   clock clk (rise edge)
                                  0.000000    0.000000   clock source latency
     1    0.011503    0.000000    0.000000    0.000000 ^ clk (in)
                                                         clk (net)
                      0.000174    0.000087    0.000087 ^ clkbuf_0_clk/A (sky130_fd_sc_hd__clkbuf_16)
     2    0.018917    0.030406    0.075315    0.075402 ^ clkbuf_0_clk/X (sky130_fd_sc_hd__clkbuf_16)
                                                         clknet_0_clk (net)
                      0.030407    0.000171    0.075574 ^ clkbuf_1_1__f_clk/A (sky130_fd_sc_hd__clkbuf_16)
     4    0.011500    0.025518    0.078531    0.154105 ^ clkbuf_1_1__f_clk/X (sky130_fd_sc_hd__clkbuf_16)
                                                         clknet_1_1__leaf_clk (net)
                      0.025518    0.000060    0.154165 ^ _114_/CLK (sky130_fd_sc_hd__dfrtp_1)
     4    0.010560    0.077413    0.233129    0.387293 ^ _114_/Q (sky130_fd_sc_hd__dfrtp_1)
                                                         net19 (net)
                      0.077413    0.000118    0.387411 ^ _101_/B2 (sky130_fd_sc_hd__a22o_1)
     1    0.002731    0.029382    0.074355    0.461767 ^ _101_/X (sky130_fd_sc_hd__a22o_1)
                                                         _049_ (net)
                      0.029382    0.000012    0.461778 ^ _102_/B1 (sky130_fd_sc_hd__a31o_1)
     1    0.002861    0.027653    0.050806    0.512584 ^ _102_/X (sky130_fd_sc_hd__a31o_1)
                                                         _006_ (net)
                      0.027653    0.000030    0.512614 ^ _114_/D (sky130_fd_sc_hd__dfrtp_1)
                                              0.512614   data arrival time

                                  0.000000    0.000000   clock clk (rise edge)
                                  0.000000    0.000000   clock source latency
     1    0.011503    0.000000    0.000000    0.000000 ^ clk (in)
                                                         clk (net)
                      0.000174    0.000087    0.000087 ^ clkbuf_0_clk/A (sky130_fd_sc_hd__clkbuf_16)
     2    0.018917    0.030406    0.075315    0.075402 ^ clkbuf_0_clk/X (sky130_fd_sc_hd__clkbuf_16)
                                                         clknet_0_clk (net)
                      0.030407    0.000171    0.075574 ^ clkbuf_1_1__f_clk/A (sky130_fd_sc_hd__clkbuf_16)
     4    0.011500    0.025518    0.078531    0.154105 ^ clkbuf_1_1__f_clk/X (sky130_fd_sc_hd__clkbuf_16)
                                                         clknet_1_1__leaf_clk (net)
                      0.025518    0.000060    0.154165 ^ _114_/CLK (sky130_fd_sc_hd__dfrtp_1)
                                  0.000000    0.154165   clock reconvergence pessimism
                                 -0.019683    0.134482   library hold time
                                              0.134482   data required time
---------------------------------------------------------------------------------------------
                                              0.134482   data required time
                                             -0.512614   data arrival time
---------------------------------------------------------------------------------------------
                                              0.378132   slack (MET)


Startpoint: _115_ (rising edge-triggered flip-flop clocked by clk)
Endpoint: _115_ (rising edge-triggered flip-flop clocked by clk)
Path Group: clk
Path Type: min

Fanout         Cap        Slew       Delay        Time   Description
---------------------------------------------------------------------------------------------
                                  0.000000    0.000000   clock clk (rise edge)
                                  0.000000    0.000000   clock source latency
     1    0.011503    0.000000    0.000000    0.000000 ^ clk (in)
                                                         clk (net)
                      0.000174    0.000087    0.000087 ^ clkbuf_0_clk/A (sky130_fd_sc_hd__clkbuf_16)
     2    0.018917    0.030406    0.075315    0.075402 ^ clkbuf_0_clk/X (sky130_fd_sc_hd__clkbuf_16)
                                                         clknet_0_clk (net)
                      0.030407    0.000171    0.075574 ^ clkbuf_1_1__f_clk/A (sky130_fd_sc_hd__clkbuf_16)
     4    0.011500    0.025518    0.078531    0.154105 ^ clkbuf_1_1__f_clk/X (sky130_fd_sc_hd__clkbuf_16)
                                                         clknet_1_1__leaf_clk (net)
                      0.025518    0.000049    0.154154 ^ _115_/CLK (sky130_fd_sc_hd__dfrtp_1)
     3    0.010927    0.079567    0.234879    0.389033 ^ _115_/Q (sky130_fd_sc_hd__dfrtp_1)
                                                         net20 (net)
                      0.079567    0.000068    0.389101 ^ _106_/B2 (sky130_fd_sc_hd__a22o_1)
     1    0.003406    0.033618    0.078321    0.467421 ^ _106_/X (sky130_fd_sc_hd__a22o_1)
                                                         _053_ (net)
                      0.033618    0.000036    0.467457 ^ _107_/B1 (sky130_fd_sc_hd__a21o_1)
     1    0.002658    0.024440    0.045940    0.513397 ^ _107_/X (sky130_fd_sc_hd__a21o_1)
                                                         _007_ (net)
                      0.024440    0.000025    0.513422 ^ _115_/D (sky130_fd_sc_hd__dfrtp_1)
                                              0.513422   data arrival time

                                  0.000000    0.000000   clock clk (rise edge)
                                  0.000000    0.000000   clock source latency
     1    0.011503    0.000000    0.000000    0.000000 ^ clk (in)
                                                         clk (net)
                      0.000174    0.000087    0.000087 ^ clkbuf_0_clk/A (sky130_fd_sc_hd__clkbuf_16)
     2    0.018917    0.030406    0.075315    0.075402 ^ clkbuf_0_clk/X (sky130_fd_sc_hd__clkbuf_16)
                                                         clknet_0_clk (net)
                      0.030407    0.000171    0.075574 ^ clkbuf_1_1__f_clk/A (sky130_fd_sc_hd__clkbuf_16)
     4    0.011500    0.025518    0.078531    0.154105 ^ clkbuf_1_1__f_clk/X (sky130_fd_sc_hd__clkbuf_16)
                                                         clknet_1_1__leaf_clk (net)
                      0.025518    0.000049    0.154154 ^ _115_/CLK (sky130_fd_sc_hd__dfrtp_1)
                                  0.000000    0.154154   clock reconvergence pessimism
                                 -0.019440    0.134714   library hold time
                                              0.134714   data required time
---------------------------------------------------------------------------------------------
                                              0.134714   data required time
                                             -0.513422   data arrival time
---------------------------------------------------------------------------------------------
                                              0.378708   slack (MET)


Startpoint: _108_ (rising edge-triggered flip-flop clocked by clk)
Endpoint: _109_ (rising edge-triggered flip-flop clocked by clk)
Path Group: clk
Path Type: min

Fanout         Cap        Slew       Delay        Time   Description
---------------------------------------------------------------------------------------------
                                  0.000000    0.000000   clock clk (rise edge)
                                  0.000000    0.000000   clock source latency
     1    0.011503    0.000000    0.000000    0.000000 ^ clk (in)
                                                         clk (net)
                      0.000174    0.000087    0.000087 ^ clkbuf_0_clk/A (sky130_fd_sc_hd__clkbuf_16)
     2    0.018917    0.030406    0.075315    0.075402 ^ clkbuf_0_clk/X (sky130_fd_sc_hd__clkbuf_16)
                                                         clknet_0_clk (net)
                      0.030407    0.000186    0.075588 ^ clkbuf_1_0__f_clk/A (sky130_fd_sc_hd__clkbuf_16)
     5    0.014733    0.027660    0.080728    0.156316 ^ clkbuf_1_0__f_clk/X (sky130_fd_sc_hd__clkbuf_16)
                                                         clknet_1_0__leaf_clk (net)
                      0.027660    0.000119    0.156435 ^ _108_/CLK (sky130_fd_sc_hd__dfrtp_1)
     3    0.012229    0.087824    0.241359    0.397794 ^ _108_/Q (sky130_fd_sc_hd__dfrtp_1)
                                                         net13 (net)
                      0.087824    0.000243    0.398036 ^ _054_/A (sky130_fd_sc_hd__inv_2)
     4    0.011675    0.034423    0.034195    0.432231 v _054_/Y (sky130_fd_sc_hd__inv_2)
                                                         _008_ (net)
                      0.034423    0.000106    0.432337 v _063_/A (sky130_fd_sc_hd__nand2_1)
     1    0.003399    0.031816    0.041376    0.473713 ^ _063_/Y (sky130_fd_sc_hd__nand2_1)
                                                         _016_ (net)
                      0.031816    0.000036    0.473750 ^ _066_/A1 (sky130_fd_sc_hd__a21o_1)
     1    0.002456    0.023249    0.059348    0.533097 ^ _066_/X (sky130_fd_sc_hd__a21o_1)
                                                         _001_ (net)
                      0.023249    0.000022    0.533119 ^ _109_/D (sky130_fd_sc_hd__dfrtp_1)
                                              0.533119   data arrival time

                                  0.000000    0.000000   clock clk (rise edge)
                                  0.000000    0.000000   clock source latency
     1    0.011503    0.000000    0.000000    0.000000 ^ clk (in)
                                                         clk (net)
                      0.000174    0.000087    0.000087 ^ clkbuf_0_clk/A (sky130_fd_sc_hd__clkbuf_16)
     2    0.018917    0.030406    0.075315    0.075402 ^ clkbuf_0_clk/X (sky130_fd_sc_hd__clkbuf_16)
                                                         clknet_0_clk (net)
                      0.030407    0.000186    0.075588 ^ clkbuf_1_0__f_clk/A (sky130_fd_sc_hd__clkbuf_16)
     5    0.014733    0.027660    0.080728    0.156316 ^ clkbuf_1_0__f_clk/X (sky130_fd_sc_hd__clkbuf_16)
                                                         clknet_1_0__leaf_clk (net)
                      0.027660    0.000170    0.156486 ^ _109_/CLK (sky130_fd_sc_hd__dfrtp_1)
                                  0.000000    0.156486   clock reconvergence pessimism
                                 -0.019293    0.137193   library hold time
                                              0.137193   data required time
---------------------------------------------------------------------------------------------
                                              0.137193   data required time
                                             -0.533119   data arrival time
---------------------------------------------------------------------------------------------
                                              0.395926   slack (MET)


Startpoint: _110_ (rising edge-triggered flip-flop clocked by clk)
Endpoint: _110_ (rising edge-triggered flip-flop clocked by clk)
Path Group: clk
Path Type: min

Fanout         Cap        Slew       Delay        Time   Description
---------------------------------------------------------------------------------------------
                                  0.000000    0.000000   clock clk (rise edge)
                                  0.000000    0.000000   clock source latency
     1    0.011503    0.000000    0.000000    0.000000 ^ clk (in)
                                                         clk (net)
                      0.000174    0.000087    0.000087 ^ clkbuf_0_clk/A (sky130_fd_sc_hd__clkbuf_16)
     2    0.018917    0.030406    0.075315    0.075402 ^ clkbuf_0_clk/X (sky130_fd_sc_hd__clkbuf_16)
                                                         clknet_0_clk (net)
                      0.030407    0.000186    0.075588 ^ clkbuf_1_0__f_clk/A (sky130_fd_sc_hd__clkbuf_16)
     5    0.014733    0.027660    0.080728    0.156316 ^ clkbuf_1_0__f_clk/X (sky130_fd_sc_hd__clkbuf_16)
                                                         clknet_1_0__leaf_clk (net)
                      0.027660    0.000193    0.156509 ^ _110_/CLK (sky130_fd_sc_hd__dfrtp_2)
     5    0.020022    0.080616    0.254257    0.410766 ^ _110_/Q (sky130_fd_sc_hd__dfrtp_2)
                                                         net15 (net)
                      0.080616    0.000117    0.410883 ^ _071_/B2 (sky130_fd_sc_hd__a22o_1)
     1    0.003134    0.031939    0.076994    0.487877 ^ _071_/X (sky130_fd_sc_hd__a22o_1)
                                                         _023_ (net)
                      0.031939    0.000032    0.487909 ^ _072_/B1 (sky130_fd_sc_hd__a31o_1)
     1    0.002534    0.025544    0.049652    0.537561 ^ _072_/X (sky130_fd_sc_hd__a31o_1)
                                                         _002_ (net)
                      0.025544    0.000023    0.537583 ^ _110_/D (sky130_fd_sc_hd__dfrtp_2)
                                              0.537583   data arrival time

                                  0.000000    0.000000   clock clk (rise edge)
                                  0.000000    0.000000   clock source latency
     1    0.011503    0.000000    0.000000    0.000000 ^ clk (in)
                                                         clk (net)
                      0.000174    0.000087    0.000087 ^ clkbuf_0_clk/A (sky130_fd_sc_hd__clkbuf_16)
     2    0.018917    0.030406    0.075315    0.075402 ^ clkbuf_0_clk/X (sky130_fd_sc_hd__clkbuf_16)
                                                         clknet_0_clk (net)
                      0.030407    0.000186    0.075588 ^ clkbuf_1_0__f_clk/A (sky130_fd_sc_hd__clkbuf_16)
     5    0.014733    0.027660    0.080728    0.156316 ^ clkbuf_1_0__f_clk/X (sky130_fd_sc_hd__clkbuf_16)
                                                         clknet_1_0__leaf_clk (net)
                      0.027660    0.000193    0.156509 ^ _110_/CLK (sky130_fd_sc_hd__dfrtp_2)
                                  0.000000    0.156509   clock reconvergence pessimism
                                 -0.019430    0.137079   library hold time
                                              0.137079   data required time
---------------------------------------------------------------------------------------------
                                              0.137079   data required time
                                             -0.537583   data arrival time
---------------------------------------------------------------------------------------------
                                              0.400504   slack (MET)


Startpoint: _112_ (rising edge-triggered flip-flop clocked by clk)
Endpoint: _112_ (rising edge-triggered flip-flop clocked by clk)
Path Group: clk
Path Type: min

Fanout         Cap        Slew       Delay        Time   Description
---------------------------------------------------------------------------------------------
                                  0.000000    0.000000   clock clk (rise edge)
                                  0.000000    0.000000   clock source latency
     1    0.011503    0.000000    0.000000    0.000000 ^ clk (in)
                                                         clk (net)
                      0.000174    0.000087    0.000087 ^ clkbuf_0_clk/A (sky130_fd_sc_hd__clkbuf_16)
     2    0.018917    0.030406    0.075315    0.075402 ^ clkbuf_0_clk/X (sky130_fd_sc_hd__clkbuf_16)
                                                         clknet_0_clk (net)
                      0.030407    0.000186    0.075588 ^ clkbuf_1_0__f_clk/A (sky130_fd_sc_hd__clkbuf_16)
     5    0.014733    0.027660    0.080728    0.156316 ^ clkbuf_1_0__f_clk/X (sky130_fd_sc_hd__clkbuf_16)
                                                         clknet_1_0__leaf_clk (net)
                      0.027660    0.000213    0.156529 ^ _112_/CLK (sky130_fd_sc_hd__dfrtp_1)
     5    0.015445    0.108192    0.255921    0.412449 ^ _112_/Q (sky130_fd_sc_hd__dfrtp_1)
                                                         net17 (net)
                      0.108192    0.000186    0.412636 ^ _086_/B2 (sky130_fd_sc_hd__a22o_1)
     1    0.002915    0.031034    0.079764    0.492399 ^ _086_/X (sky130_fd_sc_hd__a22o_1)
                                                         _036_ (net)
                      0.031034    0.000026    0.492425 ^ _087_/B1 (sky130_fd_sc_hd__a31o_1)
     1    0.002708    0.026666    0.050357    0.542782 ^ _087_/X (sky130_fd_sc_hd__a31o_1)
                                                         _004_ (net)
                      0.026666    0.000026    0.542807 ^ _112_/D (sky130_fd_sc_hd__dfrtp_1)
                                              0.542807   data arrival time

                                  0.000000    0.000000   clock clk (rise edge)
                                  0.000000    0.000000   clock source latency
     1    0.011503    0.000000    0.000000    0.000000 ^ clk (in)
                                                         clk (net)
                      0.000174    0.000087    0.000087 ^ clkbuf_0_clk/A (sky130_fd_sc_hd__clkbuf_16)
     2    0.018917    0.030406    0.075315    0.075402 ^ clkbuf_0_clk/X (sky130_fd_sc_hd__clkbuf_16)
                                                         clknet_0_clk (net)
                      0.030407    0.000186    0.075588 ^ clkbuf_1_0__f_clk/A (sky130_fd_sc_hd__clkbuf_16)
     5    0.014733    0.027660    0.080728    0.156316 ^ clkbuf_1_0__f_clk/X (sky130_fd_sc_hd__clkbuf_16)
                                                         clknet_1_0__leaf_clk (net)
                      0.027660    0.000213    0.156529 ^ _112_/CLK (sky130_fd_sc_hd__dfrtp_1)
                                  0.000000    0.156529   clock reconvergence pessimism
                                 -0.019552    0.136977   library hold time
                                              0.136977   data required time
---------------------------------------------------------------------------------------------
                                              0.136977   data required time
                                             -0.542807   data arrival time
---------------------------------------------------------------------------------------------
                                              0.405830   slack (MET)


Startpoint: _113_ (rising edge-triggered flip-flop clocked by clk)
Endpoint: _113_ (rising edge-triggered flip-flop clocked by clk)
Path Group: clk
Path Type: min

Fanout         Cap        Slew       Delay        Time   Description
---------------------------------------------------------------------------------------------
                                  0.000000    0.000000   clock clk (rise edge)
                                  0.000000    0.000000   clock source latency
     1    0.011503    0.000000    0.000000    0.000000 ^ clk (in)
                                                         clk (net)
                      0.000174    0.000087    0.000087 ^ clkbuf_0_clk/A (sky130_fd_sc_hd__clkbuf_16)
     2    0.018917    0.030406    0.075315    0.075402 ^ clkbuf_0_clk/X (sky130_fd_sc_hd__clkbuf_16)
                                                         clknet_0_clk (net)
                      0.030407    0.000171    0.075574 ^ clkbuf_1_1__f_clk/A (sky130_fd_sc_hd__clkbuf_16)
     4    0.011500    0.025518    0.078531    0.154105 ^ clkbuf_1_1__f_clk/X (sky130_fd_sc_hd__clkbuf_16)
                                                         clknet_1_1__leaf_clk (net)
                      0.025518    0.000087    0.154191 ^ _113_/CLK (sky130_fd_sc_hd__dfrtp_1)
     4    0.016342    0.113878    0.259337    0.413528 ^ _113_/Q (sky130_fd_sc_hd__dfrtp_1)
                                                         net18 (net)
                      0.113878    0.000201    0.413729 ^ _092_/B2 (sky130_fd_sc_hd__a22o_1)
     1    0.003186    0.032781    0.082059    0.495787 ^ _092_/X (sky130_fd_sc_hd__a22o_1)
                                                         _041_ (net)
                      0.032781    0.000033    0.495820 ^ _093_/B1 (sky130_fd_sc_hd__a31o_1)
     1    0.002468    0.025122    0.049487    0.545307 ^ _093_/X (sky130_fd_sc_hd__a31o_1)
                                                         _005_ (net)
                      0.025122    0.000022    0.545329 ^ _113_/D (sky130_fd_sc_hd__dfrtp_1)
                                              0.545329   data arrival time

                                  0.000000    0.000000   clock clk (rise edge)
                                  0.000000    0.000000   clock source latency
     1    0.011503    0.000000    0.000000    0.000000 ^ clk (in)
                                                         clk (net)
                      0.000174    0.000087    0.000087 ^ clkbuf_0_clk/A (sky130_fd_sc_hd__clkbuf_16)
     2    0.018917    0.030406    0.075315    0.075402 ^ clkbuf_0_clk/X (sky130_fd_sc_hd__clkbuf_16)
                                                         clknet_0_clk (net)
                      0.030407    0.000171    0.075574 ^ clkbuf_1_1__f_clk/A (sky130_fd_sc_hd__clkbuf_16)
     4    0.011500    0.025518    0.078531    0.154105 ^ clkbuf_1_1__f_clk/X (sky130_fd_sc_hd__clkbuf_16)
                                                         clknet_1_1__leaf_clk (net)
                      0.025518    0.000087    0.154191 ^ _113_/CLK (sky130_fd_sc_hd__dfrtp_1)
                                  0.000000    0.154191   clock reconvergence pessimism
                                 -0.019491    0.134700   library hold time
                                              0.134700   data required time
---------------------------------------------------------------------------------------------
                                              0.134700   data required time
                                             -0.545329   data arrival time
---------------------------------------------------------------------------------------------
                                              0.410629   slack (MET)



