
===========================================================================
report_checks -unconstrained
===========================================================================
======================= nom_ff_n40C_1v95 Corner ===================================

Startpoint: resetn (input port clocked by clk)
Endpoint: _108_ (recovery check against rising-edge clock clk)
Path Group: asynchronous
Path Type: max

Fanout         Cap        Slew       Delay        Time   Description
---------------------------------------------------------------------------------------------
                      0.150000    0.000000    0.000000   clock clk (rise edge)
                                  0.000000    0.000000   clock network delay (ideal)
                                  0.860000    0.860000 ^ input external delay
     8    0.028936    0.102866    0.069482    0.929482 ^ resetn (in)
                                                         resetn (net)
                      0.102866    0.000000    0.929482 ^ _108_/RESET_B (sky130_fd_sc_hd__dfrtp_2)
                                              0.929482   data arrival time

                      0.150000    4.300000    4.300000   clock clk (rise edge)
                                  0.000000    4.300000   clock network delay (ideal)
                                 -0.250000    4.050000   clock uncertainty
                                  0.000000    4.050000   clock reconvergence pessimism
                                              4.050000 ^ _108_/CLK (sky130_fd_sc_hd__dfrtp_2)
                                  0.133756    4.183756   library recovery time
                                              4.183756   data required time
---------------------------------------------------------------------------------------------
                                              4.183756   data required time
                                             -0.929482   data arrival time
---------------------------------------------------------------------------------------------
                                              3.254274   slack (MET)


Startpoint: up_down (input port clocked by clk)
Endpoint: _115_ (rising edge-triggered flip-flop clocked by clk)
Path Group: clk
Path Type: max

Fanout         Cap        Slew       Delay        Time   Description
---------------------------------------------------------------------------------------------
                      0.150000    0.000000    0.000000   clock clk (rise edge)
                                  0.000000    0.000000   clock network delay (ideal)
                                  0.860000    0.860000 ^ input external delay
    13    0.061322    0.210954    0.144387    1.004387 ^ up_down (in)
                                                         up_down (net)
                      0.210954    0.000000    1.004387 ^ _062_/B (sky130_fd_sc_hd__xor2_2)
     3    0.008755    0.070417    0.062641    1.067028 v _062_/X (sky130_fd_sc_hd__xor2_2)
                                                         _015_ (net)
                      0.070417    0.000000    1.067028 v _067_/A2 (sky130_fd_sc_hd__o21a_2)
     3    0.010075    0.038261    0.147614    1.214642 v _067_/X (sky130_fd_sc_hd__o21a_2)
                                                         _019_ (net)
                      0.038261    0.000000    1.214642 v _080_/A1 (sky130_fd_sc_hd__o31ai_2)
     4    0.011212    0.226770    0.231986    1.446628 ^ _080_/Y (sky130_fd_sc_hd__o31ai_2)
                                                         _030_ (net)
                      0.226770    0.000000    1.446628 ^ _098_/A1 (sky130_fd_sc_hd__a31o_2)
     3    0.011263    0.061565    0.131807    1.578435 ^ _098_/X (sky130_fd_sc_hd__a31o_2)
                                                         _046_ (net)
                      0.061565    0.000000    1.578435 ^ _103_/A2 (sky130_fd_sc_hd__a21oi_2)
     1    0.008271    0.043573    0.043451    1.621886 v _103_/Y (sky130_fd_sc_hd__a21oi_2)
                                                         _050_ (net)
                      0.043573    0.000000    1.621886 v _105_/A (sky130_fd_sc_hd__xnor2_2)
     1    0.002207    0.032474    0.085502    1.707389 v _105_/Y (sky130_fd_sc_hd__xnor2_2)
                                                         _052_ (net)
                      0.032474    0.000000    1.707389 v _107_/A2 (sky130_fd_sc_hd__a21o_2)
     1    0.002059    0.023324    0.126036    1.833425 v _107_/X (sky130_fd_sc_hd__a21o_2)
                                                         _007_ (net)
                      0.023324    0.000000    1.833425 v _115_/D (sky130_fd_sc_hd__dfrtp_2)
                                              1.833425   data arrival time

                      0.150000    4.300000    4.300000   clock clk (rise edge)
                                  0.000000    4.300000   clock network delay (ideal)
                                 -0.250000    4.050000   clock uncertainty
                                  0.000000    4.050000   clock reconvergence pessimism
                                              4.050000 ^ _115_/CLK (sky130_fd_sc_hd__dfrtp_2)
                                 -0.059227    3.990773   library setup time
                                              3.990773   data required time
---------------------------------------------------------------------------------------------
                                              3.990773   data required time
                                             -1.833425   data arrival time
---------------------------------------------------------------------------------------------
                                              2.157348   slack (MET)




===========================================================================
report_checks --slack_max -0.01
============================================================================
======================= nom_ff_n40C_1v95 Corner ===================================

No paths found.


===========================================================================
 report_check_types -max_slew -max_cap -max_fanout -violators
============================================================================
======================= nom_ff_n40C_1v95 Corner ===================================

max fanout

Pin                                   Limit Fanout  Slack
---------------------------------------------------------
up_down                                  10     13     -3 (VIOLATED)



===========================================================================
report_parasitic_annotation -report_unannotated
============================================================================
Found 75 unannotated drivers.
 clk
 data[0]
 data[1]
 data[2]
 data[3]
 data[4]
 data[5]
 data[6]
 data[7]
 enable
 preload
 resetn
 up_down
 _054_/Y
 _055_/Y
 _056_/Y
 _057_/Y
 _058_/X
 _059_/X
 _060_/Y
 _061_/Y
 _062_/X
 _063_/Y
 _064_/X
 _065_/X
 _066_/X
 _067_/X
 _068_/X
 _069_/Y
 _070_/X
 _071_/X
 _072_/X
 _073_/Y
 _074_/Y
 _075_/Y
 _076_/Y
 _077_/Y
 _078_/X
 _079_/Y
 _080_/Y
 _081_/X
 _082_/X
 _083_/Y
 _084_/X
 _085_/Y
 _086_/X
 _087_/X
 _088_/Y
 _089_/X
 _090_/Y
 _091_/X
 _092_/X
 _093_/X
 _094_/X
 _095_/X
 _096_/Y
 _097_/X
 _098_/X
 _099_/Y
 _100_/X
 _101_/X
 _102_/X
 _103_/Y
 _104_/Y
 _105_/Y
 _106_/X
 _107_/X
 _108_/Q
 _109_/Q
 _110_/Q
 _111_/Q
 _112_/Q
 _113_/Q
 _114_/Q
 _115_/Q
Found 0 partially unannotated drivers.

===========================================================================
max slew violation count 0
max fanout violation count 1
max cap violation count 0
============================================================================

===========================================================================
check_setup -verbose -unconstrained_endpoints -multiple_clock -no_clock -no_input_delay -loops -generated_clocks
===========================================================================
