
===========================================================================
report_checks -path_delay max (Setup)
============================================================================
======================= nom_ff_n40C_1v95 Corner ===================================

Startpoint: up_down (input port clocked by clk)
Endpoint: _115_ (rising edge-triggered flip-flop clocked by clk)
Path Group: clk
Path Type: max

Fanout         Cap        Slew       Delay        Time   Description
---------------------------------------------------------------------------------------------
                      0.150000    0.000000    0.000000   clock clk (rise edge)
                                  0.000000    0.000000   clock network delay (ideal)
                                  0.860000    0.860000 ^ input external delay
    13    0.061322    0.210954    0.144387    1.004387 ^ up_down (in)
                                                         up_down (net)
                      0.210954    0.000000    1.004387 ^ _062_/B (sky130_fd_sc_hd__xor2_2)
     3    0.008755    0.070417    0.062641    1.067028 v _062_/X (sky130_fd_sc_hd__xor2_2)
                                                         _015_ (net)
                      0.070417    0.000000    1.067028 v _067_/A2 (sky130_fd_sc_hd__o21a_2)
     3    0.010075    0.038261    0.147614    1.214642 v _067_/X (sky130_fd_sc_hd__o21a_2)
                                                         _019_ (net)
                      0.038261    0.000000    1.214642 v _080_/A1 (sky130_fd_sc_hd__o31ai_2)
     4    0.011212    0.226770    0.231986    1.446628 ^ _080_/Y (sky130_fd_sc_hd__o31ai_2)
                                                         _030_ (net)
                      0.226770    0.000000    1.446628 ^ _098_/A1 (sky130_fd_sc_hd__a31o_2)
     3    0.011263    0.061565    0.131807    1.578435 ^ _098_/X (sky130_fd_sc_hd__a31o_2)
                                                         _046_ (net)
                      0.061565    0.000000    1.578435 ^ _103_/A2 (sky130_fd_sc_hd__a21oi_2)
     1    0.008271    0.043573    0.043451    1.621886 v _103_/Y (sky130_fd_sc_hd__a21oi_2)
                                                         _050_ (net)
                      0.043573    0.000000    1.621886 v _105_/A (sky130_fd_sc_hd__xnor2_2)
     1    0.002207    0.032474    0.085502    1.707389 v _105_/Y (sky130_fd_sc_hd__xnor2_2)
                                                         _052_ (net)
                      0.032474    0.000000    1.707389 v _107_/A2 (sky130_fd_sc_hd__a21o_2)
     1    0.002059    0.023324    0.126036    1.833425 v _107_/X (sky130_fd_sc_hd__a21o_2)
                                                         _007_ (net)
                      0.023324    0.000000    1.833425 v _115_/D (sky130_fd_sc_hd__dfrtp_2)
                                              1.833425   data arrival time

                      0.150000    4.300000    4.300000   clock clk (rise edge)
                                  0.000000    4.300000   clock network delay (ideal)
                                 -0.250000    4.050000   clock uncertainty
                                  0.000000    4.050000   clock reconvergence pessimism
                                              4.050000 ^ _115_/CLK (sky130_fd_sc_hd__dfrtp_2)
                                 -0.059227    3.990773   library setup time
                                              3.990773   data required time
---------------------------------------------------------------------------------------------
                                              3.990773   data required time
                                             -1.833425   data arrival time
---------------------------------------------------------------------------------------------
                                              2.157348   slack (MET)


Startpoint: up_down (input port clocked by clk)
Endpoint: _114_ (rising edge-triggered flip-flop clocked by clk)
Path Group: clk
Path Type: max

Fanout         Cap        Slew       Delay        Time   Description
---------------------------------------------------------------------------------------------
                      0.150000    0.000000    0.000000   clock clk (rise edge)
                                  0.000000    0.000000   clock network delay (ideal)
                                  0.860000    0.860000 ^ input external delay
    13    0.061322    0.210954    0.144387    1.004387 ^ up_down (in)
                                                         up_down (net)
                      0.210954    0.000000    1.004387 ^ _062_/B (sky130_fd_sc_hd__xor2_2)
     3    0.008755    0.070417    0.062641    1.067028 v _062_/X (sky130_fd_sc_hd__xor2_2)
                                                         _015_ (net)
                      0.070417    0.000000    1.067028 v _067_/A2 (sky130_fd_sc_hd__o21a_2)
     3    0.010075    0.038261    0.147614    1.214642 v _067_/X (sky130_fd_sc_hd__o21a_2)
                                                         _019_ (net)
                      0.038261    0.000000    1.214642 v _080_/A1 (sky130_fd_sc_hd__o31ai_2)
     4    0.011212    0.226770    0.231986    1.446628 ^ _080_/Y (sky130_fd_sc_hd__o31ai_2)
                                                         _030_ (net)
                      0.226770    0.000000    1.446628 ^ _098_/A1 (sky130_fd_sc_hd__a31o_2)
     3    0.011263    0.061565    0.131807    1.578435 ^ _098_/X (sky130_fd_sc_hd__a31o_2)
                                                         _046_ (net)
                      0.061565    0.000000    1.578435 ^ _099_/B (sky130_fd_sc_hd__nand2_2)
     1    0.002262    0.027782    0.027154    1.605590 v _099_/Y (sky130_fd_sc_hd__nand2_2)
                                                         _047_ (net)
                      0.027782    0.000000    1.605590 v _102_/A2 (sky130_fd_sc_hd__a31o_2)
     1    0.002059    0.026345    0.136476    1.742066 v _102_/X (sky130_fd_sc_hd__a31o_2)
                                                         _006_ (net)
                      0.026345    0.000000    1.742066 v _114_/D (sky130_fd_sc_hd__dfrtp_2)
                                              1.742066   data arrival time

                      0.150000    4.300000    4.300000   clock clk (rise edge)
                                  0.000000    4.300000   clock network delay (ideal)
                                 -0.250000    4.050000   clock uncertainty
                                  0.000000    4.050000   clock reconvergence pessimism
                                              4.050000 ^ _114_/CLK (sky130_fd_sc_hd__dfrtp_2)
                                 -0.060301    3.989699   library setup time
                                              3.989699   data required time
---------------------------------------------------------------------------------------------
                                              3.989699   data required time
                                             -1.742066   data arrival time
---------------------------------------------------------------------------------------------
                                              2.247633   slack (MET)


Startpoint: up_down (input port clocked by clk)
Endpoint: _113_ (rising edge-triggered flip-flop clocked by clk)
Path Group: clk
Path Type: max

Fanout         Cap        Slew       Delay        Time   Description
---------------------------------------------------------------------------------------------
                      0.150000    0.000000    0.000000   clock clk (rise edge)
                                  0.000000    0.000000   clock network delay (ideal)
                                  0.860000    0.860000 ^ input external delay
    13    0.061322    0.210954    0.144387    1.004387 ^ up_down (in)
                                                         up_down (net)
                      0.210954    0.000000    1.004387 ^ _062_/B (sky130_fd_sc_hd__xor2_2)
     3    0.009764    0.127084    0.118653    1.123040 ^ _062_/X (sky130_fd_sc_hd__xor2_2)
                                                         _015_ (net)
                      0.127084    0.000000    1.123040 ^ _067_/A2 (sky130_fd_sc_hd__o21a_2)
     3    0.010914    0.051897    0.103776    1.226816 ^ _067_/X (sky130_fd_sc_hd__o21a_2)
                                                         _019_ (net)
                      0.051897    0.000000    1.226816 ^ _080_/A1 (sky130_fd_sc_hd__o31ai_2)
     4    0.010414    0.051612    0.058618    1.285435 v _080_/Y (sky130_fd_sc_hd__o31ai_2)
                                                         _030_ (net)
                      0.051612    0.000000    1.285435 v _089_/A1 (sky130_fd_sc_hd__a21o_2)
     2    0.005618    0.031074    0.128245    1.413680 v _089_/X (sky130_fd_sc_hd__a21o_2)
                                                         _038_ (net)
                      0.031074    0.000000    1.413680 v _091_/B (sky130_fd_sc_hd__or2_2)
     1    0.002260    0.035240    0.152735    1.566415 v _091_/X (sky130_fd_sc_hd__or2_2)
                                                         _040_ (net)
                      0.035240    0.000000    1.566415 v _093_/A3 (sky130_fd_sc_hd__a31o_2)
     1    0.002059    0.026345    0.147102    1.713517 v _093_/X (sky130_fd_sc_hd__a31o_2)
                                                         _005_ (net)
                      0.026345    0.000000    1.713517 v _113_/D (sky130_fd_sc_hd__dfrtp_2)
                                              1.713517   data arrival time

                      0.150000    4.300000    4.300000   clock clk (rise edge)
                                  0.000000    4.300000   clock network delay (ideal)
                                 -0.250000    4.050000   clock uncertainty
                                  0.000000    4.050000   clock reconvergence pessimism
                                              4.050000 ^ _113_/CLK (sky130_fd_sc_hd__dfrtp_2)
                                 -0.060301    3.989699   library setup time
                                              3.989699   data required time
---------------------------------------------------------------------------------------------
                                              3.989699   data required time
                                             -1.713517   data arrival time
---------------------------------------------------------------------------------------------
                                              2.276183   slack (MET)


Startpoint: up_down (input port clocked by clk)
Endpoint: _112_ (rising edge-triggered flip-flop clocked by clk)
Path Group: clk
Path Type: max

Fanout         Cap        Slew       Delay        Time   Description
---------------------------------------------------------------------------------------------
                      0.150000    0.000000    0.000000   clock clk (rise edge)
                                  0.000000    0.000000   clock network delay (ideal)
                                  0.860000    0.860000 ^ input external delay
    13    0.061322    0.210954    0.144387    1.004387 ^ up_down (in)
                                                         up_down (net)
                      0.210954    0.000000    1.004387 ^ _062_/B (sky130_fd_sc_hd__xor2_2)
     3    0.008755    0.070417    0.062641    1.067028 v _062_/X (sky130_fd_sc_hd__xor2_2)
                                                         _015_ (net)
                      0.070417    0.000000    1.067028 v _067_/A2 (sky130_fd_sc_hd__o21a_2)
     3    0.010075    0.038261    0.147614    1.214642 v _067_/X (sky130_fd_sc_hd__o21a_2)
                                                         _019_ (net)
                      0.038261    0.000000    1.214642 v _080_/A1 (sky130_fd_sc_hd__o31ai_2)
     4    0.011212    0.226770    0.231986    1.446628 ^ _080_/Y (sky130_fd_sc_hd__o31ai_2)
                                                         _030_ (net)
                      0.226770    0.000000    1.446628 ^ _085_/A (sky130_fd_sc_hd__nand2_2)
     1    0.002260    0.042543    0.015332    1.461960 v _085_/Y (sky130_fd_sc_hd__nand2_2)
                                                         _035_ (net)
                      0.042543    0.000000    1.461960 v _087_/A3 (sky130_fd_sc_hd__a31o_2)
     1    0.002059    0.026343    0.149973    1.611933 v _087_/X (sky130_fd_sc_hd__a31o_2)
                                                         _004_ (net)
                      0.026343    0.000000    1.611933 v _112_/D (sky130_fd_sc_hd__dfrtp_2)
                                              1.611933   data arrival time

                      0.150000    4.300000    4.300000   clock clk (rise edge)
                                  0.000000    4.300000   clock network delay (ideal)
                                 -0.250000    4.050000   clock uncertainty
                                  0.000000    4.050000   clock reconvergence pessimism
                                              4.050000 ^ _112_/CLK (sky130_fd_sc_hd__dfrtp_2)
                                 -0.060300    3.989700   library setup time
                                              3.989700   data required time
---------------------------------------------------------------------------------------------
                                              3.989700   data required time
                                             -1.611933   data arrival time
---------------------------------------------------------------------------------------------
                                              2.377767   slack (MET)


Startpoint: up_down (input port clocked by clk)
Endpoint: _111_ (rising edge-triggered flip-flop clocked by clk)
Path Group: clk
Path Type: max

Fanout         Cap        Slew       Delay        Time   Description
---------------------------------------------------------------------------------------------
                      0.150000    0.000000    0.000000   clock clk (rise edge)
                                  0.000000    0.000000   clock network delay (ideal)
                                  0.860000    0.860000 ^ input external delay
    13    0.061322    0.210954    0.144387    1.004387 ^ up_down (in)
                                                         up_down (net)
                      0.210954    0.000000    1.004387 ^ _062_/B (sky130_fd_sc_hd__xor2_2)
     3    0.008755    0.070417    0.062641    1.067028 v _062_/X (sky130_fd_sc_hd__xor2_2)
                                                         _015_ (net)
                      0.070417    0.000000    1.067028 v _067_/A2 (sky130_fd_sc_hd__o21a_2)
     3    0.010075    0.038261    0.147614    1.214642 v _067_/X (sky130_fd_sc_hd__o21a_2)
                                                         _019_ (net)
                      0.038261    0.000000    1.214642 v _070_/A (sky130_fd_sc_hd__or2_2)
     2    0.006527    0.045414    0.182156    1.396797 v _070_/X (sky130_fd_sc_hd__or2_2)
                                                         _022_ (net)
                      0.045414    0.000000    1.396797 v _075_/B1 (sky130_fd_sc_hd__o21ai_2)
     2    0.009783    0.113611    0.058371    1.455168 ^ _075_/Y (sky130_fd_sc_hd__o21ai_2)
                                                         _026_ (net)
                      0.113611    0.000000    1.455168 ^ _077_/A2 (sky130_fd_sc_hd__a21oi_2)
     1    0.002154    0.040061    0.034222    1.489390 v _077_/Y (sky130_fd_sc_hd__a21oi_2)
                                                         _028_ (net)
                      0.040061    0.000000    1.489390 v _078_/C1 (sky130_fd_sc_hd__a221o_2)
     1    0.002059    0.029939    0.105108    1.594498 v _078_/X (sky130_fd_sc_hd__a221o_2)
                                                         _003_ (net)
                      0.029939    0.000000    1.594498 v _111_/D (sky130_fd_sc_hd__dfrtp_2)
                                              1.594498   data arrival time

                      0.150000    4.300000    4.300000   clock clk (rise edge)
                                  0.000000    4.300000   clock network delay (ideal)
                                 -0.250000    4.050000   clock uncertainty
                                  0.000000    4.050000   clock reconvergence pessimism
                                              4.050000 ^ _111_/CLK (sky130_fd_sc_hd__dfrtp_2)
                                 -0.061578    3.988422   library setup time
                                              3.988422   data required time
---------------------------------------------------------------------------------------------
                                              3.988422   data required time
                                             -1.594498   data arrival time
---------------------------------------------------------------------------------------------
                                              2.393924   slack (MET)


Startpoint: up_down (input port clocked by clk)
Endpoint: _110_ (rising edge-triggered flip-flop clocked by clk)
Path Group: clk
Path Type: max

Fanout         Cap        Slew       Delay        Time   Description
---------------------------------------------------------------------------------------------
                      0.150000    0.000000    0.000000   clock clk (rise edge)
                                  0.000000    0.000000   clock network delay (ideal)
                                  0.860000    0.860000 ^ input external delay
    13    0.061322    0.210954    0.144387    1.004387 ^ up_down (in)
                                                         up_down (net)
                      0.210954    0.000000    1.004387 ^ _062_/B (sky130_fd_sc_hd__xor2_2)
     3    0.008755    0.070417    0.062641    1.067028 v _062_/X (sky130_fd_sc_hd__xor2_2)
                                                         _015_ (net)
                      0.070417    0.000000    1.067028 v _067_/A2 (sky130_fd_sc_hd__o21a_2)
     3    0.010075    0.038261    0.147614    1.214642 v _067_/X (sky130_fd_sc_hd__o21a_2)
                                                         _019_ (net)
                      0.038261    0.000000    1.214642 v _070_/A (sky130_fd_sc_hd__or2_2)
     2    0.006527    0.045414    0.182156    1.396797 v _070_/X (sky130_fd_sc_hd__or2_2)
                                                         _022_ (net)
                      0.045414    0.000000    1.396797 v _072_/A3 (sky130_fd_sc_hd__a31o_2)
     1    0.002059    0.026343    0.151102    1.547899 v _072_/X (sky130_fd_sc_hd__a31o_2)
                                                         _002_ (net)
                      0.026343    0.000000    1.547899 v _110_/D (sky130_fd_sc_hd__dfrtp_2)
                                              1.547899   data arrival time

                      0.150000    4.300000    4.300000   clock clk (rise edge)
                                  0.000000    4.300000   clock network delay (ideal)
                                 -0.250000    4.050000   clock uncertainty
                                  0.000000    4.050000   clock reconvergence pessimism
                                              4.050000 ^ _110_/CLK (sky130_fd_sc_hd__dfrtp_2)
                                 -0.060300    3.989700   library setup time
                                              3.989700   data required time
---------------------------------------------------------------------------------------------
                                              3.989700   data required time
                                             -1.547899   data arrival time
---------------------------------------------------------------------------------------------
                                              2.441801   slack (MET)


Startpoint: up_down (input port clocked by clk)
Endpoint: _109_ (rising edge-triggered flip-flop clocked by clk)
Path Group: clk
Path Type: max

Fanout         Cap        Slew       Delay        Time   Description
---------------------------------------------------------------------------------------------
                      0.150000    0.000000    0.000000   clock clk (rise edge)
                                  0.000000    0.000000   clock network delay (ideal)
                                  0.860000    0.860000 ^ input external delay
    13    0.061322    0.210954    0.144387    1.004387 ^ up_down (in)
                                                         up_down (net)
                      0.210954    0.000000    1.004387 ^ _062_/B (sky130_fd_sc_hd__xor2_2)
     3    0.008755    0.070417    0.062641    1.067028 v _062_/X (sky130_fd_sc_hd__xor2_2)
                                                         _015_ (net)
                      0.070417    0.000000    1.067028 v _064_/A2 (sky130_fd_sc_hd__o21a_2)
     1    0.002207    0.023609    0.127191    1.194219 v _064_/X (sky130_fd_sc_hd__o21a_2)
                                                         _017_ (net)
                      0.023609    0.000000    1.194219 v _066_/A2 (sky130_fd_sc_hd__a21o_2)
     1    0.002059    0.023333    0.122770    1.316989 v _066_/X (sky130_fd_sc_hd__a21o_2)
                                                         _001_ (net)
                      0.023333    0.000000    1.316989 v _109_/D (sky130_fd_sc_hd__dfrtp_2)
                                              1.316989   data arrival time

                      0.150000    4.300000    4.300000   clock clk (rise edge)
                                  0.000000    4.300000   clock network delay (ideal)
                                 -0.250000    4.050000   clock uncertainty
                                  0.000000    4.050000   clock reconvergence pessimism
                                              4.050000 ^ _109_/CLK (sky130_fd_sc_hd__dfrtp_2)
                                 -0.059230    3.990770   library setup time
                                              3.990770   data required time
---------------------------------------------------------------------------------------------
                                              3.990770   data required time
                                             -1.316989   data arrival time
---------------------------------------------------------------------------------------------
                                              2.673781   slack (MET)


Startpoint: _110_ (rising edge-triggered flip-flop clocked by clk)
Endpoint: count[2] (output port clocked by clk)
Path Group: clk
Path Type: max

Fanout         Cap        Slew       Delay        Time   Description
---------------------------------------------------------------------------------------------
                      0.150000    0.000000    0.000000   clock clk (rise edge)
                                  0.000000    0.000000   clock network delay (ideal)
                      0.150000    0.000000    0.000000 ^ _110_/CLK (sky130_fd_sc_hd__dfrtp_2)
     5    0.053607    0.197220    0.366828    0.366828 ^ _110_/Q (sky130_fd_sc_hd__dfrtp_2)
                                                         count[2] (net)
                      0.197220    0.000000    0.366828 ^ count[2] (out)
                                              0.366828   data arrival time

                      0.150000    4.300000    4.300000   clock clk (rise edge)
                                  0.000000    4.300000   clock network delay (ideal)
                                 -0.250000    4.050000   clock uncertainty
                                  0.000000    4.050000   clock reconvergence pessimism
                                 -0.860000    3.190000   output external delay
                                              3.190000   data required time
---------------------------------------------------------------------------------------------
                                              3.190000   data required time
                                             -0.366828   data arrival time
---------------------------------------------------------------------------------------------
                                              2.823172   slack (MET)


Startpoint: preload (input port clocked by clk)
Endpoint: _108_ (rising edge-triggered flip-flop clocked by clk)
Path Group: clk
Path Type: max

Fanout         Cap        Slew       Delay        Time   Description
---------------------------------------------------------------------------------------------
                      0.150000    0.000000    0.000000   clock clk (rise edge)
                                  0.000000    0.000000   clock network delay (ideal)
                                  0.860000    0.860000 ^ input external delay
    10    0.026093    0.093393    0.062878    0.922878 ^ preload (in)
                                                         preload (net)
                      0.093393    0.000000    0.922878 ^ _058_/A_N (sky130_fd_sc_hd__and2b_2)
     8    0.022753    0.058438    0.173907    1.096784 v _058_/X (sky130_fd_sc_hd__and2b_2)
                                                         _012_ (net)
                      0.058438    0.000000    1.096784 v _060_/A2 (sky130_fd_sc_hd__a21oi_2)
     1    0.002087    0.053909    0.089027    1.185812 ^ _060_/Y (sky130_fd_sc_hd__a21oi_2)
                                                         _000_ (net)
                      0.053909    0.000000    1.185812 ^ _108_/D (sky130_fd_sc_hd__dfrtp_2)
                                              1.185812   data arrival time

                      0.150000    4.300000    4.300000   clock clk (rise edge)
                                  0.000000    4.300000   clock network delay (ideal)
                                 -0.250000    4.050000   clock uncertainty
                                  0.000000    4.050000   clock reconvergence pessimism
                                              4.050000 ^ _108_/CLK (sky130_fd_sc_hd__dfrtp_2)
                                 -0.034099    4.015901   library setup time
                                              4.015901   data required time
---------------------------------------------------------------------------------------------
                                              4.015901   data required time
                                             -1.185812   data arrival time
---------------------------------------------------------------------------------------------
                                              2.830089   slack (MET)


Startpoint: _109_ (rising edge-triggered flip-flop clocked by clk)
Endpoint: count[1] (output port clocked by clk)
Path Group: clk
Path Type: max

Fanout         Cap        Slew       Delay        Time   Description
---------------------------------------------------------------------------------------------
                      0.150000    0.000000    0.000000   clock clk (rise edge)
                                  0.000000    0.000000   clock network delay (ideal)
                      0.150000    0.000000    0.000000 ^ _109_/CLK (sky130_fd_sc_hd__dfrtp_2)
     4    0.050093    0.184953    0.358363    0.358363 ^ _109_/Q (sky130_fd_sc_hd__dfrtp_2)
                                                         count[1] (net)
                      0.184953    0.000000    0.358363 ^ count[1] (out)
                                              0.358363   data arrival time

                      0.150000    4.300000    4.300000   clock clk (rise edge)
                                  0.000000    4.300000   clock network delay (ideal)
                                 -0.250000    4.050000   clock uncertainty
                                  0.000000    4.050000   clock reconvergence pessimism
                                 -0.860000    3.190000   output external delay
                                              3.190000   data required time
---------------------------------------------------------------------------------------------
                                              3.190000   data required time
                                             -0.358363   data arrival time
---------------------------------------------------------------------------------------------
                                              2.831637   slack (MET)


Startpoint: _111_ (rising edge-triggered flip-flop clocked by clk)
Endpoint: count[3] (output port clocked by clk)
Path Group: clk
Path Type: max

Fanout         Cap        Slew       Delay        Time   Description
---------------------------------------------------------------------------------------------
                      0.150000    0.000000    0.000000   clock clk (rise edge)
                                  0.000000    0.000000   clock network delay (ideal)
                      0.150000    0.000000    0.000000 ^ _111_/CLK (sky130_fd_sc_hd__dfrtp_2)
     4    0.049115    0.181539    0.356007    0.356007 ^ _111_/Q (sky130_fd_sc_hd__dfrtp_2)
                                                         count[3] (net)
                      0.181539    0.000000    0.356007 ^ count[3] (out)
                                              0.356007   data arrival time

                      0.150000    4.300000    4.300000   clock clk (rise edge)
                                  0.000000    4.300000   clock network delay (ideal)
                                 -0.250000    4.050000   clock uncertainty
                                  0.000000    4.050000   clock reconvergence pessimism
                                 -0.860000    3.190000   output external delay
                                              3.190000   data required time
---------------------------------------------------------------------------------------------
                                              3.190000   data required time
                                             -0.356007   data arrival time
---------------------------------------------------------------------------------------------
                                              2.833993   slack (MET)


Startpoint: _113_ (rising edge-triggered flip-flop clocked by clk)
Endpoint: count[5] (output port clocked by clk)
Path Group: clk
Path Type: max

Fanout         Cap        Slew       Delay        Time   Description
---------------------------------------------------------------------------------------------
                      0.150000    0.000000    0.000000   clock clk (rise edge)
                                  0.000000    0.000000   clock network delay (ideal)
                      0.150000    0.000000    0.000000 ^ _113_/CLK (sky130_fd_sc_hd__dfrtp_2)
     4    0.046922    0.173884    0.350724    0.350724 ^ _113_/Q (sky130_fd_sc_hd__dfrtp_2)
                                                         count[5] (net)
                      0.173884    0.000000    0.350724 ^ count[5] (out)
                                              0.350724   data arrival time

                      0.150000    4.300000    4.300000   clock clk (rise edge)
                                  0.000000    4.300000   clock network delay (ideal)
                                 -0.250000    4.050000   clock uncertainty
                                  0.000000    4.050000   clock reconvergence pessimism
                                 -0.860000    3.190000   output external delay
                                              3.190000   data required time
---------------------------------------------------------------------------------------------
                                              3.190000   data required time
                                             -0.350724   data arrival time
---------------------------------------------------------------------------------------------
                                              2.839276   slack (MET)


Startpoint: _115_ (rising edge-triggered flip-flop clocked by clk)
Endpoint: count[7] (output port clocked by clk)
Path Group: clk
Path Type: max

Fanout         Cap        Slew       Delay        Time   Description
---------------------------------------------------------------------------------------------
                      0.150000    0.000000    0.000000   clock clk (rise edge)
                                  0.000000    0.000000   clock network delay (ideal)
                      0.150000    0.000000    0.000000 ^ _115_/CLK (sky130_fd_sc_hd__dfrtp_2)
     3    0.044355    0.164992    0.344505    0.344505 ^ _115_/Q (sky130_fd_sc_hd__dfrtp_2)
                                                         count[7] (net)
                      0.164992    0.000000    0.344505 ^ count[7] (out)
                                              0.344505   data arrival time

                      0.150000    4.300000    4.300000   clock clk (rise edge)
                                  0.000000    4.300000   clock network delay (ideal)
                                 -0.250000    4.050000   clock uncertainty
                                  0.000000    4.050000   clock reconvergence pessimism
                                 -0.860000    3.190000   output external delay
                                              3.190000   data required time
---------------------------------------------------------------------------------------------
                                              3.190000   data required time
                                             -0.344505   data arrival time
---------------------------------------------------------------------------------------------
                                              2.845495   slack (MET)


Startpoint: _108_ (rising edge-triggered flip-flop clocked by clk)
Endpoint: count[0] (output port clocked by clk)
Path Group: clk
Path Type: max

Fanout         Cap        Slew       Delay        Time   Description
---------------------------------------------------------------------------------------------
                      0.150000    0.000000    0.000000   clock clk (rise edge)
                                  0.000000    0.000000   clock network delay (ideal)
                      0.150000    0.000000    0.000000 ^ _108_/CLK (sky130_fd_sc_hd__dfrtp_2)
     3    0.042722    0.159492    0.340469    0.340469 ^ _108_/Q (sky130_fd_sc_hd__dfrtp_2)
                                                         count[0] (net)
                      0.159492    0.000000    0.340469 ^ count[0] (out)
                                              0.340469   data arrival time

                      0.150000    4.300000    4.300000   clock clk (rise edge)
                                  0.000000    4.300000   clock network delay (ideal)
                                 -0.250000    4.050000   clock uncertainty
                                  0.000000    4.050000   clock reconvergence pessimism
                                 -0.860000    3.190000   output external delay
                                              3.190000   data required time
---------------------------------------------------------------------------------------------
                                              3.190000   data required time
                                             -0.340469   data arrival time
---------------------------------------------------------------------------------------------
                                              2.849530   slack (MET)


Startpoint: _112_ (rising edge-triggered flip-flop clocked by clk)
Endpoint: count[4] (output port clocked by clk)
Path Group: clk
Path Type: max

Fanout         Cap        Slew       Delay        Time   Description
---------------------------------------------------------------------------------------------
                      0.150000    0.000000    0.000000   clock clk (rise edge)
                                  0.000000    0.000000   clock network delay (ideal)
                      0.150000    0.000000    0.000000 ^ _112_/CLK (sky130_fd_sc_hd__dfrtp_2)
     5    0.041978    0.156987    0.338631    0.338631 ^ _112_/Q (sky130_fd_sc_hd__dfrtp_2)
                                                         count[4] (net)
                      0.156987    0.000000    0.338631 ^ count[4] (out)
                                              0.338631   data arrival time

                      0.150000    4.300000    4.300000   clock clk (rise edge)
                                  0.000000    4.300000   clock network delay (ideal)
                                 -0.250000    4.050000   clock uncertainty
                                  0.000000    4.050000   clock reconvergence pessimism
                                 -0.860000    3.190000   output external delay
                                              3.190000   data required time
---------------------------------------------------------------------------------------------
                                              3.190000   data required time
                                             -0.338631   data arrival time
---------------------------------------------------------------------------------------------
                                              2.851369   slack (MET)


Startpoint: _114_ (rising edge-triggered flip-flop clocked by clk)
Endpoint: count[6] (output port clocked by clk)
Path Group: clk
Path Type: max

Fanout         Cap        Slew       Delay        Time   Description
---------------------------------------------------------------------------------------------
                      0.150000    0.000000    0.000000   clock clk (rise edge)
                                  0.000000    0.000000   clock network delay (ideal)
                      0.150000    0.000000    0.000000 ^ _114_/CLK (sky130_fd_sc_hd__dfrtp_2)
     4    0.038876    0.086305    0.334077    0.334077 v _114_/Q (sky130_fd_sc_hd__dfrtp_2)
                                                         count[6] (net)
                      0.086305    0.000000    0.334077 v count[6] (out)
                                              0.334077   data arrival time

                      0.150000    4.300000    4.300000   clock clk (rise edge)
                                  0.000000    4.300000   clock network delay (ideal)
                                 -0.250000    4.050000   clock uncertainty
                                  0.000000    4.050000   clock reconvergence pessimism
                                 -0.860000    3.190000   output external delay
                                              3.190000   data required time
---------------------------------------------------------------------------------------------
                                              3.190000   data required time
                                             -0.334077   data arrival time
---------------------------------------------------------------------------------------------
                                              2.855923   slack (MET)


Startpoint: resetn (input port clocked by clk)
Endpoint: _108_ (recovery check against rising-edge clock clk)
Path Group: asynchronous
Path Type: max

Fanout         Cap        Slew       Delay        Time   Description
---------------------------------------------------------------------------------------------
                      0.150000    0.000000    0.000000   clock clk (rise edge)
                                  0.000000    0.000000   clock network delay (ideal)
                                  0.860000    0.860000 ^ input external delay
     8    0.028936    0.102866    0.069482    0.929482 ^ resetn (in)
                                                         resetn (net)
                      0.102866    0.000000    0.929482 ^ _108_/RESET_B (sky130_fd_sc_hd__dfrtp_2)
                                              0.929482   data arrival time

                      0.150000    4.300000    4.300000   clock clk (rise edge)
                                  0.000000    4.300000   clock network delay (ideal)
                                 -0.250000    4.050000   clock uncertainty
                                  0.000000    4.050000   clock reconvergence pessimism
                                              4.050000 ^ _108_/CLK (sky130_fd_sc_hd__dfrtp_2)
                                  0.133756    4.183756   library recovery time
                                              4.183756   data required time
---------------------------------------------------------------------------------------------
                                              4.183756   data required time
                                             -0.929482   data arrival time
---------------------------------------------------------------------------------------------
                                              3.254274   slack (MET)


Startpoint: resetn (input port clocked by clk)
Endpoint: _109_ (recovery check against rising-edge clock clk)
Path Group: asynchronous
Path Type: max

Fanout         Cap        Slew       Delay        Time   Description
---------------------------------------------------------------------------------------------
                      0.150000    0.000000    0.000000   clock clk (rise edge)
                                  0.000000    0.000000   clock network delay (ideal)
                                  0.860000    0.860000 ^ input external delay
     8    0.028936    0.102866    0.069482    0.929482 ^ resetn (in)
                                                         resetn (net)
                      0.102866    0.000000    0.929482 ^ _109_/RESET_B (sky130_fd_sc_hd__dfrtp_2)
                                              0.929482   data arrival time

                      0.150000    4.300000    4.300000   clock clk (rise edge)
                                  0.000000    4.300000   clock network delay (ideal)
                                 -0.250000    4.050000   clock uncertainty
                                  0.000000    4.050000   clock reconvergence pessimism
                                              4.050000 ^ _109_/CLK (sky130_fd_sc_hd__dfrtp_2)
                                  0.133756    4.183756   library recovery time
                                              4.183756   data required time
---------------------------------------------------------------------------------------------
                                              4.183756   data required time
                                             -0.929482   data arrival time
---------------------------------------------------------------------------------------------
                                              3.254274   slack (MET)


Startpoint: resetn (input port clocked by clk)
Endpoint: _110_ (recovery check against rising-edge clock clk)
Path Group: asynchronous
Path Type: max

Fanout         Cap        Slew       Delay        Time   Description
---------------------------------------------------------------------------------------------
                      0.150000    0.000000    0.000000   clock clk (rise edge)
                                  0.000000    0.000000   clock network delay (ideal)
                                  0.860000    0.860000 ^ input external delay
     8    0.028936    0.102866    0.069482    0.929482 ^ resetn (in)
                                                         resetn (net)
                      0.102866    0.000000    0.929482 ^ _110_/RESET_B (sky130_fd_sc_hd__dfrtp_2)
                                              0.929482   data arrival time

                      0.150000    4.300000    4.300000   clock clk (rise edge)
                                  0.000000    4.300000   clock network delay (ideal)
                                 -0.250000    4.050000   clock uncertainty
                                  0.000000    4.050000   clock reconvergence pessimism
                                              4.050000 ^ _110_/CLK (sky130_fd_sc_hd__dfrtp_2)
                                  0.133756    4.183756   library recovery time
                                              4.183756   data required time
---------------------------------------------------------------------------------------------
                                              4.183756   data required time
                                             -0.929482   data arrival time
---------------------------------------------------------------------------------------------
                                              3.254274   slack (MET)


Startpoint: resetn (input port clocked by clk)
Endpoint: _111_ (recovery check against rising-edge clock clk)
Path Group: asynchronous
Path Type: max

Fanout         Cap        Slew       Delay        Time   Description
---------------------------------------------------------------------------------------------
                      0.150000    0.000000    0.000000   clock clk (rise edge)
                                  0.000000    0.000000   clock network delay (ideal)
                                  0.860000    0.860000 ^ input external delay
     8    0.028936    0.102866    0.069482    0.929482 ^ resetn (in)
                                                         resetn (net)
                      0.102866    0.000000    0.929482 ^ _111_/RESET_B (sky130_fd_sc_hd__dfrtp_2)
                                              0.929482   data arrival time

                      0.150000    4.300000    4.300000   clock clk (rise edge)
                                  0.000000    4.300000   clock network delay (ideal)
                                 -0.250000    4.050000   clock uncertainty
                                  0.000000    4.050000   clock reconvergence pessimism
                                              4.050000 ^ _111_/CLK (sky130_fd_sc_hd__dfrtp_2)
                                  0.133756    4.183756   library recovery time
                                              4.183756   data required time
---------------------------------------------------------------------------------------------
                                              4.183756   data required time
                                             -0.929482   data arrival time
---------------------------------------------------------------------------------------------
                                              3.254274   slack (MET)


Startpoint: resetn (input port clocked by clk)
Endpoint: _112_ (recovery check against rising-edge clock clk)
Path Group: asynchronous
Path Type: max

Fanout         Cap        Slew       Delay        Time   Description
---------------------------------------------------------------------------------------------
                      0.150000    0.000000    0.000000   clock clk (rise edge)
                                  0.000000    0.000000   clock network delay (ideal)
                                  0.860000    0.860000 ^ input external delay
     8    0.028936    0.102866    0.069482    0.929482 ^ resetn (in)
                                                         resetn (net)
                      0.102866    0.000000    0.929482 ^ _112_/RESET_B (sky130_fd_sc_hd__dfrtp_2)
                                              0.929482   data arrival time

                      0.150000    4.300000    4.300000   clock clk (rise edge)
                                  0.000000    4.300000   clock network delay (ideal)
                                 -0.250000    4.050000   clock uncertainty
                                  0.000000    4.050000   clock reconvergence pessimism
                                              4.050000 ^ _112_/CLK (sky130_fd_sc_hd__dfrtp_2)
                                  0.133756    4.183756   library recovery time
                                              4.183756   data required time
---------------------------------------------------------------------------------------------
                                              4.183756   data required time
                                             -0.929482   data arrival time
---------------------------------------------------------------------------------------------
                                              3.254274   slack (MET)


Startpoint: resetn (input port clocked by clk)
Endpoint: _113_ (recovery check against rising-edge clock clk)
Path Group: asynchronous
Path Type: max

Fanout         Cap        Slew       Delay        Time   Description
---------------------------------------------------------------------------------------------
                      0.150000    0.000000    0.000000   clock clk (rise edge)
                                  0.000000    0.000000   clock network delay (ideal)
                                  0.860000    0.860000 ^ input external delay
     8    0.028936    0.102866    0.069482    0.929482 ^ resetn (in)
                                                         resetn (net)
                      0.102866    0.000000    0.929482 ^ _113_/RESET_B (sky130_fd_sc_hd__dfrtp_2)
                                              0.929482   data arrival time

                      0.150000    4.300000    4.300000   clock clk (rise edge)
                                  0.000000    4.300000   clock network delay (ideal)
                                 -0.250000    4.050000   clock uncertainty
                                  0.000000    4.050000   clock reconvergence pessimism
                                              4.050000 ^ _113_/CLK (sky130_fd_sc_hd__dfrtp_2)
                                  0.133756    4.183756   library recovery time
                                              4.183756   data required time
---------------------------------------------------------------------------------------------
                                              4.183756   data required time
                                             -0.929482   data arrival time
---------------------------------------------------------------------------------------------
                                              3.254274   slack (MET)


Startpoint: resetn (input port clocked by clk)
Endpoint: _114_ (recovery check against rising-edge clock clk)
Path Group: asynchronous
Path Type: max

Fanout         Cap        Slew       Delay        Time   Description
---------------------------------------------------------------------------------------------
                      0.150000    0.000000    0.000000   clock clk (rise edge)
                                  0.000000    0.000000   clock network delay (ideal)
                                  0.860000    0.860000 ^ input external delay
     8    0.028936    0.102866    0.069482    0.929482 ^ resetn (in)
                                                         resetn (net)
                      0.102866    0.000000    0.929482 ^ _114_/RESET_B (sky130_fd_sc_hd__dfrtp_2)
                                              0.929482   data arrival time

                      0.150000    4.300000    4.300000   clock clk (rise edge)
                                  0.000000    4.300000   clock network delay (ideal)
                                 -0.250000    4.050000   clock uncertainty
                                  0.000000    4.050000   clock reconvergence pessimism
                                              4.050000 ^ _114_/CLK (sky130_fd_sc_hd__dfrtp_2)
                                  0.133756    4.183756   library recovery time
                                              4.183756   data required time
---------------------------------------------------------------------------------------------
                                              4.183756   data required time
                                             -0.929482   data arrival time
---------------------------------------------------------------------------------------------
                                              3.254274   slack (MET)


Startpoint: resetn (input port clocked by clk)
Endpoint: _115_ (recovery check against rising-edge clock clk)
Path Group: asynchronous
Path Type: max

Fanout         Cap        Slew       Delay        Time   Description
---------------------------------------------------------------------------------------------
                      0.150000    0.000000    0.000000   clock clk (rise edge)
                                  0.000000    0.000000   clock network delay (ideal)
                                  0.860000    0.860000 ^ input external delay
     8    0.028936    0.102866    0.069482    0.929482 ^ resetn (in)
                                                         resetn (net)
                      0.102866    0.000000    0.929482 ^ _115_/RESET_B (sky130_fd_sc_hd__dfrtp_2)
                                              0.929482   data arrival time

                      0.150000    4.300000    4.300000   clock clk (rise edge)
                                  0.000000    4.300000   clock network delay (ideal)
                                 -0.250000    4.050000   clock uncertainty
                                  0.000000    4.050000   clock reconvergence pessimism
                                              4.050000 ^ _115_/CLK (sky130_fd_sc_hd__dfrtp_2)
                                  0.133756    4.183756   library recovery time
                                              4.183756   data required time
---------------------------------------------------------------------------------------------
                                              4.183756   data required time
                                             -0.929482   data arrival time
---------------------------------------------------------------------------------------------
                                              3.254274   slack (MET)



