
===========================================================================
report_checks -path_delay max (Setup)
============================================================================
======================= nom_tt_025C_1v80 Corner ===================================

Startpoint: up_down (input port clocked by clk)
Endpoint: _115_ (rising edge-triggered flip-flop clocked by clk)
Path Group: clk
Path Type: max

Fanout         Cap        Slew       Delay        Time   Description
---------------------------------------------------------------------------------------------
                                  0.000000    0.000000   clock clk (rise edge)
                                  0.000000    0.000000   clock network delay (propagated)
                                  0.860000    0.860000 v input external delay
     1    0.002501    0.007942    0.003908    0.863908 v up_down (in)
                                                         up_down (net)
                      0.007942    0.000000    0.863908 v input12/A (sky130_fd_sc_hd__buf_1)
     4    0.008845    0.058049    0.099835    0.963743 v input12/X (sky130_fd_sc_hd__buf_1)
                                                         net12 (net)
                      0.058049    0.000004    0.963747 v fanout21/A (sky130_fd_sc_hd__clkbuf_4)
    10    0.035093    0.080835    0.190014    1.153762 v fanout21/X (sky130_fd_sc_hd__clkbuf_4)
                                                         net21 (net)
                      0.080835    0.000134    1.153895 v _062_/B (sky130_fd_sc_hd__xor2_1)
     3    0.007743    0.078885    0.171643    1.325538 v _062_/X (sky130_fd_sc_hd__xor2_1)
                                                         _015_ (net)
                      0.078885    0.000008    1.325546 v _067_/A2 (sky130_fd_sc_hd__o21a_1)
     3    0.009235    0.063482    0.208469    1.534015 v _067_/X (sky130_fd_sc_hd__o21a_1)
                                                         _019_ (net)
                      0.063482    0.000036    1.534051 v _080_/A1 (sky130_fd_sc_hd__o31ai_2)
     4    0.010332    0.293164    0.325726    1.859777 ^ _080_/Y (sky130_fd_sc_hd__o31ai_2)
                                                         _030_ (net)
                      0.293164    0.000027    1.859804 ^ _098_/A1 (sky130_fd_sc_hd__a31o_1)
     3    0.007687    0.088091    0.219592    2.079396 ^ _098_/X (sky130_fd_sc_hd__a31o_1)
                                                         _046_ (net)
                      0.088091    0.000048    2.079444 ^ _103_/A2 (sky130_fd_sc_hd__a21oi_1)
     1    0.004830    0.068619    0.082534    2.161978 v _103_/Y (sky130_fd_sc_hd__a21oi_1)
                                                         _050_ (net)
                      0.068619    0.000009    2.161987 v _105_/A (sky130_fd_sc_hd__xnor2_1)
     1    0.002467    0.049335    0.127565    2.289552 v _105_/Y (sky130_fd_sc_hd__xnor2_1)
                                                         _052_ (net)
                      0.049335    0.000004    2.289556 v _107_/A2 (sky130_fd_sc_hd__a21o_1)
     1    0.002657    0.033519    0.171557    2.461113 v _107_/X (sky130_fd_sc_hd__a21o_1)
                                                         _007_ (net)
                      0.033519    0.000008    2.461121 v _115_/D (sky130_fd_sc_hd__dfrtp_1)
                                              2.461121   data arrival time

                                  4.300000    4.300000   clock clk (rise edge)
                                  0.000000    4.300000   clock source latency
     1    0.010478    0.053543    0.035557    4.335557 ^ clk (in)
                                                         clk (net)
                      0.053543    0.000000    4.335557 ^ clkbuf_0_clk/A (sky130_fd_sc_hd__clkbuf_16)
     2    0.017682    0.039871    0.126357    4.461914 ^ clkbuf_0_clk/X (sky130_fd_sc_hd__clkbuf_16)
                                                         clknet_0_clk (net)
                      0.039871    0.000045    4.461959 ^ clkbuf_1_1__f_clk/A (sky130_fd_sc_hd__clkbuf_16)
     4    0.010206    0.033508    0.114217    4.576177 ^ clkbuf_1_1__f_clk/X (sky130_fd_sc_hd__clkbuf_16)
                                                         clknet_1_1__leaf_clk (net)
                      0.033508    0.000023    4.576199 ^ _115_/CLK (sky130_fd_sc_hd__dfrtp_1)
                                 -0.250000    4.326199   clock uncertainty
                                  0.000000    4.326199   clock reconvergence pessimism
                                 -0.111891    4.214309   library setup time
                                              4.214309   data required time
---------------------------------------------------------------------------------------------
                                              4.214309   data required time
                                             -2.461121   data arrival time
---------------------------------------------------------------------------------------------
                                              1.753188   slack (MET)


Startpoint: up_down (input port clocked by clk)
Endpoint: _114_ (rising edge-triggered flip-flop clocked by clk)
Path Group: clk
Path Type: max

Fanout         Cap        Slew       Delay        Time   Description
---------------------------------------------------------------------------------------------
                                  0.000000    0.000000   clock clk (rise edge)
                                  0.000000    0.000000   clock network delay (propagated)
                                  0.860000    0.860000 ^ input external delay
     1    0.002677    0.019893    0.009864    0.869864 ^ up_down (in)
                                                         up_down (net)
                      0.019893    0.000000    0.869864 ^ input12/A (sky130_fd_sc_hd__buf_1)
     4    0.009436    0.118227    0.124665    0.994529 ^ input12/X (sky130_fd_sc_hd__buf_1)
                                                         net12 (net)
                      0.118227    0.000004    0.994534 ^ fanout21/A (sky130_fd_sc_hd__clkbuf_4)
    10    0.037477    0.121386    0.219137    1.213671 ^ fanout21/X (sky130_fd_sc_hd__clkbuf_4)
                                                         net21 (net)
                      0.121386    0.000143    1.213814 ^ _062_/B (sky130_fd_sc_hd__xor2_1)
     3    0.008551    0.220433    0.229785    1.443599 ^ _062_/X (sky130_fd_sc_hd__xor2_1)
                                                         _015_ (net)
                      0.220433    0.000009    1.443607 ^ _067_/A2 (sky130_fd_sc_hd__o21a_1)
     3    0.009918    0.105381    0.186277    1.629885 ^ _067_/X (sky130_fd_sc_hd__o21a_1)
                                                         _019_ (net)
                      0.105381    0.000039    1.629923 ^ _080_/A1 (sky130_fd_sc_hd__o31ai_2)
     4    0.009757    0.078009    0.103126    1.733050 v _080_/Y (sky130_fd_sc_hd__o31ai_2)
                                                         _030_ (net)
                      0.078009    0.000025    1.733075 v _098_/A1 (sky130_fd_sc_hd__a31o_1)
     3    0.007097    0.056194    0.204106    1.937181 v _098_/X (sky130_fd_sc_hd__a31o_1)
                                                         _046_ (net)
                      0.056194    0.000038    1.937218 v _100_/B (sky130_fd_sc_hd__or2_1)
     1    0.002876    0.049568    0.205576    2.142795 v _100_/X (sky130_fd_sc_hd__or2_1)
                                                         _048_ (net)
                      0.049568    0.000008    2.142803 v _102_/A3 (sky130_fd_sc_hd__a31o_1)
     1    0.002925    0.037310    0.211625    2.354427 v _102_/X (sky130_fd_sc_hd__a31o_1)
                                                         _006_ (net)
                      0.037310    0.000014    2.354441 v _114_/D (sky130_fd_sc_hd__dfrtp_1)
                                              2.354441   data arrival time

                                  4.300000    4.300000   clock clk (rise edge)
                                  0.000000    4.300000   clock source latency
     1    0.010478    0.053543    0.035557    4.335557 ^ clk (in)
                                                         clk (net)
                      0.053543    0.000000    4.335557 ^ clkbuf_0_clk/A (sky130_fd_sc_hd__clkbuf_16)
     2    0.017682    0.039871    0.126357    4.461914 ^ clkbuf_0_clk/X (sky130_fd_sc_hd__clkbuf_16)
                                                         clknet_0_clk (net)
                      0.039871    0.000045    4.461959 ^ clkbuf_1_1__f_clk/A (sky130_fd_sc_hd__clkbuf_16)
     4    0.010206    0.033508    0.114217    4.576177 ^ clkbuf_1_1__f_clk/X (sky130_fd_sc_hd__clkbuf_16)
                                                         clknet_1_1__leaf_clk (net)
                      0.033508    0.000016    4.576193 ^ _114_/CLK (sky130_fd_sc_hd__dfrtp_1)
                                 -0.250000    4.326193   clock uncertainty
                                  0.000000    4.326193   clock reconvergence pessimism
                                 -0.113546    4.212647   library setup time
                                              4.212647   data required time
---------------------------------------------------------------------------------------------
                                              4.212647   data required time
                                             -2.354441   data arrival time
---------------------------------------------------------------------------------------------
                                              1.858206   slack (MET)


Startpoint: up_down (input port clocked by clk)
Endpoint: _113_ (rising edge-triggered flip-flop clocked by clk)
Path Group: clk
Path Type: max

Fanout         Cap        Slew       Delay        Time   Description
---------------------------------------------------------------------------------------------
                                  0.000000    0.000000   clock clk (rise edge)
                                  0.000000    0.000000   clock network delay (propagated)
                                  0.860000    0.860000 ^ input external delay
     1    0.002677    0.019893    0.009864    0.869864 ^ up_down (in)
                                                         up_down (net)
                      0.019893    0.000000    0.869864 ^ input12/A (sky130_fd_sc_hd__buf_1)
     4    0.009436    0.118227    0.124665    0.994529 ^ input12/X (sky130_fd_sc_hd__buf_1)
                                                         net12 (net)
                      0.118227    0.000004    0.994534 ^ fanout21/A (sky130_fd_sc_hd__clkbuf_4)
    10    0.037477    0.121386    0.219137    1.213671 ^ fanout21/X (sky130_fd_sc_hd__clkbuf_4)
                                                         net21 (net)
                      0.121386    0.000143    1.213814 ^ _062_/B (sky130_fd_sc_hd__xor2_1)
     3    0.008551    0.220433    0.229785    1.443599 ^ _062_/X (sky130_fd_sc_hd__xor2_1)
                                                         _015_ (net)
                      0.220433    0.000009    1.443607 ^ _067_/A2 (sky130_fd_sc_hd__o21a_1)
     3    0.009918    0.105381    0.186277    1.629885 ^ _067_/X (sky130_fd_sc_hd__o21a_1)
                                                         _019_ (net)
                      0.105381    0.000039    1.629923 ^ _080_/A1 (sky130_fd_sc_hd__o31ai_2)
     4    0.009757    0.078009    0.103126    1.733050 v _080_/Y (sky130_fd_sc_hd__o31ai_2)
                                                         _030_ (net)
                      0.078009    0.000024    1.733073 v _089_/A1 (sky130_fd_sc_hd__a21o_1)
     2    0.005083    0.042647    0.174617    1.907690 v _089_/X (sky130_fd_sc_hd__a21o_1)
                                                         _038_ (net)
                      0.042647    0.000026    1.907716 v _091_/B (sky130_fd_sc_hd__or2_1)
     1    0.002829    0.049364    0.200848    2.108563 v _091_/X (sky130_fd_sc_hd__or2_1)
                                                         _040_ (net)
                      0.049364    0.000009    2.108572 v _093_/A3 (sky130_fd_sc_hd__a31o_1)
     1    0.002185    0.034924    0.206483    2.315055 v _093_/X (sky130_fd_sc_hd__a31o_1)
                                                         _005_ (net)
                      0.034924    0.000003    2.315058 v _113_/D (sky130_fd_sc_hd__dfrtp_1)
                                              2.315058   data arrival time

                                  4.300000    4.300000   clock clk (rise edge)
                                  0.000000    4.300000   clock source latency
     1    0.010478    0.053543    0.035557    4.335557 ^ clk (in)
                                                         clk (net)
                      0.053543    0.000000    4.335557 ^ clkbuf_0_clk/A (sky130_fd_sc_hd__clkbuf_16)
     2    0.017682    0.039871    0.126357    4.461914 ^ clkbuf_0_clk/X (sky130_fd_sc_hd__clkbuf_16)
                                                         clknet_0_clk (net)
                      0.039871    0.000045    4.461959 ^ clkbuf_1_1__f_clk/A (sky130_fd_sc_hd__clkbuf_16)
     4    0.010206    0.033508    0.114217    4.576177 ^ clkbuf_1_1__f_clk/X (sky130_fd_sc_hd__clkbuf_16)
                                                         clknet_1_1__leaf_clk (net)
                      0.033508    0.000018    4.576195 ^ _113_/CLK (sky130_fd_sc_hd__dfrtp_1)
                                 -0.250000    4.326195   clock uncertainty
                                  0.000000    4.326195   clock reconvergence pessimism
                                 -0.112504    4.213691   library setup time
                                              4.213691   data required time
---------------------------------------------------------------------------------------------
                                              4.213691   data required time
                                             -2.315058   data arrival time
---------------------------------------------------------------------------------------------
                                              1.898633   slack (MET)


Startpoint: up_down (input port clocked by clk)
Endpoint: _111_ (rising edge-triggered flip-flop clocked by clk)
Path Group: clk
Path Type: max

Fanout         Cap        Slew       Delay        Time   Description
---------------------------------------------------------------------------------------------
                                  0.000000    0.000000   clock clk (rise edge)
                                  0.000000    0.000000   clock network delay (propagated)
                                  0.860000    0.860000 ^ input external delay
     1    0.002677    0.019893    0.009864    0.869864 ^ up_down (in)
                                                         up_down (net)
                      0.019893    0.000000    0.869864 ^ input12/A (sky130_fd_sc_hd__buf_1)
     4    0.009436    0.118227    0.124665    0.994529 ^ input12/X (sky130_fd_sc_hd__buf_1)
                                                         net12 (net)
                      0.118227    0.000004    0.994534 ^ fanout21/A (sky130_fd_sc_hd__clkbuf_4)
    10    0.037477    0.121386    0.219137    1.213671 ^ fanout21/X (sky130_fd_sc_hd__clkbuf_4)
                                                         net21 (net)
                      0.121386    0.000143    1.213814 ^ _062_/B (sky130_fd_sc_hd__xor2_1)
     3    0.008551    0.220433    0.229785    1.443599 ^ _062_/X (sky130_fd_sc_hd__xor2_1)
                                                         _015_ (net)
                      0.220433    0.000009    1.443607 ^ _067_/A2 (sky130_fd_sc_hd__o21a_1)
     3    0.009918    0.105381    0.186277    1.629885 ^ _067_/X (sky130_fd_sc_hd__o21a_1)
                                                         _019_ (net)
                      0.105381    0.000037    1.629921 ^ _070_/A (sky130_fd_sc_hd__or2_1)
     2    0.004946    0.061949    0.124705    1.754626 ^ _070_/X (sky130_fd_sc_hd__or2_1)
                                                         _022_ (net)
                      0.061949    0.000002    1.754629 ^ _075_/B1 (sky130_fd_sc_hd__o21ai_1)
     2    0.005254    0.064357    0.075533    1.830161 v _075_/Y (sky130_fd_sc_hd__o21ai_1)
                                                         _026_ (net)
                      0.064357    0.000015    1.830177 v _076_/A2 (sky130_fd_sc_hd__o21ai_1)
     1    0.002570    0.096708    0.114724    1.944901 ^ _076_/Y (sky130_fd_sc_hd__o21ai_1)
                                                         _027_ (net)
                      0.096708    0.000001    1.944902 ^ _077_/B1 (sky130_fd_sc_hd__a21oi_1)
     1    0.002809    0.077433    0.049046    1.993948 v _077_/Y (sky130_fd_sc_hd__a21oi_1)
                                                         _028_ (net)
                      0.077433    0.000010    1.993958 v _078_/C1 (sky130_fd_sc_hd__a221o_1)
     1    0.002941    0.054656    0.266301    2.260258 v _078_/X (sky130_fd_sc_hd__a221o_1)
                                                         _003_ (net)
                      0.054656    0.000010    2.260269 v _111_/D (sky130_fd_sc_hd__dfrtp_1)
                                              2.260269   data arrival time

                                  4.300000    4.300000   clock clk (rise edge)
                                  0.000000    4.300000   clock source latency
     1    0.010478    0.053543    0.035557    4.335557 ^ clk (in)
                                                         clk (net)
                      0.053543    0.000000    4.335557 ^ clkbuf_0_clk/A (sky130_fd_sc_hd__clkbuf_16)
     2    0.017682    0.039871    0.126357    4.461914 ^ clkbuf_0_clk/X (sky130_fd_sc_hd__clkbuf_16)
                                                         clknet_0_clk (net)
                      0.039871    0.000045    4.461959 ^ clkbuf_1_1__f_clk/A (sky130_fd_sc_hd__clkbuf_16)
     4    0.010206    0.033508    0.114217    4.576177 ^ clkbuf_1_1__f_clk/X (sky130_fd_sc_hd__clkbuf_16)
                                                         clknet_1_1__leaf_clk (net)
                      0.033508    0.000029    4.576205 ^ _111_/CLK (sky130_fd_sc_hd__dfrtp_1)
                                 -0.250000    4.326205   clock uncertainty
                                  0.000000    4.326205   clock reconvergence pessimism
                                 -0.121119    4.205087   library setup time
                                              4.205087   data required time
---------------------------------------------------------------------------------------------
                                              4.205087   data required time
                                             -2.260269   data arrival time
---------------------------------------------------------------------------------------------
                                              1.944818   slack (MET)


Startpoint: up_down (input port clocked by clk)
Endpoint: _112_ (rising edge-triggered flip-flop clocked by clk)
Path Group: clk
Path Type: max

Fanout         Cap        Slew       Delay        Time   Description
---------------------------------------------------------------------------------------------
                                  0.000000    0.000000   clock clk (rise edge)
                                  0.000000    0.000000   clock network delay (propagated)
                                  0.860000    0.860000 v input external delay
     1    0.002501    0.007942    0.003908    0.863908 v up_down (in)
                                                         up_down (net)
                      0.007942    0.000000    0.863908 v input12/A (sky130_fd_sc_hd__buf_1)
     4    0.008845    0.058049    0.099835    0.963743 v input12/X (sky130_fd_sc_hd__buf_1)
                                                         net12 (net)
                      0.058049    0.000004    0.963747 v fanout21/A (sky130_fd_sc_hd__clkbuf_4)
    10    0.035093    0.080835    0.190014    1.153762 v fanout21/X (sky130_fd_sc_hd__clkbuf_4)
                                                         net21 (net)
                      0.080835    0.000134    1.153895 v _062_/B (sky130_fd_sc_hd__xor2_1)
     3    0.007743    0.078885    0.171643    1.325538 v _062_/X (sky130_fd_sc_hd__xor2_1)
                                                         _015_ (net)
                      0.078885    0.000008    1.325546 v _067_/A2 (sky130_fd_sc_hd__o21a_1)
     3    0.009235    0.063482    0.208469    1.534015 v _067_/X (sky130_fd_sc_hd__o21a_1)
                                                         _019_ (net)
                      0.063482    0.000036    1.534051 v _080_/A1 (sky130_fd_sc_hd__o31ai_2)
     4    0.010332    0.293164    0.325726    1.859777 ^ _080_/Y (sky130_fd_sc_hd__o31ai_2)
                                                         _030_ (net)
                      0.293164    0.000034    1.859811 ^ _085_/A (sky130_fd_sc_hd__nand2_1)
     1    0.002588    0.073025    0.082932    1.942743 v _085_/Y (sky130_fd_sc_hd__nand2_1)
                                                         _035_ (net)
                      0.073025    0.000005    1.942748 v _087_/A3 (sky130_fd_sc_hd__a31o_1)
     1    0.002383    0.035899    0.217810    2.160558 v _087_/X (sky130_fd_sc_hd__a31o_1)
                                                         _004_ (net)
                      0.035899    0.000005    2.160563 v _112_/D (sky130_fd_sc_hd__dfrtp_1)
                                              2.160563   data arrival time

                                  4.300000    4.300000   clock clk (rise edge)
                                  0.000000    4.300000   clock source latency
     1    0.010478    0.053543    0.035557    4.335557 ^ clk (in)
                                                         clk (net)
                      0.053543    0.000000    4.335557 ^ clkbuf_0_clk/A (sky130_fd_sc_hd__clkbuf_16)
     2    0.017682    0.039871    0.126357    4.461914 ^ clkbuf_0_clk/X (sky130_fd_sc_hd__clkbuf_16)
                                                         clknet_0_clk (net)
                      0.039871    0.000069    4.461983 ^ clkbuf_1_0__f_clk/A (sky130_fd_sc_hd__clkbuf_16)
     5    0.012425    0.035399    0.116351    4.578335 ^ clkbuf_1_0__f_clk/X (sky130_fd_sc_hd__clkbuf_16)
                                                         clknet_1_0__leaf_clk (net)
                      0.035399    0.000015    4.578350 ^ _112_/CLK (sky130_fd_sc_hd__dfrtp_1)
                                 -0.250000    4.328350   clock uncertainty
                                  0.000000    4.328350   clock reconvergence pessimism
                                 -0.112497    4.215852   library setup time
                                              4.215852   data required time
---------------------------------------------------------------------------------------------
                                              4.215852   data required time
                                             -2.160563   data arrival time
---------------------------------------------------------------------------------------------
                                              2.055289   slack (MET)


Startpoint: up_down (input port clocked by clk)
Endpoint: _110_ (rising edge-triggered flip-flop clocked by clk)
Path Group: clk
Path Type: max

Fanout         Cap        Slew       Delay        Time   Description
---------------------------------------------------------------------------------------------
                                  0.000000    0.000000   clock clk (rise edge)
                                  0.000000    0.000000   clock network delay (propagated)
                                  0.860000    0.860000 v input external delay
     1    0.002501    0.007942    0.003908    0.863908 v up_down (in)
                                                         up_down (net)
                      0.007942    0.000000    0.863908 v input12/A (sky130_fd_sc_hd__buf_1)
     4    0.008845    0.058049    0.099835    0.963743 v input12/X (sky130_fd_sc_hd__buf_1)
                                                         net12 (net)
                      0.058049    0.000004    0.963747 v fanout21/A (sky130_fd_sc_hd__clkbuf_4)
    10    0.035093    0.080835    0.190014    1.153762 v fanout21/X (sky130_fd_sc_hd__clkbuf_4)
                                                         net21 (net)
                      0.080835    0.000134    1.153895 v _062_/B (sky130_fd_sc_hd__xor2_1)
     3    0.007743    0.078885    0.171643    1.325538 v _062_/X (sky130_fd_sc_hd__xor2_1)
                                                         _015_ (net)
                      0.078885    0.000008    1.325546 v _067_/A2 (sky130_fd_sc_hd__o21a_1)
     3    0.009235    0.063482    0.208469    1.534015 v _067_/X (sky130_fd_sc_hd__o21a_1)
                                                         _019_ (net)
                      0.063482    0.000034    1.534049 v _070_/A (sky130_fd_sc_hd__or2_1)
     2    0.004655    0.058625    0.238878    1.772927 v _070_/X (sky130_fd_sc_hd__or2_1)
                                                         _022_ (net)
                      0.058625    0.000004    1.772931 v _072_/A3 (sky130_fd_sc_hd__a31o_1)
     1    0.002328    0.035626    0.211393    1.984324 v _072_/X (sky130_fd_sc_hd__a31o_1)
                                                         _002_ (net)
                      0.035626    0.000005    1.984329 v _110_/D (sky130_fd_sc_hd__dfrtp_2)
                                              1.984329   data arrival time

                                  4.300000    4.300000   clock clk (rise edge)
                                  0.000000    4.300000   clock source latency
     1    0.010478    0.053543    0.035557    4.335557 ^ clk (in)
                                                         clk (net)
                      0.053543    0.000000    4.335557 ^ clkbuf_0_clk/A (sky130_fd_sc_hd__clkbuf_16)
     2    0.017682    0.039871    0.126357    4.461914 ^ clkbuf_0_clk/X (sky130_fd_sc_hd__clkbuf_16)
                                                         clknet_0_clk (net)
                      0.039871    0.000069    4.461983 ^ clkbuf_1_0__f_clk/A (sky130_fd_sc_hd__clkbuf_16)
     5    0.012425    0.035399    0.116351    4.578335 ^ clkbuf_1_0__f_clk/X (sky130_fd_sc_hd__clkbuf_16)
                                                         clknet_1_0__leaf_clk (net)
                      0.035399    0.000028    4.578363 ^ _110_/CLK (sky130_fd_sc_hd__dfrtp_2)
                                 -0.250000    4.328362   clock uncertainty
                                  0.000000    4.328362   clock reconvergence pessimism
                                 -0.113599    4.214763   library setup time
                                              4.214763   data required time
---------------------------------------------------------------------------------------------
                                              4.214763   data required time
                                             -1.984329   data arrival time
---------------------------------------------------------------------------------------------
                                              2.230435   slack (MET)


Startpoint: _110_ (rising edge-triggered flip-flop clocked by clk)
Endpoint: count[2] (output port clocked by clk)
Path Group: clk
Path Type: max

Fanout         Cap        Slew       Delay        Time   Description
---------------------------------------------------------------------------------------------
                                  0.000000    0.000000   clock clk (rise edge)
                                  0.000000    0.000000   clock source latency
     1    0.010478    0.053543    0.035557    0.035557 ^ clk (in)
                                                         clk (net)
                      0.053543    0.000000    0.035557 ^ clkbuf_0_clk/A (sky130_fd_sc_hd__clkbuf_16)
     2    0.017682    0.039871    0.126357    0.161914 ^ clkbuf_0_clk/X (sky130_fd_sc_hd__clkbuf_16)
                                                         clknet_0_clk (net)
                      0.039871    0.000069    0.161983 ^ clkbuf_1_0__f_clk/A (sky130_fd_sc_hd__clkbuf_16)
     5    0.012425    0.035399    0.116351    0.278335 ^ clkbuf_1_0__f_clk/X (sky130_fd_sc_hd__clkbuf_16)
                                                         clknet_1_0__leaf_clk (net)
                      0.035399    0.000028    0.278363 ^ _110_/CLK (sky130_fd_sc_hd__dfrtp_2)
     5    0.017158    0.072575    0.424781    0.703144 v _110_/Q (sky130_fd_sc_hd__dfrtp_2)
                                                         net15 (net)
                      0.072575    0.000023    0.703167 v output15/A (sky130_fd_sc_hd__buf_2)
     1    0.033936    0.088493    0.192302    0.895468 v output15/X (sky130_fd_sc_hd__buf_2)
                                                         count[2] (net)
                      0.088493    0.000070    0.895539 v count[2] (out)
                                              0.895539   data arrival time

                                  4.300000    4.300000   clock clk (rise edge)
                                  0.000000    4.300000   clock network delay (propagated)
                                 -0.250000    4.050000   clock uncertainty
                                  0.000000    4.050000   clock reconvergence pessimism
                                 -0.860000    3.190000   output external delay
                                              3.190000   data required time
---------------------------------------------------------------------------------------------
                                              3.190000   data required time
                                             -0.895539   data arrival time
---------------------------------------------------------------------------------------------
                                              2.294461   slack (MET)


Startpoint: _113_ (rising edge-triggered flip-flop clocked by clk)
Endpoint: count[5] (output port clocked by clk)
Path Group: clk
Path Type: max

Fanout         Cap        Slew       Delay        Time   Description
---------------------------------------------------------------------------------------------
                                  0.000000    0.000000   clock clk (rise edge)
                                  0.000000    0.000000   clock source latency
     1    0.010478    0.053543    0.035557    0.035557 ^ clk (in)
                                                         clk (net)
                      0.053543    0.000000    0.035557 ^ clkbuf_0_clk/A (sky130_fd_sc_hd__clkbuf_16)
     2    0.017682    0.039871    0.126357    0.161914 ^ clkbuf_0_clk/X (sky130_fd_sc_hd__clkbuf_16)
                                                         clknet_0_clk (net)
                      0.039871    0.000045    0.161959 ^ clkbuf_1_1__f_clk/A (sky130_fd_sc_hd__clkbuf_16)
     4    0.010206    0.033508    0.114217    0.276176 ^ clkbuf_1_1__f_clk/X (sky130_fd_sc_hd__clkbuf_16)
                                                         clknet_1_1__leaf_clk (net)
                      0.033508    0.000018    0.276195 ^ _113_/CLK (sky130_fd_sc_hd__dfrtp_1)
     4    0.014579    0.137744    0.386670    0.662865 ^ _113_/Q (sky130_fd_sc_hd__dfrtp_1)
                                                         net18 (net)
                      0.137744    0.000039    0.662904 ^ output18/A (sky130_fd_sc_hd__buf_2)
     1    0.034048    0.169473    0.230430    0.893334 ^ output18/X (sky130_fd_sc_hd__buf_2)
                                                         count[5] (net)
                      0.169473    0.000096    0.893429 ^ count[5] (out)
                                              0.893429   data arrival time

                                  4.300000    4.300000   clock clk (rise edge)
                                  0.000000    4.300000   clock network delay (propagated)
                                 -0.250000    4.050000   clock uncertainty
                                  0.000000    4.050000   clock reconvergence pessimism
                                 -0.860000    3.190000   output external delay
                                              3.190000   data required time
---------------------------------------------------------------------------------------------
                                              3.190000   data required time
                                             -0.893429   data arrival time
---------------------------------------------------------------------------------------------
                                              2.296571   slack (MET)


Startpoint: _109_ (rising edge-triggered flip-flop clocked by clk)
Endpoint: count[1] (output port clocked by clk)
Path Group: clk
Path Type: max

Fanout         Cap        Slew       Delay        Time   Description
---------------------------------------------------------------------------------------------
                                  0.000000    0.000000   clock clk (rise edge)
                                  0.000000    0.000000   clock source latency
     1    0.010478    0.053543    0.035557    0.035557 ^ clk (in)
                                                         clk (net)
                      0.053543    0.000000    0.035557 ^ clkbuf_0_clk/A (sky130_fd_sc_hd__clkbuf_16)
     2    0.017682    0.039871    0.126357    0.161914 ^ clkbuf_0_clk/X (sky130_fd_sc_hd__clkbuf_16)
                                                         clknet_0_clk (net)
                      0.039871    0.000069    0.161983 ^ clkbuf_1_0__f_clk/A (sky130_fd_sc_hd__clkbuf_16)
     5    0.012425    0.035399    0.116351    0.278335 ^ clkbuf_1_0__f_clk/X (sky130_fd_sc_hd__clkbuf_16)
                                                         clknet_1_0__leaf_clk (net)
                      0.035399    0.000020    0.278355 ^ _109_/CLK (sky130_fd_sc_hd__dfrtp_1)
     4    0.013110    0.128763    0.378499    0.656854 ^ _109_/Q (sky130_fd_sc_hd__dfrtp_1)
                                                         net14 (net)
                      0.128763    0.000028    0.656882 ^ output14/A (sky130_fd_sc_hd__buf_2)
     1    0.034296    0.170639    0.228757    0.885639 ^ output14/X (sky130_fd_sc_hd__buf_2)
                                                         count[1] (net)
                      0.170639    0.000191    0.885830 ^ count[1] (out)
                                              0.885830   data arrival time

                                  4.300000    4.300000   clock clk (rise edge)
                                  0.000000    4.300000   clock network delay (propagated)
                                 -0.250000    4.050000   clock uncertainty
                                  0.000000    4.050000   clock reconvergence pessimism
                                 -0.860000    3.190000   output external delay
                                              3.190000   data required time
---------------------------------------------------------------------------------------------
                                              3.190000   data required time
                                             -0.885830   data arrival time
---------------------------------------------------------------------------------------------
                                              2.304170   slack (MET)


Startpoint: _111_ (rising edge-triggered flip-flop clocked by clk)
Endpoint: count[3] (output port clocked by clk)
Path Group: clk
Path Type: max

Fanout         Cap        Slew       Delay        Time   Description
---------------------------------------------------------------------------------------------
                                  0.000000    0.000000   clock clk (rise edge)
                                  0.000000    0.000000   clock source latency
     1    0.010478    0.053543    0.035557    0.035557 ^ clk (in)
                                                         clk (net)
                      0.053543    0.000000    0.035557 ^ clkbuf_0_clk/A (sky130_fd_sc_hd__clkbuf_16)
     2    0.017682    0.039871    0.126357    0.161914 ^ clkbuf_0_clk/X (sky130_fd_sc_hd__clkbuf_16)
                                                         clknet_0_clk (net)
                      0.039871    0.000045    0.161959 ^ clkbuf_1_1__f_clk/A (sky130_fd_sc_hd__clkbuf_16)
     4    0.010206    0.033508    0.114217    0.276176 ^ clkbuf_1_1__f_clk/X (sky130_fd_sc_hd__clkbuf_16)
                                                         clknet_1_1__leaf_clk (net)
                      0.033508    0.000029    0.276205 ^ _111_/CLK (sky130_fd_sc_hd__dfrtp_1)
     4    0.013231    0.129753    0.378525    0.654730 ^ _111_/Q (sky130_fd_sc_hd__dfrtp_1)
                                                         net16 (net)
                      0.129753    0.000027    0.654756 ^ output16/A (sky130_fd_sc_hd__buf_2)
     1    0.033989    0.169185    0.228083    0.882839 ^ output16/X (sky130_fd_sc_hd__buf_2)
                                                         count[3] (net)
                      0.169185    0.000083    0.882922 ^ count[3] (out)
                                              0.882922   data arrival time

                                  4.300000    4.300000   clock clk (rise edge)
                                  0.000000    4.300000   clock network delay (propagated)
                                 -0.250000    4.050000   clock uncertainty
                                  0.000000    4.050000   clock reconvergence pessimism
                                 -0.860000    3.190000   output external delay
                                              3.190000   data required time
---------------------------------------------------------------------------------------------
                                              3.190000   data required time
                                             -0.882922   data arrival time
---------------------------------------------------------------------------------------------
                                              2.307078   slack (MET)


Startpoint: _112_ (rising edge-triggered flip-flop clocked by clk)
Endpoint: count[4] (output port clocked by clk)
Path Group: clk
Path Type: max

Fanout         Cap        Slew       Delay        Time   Description
---------------------------------------------------------------------------------------------
                                  0.000000    0.000000   clock clk (rise edge)
                                  0.000000    0.000000   clock source latency
     1    0.010478    0.053543    0.035557    0.035557 ^ clk (in)
                                                         clk (net)
                      0.053543    0.000000    0.035557 ^ clkbuf_0_clk/A (sky130_fd_sc_hd__clkbuf_16)
     2    0.017682    0.039871    0.126357    0.161914 ^ clkbuf_0_clk/X (sky130_fd_sc_hd__clkbuf_16)
                                                         clknet_0_clk (net)
                      0.039871    0.000069    0.161983 ^ clkbuf_1_0__f_clk/A (sky130_fd_sc_hd__clkbuf_16)
     5    0.012425    0.035399    0.116351    0.278335 ^ clkbuf_1_0__f_clk/X (sky130_fd_sc_hd__clkbuf_16)
                                                         clknet_1_0__leaf_clk (net)
                      0.035399    0.000015    0.278349 ^ _112_/CLK (sky130_fd_sc_hd__dfrtp_1)
     5    0.012224    0.121489    0.373121    0.651470 ^ _112_/Q (sky130_fd_sc_hd__dfrtp_1)
                                                         net17 (net)
                      0.121489    0.000021    0.651491 ^ output17/A (sky130_fd_sc_hd__buf_2)
     1    0.034117    0.169773    0.226155    0.877647 ^ output17/X (sky130_fd_sc_hd__buf_2)
                                                         count[4] (net)
                      0.169773    0.000112    0.877758 ^ count[4] (out)
                                              0.877758   data arrival time

                                  4.300000    4.300000   clock clk (rise edge)
                                  0.000000    4.300000   clock network delay (propagated)
                                 -0.250000    4.050000   clock uncertainty
                                  0.000000    4.050000   clock reconvergence pessimism
                                 -0.860000    3.190000   output external delay
                                              3.190000   data required time
---------------------------------------------------------------------------------------------
                                              3.190000   data required time
                                             -0.877758   data arrival time
---------------------------------------------------------------------------------------------
                                              2.312242   slack (MET)


Startpoint: _108_ (rising edge-triggered flip-flop clocked by clk)
Endpoint: count[0] (output port clocked by clk)
Path Group: clk
Path Type: max

Fanout         Cap        Slew       Delay        Time   Description
---------------------------------------------------------------------------------------------
                                  0.000000    0.000000   clock clk (rise edge)
                                  0.000000    0.000000   clock source latency
     1    0.010478    0.053543    0.035557    0.035557 ^ clk (in)
                                                         clk (net)
                      0.053543    0.000000    0.035557 ^ clkbuf_0_clk/A (sky130_fd_sc_hd__clkbuf_16)
     2    0.017682    0.039871    0.126357    0.161914 ^ clkbuf_0_clk/X (sky130_fd_sc_hd__clkbuf_16)
                                                         clknet_0_clk (net)
                      0.039871    0.000069    0.161983 ^ clkbuf_1_0__f_clk/A (sky130_fd_sc_hd__clkbuf_16)
     5    0.012425    0.035399    0.116351    0.278335 ^ clkbuf_1_0__f_clk/X (sky130_fd_sc_hd__clkbuf_16)
                                                         clknet_1_0__leaf_clk (net)
                      0.035399    0.000010    0.278345 ^ _108_/CLK (sky130_fd_sc_hd__dfrtp_1)
     3    0.009692    0.100715    0.357765    0.636110 ^ _108_/Q (sky130_fd_sc_hd__dfrtp_1)
                                                         net13 (net)
                      0.100715    0.000025    0.636135 ^ output13/A (sky130_fd_sc_hd__buf_2)
     1    0.034381    0.170894    0.219356    0.855491 ^ output13/X (sky130_fd_sc_hd__buf_2)
                                                         count[0] (net)
                      0.170894    0.000144    0.855636 ^ count[0] (out)
                                              0.855636   data arrival time

                                  4.300000    4.300000   clock clk (rise edge)
                                  0.000000    4.300000   clock network delay (propagated)
                                 -0.250000    4.050000   clock uncertainty
                                  0.000000    4.050000   clock reconvergence pessimism
                                 -0.860000    3.190000   output external delay
                                              3.190000   data required time
---------------------------------------------------------------------------------------------
                                              3.190000   data required time
                                             -0.855636   data arrival time
---------------------------------------------------------------------------------------------
                                              2.334364   slack (MET)


Startpoint: _115_ (rising edge-triggered flip-flop clocked by clk)
Endpoint: count[7] (output port clocked by clk)
Path Group: clk
Path Type: max

Fanout         Cap        Slew       Delay        Time   Description
---------------------------------------------------------------------------------------------
                                  0.000000    0.000000   clock clk (rise edge)
                                  0.000000    0.000000   clock source latency
     1    0.010478    0.053543    0.035557    0.035557 ^ clk (in)
                                                         clk (net)
                      0.053543    0.000000    0.035557 ^ clkbuf_0_clk/A (sky130_fd_sc_hd__clkbuf_16)
     2    0.017682    0.039871    0.126357    0.161914 ^ clkbuf_0_clk/X (sky130_fd_sc_hd__clkbuf_16)
                                                         clknet_0_clk (net)
                      0.039871    0.000045    0.161959 ^ clkbuf_1_1__f_clk/A (sky130_fd_sc_hd__clkbuf_16)
     4    0.010206    0.033508    0.114217    0.276176 ^ clkbuf_1_1__f_clk/X (sky130_fd_sc_hd__clkbuf_16)
                                                         clknet_1_1__leaf_clk (net)
                      0.033508    0.000023    0.276199 ^ _115_/CLK (sky130_fd_sc_hd__dfrtp_1)
     3    0.009670    0.100527    0.356922    0.633122 ^ _115_/Q (sky130_fd_sc_hd__dfrtp_1)
                                                         net20 (net)
                      0.100527    0.000006    0.633128 ^ output20/A (sky130_fd_sc_hd__buf_2)
     1    0.034006    0.169127    0.218081    0.851209 ^ output20/X (sky130_fd_sc_hd__buf_2)
                                                         count[7] (net)
                      0.169127    0.000086    0.851295 ^ count[7] (out)
                                              0.851295   data arrival time

                                  4.300000    4.300000   clock clk (rise edge)
                                  0.000000    4.300000   clock network delay (propagated)
                                 -0.250000    4.050000   clock uncertainty
                                  0.000000    4.050000   clock reconvergence pessimism
                                 -0.860000    3.190000   output external delay
                                              3.190000   data required time
---------------------------------------------------------------------------------------------
                                              3.190000   data required time
                                             -0.851295   data arrival time
---------------------------------------------------------------------------------------------
                                              2.338705   slack (MET)


Startpoint: _114_ (rising edge-triggered flip-flop clocked by clk)
Endpoint: count[6] (output port clocked by clk)
Path Group: clk
Path Type: max

Fanout         Cap        Slew       Delay        Time   Description
---------------------------------------------------------------------------------------------
                                  0.000000    0.000000   clock clk (rise edge)
                                  0.000000    0.000000   clock source latency
     1    0.010478    0.053543    0.035557    0.035557 ^ clk (in)
                                                         clk (net)
                      0.053543    0.000000    0.035557 ^ clkbuf_0_clk/A (sky130_fd_sc_hd__clkbuf_16)
     2    0.017682    0.039871    0.126357    0.161914 ^ clkbuf_0_clk/X (sky130_fd_sc_hd__clkbuf_16)
                                                         clknet_0_clk (net)
                      0.039871    0.000045    0.161959 ^ clkbuf_1_1__f_clk/A (sky130_fd_sc_hd__clkbuf_16)
     4    0.010206    0.033508    0.114217    0.276176 ^ clkbuf_1_1__f_clk/X (sky130_fd_sc_hd__clkbuf_16)
                                                         clknet_1_1__leaf_clk (net)
                      0.033508    0.000017    0.276193 ^ _114_/CLK (sky130_fd_sc_hd__dfrtp_1)
     4    0.008338    0.065951    0.379460    0.655652 v _114_/Q (sky130_fd_sc_hd__dfrtp_1)
                                                         net19 (net)
                      0.065951    0.000028    0.655680 v output19/A (sky130_fd_sc_hd__clkbuf_4)
     1    0.034476    0.079782    0.192535    0.848215 v output19/X (sky130_fd_sc_hd__clkbuf_4)
                                                         count[6] (net)
                      0.079782    0.000231    0.848446 v count[6] (out)
                                              0.848446   data arrival time

                                  4.300000    4.300000   clock clk (rise edge)
                                  0.000000    4.300000   clock network delay (propagated)
                                 -0.250000    4.050000   clock uncertainty
                                  0.000000    4.050000   clock reconvergence pessimism
                                 -0.860000    3.190000   output external delay
                                              3.190000   data required time
---------------------------------------------------------------------------------------------
                                              3.190000   data required time
                                             -0.848446   data arrival time
---------------------------------------------------------------------------------------------
                                              2.341554   slack (MET)


Startpoint: up_down (input port clocked by clk)
Endpoint: _109_ (rising edge-triggered flip-flop clocked by clk)
Path Group: clk
Path Type: max

Fanout         Cap        Slew       Delay        Time   Description
---------------------------------------------------------------------------------------------
                                  0.000000    0.000000   clock clk (rise edge)
                                  0.000000    0.000000   clock network delay (propagated)
                                  0.860000    0.860000 ^ input external delay
     1    0.002677    0.019893    0.009864    0.869864 ^ up_down (in)
                                                         up_down (net)
                      0.019893    0.000000    0.869864 ^ input12/A (sky130_fd_sc_hd__buf_1)
     4    0.009436    0.118227    0.124665    0.994529 ^ input12/X (sky130_fd_sc_hd__buf_1)
                                                         net12 (net)
                      0.118227    0.000004    0.994534 ^ fanout21/A (sky130_fd_sc_hd__clkbuf_4)
    10    0.037477    0.121386    0.219137    1.213671 ^ fanout21/X (sky130_fd_sc_hd__clkbuf_4)
                                                         net21 (net)
                      0.121386    0.000143    1.213814 ^ _062_/B (sky130_fd_sc_hd__xor2_1)
     3    0.008551    0.220433    0.229785    1.443599 ^ _062_/X (sky130_fd_sc_hd__xor2_1)
                                                         _015_ (net)
                      0.220433    0.000008    1.443607 ^ _063_/B (sky130_fd_sc_hd__nand2_1)
     1    0.003098    0.055702    0.084155    1.527762 v _063_/Y (sky130_fd_sc_hd__nand2_1)
                                                         _016_ (net)
                      0.055702    0.000012    1.527774 v _066_/A1 (sky130_fd_sc_hd__a21o_1)
     1    0.002216    0.031359    0.150461    1.678235 v _066_/X (sky130_fd_sc_hd__a21o_1)
                                                         _001_ (net)
                      0.031359    0.000003    1.678238 v _109_/D (sky130_fd_sc_hd__dfrtp_1)
                                              1.678238   data arrival time

                                  4.300000    4.300000   clock clk (rise edge)
                                  0.000000    4.300000   clock source latency
     1    0.010478    0.053543    0.035557    4.335557 ^ clk (in)
                                                         clk (net)
                      0.053543    0.000000    4.335557 ^ clkbuf_0_clk/A (sky130_fd_sc_hd__clkbuf_16)
     2    0.017682    0.039871    0.126357    4.461914 ^ clkbuf_0_clk/X (sky130_fd_sc_hd__clkbuf_16)
                                                         clknet_0_clk (net)
                      0.039871    0.000069    4.461983 ^ clkbuf_1_0__f_clk/A (sky130_fd_sc_hd__clkbuf_16)
     5    0.012425    0.035399    0.116351    4.578335 ^ clkbuf_1_0__f_clk/X (sky130_fd_sc_hd__clkbuf_16)
                                                         clknet_1_0__leaf_clk (net)
                      0.035399    0.000020    4.578355 ^ _109_/CLK (sky130_fd_sc_hd__dfrtp_1)
                                 -0.250000    4.328355   clock uncertainty
                                  0.000000    4.328355   clock reconvergence pessimism
                                 -0.110516    4.217840   library setup time
                                              4.217840   data required time
---------------------------------------------------------------------------------------------
                                              4.217840   data required time
                                             -1.678238   data arrival time
---------------------------------------------------------------------------------------------
                                              2.539601   slack (MET)


Startpoint: preload (input port clocked by clk)
Endpoint: _108_ (rising edge-triggered flip-flop clocked by clk)
Path Group: clk
Path Type: max

Fanout         Cap        Slew       Delay        Time   Description
---------------------------------------------------------------------------------------------
                                  0.000000    0.000000   clock clk (rise edge)
                                  0.000000    0.000000   clock network delay (propagated)
                                  0.860000    0.860000 v input external delay
     1    0.002184    0.007216    0.003376    0.863375 v preload (in)
                                                         preload (net)
                      0.007216    0.000000    0.863375 v input10/A (sky130_fd_sc_hd__buf_2)
    10    0.032310    0.085112    0.160946    1.024322 v input10/X (sky130_fd_sc_hd__buf_2)
                                                         net10 (net)
                      0.085113    0.000350    1.024672 v _057_/A (sky130_fd_sc_hd__nor2_2)
     8    0.027871    0.311843    0.295553    1.320225 ^ _057_/Y (sky130_fd_sc_hd__nor2_2)
                                                         _011_ (net)
                      0.311843    0.000145    1.320370 ^ _059_/B1 (sky130_fd_sc_hd__a22o_1)
     1    0.003261    0.054579    0.180820    1.501190 ^ _059_/X (sky130_fd_sc_hd__a22o_1)
                                                         _013_ (net)
                      0.054579    0.000014    1.501204 ^ _060_/B1 (sky130_fd_sc_hd__a21oi_1)
     1    0.002460    0.046538    0.038381    1.539585 v _060_/Y (sky130_fd_sc_hd__a21oi_1)
                                                         _000_ (net)
                      0.046538    0.000007    1.539593 v _108_/D (sky130_fd_sc_hd__dfrtp_1)
                                              1.539593   data arrival time

                                  4.300000    4.300000   clock clk (rise edge)
                                  0.000000    4.300000   clock source latency
     1    0.010478    0.053543    0.035557    4.335557 ^ clk (in)
                                                         clk (net)
                      0.053543    0.000000    4.335557 ^ clkbuf_0_clk/A (sky130_fd_sc_hd__clkbuf_16)
     2    0.017682    0.039871    0.126357    4.461914 ^ clkbuf_0_clk/X (sky130_fd_sc_hd__clkbuf_16)
                                                         clknet_0_clk (net)
                      0.039871    0.000069    4.461983 ^ clkbuf_1_0__f_clk/A (sky130_fd_sc_hd__clkbuf_16)
     5    0.012425    0.035399    0.116351    4.578335 ^ clkbuf_1_0__f_clk/X (sky130_fd_sc_hd__clkbuf_16)
                                                         clknet_1_0__leaf_clk (net)
                      0.035399    0.000010    4.578345 ^ _108_/CLK (sky130_fd_sc_hd__dfrtp_1)
                                 -0.250000    4.328345   clock uncertainty
                                  0.000000    4.328345   clock reconvergence pessimism
                                 -0.117142    4.211203   library setup time
                                              4.211203   data required time
---------------------------------------------------------------------------------------------
                                              4.211203   data required time
                                             -1.539593   data arrival time
---------------------------------------------------------------------------------------------
                                              2.671610   slack (MET)


Startpoint: resetn (input port clocked by clk)
Endpoint: _110_ (recovery check against rising-edge clock clk)
Path Group: asynchronous
Path Type: max

Fanout         Cap        Slew       Delay        Time   Description
---------------------------------------------------------------------------------------------
                                  0.000000    0.000000   clock clk (rise edge)
                                  0.000000    0.000000   clock network delay (propagated)
                                  0.860000    0.860000 ^ input external delay
     1    0.002825    0.019840    0.010384    0.870384 ^ resetn (in)
                                                         resetn (net)
                      0.019840    0.000000    0.870384 ^ hold1/A (sky130_fd_sc_hd__dlygate4sd3_1)
     1    0.002221    0.049958    0.521136    1.391520 ^ hold1/X (sky130_fd_sc_hd__dlygate4sd3_1)
                                                         net22 (net)
                      0.049958    0.000006    1.391526 ^ input11/A (sky130_fd_sc_hd__buf_2)
     8    0.035952    0.177882    0.205806    1.597332 ^ input11/X (sky130_fd_sc_hd__buf_2)
                                                         net11 (net)
                      0.177882    0.000112    1.597444 ^ _110_/RESET_B (sky130_fd_sc_hd__dfrtp_2)
                                              1.597444   data arrival time

                                  4.300000    4.300000   clock clk (rise edge)
                                  0.000000    4.300000   clock source latency
     1    0.010478    0.053543    0.035557    4.335557 ^ clk (in)
                                                         clk (net)
                      0.053543    0.000000    4.335557 ^ clkbuf_0_clk/A (sky130_fd_sc_hd__clkbuf_16)
     2    0.017682    0.039871    0.126357    4.461914 ^ clkbuf_0_clk/X (sky130_fd_sc_hd__clkbuf_16)
                                                         clknet_0_clk (net)
                      0.039871    0.000069    4.461983 ^ clkbuf_1_0__f_clk/A (sky130_fd_sc_hd__clkbuf_16)
     5    0.012425    0.035399    0.116351    4.578335 ^ clkbuf_1_0__f_clk/X (sky130_fd_sc_hd__clkbuf_16)
                                                         clknet_1_0__leaf_clk (net)
                      0.035399    0.000028    4.578363 ^ _110_/CLK (sky130_fd_sc_hd__dfrtp_2)
                                 -0.250000    4.328362   clock uncertainty
                                  0.000000    4.328362   clock reconvergence pessimism
                                  0.176521    4.504883   library recovery time
                                              4.504883   data required time
---------------------------------------------------------------------------------------------
                                              4.504883   data required time
                                             -1.597444   data arrival time
---------------------------------------------------------------------------------------------
                                              2.907439   slack (MET)


Startpoint: resetn (input port clocked by clk)
Endpoint: _115_ (recovery check against rising-edge clock clk)
Path Group: asynchronous
Path Type: max

Fanout         Cap        Slew       Delay        Time   Description
---------------------------------------------------------------------------------------------
                                  0.000000    0.000000   clock clk (rise edge)
                                  0.000000    0.000000   clock network delay (propagated)
                                  0.860000    0.860000 ^ input external delay
     1    0.002825    0.019840    0.010384    0.870384 ^ resetn (in)
                                                         resetn (net)
                      0.019840    0.000000    0.870384 ^ hold1/A (sky130_fd_sc_hd__dlygate4sd3_1)
     1    0.002221    0.049958    0.521136    1.391520 ^ hold1/X (sky130_fd_sc_hd__dlygate4sd3_1)
                                                         net22 (net)
                      0.049958    0.000006    1.391526 ^ input11/A (sky130_fd_sc_hd__buf_2)
     8    0.035952    0.177882    0.205806    1.597332 ^ input11/X (sky130_fd_sc_hd__buf_2)
                                                         net11 (net)
                      0.177882    0.000295    1.597627 ^ _115_/RESET_B (sky130_fd_sc_hd__dfrtp_1)
                                              1.597627   data arrival time

                                  4.300000    4.300000   clock clk (rise edge)
                                  0.000000    4.300000   clock source latency
     1    0.010478    0.053543    0.035557    4.335557 ^ clk (in)
                                                         clk (net)
                      0.053543    0.000000    4.335557 ^ clkbuf_0_clk/A (sky130_fd_sc_hd__clkbuf_16)
     2    0.017682    0.039871    0.126357    4.461914 ^ clkbuf_0_clk/X (sky130_fd_sc_hd__clkbuf_16)
                                                         clknet_0_clk (net)
                      0.039871    0.000045    4.461959 ^ clkbuf_1_1__f_clk/A (sky130_fd_sc_hd__clkbuf_16)
     4    0.010206    0.033508    0.114217    4.576177 ^ clkbuf_1_1__f_clk/X (sky130_fd_sc_hd__clkbuf_16)
                                                         clknet_1_1__leaf_clk (net)
                      0.033508    0.000023    4.576199 ^ _115_/CLK (sky130_fd_sc_hd__dfrtp_1)
                                 -0.250000    4.326199   clock uncertainty
                                  0.000000    4.326199   clock reconvergence pessimism
                                  0.192344    4.518543   library recovery time
                                              4.518543   data required time
---------------------------------------------------------------------------------------------
                                              4.518543   data required time
                                             -1.597627   data arrival time
---------------------------------------------------------------------------------------------
                                              2.920917   slack (MET)


Startpoint: resetn (input port clocked by clk)
Endpoint: _111_ (recovery check against rising-edge clock clk)
Path Group: asynchronous
Path Type: max

Fanout         Cap        Slew       Delay        Time   Description
---------------------------------------------------------------------------------------------
                                  0.000000    0.000000   clock clk (rise edge)
                                  0.000000    0.000000   clock network delay (propagated)
                                  0.860000    0.860000 ^ input external delay
     1    0.002825    0.019840    0.010384    0.870384 ^ resetn (in)
                                                         resetn (net)
                      0.019840    0.000000    0.870384 ^ hold1/A (sky130_fd_sc_hd__dlygate4sd3_1)
     1    0.002221    0.049958    0.521136    1.391520 ^ hold1/X (sky130_fd_sc_hd__dlygate4sd3_1)
                                                         net22 (net)
                      0.049958    0.000006    1.391526 ^ input11/A (sky130_fd_sc_hd__buf_2)
     8    0.035952    0.177882    0.205806    1.597332 ^ input11/X (sky130_fd_sc_hd__buf_2)
                                                         net11 (net)
                      0.177882    0.000271    1.597603 ^ _111_/RESET_B (sky130_fd_sc_hd__dfrtp_1)
                                              1.597603   data arrival time

                                  4.300000    4.300000   clock clk (rise edge)
                                  0.000000    4.300000   clock source latency
     1    0.010478    0.053543    0.035557    4.335557 ^ clk (in)
                                                         clk (net)
                      0.053543    0.000000    4.335557 ^ clkbuf_0_clk/A (sky130_fd_sc_hd__clkbuf_16)
     2    0.017682    0.039871    0.126357    4.461914 ^ clkbuf_0_clk/X (sky130_fd_sc_hd__clkbuf_16)
                                                         clknet_0_clk (net)
                      0.039871    0.000045    4.461959 ^ clkbuf_1_1__f_clk/A (sky130_fd_sc_hd__clkbuf_16)
     4    0.010206    0.033508    0.114217    4.576177 ^ clkbuf_1_1__f_clk/X (sky130_fd_sc_hd__clkbuf_16)
                                                         clknet_1_1__leaf_clk (net)
                      0.033508    0.000029    4.576205 ^ _111_/CLK (sky130_fd_sc_hd__dfrtp_1)
                                 -0.250000    4.326205   clock uncertainty
                                  0.000000    4.326205   clock reconvergence pessimism
                                  0.192344    4.518549   library recovery time
                                              4.518549   data required time
---------------------------------------------------------------------------------------------
                                              4.518549   data required time
                                             -1.597603   data arrival time
---------------------------------------------------------------------------------------------
                                              2.920947   slack (MET)


Startpoint: resetn (input port clocked by clk)
Endpoint: _114_ (recovery check against rising-edge clock clk)
Path Group: asynchronous
Path Type: max

Fanout         Cap        Slew       Delay        Time   Description
---------------------------------------------------------------------------------------------
                                  0.000000    0.000000   clock clk (rise edge)
                                  0.000000    0.000000   clock network delay (propagated)
                                  0.860000    0.860000 ^ input external delay
     1    0.002825    0.019840    0.010384    0.870384 ^ resetn (in)
                                                         resetn (net)
                      0.019840    0.000000    0.870384 ^ hold1/A (sky130_fd_sc_hd__dlygate4sd3_1)
     1    0.002221    0.049958    0.521136    1.391520 ^ hold1/X (sky130_fd_sc_hd__dlygate4sd3_1)
                                                         net22 (net)
                      0.049958    0.000006    1.391526 ^ input11/A (sky130_fd_sc_hd__buf_2)
     8    0.035952    0.177882    0.205806    1.597332 ^ input11/X (sky130_fd_sc_hd__buf_2)
                                                         net11 (net)
                      0.177882    0.000230    1.597562 ^ _114_/RESET_B (sky130_fd_sc_hd__dfrtp_1)
                                              1.597562   data arrival time

                                  4.300000    4.300000   clock clk (rise edge)
                                  0.000000    4.300000   clock source latency
     1    0.010478    0.053543    0.035557    4.335557 ^ clk (in)
                                                         clk (net)
                      0.053543    0.000000    4.335557 ^ clkbuf_0_clk/A (sky130_fd_sc_hd__clkbuf_16)
     2    0.017682    0.039871    0.126357    4.461914 ^ clkbuf_0_clk/X (sky130_fd_sc_hd__clkbuf_16)
                                                         clknet_0_clk (net)
                      0.039871    0.000045    4.461959 ^ clkbuf_1_1__f_clk/A (sky130_fd_sc_hd__clkbuf_16)
     4    0.010206    0.033508    0.114217    4.576177 ^ clkbuf_1_1__f_clk/X (sky130_fd_sc_hd__clkbuf_16)
                                                         clknet_1_1__leaf_clk (net)
                      0.033508    0.000016    4.576193 ^ _114_/CLK (sky130_fd_sc_hd__dfrtp_1)
                                 -0.250000    4.326193   clock uncertainty
                                  0.000000    4.326193   clock reconvergence pessimism
                                  0.192344    4.518537   library recovery time
                                              4.518537   data required time
---------------------------------------------------------------------------------------------
                                              4.518537   data required time
                                             -1.597562   data arrival time
---------------------------------------------------------------------------------------------
                                              2.920975   slack (MET)


Startpoint: resetn (input port clocked by clk)
Endpoint: _113_ (recovery check against rising-edge clock clk)
Path Group: asynchronous
Path Type: max

Fanout         Cap        Slew       Delay        Time   Description
---------------------------------------------------------------------------------------------
                                  0.000000    0.000000   clock clk (rise edge)
                                  0.000000    0.000000   clock network delay (propagated)
                                  0.860000    0.860000 ^ input external delay
     1    0.002825    0.019840    0.010384    0.870384 ^ resetn (in)
                                                         resetn (net)
                      0.019840    0.000000    0.870384 ^ hold1/A (sky130_fd_sc_hd__dlygate4sd3_1)
     1    0.002221    0.049958    0.521136    1.391520 ^ hold1/X (sky130_fd_sc_hd__dlygate4sd3_1)
                                                         net22 (net)
                      0.049958    0.000006    1.391526 ^ input11/A (sky130_fd_sc_hd__buf_2)
     8    0.035952    0.177882    0.205806    1.597332 ^ input11/X (sky130_fd_sc_hd__buf_2)
                                                         net11 (net)
                      0.177882    0.000178    1.597510 ^ _113_/RESET_B (sky130_fd_sc_hd__dfrtp_1)
                                              1.597510   data arrival time

                                  4.300000    4.300000   clock clk (rise edge)
                                  0.000000    4.300000   clock source latency
     1    0.010478    0.053543    0.035557    4.335557 ^ clk (in)
                                                         clk (net)
                      0.053543    0.000000    4.335557 ^ clkbuf_0_clk/A (sky130_fd_sc_hd__clkbuf_16)
     2    0.017682    0.039871    0.126357    4.461914 ^ clkbuf_0_clk/X (sky130_fd_sc_hd__clkbuf_16)
                                                         clknet_0_clk (net)
                      0.039871    0.000045    4.461959 ^ clkbuf_1_1__f_clk/A (sky130_fd_sc_hd__clkbuf_16)
     4    0.010206    0.033508    0.114217    4.576177 ^ clkbuf_1_1__f_clk/X (sky130_fd_sc_hd__clkbuf_16)
                                                         clknet_1_1__leaf_clk (net)
                      0.033508    0.000018    4.576195 ^ _113_/CLK (sky130_fd_sc_hd__dfrtp_1)
                                 -0.250000    4.326195   clock uncertainty
                                  0.000000    4.326195   clock reconvergence pessimism
                                  0.192344    4.518539   library recovery time
                                              4.518539   data required time
---------------------------------------------------------------------------------------------
                                              4.518539   data required time
                                             -1.597510   data arrival time
---------------------------------------------------------------------------------------------
                                              2.921029   slack (MET)


Startpoint: resetn (input port clocked by clk)
Endpoint: _112_ (recovery check against rising-edge clock clk)
Path Group: asynchronous
Path Type: max

Fanout         Cap        Slew       Delay        Time   Description
---------------------------------------------------------------------------------------------
                                  0.000000    0.000000   clock clk (rise edge)
                                  0.000000    0.000000   clock network delay (propagated)
                                  0.860000    0.860000 ^ input external delay
     1    0.002825    0.019840    0.010384    0.870384 ^ resetn (in)
                                                         resetn (net)
                      0.019840    0.000000    0.870384 ^ hold1/A (sky130_fd_sc_hd__dlygate4sd3_1)
     1    0.002221    0.049958    0.521136    1.391520 ^ hold1/X (sky130_fd_sc_hd__dlygate4sd3_1)
                                                         net22 (net)
                      0.049958    0.000006    1.391526 ^ input11/A (sky130_fd_sc_hd__buf_2)
     8    0.035952    0.177882    0.205806    1.597332 ^ input11/X (sky130_fd_sc_hd__buf_2)
                                                         net11 (net)
                      0.177882    0.000127    1.597459 ^ _112_/RESET_B (sky130_fd_sc_hd__dfrtp_1)
                                              1.597459   data arrival time

                                  4.300000    4.300000   clock clk (rise edge)
                                  0.000000    4.300000   clock source latency
     1    0.010478    0.053543    0.035557    4.335557 ^ clk (in)
                                                         clk (net)
                      0.053543    0.000000    4.335557 ^ clkbuf_0_clk/A (sky130_fd_sc_hd__clkbuf_16)
     2    0.017682    0.039871    0.126357    4.461914 ^ clkbuf_0_clk/X (sky130_fd_sc_hd__clkbuf_16)
                                                         clknet_0_clk (net)
                      0.039871    0.000069    4.461983 ^ clkbuf_1_0__f_clk/A (sky130_fd_sc_hd__clkbuf_16)
     5    0.012425    0.035399    0.116351    4.578335 ^ clkbuf_1_0__f_clk/X (sky130_fd_sc_hd__clkbuf_16)
                                                         clknet_1_0__leaf_clk (net)
                      0.035399    0.000015    4.578350 ^ _112_/CLK (sky130_fd_sc_hd__dfrtp_1)
                                 -0.250000    4.328350   clock uncertainty
                                  0.000000    4.328350   clock reconvergence pessimism
                                  0.192935    4.521284   library recovery time
                                              4.521284   data required time
---------------------------------------------------------------------------------------------
                                              4.521284   data required time
                                             -1.597459   data arrival time
---------------------------------------------------------------------------------------------
                                              2.923825   slack (MET)


Startpoint: resetn (input port clocked by clk)
Endpoint: _109_ (recovery check against rising-edge clock clk)
Path Group: asynchronous
Path Type: max

Fanout         Cap        Slew       Delay        Time   Description
---------------------------------------------------------------------------------------------
                                  0.000000    0.000000   clock clk (rise edge)
                                  0.000000    0.000000   clock network delay (propagated)
                                  0.860000    0.860000 ^ input external delay
     1    0.002825    0.019840    0.010384    0.870384 ^ resetn (in)
                                                         resetn (net)
                      0.019840    0.000000    0.870384 ^ hold1/A (sky130_fd_sc_hd__dlygate4sd3_1)
     1    0.002221    0.049958    0.521136    1.391520 ^ hold1/X (sky130_fd_sc_hd__dlygate4sd3_1)
                                                         net22 (net)
                      0.049958    0.000006    1.391526 ^ input11/A (sky130_fd_sc_hd__buf_2)
     8    0.035952    0.177882    0.205806    1.597332 ^ input11/X (sky130_fd_sc_hd__buf_2)
                                                         net11 (net)
                      0.177882    0.000099    1.597431 ^ _109_/RESET_B (sky130_fd_sc_hd__dfrtp_1)
                                              1.597431   data arrival time

                                  4.300000    4.300000   clock clk (rise edge)
                                  0.000000    4.300000   clock source latency
     1    0.010478    0.053543    0.035557    4.335557 ^ clk (in)
                                                         clk (net)
                      0.053543    0.000000    4.335557 ^ clkbuf_0_clk/A (sky130_fd_sc_hd__clkbuf_16)
     2    0.017682    0.039871    0.126357    4.461914 ^ clkbuf_0_clk/X (sky130_fd_sc_hd__clkbuf_16)
                                                         clknet_0_clk (net)
                      0.039871    0.000069    4.461983 ^ clkbuf_1_0__f_clk/A (sky130_fd_sc_hd__clkbuf_16)
     5    0.012425    0.035399    0.116351    4.578335 ^ clkbuf_1_0__f_clk/X (sky130_fd_sc_hd__clkbuf_16)
                                                         clknet_1_0__leaf_clk (net)
                      0.035399    0.000020    4.578355 ^ _109_/CLK (sky130_fd_sc_hd__dfrtp_1)
                                 -0.250000    4.328355   clock uncertainty
                                  0.000000    4.328355   clock reconvergence pessimism
                                  0.192935    4.521290   library recovery time
                                              4.521290   data required time
---------------------------------------------------------------------------------------------
                                              4.521290   data required time
                                             -1.597431   data arrival time
---------------------------------------------------------------------------------------------
                                              2.923859   slack (MET)


Startpoint: resetn (input port clocked by clk)
Endpoint: _108_ (recovery check against rising-edge clock clk)
Path Group: asynchronous
Path Type: max

Fanout         Cap        Slew       Delay        Time   Description
---------------------------------------------------------------------------------------------
                                  0.000000    0.000000   clock clk (rise edge)
                                  0.000000    0.000000   clock network delay (propagated)
                                  0.860000    0.860000 ^ input external delay
     1    0.002825    0.019840    0.010384    0.870384 ^ resetn (in)
                                                         resetn (net)
                      0.019840    0.000000    0.870384 ^ hold1/A (sky130_fd_sc_hd__dlygate4sd3_1)
     1    0.002221    0.049958    0.521136    1.391520 ^ hold1/X (sky130_fd_sc_hd__dlygate4sd3_1)
                                                         net22 (net)
                      0.049958    0.000006    1.391526 ^ input11/A (sky130_fd_sc_hd__buf_2)
     8    0.035952    0.177882    0.205806    1.597332 ^ input11/X (sky130_fd_sc_hd__buf_2)
                                                         net11 (net)
                      0.177882    0.000041    1.597373 ^ _108_/RESET_B (sky130_fd_sc_hd__dfrtp_1)
                                              1.597373   data arrival time

                                  4.300000    4.300000   clock clk (rise edge)
                                  0.000000    4.300000   clock source latency
     1    0.010478    0.053543    0.035557    4.335557 ^ clk (in)
                                                         clk (net)
                      0.053543    0.000000    4.335557 ^ clkbuf_0_clk/A (sky130_fd_sc_hd__clkbuf_16)
     2    0.017682    0.039871    0.126357    4.461914 ^ clkbuf_0_clk/X (sky130_fd_sc_hd__clkbuf_16)
                                                         clknet_0_clk (net)
                      0.039871    0.000069    4.461983 ^ clkbuf_1_0__f_clk/A (sky130_fd_sc_hd__clkbuf_16)
     5    0.012425    0.035399    0.116351    4.578335 ^ clkbuf_1_0__f_clk/X (sky130_fd_sc_hd__clkbuf_16)
                                                         clknet_1_0__leaf_clk (net)
                      0.035399    0.000010    4.578345 ^ _108_/CLK (sky130_fd_sc_hd__dfrtp_1)
                                 -0.250000    4.328345   clock uncertainty
                                  0.000000    4.328345   clock reconvergence pessimism
                                  0.192935    4.521279   library recovery time
                                              4.521279   data required time
---------------------------------------------------------------------------------------------
                                              4.521279   data required time
                                             -1.597373   data arrival time
---------------------------------------------------------------------------------------------
                                              2.923907   slack (MET)



