
===========================================================================
report_checks -path_delay max (Setup)
============================================================================
======================= max_ss_100C_1v60 Corner ===================================

Startpoint: up_down (input port clocked by clk)
Endpoint: _115_ (rising edge-triggered flip-flop clocked by clk)
Path Group: clk
Path Type: max

Fanout         Cap        Slew       Delay        Time   Description
---------------------------------------------------------------------------------------------
                                  0.000000    0.000000   clock clk (rise edge)
                                  0.000000    0.000000   clock network delay (propagated)
                                  0.860000    0.860000 ^ input external delay
     1    0.002744    0.031877    0.015542    0.875542 ^ up_down (in)
                                                         up_down (net)
                      0.031877    0.000000    0.875542 ^ input12/A (sky130_fd_sc_hd__buf_1)
     4    0.012726    0.250441    0.262025    1.137568 ^ input12/X (sky130_fd_sc_hd__buf_1)
                                                         net12 (net)
                      0.250442    0.000367    1.137934 ^ fanout21/A (sky130_fd_sc_hd__clkbuf_4)
    10    0.043145    0.218099    0.438864    1.576798 ^ fanout21/X (sky130_fd_sc_hd__clkbuf_4)
                                                         net21 (net)
                      0.218144    0.003079    1.579877 ^ _062_/B (sky130_fd_sc_hd__xor2_1)
     3    0.009537    0.182586    0.253031    1.832908 v _062_/X (sky130_fd_sc_hd__xor2_1)
                                                         _015_ (net)
                      0.182586    0.000668    1.833576 v _067_/A2 (sky130_fd_sc_hd__o21a_1)
     3    0.011084    0.138473    0.427915    2.261491 v _067_/X (sky130_fd_sc_hd__o21a_1)
                                                         _019_ (net)
                      0.138475    0.000698    2.262189 v _080_/A1 (sky130_fd_sc_hd__o31ai_2)
     4    0.013583    0.532775    0.622897    2.885085 ^ _080_/Y (sky130_fd_sc_hd__o31ai_2)
                                                         _030_ (net)
                      0.532775    0.001031    2.886116 ^ _098_/A1 (sky130_fd_sc_hd__a31o_1)
     3    0.010465    0.188477    0.526659    3.412775 ^ _098_/X (sky130_fd_sc_hd__a31o_1)
                                                         _046_ (net)
                      0.188478    0.000856    3.413631 ^ _103_/A2 (sky130_fd_sc_hd__a21oi_1)
     1    0.005108    0.137771    0.202309    3.615940 v _103_/Y (sky130_fd_sc_hd__a21oi_1)
                                                         _050_ (net)
                      0.137771    0.000239    3.616178 v _105_/A (sky130_fd_sc_hd__xnor2_1)
     1    0.002579    0.090623    0.241862    3.858041 v _105_/Y (sky130_fd_sc_hd__xnor2_1)
                                                         _052_ (net)
                      0.090623    0.000189    3.858229 v _107_/A2 (sky130_fd_sc_hd__a21o_1)
     1    0.003401    0.065061    0.328130    4.186359 v _107_/X (sky130_fd_sc_hd__a21o_1)
                                                         _007_ (net)
                      0.065061    0.000204    4.186563 v _115_/D (sky130_fd_sc_hd__dfrtp_1)
                                              4.186563   data arrival time

                                  4.300000    4.300000   clock clk (rise edge)
                                  0.000000    4.300000   clock source latency
     1    0.012962    0.101463    0.067327    4.367328 ^ clk (in)
                                                         clk (net)
                      0.101469    0.000000    4.367328 ^ clkbuf_0_clk/A (sky130_fd_sc_hd__clkbuf_16)
     2    0.020792    0.068419    0.236803    4.604131 ^ clkbuf_0_clk/X (sky130_fd_sc_hd__clkbuf_16)
                                                         clknet_0_clk (net)
                      0.068439    0.001087    4.605217 ^ clkbuf_1_1__f_clk/A (sky130_fd_sc_hd__clkbuf_16)
     4    0.012082    0.057572    0.209495    4.814713 ^ clkbuf_1_1__f_clk/X (sky130_fd_sc_hd__clkbuf_16)
                                                         clknet_1_1__leaf_clk (net)
                      0.057574    0.000913    4.815626 ^ _115_/CLK (sky130_fd_sc_hd__dfrtp_1)
                                 -0.250000    4.565626   clock uncertainty
                                  0.000000    4.565626   clock reconvergence pessimism
                                 -0.277816    4.287811   library setup time
                                              4.287811   data required time
---------------------------------------------------------------------------------------------
                                              4.287811   data required time
                                             -4.186563   data arrival time
---------------------------------------------------------------------------------------------
                                              0.101247   slack (MET)


Startpoint: up_down (input port clocked by clk)
Endpoint: _114_ (rising edge-triggered flip-flop clocked by clk)
Path Group: clk
Path Type: max

Fanout         Cap        Slew       Delay        Time   Description
---------------------------------------------------------------------------------------------
                                  0.000000    0.000000   clock clk (rise edge)
                                  0.000000    0.000000   clock network delay (propagated)
                                  0.860000    0.860000 ^ input external delay
     1    0.002744    0.031877    0.015542    0.875542 ^ up_down (in)
                                                         up_down (net)
                      0.031877    0.000000    0.875542 ^ input12/A (sky130_fd_sc_hd__buf_1)
     4    0.012726    0.250441    0.262025    1.137568 ^ input12/X (sky130_fd_sc_hd__buf_1)
                                                         net12 (net)
                      0.250442    0.000367    1.137934 ^ fanout21/A (sky130_fd_sc_hd__clkbuf_4)
    10    0.043145    0.218099    0.438864    1.576798 ^ fanout21/X (sky130_fd_sc_hd__clkbuf_4)
                                                         net21 (net)
                      0.218144    0.003079    1.579877 ^ _062_/B (sky130_fd_sc_hd__xor2_1)
     3    0.010246    0.397088    0.465188    2.045065 ^ _062_/X (sky130_fd_sc_hd__xor2_1)
                                                         _015_ (net)
                      0.397088    0.000721    2.045786 ^ _067_/A2 (sky130_fd_sc_hd__o21a_1)
     3    0.011647    0.195199    0.410399    2.456185 ^ _067_/X (sky130_fd_sc_hd__o21a_1)
                                                         _019_ (net)
                      0.195200    0.000740    2.456925 ^ _080_/A1 (sky130_fd_sc_hd__o31ai_2)
     4    0.013135    0.170827    0.252017    2.708941 v _080_/Y (sky130_fd_sc_hd__o31ai_2)
                                                         _030_ (net)
                      0.170830    0.000994    2.709935 v _098_/A1 (sky130_fd_sc_hd__a31o_1)
     3    0.009965    0.125423    0.424071    3.134007 v _098_/X (sky130_fd_sc_hd__a31o_1)
                                                         _046_ (net)
                      0.125424    0.000679    3.134686 v _100_/B (sky130_fd_sc_hd__or2_1)
     1    0.003669    0.104268    0.489833    3.624519 v _100_/X (sky130_fd_sc_hd__or2_1)
                                                         _048_ (net)
                      0.104268    0.000234    3.624753 v _102_/A3 (sky130_fd_sc_hd__a31o_1)
     1    0.004059    0.077390    0.411820    4.036573 v _102_/X (sky130_fd_sc_hd__a31o_1)
                                                         _006_ (net)
                      0.077430    0.000246    4.036819 v _114_/D (sky130_fd_sc_hd__dfrtp_1)
                                              4.036819   data arrival time

                                  4.300000    4.300000   clock clk (rise edge)
                                  0.000000    4.300000   clock source latency
     1    0.012962    0.101463    0.067327    4.367328 ^ clk (in)
                                                         clk (net)
                      0.101469    0.000000    4.367328 ^ clkbuf_0_clk/A (sky130_fd_sc_hd__clkbuf_16)
     2    0.020792    0.068419    0.236803    4.604131 ^ clkbuf_0_clk/X (sky130_fd_sc_hd__clkbuf_16)
                                                         clknet_0_clk (net)
                      0.068439    0.001087    4.605217 ^ clkbuf_1_1__f_clk/A (sky130_fd_sc_hd__clkbuf_16)
     4    0.012082    0.057572    0.209495    4.814713 ^ clkbuf_1_1__f_clk/X (sky130_fd_sc_hd__clkbuf_16)
                                                         clknet_1_1__leaf_clk (net)
                      0.057573    0.000582    4.815295 ^ _114_/CLK (sky130_fd_sc_hd__dfrtp_1)
                                 -0.250000    4.565295   clock uncertainty
                                  0.000000    4.565295   clock reconvergence pessimism
                                 -0.282976    4.282320   library setup time
                                              4.282320   data required time
---------------------------------------------------------------------------------------------
                                              4.282320   data required time
                                             -4.036819   data arrival time
---------------------------------------------------------------------------------------------
                                              0.245500   slack (MET)


Startpoint: up_down (input port clocked by clk)
Endpoint: _113_ (rising edge-triggered flip-flop clocked by clk)
Path Group: clk
Path Type: max

Fanout         Cap        Slew       Delay        Time   Description
---------------------------------------------------------------------------------------------
                                  0.000000    0.000000   clock clk (rise edge)
                                  0.000000    0.000000   clock network delay (propagated)
                                  0.860000    0.860000 ^ input external delay
     1    0.002744    0.031877    0.015542    0.875542 ^ up_down (in)
                                                         up_down (net)
                      0.031877    0.000000    0.875542 ^ input12/A (sky130_fd_sc_hd__buf_1)
     4    0.012726    0.250441    0.262025    1.137568 ^ input12/X (sky130_fd_sc_hd__buf_1)
                                                         net12 (net)
                      0.250442    0.000367    1.137934 ^ fanout21/A (sky130_fd_sc_hd__clkbuf_4)
    10    0.043145    0.218099    0.438864    1.576798 ^ fanout21/X (sky130_fd_sc_hd__clkbuf_4)
                                                         net21 (net)
                      0.218144    0.003079    1.579877 ^ _062_/B (sky130_fd_sc_hd__xor2_1)
     3    0.010246    0.397088    0.465188    2.045065 ^ _062_/X (sky130_fd_sc_hd__xor2_1)
                                                         _015_ (net)
                      0.397088    0.000721    2.045786 ^ _067_/A2 (sky130_fd_sc_hd__o21a_1)
     3    0.011647    0.195199    0.410399    2.456185 ^ _067_/X (sky130_fd_sc_hd__o21a_1)
                                                         _019_ (net)
                      0.195200    0.000740    2.456925 ^ _080_/A1 (sky130_fd_sc_hd__o31ai_2)
     4    0.013135    0.170827    0.252017    2.708941 v _080_/Y (sky130_fd_sc_hd__o31ai_2)
                                                         _030_ (net)
                      0.170828    0.000810    2.709751 v _089_/A1 (sky130_fd_sc_hd__a21o_1)
     2    0.006956    0.092551    0.362939    3.072690 v _089_/X (sky130_fd_sc_hd__a21o_1)
                                                         _038_ (net)
                      0.092551    0.000395    3.073085 v _091_/B (sky130_fd_sc_hd__or2_1)
     1    0.003404    0.102014    0.472433    3.545518 v _091_/X (sky130_fd_sc_hd__or2_1)
                                                         _040_ (net)
                      0.102014    0.000240    3.545759 v _093_/A3 (sky130_fd_sc_hd__a31o_1)
     1    0.002202    0.060790    0.389186    3.934944 v _093_/X (sky130_fd_sc_hd__a31o_1)
                                                         _005_ (net)
                      0.060790    0.000154    3.935098 v _113_/D (sky130_fd_sc_hd__dfrtp_1)
                                              3.935098   data arrival time

                                  4.300000    4.300000   clock clk (rise edge)
                                  0.000000    4.300000   clock source latency
     1    0.012962    0.101463    0.067327    4.367328 ^ clk (in)
                                                         clk (net)
                      0.101469    0.000000    4.367328 ^ clkbuf_0_clk/A (sky130_fd_sc_hd__clkbuf_16)
     2    0.020792    0.068419    0.236803    4.604131 ^ clkbuf_0_clk/X (sky130_fd_sc_hd__clkbuf_16)
                                                         clknet_0_clk (net)
                      0.068439    0.001087    4.605217 ^ clkbuf_1_1__f_clk/A (sky130_fd_sc_hd__clkbuf_16)
     4    0.012082    0.057572    0.209495    4.814713 ^ clkbuf_1_1__f_clk/X (sky130_fd_sc_hd__clkbuf_16)
                                                         clknet_1_1__leaf_clk (net)
                      0.057573    0.000717    4.815430 ^ _113_/CLK (sky130_fd_sc_hd__dfrtp_1)
                                 -0.250000    4.565430   clock uncertainty
                                  0.000000    4.565430   clock reconvergence pessimism
                                 -0.276034    4.289396   library setup time
                                              4.289396   data required time
---------------------------------------------------------------------------------------------
                                              4.289396   data required time
                                             -3.935098   data arrival time
---------------------------------------------------------------------------------------------
                                              0.354297   slack (MET)


Startpoint: up_down (input port clocked by clk)
Endpoint: _111_ (rising edge-triggered flip-flop clocked by clk)
Path Group: clk
Path Type: max

Fanout         Cap        Slew       Delay        Time   Description
---------------------------------------------------------------------------------------------
                                  0.000000    0.000000   clock clk (rise edge)
                                  0.000000    0.000000   clock network delay (propagated)
                                  0.860000    0.860000 ^ input external delay
     1    0.002744    0.031877    0.015542    0.875542 ^ up_down (in)
                                                         up_down (net)
                      0.031877    0.000000    0.875542 ^ input12/A (sky130_fd_sc_hd__buf_1)
     4    0.012726    0.250441    0.262025    1.137568 ^ input12/X (sky130_fd_sc_hd__buf_1)
                                                         net12 (net)
                      0.250442    0.000367    1.137934 ^ fanout21/A (sky130_fd_sc_hd__clkbuf_4)
    10    0.043145    0.218099    0.438864    1.576798 ^ fanout21/X (sky130_fd_sc_hd__clkbuf_4)
                                                         net21 (net)
                      0.218144    0.003079    1.579877 ^ _062_/B (sky130_fd_sc_hd__xor2_1)
     3    0.009537    0.182586    0.253031    1.832908 v _062_/X (sky130_fd_sc_hd__xor2_1)
                                                         _015_ (net)
                      0.182586    0.000668    1.833576 v _067_/A2 (sky130_fd_sc_hd__o21a_1)
     3    0.011084    0.138473    0.427915    2.261491 v _067_/X (sky130_fd_sc_hd__o21a_1)
                                                         _019_ (net)
                      0.138474    0.000604    2.262095 v _070_/A (sky130_fd_sc_hd__or2_1)
     2    0.005302    0.120009    0.553713    2.815808 v _070_/X (sky130_fd_sc_hd__or2_1)
                                                         _022_ (net)
                      0.120009    0.000182    2.815990 v _075_/B1 (sky130_fd_sc_hd__o21ai_1)
     2    0.006751    0.273464    0.207266    3.023256 ^ _075_/Y (sky130_fd_sc_hd__o21ai_1)
                                                         _026_ (net)
                      0.273466    0.000471    3.023726 ^ _077_/A2 (sky130_fd_sc_hd__a21oi_1)
     1    0.004515    0.156992    0.225847    3.249573 v _077_/Y (sky130_fd_sc_hd__a21oi_1)
                                                         _028_ (net)
                      0.156992    0.000308    3.249882 v _078_/C1 (sky130_fd_sc_hd__a221o_1)
     1    0.003460    0.098573    0.528119    3.778001 v _078_/X (sky130_fd_sc_hd__a221o_1)
                                                         _003_ (net)
                      0.098573    0.000142    3.778143 v _111_/D (sky130_fd_sc_hd__dfrtp_1)
                                              3.778143   data arrival time

                                  4.300000    4.300000   clock clk (rise edge)
                                  0.000000    4.300000   clock source latency
     1    0.012962    0.101463    0.067327    4.367328 ^ clk (in)
                                                         clk (net)
                      0.101469    0.000000    4.367328 ^ clkbuf_0_clk/A (sky130_fd_sc_hd__clkbuf_16)
     2    0.020792    0.068419    0.236803    4.604131 ^ clkbuf_0_clk/X (sky130_fd_sc_hd__clkbuf_16)
                                                         clknet_0_clk (net)
                      0.068439    0.001087    4.605217 ^ clkbuf_1_1__f_clk/A (sky130_fd_sc_hd__clkbuf_16)
     4    0.012082    0.057572    0.209495    4.814713 ^ clkbuf_1_1__f_clk/X (sky130_fd_sc_hd__clkbuf_16)
                                                         clknet_1_1__leaf_clk (net)
                      0.057574    0.000808    4.815521 ^ _111_/CLK (sky130_fd_sc_hd__dfrtp_1)
                                 -0.250000    4.565521   clock uncertainty
                                  0.000000    4.565521   clock reconvergence pessimism
                                 -0.291795    4.273726   library setup time
                                              4.273726   data required time
---------------------------------------------------------------------------------------------
                                              4.273726   data required time
                                             -3.778143   data arrival time
---------------------------------------------------------------------------------------------
                                              0.495583   slack (MET)


Startpoint: up_down (input port clocked by clk)
Endpoint: _112_ (rising edge-triggered flip-flop clocked by clk)
Path Group: clk
Path Type: max

Fanout         Cap        Slew       Delay        Time   Description
---------------------------------------------------------------------------------------------
                                  0.000000    0.000000   clock clk (rise edge)
                                  0.000000    0.000000   clock network delay (propagated)
                                  0.860000    0.860000 ^ input external delay
     1    0.002744    0.031877    0.015542    0.875542 ^ up_down (in)
                                                         up_down (net)
                      0.031877    0.000000    0.875542 ^ input12/A (sky130_fd_sc_hd__buf_1)
     4    0.012726    0.250441    0.262025    1.137568 ^ input12/X (sky130_fd_sc_hd__buf_1)
                                                         net12 (net)
                      0.250442    0.000367    1.137934 ^ fanout21/A (sky130_fd_sc_hd__clkbuf_4)
    10    0.043145    0.218099    0.438864    1.576798 ^ fanout21/X (sky130_fd_sc_hd__clkbuf_4)
                                                         net21 (net)
                      0.218144    0.003079    1.579877 ^ _062_/B (sky130_fd_sc_hd__xor2_1)
     3    0.010246    0.397088    0.465188    2.045065 ^ _062_/X (sky130_fd_sc_hd__xor2_1)
                                                         _015_ (net)
                      0.397088    0.000721    2.045786 ^ _067_/A2 (sky130_fd_sc_hd__o21a_1)
     3    0.011647    0.195199    0.410399    2.456185 ^ _067_/X (sky130_fd_sc_hd__o21a_1)
                                                         _019_ (net)
                      0.195200    0.000740    2.456925 ^ _080_/A1 (sky130_fd_sc_hd__o31ai_2)
     4    0.013135    0.170827    0.252017    2.708941 v _080_/Y (sky130_fd_sc_hd__o31ai_2)
                                                         _030_ (net)
                      0.170830    0.000961    2.709902 v _084_/A (sky130_fd_sc_hd__or2_1)
     1    0.002630    0.094858    0.531646    3.241549 v _084_/X (sky130_fd_sc_hd__or2_1)
                                                         _034_ (net)
                      0.094858    0.000121    3.241670 v _087_/A2 (sky130_fd_sc_hd__a31o_1)
     1    0.002684    0.064816    0.372974    3.614644 v _087_/X (sky130_fd_sc_hd__a31o_1)
                                                         _004_ (net)
                      0.064816    0.000172    3.614816 v _112_/D (sky130_fd_sc_hd__dfrtp_1)
                                              3.614816   data arrival time

                                  4.300000    4.300000   clock clk (rise edge)
                                  0.000000    4.300000   clock source latency
     1    0.012962    0.101463    0.067327    4.367328 ^ clk (in)
                                                         clk (net)
                      0.101469    0.000000    4.367328 ^ clkbuf_0_clk/A (sky130_fd_sc_hd__clkbuf_16)
     2    0.020792    0.068419    0.236803    4.604131 ^ clkbuf_0_clk/X (sky130_fd_sc_hd__clkbuf_16)
                                                         clknet_0_clk (net)
                      0.068440    0.001123    4.605254 ^ clkbuf_1_0__f_clk/A (sky130_fd_sc_hd__clkbuf_16)
     5    0.016829    0.063501    0.216166    4.821420 ^ clkbuf_1_0__f_clk/X (sky130_fd_sc_hd__clkbuf_16)
                                                         clknet_1_0__leaf_clk (net)
                      0.063501    0.000897    4.822317 ^ _112_/CLK (sky130_fd_sc_hd__dfrtp_1)
                                 -0.250000    4.572317   clock uncertainty
                                  0.000000    4.572317   clock reconvergence pessimism
                                 -0.276134    4.296183   library setup time
                                              4.296183   data required time
---------------------------------------------------------------------------------------------
                                              4.296183   data required time
                                             -3.614816   data arrival time
---------------------------------------------------------------------------------------------
                                              0.681367   slack (MET)


Startpoint: up_down (input port clocked by clk)
Endpoint: _110_ (rising edge-triggered flip-flop clocked by clk)
Path Group: clk
Path Type: max

Fanout         Cap        Slew       Delay        Time   Description
---------------------------------------------------------------------------------------------
                                  0.000000    0.000000   clock clk (rise edge)
                                  0.000000    0.000000   clock network delay (propagated)
                                  0.860000    0.860000 ^ input external delay
     1    0.002744    0.031877    0.015542    0.875542 ^ up_down (in)
                                                         up_down (net)
                      0.031877    0.000000    0.875542 ^ input12/A (sky130_fd_sc_hd__buf_1)
     4    0.012726    0.250441    0.262025    1.137568 ^ input12/X (sky130_fd_sc_hd__buf_1)
                                                         net12 (net)
                      0.250442    0.000367    1.137934 ^ fanout21/A (sky130_fd_sc_hd__clkbuf_4)
    10    0.043145    0.218099    0.438864    1.576798 ^ fanout21/X (sky130_fd_sc_hd__clkbuf_4)
                                                         net21 (net)
                      0.218144    0.003079    1.579877 ^ _062_/B (sky130_fd_sc_hd__xor2_1)
     3    0.009537    0.182586    0.253031    1.832908 v _062_/X (sky130_fd_sc_hd__xor2_1)
                                                         _015_ (net)
                      0.182586    0.000668    1.833576 v _067_/A2 (sky130_fd_sc_hd__o21a_1)
     3    0.011084    0.138473    0.427915    2.261491 v _067_/X (sky130_fd_sc_hd__o21a_1)
                                                         _019_ (net)
                      0.138474    0.000604    2.262095 v _070_/A (sky130_fd_sc_hd__or2_1)
     2    0.005302    0.120009    0.553713    2.815808 v _070_/X (sky130_fd_sc_hd__or2_1)
                                                         _022_ (net)
                      0.120009    0.000264    2.816072 v _072_/A3 (sky130_fd_sc_hd__a31o_1)
     1    0.002503    0.063283    0.400845    3.216917 v _072_/X (sky130_fd_sc_hd__a31o_1)
                                                         _002_ (net)
                      0.063283    0.000164    3.217081 v _110_/D (sky130_fd_sc_hd__dfrtp_2)
                                              3.217081   data arrival time

                                  4.300000    4.300000   clock clk (rise edge)
                                  0.000000    4.300000   clock source latency
     1    0.012962    0.101463    0.067327    4.367328 ^ clk (in)
                                                         clk (net)
                      0.101469    0.000000    4.367328 ^ clkbuf_0_clk/A (sky130_fd_sc_hd__clkbuf_16)
     2    0.020792    0.068419    0.236803    4.604131 ^ clkbuf_0_clk/X (sky130_fd_sc_hd__clkbuf_16)
                                                         clknet_0_clk (net)
                      0.068440    0.001123    4.605254 ^ clkbuf_1_0__f_clk/A (sky130_fd_sc_hd__clkbuf_16)
     5    0.016829    0.063501    0.216166    4.821420 ^ clkbuf_1_0__f_clk/X (sky130_fd_sc_hd__clkbuf_16)
                                                         clknet_1_0__leaf_clk (net)
                      0.063501    0.000998    4.822418 ^ _110_/CLK (sky130_fd_sc_hd__dfrtp_2)
                                 -0.250000    4.572418   clock uncertainty
                                  0.000000    4.572418   clock reconvergence pessimism
                                 -0.275534    4.296885   library setup time
                                              4.296885   data required time
---------------------------------------------------------------------------------------------
                                              4.296885   data required time
                                             -3.217081   data arrival time
---------------------------------------------------------------------------------------------
                                              1.079804   slack (MET)


Startpoint: _110_ (rising edge-triggered flip-flop clocked by clk)
Endpoint: count[2] (output port clocked by clk)
Path Group: clk
Path Type: max

Fanout         Cap        Slew       Delay        Time   Description
---------------------------------------------------------------------------------------------
                                  0.000000    0.000000   clock clk (rise edge)
                                  0.000000    0.000000   clock source latency
     1    0.012962    0.101463    0.067327    0.067327 ^ clk (in)
                                                         clk (net)
                      0.101469    0.000000    0.067327 ^ clkbuf_0_clk/A (sky130_fd_sc_hd__clkbuf_16)
     2    0.020792    0.068419    0.236804    0.304131 ^ clkbuf_0_clk/X (sky130_fd_sc_hd__clkbuf_16)
                                                         clknet_0_clk (net)
                      0.068440    0.001123    0.305254 ^ clkbuf_1_0__f_clk/A (sky130_fd_sc_hd__clkbuf_16)
     5    0.016829    0.063501    0.216166    0.521420 ^ clkbuf_1_0__f_clk/X (sky130_fd_sc_hd__clkbuf_16)
                                                         clknet_1_0__leaf_clk (net)
                      0.063501    0.000998    0.522418 ^ _110_/CLK (sky130_fd_sc_hd__dfrtp_2)
     5    0.019696    0.149941    0.898510    1.420928 v _110_/Q (sky130_fd_sc_hd__dfrtp_2)
                                                         net15 (net)
                      0.149941    0.000859    1.421787 v output15/A (sky130_fd_sc_hd__buf_2)
     1    0.034119    0.165660    0.381700    1.803487 v output15/X (sky130_fd_sc_hd__buf_2)
                                                         count[2] (net)
                      0.165676    0.001702    1.805189 v count[2] (out)
                                              1.805189   data arrival time

                                  4.300000    4.300000   clock clk (rise edge)
                                  0.000000    4.300000   clock network delay (propagated)
                                 -0.250000    4.050000   clock uncertainty
                                  0.000000    4.050000   clock reconvergence pessimism
                                 -0.860000    3.190000   output external delay
                                              3.190000   data required time
---------------------------------------------------------------------------------------------
                                              3.190000   data required time
                                             -1.805189   data arrival time
---------------------------------------------------------------------------------------------
                                              1.384811   slack (MET)


Startpoint: _113_ (rising edge-triggered flip-flop clocked by clk)
Endpoint: count[5] (output port clocked by clk)
Path Group: clk
Path Type: max

Fanout         Cap        Slew       Delay        Time   Description
---------------------------------------------------------------------------------------------
                                  0.000000    0.000000   clock clk (rise edge)
                                  0.000000    0.000000   clock source latency
     1    0.012962    0.101463    0.067327    0.067327 ^ clk (in)
                                                         clk (net)
                      0.101469    0.000000    0.067327 ^ clkbuf_0_clk/A (sky130_fd_sc_hd__clkbuf_16)
     2    0.020792    0.068419    0.236804    0.304131 ^ clkbuf_0_clk/X (sky130_fd_sc_hd__clkbuf_16)
                                                         clknet_0_clk (net)
                      0.068439    0.001087    0.305218 ^ clkbuf_1_1__f_clk/A (sky130_fd_sc_hd__clkbuf_16)
     4    0.012082    0.057572    0.209495    0.514713 ^ clkbuf_1_1__f_clk/X (sky130_fd_sc_hd__clkbuf_16)
                                                         clknet_1_1__leaf_clk (net)
                      0.057573    0.000717    0.515429 ^ _113_/CLK (sky130_fd_sc_hd__dfrtp_1)
     4    0.017354    0.196347    0.856617    1.372046 v _113_/Q (sky130_fd_sc_hd__dfrtp_1)
                                                         net18 (net)
                      0.196351    0.001261    1.373308 v output18/A (sky130_fd_sc_hd__buf_2)
     1    0.034001    0.165230    0.403765    1.777073 v output18/X (sky130_fd_sc_hd__buf_2)
                                                         count[5] (net)
                      0.165244    0.001611    1.778684 v count[5] (out)
                                              1.778684   data arrival time

                                  4.300000    4.300000   clock clk (rise edge)
                                  0.000000    4.300000   clock network delay (propagated)
                                 -0.250000    4.050000   clock uncertainty
                                  0.000000    4.050000   clock reconvergence pessimism
                                 -0.860000    3.190000   output external delay
                                              3.190000   data required time
---------------------------------------------------------------------------------------------
                                              3.190000   data required time
                                             -1.778684   data arrival time
---------------------------------------------------------------------------------------------
                                              1.411316   slack (MET)


Startpoint: _109_ (rising edge-triggered flip-flop clocked by clk)
Endpoint: count[1] (output port clocked by clk)
Path Group: clk
Path Type: max

Fanout         Cap        Slew       Delay        Time   Description
---------------------------------------------------------------------------------------------
                                  0.000000    0.000000   clock clk (rise edge)
                                  0.000000    0.000000   clock source latency
     1    0.012962    0.101463    0.067327    0.067327 ^ clk (in)
                                                         clk (net)
                      0.101469    0.000000    0.067327 ^ clkbuf_0_clk/A (sky130_fd_sc_hd__clkbuf_16)
     2    0.020792    0.068419    0.236804    0.304131 ^ clkbuf_0_clk/X (sky130_fd_sc_hd__clkbuf_16)
                                                         clknet_0_clk (net)
                      0.068440    0.001123    0.305254 ^ clkbuf_1_0__f_clk/A (sky130_fd_sc_hd__clkbuf_16)
     5    0.016829    0.063501    0.216166    0.521420 ^ clkbuf_1_0__f_clk/X (sky130_fd_sc_hd__clkbuf_16)
                                                         clknet_1_0__leaf_clk (net)
                      0.063501    0.000948    0.522368 ^ _109_/CLK (sky130_fd_sc_hd__dfrtp_1)
     4    0.014143    0.169316    0.837053    1.359421 v _109_/Q (sky130_fd_sc_hd__dfrtp_1)
                                                         net14 (net)
                      0.169316    0.000506    1.359927 v output14/A (sky130_fd_sc_hd__buf_2)
     1    0.034435    0.166909    0.392130    1.752058 v output14/X (sky130_fd_sc_hd__buf_2)
                                                         count[1] (net)
                      0.166923    0.001598    1.753656 v count[1] (out)
                                              1.753656   data arrival time

                                  4.300000    4.300000   clock clk (rise edge)
                                  0.000000    4.300000   clock network delay (propagated)
                                 -0.250000    4.050000   clock uncertainty
                                  0.000000    4.050000   clock reconvergence pessimism
                                 -0.860000    3.190000   output external delay
                                              3.190000   data required time
---------------------------------------------------------------------------------------------
                                              3.190000   data required time
                                             -1.753656   data arrival time
---------------------------------------------------------------------------------------------
                                              1.436344   slack (MET)


Startpoint: _111_ (rising edge-triggered flip-flop clocked by clk)
Endpoint: count[3] (output port clocked by clk)
Path Group: clk
Path Type: max

Fanout         Cap        Slew       Delay        Time   Description
---------------------------------------------------------------------------------------------
                                  0.000000    0.000000   clock clk (rise edge)
                                  0.000000    0.000000   clock source latency
     1    0.012962    0.101463    0.067327    0.067327 ^ clk (in)
                                                         clk (net)
                      0.101469    0.000000    0.067327 ^ clkbuf_0_clk/A (sky130_fd_sc_hd__clkbuf_16)
     2    0.020792    0.068419    0.236804    0.304131 ^ clkbuf_0_clk/X (sky130_fd_sc_hd__clkbuf_16)
                                                         clknet_0_clk (net)
                      0.068439    0.001087    0.305218 ^ clkbuf_1_1__f_clk/A (sky130_fd_sc_hd__clkbuf_16)
     4    0.012082    0.057572    0.209495    0.514713 ^ clkbuf_1_1__f_clk/X (sky130_fd_sc_hd__clkbuf_16)
                                                         clknet_1_1__leaf_clk (net)
                      0.057574    0.000808    0.515521 ^ _111_/CLK (sky130_fd_sc_hd__dfrtp_1)
     4    0.014803    0.174944    0.838839    1.354360 v _111_/Q (sky130_fd_sc_hd__dfrtp_1)
                                                         net16 (net)
                      0.174944    0.000642    1.355002 v output16/A (sky130_fd_sc_hd__buf_2)
     1    0.033982    0.165121    0.393395    1.748397 v output16/X (sky130_fd_sc_hd__buf_2)
                                                         count[3] (net)
                      0.165135    0.001591    1.749988 v count[3] (out)
                                              1.749988   data arrival time

                                  4.300000    4.300000   clock clk (rise edge)
                                  0.000000    4.300000   clock network delay (propagated)
                                 -0.250000    4.050000   clock uncertainty
                                  0.000000    4.050000   clock reconvergence pessimism
                                 -0.860000    3.190000   output external delay
                                              3.190000   data required time
---------------------------------------------------------------------------------------------
                                              3.190000   data required time
                                             -1.749988   data arrival time
---------------------------------------------------------------------------------------------
                                              1.440012   slack (MET)


Startpoint: _112_ (rising edge-triggered flip-flop clocked by clk)
Endpoint: count[4] (output port clocked by clk)
Path Group: clk
Path Type: max

Fanout         Cap        Slew       Delay        Time   Description
---------------------------------------------------------------------------------------------
                                  0.000000    0.000000   clock clk (rise edge)
                                  0.000000    0.000000   clock source latency
     1    0.012962    0.101463    0.067327    0.067327 ^ clk (in)
                                                         clk (net)
                      0.101469    0.000000    0.067327 ^ clkbuf_0_clk/A (sky130_fd_sc_hd__clkbuf_16)
     2    0.020792    0.068419    0.236804    0.304131 ^ clkbuf_0_clk/X (sky130_fd_sc_hd__clkbuf_16)
                                                         clknet_0_clk (net)
                      0.068440    0.001123    0.305254 ^ clkbuf_1_0__f_clk/A (sky130_fd_sc_hd__clkbuf_16)
     5    0.016829    0.063501    0.216166    0.521420 ^ clkbuf_1_0__f_clk/X (sky130_fd_sc_hd__clkbuf_16)
                                                         clknet_1_0__leaf_clk (net)
                      0.063501    0.000897    0.522317 ^ _112_/CLK (sky130_fd_sc_hd__dfrtp_1)
     5    0.012948    0.163789    0.826703    1.349020 v _112_/Q (sky130_fd_sc_hd__dfrtp_1)
                                                         net17 (net)
                      0.163791    0.000757    1.349777 v output17/A (sky130_fd_sc_hd__buf_2)
     1    0.034114    0.165642    0.388407    1.738184 v output17/X (sky130_fd_sc_hd__buf_2)
                                                         count[4] (net)
                      0.165657    0.001639    1.739824 v count[4] (out)
                                              1.739824   data arrival time

                                  4.300000    4.300000   clock clk (rise edge)
                                  0.000000    4.300000   clock network delay (propagated)
                                 -0.250000    4.050000   clock uncertainty
                                  0.000000    4.050000   clock reconvergence pessimism
                                 -0.860000    3.190000   output external delay
                                              3.190000   data required time
---------------------------------------------------------------------------------------------
                                              3.190000   data required time
                                             -1.739824   data arrival time
---------------------------------------------------------------------------------------------
                                              1.450176   slack (MET)


Startpoint: _108_ (rising edge-triggered flip-flop clocked by clk)
Endpoint: count[0] (output port clocked by clk)
Path Group: clk
Path Type: max

Fanout         Cap        Slew       Delay        Time   Description
---------------------------------------------------------------------------------------------
                                  0.000000    0.000000   clock clk (rise edge)
                                  0.000000    0.000000   clock source latency
     1    0.012962    0.101463    0.067327    0.067327 ^ clk (in)
                                                         clk (net)
                      0.101469    0.000000    0.067327 ^ clkbuf_0_clk/A (sky130_fd_sc_hd__clkbuf_16)
     2    0.020792    0.068419    0.236804    0.304131 ^ clkbuf_0_clk/X (sky130_fd_sc_hd__clkbuf_16)
                                                         clknet_0_clk (net)
                      0.068440    0.001123    0.305254 ^ clkbuf_1_0__f_clk/A (sky130_fd_sc_hd__clkbuf_16)
     5    0.016829    0.063501    0.216166    0.521420 ^ clkbuf_1_0__f_clk/X (sky130_fd_sc_hd__clkbuf_16)
                                                         clknet_1_0__leaf_clk (net)
                      0.063501    0.000967    0.522387 ^ _108_/CLK (sky130_fd_sc_hd__dfrtp_1)
     3    0.010047    0.138900    0.800200    1.322587 v _108_/Q (sky130_fd_sc_hd__dfrtp_1)
                                                         net13 (net)
                      0.138901    0.000598    1.323185 v output13/A (sky130_fd_sc_hd__buf_2)
     1    0.034592    0.167502    0.377928    1.701113 v output13/X (sky130_fd_sc_hd__buf_2)
                                                         count[0] (net)
                      0.167517    0.001651    1.702764 v count[0] (out)
                                              1.702764   data arrival time

                                  4.300000    4.300000   clock clk (rise edge)
                                  0.000000    4.300000   clock network delay (propagated)
                                 -0.250000    4.050000   clock uncertainty
                                  0.000000    4.050000   clock reconvergence pessimism
                                 -0.860000    3.190000   output external delay
                                              3.190000   data required time
---------------------------------------------------------------------------------------------
                                              3.190000   data required time
                                             -1.702764   data arrival time
---------------------------------------------------------------------------------------------
                                              1.487236   slack (MET)


Startpoint: _115_ (rising edge-triggered flip-flop clocked by clk)
Endpoint: count[7] (output port clocked by clk)
Path Group: clk
Path Type: max

Fanout         Cap        Slew       Delay        Time   Description
---------------------------------------------------------------------------------------------
                                  0.000000    0.000000   clock clk (rise edge)
                                  0.000000    0.000000   clock source latency
     1    0.012962    0.101463    0.067327    0.067327 ^ clk (in)
                                                         clk (net)
                      0.101469    0.000000    0.067327 ^ clkbuf_0_clk/A (sky130_fd_sc_hd__clkbuf_16)
     2    0.020792    0.068419    0.236804    0.304131 ^ clkbuf_0_clk/X (sky130_fd_sc_hd__clkbuf_16)
                                                         clknet_0_clk (net)
                      0.068439    0.001087    0.305218 ^ clkbuf_1_1__f_clk/A (sky130_fd_sc_hd__clkbuf_16)
     4    0.012082    0.057572    0.209495    0.514713 ^ clkbuf_1_1__f_clk/X (sky130_fd_sc_hd__clkbuf_16)
                                                         clknet_1_1__leaf_clk (net)
                      0.057574    0.000914    0.515626 ^ _115_/CLK (sky130_fd_sc_hd__dfrtp_1)
     3    0.009615    0.134962    0.793543    1.309170 v _115_/Q (sky130_fd_sc_hd__dfrtp_1)
                                                         net20 (net)
                      0.134962    0.000278    1.309448 v output20/A (sky130_fd_sc_hd__buf_2)
     1    0.034070    0.165419    0.374388    1.683835 v output20/X (sky130_fd_sc_hd__buf_2)
                                                         count[7] (net)
                      0.165433    0.001605    1.685440 v count[7] (out)
                                              1.685440   data arrival time

                                  4.300000    4.300000   clock clk (rise edge)
                                  0.000000    4.300000   clock network delay (propagated)
                                 -0.250000    4.050000   clock uncertainty
                                  0.000000    4.050000   clock reconvergence pessimism
                                 -0.860000    3.190000   output external delay
                                              3.190000   data required time
---------------------------------------------------------------------------------------------
                                              3.190000   data required time
                                             -1.685440   data arrival time
---------------------------------------------------------------------------------------------
                                              1.504560   slack (MET)


Startpoint: _114_ (rising edge-triggered flip-flop clocked by clk)
Endpoint: count[6] (output port clocked by clk)
Path Group: clk
Path Type: max

Fanout         Cap        Slew       Delay        Time   Description
---------------------------------------------------------------------------------------------
                                  0.000000    0.000000   clock clk (rise edge)
                                  0.000000    0.000000   clock source latency
     1    0.012962    0.101463    0.067327    0.067327 ^ clk (in)
                                                         clk (net)
                      0.101469    0.000000    0.067327 ^ clkbuf_0_clk/A (sky130_fd_sc_hd__clkbuf_16)
     2    0.020792    0.068419    0.236804    0.304131 ^ clkbuf_0_clk/X (sky130_fd_sc_hd__clkbuf_16)
                                                         clknet_0_clk (net)
                      0.068439    0.001087    0.305218 ^ clkbuf_1_1__f_clk/A (sky130_fd_sc_hd__clkbuf_16)
     4    0.012082    0.057572    0.209495    0.514713 ^ clkbuf_1_1__f_clk/X (sky130_fd_sc_hd__clkbuf_16)
                                                         clknet_1_1__leaf_clk (net)
                      0.057573    0.000582    0.515295 ^ _114_/CLK (sky130_fd_sc_hd__dfrtp_1)
     4    0.009792    0.136583    0.795171    1.310466 v _114_/Q (sky130_fd_sc_hd__dfrtp_1)
                                                         net19 (net)
                      0.136583    0.000521    1.310987 v output19/A (sky130_fd_sc_hd__clkbuf_4)
     1    0.034538    0.140114    0.356687    1.667675 v output19/X (sky130_fd_sc_hd__clkbuf_4)
                                                         count[6] (net)
                      0.140134    0.001681    1.669355 v count[6] (out)
                                              1.669355   data arrival time

                                  4.300000    4.300000   clock clk (rise edge)
                                  0.000000    4.300000   clock network delay (propagated)
                                 -0.250000    4.050000   clock uncertainty
                                  0.000000    4.050000   clock reconvergence pessimism
                                 -0.860000    3.190000   output external delay
                                              3.190000   data required time
---------------------------------------------------------------------------------------------
                                              3.190000   data required time
                                             -1.669355   data arrival time
---------------------------------------------------------------------------------------------
                                              1.520645   slack (MET)


Startpoint: _108_ (rising edge-triggered flip-flop clocked by clk)
Endpoint: _108_ (rising edge-triggered flip-flop clocked by clk)
Path Group: clk
Path Type: max

Fanout         Cap        Slew       Delay        Time   Description
---------------------------------------------------------------------------------------------
                                  0.000000    0.000000   clock clk (rise edge)
                                  0.000000    0.000000   clock source latency
     1    0.012962    0.101463    0.067327    0.067327 ^ clk (in)
                                                         clk (net)
                      0.101469    0.000000    0.067327 ^ clkbuf_0_clk/A (sky130_fd_sc_hd__clkbuf_16)
     2    0.020792    0.068419    0.236804    0.304131 ^ clkbuf_0_clk/X (sky130_fd_sc_hd__clkbuf_16)
                                                         clknet_0_clk (net)
                      0.068440    0.001123    0.305254 ^ clkbuf_1_0__f_clk/A (sky130_fd_sc_hd__clkbuf_16)
     5    0.016829    0.063501    0.216166    0.521420 ^ clkbuf_1_0__f_clk/X (sky130_fd_sc_hd__clkbuf_16)
                                                         clknet_1_0__leaf_clk (net)
                      0.063501    0.000967    0.522387 ^ _108_/CLK (sky130_fd_sc_hd__dfrtp_1)
     3    0.010047    0.138900    0.800200    1.322587 v _108_/Q (sky130_fd_sc_hd__dfrtp_1)
                                                         net13 (net)
                      0.138900    0.000470    1.323056 v hold2/A (sky130_fd_sc_hd__dlygate4sd3_1)
     1    0.002950    0.107088    1.158899    2.481956 v hold2/X (sky130_fd_sc_hd__dlygate4sd3_1)
                                                         net23 (net)
                      0.107088    0.000129    2.482084 v _060_/A1 (sky130_fd_sc_hd__a21oi_1)
     1    0.002543    0.159829    0.209711    2.691795 ^ _060_/Y (sky130_fd_sc_hd__a21oi_1)
                                                         _000_ (net)
                      0.159829    0.000170    2.691965 ^ _108_/D (sky130_fd_sc_hd__dfrtp_1)
                                              2.691965   data arrival time

                                  4.300000    4.300000   clock clk (rise edge)
                                  0.000000    4.300000   clock source latency
     1    0.012962    0.101463    0.067327    4.367328 ^ clk (in)
                                                         clk (net)
                      0.101469    0.000000    4.367328 ^ clkbuf_0_clk/A (sky130_fd_sc_hd__clkbuf_16)
     2    0.020792    0.068419    0.236803    4.604131 ^ clkbuf_0_clk/X (sky130_fd_sc_hd__clkbuf_16)
                                                         clknet_0_clk (net)
                      0.068440    0.001123    4.605254 ^ clkbuf_1_0__f_clk/A (sky130_fd_sc_hd__clkbuf_16)
     5    0.016829    0.063501    0.216166    4.821420 ^ clkbuf_1_0__f_clk/X (sky130_fd_sc_hd__clkbuf_16)
                                                         clknet_1_0__leaf_clk (net)
                      0.063501    0.000966    4.822387 ^ _108_/CLK (sky130_fd_sc_hd__dfrtp_1)
                                 -0.250000    4.572387   clock uncertainty
                                  0.000000    4.572387   clock reconvergence pessimism
                                 -0.156816    4.415570   library setup time
                                              4.415570   data required time
---------------------------------------------------------------------------------------------
                                              4.415570   data required time
                                             -2.691965   data arrival time
---------------------------------------------------------------------------------------------
                                              1.723605   slack (MET)


Startpoint: up_down (input port clocked by clk)
Endpoint: _109_ (rising edge-triggered flip-flop clocked by clk)
Path Group: clk
Path Type: max

Fanout         Cap        Slew       Delay        Time   Description
---------------------------------------------------------------------------------------------
                                  0.000000    0.000000   clock clk (rise edge)
                                  0.000000    0.000000   clock network delay (propagated)
                                  0.860000    0.860000 ^ input external delay
     1    0.002744    0.031877    0.015542    0.875542 ^ up_down (in)
                                                         up_down (net)
                      0.031877    0.000000    0.875542 ^ input12/A (sky130_fd_sc_hd__buf_1)
     4    0.012726    0.250441    0.262025    1.137568 ^ input12/X (sky130_fd_sc_hd__buf_1)
                                                         net12 (net)
                      0.250442    0.000367    1.137934 ^ fanout21/A (sky130_fd_sc_hd__clkbuf_4)
    10    0.043145    0.218099    0.438864    1.576798 ^ fanout21/X (sky130_fd_sc_hd__clkbuf_4)
                                                         net21 (net)
                      0.218144    0.003079    1.579877 ^ _062_/B (sky130_fd_sc_hd__xor2_1)
     3    0.010246    0.397088    0.465188    2.045065 ^ _062_/X (sky130_fd_sc_hd__xor2_1)
                                                         _015_ (net)
                      0.397088    0.000531    2.045596 ^ _063_/B (sky130_fd_sc_hd__nand2_1)
     1    0.003754    0.110127    0.224873    2.270468 v _063_/Y (sky130_fd_sc_hd__nand2_1)
                                                         _016_ (net)
                      0.110127    0.000272    2.270740 v _066_/A1 (sky130_fd_sc_hd__a21o_1)
     1    0.002425    0.056926    0.295701    2.566442 v _066_/X (sky130_fd_sc_hd__a21o_1)
                                                         _001_ (net)
                      0.056926    0.000163    2.566605 v _109_/D (sky130_fd_sc_hd__dfrtp_1)
                                              2.566605   data arrival time

                                  4.300000    4.300000   clock clk (rise edge)
                                  0.000000    4.300000   clock source latency
     1    0.012962    0.101463    0.067327    4.367328 ^ clk (in)
                                                         clk (net)
                      0.101469    0.000000    4.367328 ^ clkbuf_0_clk/A (sky130_fd_sc_hd__clkbuf_16)
     2    0.020792    0.068419    0.236803    4.604131 ^ clkbuf_0_clk/X (sky130_fd_sc_hd__clkbuf_16)
                                                         clknet_0_clk (net)
                      0.068440    0.001123    4.605254 ^ clkbuf_1_0__f_clk/A (sky130_fd_sc_hd__clkbuf_16)
     5    0.016829    0.063501    0.216166    4.821420 ^ clkbuf_1_0__f_clk/X (sky130_fd_sc_hd__clkbuf_16)
                                                         clknet_1_0__leaf_clk (net)
                      0.063501    0.000948    4.822369 ^ _109_/CLK (sky130_fd_sc_hd__dfrtp_1)
                                 -0.250000    4.572369   clock uncertainty
                                  0.000000    4.572369   clock reconvergence pessimism
                                 -0.272843    4.299525   library setup time
                                              4.299525   data required time
---------------------------------------------------------------------------------------------
                                              4.299525   data required time
                                             -2.566605   data arrival time
---------------------------------------------------------------------------------------------
                                              1.732920   slack (MET)


Startpoint: resetn (input port clocked by clk)
Endpoint: _110_ (recovery check against rising-edge clock clk)
Path Group: asynchronous
Path Type: max

Fanout         Cap        Slew       Delay        Time   Description
---------------------------------------------------------------------------------------------
                                  0.000000    0.000000   clock clk (rise edge)
                                  0.000000    0.000000   clock network delay (propagated)
                                  0.860000    0.860000 ^ input external delay
     1    0.003079    0.034092    0.017305    0.877305 ^ resetn (in)
                                                         resetn (net)
                      0.034094    0.000000    0.877305 ^ hold1/A (sky130_fd_sc_hd__dlygate4sd3_1)
     1    0.002372    0.086693    1.018565    1.895870 ^ hold1/X (sky130_fd_sc_hd__dlygate4sd3_1)
                                                         net22 (net)
                      0.086693    0.000158    1.896029 ^ input11/A (sky130_fd_sc_hd__buf_2)
     8    0.040103    0.315940    0.380074    2.276103 ^ input11/X (sky130_fd_sc_hd__buf_2)
                                                         net11 (net)
                      0.316040    0.004664    2.280766 ^ _110_/RESET_B (sky130_fd_sc_hd__dfrtp_2)
                                              2.280766   data arrival time

                                  4.300000    4.300000   clock clk (rise edge)
                                  0.000000    4.300000   clock source latency
     1    0.012962    0.101463    0.067327    4.367328 ^ clk (in)
                                                         clk (net)
                      0.101469    0.000000    4.367328 ^ clkbuf_0_clk/A (sky130_fd_sc_hd__clkbuf_16)
     2    0.020792    0.068419    0.236803    4.604131 ^ clkbuf_0_clk/X (sky130_fd_sc_hd__clkbuf_16)
                                                         clknet_0_clk (net)
                      0.068440    0.001123    4.605254 ^ clkbuf_1_0__f_clk/A (sky130_fd_sc_hd__clkbuf_16)
     5    0.016829    0.063501    0.216166    4.821420 ^ clkbuf_1_0__f_clk/X (sky130_fd_sc_hd__clkbuf_16)
                                                         clknet_1_0__leaf_clk (net)
                      0.063501    0.000998    4.822418 ^ _110_/CLK (sky130_fd_sc_hd__dfrtp_2)
                                 -0.250000    4.572418   clock uncertainty
                                  0.000000    4.572418   clock reconvergence pessimism
                                  0.337169    4.909587   library recovery time
                                              4.909587   data required time
---------------------------------------------------------------------------------------------
                                              4.909587   data required time
                                             -2.280766   data arrival time
---------------------------------------------------------------------------------------------
                                              2.628821   slack (MET)


Startpoint: resetn (input port clocked by clk)
Endpoint: _111_ (recovery check against rising-edge clock clk)
Path Group: asynchronous
Path Type: max

Fanout         Cap        Slew       Delay        Time   Description
---------------------------------------------------------------------------------------------
                                  0.000000    0.000000   clock clk (rise edge)
                                  0.000000    0.000000   clock network delay (propagated)
                                  0.860000    0.860000 ^ input external delay
     1    0.003079    0.034092    0.017305    0.877305 ^ resetn (in)
                                                         resetn (net)
                      0.034094    0.000000    0.877305 ^ hold1/A (sky130_fd_sc_hd__dlygate4sd3_1)
     1    0.002372    0.086693    1.018565    1.895870 ^ hold1/X (sky130_fd_sc_hd__dlygate4sd3_1)
                                                         net22 (net)
                      0.086693    0.000158    1.896029 ^ input11/A (sky130_fd_sc_hd__buf_2)
     8    0.040103    0.315940    0.380074    2.276103 ^ input11/X (sky130_fd_sc_hd__buf_2)
                                                         net11 (net)
                      0.316029    0.004417    2.280519 ^ _111_/RESET_B (sky130_fd_sc_hd__dfrtp_1)
                                              2.280519   data arrival time

                                  4.300000    4.300000   clock clk (rise edge)
                                  0.000000    4.300000   clock source latency
     1    0.012962    0.101463    0.067327    4.367328 ^ clk (in)
                                                         clk (net)
                      0.101469    0.000000    4.367328 ^ clkbuf_0_clk/A (sky130_fd_sc_hd__clkbuf_16)
     2    0.020792    0.068419    0.236803    4.604131 ^ clkbuf_0_clk/X (sky130_fd_sc_hd__clkbuf_16)
                                                         clknet_0_clk (net)
                      0.068439    0.001087    4.605217 ^ clkbuf_1_1__f_clk/A (sky130_fd_sc_hd__clkbuf_16)
     4    0.012082    0.057572    0.209495    4.814713 ^ clkbuf_1_1__f_clk/X (sky130_fd_sc_hd__clkbuf_16)
                                                         clknet_1_1__leaf_clk (net)
                      0.057574    0.000808    4.815521 ^ _111_/CLK (sky130_fd_sc_hd__dfrtp_1)
                                 -0.250000    4.565521   clock uncertainty
                                  0.000000    4.565521   clock reconvergence pessimism
                                  0.367229    4.932750   library recovery time
                                              4.932750   data required time
---------------------------------------------------------------------------------------------
                                              4.932750   data required time
                                             -2.280519   data arrival time
---------------------------------------------------------------------------------------------
                                              2.652231   slack (MET)


Startpoint: resetn (input port clocked by clk)
Endpoint: _115_ (recovery check against rising-edge clock clk)
Path Group: asynchronous
Path Type: max

Fanout         Cap        Slew       Delay        Time   Description
---------------------------------------------------------------------------------------------
                                  0.000000    0.000000   clock clk (rise edge)
                                  0.000000    0.000000   clock network delay (propagated)
                                  0.860000    0.860000 ^ input external delay
     1    0.003079    0.034092    0.017305    0.877305 ^ resetn (in)
                                                         resetn (net)
                      0.034094    0.000000    0.877305 ^ hold1/A (sky130_fd_sc_hd__dlygate4sd3_1)
     1    0.002372    0.086693    1.018565    1.895870 ^ hold1/X (sky130_fd_sc_hd__dlygate4sd3_1)
                                                         net22 (net)
                      0.086693    0.000158    1.896029 ^ input11/A (sky130_fd_sc_hd__buf_2)
     8    0.040103    0.315940    0.380074    2.276103 ^ input11/X (sky130_fd_sc_hd__buf_2)
                                                         net11 (net)
                      0.316031    0.004448    2.280551 ^ _115_/RESET_B (sky130_fd_sc_hd__dfrtp_1)
                                              2.280551   data arrival time

                                  4.300000    4.300000   clock clk (rise edge)
                                  0.000000    4.300000   clock source latency
     1    0.012962    0.101463    0.067327    4.367328 ^ clk (in)
                                                         clk (net)
                      0.101469    0.000000    4.367328 ^ clkbuf_0_clk/A (sky130_fd_sc_hd__clkbuf_16)
     2    0.020792    0.068419    0.236803    4.604131 ^ clkbuf_0_clk/X (sky130_fd_sc_hd__clkbuf_16)
                                                         clknet_0_clk (net)
                      0.068439    0.001087    4.605217 ^ clkbuf_1_1__f_clk/A (sky130_fd_sc_hd__clkbuf_16)
     4    0.012082    0.057572    0.209495    4.814713 ^ clkbuf_1_1__f_clk/X (sky130_fd_sc_hd__clkbuf_16)
                                                         clknet_1_1__leaf_clk (net)
                      0.057574    0.000913    4.815626 ^ _115_/CLK (sky130_fd_sc_hd__dfrtp_1)
                                 -0.250000    4.565626   clock uncertainty
                                  0.000000    4.565626   clock reconvergence pessimism
                                  0.367229    4.932855   library recovery time
                                              4.932855   data required time
---------------------------------------------------------------------------------------------
                                              4.932855   data required time
                                             -2.280551   data arrival time
---------------------------------------------------------------------------------------------
                                              2.652304   slack (MET)


Startpoint: resetn (input port clocked by clk)
Endpoint: _114_ (recovery check against rising-edge clock clk)
Path Group: asynchronous
Path Type: max

Fanout         Cap        Slew       Delay        Time   Description
---------------------------------------------------------------------------------------------
                                  0.000000    0.000000   clock clk (rise edge)
                                  0.000000    0.000000   clock network delay (propagated)
                                  0.860000    0.860000 ^ input external delay
     1    0.003079    0.034092    0.017305    0.877305 ^ resetn (in)
                                                         resetn (net)
                      0.034094    0.000000    0.877305 ^ hold1/A (sky130_fd_sc_hd__dlygate4sd3_1)
     1    0.002372    0.086693    1.018565    1.895870 ^ hold1/X (sky130_fd_sc_hd__dlygate4sd3_1)
                                                         net22 (net)
                      0.086693    0.000158    1.896029 ^ input11/A (sky130_fd_sc_hd__buf_2)
     8    0.040103    0.315940    0.380074    2.276103 ^ input11/X (sky130_fd_sc_hd__buf_2)
                                                         net11 (net)
                      0.316007    0.003822    2.279924 ^ _114_/RESET_B (sky130_fd_sc_hd__dfrtp_1)
                                              2.279924   data arrival time

                                  4.300000    4.300000   clock clk (rise edge)
                                  0.000000    4.300000   clock source latency
     1    0.012962    0.101463    0.067327    4.367328 ^ clk (in)
                                                         clk (net)
                      0.101469    0.000000    4.367328 ^ clkbuf_0_clk/A (sky130_fd_sc_hd__clkbuf_16)
     2    0.020792    0.068419    0.236803    4.604131 ^ clkbuf_0_clk/X (sky130_fd_sc_hd__clkbuf_16)
                                                         clknet_0_clk (net)
                      0.068439    0.001087    4.605217 ^ clkbuf_1_1__f_clk/A (sky130_fd_sc_hd__clkbuf_16)
     4    0.012082    0.057572    0.209495    4.814713 ^ clkbuf_1_1__f_clk/X (sky130_fd_sc_hd__clkbuf_16)
                                                         clknet_1_1__leaf_clk (net)
                      0.057573    0.000582    4.815295 ^ _114_/CLK (sky130_fd_sc_hd__dfrtp_1)
                                 -0.250000    4.565295   clock uncertainty
                                  0.000000    4.565295   clock reconvergence pessimism
                                  0.367237    4.932532   library recovery time
                                              4.932532   data required time
---------------------------------------------------------------------------------------------
                                              4.932532   data required time
                                             -2.279924   data arrival time
---------------------------------------------------------------------------------------------
                                              2.652608   slack (MET)


Startpoint: resetn (input port clocked by clk)
Endpoint: _113_ (recovery check against rising-edge clock clk)
Path Group: asynchronous
Path Type: max

Fanout         Cap        Slew       Delay        Time   Description
---------------------------------------------------------------------------------------------
                                  0.000000    0.000000   clock clk (rise edge)
                                  0.000000    0.000000   clock network delay (propagated)
                                  0.860000    0.860000 ^ input external delay
     1    0.003079    0.034092    0.017305    0.877305 ^ resetn (in)
                                                         resetn (net)
                      0.034094    0.000000    0.877305 ^ hold1/A (sky130_fd_sc_hd__dlygate4sd3_1)
     1    0.002372    0.086693    1.018565    1.895870 ^ hold1/X (sky130_fd_sc_hd__dlygate4sd3_1)
                                                         net22 (net)
                      0.086693    0.000158    1.896029 ^ input11/A (sky130_fd_sc_hd__buf_2)
     8    0.040103    0.315940    0.380074    2.276103 ^ input11/X (sky130_fd_sc_hd__buf_2)
                                                         net11 (net)
                      0.315972    0.002659    2.278762 ^ _113_/RESET_B (sky130_fd_sc_hd__dfrtp_1)
                                              2.278762   data arrival time

                                  4.300000    4.300000   clock clk (rise edge)
                                  0.000000    4.300000   clock source latency
     1    0.012962    0.101463    0.067327    4.367328 ^ clk (in)
                                                         clk (net)
                      0.101469    0.000000    4.367328 ^ clkbuf_0_clk/A (sky130_fd_sc_hd__clkbuf_16)
     2    0.020792    0.068419    0.236803    4.604131 ^ clkbuf_0_clk/X (sky130_fd_sc_hd__clkbuf_16)
                                                         clknet_0_clk (net)
                      0.068439    0.001087    4.605217 ^ clkbuf_1_1__f_clk/A (sky130_fd_sc_hd__clkbuf_16)
     4    0.012082    0.057572    0.209495    4.814713 ^ clkbuf_1_1__f_clk/X (sky130_fd_sc_hd__clkbuf_16)
                                                         clknet_1_1__leaf_clk (net)
                      0.057573    0.000717    4.815430 ^ _113_/CLK (sky130_fd_sc_hd__dfrtp_1)
                                 -0.250000    4.565430   clock uncertainty
                                  0.000000    4.565430   clock reconvergence pessimism
                                  0.367250    4.932680   library recovery time
                                              4.932680   data required time
---------------------------------------------------------------------------------------------
                                              4.932680   data required time
                                             -2.278762   data arrival time
---------------------------------------------------------------------------------------------
                                              2.653918   slack (MET)


Startpoint: resetn (input port clocked by clk)
Endpoint: _109_ (recovery check against rising-edge clock clk)
Path Group: asynchronous
Path Type: max

Fanout         Cap        Slew       Delay        Time   Description
---------------------------------------------------------------------------------------------
                                  0.000000    0.000000   clock clk (rise edge)
                                  0.000000    0.000000   clock network delay (propagated)
                                  0.860000    0.860000 ^ input external delay
     1    0.003079    0.034092    0.017305    0.877305 ^ resetn (in)
                                                         resetn (net)
                      0.034094    0.000000    0.877305 ^ hold1/A (sky130_fd_sc_hd__dlygate4sd3_1)
     1    0.002372    0.086693    1.018565    1.895870 ^ hold1/X (sky130_fd_sc_hd__dlygate4sd3_1)
                                                         net22 (net)
                      0.086693    0.000158    1.896029 ^ input11/A (sky130_fd_sc_hd__buf_2)
     8    0.040103    0.315940    0.380074    2.276103 ^ input11/X (sky130_fd_sc_hd__buf_2)
                                                         net11 (net)
                      0.316041    0.004690    2.280793 ^ _109_/RESET_B (sky130_fd_sc_hd__dfrtp_1)
                                              2.280793   data arrival time

                                  4.300000    4.300000   clock clk (rise edge)
                                  0.000000    4.300000   clock source latency
     1    0.012962    0.101463    0.067327    4.367328 ^ clk (in)
                                                         clk (net)
                      0.101469    0.000000    4.367328 ^ clkbuf_0_clk/A (sky130_fd_sc_hd__clkbuf_16)
     2    0.020792    0.068419    0.236803    4.604131 ^ clkbuf_0_clk/X (sky130_fd_sc_hd__clkbuf_16)
                                                         clknet_0_clk (net)
                      0.068440    0.001123    4.605254 ^ clkbuf_1_0__f_clk/A (sky130_fd_sc_hd__clkbuf_16)
     5    0.016829    0.063501    0.216166    4.821420 ^ clkbuf_1_0__f_clk/X (sky130_fd_sc_hd__clkbuf_16)
                                                         clknet_1_0__leaf_clk (net)
                      0.063501    0.000948    4.822369 ^ _109_/CLK (sky130_fd_sc_hd__dfrtp_1)
                                 -0.250000    4.572369   clock uncertainty
                                  0.000000    4.572369   clock reconvergence pessimism
                                  0.369235    4.941603   library recovery time
                                              4.941603   data required time
---------------------------------------------------------------------------------------------
                                              4.941603   data required time
                                             -2.280793   data arrival time
---------------------------------------------------------------------------------------------
                                              2.660810   slack (MET)


Startpoint: resetn (input port clocked by clk)
Endpoint: _112_ (recovery check against rising-edge clock clk)
Path Group: asynchronous
Path Type: max

Fanout         Cap        Slew       Delay        Time   Description
---------------------------------------------------------------------------------------------
                                  0.000000    0.000000   clock clk (rise edge)
                                  0.000000    0.000000   clock network delay (propagated)
                                  0.860000    0.860000 ^ input external delay
     1    0.003079    0.034092    0.017305    0.877305 ^ resetn (in)
                                                         resetn (net)
                      0.034094    0.000000    0.877305 ^ hold1/A (sky130_fd_sc_hd__dlygate4sd3_1)
     1    0.002372    0.086693    1.018565    1.895870 ^ hold1/X (sky130_fd_sc_hd__dlygate4sd3_1)
                                                         net22 (net)
                      0.086693    0.000158    1.896029 ^ input11/A (sky130_fd_sc_hd__buf_2)
     8    0.040103    0.315940    0.380074    2.276103 ^ input11/X (sky130_fd_sc_hd__buf_2)
                                                         net11 (net)
                      0.315957    0.001924    2.278026 ^ _112_/RESET_B (sky130_fd_sc_hd__dfrtp_1)
                                              2.278026   data arrival time

                                  4.300000    4.300000   clock clk (rise edge)
                                  0.000000    4.300000   clock source latency
     1    0.012962    0.101463    0.067327    4.367328 ^ clk (in)
                                                         clk (net)
                      0.101469    0.000000    4.367328 ^ clkbuf_0_clk/A (sky130_fd_sc_hd__clkbuf_16)
     2    0.020792    0.068419    0.236803    4.604131 ^ clkbuf_0_clk/X (sky130_fd_sc_hd__clkbuf_16)
                                                         clknet_0_clk (net)
                      0.068440    0.001123    4.605254 ^ clkbuf_1_0__f_clk/A (sky130_fd_sc_hd__clkbuf_16)
     5    0.016829    0.063501    0.216166    4.821420 ^ clkbuf_1_0__f_clk/X (sky130_fd_sc_hd__clkbuf_16)
                                                         clknet_1_0__leaf_clk (net)
                      0.063501    0.000897    4.822317 ^ _112_/CLK (sky130_fd_sc_hd__dfrtp_1)
                                 -0.250000    4.572317   clock uncertainty
                                  0.000000    4.572317   clock reconvergence pessimism
                                  0.369266    4.941583   library recovery time
                                              4.941583   data required time
---------------------------------------------------------------------------------------------
                                              4.941583   data required time
                                             -2.278026   data arrival time
---------------------------------------------------------------------------------------------
                                              2.663557   slack (MET)


Startpoint: resetn (input port clocked by clk)
Endpoint: _108_ (recovery check against rising-edge clock clk)
Path Group: asynchronous
Path Type: max

Fanout         Cap        Slew       Delay        Time   Description
---------------------------------------------------------------------------------------------
                                  0.000000    0.000000   clock clk (rise edge)
                                  0.000000    0.000000   clock network delay (propagated)
                                  0.860000    0.860000 ^ input external delay
     1    0.003079    0.034092    0.017305    0.877305 ^ resetn (in)
                                                         resetn (net)
                      0.034094    0.000000    0.877305 ^ hold1/A (sky130_fd_sc_hd__dlygate4sd3_1)
     1    0.002372    0.086693    1.018565    1.895870 ^ hold1/X (sky130_fd_sc_hd__dlygate4sd3_1)
                                                         net22 (net)
                      0.086693    0.000158    1.896029 ^ input11/A (sky130_fd_sc_hd__buf_2)
     8    0.040103    0.315940    0.380074    2.276103 ^ input11/X (sky130_fd_sc_hd__buf_2)
                                                         net11 (net)
                      0.315952    0.001648    2.277750 ^ _108_/RESET_B (sky130_fd_sc_hd__dfrtp_1)
                                              2.277750   data arrival time

                                  4.300000    4.300000   clock clk (rise edge)
                                  0.000000    4.300000   clock source latency
     1    0.012962    0.101463    0.067327    4.367328 ^ clk (in)
                                                         clk (net)
                      0.101469    0.000000    4.367328 ^ clkbuf_0_clk/A (sky130_fd_sc_hd__clkbuf_16)
     2    0.020792    0.068419    0.236803    4.604131 ^ clkbuf_0_clk/X (sky130_fd_sc_hd__clkbuf_16)
                                                         clknet_0_clk (net)
                      0.068440    0.001123    4.605254 ^ clkbuf_1_0__f_clk/A (sky130_fd_sc_hd__clkbuf_16)
     5    0.016829    0.063501    0.216166    4.821420 ^ clkbuf_1_0__f_clk/X (sky130_fd_sc_hd__clkbuf_16)
                                                         clknet_1_0__leaf_clk (net)
                      0.063501    0.000966    4.822387 ^ _108_/CLK (sky130_fd_sc_hd__dfrtp_1)
                                 -0.250000    4.572387   clock uncertainty
                                  0.000000    4.572387   clock reconvergence pessimism
                                  0.369268    4.941654   library recovery time
                                              4.941654   data required time
---------------------------------------------------------------------------------------------
                                              4.941654   data required time
                                             -2.277750   data arrival time
---------------------------------------------------------------------------------------------
                                              2.663904   slack (MET)



