
===========================================================================
report_checks -unconstrained
===========================================================================
======================= nom_ss_100C_1v60 Corner ===================================

Startpoint: _109_ (rising edge-triggered flip-flop clocked by clk)
Endpoint: _115_ (rising edge-triggered flip-flop clocked by clk)
Path Group: clk
Path Type: max

Fanout         Cap        Slew       Delay        Time   Description
---------------------------------------------------------------------------------------------
                      0.000000    0.000000    0.000000   clock clk (rise edge)
                                  0.000000    0.000000   clock network delay (ideal)
                      0.000000    0.000000    0.000000 ^ _109_/CLK (sky130_fd_sc_hd__dfrtp_2)
     4    0.015172    0.135602    0.845542    0.845542 v _109_/Q (sky130_fd_sc_hd__dfrtp_2)
                                                         count[1] (net)
                      0.135602    0.000000    0.845542 v _062_/A (sky130_fd_sc_hd__xor2_2)
     3    0.008811    0.124971    0.356407    1.201949 v _062_/X (sky130_fd_sc_hd__xor2_2)
                                                         _015_ (net)
                      0.124971    0.000000    1.201949 v _067_/A2 (sky130_fd_sc_hd__o21a_2)
     3    0.010004    0.094514    0.420450    1.622398 v _067_/X (sky130_fd_sc_hd__o21a_2)
                                                         _019_ (net)
                      0.094514    0.000000    1.622398 v _080_/A1 (sky130_fd_sc_hd__o31ai_2)
     4    0.010944    0.481009    0.551414    2.173813 ^ _080_/Y (sky130_fd_sc_hd__o31ai_2)
                                                         _030_ (net)
                      0.481009    0.000000    2.173813 ^ _098_/A1 (sky130_fd_sc_hd__a31o_2)
     3    0.011087    0.139924    0.515537    2.689349 ^ _098_/X (sky130_fd_sc_hd__a31o_2)
                                                         _046_ (net)
                      0.139924    0.000000    2.689349 ^ _103_/A2 (sky130_fd_sc_hd__a21oi_2)
     1    0.008431    0.112270    0.161067    2.850416 v _103_/Y (sky130_fd_sc_hd__a21oi_2)
                                                         _050_ (net)
                      0.112270    0.000000    2.850416 v _105_/A (sky130_fd_sc_hd__xnor2_2)
     1    0.002241    0.080195    0.234950    3.085366 v _105_/Y (sky130_fd_sc_hd__xnor2_2)
                                                         _052_ (net)
                      0.080195    0.000000    3.085366 v _107_/A2 (sky130_fd_sc_hd__a21o_2)
     1    0.001838    0.053145    0.368663    3.454029 v _107_/X (sky130_fd_sc_hd__a21o_2)
                                                         _007_ (net)
                      0.053145    0.000000    3.454029 v _115_/D (sky130_fd_sc_hd__dfrtp_2)
                                              3.454029   data arrival time

                      0.000000    4.300000    4.300000   clock clk (rise edge)
                                  0.000000    4.300000   clock network delay (ideal)
                                  0.000000    4.300000   clock reconvergence pessimism
                                              4.300000 ^ _115_/CLK (sky130_fd_sc_hd__dfrtp_2)
                                 -0.288212    4.011788   library setup time
                                              4.011788   data required time
---------------------------------------------------------------------------------------------
                                              4.011788   data required time
                                             -3.454029   data arrival time
---------------------------------------------------------------------------------------------
                                              0.557759   slack (MET)




===========================================================================
report_checks --slack_max -0.01
============================================================================
======================= nom_ss_100C_1v60 Corner ===================================

No paths found.


===========================================================================
 report_check_types -max_slew -max_cap -max_fanout -violators
============================================================================
======================= nom_ss_100C_1v60 Corner ===================================



===========================================================================
report_parasitic_annotation -report_unannotated
============================================================================
Found 75 unannotated drivers.
 clk
 data[0]
 data[1]
 data[2]
 data[3]
 data[4]
 data[5]
 data[6]
 data[7]
 enable
 preload
 resetn
 up_down
 _054_/Y
 _055_/Y
 _056_/Y
 _057_/Y
 _058_/X
 _059_/X
 _060_/Y
 _061_/Y
 _062_/X
 _063_/Y
 _064_/X
 _065_/X
 _066_/X
 _067_/X
 _068_/X
 _069_/Y
 _070_/X
 _071_/X
 _072_/X
 _073_/Y
 _074_/Y
 _075_/Y
 _076_/Y
 _077_/Y
 _078_/X
 _079_/Y
 _080_/Y
 _081_/X
 _082_/X
 _083_/Y
 _084_/X
 _085_/Y
 _086_/X
 _087_/X
 _088_/Y
 _089_/X
 _090_/Y
 _091_/X
 _092_/X
 _093_/X
 _094_/X
 _095_/X
 _096_/Y
 _097_/X
 _098_/X
 _099_/Y
 _100_/X
 _101_/X
 _102_/X
 _103_/Y
 _104_/Y
 _105_/Y
 _106_/X
 _107_/X
 _108_/Q
 _109_/Q
 _110_/Q
 _111_/Q
 _112_/Q
 _113_/Q
 _114_/Q
 _115_/Q
Found 0 partially unannotated drivers.

===========================================================================
max slew violation count 0
max fanout violation count 0
max cap violation count 0
============================================================================

===========================================================================
check_setup -verbose -unconstrained_endpoints -multiple_clock -no_clock -no_input_delay -loops -generated_clocks
===========================================================================
Warning: There are 12 input ports missing set_input_delay.
  data[0]
  data[1]
  data[2]
  data[3]
  data[4]
  data[5]
  data[6]
  data[7]
  enable
  preload
  resetn
  up_down
Warning: There are 8 unconstrained endpoints.
  count[0]
  count[1]
  count[2]
  count[3]
  count[4]
  count[5]
  count[6]
  count[7]
