
===========================================================================
report_checks -path_delay min (Hold)
============================================================================
======================= min_tt_025C_1v80 Corner ===================================

Startpoint: _111_ (rising edge-triggered flip-flop clocked by clk)
Endpoint: _111_ (rising edge-triggered flip-flop clocked by clk)
Path Group: clk
Path Type: min

Fanout         Cap        Slew       Delay        Time   Description
---------------------------------------------------------------------------------------------
                                  0.000000    0.000000   clock clk (rise edge)
                                  0.000000    0.000000   clock source latency
     1    0.011946    0.060071    0.040304    0.040304 ^ clk (in)
                                                         clk (net)
                      0.060072    0.000000    0.040304 ^ clkbuf_0_clk/A (sky130_fd_sc_hd__clkbuf_16)
     2    0.019199    0.041171    0.130168    0.170471 ^ clkbuf_0_clk/X (sky130_fd_sc_hd__clkbuf_16)
                                                         clknet_0_clk (net)
                      0.041171    0.000173    0.170644 ^ clkbuf_1_1__f_clk/A (sky130_fd_sc_hd__clkbuf_16)
     4    0.011487    0.034603    0.115905    0.286549 ^ clkbuf_1_1__f_clk/X (sky130_fd_sc_hd__clkbuf_16)
                                                         clknet_1_1__leaf_clk (net)
                      0.034603    0.000120    0.286669 ^ _111_/CLK (sky130_fd_sc_hd__dfrtp_1)
     4    0.013806    0.131403    0.382379    0.669048 ^ _111_/Q (sky130_fd_sc_hd__dfrtp_1)
                                                         net16 (net)
                      0.131403    0.000064    0.669112 ^ _078_/B2 (sky130_fd_sc_hd__a221o_1)
     1    0.002988    0.043276    0.153906    0.823018 ^ _078_/X (sky130_fd_sc_hd__a221o_1)
                                                         _003_ (net)
                      0.043276    0.000027    0.823045 ^ _111_/D (sky130_fd_sc_hd__dfrtp_1)
                                              0.823045   data arrival time

                                  0.000000    0.000000   clock clk (rise edge)
                                  0.000000    0.000000   clock source latency
     1    0.011946    0.060071    0.040304    0.040304 ^ clk (in)
                                                         clk (net)
                      0.060072    0.000000    0.040304 ^ clkbuf_0_clk/A (sky130_fd_sc_hd__clkbuf_16)
     2    0.019199    0.041171    0.130168    0.170471 ^ clkbuf_0_clk/X (sky130_fd_sc_hd__clkbuf_16)
                                                         clknet_0_clk (net)
                      0.041171    0.000173    0.170644 ^ clkbuf_1_1__f_clk/A (sky130_fd_sc_hd__clkbuf_16)
     4    0.011487    0.034603    0.115905    0.286549 ^ clkbuf_1_1__f_clk/X (sky130_fd_sc_hd__clkbuf_16)
                                                         clknet_1_1__leaf_clk (net)
                      0.034603    0.000120    0.286669 ^ _111_/CLK (sky130_fd_sc_hd__dfrtp_1)
                                  0.250000    0.536669   clock uncertainty
                                  0.000000    0.536669   clock reconvergence pessimism
                                 -0.035823    0.500846   library hold time
                                              0.500846   data required time
---------------------------------------------------------------------------------------------
                                              0.500846   data required time
                                             -0.823045   data arrival time
---------------------------------------------------------------------------------------------
                                              0.322199   slack (MET)


Startpoint: _115_ (rising edge-triggered flip-flop clocked by clk)
Endpoint: _115_ (rising edge-triggered flip-flop clocked by clk)
Path Group: clk
Path Type: min

Fanout         Cap        Slew       Delay        Time   Description
---------------------------------------------------------------------------------------------
                                  0.000000    0.000000   clock clk (rise edge)
                                  0.000000    0.000000   clock source latency
     1    0.011946    0.060071    0.040304    0.040304 ^ clk (in)
                                                         clk (net)
                      0.060072    0.000000    0.040304 ^ clkbuf_0_clk/A (sky130_fd_sc_hd__clkbuf_16)
     2    0.019199    0.041171    0.130168    0.170471 ^ clkbuf_0_clk/X (sky130_fd_sc_hd__clkbuf_16)
                                                         clknet_0_clk (net)
                      0.041171    0.000173    0.170644 ^ clkbuf_1_1__f_clk/A (sky130_fd_sc_hd__clkbuf_16)
     4    0.011487    0.034603    0.115905    0.286549 ^ clkbuf_1_1__f_clk/X (sky130_fd_sc_hd__clkbuf_16)
                                                         clknet_1_1__leaf_clk (net)
                      0.034603    0.000036    0.286585 ^ _115_/CLK (sky130_fd_sc_hd__dfrtp_1)
     3    0.010607    0.105192    0.362957    0.649542 ^ _115_/Q (sky130_fd_sc_hd__dfrtp_1)
                                                         net20 (net)
                      0.105192    0.000064    0.649606 ^ _106_/B2 (sky130_fd_sc_hd__a22o_1)
     1    0.003374    0.048069    0.136860    0.786466 ^ _106_/X (sky130_fd_sc_hd__a22o_1)
                                                         _053_ (net)
                      0.048069    0.000038    0.786504 ^ _107_/B1 (sky130_fd_sc_hd__a21o_1)
     1    0.002819    0.034967    0.076703    0.863207 ^ _107_/X (sky130_fd_sc_hd__a21o_1)
                                                         _007_ (net)
                      0.034967    0.000029    0.863236 ^ _115_/D (sky130_fd_sc_hd__dfrtp_1)
                                              0.863236   data arrival time

                                  0.000000    0.000000   clock clk (rise edge)
                                  0.000000    0.000000   clock source latency
     1    0.011946    0.060071    0.040304    0.040304 ^ clk (in)
                                                         clk (net)
                      0.060072    0.000000    0.040304 ^ clkbuf_0_clk/A (sky130_fd_sc_hd__clkbuf_16)
     2    0.019199    0.041171    0.130168    0.170471 ^ clkbuf_0_clk/X (sky130_fd_sc_hd__clkbuf_16)
                                                         clknet_0_clk (net)
                      0.041171    0.000173    0.170644 ^ clkbuf_1_1__f_clk/A (sky130_fd_sc_hd__clkbuf_16)
     4    0.011487    0.034603    0.115905    0.286549 ^ clkbuf_1_1__f_clk/X (sky130_fd_sc_hd__clkbuf_16)
                                                         clknet_1_1__leaf_clk (net)
                      0.034603    0.000036    0.286585 ^ _115_/CLK (sky130_fd_sc_hd__dfrtp_1)
                                  0.250000    0.536585   clock uncertainty
                                  0.000000    0.536585   clock reconvergence pessimism
                                 -0.034079    0.502506   library hold time
                                              0.502506   data required time
---------------------------------------------------------------------------------------------
                                              0.502506   data required time
                                             -0.863236   data arrival time
---------------------------------------------------------------------------------------------
                                              0.360730   slack (MET)


Startpoint: _114_ (rising edge-triggered flip-flop clocked by clk)
Endpoint: _114_ (rising edge-triggered flip-flop clocked by clk)
Path Group: clk
Path Type: min

Fanout         Cap        Slew       Delay        Time   Description
---------------------------------------------------------------------------------------------
                                  0.000000    0.000000   clock clk (rise edge)
                                  0.000000    0.000000   clock source latency
     1    0.011946    0.060071    0.040304    0.040304 ^ clk (in)
                                                         clk (net)
                      0.060072    0.000000    0.040304 ^ clkbuf_0_clk/A (sky130_fd_sc_hd__clkbuf_16)
     2    0.019199    0.041171    0.130168    0.170471 ^ clkbuf_0_clk/X (sky130_fd_sc_hd__clkbuf_16)
                                                         clknet_0_clk (net)
                      0.041171    0.000173    0.170644 ^ clkbuf_1_1__f_clk/A (sky130_fd_sc_hd__clkbuf_16)
     4    0.011487    0.034603    0.115905    0.286549 ^ clkbuf_1_1__f_clk/X (sky130_fd_sc_hd__clkbuf_16)
                                                         clknet_1_1__leaf_clk (net)
                      0.034603    0.000091    0.286641 ^ _114_/CLK (sky130_fd_sc_hd__dfrtp_1)
     4    0.011185    0.109930    0.366439    0.653079 ^ _114_/Q (sky130_fd_sc_hd__dfrtp_1)
                                                         net19 (net)
                      0.109930    0.000136    0.653216 ^ _101_/B2 (sky130_fd_sc_hd__a22o_1)
     1    0.003042    0.045277    0.135517    0.788732 ^ _101_/X (sky130_fd_sc_hd__a22o_1)
                                                         _049_ (net)
                      0.045277    0.000017    0.788750 ^ _102_/B1 (sky130_fd_sc_hd__a31o_1)
     1    0.002870    0.040737    0.087366    0.876116 ^ _102_/X (sky130_fd_sc_hd__a31o_1)
                                                         _006_ (net)
                      0.040737    0.000030    0.876146 ^ _114_/D (sky130_fd_sc_hd__dfrtp_1)
                                              0.876146   data arrival time

                                  0.000000    0.000000   clock clk (rise edge)
                                  0.000000    0.000000   clock source latency
     1    0.011946    0.060071    0.040304    0.040304 ^ clk (in)
                                                         clk (net)
                      0.060072    0.000000    0.040304 ^ clkbuf_0_clk/A (sky130_fd_sc_hd__clkbuf_16)
     2    0.019199    0.041171    0.130168    0.170471 ^ clkbuf_0_clk/X (sky130_fd_sc_hd__clkbuf_16)
                                                         clknet_0_clk (net)
                      0.041171    0.000173    0.170644 ^ clkbuf_1_1__f_clk/A (sky130_fd_sc_hd__clkbuf_16)
     4    0.011487    0.034603    0.115905    0.286549 ^ clkbuf_1_1__f_clk/X (sky130_fd_sc_hd__clkbuf_16)
                                                         clknet_1_1__leaf_clk (net)
                      0.034603    0.000091    0.286641 ^ _114_/CLK (sky130_fd_sc_hd__dfrtp_1)
                                  0.250000    0.536641   clock uncertainty
                                  0.000000    0.536641   clock reconvergence pessimism
                                 -0.035291    0.501350   library hold time
                                              0.501350   data required time
---------------------------------------------------------------------------------------------
                                              0.501350   data required time
                                             -0.876146   data arrival time
---------------------------------------------------------------------------------------------
                                              0.374796   slack (MET)


Startpoint: _108_ (rising edge-triggered flip-flop clocked by clk)
Endpoint: _109_ (rising edge-triggered flip-flop clocked by clk)
Path Group: clk
Path Type: min

Fanout         Cap        Slew       Delay        Time   Description
---------------------------------------------------------------------------------------------
                                  0.000000    0.000000   clock clk (rise edge)
                                  0.000000    0.000000   clock source latency
     1    0.011946    0.060071    0.040304    0.040304 ^ clk (in)
                                                         clk (net)
                      0.060072    0.000000    0.040304 ^ clkbuf_0_clk/A (sky130_fd_sc_hd__clkbuf_16)
     2    0.019199    0.041171    0.130168    0.170471 ^ clkbuf_0_clk/X (sky130_fd_sc_hd__clkbuf_16)
                                                         clknet_0_clk (net)
                      0.041171    0.000195    0.170666 ^ clkbuf_1_0__f_clk/A (sky130_fd_sc_hd__clkbuf_16)
     5    0.015228    0.037782    0.119474    0.290140 ^ clkbuf_1_0__f_clk/X (sky130_fd_sc_hd__clkbuf_16)
                                                         clknet_1_0__leaf_clk (net)
                      0.037782    0.000162    0.290302 ^ _108_/CLK (sky130_fd_sc_hd__dfrtp_1)
     3    0.011115    0.109348    0.367239    0.657541 ^ _108_/Q (sky130_fd_sc_hd__dfrtp_1)
                                                         net13 (net)
                      0.109348    0.000097    0.657638 ^ _054_/A (sky130_fd_sc_hd__inv_2)
     4    0.013889    0.046566    0.066871    0.724510 v _054_/Y (sky130_fd_sc_hd__inv_2)
                                                         _008_ (net)
                      0.046566    0.000113    0.724623 v _063_/A (sky130_fd_sc_hd__nand2_1)
     1    0.004345    0.049993    0.064034    0.788656 ^ _063_/Y (sky130_fd_sc_hd__nand2_1)
                                                         _016_ (net)
                      0.049993    0.000046    0.788702 ^ _066_/A1 (sky130_fd_sc_hd__a21o_1)
     1    0.002382    0.031682    0.096968    0.885670 ^ _066_/X (sky130_fd_sc_hd__a21o_1)
                                                         _001_ (net)
                      0.031682    0.000021    0.885691 ^ _109_/D (sky130_fd_sc_hd__dfrtp_1)
                                              0.885691   data arrival time

                                  0.000000    0.000000   clock clk (rise edge)
                                  0.000000    0.000000   clock source latency
     1    0.011946    0.060071    0.040304    0.040304 ^ clk (in)
                                                         clk (net)
                      0.060072    0.000000    0.040304 ^ clkbuf_0_clk/A (sky130_fd_sc_hd__clkbuf_16)
     2    0.019199    0.041171    0.130168    0.170471 ^ clkbuf_0_clk/X (sky130_fd_sc_hd__clkbuf_16)
                                                         clknet_0_clk (net)
                      0.041171    0.000195    0.170666 ^ clkbuf_1_0__f_clk/A (sky130_fd_sc_hd__clkbuf_16)
     5    0.015228    0.037782    0.119474    0.290140 ^ clkbuf_1_0__f_clk/X (sky130_fd_sc_hd__clkbuf_16)
                                                         clknet_1_0__leaf_clk (net)
                      0.037782    0.000158    0.290298 ^ _109_/CLK (sky130_fd_sc_hd__dfrtp_1)
                                  0.250000    0.540298   clock uncertainty
                                  0.000000    0.540298   clock reconvergence pessimism
                                 -0.032957    0.507342   library hold time
                                              0.507342   data required time
---------------------------------------------------------------------------------------------
                                              0.507342   data required time
                                             -0.885691   data arrival time
---------------------------------------------------------------------------------------------
                                              0.378349   slack (MET)


Startpoint: _113_ (rising edge-triggered flip-flop clocked by clk)
Endpoint: _113_ (rising edge-triggered flip-flop clocked by clk)
Path Group: clk
Path Type: min

Fanout         Cap        Slew       Delay        Time   Description
---------------------------------------------------------------------------------------------
                                  0.000000    0.000000   clock clk (rise edge)
                                  0.000000    0.000000   clock source latency
     1    0.011946    0.060071    0.040304    0.040304 ^ clk (in)
                                                         clk (net)
                      0.060072    0.000000    0.040304 ^ clkbuf_0_clk/A (sky130_fd_sc_hd__clkbuf_16)
     2    0.019199    0.041171    0.130168    0.170471 ^ clkbuf_0_clk/X (sky130_fd_sc_hd__clkbuf_16)
                                                         clknet_0_clk (net)
                      0.041171    0.000173    0.170644 ^ clkbuf_1_1__f_clk/A (sky130_fd_sc_hd__clkbuf_16)
     4    0.011487    0.034603    0.115905    0.286549 ^ clkbuf_1_1__f_clk/X (sky130_fd_sc_hd__clkbuf_16)
                                                         clknet_1_1__leaf_clk (net)
                      0.034603    0.000075    0.286624 ^ _113_/CLK (sky130_fd_sc_hd__dfrtp_1)
     4    0.014600    0.137939    0.387131    0.673755 ^ _113_/Q (sky130_fd_sc_hd__dfrtp_1)
                                                         net18 (net)
                      0.137939    0.000112    0.673867 ^ _092_/B2 (sky130_fd_sc_hd__a22o_1)
     1    0.002696    0.043851    0.139710    0.813577 ^ _092_/X (sky130_fd_sc_hd__a22o_1)
                                                         _041_ (net)
                      0.043851    0.000012    0.813589 ^ _093_/B1 (sky130_fd_sc_hd__a31o_1)
     1    0.002189    0.035304    0.081715    0.895304 ^ _093_/X (sky130_fd_sc_hd__a31o_1)
                                                         _005_ (net)
                      0.035304    0.000018    0.895322 ^ _113_/D (sky130_fd_sc_hd__dfrtp_1)
                                              0.895322   data arrival time

                                  0.000000    0.000000   clock clk (rise edge)
                                  0.000000    0.000000   clock source latency
     1    0.011946    0.060071    0.040304    0.040304 ^ clk (in)
                                                         clk (net)
                      0.060072    0.000000    0.040304 ^ clkbuf_0_clk/A (sky130_fd_sc_hd__clkbuf_16)
     2    0.019199    0.041171    0.130168    0.170471 ^ clkbuf_0_clk/X (sky130_fd_sc_hd__clkbuf_16)
                                                         clknet_0_clk (net)
                      0.041171    0.000173    0.170644 ^ clkbuf_1_1__f_clk/A (sky130_fd_sc_hd__clkbuf_16)
     4    0.011487    0.034603    0.115905    0.286549 ^ clkbuf_1_1__f_clk/X (sky130_fd_sc_hd__clkbuf_16)
                                                         clknet_1_1__leaf_clk (net)
                      0.034603    0.000075    0.286624 ^ _113_/CLK (sky130_fd_sc_hd__dfrtp_1)
                                  0.250000    0.536624   clock uncertainty
                                  0.000000    0.536624   clock reconvergence pessimism
                                 -0.034150    0.502474   library hold time
                                              0.502474   data required time
---------------------------------------------------------------------------------------------
                                              0.502474   data required time
                                             -0.895322   data arrival time
---------------------------------------------------------------------------------------------
                                              0.392849   slack (MET)


Startpoint: _112_ (rising edge-triggered flip-flop clocked by clk)
Endpoint: _112_ (rising edge-triggered flip-flop clocked by clk)
Path Group: clk
Path Type: min

Fanout         Cap        Slew       Delay        Time   Description
---------------------------------------------------------------------------------------------
                                  0.000000    0.000000   clock clk (rise edge)
                                  0.000000    0.000000   clock source latency
     1    0.011946    0.060071    0.040304    0.040304 ^ clk (in)
                                                         clk (net)
                      0.060072    0.000000    0.040304 ^ clkbuf_0_clk/A (sky130_fd_sc_hd__clkbuf_16)
     2    0.019199    0.041171    0.130168    0.170471 ^ clkbuf_0_clk/X (sky130_fd_sc_hd__clkbuf_16)
                                                         clknet_0_clk (net)
                      0.041171    0.000195    0.170666 ^ clkbuf_1_0__f_clk/A (sky130_fd_sc_hd__clkbuf_16)
     5    0.015228    0.037782    0.119474    0.290140 ^ clkbuf_1_0__f_clk/X (sky130_fd_sc_hd__clkbuf_16)
                                                         clknet_1_0__leaf_clk (net)
                      0.037782    0.000163    0.290303 ^ _112_/CLK (sky130_fd_sc_hd__dfrtp_1)
     5    0.015372    0.144321    0.392930    0.683232 ^ _112_/Q (sky130_fd_sc_hd__dfrtp_1)
                                                         net17 (net)
                      0.144321    0.000114    0.683347 ^ _086_/B2 (sky130_fd_sc_hd__a22o_1)
     1    0.002697    0.043845    0.141107    0.824454 ^ _086_/X (sky130_fd_sc_hd__a22o_1)
                                                         _036_ (net)
                      0.043845    0.000012    0.824466 ^ _087_/B1 (sky130_fd_sc_hd__a31o_1)
     1    0.002526    0.037955    0.084260    0.908725 ^ _087_/X (sky130_fd_sc_hd__a31o_1)
                                                         _004_ (net)
                      0.037955    0.000024    0.908749 ^ _112_/D (sky130_fd_sc_hd__dfrtp_1)
                                              0.908749   data arrival time

                                  0.000000    0.000000   clock clk (rise edge)
                                  0.000000    0.000000   clock source latency
     1    0.011946    0.060071    0.040304    0.040304 ^ clk (in)
                                                         clk (net)
                      0.060072    0.000000    0.040304 ^ clkbuf_0_clk/A (sky130_fd_sc_hd__clkbuf_16)
     2    0.019199    0.041171    0.130168    0.170471 ^ clkbuf_0_clk/X (sky130_fd_sc_hd__clkbuf_16)
                                                         clknet_0_clk (net)
                      0.041171    0.000195    0.170666 ^ clkbuf_1_0__f_clk/A (sky130_fd_sc_hd__clkbuf_16)
     5    0.015228    0.037782    0.119474    0.290140 ^ clkbuf_1_0__f_clk/X (sky130_fd_sc_hd__clkbuf_16)
                                                         clknet_1_0__leaf_clk (net)
                      0.037782    0.000163    0.290303 ^ _112_/CLK (sky130_fd_sc_hd__dfrtp_1)
                                  0.250000    0.540303   clock uncertainty
                                  0.000000    0.540303   clock reconvergence pessimism
                                 -0.034273    0.506030   library hold time
                                              0.506030   data required time
---------------------------------------------------------------------------------------------
                                              0.506030   data required time
                                             -0.908749   data arrival time
---------------------------------------------------------------------------------------------
                                              0.402719   slack (MET)


Startpoint: _110_ (rising edge-triggered flip-flop clocked by clk)
Endpoint: _110_ (rising edge-triggered flip-flop clocked by clk)
Path Group: clk
Path Type: min

Fanout         Cap        Slew       Delay        Time   Description
---------------------------------------------------------------------------------------------
                                  0.000000    0.000000   clock clk (rise edge)
                                  0.000000    0.000000   clock source latency
     1    0.011946    0.060071    0.040304    0.040304 ^ clk (in)
                                                         clk (net)
                      0.060072    0.000000    0.040304 ^ clkbuf_0_clk/A (sky130_fd_sc_hd__clkbuf_16)
     2    0.019199    0.041171    0.130168    0.170471 ^ clkbuf_0_clk/X (sky130_fd_sc_hd__clkbuf_16)
                                                         clknet_0_clk (net)
                      0.041171    0.000195    0.170666 ^ clkbuf_1_0__f_clk/A (sky130_fd_sc_hd__clkbuf_16)
     5    0.015228    0.037782    0.119474    0.290140 ^ clkbuf_1_0__f_clk/X (sky130_fd_sc_hd__clkbuf_16)
                                                         clknet_1_0__leaf_clk (net)
                      0.037782    0.000180    0.290320 ^ _110_/CLK (sky130_fd_sc_hd__dfrtp_2)
     5    0.019494    0.108490    0.395924    0.686243 ^ _110_/Q (sky130_fd_sc_hd__dfrtp_2)
                                                         net15 (net)
                      0.108490    0.000114    0.686357 ^ _071_/B2 (sky130_fd_sc_hd__a22o_1)
     1    0.003598    0.049966    0.139446    0.825803 ^ _071_/X (sky130_fd_sc_hd__a22o_1)
                                                         _023_ (net)
                      0.049966    0.000046    0.825849 ^ _072_/B1 (sky130_fd_sc_hd__a31o_1)
     1    0.002248    0.035794    0.084340    0.910188 ^ _072_/X (sky130_fd_sc_hd__a31o_1)
                                                         _002_ (net)
                      0.035794    0.000018    0.910207 ^ _110_/D (sky130_fd_sc_hd__dfrtp_2)
                                              0.910207   data arrival time

                                  0.000000    0.000000   clock clk (rise edge)
                                  0.000000    0.000000   clock source latency
     1    0.011946    0.060071    0.040304    0.040304 ^ clk (in)
                                                         clk (net)
                      0.060072    0.000000    0.040304 ^ clkbuf_0_clk/A (sky130_fd_sc_hd__clkbuf_16)
     2    0.019199    0.041171    0.130168    0.170471 ^ clkbuf_0_clk/X (sky130_fd_sc_hd__clkbuf_16)
                                                         clknet_0_clk (net)
                      0.041171    0.000195    0.170666 ^ clkbuf_1_0__f_clk/A (sky130_fd_sc_hd__clkbuf_16)
     5    0.015228    0.037782    0.119474    0.290140 ^ clkbuf_1_0__f_clk/X (sky130_fd_sc_hd__clkbuf_16)
                                                         clknet_1_0__leaf_clk (net)
                      0.037782    0.000180    0.290320 ^ _110_/CLK (sky130_fd_sc_hd__dfrtp_2)
                                  0.250000    0.540320   clock uncertainty
                                  0.000000    0.540320   clock reconvergence pessimism
                                 -0.033755    0.506565   library hold time
                                              0.506565   data required time
---------------------------------------------------------------------------------------------
                                              0.506565   data required time
                                             -0.910207   data arrival time
---------------------------------------------------------------------------------------------
                                              0.403642   slack (MET)


Startpoint: _108_ (rising edge-triggered flip-flop clocked by clk)
Endpoint: _108_ (rising edge-triggered flip-flop clocked by clk)
Path Group: clk
Path Type: min

Fanout         Cap        Slew       Delay        Time   Description
---------------------------------------------------------------------------------------------
                                  0.000000    0.000000   clock clk (rise edge)
                                  0.000000    0.000000   clock source latency
     1    0.011946    0.060071    0.040304    0.040304 ^ clk (in)
                                                         clk (net)
                      0.060072    0.000000    0.040304 ^ clkbuf_0_clk/A (sky130_fd_sc_hd__clkbuf_16)
     2    0.019199    0.041171    0.130168    0.170471 ^ clkbuf_0_clk/X (sky130_fd_sc_hd__clkbuf_16)
                                                         clknet_0_clk (net)
                      0.041171    0.000195    0.170666 ^ clkbuf_1_0__f_clk/A (sky130_fd_sc_hd__clkbuf_16)
     5    0.015228    0.037782    0.119474    0.290140 ^ clkbuf_1_0__f_clk/X (sky130_fd_sc_hd__clkbuf_16)
                                                         clknet_1_0__leaf_clk (net)
                      0.037782    0.000162    0.290302 ^ _108_/CLK (sky130_fd_sc_hd__dfrtp_1)
     3    0.010424    0.072469    0.390820    0.681122 v _108_/Q (sky130_fd_sc_hd__dfrtp_1)
                                                         net13 (net)
                      0.072469    0.000091    0.681213 v _054_/A (sky130_fd_sc_hd__inv_2)
     4    0.014848    0.074050    0.090894    0.772107 ^ _054_/Y (sky130_fd_sc_hd__inv_2)
                                                         _008_ (net)
                      0.074050    0.000129    0.772236 ^ _059_/B2 (sky130_fd_sc_hd__a22o_1)
     1    0.003624    0.050212    0.129646    0.901882 ^ _059_/X (sky130_fd_sc_hd__a22o_1)
                                                         _013_ (net)
                      0.050212    0.000047    0.901928 ^ _060_/B1 (sky130_fd_sc_hd__a21oi_1)
     1    0.002159    0.025093    0.035701    0.937630 v _060_/Y (sky130_fd_sc_hd__a21oi_1)
                                                         _000_ (net)
                      0.025093    0.000018    0.937648 v _108_/D (sky130_fd_sc_hd__dfrtp_1)
                                              0.937648   data arrival time

                                  0.000000    0.000000   clock clk (rise edge)
                                  0.000000    0.000000   clock source latency
     1    0.011946    0.060071    0.040304    0.040304 ^ clk (in)
                                                         clk (net)
                      0.060072    0.000000    0.040304 ^ clkbuf_0_clk/A (sky130_fd_sc_hd__clkbuf_16)
     2    0.019199    0.041171    0.130168    0.170471 ^ clkbuf_0_clk/X (sky130_fd_sc_hd__clkbuf_16)
                                                         clknet_0_clk (net)
                      0.041171    0.000195    0.170666 ^ clkbuf_1_0__f_clk/A (sky130_fd_sc_hd__clkbuf_16)
     5    0.015228    0.037782    0.119474    0.290140 ^ clkbuf_1_0__f_clk/X (sky130_fd_sc_hd__clkbuf_16)
                                                         clknet_1_0__leaf_clk (net)
                      0.037782    0.000162    0.290302 ^ _108_/CLK (sky130_fd_sc_hd__dfrtp_1)
                                  0.250000    0.540302   clock uncertainty
                                  0.000000    0.540302   clock reconvergence pessimism
                                 -0.039317    0.500985   library hold time
                                              0.500985   data required time
---------------------------------------------------------------------------------------------
                                              0.500985   data required time
                                             -0.937648   data arrival time
---------------------------------------------------------------------------------------------
                                              0.436663   slack (MET)


Startpoint: resetn (input port clocked by clk)
Endpoint: _108_ (removal check against rising-edge clock clk)
Path Group: asynchronous
Path Type: min

Fanout         Cap        Slew       Delay        Time   Description
---------------------------------------------------------------------------------------------
                                  0.000000    0.000000   clock clk (rise edge)
                                  0.000000    0.000000   clock network delay (propagated)
                                  0.740000    0.740000 ^ input external delay
     1    0.002418    0.018115    0.008962    0.748962 ^ resetn (in)
                                                         resetn (net)
                      0.018115    0.000000    0.748962 ^ hold8/A (sky130_fd_sc_hd__dlygate4sd3_1)
     1    0.002020    0.046739    0.518626    1.267587 ^ hold8/X (sky130_fd_sc_hd__dlygate4sd3_1)
                                                         net29 (net)
                      0.046739    0.000017    1.267604 ^ input11/A (sky130_fd_sc_hd__buf_2)
     8    0.041829    0.205385    0.223677    1.491281 ^ input11/X (sky130_fd_sc_hd__buf_2)
                                                         net11 (net)
                      0.205385    0.000238    1.491519 ^ _108_/RESET_B (sky130_fd_sc_hd__dfrtp_1)
                                              1.491519   data arrival time

                                  0.000000    0.000000   clock clk (rise edge)
                                  0.000000    0.000000   clock source latency
     1    0.011946    0.060071    0.040304    0.040304 ^ clk (in)
                                                         clk (net)
                      0.060072    0.000000    0.040304 ^ clkbuf_0_clk/A (sky130_fd_sc_hd__clkbuf_16)
     2    0.019199    0.041171    0.130168    0.170471 ^ clkbuf_0_clk/X (sky130_fd_sc_hd__clkbuf_16)
                                                         clknet_0_clk (net)
                      0.041171    0.000195    0.170666 ^ clkbuf_1_0__f_clk/A (sky130_fd_sc_hd__clkbuf_16)
     5    0.015228    0.037782    0.119474    0.290140 ^ clkbuf_1_0__f_clk/X (sky130_fd_sc_hd__clkbuf_16)
                                                         clknet_1_0__leaf_clk (net)
                      0.037782    0.000162    0.290302 ^ _108_/CLK (sky130_fd_sc_hd__dfrtp_1)
                                  0.250000    0.540302   clock uncertainty
                                  0.000000    0.540302   clock reconvergence pessimism
                                  0.362412    0.902714   library removal time
                                              0.902714   data required time
---------------------------------------------------------------------------------------------
                                              0.902714   data required time
                                             -1.491519   data arrival time
---------------------------------------------------------------------------------------------
                                              0.588805   slack (MET)


Startpoint: resetn (input port clocked by clk)
Endpoint: _112_ (removal check against rising-edge clock clk)
Path Group: asynchronous
Path Type: min

Fanout         Cap        Slew       Delay        Time   Description
---------------------------------------------------------------------------------------------
                                  0.000000    0.000000   clock clk (rise edge)
                                  0.000000    0.000000   clock network delay (propagated)
                                  0.740000    0.740000 ^ input external delay
     1    0.002418    0.018115    0.008962    0.748962 ^ resetn (in)
                                                         resetn (net)
                      0.018115    0.000000    0.748962 ^ hold8/A (sky130_fd_sc_hd__dlygate4sd3_1)
     1    0.002020    0.046739    0.518626    1.267587 ^ hold8/X (sky130_fd_sc_hd__dlygate4sd3_1)
                                                         net29 (net)
                      0.046739    0.000017    1.267604 ^ input11/A (sky130_fd_sc_hd__buf_2)
     8    0.041829    0.205385    0.223677    1.491281 ^ input11/X (sky130_fd_sc_hd__buf_2)
                                                         net11 (net)
                      0.205385    0.000278    1.491559 ^ _112_/RESET_B (sky130_fd_sc_hd__dfrtp_1)
                                              1.491559   data arrival time

                                  0.000000    0.000000   clock clk (rise edge)
                                  0.000000    0.000000   clock source latency
     1    0.011946    0.060071    0.040304    0.040304 ^ clk (in)
                                                         clk (net)
                      0.060072    0.000000    0.040304 ^ clkbuf_0_clk/A (sky130_fd_sc_hd__clkbuf_16)
     2    0.019199    0.041171    0.130168    0.170471 ^ clkbuf_0_clk/X (sky130_fd_sc_hd__clkbuf_16)
                                                         clknet_0_clk (net)
                      0.041171    0.000195    0.170666 ^ clkbuf_1_0__f_clk/A (sky130_fd_sc_hd__clkbuf_16)
     5    0.015228    0.037782    0.119474    0.290140 ^ clkbuf_1_0__f_clk/X (sky130_fd_sc_hd__clkbuf_16)
                                                         clknet_1_0__leaf_clk (net)
                      0.037782    0.000163    0.290303 ^ _112_/CLK (sky130_fd_sc_hd__dfrtp_1)
                                  0.250000    0.540303   clock uncertainty
                                  0.000000    0.540303   clock reconvergence pessimism
                                  0.362412    0.902715   library removal time
                                              0.902715   data required time
---------------------------------------------------------------------------------------------
                                              0.902715   data required time
                                             -1.491559   data arrival time
---------------------------------------------------------------------------------------------
                                              0.588844   slack (MET)


Startpoint: resetn (input port clocked by clk)
Endpoint: _109_ (removal check against rising-edge clock clk)
Path Group: asynchronous
Path Type: min

Fanout         Cap        Slew       Delay        Time   Description
---------------------------------------------------------------------------------------------
                                  0.000000    0.000000   clock clk (rise edge)
                                  0.000000    0.000000   clock network delay (propagated)
                                  0.740000    0.740000 ^ input external delay
     1    0.002418    0.018115    0.008962    0.748962 ^ resetn (in)
                                                         resetn (net)
                      0.018115    0.000000    0.748962 ^ hold8/A (sky130_fd_sc_hd__dlygate4sd3_1)
     1    0.002020    0.046739    0.518626    1.267587 ^ hold8/X (sky130_fd_sc_hd__dlygate4sd3_1)
                                                         net29 (net)
                      0.046739    0.000017    1.267604 ^ input11/A (sky130_fd_sc_hd__buf_2)
     8    0.041829    0.205385    0.223677    1.491281 ^ input11/X (sky130_fd_sc_hd__buf_2)
                                                         net11 (net)
                      0.205386    0.000340    1.491621 ^ _109_/RESET_B (sky130_fd_sc_hd__dfrtp_1)
                                              1.491621   data arrival time

                                  0.000000    0.000000   clock clk (rise edge)
                                  0.000000    0.000000   clock source latency
     1    0.011946    0.060071    0.040304    0.040304 ^ clk (in)
                                                         clk (net)
                      0.060072    0.000000    0.040304 ^ clkbuf_0_clk/A (sky130_fd_sc_hd__clkbuf_16)
     2    0.019199    0.041171    0.130168    0.170471 ^ clkbuf_0_clk/X (sky130_fd_sc_hd__clkbuf_16)
                                                         clknet_0_clk (net)
                      0.041171    0.000195    0.170666 ^ clkbuf_1_0__f_clk/A (sky130_fd_sc_hd__clkbuf_16)
     5    0.015228    0.037782    0.119474    0.290140 ^ clkbuf_1_0__f_clk/X (sky130_fd_sc_hd__clkbuf_16)
                                                         clknet_1_0__leaf_clk (net)
                      0.037782    0.000158    0.290298 ^ _109_/CLK (sky130_fd_sc_hd__dfrtp_1)
                                  0.250000    0.540298   clock uncertainty
                                  0.000000    0.540298   clock reconvergence pessimism
                                  0.362412    0.902711   library removal time
                                              0.902711   data required time
---------------------------------------------------------------------------------------------
                                              0.902711   data required time
                                             -1.491621   data arrival time
---------------------------------------------------------------------------------------------
                                              0.588911   slack (MET)


Startpoint: resetn (input port clocked by clk)
Endpoint: _110_ (removal check against rising-edge clock clk)
Path Group: asynchronous
Path Type: min

Fanout         Cap        Slew       Delay        Time   Description
---------------------------------------------------------------------------------------------
                                  0.000000    0.000000   clock clk (rise edge)
                                  0.000000    0.000000   clock network delay (propagated)
                                  0.740000    0.740000 ^ input external delay
     1    0.002418    0.018115    0.008962    0.748962 ^ resetn (in)
                                                         resetn (net)
                      0.018115    0.000000    0.748962 ^ hold8/A (sky130_fd_sc_hd__dlygate4sd3_1)
     1    0.002020    0.046739    0.518626    1.267587 ^ hold8/X (sky130_fd_sc_hd__dlygate4sd3_1)
                                                         net29 (net)
                      0.046739    0.000017    1.267604 ^ input11/A (sky130_fd_sc_hd__buf_2)
     8    0.041829    0.205385    0.223677    1.491281 ^ input11/X (sky130_fd_sc_hd__buf_2)
                                                         net11 (net)
                      0.205386    0.000397    1.491678 ^ _110_/RESET_B (sky130_fd_sc_hd__dfrtp_2)
                                              1.491678   data arrival time

                                  0.000000    0.000000   clock clk (rise edge)
                                  0.000000    0.000000   clock source latency
     1    0.011946    0.060071    0.040304    0.040304 ^ clk (in)
                                                         clk (net)
                      0.060072    0.000000    0.040304 ^ clkbuf_0_clk/A (sky130_fd_sc_hd__clkbuf_16)
     2    0.019199    0.041171    0.130168    0.170471 ^ clkbuf_0_clk/X (sky130_fd_sc_hd__clkbuf_16)
                                                         clknet_0_clk (net)
                      0.041171    0.000195    0.170666 ^ clkbuf_1_0__f_clk/A (sky130_fd_sc_hd__clkbuf_16)
     5    0.015228    0.037782    0.119474    0.290140 ^ clkbuf_1_0__f_clk/X (sky130_fd_sc_hd__clkbuf_16)
                                                         clknet_1_0__leaf_clk (net)
                      0.037782    0.000180    0.290320 ^ _110_/CLK (sky130_fd_sc_hd__dfrtp_2)
                                  0.250000    0.540320   clock uncertainty
                                  0.000000    0.540320   clock reconvergence pessimism
                                  0.361995    0.902314   library removal time
                                              0.902314   data required time
---------------------------------------------------------------------------------------------
                                              0.902314   data required time
                                             -1.491678   data arrival time
---------------------------------------------------------------------------------------------
                                              0.589364   slack (MET)


Startpoint: resetn (input port clocked by clk)
Endpoint: _113_ (removal check against rising-edge clock clk)
Path Group: asynchronous
Path Type: min

Fanout         Cap        Slew       Delay        Time   Description
---------------------------------------------------------------------------------------------
                                  0.000000    0.000000   clock clk (rise edge)
                                  0.000000    0.000000   clock network delay (propagated)
                                  0.740000    0.740000 ^ input external delay
     1    0.002418    0.018115    0.008962    0.748962 ^ resetn (in)
                                                         resetn (net)
                      0.018115    0.000000    0.748962 ^ hold8/A (sky130_fd_sc_hd__dlygate4sd3_1)
     1    0.002020    0.046739    0.518626    1.267587 ^ hold8/X (sky130_fd_sc_hd__dlygate4sd3_1)
                                                         net29 (net)
                      0.046739    0.000017    1.267604 ^ input11/A (sky130_fd_sc_hd__buf_2)
     8    0.041829    0.205385    0.223677    1.491281 ^ input11/X (sky130_fd_sc_hd__buf_2)
                                                         net11 (net)
                      0.205387    0.000493    1.491775 ^ _113_/RESET_B (sky130_fd_sc_hd__dfrtp_1)
                                              1.491775   data arrival time

                                  0.000000    0.000000   clock clk (rise edge)
                                  0.000000    0.000000   clock source latency
     1    0.011946    0.060071    0.040304    0.040304 ^ clk (in)
                                                         clk (net)
                      0.060072    0.000000    0.040304 ^ clkbuf_0_clk/A (sky130_fd_sc_hd__clkbuf_16)
     2    0.019199    0.041171    0.130168    0.170471 ^ clkbuf_0_clk/X (sky130_fd_sc_hd__clkbuf_16)
                                                         clknet_0_clk (net)
                      0.041171    0.000173    0.170644 ^ clkbuf_1_1__f_clk/A (sky130_fd_sc_hd__clkbuf_16)
     4    0.011487    0.034603    0.115905    0.286549 ^ clkbuf_1_1__f_clk/X (sky130_fd_sc_hd__clkbuf_16)
                                                         clknet_1_1__leaf_clk (net)
                      0.034603    0.000075    0.286624 ^ _113_/CLK (sky130_fd_sc_hd__dfrtp_1)
                                  0.250000    0.536624   clock uncertainty
                                  0.000000    0.536624   clock reconvergence pessimism
                                  0.361548    0.898172   library removal time
                                              0.898172   data required time
---------------------------------------------------------------------------------------------
                                              0.898172   data required time
                                             -1.491775   data arrival time
---------------------------------------------------------------------------------------------
                                              0.593602   slack (MET)


Startpoint: resetn (input port clocked by clk)
Endpoint: _114_ (removal check against rising-edge clock clk)
Path Group: asynchronous
Path Type: min

Fanout         Cap        Slew       Delay        Time   Description
---------------------------------------------------------------------------------------------
                                  0.000000    0.000000   clock clk (rise edge)
                                  0.000000    0.000000   clock network delay (propagated)
                                  0.740000    0.740000 ^ input external delay
     1    0.002418    0.018115    0.008962    0.748962 ^ resetn (in)
                                                         resetn (net)
                      0.018115    0.000000    0.748962 ^ hold8/A (sky130_fd_sc_hd__dlygate4sd3_1)
     1    0.002020    0.046739    0.518626    1.267587 ^ hold8/X (sky130_fd_sc_hd__dlygate4sd3_1)
                                                         net29 (net)
                      0.046739    0.000017    1.267604 ^ input11/A (sky130_fd_sc_hd__buf_2)
     8    0.041829    0.205385    0.223677    1.491281 ^ input11/X (sky130_fd_sc_hd__buf_2)
                                                         net11 (net)
                      0.205388    0.000679    1.491960 ^ _114_/RESET_B (sky130_fd_sc_hd__dfrtp_1)
                                              1.491960   data arrival time

                                  0.000000    0.000000   clock clk (rise edge)
                                  0.000000    0.000000   clock source latency
     1    0.011946    0.060071    0.040304    0.040304 ^ clk (in)
                                                         clk (net)
                      0.060072    0.000000    0.040304 ^ clkbuf_0_clk/A (sky130_fd_sc_hd__clkbuf_16)
     2    0.019199    0.041171    0.130168    0.170471 ^ clkbuf_0_clk/X (sky130_fd_sc_hd__clkbuf_16)
                                                         clknet_0_clk (net)
                      0.041171    0.000173    0.170644 ^ clkbuf_1_1__f_clk/A (sky130_fd_sc_hd__clkbuf_16)
     4    0.011487    0.034603    0.115905    0.286549 ^ clkbuf_1_1__f_clk/X (sky130_fd_sc_hd__clkbuf_16)
                                                         clknet_1_1__leaf_clk (net)
                      0.034603    0.000091    0.286641 ^ _114_/CLK (sky130_fd_sc_hd__dfrtp_1)
                                  0.250000    0.536641   clock uncertainty
                                  0.000000    0.536641   clock reconvergence pessimism
                                  0.361549    0.898189   library removal time
                                              0.898189   data required time
---------------------------------------------------------------------------------------------
                                              0.898189   data required time
                                             -1.491960   data arrival time
---------------------------------------------------------------------------------------------
                                              0.593771   slack (MET)


Startpoint: resetn (input port clocked by clk)
Endpoint: _111_ (removal check against rising-edge clock clk)
Path Group: asynchronous
Path Type: min

Fanout         Cap        Slew       Delay        Time   Description
---------------------------------------------------------------------------------------------
                                  0.000000    0.000000   clock clk (rise edge)
                                  0.000000    0.000000   clock network delay (propagated)
                                  0.740000    0.740000 ^ input external delay
     1    0.002418    0.018115    0.008962    0.748962 ^ resetn (in)
                                                         resetn (net)
                      0.018115    0.000000    0.748962 ^ hold8/A (sky130_fd_sc_hd__dlygate4sd3_1)
     1    0.002020    0.046739    0.518626    1.267587 ^ hold8/X (sky130_fd_sc_hd__dlygate4sd3_1)
                                                         net29 (net)
                      0.046739    0.000017    1.267604 ^ input11/A (sky130_fd_sc_hd__buf_2)
     8    0.041829    0.205385    0.223677    1.491281 ^ input11/X (sky130_fd_sc_hd__buf_2)
                                                         net11 (net)
                      0.205389    0.000733    1.492014 ^ _111_/RESET_B (sky130_fd_sc_hd__dfrtp_1)
                                              1.492014   data arrival time

                                  0.000000    0.000000   clock clk (rise edge)
                                  0.000000    0.000000   clock source latency
     1    0.011946    0.060071    0.040304    0.040304 ^ clk (in)
                                                         clk (net)
                      0.060072    0.000000    0.040304 ^ clkbuf_0_clk/A (sky130_fd_sc_hd__clkbuf_16)
     2    0.019199    0.041171    0.130168    0.170471 ^ clkbuf_0_clk/X (sky130_fd_sc_hd__clkbuf_16)
                                                         clknet_0_clk (net)
                      0.041171    0.000173    0.170644 ^ clkbuf_1_1__f_clk/A (sky130_fd_sc_hd__clkbuf_16)
     4    0.011487    0.034603    0.115905    0.286549 ^ clkbuf_1_1__f_clk/X (sky130_fd_sc_hd__clkbuf_16)
                                                         clknet_1_1__leaf_clk (net)
                      0.034603    0.000120    0.286669 ^ _111_/CLK (sky130_fd_sc_hd__dfrtp_1)
                                  0.250000    0.536669   clock uncertainty
                                  0.000000    0.536669   clock reconvergence pessimism
                                  0.361549    0.898218   library removal time
                                              0.898218   data required time
---------------------------------------------------------------------------------------------
                                              0.898218   data required time
                                             -1.492014   data arrival time
---------------------------------------------------------------------------------------------
                                              0.593796   slack (MET)


Startpoint: resetn (input port clocked by clk)
Endpoint: _115_ (removal check against rising-edge clock clk)
Path Group: asynchronous
Path Type: min

Fanout         Cap        Slew       Delay        Time   Description
---------------------------------------------------------------------------------------------
                                  0.000000    0.000000   clock clk (rise edge)
                                  0.000000    0.000000   clock network delay (propagated)
                                  0.740000    0.740000 ^ input external delay
     1    0.002418    0.018115    0.008962    0.748962 ^ resetn (in)
                                                         resetn (net)
                      0.018115    0.000000    0.748962 ^ hold8/A (sky130_fd_sc_hd__dlygate4sd3_1)
     1    0.002020    0.046739    0.518626    1.267587 ^ hold8/X (sky130_fd_sc_hd__dlygate4sd3_1)
                                                         net29 (net)
                      0.046739    0.000017    1.267604 ^ input11/A (sky130_fd_sc_hd__buf_2)
     8    0.041829    0.205385    0.223677    1.491281 ^ input11/X (sky130_fd_sc_hd__buf_2)
                                                         net11 (net)
                      0.205389    0.000744    1.492025 ^ _115_/RESET_B (sky130_fd_sc_hd__dfrtp_1)
                                              1.492025   data arrival time

                                  0.000000    0.000000   clock clk (rise edge)
                                  0.000000    0.000000   clock source latency
     1    0.011946    0.060071    0.040304    0.040304 ^ clk (in)
                                                         clk (net)
                      0.060072    0.000000    0.040304 ^ clkbuf_0_clk/A (sky130_fd_sc_hd__clkbuf_16)
     2    0.019199    0.041171    0.130168    0.170471 ^ clkbuf_0_clk/X (sky130_fd_sc_hd__clkbuf_16)
                                                         clknet_0_clk (net)
                      0.041171    0.000173    0.170644 ^ clkbuf_1_1__f_clk/A (sky130_fd_sc_hd__clkbuf_16)
     4    0.011487    0.034603    0.115905    0.286549 ^ clkbuf_1_1__f_clk/X (sky130_fd_sc_hd__clkbuf_16)
                                                         clknet_1_1__leaf_clk (net)
                      0.034603    0.000036    0.286585 ^ _115_/CLK (sky130_fd_sc_hd__dfrtp_1)
                                  0.250000    0.536585   clock uncertainty
                                  0.000000    0.536585   clock reconvergence pessimism
                                  0.361549    0.898134   library removal time
                                              0.898134   data required time
---------------------------------------------------------------------------------------------
                                              0.898134   data required time
                                             -1.492025   data arrival time
---------------------------------------------------------------------------------------------
                                              0.593890   slack (MET)


Startpoint: _114_ (rising edge-triggered flip-flop clocked by clk)
Endpoint: count[6] (output port clocked by clk)
Path Group: clk
Path Type: min

Fanout         Cap        Slew       Delay        Time   Description
---------------------------------------------------------------------------------------------
                                  0.000000    0.000000   clock clk (rise edge)
                                  0.000000    0.000000   clock source latency
     1    0.011946    0.060071    0.040304    0.040304 ^ clk (in)
                                                         clk (net)
                      0.060072    0.000000    0.040304 ^ clkbuf_0_clk/A (sky130_fd_sc_hd__clkbuf_16)
     2    0.019199    0.041171    0.130168    0.170471 ^ clkbuf_0_clk/X (sky130_fd_sc_hd__clkbuf_16)
                                                         clknet_0_clk (net)
                      0.041171    0.000173    0.170644 ^ clkbuf_1_1__f_clk/A (sky130_fd_sc_hd__clkbuf_16)
     4    0.011487    0.034603    0.115905    0.286549 ^ clkbuf_1_1__f_clk/X (sky130_fd_sc_hd__clkbuf_16)
                                                         clknet_1_1__leaf_clk (net)
                      0.034603    0.000091    0.286641 ^ _114_/CLK (sky130_fd_sc_hd__dfrtp_1)
     4    0.011185    0.109930    0.366439    0.653079 ^ _114_/Q (sky130_fd_sc_hd__dfrtp_1)
                                                         net19 (net)
                      0.109930    0.000154    0.653233 ^ output19/A (sky130_fd_sc_hd__clkbuf_4)
     1    0.034415    0.112913    0.209422    0.862655 ^ output19/X (sky130_fd_sc_hd__clkbuf_4)
                                                         count[6] (net)
                      0.112913    0.000405    0.863060 ^ count[6] (out)
                                              0.863060   data arrival time

                                  0.000000    0.000000   clock clk (rise edge)
                                  0.000000    0.000000   clock network delay (propagated)
                                  0.250000    0.250000   clock uncertainty
                                  0.000000    0.250000   clock reconvergence pessimism
                                 -0.740000   -0.490000   output external delay
                                             -0.490000   data required time
---------------------------------------------------------------------------------------------
                                             -0.490000   data required time
                                             -0.863060   data arrival time
---------------------------------------------------------------------------------------------
                                              1.353060   slack (MET)


Startpoint: _115_ (rising edge-triggered flip-flop clocked by clk)
Endpoint: count[7] (output port clocked by clk)
Path Group: clk
Path Type: min

Fanout         Cap        Slew       Delay        Time   Description
---------------------------------------------------------------------------------------------
                                  0.000000    0.000000   clock clk (rise edge)
                                  0.000000    0.000000   clock source latency
     1    0.011946    0.060071    0.040304    0.040304 ^ clk (in)
                                                         clk (net)
                      0.060072    0.000000    0.040304 ^ clkbuf_0_clk/A (sky130_fd_sc_hd__clkbuf_16)
     2    0.019199    0.041171    0.130168    0.170471 ^ clkbuf_0_clk/X (sky130_fd_sc_hd__clkbuf_16)
                                                         clknet_0_clk (net)
                      0.041171    0.000173    0.170644 ^ clkbuf_1_1__f_clk/A (sky130_fd_sc_hd__clkbuf_16)
     4    0.011487    0.034603    0.115905    0.286549 ^ clkbuf_1_1__f_clk/X (sky130_fd_sc_hd__clkbuf_16)
                                                         clknet_1_1__leaf_clk (net)
                      0.034603    0.000036    0.286585 ^ _115_/CLK (sky130_fd_sc_hd__dfrtp_1)
     3    0.009939    0.070503    0.387668    0.674253 v _115_/Q (sky130_fd_sc_hd__dfrtp_1)
                                                         net20 (net)
                      0.070503    0.000094    0.674348 v output20/A (sky130_fd_sc_hd__buf_2)
     1    0.033947    0.088565    0.191296    0.865643 v output20/X (sky130_fd_sc_hd__buf_2)
                                                         count[7] (net)
                      0.088565    0.000174    0.865817 v count[7] (out)
                                              0.865817   data arrival time

                                  0.000000    0.000000   clock clk (rise edge)
                                  0.000000    0.000000   clock network delay (propagated)
                                  0.250000    0.250000   clock uncertainty
                                  0.000000    0.250000   clock reconvergence pessimism
                                 -0.740000   -0.490000   output external delay
                                             -0.490000   data required time
---------------------------------------------------------------------------------------------
                                             -0.490000   data required time
                                             -0.865817   data arrival time
---------------------------------------------------------------------------------------------
                                              1.355817   slack (MET)


Startpoint: _108_ (rising edge-triggered flip-flop clocked by clk)
Endpoint: count[0] (output port clocked by clk)
Path Group: clk
Path Type: min

Fanout         Cap        Slew       Delay        Time   Description
---------------------------------------------------------------------------------------------
                                  0.000000    0.000000   clock clk (rise edge)
                                  0.000000    0.000000   clock source latency
     1    0.011946    0.060071    0.040304    0.040304 ^ clk (in)
                                                         clk (net)
                      0.060072    0.000000    0.040304 ^ clkbuf_0_clk/A (sky130_fd_sc_hd__clkbuf_16)
     2    0.019199    0.041171    0.130168    0.170471 ^ clkbuf_0_clk/X (sky130_fd_sc_hd__clkbuf_16)
                                                         clknet_0_clk (net)
                      0.041171    0.000195    0.170666 ^ clkbuf_1_0__f_clk/A (sky130_fd_sc_hd__clkbuf_16)
     5    0.015228    0.037782    0.119474    0.290140 ^ clkbuf_1_0__f_clk/X (sky130_fd_sc_hd__clkbuf_16)
                                                         clknet_1_0__leaf_clk (net)
                      0.037782    0.000162    0.290302 ^ _108_/CLK (sky130_fd_sc_hd__dfrtp_1)
     3    0.010424    0.072469    0.390820    0.681122 v _108_/Q (sky130_fd_sc_hd__dfrtp_1)
                                                         net13 (net)
                      0.072469    0.000055    0.681176 v output13/A (sky130_fd_sc_hd__buf_2)
     1    0.034613    0.090006    0.193414    0.874590 v output13/X (sky130_fd_sc_hd__buf_2)
                                                         count[0] (net)
                      0.090006    0.000201    0.874790 v count[0] (out)
                                              0.874790   data arrival time

                                  0.000000    0.000000   clock clk (rise edge)
                                  0.000000    0.000000   clock network delay (propagated)
                                  0.250000    0.250000   clock uncertainty
                                  0.000000    0.250000   clock reconvergence pessimism
                                 -0.740000   -0.490000   output external delay
                                             -0.490000   data required time
---------------------------------------------------------------------------------------------
                                             -0.490000   data required time
                                             -0.874790   data arrival time
---------------------------------------------------------------------------------------------
                                              1.364791   slack (MET)


Startpoint: _111_ (rising edge-triggered flip-flop clocked by clk)
Endpoint: count[3] (output port clocked by clk)
Path Group: clk
Path Type: min

Fanout         Cap        Slew       Delay        Time   Description
---------------------------------------------------------------------------------------------
                                  0.000000    0.000000   clock clk (rise edge)
                                  0.000000    0.000000   clock source latency
     1    0.011946    0.060071    0.040304    0.040304 ^ clk (in)
                                                         clk (net)
                      0.060072    0.000000    0.040304 ^ clkbuf_0_clk/A (sky130_fd_sc_hd__clkbuf_16)
     2    0.019199    0.041171    0.130168    0.170471 ^ clkbuf_0_clk/X (sky130_fd_sc_hd__clkbuf_16)
                                                         clknet_0_clk (net)
                      0.041171    0.000173    0.170644 ^ clkbuf_1_1__f_clk/A (sky130_fd_sc_hd__clkbuf_16)
     4    0.011487    0.034603    0.115905    0.286549 ^ clkbuf_1_1__f_clk/X (sky130_fd_sc_hd__clkbuf_16)
                                                         clknet_1_1__leaf_clk (net)
                      0.034603    0.000120    0.286669 ^ _111_/CLK (sky130_fd_sc_hd__dfrtp_1)
     4    0.012807    0.082791    0.399291    0.685960 v _111_/Q (sky130_fd_sc_hd__dfrtp_1)
                                                         net16 (net)
                      0.082791    0.000056    0.686016 v output16/A (sky130_fd_sc_hd__buf_2)
     1    0.034202    0.089153    0.197311    0.883327 v output16/X (sky130_fd_sc_hd__buf_2)
                                                         count[3] (net)
                      0.089153    0.000236    0.883563 v count[3] (out)
                                              0.883563   data arrival time

                                  0.000000    0.000000   clock clk (rise edge)
                                  0.000000    0.000000   clock network delay (propagated)
                                  0.250000    0.250000   clock uncertainty
                                  0.000000    0.250000   clock reconvergence pessimism
                                 -0.740000   -0.490000   output external delay
                                             -0.490000   data required time
---------------------------------------------------------------------------------------------
                                             -0.490000   data required time
                                             -0.883563   data arrival time
---------------------------------------------------------------------------------------------
                                              1.373563   slack (MET)


Startpoint: _113_ (rising edge-triggered flip-flop clocked by clk)
Endpoint: count[5] (output port clocked by clk)
Path Group: clk
Path Type: min

Fanout         Cap        Slew       Delay        Time   Description
---------------------------------------------------------------------------------------------
                                  0.000000    0.000000   clock clk (rise edge)
                                  0.000000    0.000000   clock source latency
     1    0.011946    0.060071    0.040304    0.040304 ^ clk (in)
                                                         clk (net)
                      0.060072    0.000000    0.040304 ^ clkbuf_0_clk/A (sky130_fd_sc_hd__clkbuf_16)
     2    0.019199    0.041171    0.130168    0.170471 ^ clkbuf_0_clk/X (sky130_fd_sc_hd__clkbuf_16)
                                                         clknet_0_clk (net)
                      0.041171    0.000173    0.170644 ^ clkbuf_1_1__f_clk/A (sky130_fd_sc_hd__clkbuf_16)
     4    0.011487    0.034603    0.115905    0.286549 ^ clkbuf_1_1__f_clk/X (sky130_fd_sc_hd__clkbuf_16)
                                                         clknet_1_1__leaf_clk (net)
                      0.034603    0.000075    0.286624 ^ _113_/CLK (sky130_fd_sc_hd__dfrtp_1)
     4    0.013612    0.086336    0.402491    0.689115 v _113_/Q (sky130_fd_sc_hd__dfrtp_1)
                                                         net18 (net)
                      0.086336    0.000076    0.689191 v output18/A (sky130_fd_sc_hd__buf_2)
     1    0.033953    0.088597    0.198503    0.887694 v output18/X (sky130_fd_sc_hd__buf_2)
                                                         count[5] (net)
                      0.088597    0.000181    0.887875 v count[5] (out)
                                              0.887875   data arrival time

                                  0.000000    0.000000   clock clk (rise edge)
                                  0.000000    0.000000   clock network delay (propagated)
                                  0.250000    0.250000   clock uncertainty
                                  0.000000    0.250000   clock reconvergence pessimism
                                 -0.740000   -0.490000   output external delay
                                             -0.490000   data required time
---------------------------------------------------------------------------------------------
                                             -0.490000   data required time
                                             -0.887875   data arrival time
---------------------------------------------------------------------------------------------
                                              1.377875   slack (MET)


Startpoint: _112_ (rising edge-triggered flip-flop clocked by clk)
Endpoint: count[4] (output port clocked by clk)
Path Group: clk
Path Type: min

Fanout         Cap        Slew       Delay        Time   Description
---------------------------------------------------------------------------------------------
                                  0.000000    0.000000   clock clk (rise edge)
                                  0.000000    0.000000   clock source latency
     1    0.011946    0.060071    0.040304    0.040304 ^ clk (in)
                                                         clk (net)
                      0.060072    0.000000    0.040304 ^ clkbuf_0_clk/A (sky130_fd_sc_hd__clkbuf_16)
     2    0.019199    0.041171    0.130168    0.170471 ^ clkbuf_0_clk/X (sky130_fd_sc_hd__clkbuf_16)
                                                         clknet_0_clk (net)
                      0.041171    0.000195    0.170666 ^ clkbuf_1_0__f_clk/A (sky130_fd_sc_hd__clkbuf_16)
     5    0.015228    0.037782    0.119474    0.290140 ^ clkbuf_1_0__f_clk/X (sky130_fd_sc_hd__clkbuf_16)
                                                         clknet_1_0__leaf_clk (net)
                      0.037782    0.000163    0.290303 ^ _112_/CLK (sky130_fd_sc_hd__dfrtp_1)
     5    0.014409    0.089826    0.406817    0.697120 v _112_/Q (sky130_fd_sc_hd__dfrtp_1)
                                                         net17 (net)
                      0.089826    0.000268    0.697388 v output17/A (sky130_fd_sc_hd__buf_2)
     1    0.034267    0.089270    0.200684    0.898072 v output17/X (sky130_fd_sc_hd__buf_2)
                                                         count[4] (net)
                      0.089270    0.000175    0.898247 v count[4] (out)
                                              0.898247   data arrival time

                                  0.000000    0.000000   clock clk (rise edge)
                                  0.000000    0.000000   clock network delay (propagated)
                                  0.250000    0.250000   clock uncertainty
                                  0.000000    0.250000   clock reconvergence pessimism
                                 -0.740000   -0.490000   output external delay
                                             -0.490000   data required time
---------------------------------------------------------------------------------------------
                                             -0.490000   data required time
                                             -0.898247   data arrival time
---------------------------------------------------------------------------------------------
                                              1.388247   slack (MET)


Startpoint: _110_ (rising edge-triggered flip-flop clocked by clk)
Endpoint: count[2] (output port clocked by clk)
Path Group: clk
Path Type: min

Fanout         Cap        Slew       Delay        Time   Description
---------------------------------------------------------------------------------------------
                                  0.000000    0.000000   clock clk (rise edge)
                                  0.000000    0.000000   clock source latency
     1    0.011946    0.060071    0.040304    0.040304 ^ clk (in)
                                                         clk (net)
                      0.060072    0.000000    0.040304 ^ clkbuf_0_clk/A (sky130_fd_sc_hd__clkbuf_16)
     2    0.019199    0.041171    0.130168    0.170471 ^ clkbuf_0_clk/X (sky130_fd_sc_hd__clkbuf_16)
                                                         clknet_0_clk (net)
                      0.041171    0.000195    0.170666 ^ clkbuf_1_0__f_clk/A (sky130_fd_sc_hd__clkbuf_16)
     5    0.015228    0.037782    0.119474    0.290140 ^ clkbuf_1_0__f_clk/X (sky130_fd_sc_hd__clkbuf_16)
                                                         clknet_1_0__leaf_clk (net)
                      0.037782    0.000180    0.290320 ^ _110_/CLK (sky130_fd_sc_hd__dfrtp_2)
     5    0.019494    0.108490    0.395924    0.686243 ^ _110_/Q (sky130_fd_sc_hd__dfrtp_2)
                                                         net15 (net)
                      0.108490    0.000114    0.686357 ^ output15/A (sky130_fd_sc_hd__buf_2)
     1    0.034033    0.169335    0.220995    0.907353 ^ output15/X (sky130_fd_sc_hd__buf_2)
                                                         count[2] (net)
                      0.169335    0.000242    0.907595 ^ count[2] (out)
                                              0.907595   data arrival time

                                  0.000000    0.000000   clock clk (rise edge)
                                  0.000000    0.000000   clock network delay (propagated)
                                  0.250000    0.250000   clock uncertainty
                                  0.000000    0.250000   clock reconvergence pessimism
                                 -0.740000   -0.490000   output external delay
                                             -0.490000   data required time
---------------------------------------------------------------------------------------------
                                             -0.490000   data required time
                                             -0.907595   data arrival time
---------------------------------------------------------------------------------------------
                                              1.397595   slack (MET)


Startpoint: _109_ (rising edge-triggered flip-flop clocked by clk)
Endpoint: count[1] (output port clocked by clk)
Path Group: clk
Path Type: min

Fanout         Cap        Slew       Delay        Time   Description
---------------------------------------------------------------------------------------------
                                  0.000000    0.000000   clock clk (rise edge)
                                  0.000000    0.000000   clock source latency
     1    0.011946    0.060071    0.040304    0.040304 ^ clk (in)
                                                         clk (net)
                      0.060072    0.000000    0.040304 ^ clkbuf_0_clk/A (sky130_fd_sc_hd__clkbuf_16)
     2    0.019199    0.041171    0.130168    0.170471 ^ clkbuf_0_clk/X (sky130_fd_sc_hd__clkbuf_16)
                                                         clknet_0_clk (net)
                      0.041171    0.000195    0.170666 ^ clkbuf_1_0__f_clk/A (sky130_fd_sc_hd__clkbuf_16)
     5    0.015228    0.037782    0.119474    0.290140 ^ clkbuf_1_0__f_clk/X (sky130_fd_sc_hd__clkbuf_16)
                                                         clknet_1_0__leaf_clk (net)
                      0.037782    0.000158    0.290298 ^ _109_/CLK (sky130_fd_sc_hd__dfrtp_1)
     3    0.014717    0.138911    0.389026    0.679324 ^ _109_/Q (sky130_fd_sc_hd__dfrtp_1)
                                                         net14 (net)
                      0.138911    0.000116    0.679440 ^ rebuffer1/A (sky130_fd_sc_hd__dlygate4sd1_1)
     2    0.006045    0.068700    0.235911    0.915351 ^ rebuffer1/X (sky130_fd_sc_hd__dlygate4sd1_1)
                                                         net22 (net)
                      0.068700    0.000082    0.915433 ^ output14/A (sky130_fd_sc_hd__buf_2)
     1    0.035532    0.176162    0.211083    1.126516 ^ output14/X (sky130_fd_sc_hd__buf_2)
                                                         count[1] (net)
                      0.176162    0.000567    1.127083 ^ count[1] (out)
                                              1.127083   data arrival time

                                  0.000000    0.000000   clock clk (rise edge)
                                  0.000000    0.000000   clock network delay (propagated)
                                  0.250000    0.250000   clock uncertainty
                                  0.000000    0.250000   clock reconvergence pessimism
                                 -0.740000   -0.490000   output external delay
                                             -0.490000   data required time
---------------------------------------------------------------------------------------------
                                             -0.490000   data required time
                                             -1.127083   data arrival time
---------------------------------------------------------------------------------------------
                                              1.617083   slack (MET)



