
===========================================================================
report_checks -unconstrained
===========================================================================
======================= max_ss_100C_1v60 Corner ===================================

Startpoint: _109_ (rising edge-triggered flip-flop clocked by clk)
Endpoint: _115_ (rising edge-triggered flip-flop clocked by clk)
Path Group: clk
Path Type: max

Fanout         Cap        Slew       Delay        Time   Description
---------------------------------------------------------------------------------------------
                                  0.000000    0.000000   clock clk (rise edge)
                                  0.000000    0.000000   clock source latency
     1    0.012040    0.000000    0.000000    0.000000 ^ clk (in)
                                                         clk (net)
                      0.000743    0.000372    0.000372 ^ clkbuf_0_clk/A (sky130_fd_sc_hd__clkbuf_16)
     2    0.019559    0.066748    0.190619    0.190991 ^ clkbuf_0_clk/X (sky130_fd_sc_hd__clkbuf_16)
                                                         clknet_0_clk (net)
                      0.066764    0.001184    0.192175 ^ clkbuf_1_0__f_clk/A (sky130_fd_sc_hd__clkbuf_16)
     5    0.015016    0.061252    0.212817    0.404992 ^ clkbuf_1_0__f_clk/X (sky130_fd_sc_hd__clkbuf_16)
                                                         clknet_1_0__leaf_clk (net)
                      0.061252    0.000948    0.405941 ^ _109_/CLK (sky130_fd_sc_hd__dfrtp_1)
     4    0.014467    0.172123    0.838069    1.244010 v _109_/Q (sky130_fd_sc_hd__dfrtp_1)
                                                         net14 (net)
                      0.172125    0.000977    1.244987 v _062_/A (sky130_fd_sc_hd__xor2_1)
     3    0.008680    0.176036    0.382733    1.627720 v _062_/X (sky130_fd_sc_hd__xor2_1)
                                                         _015_ (net)
                      0.176036    0.000425    1.628146 v _067_/A2 (sky130_fd_sc_hd__o21a_1)
     3    0.009242    0.121570    0.409594    2.037739 v _067_/X (sky130_fd_sc_hd__o21a_1)
                                                         _019_ (net)
                      0.121570    0.000459    2.038199 v _080_/A1 (sky130_fd_sc_hd__o31ai_2)
     4    0.012977    0.517133    0.603697    2.641896 ^ _080_/Y (sky130_fd_sc_hd__o31ai_2)
                                                         _030_ (net)
                      0.517133    0.000837    2.642732 ^ _098_/A1 (sky130_fd_sc_hd__a31o_1)
     3    0.010690    0.191551    0.523680    3.166412 ^ _098_/X (sky130_fd_sc_hd__a31o_1)
                                                         _046_ (net)
                      0.191551    0.000724    3.167136 ^ _103_/A2 (sky130_fd_sc_hd__a21oi_1)
     1    0.005111    0.141469    0.203556    3.370692 v _103_/Y (sky130_fd_sc_hd__a21oi_1)
                                                         _050_ (net)
                      0.141470    0.000242    3.370934 v _105_/A (sky130_fd_sc_hd__xnor2_1)
     1    0.002704    0.092335    0.245292    3.616226 v _105_/Y (sky130_fd_sc_hd__xnor2_1)
                                                         _052_ (net)
                      0.092335    0.000198    3.616424 v _107_/A2 (sky130_fd_sc_hd__a21o_1)
     1    0.002569    0.057956    0.320000    3.936425 v _107_/X (sky130_fd_sc_hd__a21o_1)
                                                         _007_ (net)
                      0.057956    0.000171    3.936596 v _115_/D (sky130_fd_sc_hd__dfrtp_1)
                                              3.936596   data arrival time

                                  4.300000    4.300000   clock clk (rise edge)
                                  0.000000    4.300000   clock source latency
     1    0.012040    0.000000    0.000000    4.300000 ^ clk (in)
                                                         clk (net)
                      0.000743    0.000372    4.300372 ^ clkbuf_0_clk/A (sky130_fd_sc_hd__clkbuf_16)
     2    0.019559    0.066748    0.190619    4.490991 ^ clkbuf_0_clk/X (sky130_fd_sc_hd__clkbuf_16)
                                                         clknet_0_clk (net)
                      0.066764    0.001193    4.492184 ^ clkbuf_1_1__f_clk/A (sky130_fd_sc_hd__clkbuf_16)
     4    0.011515    0.056849    0.208003    4.700186 ^ clkbuf_1_1__f_clk/X (sky130_fd_sc_hd__clkbuf_16)
                                                         clknet_1_1__leaf_clk (net)
                      0.056850    0.000342    4.700528 ^ _115_/CLK (sky130_fd_sc_hd__dfrtp_1)
                                  0.000000    4.700528   clock reconvergence pessimism
                                 -0.275045    4.425483   library setup time
                                              4.425483   data required time
---------------------------------------------------------------------------------------------
                                              4.425483   data required time
                                             -3.936596   data arrival time
---------------------------------------------------------------------------------------------
                                              0.488888   slack (MET)




===========================================================================
report_checks --slack_max -0.01
============================================================================
======================= max_ss_100C_1v60 Corner ===================================

No paths found.


===========================================================================
 report_check_types -max_slew -max_cap -max_fanout -violators
============================================================================
======================= max_ss_100C_1v60 Corner ===================================



===========================================================================
report_parasitic_annotation -report_unannotated
============================================================================
Found 1 unannotated drivers.
 clkload0/X
Found 0 partially unannotated drivers.

===========================================================================
max slew violation count 0
max fanout violation count 0
max cap violation count 0
============================================================================

===========================================================================
check_setup -verbose -unconstrained_endpoints -multiple_clock -no_clock -no_input_delay -loops -generated_clocks
===========================================================================
Warning: There are 12 input ports missing set_input_delay.
  data[0]
  data[1]
  data[2]
  data[3]
  data[4]
  data[5]
  data[6]
  data[7]
  enable
  preload
  resetn
  up_down
Warning: There are 8 unconstrained endpoints.
  count[0]
  count[1]
  count[2]
  count[3]
  count[4]
  count[5]
  count[6]
  count[7]
