
===========================================================================
report_checks -path_delay max (Setup)
============================================================================
======================= max_ss_100C_1v60 Corner ===================================

Startpoint: _109_ (rising edge-triggered flip-flop clocked by clk)
Endpoint: _115_ (rising edge-triggered flip-flop clocked by clk)
Path Group: clk
Path Type: max

Fanout         Cap        Slew       Delay        Time   Description
---------------------------------------------------------------------------------------------
                                  0.000000    0.000000   clock clk (rise edge)
                                  0.000000    0.000000   clock source latency
     1    0.012040    0.000000    0.000000    0.000000 ^ clk (in)
                                                         clk (net)
                      0.000743    0.000372    0.000372 ^ clkbuf_0_clk/A (sky130_fd_sc_hd__clkbuf_16)
     2    0.019559    0.066748    0.190619    0.190991 ^ clkbuf_0_clk/X (sky130_fd_sc_hd__clkbuf_16)
                                                         clknet_0_clk (net)
                      0.066764    0.001184    0.192175 ^ clkbuf_1_0__f_clk/A (sky130_fd_sc_hd__clkbuf_16)
     5    0.015016    0.061252    0.212817    0.404992 ^ clkbuf_1_0__f_clk/X (sky130_fd_sc_hd__clkbuf_16)
                                                         clknet_1_0__leaf_clk (net)
                      0.061252    0.000948    0.405941 ^ _109_/CLK (sky130_fd_sc_hd__dfrtp_1)
     4    0.014467    0.172123    0.838069    1.244010 v _109_/Q (sky130_fd_sc_hd__dfrtp_1)
                                                         net14 (net)
                      0.172125    0.000977    1.244987 v _062_/A (sky130_fd_sc_hd__xor2_1)
     3    0.008680    0.176036    0.382733    1.627720 v _062_/X (sky130_fd_sc_hd__xor2_1)
                                                         _015_ (net)
                      0.176036    0.000425    1.628146 v _067_/A2 (sky130_fd_sc_hd__o21a_1)
     3    0.009242    0.121570    0.409594    2.037739 v _067_/X (sky130_fd_sc_hd__o21a_1)
                                                         _019_ (net)
                      0.121570    0.000459    2.038199 v _080_/A1 (sky130_fd_sc_hd__o31ai_2)
     4    0.012977    0.517133    0.603697    2.641896 ^ _080_/Y (sky130_fd_sc_hd__o31ai_2)
                                                         _030_ (net)
                      0.517133    0.000837    2.642732 ^ _098_/A1 (sky130_fd_sc_hd__a31o_1)
     3    0.010690    0.191551    0.523680    3.166412 ^ _098_/X (sky130_fd_sc_hd__a31o_1)
                                                         _046_ (net)
                      0.191551    0.000724    3.167136 ^ _103_/A2 (sky130_fd_sc_hd__a21oi_1)
     1    0.005111    0.141469    0.203556    3.370692 v _103_/Y (sky130_fd_sc_hd__a21oi_1)
                                                         _050_ (net)
                      0.141470    0.000242    3.370934 v _105_/A (sky130_fd_sc_hd__xnor2_1)
     1    0.002704    0.092335    0.245292    3.616226 v _105_/Y (sky130_fd_sc_hd__xnor2_1)
                                                         _052_ (net)
                      0.092335    0.000198    3.616424 v _107_/A2 (sky130_fd_sc_hd__a21o_1)
     1    0.002569    0.057956    0.320000    3.936425 v _107_/X (sky130_fd_sc_hd__a21o_1)
                                                         _007_ (net)
                      0.057956    0.000171    3.936596 v _115_/D (sky130_fd_sc_hd__dfrtp_1)
                                              3.936596   data arrival time

                                  4.300000    4.300000   clock clk (rise edge)
                                  0.000000    4.300000   clock source latency
     1    0.012040    0.000000    0.000000    4.300000 ^ clk (in)
                                                         clk (net)
                      0.000743    0.000372    4.300372 ^ clkbuf_0_clk/A (sky130_fd_sc_hd__clkbuf_16)
     2    0.019559    0.066748    0.190619    4.490991 ^ clkbuf_0_clk/X (sky130_fd_sc_hd__clkbuf_16)
                                                         clknet_0_clk (net)
                      0.066764    0.001193    4.492184 ^ clkbuf_1_1__f_clk/A (sky130_fd_sc_hd__clkbuf_16)
     4    0.011515    0.056849    0.208003    4.700186 ^ clkbuf_1_1__f_clk/X (sky130_fd_sc_hd__clkbuf_16)
                                                         clknet_1_1__leaf_clk (net)
                      0.056850    0.000342    4.700528 ^ _115_/CLK (sky130_fd_sc_hd__dfrtp_1)
                                  0.000000    4.700528   clock reconvergence pessimism
                                 -0.275045    4.425483   library setup time
                                              4.425483   data required time
---------------------------------------------------------------------------------------------
                                              4.425483   data required time
                                             -3.936596   data arrival time
---------------------------------------------------------------------------------------------
                                              0.488888   slack (MET)


Startpoint: _109_ (rising edge-triggered flip-flop clocked by clk)
Endpoint: _114_ (rising edge-triggered flip-flop clocked by clk)
Path Group: clk
Path Type: max

Fanout         Cap        Slew       Delay        Time   Description
---------------------------------------------------------------------------------------------
                                  0.000000    0.000000   clock clk (rise edge)
                                  0.000000    0.000000   clock source latency
     1    0.012040    0.000000    0.000000    0.000000 ^ clk (in)
                                                         clk (net)
                      0.000743    0.000372    0.000372 ^ clkbuf_0_clk/A (sky130_fd_sc_hd__clkbuf_16)
     2    0.019559    0.066748    0.190619    0.190991 ^ clkbuf_0_clk/X (sky130_fd_sc_hd__clkbuf_16)
                                                         clknet_0_clk (net)
                      0.066764    0.001184    0.192175 ^ clkbuf_1_0__f_clk/A (sky130_fd_sc_hd__clkbuf_16)
     5    0.015016    0.061252    0.212817    0.404992 ^ clkbuf_1_0__f_clk/X (sky130_fd_sc_hd__clkbuf_16)
                                                         clknet_1_0__leaf_clk (net)
                      0.061252    0.000948    0.405941 ^ _109_/CLK (sky130_fd_sc_hd__dfrtp_1)
     4    0.014467    0.172123    0.838069    1.244010 v _109_/Q (sky130_fd_sc_hd__dfrtp_1)
                                                         net14 (net)
                      0.172125    0.000977    1.244987 v _062_/A (sky130_fd_sc_hd__xor2_1)
     3    0.008680    0.176036    0.382733    1.627720 v _062_/X (sky130_fd_sc_hd__xor2_1)
                                                         _015_ (net)
                      0.176036    0.000425    1.628146 v _067_/A2 (sky130_fd_sc_hd__o21a_1)
     3    0.009242    0.121570    0.409594    2.037739 v _067_/X (sky130_fd_sc_hd__o21a_1)
                                                         _019_ (net)
                      0.121570    0.000459    2.038199 v _080_/A1 (sky130_fd_sc_hd__o31ai_2)
     4    0.012977    0.517133    0.603697    2.641896 ^ _080_/Y (sky130_fd_sc_hd__o31ai_2)
                                                         _030_ (net)
                      0.517133    0.000837    2.642732 ^ _098_/A1 (sky130_fd_sc_hd__a31o_1)
     3    0.010690    0.191551    0.523680    3.166412 ^ _098_/X (sky130_fd_sc_hd__a31o_1)
                                                         _046_ (net)
                      0.191551    0.000625    3.167037 ^ _099_/B (sky130_fd_sc_hd__nand2_1)
     1    0.003594    0.111753    0.160243    3.327280 v _099_/Y (sky130_fd_sc_hd__nand2_1)
                                                         _047_ (net)
                      0.111753    0.000228    3.327508 v _102_/A2 (sky130_fd_sc_hd__a31o_1)
     1    0.002783    0.065647    0.381673    3.709181 v _102_/X (sky130_fd_sc_hd__a31o_1)
                                                         _006_ (net)
                      0.065647    0.000183    3.709364 v _114_/D (sky130_fd_sc_hd__dfrtp_1)
                                              3.709364   data arrival time

                                  4.300000    4.300000   clock clk (rise edge)
                                  0.000000    4.300000   clock source latency
     1    0.012040    0.000000    0.000000    4.300000 ^ clk (in)
                                                         clk (net)
                      0.000743    0.000372    4.300372 ^ clkbuf_0_clk/A (sky130_fd_sc_hd__clkbuf_16)
     2    0.019559    0.066748    0.190619    4.490991 ^ clkbuf_0_clk/X (sky130_fd_sc_hd__clkbuf_16)
                                                         clknet_0_clk (net)
                      0.066764    0.001193    4.492184 ^ clkbuf_1_1__f_clk/A (sky130_fd_sc_hd__clkbuf_16)
     4    0.011515    0.056849    0.208003    4.700186 ^ clkbuf_1_1__f_clk/X (sky130_fd_sc_hd__clkbuf_16)
                                                         clknet_1_1__leaf_clk (net)
                      0.056850    0.000500    4.700686 ^ _114_/CLK (sky130_fd_sc_hd__dfrtp_1)
                                  0.000000    4.700686   clock reconvergence pessimism
                                 -0.278253    4.422434   library setup time
                                              4.422434   data required time
---------------------------------------------------------------------------------------------
                                              4.422434   data required time
                                             -3.709364   data arrival time
---------------------------------------------------------------------------------------------
                                              0.713070   slack (MET)


Startpoint: _109_ (rising edge-triggered flip-flop clocked by clk)
Endpoint: _113_ (rising edge-triggered flip-flop clocked by clk)
Path Group: clk
Path Type: max

Fanout         Cap        Slew       Delay        Time   Description
---------------------------------------------------------------------------------------------
                                  0.000000    0.000000   clock clk (rise edge)
                                  0.000000    0.000000   clock source latency
     1    0.012040    0.000000    0.000000    0.000000 ^ clk (in)
                                                         clk (net)
                      0.000743    0.000372    0.000372 ^ clkbuf_0_clk/A (sky130_fd_sc_hd__clkbuf_16)
     2    0.019559    0.066748    0.190619    0.190991 ^ clkbuf_0_clk/X (sky130_fd_sc_hd__clkbuf_16)
                                                         clknet_0_clk (net)
                      0.066764    0.001184    0.192175 ^ clkbuf_1_0__f_clk/A (sky130_fd_sc_hd__clkbuf_16)
     5    0.015016    0.061252    0.212817    0.404992 ^ clkbuf_1_0__f_clk/X (sky130_fd_sc_hd__clkbuf_16)
                                                         clknet_1_0__leaf_clk (net)
                      0.061252    0.000948    0.405941 ^ _109_/CLK (sky130_fd_sc_hd__dfrtp_1)
     4    0.014467    0.172123    0.838069    1.244010 v _109_/Q (sky130_fd_sc_hd__dfrtp_1)
                                                         net14 (net)
                      0.172125    0.000977    1.244987 v _062_/A (sky130_fd_sc_hd__xor2_1)
     3    0.008680    0.176036    0.382733    1.627720 v _062_/X (sky130_fd_sc_hd__xor2_1)
                                                         _015_ (net)
                      0.176036    0.000425    1.628146 v _067_/A2 (sky130_fd_sc_hd__o21a_1)
     3    0.009242    0.121570    0.409594    2.037739 v _067_/X (sky130_fd_sc_hd__o21a_1)
                                                         _019_ (net)
                      0.121570    0.000459    2.038199 v _080_/A1 (sky130_fd_sc_hd__o31ai_2)
     4    0.012977    0.517133    0.603697    2.641896 ^ _080_/Y (sky130_fd_sc_hd__o31ai_2)
                                                         _030_ (net)
                      0.517133    0.000724    2.642620 ^ _089_/A1 (sky130_fd_sc_hd__a21o_1)
     2    0.005971    0.105513    0.395096    3.037715 ^ _089_/X (sky130_fd_sc_hd__a21o_1)
                                                         _038_ (net)
                      0.105513    0.000379    3.038094 ^ _090_/B (sky130_fd_sc_hd__nand2_1)
     1    0.003917    0.127523    0.132141    3.170234 v _090_/Y (sky130_fd_sc_hd__nand2_1)
                                                         _039_ (net)
                      0.127523    0.000283    3.170517 v _093_/A2 (sky130_fd_sc_hd__a31o_1)
     1    0.002325    0.061787    0.383347    3.553865 v _093_/X (sky130_fd_sc_hd__a31o_1)
                                                         _005_ (net)
                      0.061787    0.000158    3.554023 v _113_/D (sky130_fd_sc_hd__dfrtp_1)
                                              3.554023   data arrival time

                                  4.300000    4.300000   clock clk (rise edge)
                                  0.000000    4.300000   clock source latency
     1    0.012040    0.000000    0.000000    4.300000 ^ clk (in)
                                                         clk (net)
                      0.000743    0.000372    4.300372 ^ clkbuf_0_clk/A (sky130_fd_sc_hd__clkbuf_16)
     2    0.019559    0.066748    0.190619    4.490991 ^ clkbuf_0_clk/X (sky130_fd_sc_hd__clkbuf_16)
                                                         clknet_0_clk (net)
                      0.066764    0.001193    4.492184 ^ clkbuf_1_1__f_clk/A (sky130_fd_sc_hd__clkbuf_16)
     4    0.011515    0.056849    0.208003    4.700186 ^ clkbuf_1_1__f_clk/X (sky130_fd_sc_hd__clkbuf_16)
                                                         clknet_1_1__leaf_clk (net)
                      0.056850    0.000560    4.700746 ^ _113_/CLK (sky130_fd_sc_hd__dfrtp_1)
                                  0.000000    4.700746   clock reconvergence pessimism
                                 -0.276643    4.424103   library setup time
                                              4.424103   data required time
---------------------------------------------------------------------------------------------
                                              4.424103   data required time
                                             -3.554023   data arrival time
---------------------------------------------------------------------------------------------
                                              0.870080   slack (MET)


Startpoint: _109_ (rising edge-triggered flip-flop clocked by clk)
Endpoint: _111_ (rising edge-triggered flip-flop clocked by clk)
Path Group: clk
Path Type: max

Fanout         Cap        Slew       Delay        Time   Description
---------------------------------------------------------------------------------------------
                                  0.000000    0.000000   clock clk (rise edge)
                                  0.000000    0.000000   clock source latency
     1    0.012040    0.000000    0.000000    0.000000 ^ clk (in)
                                                         clk (net)
                      0.000743    0.000372    0.000372 ^ clkbuf_0_clk/A (sky130_fd_sc_hd__clkbuf_16)
     2    0.019559    0.066748    0.190619    0.190991 ^ clkbuf_0_clk/X (sky130_fd_sc_hd__clkbuf_16)
                                                         clknet_0_clk (net)
                      0.066764    0.001184    0.192175 ^ clkbuf_1_0__f_clk/A (sky130_fd_sc_hd__clkbuf_16)
     5    0.015016    0.061252    0.212817    0.404992 ^ clkbuf_1_0__f_clk/X (sky130_fd_sc_hd__clkbuf_16)
                                                         clknet_1_0__leaf_clk (net)
                      0.061252    0.000948    0.405941 ^ _109_/CLK (sky130_fd_sc_hd__dfrtp_1)
     4    0.014467    0.172123    0.838069    1.244010 v _109_/Q (sky130_fd_sc_hd__dfrtp_1)
                                                         net14 (net)
                      0.172125    0.000977    1.244987 v _062_/A (sky130_fd_sc_hd__xor2_1)
     3    0.008680    0.176036    0.382733    1.627720 v _062_/X (sky130_fd_sc_hd__xor2_1)
                                                         _015_ (net)
                      0.176036    0.000425    1.628146 v _067_/A2 (sky130_fd_sc_hd__o21a_1)
     3    0.009242    0.121570    0.409594    2.037739 v _067_/X (sky130_fd_sc_hd__o21a_1)
                                                         _019_ (net)
                      0.121570    0.000269    2.038008 v _070_/A (sky130_fd_sc_hd__or2_1)
     2    0.005855    0.124224    0.552210    2.590218 v _070_/X (sky130_fd_sc_hd__or2_1)
                                                         _022_ (net)
                      0.124224    0.000274    2.590492 v _075_/B1 (sky130_fd_sc_hd__o21ai_1)
     2    0.005711    0.243572    0.192659    2.783150 ^ _075_/Y (sky130_fd_sc_hd__o21ai_1)
                                                         _026_ (net)
                      0.243572    0.000359    2.783510 ^ _077_/A2 (sky130_fd_sc_hd__a21oi_1)
     1    0.002618    0.137955    0.192317    2.975827 v _077_/Y (sky130_fd_sc_hd__a21oi_1)
                                                         _028_ (net)
                      0.137955    0.000185    2.976012 v _078_/C1 (sky130_fd_sc_hd__a221o_1)
     1    0.002187    0.085615    0.501633    3.477644 v _078_/X (sky130_fd_sc_hd__a221o_1)
                                                         _003_ (net)
                      0.085615    0.000153    3.477798 v _111_/D (sky130_fd_sc_hd__dfrtp_1)
                                              3.477798   data arrival time

                                  4.300000    4.300000   clock clk (rise edge)
                                  0.000000    4.300000   clock source latency
     1    0.012040    0.000000    0.000000    4.300000 ^ clk (in)
                                                         clk (net)
                      0.000743    0.000372    4.300372 ^ clkbuf_0_clk/A (sky130_fd_sc_hd__clkbuf_16)
     2    0.019559    0.066748    0.190619    4.490991 ^ clkbuf_0_clk/X (sky130_fd_sc_hd__clkbuf_16)
                                                         clknet_0_clk (net)
                      0.066764    0.001193    4.492184 ^ clkbuf_1_1__f_clk/A (sky130_fd_sc_hd__clkbuf_16)
     4    0.011515    0.056849    0.208003    4.700186 ^ clkbuf_1_1__f_clk/X (sky130_fd_sc_hd__clkbuf_16)
                                                         clknet_1_1__leaf_clk (net)
                      0.056850    0.000445    4.700631 ^ _111_/CLK (sky130_fd_sc_hd__dfrtp_1)
                                  0.000000    4.700631   clock reconvergence pessimism
                                 -0.286583    4.414048   library setup time
                                              4.414048   data required time
---------------------------------------------------------------------------------------------
                                              4.414048   data required time
                                             -3.477798   data arrival time
---------------------------------------------------------------------------------------------
                                              0.936250   slack (MET)


Startpoint: _109_ (rising edge-triggered flip-flop clocked by clk)
Endpoint: _112_ (rising edge-triggered flip-flop clocked by clk)
Path Group: clk
Path Type: max

Fanout         Cap        Slew       Delay        Time   Description
---------------------------------------------------------------------------------------------
                                  0.000000    0.000000   clock clk (rise edge)
                                  0.000000    0.000000   clock source latency
     1    0.012040    0.000000    0.000000    0.000000 ^ clk (in)
                                                         clk (net)
                      0.000743    0.000372    0.000372 ^ clkbuf_0_clk/A (sky130_fd_sc_hd__clkbuf_16)
     2    0.019559    0.066748    0.190619    0.190991 ^ clkbuf_0_clk/X (sky130_fd_sc_hd__clkbuf_16)
                                                         clknet_0_clk (net)
                      0.066764    0.001184    0.192175 ^ clkbuf_1_0__f_clk/A (sky130_fd_sc_hd__clkbuf_16)
     5    0.015016    0.061252    0.212817    0.404992 ^ clkbuf_1_0__f_clk/X (sky130_fd_sc_hd__clkbuf_16)
                                                         clknet_1_0__leaf_clk (net)
                      0.061252    0.000948    0.405941 ^ _109_/CLK (sky130_fd_sc_hd__dfrtp_1)
     4    0.014467    0.172123    0.838069    1.244010 v _109_/Q (sky130_fd_sc_hd__dfrtp_1)
                                                         net14 (net)
                      0.172125    0.000977    1.244987 v _062_/A (sky130_fd_sc_hd__xor2_1)
     3    0.008680    0.176036    0.382733    1.627720 v _062_/X (sky130_fd_sc_hd__xor2_1)
                                                         _015_ (net)
                      0.176036    0.000425    1.628146 v _067_/A2 (sky130_fd_sc_hd__o21a_1)
     3    0.009242    0.121570    0.409594    2.037739 v _067_/X (sky130_fd_sc_hd__o21a_1)
                                                         _019_ (net)
                      0.121570    0.000459    2.038199 v _080_/A1 (sky130_fd_sc_hd__o31ai_2)
     4    0.012977    0.517133    0.603697    2.641896 ^ _080_/Y (sky130_fd_sc_hd__o31ai_2)
                                                         _030_ (net)
                      0.517133    0.000720    2.642615 ^ _085_/A (sky130_fd_sc_hd__nand2_1)
     1    0.002882    0.135973    0.236174    2.878789 v _085_/Y (sky130_fd_sc_hd__nand2_1)
                                                         _035_ (net)
                      0.135973    0.000210    2.878999 v _087_/A3 (sky130_fd_sc_hd__a31o_1)
     1    0.002596    0.064037    0.409146    3.288144 v _087_/X (sky130_fd_sc_hd__a31o_1)
                                                         _004_ (net)
                      0.064037    0.000171    3.288315 v _112_/D (sky130_fd_sc_hd__dfrtp_1)
                                              3.288315   data arrival time

                                  4.300000    4.300000   clock clk (rise edge)
                                  0.000000    4.300000   clock source latency
     1    0.012040    0.000000    0.000000    4.300000 ^ clk (in)
                                                         clk (net)
                      0.000743    0.000372    4.300372 ^ clkbuf_0_clk/A (sky130_fd_sc_hd__clkbuf_16)
     2    0.019559    0.066748    0.190619    4.490991 ^ clkbuf_0_clk/X (sky130_fd_sc_hd__clkbuf_16)
                                                         clknet_0_clk (net)
                      0.066764    0.001184    4.492175 ^ clkbuf_1_0__f_clk/A (sky130_fd_sc_hd__clkbuf_16)
     5    0.015016    0.061252    0.212818    4.704992 ^ clkbuf_1_0__f_clk/X (sky130_fd_sc_hd__clkbuf_16)
                                                         clknet_1_0__leaf_clk (net)
                      0.061252    0.001132    4.706125 ^ _112_/CLK (sky130_fd_sc_hd__dfrtp_1)
                                  0.000000    4.706125   clock reconvergence pessimism
                                 -0.276408    4.429717   library setup time
                                              4.429717   data required time
---------------------------------------------------------------------------------------------
                                              4.429717   data required time
                                             -3.288315   data arrival time
---------------------------------------------------------------------------------------------
                                              1.141402   slack (MET)


Startpoint: _109_ (rising edge-triggered flip-flop clocked by clk)
Endpoint: _110_ (rising edge-triggered flip-flop clocked by clk)
Path Group: clk
Path Type: max

Fanout         Cap        Slew       Delay        Time   Description
---------------------------------------------------------------------------------------------
                                  0.000000    0.000000   clock clk (rise edge)
                                  0.000000    0.000000   clock source latency
     1    0.012040    0.000000    0.000000    0.000000 ^ clk (in)
                                                         clk (net)
                      0.000743    0.000372    0.000372 ^ clkbuf_0_clk/A (sky130_fd_sc_hd__clkbuf_16)
     2    0.019559    0.066748    0.190619    0.190991 ^ clkbuf_0_clk/X (sky130_fd_sc_hd__clkbuf_16)
                                                         clknet_0_clk (net)
                      0.066764    0.001184    0.192175 ^ clkbuf_1_0__f_clk/A (sky130_fd_sc_hd__clkbuf_16)
     5    0.015016    0.061252    0.212817    0.404992 ^ clkbuf_1_0__f_clk/X (sky130_fd_sc_hd__clkbuf_16)
                                                         clknet_1_0__leaf_clk (net)
                      0.061252    0.000948    0.405941 ^ _109_/CLK (sky130_fd_sc_hd__dfrtp_1)
     4    0.014467    0.172123    0.838069    1.244010 v _109_/Q (sky130_fd_sc_hd__dfrtp_1)
                                                         net14 (net)
                      0.172125    0.000977    1.244987 v _062_/A (sky130_fd_sc_hd__xor2_1)
     3    0.008680    0.176036    0.382733    1.627720 v _062_/X (sky130_fd_sc_hd__xor2_1)
                                                         _015_ (net)
                      0.176036    0.000425    1.628146 v _067_/A2 (sky130_fd_sc_hd__o21a_1)
     3    0.009242    0.121570    0.409594    2.037739 v _067_/X (sky130_fd_sc_hd__o21a_1)
                                                         _019_ (net)
                      0.121570    0.000269    2.038008 v _070_/A (sky130_fd_sc_hd__or2_1)
     2    0.005855    0.124224    0.552210    2.590218 v _070_/X (sky130_fd_sc_hd__or2_1)
                                                         _022_ (net)
                      0.124224    0.000281    2.590499 v _072_/A3 (sky130_fd_sc_hd__a31o_1)
     1    0.002373    0.062185    0.401235    2.991735 v _072_/X (sky130_fd_sc_hd__a31o_1)
                                                         _002_ (net)
                      0.062185    0.000161    2.991895 v _110_/D (sky130_fd_sc_hd__dfrtp_2)
                                              2.991895   data arrival time

                                  4.300000    4.300000   clock clk (rise edge)
                                  0.000000    4.300000   clock source latency
     1    0.012040    0.000000    0.000000    4.300000 ^ clk (in)
                                                         clk (net)
                      0.000743    0.000372    4.300372 ^ clkbuf_0_clk/A (sky130_fd_sc_hd__clkbuf_16)
     2    0.019559    0.066748    0.190619    4.490991 ^ clkbuf_0_clk/X (sky130_fd_sc_hd__clkbuf_16)
                                                         clknet_0_clk (net)
                      0.066764    0.001184    4.492175 ^ clkbuf_1_0__f_clk/A (sky130_fd_sc_hd__clkbuf_16)
     5    0.015016    0.061252    0.212818    4.704992 ^ clkbuf_1_0__f_clk/X (sky130_fd_sc_hd__clkbuf_16)
                                                         clknet_1_0__leaf_clk (net)
                      0.061252    0.001000    4.705992 ^ _110_/CLK (sky130_fd_sc_hd__dfrtp_2)
                                  0.000000    4.705992   clock reconvergence pessimism
                                 -0.275674    4.430318   library setup time
                                              4.430318   data required time
---------------------------------------------------------------------------------------------
                                              4.430318   data required time
                                             -2.991895   data arrival time
---------------------------------------------------------------------------------------------
                                              1.438423   slack (MET)


Startpoint: _109_ (rising edge-triggered flip-flop clocked by clk)
Endpoint: _109_ (rising edge-triggered flip-flop clocked by clk)
Path Group: clk
Path Type: max

Fanout         Cap        Slew       Delay        Time   Description
---------------------------------------------------------------------------------------------
                                  0.000000    0.000000   clock clk (rise edge)
                                  0.000000    0.000000   clock source latency
     1    0.012040    0.000000    0.000000    0.000000 ^ clk (in)
                                                         clk (net)
                      0.000743    0.000372    0.000372 ^ clkbuf_0_clk/A (sky130_fd_sc_hd__clkbuf_16)
     2    0.019559    0.066748    0.190619    0.190991 ^ clkbuf_0_clk/X (sky130_fd_sc_hd__clkbuf_16)
                                                         clknet_0_clk (net)
                      0.066764    0.001184    0.192175 ^ clkbuf_1_0__f_clk/A (sky130_fd_sc_hd__clkbuf_16)
     5    0.015016    0.061252    0.212817    0.404992 ^ clkbuf_1_0__f_clk/X (sky130_fd_sc_hd__clkbuf_16)
                                                         clknet_1_0__leaf_clk (net)
                      0.061252    0.000948    0.405941 ^ _109_/CLK (sky130_fd_sc_hd__dfrtp_1)
     4    0.014467    0.172123    0.838069    1.244010 v _109_/Q (sky130_fd_sc_hd__dfrtp_1)
                                                         net14 (net)
                      0.172125    0.000977    1.244987 v _062_/A (sky130_fd_sc_hd__xor2_1)
     3    0.008680    0.176036    0.382733    1.627720 v _062_/X (sky130_fd_sc_hd__xor2_1)
                                                         _015_ (net)
                      0.176036    0.000417    1.628137 v _064_/A2 (sky130_fd_sc_hd__o21a_1)
     1    0.003960    0.075739    0.363320    1.991457 v _064_/X (sky130_fd_sc_hd__o21a_1)
                                                         _017_ (net)
                      0.075784    0.000253    1.991710 v _066_/A2 (sky130_fd_sc_hd__a21o_1)
     1    0.002296    0.055895    0.310034    2.301744 v _066_/X (sky130_fd_sc_hd__a21o_1)
                                                         _001_ (net)
                      0.055895    0.000157    2.301901 v _109_/D (sky130_fd_sc_hd__dfrtp_1)
                                              2.301901   data arrival time

                                  4.300000    4.300000   clock clk (rise edge)
                                  0.000000    4.300000   clock source latency
     1    0.012040    0.000000    0.000000    4.300000 ^ clk (in)
                                                         clk (net)
                      0.000743    0.000372    4.300372 ^ clkbuf_0_clk/A (sky130_fd_sc_hd__clkbuf_16)
     2    0.019559    0.066748    0.190619    4.490991 ^ clkbuf_0_clk/X (sky130_fd_sc_hd__clkbuf_16)
                                                         clknet_0_clk (net)
                      0.066764    0.001184    4.492175 ^ clkbuf_1_0__f_clk/A (sky130_fd_sc_hd__clkbuf_16)
     5    0.015016    0.061252    0.212818    4.704992 ^ clkbuf_1_0__f_clk/X (sky130_fd_sc_hd__clkbuf_16)
                                                         clknet_1_0__leaf_clk (net)
                      0.061252    0.000948    4.705941 ^ _109_/CLK (sky130_fd_sc_hd__dfrtp_1)
                                  0.000000    4.705941   clock reconvergence pessimism
                                 -0.273012    4.432929   library setup time
                                              4.432929   data required time
---------------------------------------------------------------------------------------------
                                              4.432929   data required time
                                             -2.301901   data arrival time
---------------------------------------------------------------------------------------------
                                              2.131028   slack (MET)


Startpoint: _108_ (rising edge-triggered flip-flop clocked by clk)
Endpoint: _108_ (rising edge-triggered flip-flop clocked by clk)
Path Group: clk
Path Type: max

Fanout         Cap        Slew       Delay        Time   Description
---------------------------------------------------------------------------------------------
                                  0.000000    0.000000   clock clk (rise edge)
                                  0.000000    0.000000   clock source latency
     1    0.012040    0.000000    0.000000    0.000000 ^ clk (in)
                                                         clk (net)
                      0.000743    0.000372    0.000372 ^ clkbuf_0_clk/A (sky130_fd_sc_hd__clkbuf_16)
     2    0.019559    0.066748    0.190619    0.190991 ^ clkbuf_0_clk/X (sky130_fd_sc_hd__clkbuf_16)
                                                         clknet_0_clk (net)
                      0.066764    0.001184    0.192175 ^ clkbuf_1_0__f_clk/A (sky130_fd_sc_hd__clkbuf_16)
     5    0.015016    0.061252    0.212817    0.404992 ^ clkbuf_1_0__f_clk/X (sky130_fd_sc_hd__clkbuf_16)
                                                         clknet_1_0__leaf_clk (net)
                      0.061252    0.000876    0.405869 ^ _108_/CLK (sky130_fd_sc_hd__dfrtp_1)
     3    0.012102    0.158172    0.817750    1.223619 v _108_/Q (sky130_fd_sc_hd__dfrtp_1)
                                                         net13 (net)
                      0.158178    0.001127    1.224746 v _054_/A (sky130_fd_sc_hd__inv_2)
     4    0.012973    0.111819    0.157901    1.382647 ^ _054_/Y (sky130_fd_sc_hd__inv_2)
                                                         _008_ (net)
                      0.111819    0.000371    1.383018 ^ _059_/B2 (sky130_fd_sc_hd__a22o_1)
     1    0.003616    0.100933    0.265510    1.648529 ^ _059_/X (sky130_fd_sc_hd__a22o_1)
                                                         _013_ (net)
                      0.100933    0.000243    1.648772 ^ _060_/B1 (sky130_fd_sc_hd__a21oi_1)
     1    0.003136    0.101159    0.084767    1.733539 v _060_/Y (sky130_fd_sc_hd__a21oi_1)
                                                         _000_ (net)
                      0.101159    0.000212    1.733751 v _108_/D (sky130_fd_sc_hd__dfrtp_1)
                                              1.733751   data arrival time

                                  4.300000    4.300000   clock clk (rise edge)
                                  0.000000    4.300000   clock source latency
     1    0.012040    0.000000    0.000000    4.300000 ^ clk (in)
                                                         clk (net)
                      0.000743    0.000372    4.300372 ^ clkbuf_0_clk/A (sky130_fd_sc_hd__clkbuf_16)
     2    0.019559    0.066748    0.190619    4.490991 ^ clkbuf_0_clk/X (sky130_fd_sc_hd__clkbuf_16)
                                                         clknet_0_clk (net)
                      0.066764    0.001184    4.492175 ^ clkbuf_1_0__f_clk/A (sky130_fd_sc_hd__clkbuf_16)
     5    0.015016    0.061252    0.212818    4.704992 ^ clkbuf_1_0__f_clk/X (sky130_fd_sc_hd__clkbuf_16)
                                                         clknet_1_0__leaf_clk (net)
                      0.061252    0.000876    4.705869 ^ _108_/CLK (sky130_fd_sc_hd__dfrtp_1)
                                  0.000000    4.705869   clock reconvergence pessimism
                                 -0.291893    4.413976   library setup time
                                              4.413976   data required time
---------------------------------------------------------------------------------------------
                                              4.413976   data required time
                                             -1.733751   data arrival time
---------------------------------------------------------------------------------------------
                                              2.680225   slack (MET)



