
===========================================================================
report_checks -path_delay min (Hold)
============================================================================
======================= nom_ff_n40C_1v95 Corner ===================================

Startpoint: _115_ (rising edge-triggered flip-flop clocked by clk)
Endpoint: _115_ (rising edge-triggered flip-flop clocked by clk)
Path Group: clk
Path Type: min

Fanout         Cap        Slew       Delay        Time   Description
---------------------------------------------------------------------------------------------
                                  0.000000    0.000000   clock clk (rise edge)
                                  0.000000    0.000000   clock source latency
     1    0.012948    0.048514    0.032300    0.032300 ^ clk (in)
                                                         clk (net)
                      0.048517    0.000000    0.032300 ^ clkbuf_0_clk/A (sky130_fd_sc_hd__clkbuf_16)
     2    0.019372    0.030793    0.089021    0.121321 ^ clkbuf_0_clk/X (sky130_fd_sc_hd__clkbuf_16)
                                                         clknet_0_clk (net)
                      0.030795    0.000484    0.121805 ^ clkbuf_1_1__f_clk/A (sky130_fd_sc_hd__clkbuf_16)
     4    0.011695    0.025650    0.078745    0.200550 ^ clkbuf_1_1__f_clk/X (sky130_fd_sc_hd__clkbuf_16)
                                                         clknet_1_1__leaf_clk (net)
                      0.025650    0.000160    0.200711 ^ _115_/CLK (sky130_fd_sc_hd__dfrtp_1)
     3    0.010602    0.077662    0.233306    0.434016 ^ _115_/Q (sky130_fd_sc_hd__dfrtp_1)
                                                         net20 (net)
                      0.077662    0.000193    0.434210 ^ _106_/B2 (sky130_fd_sc_hd__a22o_1)
     1    0.003351    0.033234    0.077718    0.511928 ^ _106_/X (sky130_fd_sc_hd__a22o_1)
                                                         _053_ (net)
                      0.033234    0.000101    0.512029 ^ _107_/B1 (sky130_fd_sc_hd__a21o_1)
     1    0.003014    0.026551    0.047476    0.559505 ^ _107_/X (sky130_fd_sc_hd__a21o_1)
                                                         _007_ (net)
                      0.026551    0.000087    0.559592 ^ _115_/D (sky130_fd_sc_hd__dfrtp_1)
                                              0.559592   data arrival time

                                  0.000000    0.000000   clock clk (rise edge)
                                  0.000000    0.000000   clock source latency
     1    0.012948    0.048514    0.032300    0.032300 ^ clk (in)
                                                         clk (net)
                      0.048517    0.000000    0.032300 ^ clkbuf_0_clk/A (sky130_fd_sc_hd__clkbuf_16)
     2    0.019372    0.030793    0.089021    0.121321 ^ clkbuf_0_clk/X (sky130_fd_sc_hd__clkbuf_16)
                                                         clknet_0_clk (net)
                      0.030795    0.000484    0.121805 ^ clkbuf_1_1__f_clk/A (sky130_fd_sc_hd__clkbuf_16)
     4    0.011695    0.025650    0.078745    0.200550 ^ clkbuf_1_1__f_clk/X (sky130_fd_sc_hd__clkbuf_16)
                                                         clknet_1_1__leaf_clk (net)
                      0.025650    0.000160    0.200711 ^ _115_/CLK (sky130_fd_sc_hd__dfrtp_1)
                                  0.250000    0.450711   clock uncertainty
                                  0.000000    0.450711   clock reconvergence pessimism
                                 -0.019596    0.431114   library hold time
                                              0.431114   data required time
---------------------------------------------------------------------------------------------
                                              0.431114   data required time
                                             -0.559592   data arrival time
---------------------------------------------------------------------------------------------
                                              0.128477   slack (MET)


Startpoint: _111_ (rising edge-triggered flip-flop clocked by clk)
Endpoint: _111_ (rising edge-triggered flip-flop clocked by clk)
Path Group: clk
Path Type: min

Fanout         Cap        Slew       Delay        Time   Description
---------------------------------------------------------------------------------------------
                                  0.000000    0.000000   clock clk (rise edge)
                                  0.000000    0.000000   clock source latency
     1    0.012948    0.048514    0.032300    0.032300 ^ clk (in)
                                                         clk (net)
                      0.048517    0.000000    0.032300 ^ clkbuf_0_clk/A (sky130_fd_sc_hd__clkbuf_16)
     2    0.019372    0.030793    0.089021    0.121321 ^ clkbuf_0_clk/X (sky130_fd_sc_hd__clkbuf_16)
                                                         clknet_0_clk (net)
                      0.030795    0.000484    0.121805 ^ clkbuf_1_1__f_clk/A (sky130_fd_sc_hd__clkbuf_16)
     4    0.011695    0.025650    0.078745    0.200550 ^ clkbuf_1_1__f_clk/X (sky130_fd_sc_hd__clkbuf_16)
                                                         clknet_1_1__leaf_clk (net)
                      0.025650    0.000267    0.200818 ^ _111_/CLK (sky130_fd_sc_hd__dfrtp_1)
     4    0.018784    0.129439    0.270222    0.471039 ^ _111_/Q (sky130_fd_sc_hd__dfrtp_1)
                                                         net16 (net)
                      0.129440    0.000614    0.471653 ^ _078_/B2 (sky130_fd_sc_hd__a221o_1)
     1    0.002392    0.025865    0.089720    0.561373 ^ _078_/X (sky130_fd_sc_hd__a221o_1)
                                                         _003_ (net)
                      0.025865    0.000048    0.561420 ^ _111_/D (sky130_fd_sc_hd__dfrtp_1)
                                              0.561420   data arrival time

                                  0.000000    0.000000   clock clk (rise edge)
                                  0.000000    0.000000   clock source latency
     1    0.012948    0.048514    0.032300    0.032300 ^ clk (in)
                                                         clk (net)
                      0.048517    0.000000    0.032300 ^ clkbuf_0_clk/A (sky130_fd_sc_hd__clkbuf_16)
     2    0.019372    0.030793    0.089021    0.121321 ^ clkbuf_0_clk/X (sky130_fd_sc_hd__clkbuf_16)
                                                         clknet_0_clk (net)
                      0.030795    0.000484    0.121805 ^ clkbuf_1_1__f_clk/A (sky130_fd_sc_hd__clkbuf_16)
     4    0.011695    0.025650    0.078745    0.200550 ^ clkbuf_1_1__f_clk/X (sky130_fd_sc_hd__clkbuf_16)
                                                         clknet_1_1__leaf_clk (net)
                      0.025650    0.000267    0.200818 ^ _111_/CLK (sky130_fd_sc_hd__dfrtp_1)
                                  0.250000    0.450818   clock uncertainty
                                  0.000000    0.450818   clock reconvergence pessimism
                                 -0.019544    0.431273   library hold time
                                              0.431273   data required time
---------------------------------------------------------------------------------------------
                                              0.431273   data required time
                                             -0.561420   data arrival time
---------------------------------------------------------------------------------------------
                                              0.130147   slack (MET)


Startpoint: _114_ (rising edge-triggered flip-flop clocked by clk)
Endpoint: _114_ (rising edge-triggered flip-flop clocked by clk)
Path Group: clk
Path Type: min

Fanout         Cap        Slew       Delay        Time   Description
---------------------------------------------------------------------------------------------
                                  0.000000    0.000000   clock clk (rise edge)
                                  0.000000    0.000000   clock source latency
     1    0.012948    0.048514    0.032300    0.032300 ^ clk (in)
                                                         clk (net)
                      0.048517    0.000000    0.032300 ^ clkbuf_0_clk/A (sky130_fd_sc_hd__clkbuf_16)
     2    0.019372    0.030793    0.089021    0.121321 ^ clkbuf_0_clk/X (sky130_fd_sc_hd__clkbuf_16)
                                                         clknet_0_clk (net)
                      0.030795    0.000484    0.121805 ^ clkbuf_1_1__f_clk/A (sky130_fd_sc_hd__clkbuf_16)
     4    0.011695    0.025650    0.078745    0.200550 ^ clkbuf_1_1__f_clk/X (sky130_fd_sc_hd__clkbuf_16)
                                                         clknet_1_1__leaf_clk (net)
                      0.025650    0.000213    0.200763 ^ _114_/CLK (sky130_fd_sc_hd__dfrtp_1)
     4    0.011598    0.083836    0.237835    0.438598 ^ _114_/Q (sky130_fd_sc_hd__dfrtp_1)
                                                         net19 (net)
                      0.083836    0.000260    0.438858 ^ _101_/B2 (sky130_fd_sc_hd__a22o_1)
     1    0.002774    0.029753    0.075492    0.514350 ^ _101_/X (sky130_fd_sc_hd__a22o_1)
                                                         _049_ (net)
                      0.029753    0.000054    0.514404 ^ _102_/B1 (sky130_fd_sc_hd__a31o_1)
     1    0.003315    0.030633    0.053179    0.567582 ^ _102_/X (sky130_fd_sc_hd__a31o_1)
                                                         _006_ (net)
                      0.030633    0.000100    0.567682 ^ _114_/D (sky130_fd_sc_hd__dfrtp_1)
                                              0.567682   data arrival time

                                  0.000000    0.000000   clock clk (rise edge)
                                  0.000000    0.000000   clock source latency
     1    0.012948    0.048514    0.032300    0.032300 ^ clk (in)
                                                         clk (net)
                      0.048517    0.000000    0.032300 ^ clkbuf_0_clk/A (sky130_fd_sc_hd__clkbuf_16)
     2    0.019372    0.030793    0.089021    0.121321 ^ clkbuf_0_clk/X (sky130_fd_sc_hd__clkbuf_16)
                                                         clknet_0_clk (net)
                      0.030795    0.000484    0.121805 ^ clkbuf_1_1__f_clk/A (sky130_fd_sc_hd__clkbuf_16)
     4    0.011695    0.025650    0.078745    0.200550 ^ clkbuf_1_1__f_clk/X (sky130_fd_sc_hd__clkbuf_16)
                                                         clknet_1_1__leaf_clk (net)
                      0.025650    0.000213    0.200763 ^ _114_/CLK (sky130_fd_sc_hd__dfrtp_1)
                                  0.250000    0.450763   clock uncertainty
                                  0.000000    0.450763   clock reconvergence pessimism
                                 -0.019905    0.430858   library hold time
                                              0.430858   data required time
---------------------------------------------------------------------------------------------
                                              0.430858   data required time
                                             -0.567682   data arrival time
---------------------------------------------------------------------------------------------
                                              0.136825   slack (MET)


Startpoint: _113_ (rising edge-triggered flip-flop clocked by clk)
Endpoint: _113_ (rising edge-triggered flip-flop clocked by clk)
Path Group: clk
Path Type: min

Fanout         Cap        Slew       Delay        Time   Description
---------------------------------------------------------------------------------------------
                                  0.000000    0.000000   clock clk (rise edge)
                                  0.000000    0.000000   clock source latency
     1    0.012948    0.048514    0.032300    0.032300 ^ clk (in)
                                                         clk (net)
                      0.048517    0.000000    0.032300 ^ clkbuf_0_clk/A (sky130_fd_sc_hd__clkbuf_16)
     2    0.019372    0.030793    0.089021    0.121321 ^ clkbuf_0_clk/X (sky130_fd_sc_hd__clkbuf_16)
                                                         clknet_0_clk (net)
                      0.030795    0.000484    0.121805 ^ clkbuf_1_1__f_clk/A (sky130_fd_sc_hd__clkbuf_16)
     4    0.011695    0.025650    0.078745    0.200550 ^ clkbuf_1_1__f_clk/X (sky130_fd_sc_hd__clkbuf_16)
                                                         clknet_1_1__leaf_clk (net)
                      0.025650    0.000174    0.200724 ^ _113_/CLK (sky130_fd_sc_hd__dfrtp_1)
     4    0.015162    0.106422    0.253919    0.454643 ^ _113_/Q (sky130_fd_sc_hd__dfrtp_1)
                                                         net18 (net)
                      0.106422    0.000332    0.454975 ^ _092_/B2 (sky130_fd_sc_hd__a22o_1)
     1    0.002786    0.030211    0.078794    0.533770 ^ _092_/X (sky130_fd_sc_hd__a22o_1)
                                                         _041_ (net)
                      0.030211    0.000054    0.533824 ^ _093_/B1 (sky130_fd_sc_hd__a31o_1)
     1    0.002277    0.023863    0.047963    0.581787 ^ _093_/X (sky130_fd_sc_hd__a31o_1)
                                                         _005_ (net)
                      0.023863    0.000064    0.581851 ^ _113_/D (sky130_fd_sc_hd__dfrtp_1)
                                              0.581851   data arrival time

                                  0.000000    0.000000   clock clk (rise edge)
                                  0.000000    0.000000   clock source latency
     1    0.012948    0.048514    0.032300    0.032300 ^ clk (in)
                                                         clk (net)
                      0.048517    0.000000    0.032300 ^ clkbuf_0_clk/A (sky130_fd_sc_hd__clkbuf_16)
     2    0.019372    0.030793    0.089021    0.121321 ^ clkbuf_0_clk/X (sky130_fd_sc_hd__clkbuf_16)
                                                         clknet_0_clk (net)
                      0.030795    0.000484    0.121805 ^ clkbuf_1_1__f_clk/A (sky130_fd_sc_hd__clkbuf_16)
     4    0.011695    0.025650    0.078745    0.200550 ^ clkbuf_1_1__f_clk/X (sky130_fd_sc_hd__clkbuf_16)
                                                         clknet_1_1__leaf_clk (net)
                      0.025650    0.000174    0.200724 ^ _113_/CLK (sky130_fd_sc_hd__dfrtp_1)
                                  0.250000    0.450724   clock uncertainty
                                  0.000000    0.450724   clock reconvergence pessimism
                                 -0.019393    0.431331   library hold time
                                              0.431331   data required time
---------------------------------------------------------------------------------------------
                                              0.431331   data required time
                                             -0.581851   data arrival time
---------------------------------------------------------------------------------------------
                                              0.150520   slack (MET)


Startpoint: _110_ (rising edge-triggered flip-flop clocked by clk)
Endpoint: _110_ (rising edge-triggered flip-flop clocked by clk)
Path Group: clk
Path Type: min

Fanout         Cap        Slew       Delay        Time   Description
---------------------------------------------------------------------------------------------
                                  0.000000    0.000000   clock clk (rise edge)
                                  0.000000    0.000000   clock source latency
     1    0.012948    0.048514    0.032300    0.032300 ^ clk (in)
                                                         clk (net)
                      0.048517    0.000000    0.032300 ^ clkbuf_0_clk/A (sky130_fd_sc_hd__clkbuf_16)
     2    0.019372    0.030793    0.089021    0.121321 ^ clkbuf_0_clk/X (sky130_fd_sc_hd__clkbuf_16)
                                                         clknet_0_clk (net)
                      0.030795    0.000502    0.121823 ^ clkbuf_1_0__f_clk/A (sky130_fd_sc_hd__clkbuf_16)
     5    0.016194    0.028626    0.081769    0.203592 ^ clkbuf_1_0__f_clk/X (sky130_fd_sc_hd__clkbuf_16)
                                                         clknet_1_0__leaf_clk (net)
                      0.028631    0.000495    0.204087 ^ _110_/CLK (sky130_fd_sc_hd__dfrtp_2)
     5    0.020014    0.080632    0.254339    0.458426 ^ _110_/Q (sky130_fd_sc_hd__dfrtp_2)
                                                         net15 (net)
                      0.080632    0.000358    0.458784 ^ _071_/B2 (sky130_fd_sc_hd__a22o_1)
     1    0.004139    0.038351    0.082254    0.541038 ^ _071_/X (sky130_fd_sc_hd__a22o_1)
                                                         _023_ (net)
                      0.038351    0.000133    0.541171 ^ _072_/B1 (sky130_fd_sc_hd__a31o_1)
     1    0.002317    0.024210    0.049844    0.591015 ^ _072_/X (sky130_fd_sc_hd__a31o_1)
                                                         _002_ (net)
                      0.024210    0.000066    0.591081 ^ _110_/D (sky130_fd_sc_hd__dfrtp_2)
                                              0.591081   data arrival time

                                  0.000000    0.000000   clock clk (rise edge)
                                  0.000000    0.000000   clock source latency
     1    0.012948    0.048514    0.032300    0.032300 ^ clk (in)
                                                         clk (net)
                      0.048517    0.000000    0.032300 ^ clkbuf_0_clk/A (sky130_fd_sc_hd__clkbuf_16)
     2    0.019372    0.030793    0.089021    0.121321 ^ clkbuf_0_clk/X (sky130_fd_sc_hd__clkbuf_16)
                                                         clknet_0_clk (net)
                      0.030795    0.000502    0.121823 ^ clkbuf_1_0__f_clk/A (sky130_fd_sc_hd__clkbuf_16)
     5    0.016194    0.028626    0.081769    0.203592 ^ clkbuf_1_0__f_clk/X (sky130_fd_sc_hd__clkbuf_16)
                                                         clknet_1_0__leaf_clk (net)
                      0.028631    0.000495    0.204087 ^ _110_/CLK (sky130_fd_sc_hd__dfrtp_2)
                                  0.250000    0.454087   clock uncertainty
                                  0.000000    0.454087   clock reconvergence pessimism
                                 -0.019306    0.434781   library hold time
                                              0.434781   data required time
---------------------------------------------------------------------------------------------
                                              0.434781   data required time
                                             -0.591081   data arrival time
---------------------------------------------------------------------------------------------
                                              0.156301   slack (MET)


Startpoint: _108_ (rising edge-triggered flip-flop clocked by clk)
Endpoint: _109_ (rising edge-triggered flip-flop clocked by clk)
Path Group: clk
Path Type: min

Fanout         Cap        Slew       Delay        Time   Description
---------------------------------------------------------------------------------------------
                                  0.000000    0.000000   clock clk (rise edge)
                                  0.000000    0.000000   clock source latency
     1    0.012948    0.048514    0.032300    0.032300 ^ clk (in)
                                                         clk (net)
                      0.048517    0.000000    0.032300 ^ clkbuf_0_clk/A (sky130_fd_sc_hd__clkbuf_16)
     2    0.019372    0.030793    0.089021    0.121321 ^ clkbuf_0_clk/X (sky130_fd_sc_hd__clkbuf_16)
                                                         clknet_0_clk (net)
                      0.030795    0.000502    0.121823 ^ clkbuf_1_0__f_clk/A (sky130_fd_sc_hd__clkbuf_16)
     5    0.016194    0.028626    0.081769    0.203592 ^ clkbuf_1_0__f_clk/X (sky130_fd_sc_hd__clkbuf_16)
                                                         clknet_1_0__leaf_clk (net)
                      0.028630    0.000331    0.203922 ^ _108_/CLK (sky130_fd_sc_hd__dfrtp_1)
     3    0.012201    0.087657    0.241478    0.445400 ^ _108_/Q (sky130_fd_sc_hd__dfrtp_1)
                                                         net13 (net)
                      0.087657    0.000353    0.445753 ^ _054_/A (sky130_fd_sc_hd__inv_2)
     4    0.013712    0.038194    0.038205    0.483958 v _054_/Y (sky130_fd_sc_hd__inv_2)
                                                         _008_ (net)
                      0.038197    0.000328    0.484286 v _063_/A (sky130_fd_sc_hd__nand2_1)
     1    0.004781    0.040563    0.049462    0.533748 ^ _063_/Y (sky130_fd_sc_hd__nand2_1)
                                                         _016_ (net)
                      0.040563    0.000162    0.533910 ^ _066_/A1 (sky130_fd_sc_hd__a21o_1)
     1    0.002518    0.023564    0.061752    0.595662 ^ _066_/X (sky130_fd_sc_hd__a21o_1)
                                                         _001_ (net)
                      0.023564    0.000071    0.595733 ^ _109_/D (sky130_fd_sc_hd__dfrtp_1)
                                              0.595733   data arrival time

                                  0.000000    0.000000   clock clk (rise edge)
                                  0.000000    0.000000   clock source latency
     1    0.012948    0.048514    0.032300    0.032300 ^ clk (in)
                                                         clk (net)
                      0.048517    0.000000    0.032300 ^ clkbuf_0_clk/A (sky130_fd_sc_hd__clkbuf_16)
     2    0.019372    0.030793    0.089021    0.121321 ^ clkbuf_0_clk/X (sky130_fd_sc_hd__clkbuf_16)
                                                         clknet_0_clk (net)
                      0.030795    0.000502    0.121823 ^ clkbuf_1_0__f_clk/A (sky130_fd_sc_hd__clkbuf_16)
     5    0.016194    0.028626    0.081769    0.203592 ^ clkbuf_1_0__f_clk/X (sky130_fd_sc_hd__clkbuf_16)
                                                         clknet_1_0__leaf_clk (net)
                      0.028631    0.000396    0.203988 ^ _109_/CLK (sky130_fd_sc_hd__dfrtp_1)
                                  0.250000    0.453988   clock uncertainty
                                  0.000000    0.453988   clock reconvergence pessimism
                                 -0.019292    0.434696   library hold time
                                              0.434696   data required time
---------------------------------------------------------------------------------------------
                                              0.434696   data required time
                                             -0.595733   data arrival time
---------------------------------------------------------------------------------------------
                                              0.161037   slack (MET)


Startpoint: _112_ (rising edge-triggered flip-flop clocked by clk)
Endpoint: _112_ (rising edge-triggered flip-flop clocked by clk)
Path Group: clk
Path Type: min

Fanout         Cap        Slew       Delay        Time   Description
---------------------------------------------------------------------------------------------
                                  0.000000    0.000000   clock clk (rise edge)
                                  0.000000    0.000000   clock source latency
     1    0.012948    0.048514    0.032300    0.032300 ^ clk (in)
                                                         clk (net)
                      0.048517    0.000000    0.032300 ^ clkbuf_0_clk/A (sky130_fd_sc_hd__clkbuf_16)
     2    0.019372    0.030793    0.089021    0.121321 ^ clkbuf_0_clk/X (sky130_fd_sc_hd__clkbuf_16)
                                                         clknet_0_clk (net)
                      0.030795    0.000502    0.121823 ^ clkbuf_1_0__f_clk/A (sky130_fd_sc_hd__clkbuf_16)
     5    0.016194    0.028626    0.081769    0.203592 ^ clkbuf_1_0__f_clk/X (sky130_fd_sc_hd__clkbuf_16)
                                                         clknet_1_0__leaf_clk (net)
                      0.028630    0.000283    0.203875 ^ _112_/CLK (sky130_fd_sc_hd__dfrtp_1)
     5    0.016856    0.117202    0.262419    0.466294 ^ _112_/Q (sky130_fd_sc_hd__dfrtp_1)
                                                         net17 (net)
                      0.117202    0.000363    0.466657 ^ _086_/B2 (sky130_fd_sc_hd__a22o_1)
     1    0.002772    0.030309    0.080261    0.546918 ^ _086_/X (sky130_fd_sc_hd__a22o_1)
                                                         _036_ (net)
                      0.030309    0.000054    0.546972 ^ _087_/B1 (sky130_fd_sc_hd__a31o_1)
     1    0.002544    0.025585    0.049350    0.596322 ^ _087_/X (sky130_fd_sc_hd__a31o_1)
                                                         _004_ (net)
                      0.025585    0.000073    0.596395 ^ _112_/D (sky130_fd_sc_hd__dfrtp_1)
                                              0.596395   data arrival time

                                  0.000000    0.000000   clock clk (rise edge)
                                  0.000000    0.000000   clock source latency
     1    0.012948    0.048514    0.032300    0.032300 ^ clk (in)
                                                         clk (net)
                      0.048517    0.000000    0.032300 ^ clkbuf_0_clk/A (sky130_fd_sc_hd__clkbuf_16)
     2    0.019372    0.030793    0.089021    0.121321 ^ clkbuf_0_clk/X (sky130_fd_sc_hd__clkbuf_16)
                                                         clknet_0_clk (net)
                      0.030795    0.000502    0.121823 ^ clkbuf_1_0__f_clk/A (sky130_fd_sc_hd__clkbuf_16)
     5    0.016194    0.028626    0.081769    0.203592 ^ clkbuf_1_0__f_clk/X (sky130_fd_sc_hd__clkbuf_16)
                                                         clknet_1_0__leaf_clk (net)
                      0.028630    0.000283    0.203875 ^ _112_/CLK (sky130_fd_sc_hd__dfrtp_1)
                                  0.250000    0.453875   clock uncertainty
                                  0.000000    0.453875   clock reconvergence pessimism
                                 -0.019445    0.434431   library hold time
                                              0.434431   data required time
---------------------------------------------------------------------------------------------
                                              0.434431   data required time
                                             -0.596395   data arrival time
---------------------------------------------------------------------------------------------
                                              0.161965   slack (MET)


Startpoint: _108_ (rising edge-triggered flip-flop clocked by clk)
Endpoint: _108_ (rising edge-triggered flip-flop clocked by clk)
Path Group: clk
Path Type: min

Fanout         Cap        Slew       Delay        Time   Description
---------------------------------------------------------------------------------------------
                                  0.000000    0.000000   clock clk (rise edge)
                                  0.000000    0.000000   clock source latency
     1    0.012948    0.048514    0.032300    0.032300 ^ clk (in)
                                                         clk (net)
                      0.048517    0.000000    0.032300 ^ clkbuf_0_clk/A (sky130_fd_sc_hd__clkbuf_16)
     2    0.019372    0.030793    0.089021    0.121321 ^ clkbuf_0_clk/X (sky130_fd_sc_hd__clkbuf_16)
                                                         clknet_0_clk (net)
                      0.030795    0.000502    0.121823 ^ clkbuf_1_0__f_clk/A (sky130_fd_sc_hd__clkbuf_16)
     5    0.016194    0.028626    0.081769    0.203592 ^ clkbuf_1_0__f_clk/X (sky130_fd_sc_hd__clkbuf_16)
                                                         clknet_1_0__leaf_clk (net)
                      0.028630    0.000331    0.203922 ^ _108_/CLK (sky130_fd_sc_hd__dfrtp_1)
     3    0.011505    0.054509    0.251930    0.455853 v _108_/Q (sky130_fd_sc_hd__dfrtp_1)
                                                         net13 (net)
                      0.054510    0.000332    0.456184 v _054_/A (sky130_fd_sc_hd__inv_2)
     4    0.014649    0.054433    0.065351    0.521535 ^ _054_/Y (sky130_fd_sc_hd__inv_2)
                                                         _008_ (net)
                      0.054455    0.000381    0.521916 ^ _059_/B2 (sky130_fd_sc_hd__a22o_1)
     1    0.003494    0.033801    0.075139    0.597055 ^ _059_/X (sky130_fd_sc_hd__a22o_1)
                                                         _013_ (net)
                      0.033801    0.000109    0.597163 ^ _060_/B1 (sky130_fd_sc_hd__a21oi_1)
     1    0.002933    0.016813    0.022313    0.619477 v _060_/Y (sky130_fd_sc_hd__a21oi_1)
                                                         _000_ (net)
                      0.016813    0.000088    0.619565 v _108_/D (sky130_fd_sc_hd__dfrtp_1)
                                              0.619565   data arrival time

                                  0.000000    0.000000   clock clk (rise edge)
                                  0.000000    0.000000   clock source latency
     1    0.012948    0.048514    0.032300    0.032300 ^ clk (in)
                                                         clk (net)
                      0.048517    0.000000    0.032300 ^ clkbuf_0_clk/A (sky130_fd_sc_hd__clkbuf_16)
     2    0.019372    0.030793    0.089021    0.121321 ^ clkbuf_0_clk/X (sky130_fd_sc_hd__clkbuf_16)
                                                         clknet_0_clk (net)
                      0.030795    0.000502    0.121823 ^ clkbuf_1_0__f_clk/A (sky130_fd_sc_hd__clkbuf_16)
     5    0.016194    0.028626    0.081769    0.203592 ^ clkbuf_1_0__f_clk/X (sky130_fd_sc_hd__clkbuf_16)
                                                         clknet_1_0__leaf_clk (net)
                      0.028630    0.000331    0.203922 ^ _108_/CLK (sky130_fd_sc_hd__dfrtp_1)
                                  0.250000    0.453922   clock uncertainty
                                  0.000000    0.453922   clock reconvergence pessimism
                                 -0.027679    0.426243   library hold time
                                              0.426243   data required time
---------------------------------------------------------------------------------------------
                                              0.426243   data required time
                                             -0.619565   data arrival time
---------------------------------------------------------------------------------------------
                                              0.193321   slack (MET)


Startpoint: resetn (input port clocked by clk)
Endpoint: _108_ (removal check against rising-edge clock clk)
Path Group: asynchronous
Path Type: min

Fanout         Cap        Slew       Delay        Time   Description
---------------------------------------------------------------------------------------------
                                  0.000000    0.000000   clock clk (rise edge)
                                  0.000000    0.000000   clock network delay (propagated)
                                  0.700000    0.700000 ^ input external delay
     1    0.002534    0.012971    0.006538    0.706538 ^ resetn (in)
                                                         resetn (net)
                      0.012971    0.000000    0.706538 ^ hold13/A (sky130_fd_sc_hd__dlygate4sd3_1)
     1    0.002600    0.036056    0.365303    1.071841 ^ hold13/X (sky130_fd_sc_hd__dlygate4sd3_1)
                                                         net34 (net)
                      0.036056    0.000077    1.071918 ^ input11/A (sky130_fd_sc_hd__buf_2)
     8    0.041364    0.153574    0.155343    1.227261 ^ input11/X (sky130_fd_sc_hd__buf_2)
                                                         net11 (net)
                      0.153581    0.000890    1.228151 ^ _108_/RESET_B (sky130_fd_sc_hd__dfrtp_1)
                                              1.228151   data arrival time

                                  0.000000    0.000000   clock clk (rise edge)
                                  0.000000    0.000000   clock source latency
     1    0.012948    0.048514    0.032300    0.032300 ^ clk (in)
                                                         clk (net)
                      0.048517    0.000000    0.032300 ^ clkbuf_0_clk/A (sky130_fd_sc_hd__clkbuf_16)
     2    0.019372    0.030793    0.089021    0.121321 ^ clkbuf_0_clk/X (sky130_fd_sc_hd__clkbuf_16)
                                                         clknet_0_clk (net)
                      0.030795    0.000502    0.121823 ^ clkbuf_1_0__f_clk/A (sky130_fd_sc_hd__clkbuf_16)
     5    0.016194    0.028626    0.081769    0.203592 ^ clkbuf_1_0__f_clk/X (sky130_fd_sc_hd__clkbuf_16)
                                                         clknet_1_0__leaf_clk (net)
                      0.028630    0.000331    0.203922 ^ _108_/CLK (sky130_fd_sc_hd__dfrtp_1)
                                  0.250000    0.453922   clock uncertainty
                                  0.000000    0.453922   clock reconvergence pessimism
                                  0.228684    0.682606   library removal time
                                              0.682606   data required time
---------------------------------------------------------------------------------------------
                                              0.682606   data required time
                                             -1.228151   data arrival time
---------------------------------------------------------------------------------------------
                                              0.545545   slack (MET)


Startpoint: resetn (input port clocked by clk)
Endpoint: _112_ (removal check against rising-edge clock clk)
Path Group: asynchronous
Path Type: min

Fanout         Cap        Slew       Delay        Time   Description
---------------------------------------------------------------------------------------------
                                  0.000000    0.000000   clock clk (rise edge)
                                  0.000000    0.000000   clock network delay (propagated)
                                  0.700000    0.700000 ^ input external delay
     1    0.002534    0.012971    0.006538    0.706538 ^ resetn (in)
                                                         resetn (net)
                      0.012971    0.000000    0.706538 ^ hold13/A (sky130_fd_sc_hd__dlygate4sd3_1)
     1    0.002600    0.036056    0.365303    1.071841 ^ hold13/X (sky130_fd_sc_hd__dlygate4sd3_1)
                                                         net34 (net)
                      0.036056    0.000077    1.071918 ^ input11/A (sky130_fd_sc_hd__buf_2)
     8    0.041364    0.153574    0.155343    1.227261 ^ input11/X (sky130_fd_sc_hd__buf_2)
                                                         net11 (net)
                      0.153586    0.001125    1.228386 ^ _112_/RESET_B (sky130_fd_sc_hd__dfrtp_1)
                                              1.228386   data arrival time

                                  0.000000    0.000000   clock clk (rise edge)
                                  0.000000    0.000000   clock source latency
     1    0.012948    0.048514    0.032300    0.032300 ^ clk (in)
                                                         clk (net)
                      0.048517    0.000000    0.032300 ^ clkbuf_0_clk/A (sky130_fd_sc_hd__clkbuf_16)
     2    0.019372    0.030793    0.089021    0.121321 ^ clkbuf_0_clk/X (sky130_fd_sc_hd__clkbuf_16)
                                                         clknet_0_clk (net)
                      0.030795    0.000502    0.121823 ^ clkbuf_1_0__f_clk/A (sky130_fd_sc_hd__clkbuf_16)
     5    0.016194    0.028626    0.081769    0.203592 ^ clkbuf_1_0__f_clk/X (sky130_fd_sc_hd__clkbuf_16)
                                                         clknet_1_0__leaf_clk (net)
                      0.028630    0.000283    0.203875 ^ _112_/CLK (sky130_fd_sc_hd__dfrtp_1)
                                  0.250000    0.453875   clock uncertainty
                                  0.000000    0.453875   clock reconvergence pessimism
                                  0.228685    0.682560   library removal time
                                              0.682560   data required time
---------------------------------------------------------------------------------------------
                                              0.682560   data required time
                                             -1.228386   data arrival time
---------------------------------------------------------------------------------------------
                                              0.545826   slack (MET)


Startpoint: resetn (input port clocked by clk)
Endpoint: _110_ (removal check against rising-edge clock clk)
Path Group: asynchronous
Path Type: min

Fanout         Cap        Slew       Delay        Time   Description
---------------------------------------------------------------------------------------------
                                  0.000000    0.000000   clock clk (rise edge)
                                  0.000000    0.000000   clock network delay (propagated)
                                  0.700000    0.700000 ^ input external delay
     1    0.002534    0.012971    0.006538    0.706538 ^ resetn (in)
                                                         resetn (net)
                      0.012971    0.000000    0.706538 ^ hold13/A (sky130_fd_sc_hd__dlygate4sd3_1)
     1    0.002600    0.036056    0.365303    1.071841 ^ hold13/X (sky130_fd_sc_hd__dlygate4sd3_1)
                                                         net34 (net)
                      0.036056    0.000077    1.071918 ^ input11/A (sky130_fd_sc_hd__buf_2)
     8    0.041364    0.153574    0.155343    1.227261 ^ input11/X (sky130_fd_sc_hd__buf_2)
                                                         net11 (net)
                      0.153634    0.002518    1.229779 ^ _110_/RESET_B (sky130_fd_sc_hd__dfrtp_2)
                                              1.229779   data arrival time

                                  0.000000    0.000000   clock clk (rise edge)
                                  0.000000    0.000000   clock source latency
     1    0.012948    0.048514    0.032300    0.032300 ^ clk (in)
                                                         clk (net)
                      0.048517    0.000000    0.032300 ^ clkbuf_0_clk/A (sky130_fd_sc_hd__clkbuf_16)
     2    0.019372    0.030793    0.089021    0.121321 ^ clkbuf_0_clk/X (sky130_fd_sc_hd__clkbuf_16)
                                                         clknet_0_clk (net)
                      0.030795    0.000502    0.121823 ^ clkbuf_1_0__f_clk/A (sky130_fd_sc_hd__clkbuf_16)
     5    0.016194    0.028626    0.081769    0.203592 ^ clkbuf_1_0__f_clk/X (sky130_fd_sc_hd__clkbuf_16)
                                                         clknet_1_0__leaf_clk (net)
                      0.028631    0.000495    0.204087 ^ _110_/CLK (sky130_fd_sc_hd__dfrtp_2)
                                  0.250000    0.454087   clock uncertainty
                                  0.000000    0.454087   clock reconvergence pessimism
                                  0.228698    0.682785   library removal time
                                              0.682785   data required time
---------------------------------------------------------------------------------------------
                                              0.682785   data required time
                                             -1.229779   data arrival time
---------------------------------------------------------------------------------------------
                                              0.546994   slack (MET)


Startpoint: resetn (input port clocked by clk)
Endpoint: _109_ (removal check against rising-edge clock clk)
Path Group: asynchronous
Path Type: min

Fanout         Cap        Slew       Delay        Time   Description
---------------------------------------------------------------------------------------------
                                  0.000000    0.000000   clock clk (rise edge)
                                  0.000000    0.000000   clock network delay (propagated)
                                  0.700000    0.700000 ^ input external delay
     1    0.002534    0.012971    0.006538    0.706538 ^ resetn (in)
                                                         resetn (net)
                      0.012971    0.000000    0.706538 ^ hold13/A (sky130_fd_sc_hd__dlygate4sd3_1)
     1    0.002600    0.036056    0.365303    1.071841 ^ hold13/X (sky130_fd_sc_hd__dlygate4sd3_1)
                                                         net34 (net)
                      0.036056    0.000077    1.071918 ^ input11/A (sky130_fd_sc_hd__buf_2)
     8    0.041364    0.153574    0.155343    1.227261 ^ input11/X (sky130_fd_sc_hd__buf_2)
                                                         net11 (net)
                      0.153633    0.002496    1.229757 ^ _109_/RESET_B (sky130_fd_sc_hd__dfrtp_1)
                                              1.229757   data arrival time

                                  0.000000    0.000000   clock clk (rise edge)
                                  0.000000    0.000000   clock source latency
     1    0.012948    0.048514    0.032300    0.032300 ^ clk (in)
                                                         clk (net)
                      0.048517    0.000000    0.032300 ^ clkbuf_0_clk/A (sky130_fd_sc_hd__clkbuf_16)
     2    0.019372    0.030793    0.089021    0.121321 ^ clkbuf_0_clk/X (sky130_fd_sc_hd__clkbuf_16)
                                                         clknet_0_clk (net)
                      0.030795    0.000502    0.121823 ^ clkbuf_1_0__f_clk/A (sky130_fd_sc_hd__clkbuf_16)
     5    0.016194    0.028626    0.081769    0.203592 ^ clkbuf_1_0__f_clk/X (sky130_fd_sc_hd__clkbuf_16)
                                                         clknet_1_0__leaf_clk (net)
                      0.028631    0.000396    0.203988 ^ _109_/CLK (sky130_fd_sc_hd__dfrtp_1)
                                  0.250000    0.453988   clock uncertainty
                                  0.000000    0.453988   clock reconvergence pessimism
                                  0.228697    0.682685   library removal time
                                              0.682685   data required time
---------------------------------------------------------------------------------------------
                                              0.682685   data required time
                                             -1.229757   data arrival time
---------------------------------------------------------------------------------------------
                                              0.547072   slack (MET)


Startpoint: resetn (input port clocked by clk)
Endpoint: _113_ (removal check against rising-edge clock clk)
Path Group: asynchronous
Path Type: min

Fanout         Cap        Slew       Delay        Time   Description
---------------------------------------------------------------------------------------------
                                  0.000000    0.000000   clock clk (rise edge)
                                  0.000000    0.000000   clock network delay (propagated)
                                  0.700000    0.700000 ^ input external delay
     1    0.002534    0.012971    0.006538    0.706538 ^ resetn (in)
                                                         resetn (net)
                      0.012971    0.000000    0.706538 ^ hold13/A (sky130_fd_sc_hd__dlygate4sd3_1)
     1    0.002600    0.036056    0.365303    1.071841 ^ hold13/X (sky130_fd_sc_hd__dlygate4sd3_1)
                                                         net34 (net)
                      0.036056    0.000077    1.071918 ^ input11/A (sky130_fd_sc_hd__buf_2)
     8    0.041364    0.153574    0.155343    1.227261 ^ input11/X (sky130_fd_sc_hd__buf_2)
                                                         net11 (net)
                      0.153600    0.001653    1.228914 ^ _113_/RESET_B (sky130_fd_sc_hd__dfrtp_1)
                                              1.228914   data arrival time

                                  0.000000    0.000000   clock clk (rise edge)
                                  0.000000    0.000000   clock source latency
     1    0.012948    0.048514    0.032300    0.032300 ^ clk (in)
                                                         clk (net)
                      0.048517    0.000000    0.032300 ^ clkbuf_0_clk/A (sky130_fd_sc_hd__clkbuf_16)
     2    0.019372    0.030793    0.089021    0.121321 ^ clkbuf_0_clk/X (sky130_fd_sc_hd__clkbuf_16)
                                                         clknet_0_clk (net)
                      0.030795    0.000484    0.121805 ^ clkbuf_1_1__f_clk/A (sky130_fd_sc_hd__clkbuf_16)
     4    0.011695    0.025650    0.078745    0.200550 ^ clkbuf_1_1__f_clk/X (sky130_fd_sc_hd__clkbuf_16)
                                                         clknet_1_1__leaf_clk (net)
                      0.025650    0.000174    0.200724 ^ _113_/CLK (sky130_fd_sc_hd__dfrtp_1)
                                  0.250000    0.450724   clock uncertainty
                                  0.000000    0.450724   clock reconvergence pessimism
                                  0.228283    0.679007   library removal time
                                              0.679007   data required time
---------------------------------------------------------------------------------------------
                                              0.679007   data required time
                                             -1.228914   data arrival time
---------------------------------------------------------------------------------------------
                                              0.549907   slack (MET)


Startpoint: resetn (input port clocked by clk)
Endpoint: _114_ (removal check against rising-edge clock clk)
Path Group: asynchronous
Path Type: min

Fanout         Cap        Slew       Delay        Time   Description
---------------------------------------------------------------------------------------------
                                  0.000000    0.000000   clock clk (rise edge)
                                  0.000000    0.000000   clock network delay (propagated)
                                  0.700000    0.700000 ^ input external delay
     1    0.002534    0.012971    0.006538    0.706538 ^ resetn (in)
                                                         resetn (net)
                      0.012971    0.000000    0.706538 ^ hold13/A (sky130_fd_sc_hd__dlygate4sd3_1)
     1    0.002600    0.036056    0.365303    1.071841 ^ hold13/X (sky130_fd_sc_hd__dlygate4sd3_1)
                                                         net34 (net)
                      0.036056    0.000077    1.071918 ^ input11/A (sky130_fd_sc_hd__buf_2)
     8    0.041364    0.153574    0.155343    1.227261 ^ input11/X (sky130_fd_sc_hd__buf_2)
                                                         net11 (net)
                      0.153619    0.002184    1.229445 ^ _114_/RESET_B (sky130_fd_sc_hd__dfrtp_1)
                                              1.229445   data arrival time

                                  0.000000    0.000000   clock clk (rise edge)
                                  0.000000    0.000000   clock source latency
     1    0.012948    0.048514    0.032300    0.032300 ^ clk (in)
                                                         clk (net)
                      0.048517    0.000000    0.032300 ^ clkbuf_0_clk/A (sky130_fd_sc_hd__clkbuf_16)
     2    0.019372    0.030793    0.089021    0.121321 ^ clkbuf_0_clk/X (sky130_fd_sc_hd__clkbuf_16)
                                                         clknet_0_clk (net)
                      0.030795    0.000484    0.121805 ^ clkbuf_1_1__f_clk/A (sky130_fd_sc_hd__clkbuf_16)
     4    0.011695    0.025650    0.078745    0.200550 ^ clkbuf_1_1__f_clk/X (sky130_fd_sc_hd__clkbuf_16)
                                                         clknet_1_1__leaf_clk (net)
                      0.025650    0.000213    0.200763 ^ _114_/CLK (sky130_fd_sc_hd__dfrtp_1)
                                  0.250000    0.450763   clock uncertainty
                                  0.000000    0.450763   clock reconvergence pessimism
                                  0.228288    0.679051   library removal time
                                              0.679051   data required time
---------------------------------------------------------------------------------------------
                                              0.679051   data required time
                                             -1.229445   data arrival time
---------------------------------------------------------------------------------------------
                                              0.550393   slack (MET)


Startpoint: resetn (input port clocked by clk)
Endpoint: _111_ (removal check against rising-edge clock clk)
Path Group: asynchronous
Path Type: min

Fanout         Cap        Slew       Delay        Time   Description
---------------------------------------------------------------------------------------------
                                  0.000000    0.000000   clock clk (rise edge)
                                  0.000000    0.000000   clock network delay (propagated)
                                  0.700000    0.700000 ^ input external delay
     1    0.002534    0.012971    0.006538    0.706538 ^ resetn (in)
                                                         resetn (net)
                      0.012971    0.000000    0.706538 ^ hold13/A (sky130_fd_sc_hd__dlygate4sd3_1)
     1    0.002600    0.036056    0.365303    1.071841 ^ hold13/X (sky130_fd_sc_hd__dlygate4sd3_1)
                                                         net34 (net)
                      0.036056    0.000077    1.071918 ^ input11/A (sky130_fd_sc_hd__buf_2)
     8    0.041364    0.153574    0.155343    1.227261 ^ input11/X (sky130_fd_sc_hd__buf_2)
                                                         net11 (net)
                      0.153626    0.002331    1.229592 ^ _111_/RESET_B (sky130_fd_sc_hd__dfrtp_1)
                                              1.229592   data arrival time

                                  0.000000    0.000000   clock clk (rise edge)
                                  0.000000    0.000000   clock source latency
     1    0.012948    0.048514    0.032300    0.032300 ^ clk (in)
                                                         clk (net)
                      0.048517    0.000000    0.032300 ^ clkbuf_0_clk/A (sky130_fd_sc_hd__clkbuf_16)
     2    0.019372    0.030793    0.089021    0.121321 ^ clkbuf_0_clk/X (sky130_fd_sc_hd__clkbuf_16)
                                                         clknet_0_clk (net)
                      0.030795    0.000484    0.121805 ^ clkbuf_1_1__f_clk/A (sky130_fd_sc_hd__clkbuf_16)
     4    0.011695    0.025650    0.078745    0.200550 ^ clkbuf_1_1__f_clk/X (sky130_fd_sc_hd__clkbuf_16)
                                                         clknet_1_1__leaf_clk (net)
                      0.025650    0.000267    0.200818 ^ _111_/CLK (sky130_fd_sc_hd__dfrtp_1)
                                  0.250000    0.450818   clock uncertainty
                                  0.000000    0.450818   clock reconvergence pessimism
                                  0.228290    0.679108   library removal time
                                              0.679108   data required time
---------------------------------------------------------------------------------------------
                                              0.679108   data required time
                                             -1.229592   data arrival time
---------------------------------------------------------------------------------------------
                                              0.550484   slack (MET)


Startpoint: resetn (input port clocked by clk)
Endpoint: _115_ (removal check against rising-edge clock clk)
Path Group: asynchronous
Path Type: min

Fanout         Cap        Slew       Delay        Time   Description
---------------------------------------------------------------------------------------------
                                  0.000000    0.000000   clock clk (rise edge)
                                  0.000000    0.000000   clock network delay (propagated)
                                  0.700000    0.700000 ^ input external delay
     1    0.002534    0.012971    0.006538    0.706538 ^ resetn (in)
                                                         resetn (net)
                      0.012971    0.000000    0.706538 ^ hold13/A (sky130_fd_sc_hd__dlygate4sd3_1)
     1    0.002600    0.036056    0.365303    1.071841 ^ hold13/X (sky130_fd_sc_hd__dlygate4sd3_1)
                                                         net34 (net)
                      0.036056    0.000077    1.071918 ^ input11/A (sky130_fd_sc_hd__buf_2)
     8    0.041364    0.153574    0.155343    1.227261 ^ input11/X (sky130_fd_sc_hd__buf_2)
                                                         net11 (net)
                      0.153625    0.002315    1.229576 ^ _115_/RESET_B (sky130_fd_sc_hd__dfrtp_1)
                                              1.229576   data arrival time

                                  0.000000    0.000000   clock clk (rise edge)
                                  0.000000    0.000000   clock source latency
     1    0.012948    0.048514    0.032300    0.032300 ^ clk (in)
                                                         clk (net)
                      0.048517    0.000000    0.032300 ^ clkbuf_0_clk/A (sky130_fd_sc_hd__clkbuf_16)
     2    0.019372    0.030793    0.089021    0.121321 ^ clkbuf_0_clk/X (sky130_fd_sc_hd__clkbuf_16)
                                                         clknet_0_clk (net)
                      0.030795    0.000484    0.121805 ^ clkbuf_1_1__f_clk/A (sky130_fd_sc_hd__clkbuf_16)
     4    0.011695    0.025650    0.078745    0.200550 ^ clkbuf_1_1__f_clk/X (sky130_fd_sc_hd__clkbuf_16)
                                                         clknet_1_1__leaf_clk (net)
                      0.025650    0.000160    0.200711 ^ _115_/CLK (sky130_fd_sc_hd__dfrtp_1)
                                  0.250000    0.450711   clock uncertainty
                                  0.000000    0.450711   clock reconvergence pessimism
                                  0.228290    0.679000   library removal time
                                              0.679000   data required time
---------------------------------------------------------------------------------------------
                                              0.679000   data required time
                                             -1.229576   data arrival time
---------------------------------------------------------------------------------------------
                                              0.550575   slack (MET)


Startpoint: _115_ (rising edge-triggered flip-flop clocked by clk)
Endpoint: count[7] (output port clocked by clk)
Path Group: clk
Path Type: min

Fanout         Cap        Slew       Delay        Time   Description
---------------------------------------------------------------------------------------------
                                  0.000000    0.000000   clock clk (rise edge)
                                  0.000000    0.000000   clock source latency
     1    0.012948    0.048514    0.032300    0.032300 ^ clk (in)
                                                         clk (net)
                      0.048517    0.000000    0.032300 ^ clkbuf_0_clk/A (sky130_fd_sc_hd__clkbuf_16)
     2    0.019372    0.030793    0.089021    0.121321 ^ clkbuf_0_clk/X (sky130_fd_sc_hd__clkbuf_16)
                                                         clknet_0_clk (net)
                      0.030795    0.000484    0.121805 ^ clkbuf_1_1__f_clk/A (sky130_fd_sc_hd__clkbuf_16)
     4    0.011695    0.025650    0.078745    0.200550 ^ clkbuf_1_1__f_clk/X (sky130_fd_sc_hd__clkbuf_16)
                                                         clknet_1_1__leaf_clk (net)
                      0.025650    0.000160    0.200711 ^ _115_/CLK (sky130_fd_sc_hd__dfrtp_1)
     3    0.009943    0.051104    0.246032    0.446743 v _115_/Q (sky130_fd_sc_hd__dfrtp_1)
                                                         net20 (net)
                      0.051105    0.000235    0.446977 v output20/A (sky130_fd_sc_hd__buf_2)
     1    0.034030    0.062416    0.125389    0.572367 v output20/X (sky130_fd_sc_hd__buf_2)
                                                         count[7] (net)
                      0.062422    0.000624    0.572991 v count[7] (out)
                                              0.572991   data arrival time

                                  0.000000    0.000000   clock clk (rise edge)
                                  0.000000    0.000000   clock network delay (propagated)
                                  0.250000    0.250000   clock uncertainty
                                  0.000000    0.250000   clock reconvergence pessimism
                                 -0.700000   -0.450000   output external delay
                                             -0.450000   data required time
---------------------------------------------------------------------------------------------
                                             -0.450000   data required time
                                             -0.572991   data arrival time
---------------------------------------------------------------------------------------------
                                              1.022991   slack (MET)


Startpoint: _114_ (rising edge-triggered flip-flop clocked by clk)
Endpoint: count[6] (output port clocked by clk)
Path Group: clk
Path Type: min

Fanout         Cap        Slew       Delay        Time   Description
---------------------------------------------------------------------------------------------
                                  0.000000    0.000000   clock clk (rise edge)
                                  0.000000    0.000000   clock source latency
     1    0.012948    0.048514    0.032300    0.032300 ^ clk (in)
                                                         clk (net)
                      0.048517    0.000000    0.032300 ^ clkbuf_0_clk/A (sky130_fd_sc_hd__clkbuf_16)
     2    0.019372    0.030793    0.089021    0.121321 ^ clkbuf_0_clk/X (sky130_fd_sc_hd__clkbuf_16)
                                                         clknet_0_clk (net)
                      0.030795    0.000484    0.121805 ^ clkbuf_1_1__f_clk/A (sky130_fd_sc_hd__clkbuf_16)
     4    0.011695    0.025650    0.078745    0.200550 ^ clkbuf_1_1__f_clk/X (sky130_fd_sc_hd__clkbuf_16)
                                                         clknet_1_1__leaf_clk (net)
                      0.025650    0.000213    0.200763 ^ _114_/CLK (sky130_fd_sc_hd__dfrtp_1)
     4    0.011598    0.083836    0.237835    0.438598 ^ _114_/Q (sky130_fd_sc_hd__dfrtp_1)
                                                         net19 (net)
                      0.083836    0.000362    0.438960 ^ output19/A (sky130_fd_sc_hd__clkbuf_4)
     1    0.034485    0.084912    0.140956    0.579916 ^ output19/X (sky130_fd_sc_hd__clkbuf_4)
                                                         count[6] (net)
                      0.084919    0.000805    0.580721 ^ count[6] (out)
                                              0.580721   data arrival time

                                  0.000000    0.000000   clock clk (rise edge)
                                  0.000000    0.000000   clock network delay (propagated)
                                  0.250000    0.250000   clock uncertainty
                                  0.000000    0.250000   clock reconvergence pessimism
                                 -0.700000   -0.450000   output external delay
                                             -0.450000   data required time
---------------------------------------------------------------------------------------------
                                             -0.450000   data required time
                                             -0.580721   data arrival time
---------------------------------------------------------------------------------------------
                                              1.030721   slack (MET)


Startpoint: _108_ (rising edge-triggered flip-flop clocked by clk)
Endpoint: count[0] (output port clocked by clk)
Path Group: clk
Path Type: min

Fanout         Cap        Slew       Delay        Time   Description
---------------------------------------------------------------------------------------------
                                  0.000000    0.000000   clock clk (rise edge)
                                  0.000000    0.000000   clock source latency
     1    0.012948    0.048514    0.032300    0.032300 ^ clk (in)
                                                         clk (net)
                      0.048517    0.000000    0.032300 ^ clkbuf_0_clk/A (sky130_fd_sc_hd__clkbuf_16)
     2    0.019372    0.030793    0.089021    0.121321 ^ clkbuf_0_clk/X (sky130_fd_sc_hd__clkbuf_16)
                                                         clknet_0_clk (net)
                      0.030795    0.000502    0.121823 ^ clkbuf_1_0__f_clk/A (sky130_fd_sc_hd__clkbuf_16)
     5    0.016194    0.028626    0.081769    0.203592 ^ clkbuf_1_0__f_clk/X (sky130_fd_sc_hd__clkbuf_16)
                                                         clknet_1_0__leaf_clk (net)
                      0.028630    0.000331    0.203922 ^ _108_/CLK (sky130_fd_sc_hd__dfrtp_1)
     3    0.011505    0.054509    0.251930    0.455853 v _108_/Q (sky130_fd_sc_hd__dfrtp_1)
                                                         net13 (net)
                      0.054509    0.000220    0.456072 v output13/A (sky130_fd_sc_hd__buf_2)
     1    0.034333    0.062876    0.127134    0.583206 v output13/X (sky130_fd_sc_hd__buf_2)
                                                         count[0] (net)
                      0.062883    0.000645    0.583851 v count[0] (out)
                                              0.583851   data arrival time

                                  0.000000    0.000000   clock clk (rise edge)
                                  0.000000    0.000000   clock network delay (propagated)
                                  0.250000    0.250000   clock uncertainty
                                  0.000000    0.250000   clock reconvergence pessimism
                                 -0.700000   -0.450000   output external delay
                                             -0.450000   data required time
---------------------------------------------------------------------------------------------
                                             -0.450000   data required time
                                             -0.583851   data arrival time
---------------------------------------------------------------------------------------------
                                              1.033851   slack (MET)


Startpoint: _113_ (rising edge-triggered flip-flop clocked by clk)
Endpoint: count[5] (output port clocked by clk)
Path Group: clk
Path Type: min

Fanout         Cap        Slew       Delay        Time   Description
---------------------------------------------------------------------------------------------
                                  0.000000    0.000000   clock clk (rise edge)
                                  0.000000    0.000000   clock source latency
     1    0.012948    0.048514    0.032300    0.032300 ^ clk (in)
                                                         clk (net)
                      0.048517    0.000000    0.032300 ^ clkbuf_0_clk/A (sky130_fd_sc_hd__clkbuf_16)
     2    0.019372    0.030793    0.089021    0.121321 ^ clkbuf_0_clk/X (sky130_fd_sc_hd__clkbuf_16)
                                                         clknet_0_clk (net)
                      0.030795    0.000484    0.121805 ^ clkbuf_1_1__f_clk/A (sky130_fd_sc_hd__clkbuf_16)
     4    0.011695    0.025650    0.078745    0.200550 ^ clkbuf_1_1__f_clk/X (sky130_fd_sc_hd__clkbuf_16)
                                                         clknet_1_1__leaf_clk (net)
                      0.025650    0.000174    0.200724 ^ _113_/CLK (sky130_fd_sc_hd__dfrtp_1)
     4    0.014177    0.062333    0.258267    0.458991 v _113_/Q (sky130_fd_sc_hd__dfrtp_1)
                                                         net18 (net)
                      0.062333    0.000248    0.459239 v output18/A (sky130_fd_sc_hd__buf_2)
     1    0.033961    0.062343    0.129845    0.589084 v output18/X (sky130_fd_sc_hd__buf_2)
                                                         count[5] (net)
                      0.062349    0.000632    0.589716 v count[5] (out)
                                              0.589716   data arrival time

                                  0.000000    0.000000   clock clk (rise edge)
                                  0.000000    0.000000   clock network delay (propagated)
                                  0.250000    0.250000   clock uncertainty
                                  0.000000    0.250000   clock reconvergence pessimism
                                 -0.700000   -0.450000   output external delay
                                             -0.450000   data required time
---------------------------------------------------------------------------------------------
                                             -0.450000   data required time
                                             -0.589716   data arrival time
---------------------------------------------------------------------------------------------
                                              1.039716   slack (MET)


Startpoint: _112_ (rising edge-triggered flip-flop clocked by clk)
Endpoint: count[4] (output port clocked by clk)
Path Group: clk
Path Type: min

Fanout         Cap        Slew       Delay        Time   Description
---------------------------------------------------------------------------------------------
                                  0.000000    0.000000   clock clk (rise edge)
                                  0.000000    0.000000   clock source latency
     1    0.012948    0.048514    0.032300    0.032300 ^ clk (in)
                                                         clk (net)
                      0.048517    0.000000    0.032300 ^ clkbuf_0_clk/A (sky130_fd_sc_hd__clkbuf_16)
     2    0.019372    0.030793    0.089021    0.121321 ^ clkbuf_0_clk/X (sky130_fd_sc_hd__clkbuf_16)
                                                         clknet_0_clk (net)
                      0.030795    0.000502    0.121823 ^ clkbuf_1_0__f_clk/A (sky130_fd_sc_hd__clkbuf_16)
     5    0.016194    0.028626    0.081769    0.203592 ^ clkbuf_1_0__f_clk/X (sky130_fd_sc_hd__clkbuf_16)
                                                         clknet_1_0__leaf_clk (net)
                      0.028630    0.000283    0.203875 ^ _112_/CLK (sky130_fd_sc_hd__dfrtp_1)
     5    0.015911    0.067529    0.263784    0.467659 v _112_/Q (sky130_fd_sc_hd__dfrtp_1)
                                                         net17 (net)
                      0.067532    0.000484    0.468143 v output17/A (sky130_fd_sc_hd__buf_2)
     1    0.034271    0.062815    0.132358    0.600500 v output17/X (sky130_fd_sc_hd__buf_2)
                                                         count[4] (net)
                      0.062821    0.000627    0.601127 v count[4] (out)
                                              0.601127   data arrival time

                                  0.000000    0.000000   clock clk (rise edge)
                                  0.000000    0.000000   clock network delay (propagated)
                                  0.250000    0.250000   clock uncertainty
                                  0.000000    0.250000   clock reconvergence pessimism
                                 -0.700000   -0.450000   output external delay
                                             -0.450000   data required time
---------------------------------------------------------------------------------------------
                                             -0.450000   data required time
                                             -0.601127   data arrival time
---------------------------------------------------------------------------------------------
                                              1.051127   slack (MET)


Startpoint: _111_ (rising edge-triggered flip-flop clocked by clk)
Endpoint: count[3] (output port clocked by clk)
Path Group: clk
Path Type: min

Fanout         Cap        Slew       Delay        Time   Description
---------------------------------------------------------------------------------------------
                                  0.000000    0.000000   clock clk (rise edge)
                                  0.000000    0.000000   clock source latency
     1    0.012948    0.048514    0.032300    0.032300 ^ clk (in)
                                                         clk (net)
                      0.048517    0.000000    0.032300 ^ clkbuf_0_clk/A (sky130_fd_sc_hd__clkbuf_16)
     2    0.019372    0.030793    0.089021    0.121321 ^ clkbuf_0_clk/X (sky130_fd_sc_hd__clkbuf_16)
                                                         clknet_0_clk (net)
                      0.030795    0.000484    0.121805 ^ clkbuf_1_1__f_clk/A (sky130_fd_sc_hd__clkbuf_16)
     4    0.011695    0.025650    0.078745    0.200550 ^ clkbuf_1_1__f_clk/X (sky130_fd_sc_hd__clkbuf_16)
                                                         clknet_1_1__leaf_clk (net)
                      0.025650    0.000267    0.200818 ^ _111_/CLK (sky130_fd_sc_hd__dfrtp_1)
     4    0.017606    0.072648    0.267493    0.468311 v _111_/Q (sky130_fd_sc_hd__dfrtp_1)
                                                         net16 (net)
                      0.072651    0.000562    0.468872 v output16/A (sky130_fd_sc_hd__buf_2)
     1    0.034252    0.062830    0.134359    0.603231 v output16/X (sky130_fd_sc_hd__buf_2)
                                                         count[3] (net)
                      0.062837    0.000699    0.603931 v count[3] (out)
                                              0.603931   data arrival time

                                  0.000000    0.000000   clock clk (rise edge)
                                  0.000000    0.000000   clock network delay (propagated)
                                  0.250000    0.250000   clock uncertainty
                                  0.000000    0.250000   clock reconvergence pessimism
                                 -0.700000   -0.450000   output external delay
                                             -0.450000   data required time
---------------------------------------------------------------------------------------------
                                             -0.450000   data required time
                                             -0.603931   data arrival time
---------------------------------------------------------------------------------------------
                                              1.053931   slack (MET)


Startpoint: _110_ (rising edge-triggered flip-flop clocked by clk)
Endpoint: count[2] (output port clocked by clk)
Path Group: clk
Path Type: min

Fanout         Cap        Slew       Delay        Time   Description
---------------------------------------------------------------------------------------------
                                  0.000000    0.000000   clock clk (rise edge)
                                  0.000000    0.000000   clock source latency
     1    0.012948    0.048514    0.032300    0.032300 ^ clk (in)
                                                         clk (net)
                      0.048517    0.000000    0.032300 ^ clkbuf_0_clk/A (sky130_fd_sc_hd__clkbuf_16)
     2    0.019372    0.030793    0.089021    0.121321 ^ clkbuf_0_clk/X (sky130_fd_sc_hd__clkbuf_16)
                                                         clknet_0_clk (net)
                      0.030795    0.000502    0.121823 ^ clkbuf_1_0__f_clk/A (sky130_fd_sc_hd__clkbuf_16)
     5    0.016194    0.028626    0.081769    0.203592 ^ clkbuf_1_0__f_clk/X (sky130_fd_sc_hd__clkbuf_16)
                                                         clknet_1_0__leaf_clk (net)
                      0.028631    0.000495    0.204087 ^ _110_/CLK (sky130_fd_sc_hd__dfrtp_2)
     5    0.018634    0.054932    0.272121    0.476208 v _110_/Q (sky130_fd_sc_hd__dfrtp_2)
                                                         net15 (net)
                      0.054933    0.000322    0.476530 v output15/A (sky130_fd_sc_hd__buf_2)
     1    0.034112    0.062571    0.126983    0.603514 v output15/X (sky130_fd_sc_hd__buf_2)
                                                         count[2] (net)
                      0.062578    0.000697    0.604211 v count[2] (out)
                                              0.604211   data arrival time

                                  0.000000    0.000000   clock clk (rise edge)
                                  0.000000    0.000000   clock network delay (propagated)
                                  0.250000    0.250000   clock uncertainty
                                  0.000000    0.250000   clock reconvergence pessimism
                                 -0.700000   -0.450000   output external delay
                                             -0.450000   data required time
---------------------------------------------------------------------------------------------
                                             -0.450000   data required time
                                             -0.604211   data arrival time
---------------------------------------------------------------------------------------------
                                              1.054211   slack (MET)


Startpoint: _109_ (rising edge-triggered flip-flop clocked by clk)
Endpoint: count[1] (output port clocked by clk)
Path Group: clk
Path Type: min

Fanout         Cap        Slew       Delay        Time   Description
---------------------------------------------------------------------------------------------
                                  0.000000    0.000000   clock clk (rise edge)
                                  0.000000    0.000000   clock source latency
     1    0.012948    0.048514    0.032300    0.032300 ^ clk (in)
                                                         clk (net)
                      0.048517    0.000000    0.032300 ^ clkbuf_0_clk/A (sky130_fd_sc_hd__clkbuf_16)
     2    0.019372    0.030793    0.089021    0.121321 ^ clkbuf_0_clk/X (sky130_fd_sc_hd__clkbuf_16)
                                                         clknet_0_clk (net)
                      0.030795    0.000502    0.121823 ^ clkbuf_1_0__f_clk/A (sky130_fd_sc_hd__clkbuf_16)
     5    0.016194    0.028626    0.081769    0.203592 ^ clkbuf_1_0__f_clk/X (sky130_fd_sc_hd__clkbuf_16)
                                                         clknet_1_0__leaf_clk (net)
                      0.028631    0.000396    0.203988 ^ _109_/CLK (sky130_fd_sc_hd__dfrtp_1)
     3    0.014539    0.063439    0.260052    0.464040 v _109_/Q (sky130_fd_sc_hd__dfrtp_1)
                                                         net14 (net)
                      0.063439    0.000366    0.464406 v rebuffer5/A (sky130_fd_sc_hd__dlygate4sd1_1)
     2    0.005284    0.029312    0.164333    0.628739 v rebuffer5/X (sky130_fd_sc_hd__dlygate4sd1_1)
                                                         net26 (net)
                      0.029312    0.000176    0.628914 v output14/A (sky130_fd_sc_hd__buf_2)
     1    0.035725    0.065178    0.118293    0.747207 v output14/X (sky130_fd_sc_hd__buf_2)
                                                         count[1] (net)
                      0.065210    0.001326    0.748534 v count[1] (out)
                                              0.748534   data arrival time

                                  0.000000    0.000000   clock clk (rise edge)
                                  0.000000    0.000000   clock network delay (propagated)
                                  0.250000    0.250000   clock uncertainty
                                  0.000000    0.250000   clock reconvergence pessimism
                                 -0.700000   -0.450000   output external delay
                                             -0.450000   data required time
---------------------------------------------------------------------------------------------
                                             -0.450000   data required time
                                             -0.748534   data arrival time
---------------------------------------------------------------------------------------------
                                              1.198534   slack (MET)



