Reading OpenROAD database at '/home/lanh/20213979/counterfullstep/runs/RUN_2024-12-20_03-21-52/31-openroad-repairdesignpostgpl/counter.odb'…
Reading library file at '/home/lanh/.volare/volare/sky130/versions/bdc9412b3e468c102d01b7cf6337be06ec6e9c9a/sky130A/libs.ref/sky130_fd_sc_hd/lib/sky130_fd_sc_hd__tt_025C_1v80.lib'…
Reading design constraints file at '/home/lanh/20213979/counterfullstep/counter.sdc'…
Placement Analysis
---------------------------------
total displacement          0.0 u
average displacement        0.0 u
max displacement            0.0 u
original HPWL             984.4 u
legalized HPWL           1032.4 u
delta HPWL                    5 %

[INFO DPL-0020] Mirrored 31 instances
[INFO DPL-0021] HPWL before            1032.4 u
[INFO DPL-0022] HPWL after              984.4 u
[INFO DPL-0023] HPWL delta               -4.6 %
Setting global connections for newly added cells…
[INFO] Setting global connections...
Writing OpenROAD database to '/home/lanh/20213979/counterfullstep/runs/RUN_2024-12-20_03-21-52/32-openroad-detailedplacement/counter.odb'…
Writing netlist to '/home/lanh/20213979/counterfullstep/runs/RUN_2024-12-20_03-21-52/32-openroad-detailedplacement/counter.nl.v'…
Writing powered netlist to '/home/lanh/20213979/counterfullstep/runs/RUN_2024-12-20_03-21-52/32-openroad-detailedplacement/counter.pnl.v'…
Writing layout to '/home/lanh/20213979/counterfullstep/runs/RUN_2024-12-20_03-21-52/32-openroad-detailedplacement/counter.def'…
Writing timing constraints to '/home/lanh/20213979/counterfullstep/runs/RUN_2024-12-20_03-21-52/32-openroad-detailedplacement/counter.sdc'…
