
===========================================================================
report_checks -path_delay min (Hold)
============================================================================
======================= max_ff_n40C_1v95 Corner ===================================

Startpoint: _115_ (rising edge-triggered flip-flop clocked by clk)
Endpoint: _115_ (rising edge-triggered flip-flop clocked by clk)
Path Group: clk
Path Type: min

Fanout         Cap        Slew       Delay        Time   Description
---------------------------------------------------------------------------------------------
                                  0.000000    0.000000   clock clk (rise edge)
                                  0.000000    0.000000   clock source latency
     1    0.013285    0.049685    0.033266    0.033266 ^ clk (in)
                                                         clk (net)
                      0.049695    0.000000    0.033266 ^ clkbuf_0_clk/A (sky130_fd_sc_hd__clkbuf_16)
     2    0.019830    0.031122    0.089408    0.122674 ^ clkbuf_0_clk/X (sky130_fd_sc_hd__clkbuf_16)
                                                         clknet_0_clk (net)
                      0.031141    0.001214    0.123888 ^ clkbuf_1_1__f_clk/A (sky130_fd_sc_hd__clkbuf_16)
     4    0.011994    0.025856    0.078983    0.202871 ^ clkbuf_1_1__f_clk/X (sky130_fd_sc_hd__clkbuf_16)
                                                         clknet_1_1__leaf_clk (net)
                      0.025856    0.000362    0.203233 ^ _115_/CLK (sky130_fd_sc_hd__dfrtp_1)
     3    0.010773    0.078677    0.233943    0.437177 ^ _115_/Q (sky130_fd_sc_hd__dfrtp_1)
                                                         net20 (net)
                      0.078679    0.000527    0.437704 ^ _106_/B2 (sky130_fd_sc_hd__a22o_1)
     1    0.003423    0.033687    0.078197    0.515901 ^ _106_/X (sky130_fd_sc_hd__a22o_1)
                                                         _053_ (net)
                      0.033688    0.000239    0.516140 ^ _107_/B1 (sky130_fd_sc_hd__a21o_1)
     1    0.003074    0.026894    0.047766    0.563906 ^ _107_/X (sky130_fd_sc_hd__a21o_1)
                                                         _007_ (net)
                      0.026895    0.000228    0.564134 ^ _115_/D (sky130_fd_sc_hd__dfrtp_1)
                                              0.564134   data arrival time

                                  0.000000    0.000000   clock clk (rise edge)
                                  0.000000    0.000000   clock source latency
     1    0.013285    0.049685    0.033266    0.033266 ^ clk (in)
                                                         clk (net)
                      0.049695    0.000000    0.033266 ^ clkbuf_0_clk/A (sky130_fd_sc_hd__clkbuf_16)
     2    0.019830    0.031122    0.089408    0.122674 ^ clkbuf_0_clk/X (sky130_fd_sc_hd__clkbuf_16)
                                                         clknet_0_clk (net)
                      0.031141    0.001214    0.123888 ^ clkbuf_1_1__f_clk/A (sky130_fd_sc_hd__clkbuf_16)
     4    0.011994    0.025856    0.078983    0.202871 ^ clkbuf_1_1__f_clk/X (sky130_fd_sc_hd__clkbuf_16)
                                                         clknet_1_1__leaf_clk (net)
                      0.025856    0.000362    0.203233 ^ _115_/CLK (sky130_fd_sc_hd__dfrtp_1)
                                  0.250000    0.453233   clock uncertainty
                                  0.000000    0.453233   clock reconvergence pessimism
                                 -0.019617    0.433617   library hold time
                                              0.433617   data required time
---------------------------------------------------------------------------------------------
                                              0.433617   data required time
                                             -0.564134   data arrival time
---------------------------------------------------------------------------------------------
                                              0.130517   slack (MET)


Startpoint: _111_ (rising edge-triggered flip-flop clocked by clk)
Endpoint: _111_ (rising edge-triggered flip-flop clocked by clk)
Path Group: clk
Path Type: min

Fanout         Cap        Slew       Delay        Time   Description
---------------------------------------------------------------------------------------------
                                  0.000000    0.000000   clock clk (rise edge)
                                  0.000000    0.000000   clock source latency
     1    0.013285    0.049685    0.033266    0.033266 ^ clk (in)
                                                         clk (net)
                      0.049695    0.000000    0.033266 ^ clkbuf_0_clk/A (sky130_fd_sc_hd__clkbuf_16)
     2    0.019830    0.031122    0.089408    0.122674 ^ clkbuf_0_clk/X (sky130_fd_sc_hd__clkbuf_16)
                                                         clknet_0_clk (net)
                      0.031141    0.001214    0.123888 ^ clkbuf_1_1__f_clk/A (sky130_fd_sc_hd__clkbuf_16)
     4    0.011994    0.025856    0.078983    0.202871 ^ clkbuf_1_1__f_clk/X (sky130_fd_sc_hd__clkbuf_16)
                                                         clknet_1_1__leaf_clk (net)
                      0.025858    0.000636    0.203508 ^ _111_/CLK (sky130_fd_sc_hd__dfrtp_1)
     4    0.019104    0.131585    0.271246    0.474753 ^ _111_/Q (sky130_fd_sc_hd__dfrtp_1)
                                                         net16 (net)
                      0.131599    0.001416    0.476170 ^ _078_/B2 (sky130_fd_sc_hd__a221o_1)
     1    0.002415    0.026022    0.089949    0.566118 ^ _078_/X (sky130_fd_sc_hd__a221o_1)
                                                         _003_ (net)
                      0.026023    0.000111    0.566230 ^ _111_/D (sky130_fd_sc_hd__dfrtp_1)
                                              0.566230   data arrival time

                                  0.000000    0.000000   clock clk (rise edge)
                                  0.000000    0.000000   clock source latency
     1    0.013285    0.049685    0.033266    0.033266 ^ clk (in)
                                                         clk (net)
                      0.049695    0.000000    0.033266 ^ clkbuf_0_clk/A (sky130_fd_sc_hd__clkbuf_16)
     2    0.019830    0.031122    0.089408    0.122674 ^ clkbuf_0_clk/X (sky130_fd_sc_hd__clkbuf_16)
                                                         clknet_0_clk (net)
                      0.031141    0.001214    0.123888 ^ clkbuf_1_1__f_clk/A (sky130_fd_sc_hd__clkbuf_16)
     4    0.011994    0.025856    0.078983    0.202871 ^ clkbuf_1_1__f_clk/X (sky130_fd_sc_hd__clkbuf_16)
                                                         clknet_1_1__leaf_clk (net)
                      0.025858    0.000636    0.203508 ^ _111_/CLK (sky130_fd_sc_hd__dfrtp_1)
                                  0.250000    0.453508   clock uncertainty
                                  0.000000    0.453508   clock reconvergence pessimism
                                 -0.019551    0.433957   library hold time
                                              0.433957   data required time
---------------------------------------------------------------------------------------------
                                              0.433957   data required time
                                             -0.566230   data arrival time
---------------------------------------------------------------------------------------------
                                              0.132273   slack (MET)


Startpoint: _114_ (rising edge-triggered flip-flop clocked by clk)
Endpoint: _114_ (rising edge-triggered flip-flop clocked by clk)
Path Group: clk
Path Type: min

Fanout         Cap        Slew       Delay        Time   Description
---------------------------------------------------------------------------------------------
                                  0.000000    0.000000   clock clk (rise edge)
                                  0.000000    0.000000   clock source latency
     1    0.013285    0.049685    0.033266    0.033266 ^ clk (in)
                                                         clk (net)
                      0.049695    0.000000    0.033266 ^ clkbuf_0_clk/A (sky130_fd_sc_hd__clkbuf_16)
     2    0.019830    0.031122    0.089408    0.122674 ^ clkbuf_0_clk/X (sky130_fd_sc_hd__clkbuf_16)
                                                         clknet_0_clk (net)
                      0.031141    0.001214    0.123888 ^ clkbuf_1_1__f_clk/A (sky130_fd_sc_hd__clkbuf_16)
     4    0.011994    0.025856    0.078983    0.202871 ^ clkbuf_1_1__f_clk/X (sky130_fd_sc_hd__clkbuf_16)
                                                         clknet_1_1__leaf_clk (net)
                      0.025857    0.000526    0.203398 ^ _114_/CLK (sky130_fd_sc_hd__dfrtp_1)
     4    0.011968    0.086223    0.239326    0.442724 ^ _114_/Q (sky130_fd_sc_hd__dfrtp_1)
                                                         net19 (net)
                      0.086226    0.000621    0.443345 ^ _101_/B2 (sky130_fd_sc_hd__a22o_1)
     1    0.002793    0.029906    0.075904    0.519249 ^ _101_/X (sky130_fd_sc_hd__a22o_1)
                                                         _049_ (net)
                      0.029906    0.000129    0.519378 ^ _102_/B1 (sky130_fd_sc_hd__a31o_1)
     1    0.003437    0.031405    0.053775    0.573154 ^ _102_/X (sky130_fd_sc_hd__a31o_1)
                                                         _006_ (net)
                      0.031406    0.000243    0.573397 ^ _114_/D (sky130_fd_sc_hd__dfrtp_1)
                                              0.573397   data arrival time

                                  0.000000    0.000000   clock clk (rise edge)
                                  0.000000    0.000000   clock source latency
     1    0.013285    0.049685    0.033266    0.033266 ^ clk (in)
                                                         clk (net)
                      0.049695    0.000000    0.033266 ^ clkbuf_0_clk/A (sky130_fd_sc_hd__clkbuf_16)
     2    0.019830    0.031122    0.089408    0.122674 ^ clkbuf_0_clk/X (sky130_fd_sc_hd__clkbuf_16)
                                                         clknet_0_clk (net)
                      0.031141    0.001214    0.123888 ^ clkbuf_1_1__f_clk/A (sky130_fd_sc_hd__clkbuf_16)
     4    0.011994    0.025856    0.078983    0.202871 ^ clkbuf_1_1__f_clk/X (sky130_fd_sc_hd__clkbuf_16)
                                                         clknet_1_1__leaf_clk (net)
                      0.025857    0.000526    0.203398 ^ _114_/CLK (sky130_fd_sc_hd__dfrtp_1)
                                  0.250000    0.453398   clock uncertainty
                                  0.000000    0.453398   clock reconvergence pessimism
                                 -0.019958    0.433439   library hold time
                                              0.433439   data required time
---------------------------------------------------------------------------------------------
                                              0.433439   data required time
                                             -0.573397   data arrival time
---------------------------------------------------------------------------------------------
                                              0.139958   slack (MET)


Startpoint: _113_ (rising edge-triggered flip-flop clocked by clk)
Endpoint: _113_ (rising edge-triggered flip-flop clocked by clk)
Path Group: clk
Path Type: min

Fanout         Cap        Slew       Delay        Time   Description
---------------------------------------------------------------------------------------------
                                  0.000000    0.000000   clock clk (rise edge)
                                  0.000000    0.000000   clock source latency
     1    0.013285    0.049685    0.033266    0.033266 ^ clk (in)
                                                         clk (net)
                      0.049695    0.000000    0.033266 ^ clkbuf_0_clk/A (sky130_fd_sc_hd__clkbuf_16)
     2    0.019830    0.031122    0.089408    0.122674 ^ clkbuf_0_clk/X (sky130_fd_sc_hd__clkbuf_16)
                                                         clknet_0_clk (net)
                      0.031141    0.001214    0.123888 ^ clkbuf_1_1__f_clk/A (sky130_fd_sc_hd__clkbuf_16)
     4    0.011994    0.025856    0.078983    0.202871 ^ clkbuf_1_1__f_clk/X (sky130_fd_sc_hd__clkbuf_16)
                                                         clknet_1_1__leaf_clk (net)
                      0.025856    0.000392    0.203263 ^ _113_/CLK (sky130_fd_sc_hd__dfrtp_1)
     4    0.015470    0.108463    0.255010    0.458273 ^ _113_/Q (sky130_fd_sc_hd__dfrtp_1)
                                                         net18 (net)
                      0.108469    0.000884    0.459157 ^ _092_/B2 (sky130_fd_sc_hd__a22o_1)
     1    0.002793    0.030282    0.079091    0.538248 ^ _092_/X (sky130_fd_sc_hd__a22o_1)
                                                         _041_ (net)
                      0.030282    0.000129    0.538377 ^ _093_/B1 (sky130_fd_sc_hd__a31o_1)
     1    0.002300    0.024000    0.048057    0.586434 ^ _093_/X (sky130_fd_sc_hd__a31o_1)
                                                         _005_ (net)
                      0.024001    0.000167    0.586600 ^ _113_/D (sky130_fd_sc_hd__dfrtp_1)
                                              0.586600   data arrival time

                                  0.000000    0.000000   clock clk (rise edge)
                                  0.000000    0.000000   clock source latency
     1    0.013285    0.049685    0.033266    0.033266 ^ clk (in)
                                                         clk (net)
                      0.049695    0.000000    0.033266 ^ clkbuf_0_clk/A (sky130_fd_sc_hd__clkbuf_16)
     2    0.019830    0.031122    0.089408    0.122674 ^ clkbuf_0_clk/X (sky130_fd_sc_hd__clkbuf_16)
                                                         clknet_0_clk (net)
                      0.031141    0.001214    0.123888 ^ clkbuf_1_1__f_clk/A (sky130_fd_sc_hd__clkbuf_16)
     4    0.011994    0.025856    0.078983    0.202871 ^ clkbuf_1_1__f_clk/X (sky130_fd_sc_hd__clkbuf_16)
                                                         clknet_1_1__leaf_clk (net)
                      0.025856    0.000392    0.203263 ^ _113_/CLK (sky130_fd_sc_hd__dfrtp_1)
                                  0.250000    0.453263   clock uncertainty
                                  0.000000    0.453263   clock reconvergence pessimism
                                 -0.019398    0.433865   library hold time
                                              0.433865   data required time
---------------------------------------------------------------------------------------------
                                              0.433865   data required time
                                             -0.586600   data arrival time
---------------------------------------------------------------------------------------------
                                              0.152735   slack (MET)


Startpoint: _110_ (rising edge-triggered flip-flop clocked by clk)
Endpoint: _110_ (rising edge-triggered flip-flop clocked by clk)
Path Group: clk
Path Type: min

Fanout         Cap        Slew       Delay        Time   Description
---------------------------------------------------------------------------------------------
                                  0.000000    0.000000   clock clk (rise edge)
                                  0.000000    0.000000   clock source latency
     1    0.013285    0.049685    0.033266    0.033266 ^ clk (in)
                                                         clk (net)
                      0.049695    0.000000    0.033266 ^ clkbuf_0_clk/A (sky130_fd_sc_hd__clkbuf_16)
     2    0.019830    0.031122    0.089408    0.122674 ^ clkbuf_0_clk/X (sky130_fd_sc_hd__clkbuf_16)
                                                         clknet_0_clk (net)
                      0.031141    0.001201    0.123875 ^ clkbuf_1_0__f_clk/A (sky130_fd_sc_hd__clkbuf_16)
     5    0.016708    0.028996    0.082012    0.205887 ^ clkbuf_1_0__f_clk/X (sky130_fd_sc_hd__clkbuf_16)
                                                         clknet_1_0__leaf_clk (net)
                      0.029014    0.001198    0.207085 ^ _110_/CLK (sky130_fd_sc_hd__dfrtp_2)
     5    0.020357    0.081620    0.254867    0.461952 ^ _110_/Q (sky130_fd_sc_hd__dfrtp_2)
                                                         net15 (net)
                      0.081629    0.000935    0.462886 ^ _071_/B2 (sky130_fd_sc_hd__a22o_1)
     1    0.004294    0.039358    0.083109    0.545996 ^ _071_/X (sky130_fd_sc_hd__a22o_1)
                                                         _023_ (net)
                      0.039360    0.000306    0.546302 ^ _072_/B1 (sky130_fd_sc_hd__a31o_1)
     1    0.002357    0.024463    0.050215    0.596517 ^ _072_/X (sky130_fd_sc_hd__a31o_1)
                                                         _002_ (net)
                      0.024464    0.000170    0.596687 ^ _110_/D (sky130_fd_sc_hd__dfrtp_2)
                                              0.596687   data arrival time

                                  0.000000    0.000000   clock clk (rise edge)
                                  0.000000    0.000000   clock source latency
     1    0.013285    0.049685    0.033266    0.033266 ^ clk (in)
                                                         clk (net)
                      0.049695    0.000000    0.033266 ^ clkbuf_0_clk/A (sky130_fd_sc_hd__clkbuf_16)
     2    0.019830    0.031122    0.089408    0.122674 ^ clkbuf_0_clk/X (sky130_fd_sc_hd__clkbuf_16)
                                                         clknet_0_clk (net)
                      0.031141    0.001201    0.123875 ^ clkbuf_1_0__f_clk/A (sky130_fd_sc_hd__clkbuf_16)
     5    0.016708    0.028996    0.082012    0.205887 ^ clkbuf_1_0__f_clk/X (sky130_fd_sc_hd__clkbuf_16)
                                                         clknet_1_0__leaf_clk (net)
                      0.029014    0.001198    0.207085 ^ _110_/CLK (sky130_fd_sc_hd__dfrtp_2)
                                  0.250000    0.457085   clock uncertainty
                                  0.000000    0.457085   clock reconvergence pessimism
                                 -0.019315    0.437770   library hold time
                                              0.437770   data required time
---------------------------------------------------------------------------------------------
                                              0.437770   data required time
                                             -0.596687   data arrival time
---------------------------------------------------------------------------------------------
                                              0.158916   slack (MET)


Startpoint: _108_ (rising edge-triggered flip-flop clocked by clk)
Endpoint: _109_ (rising edge-triggered flip-flop clocked by clk)
Path Group: clk
Path Type: min

Fanout         Cap        Slew       Delay        Time   Description
---------------------------------------------------------------------------------------------
                                  0.000000    0.000000   clock clk (rise edge)
                                  0.000000    0.000000   clock source latency
     1    0.013285    0.049685    0.033266    0.033266 ^ clk (in)
                                                         clk (net)
                      0.049695    0.000000    0.033266 ^ clkbuf_0_clk/A (sky130_fd_sc_hd__clkbuf_16)
     2    0.019830    0.031122    0.089408    0.122674 ^ clkbuf_0_clk/X (sky130_fd_sc_hd__clkbuf_16)
                                                         clknet_0_clk (net)
                      0.031141    0.001201    0.123875 ^ clkbuf_1_0__f_clk/A (sky130_fd_sc_hd__clkbuf_16)
     5    0.016708    0.028996    0.082012    0.205887 ^ clkbuf_1_0__f_clk/X (sky130_fd_sc_hd__clkbuf_16)
                                                         clknet_1_0__leaf_clk (net)
                      0.029007    0.000915    0.206802 ^ _108_/CLK (sky130_fd_sc_hd__dfrtp_1)
     3    0.012516    0.089702    0.242773    0.449575 ^ _108_/Q (sky130_fd_sc_hd__dfrtp_1)
                                                         net13 (net)
                      0.089707    0.000791    0.450366 ^ _054_/A (sky130_fd_sc_hd__inv_2)
     4    0.014120    0.038257    0.038987    0.489353 v _054_/Y (sky130_fd_sc_hd__inv_2)
                                                         _008_ (net)
                      0.038278    0.000754    0.490107 v _063_/A (sky130_fd_sc_hd__nand2_1)
     1    0.004906    0.041361    0.050053    0.540160 ^ _063_/Y (sky130_fd_sc_hd__nand2_1)
                                                         _016_ (net)
                      0.041380    0.000288    0.540447 ^ _066_/A1 (sky130_fd_sc_hd__a21o_1)
     1    0.002548    0.023731    0.062059    0.602506 ^ _066_/X (sky130_fd_sc_hd__a21o_1)
                                                         _001_ (net)
                      0.023732    0.000176    0.602683 ^ _109_/D (sky130_fd_sc_hd__dfrtp_1)
                                              0.602683   data arrival time

                                  0.000000    0.000000   clock clk (rise edge)
                                  0.000000    0.000000   clock source latency
     1    0.013285    0.049685    0.033266    0.033266 ^ clk (in)
                                                         clk (net)
                      0.049695    0.000000    0.033266 ^ clkbuf_0_clk/A (sky130_fd_sc_hd__clkbuf_16)
     2    0.019830    0.031122    0.089408    0.122674 ^ clkbuf_0_clk/X (sky130_fd_sc_hd__clkbuf_16)
                                                         clknet_0_clk (net)
                      0.031141    0.001201    0.123875 ^ clkbuf_1_0__f_clk/A (sky130_fd_sc_hd__clkbuf_16)
     5    0.016708    0.028996    0.082012    0.205887 ^ clkbuf_1_0__f_clk/X (sky130_fd_sc_hd__clkbuf_16)
                                                         clknet_1_0__leaf_clk (net)
                      0.029009    0.000992    0.206879 ^ _109_/CLK (sky130_fd_sc_hd__dfrtp_1)
                                  0.250000    0.456879   clock uncertainty
                                  0.000000    0.456879   clock reconvergence pessimism
                                 -0.019294    0.437585   library hold time
                                              0.437585   data required time
---------------------------------------------------------------------------------------------
                                              0.437585   data required time
                                             -0.602683   data arrival time
---------------------------------------------------------------------------------------------
                                              0.165098   slack (MET)


Startpoint: _112_ (rising edge-triggered flip-flop clocked by clk)
Endpoint: _112_ (rising edge-triggered flip-flop clocked by clk)
Path Group: clk
Path Type: min

Fanout         Cap        Slew       Delay        Time   Description
---------------------------------------------------------------------------------------------
                                  0.000000    0.000000   clock clk (rise edge)
                                  0.000000    0.000000   clock source latency
     1    0.013285    0.049685    0.033266    0.033266 ^ clk (in)
                                                         clk (net)
                      0.049695    0.000000    0.033266 ^ clkbuf_0_clk/A (sky130_fd_sc_hd__clkbuf_16)
     2    0.019830    0.031122    0.089408    0.122674 ^ clkbuf_0_clk/X (sky130_fd_sc_hd__clkbuf_16)
                                                         clknet_0_clk (net)
                      0.031141    0.001201    0.123875 ^ clkbuf_1_0__f_clk/A (sky130_fd_sc_hd__clkbuf_16)
     5    0.016708    0.028996    0.082012    0.205887 ^ clkbuf_1_0__f_clk/X (sky130_fd_sc_hd__clkbuf_16)
                                                         clknet_1_0__leaf_clk (net)
                      0.029004    0.000773    0.206661 ^ _112_/CLK (sky130_fd_sc_hd__dfrtp_1)
     5    0.017558    0.121764    0.265221    0.471881 ^ _112_/Q (sky130_fd_sc_hd__dfrtp_1)
                                                         net17 (net)
                      0.121770    0.001018    0.472899 ^ _086_/B2 (sky130_fd_sc_hd__a22o_1)
     1    0.002795    0.030525    0.081011    0.553910 ^ _086_/X (sky130_fd_sc_hd__a22o_1)
                                                         _036_ (net)
                      0.030525    0.000130    0.554040 ^ _087_/B1 (sky130_fd_sc_hd__a31o_1)
     1    0.002606    0.025976    0.049669    0.603710 ^ _087_/X (sky130_fd_sc_hd__a31o_1)
                                                         _004_ (net)
                      0.025977    0.000180    0.603889 ^ _112_/D (sky130_fd_sc_hd__dfrtp_1)
                                              0.603889   data arrival time

                                  0.000000    0.000000   clock clk (rise edge)
                                  0.000000    0.000000   clock source latency
     1    0.013285    0.049685    0.033266    0.033266 ^ clk (in)
                                                         clk (net)
                      0.049695    0.000000    0.033266 ^ clkbuf_0_clk/A (sky130_fd_sc_hd__clkbuf_16)
     2    0.019830    0.031122    0.089408    0.122674 ^ clkbuf_0_clk/X (sky130_fd_sc_hd__clkbuf_16)
                                                         clknet_0_clk (net)
                      0.031141    0.001201    0.123875 ^ clkbuf_1_0__f_clk/A (sky130_fd_sc_hd__clkbuf_16)
     5    0.016708    0.028996    0.082012    0.205887 ^ clkbuf_1_0__f_clk/X (sky130_fd_sc_hd__clkbuf_16)
                                                         clknet_1_0__leaf_clk (net)
                      0.029004    0.000773    0.206661 ^ _112_/CLK (sky130_fd_sc_hd__dfrtp_1)
                                  0.250000    0.456661   clock uncertainty
                                  0.000000    0.456661   clock reconvergence pessimism
                                 -0.019464    0.437196   library hold time
                                              0.437196   data required time
---------------------------------------------------------------------------------------------
                                              0.437196   data required time
                                             -0.603889   data arrival time
---------------------------------------------------------------------------------------------
                                              0.166693   slack (MET)


Startpoint: _108_ (rising edge-triggered flip-flop clocked by clk)
Endpoint: _108_ (rising edge-triggered flip-flop clocked by clk)
Path Group: clk
Path Type: min

Fanout         Cap        Slew       Delay        Time   Description
---------------------------------------------------------------------------------------------
                                  0.000000    0.000000   clock clk (rise edge)
                                  0.000000    0.000000   clock source latency
     1    0.013285    0.049685    0.033266    0.033266 ^ clk (in)
                                                         clk (net)
                      0.049695    0.000000    0.033266 ^ clkbuf_0_clk/A (sky130_fd_sc_hd__clkbuf_16)
     2    0.019830    0.031122    0.089408    0.122674 ^ clkbuf_0_clk/X (sky130_fd_sc_hd__clkbuf_16)
                                                         clknet_0_clk (net)
                      0.031141    0.001201    0.123875 ^ clkbuf_1_0__f_clk/A (sky130_fd_sc_hd__clkbuf_16)
     5    0.016708    0.028996    0.082012    0.205887 ^ clkbuf_1_0__f_clk/X (sky130_fd_sc_hd__clkbuf_16)
                                                         clknet_1_0__leaf_clk (net)
                      0.029007    0.000915    0.206802 ^ _108_/CLK (sky130_fd_sc_hd__dfrtp_1)
     3    0.011820    0.055407    0.252708    0.459510 v _108_/Q (sky130_fd_sc_hd__dfrtp_1)
                                                         net13 (net)
                      0.055417    0.000744    0.460254 v _054_/A (sky130_fd_sc_hd__inv_2)
     4    0.015057    0.055738    0.066461    0.526715 ^ _054_/Y (sky130_fd_sc_hd__inv_2)
                                                         _008_ (net)
                      0.055760    0.000891    0.527605 ^ _059_/B2 (sky130_fd_sc_hd__a22o_1)
     1    0.003638    0.034701    0.076046    0.603651 ^ _059_/X (sky130_fd_sc_hd__a22o_1)
                                                         _013_ (net)
                      0.034703    0.000255    0.603906 ^ _060_/B1 (sky130_fd_sc_hd__a21oi_1)
     1    0.003061    0.017326    0.022773    0.626678 v _060_/Y (sky130_fd_sc_hd__a21oi_1)
                                                         _000_ (net)
                      0.017327    0.000200    0.626879 v _108_/D (sky130_fd_sc_hd__dfrtp_1)
                                              0.626879   data arrival time

                                  0.000000    0.000000   clock clk (rise edge)
                                  0.000000    0.000000   clock source latency
     1    0.013285    0.049685    0.033266    0.033266 ^ clk (in)
                                                         clk (net)
                      0.049695    0.000000    0.033266 ^ clkbuf_0_clk/A (sky130_fd_sc_hd__clkbuf_16)
     2    0.019830    0.031122    0.089408    0.122674 ^ clkbuf_0_clk/X (sky130_fd_sc_hd__clkbuf_16)
                                                         clknet_0_clk (net)
                      0.031141    0.001201    0.123875 ^ clkbuf_1_0__f_clk/A (sky130_fd_sc_hd__clkbuf_16)
     5    0.016708    0.028996    0.082012    0.205887 ^ clkbuf_1_0__f_clk/X (sky130_fd_sc_hd__clkbuf_16)
                                                         clknet_1_0__leaf_clk (net)
                      0.029007    0.000915    0.206802 ^ _108_/CLK (sky130_fd_sc_hd__dfrtp_1)
                                  0.250000    0.456802   clock uncertainty
                                  0.000000    0.456802   clock reconvergence pessimism
                                 -0.027809    0.428993   library hold time
                                              0.428993   data required time
---------------------------------------------------------------------------------------------
                                              0.428993   data required time
                                             -0.626879   data arrival time
---------------------------------------------------------------------------------------------
                                              0.197885   slack (MET)


Startpoint: resetn (input port clocked by clk)
Endpoint: _108_ (removal check against rising-edge clock clk)
Path Group: asynchronous
Path Type: min

Fanout         Cap        Slew       Delay        Time   Description
---------------------------------------------------------------------------------------------
                                  0.000000    0.000000   clock clk (rise edge)
                                  0.000000    0.000000   clock network delay (propagated)
                                  0.700000    0.700000 ^ input external delay
     1    0.002579    0.013125    0.006694    0.706694 ^ resetn (in)
                                                         resetn (net)
                      0.013131    0.000000    0.706694 ^ hold13/A (sky130_fd_sc_hd__dlygate4sd3_1)
     1    0.002699    0.036609    0.365951    1.072645 ^ hold13/X (sky130_fd_sc_hd__dlygate4sd3_1)
                                                         net34 (net)
                      0.036609    0.000178    1.072824 ^ input11/A (sky130_fd_sc_hd__buf_2)
     8    0.042622    0.158278    0.157244    1.230067 ^ input11/X (sky130_fd_sc_hd__buf_2)
                                                         net11 (net)
                      0.158316    0.002025    1.232093 ^ _108_/RESET_B (sky130_fd_sc_hd__dfrtp_1)
                                              1.232093   data arrival time

                                  0.000000    0.000000   clock clk (rise edge)
                                  0.000000    0.000000   clock source latency
     1    0.013285    0.049685    0.033266    0.033266 ^ clk (in)
                                                         clk (net)
                      0.049695    0.000000    0.033266 ^ clkbuf_0_clk/A (sky130_fd_sc_hd__clkbuf_16)
     2    0.019830    0.031122    0.089408    0.122674 ^ clkbuf_0_clk/X (sky130_fd_sc_hd__clkbuf_16)
                                                         clknet_0_clk (net)
                      0.031141    0.001201    0.123875 ^ clkbuf_1_0__f_clk/A (sky130_fd_sc_hd__clkbuf_16)
     5    0.016708    0.028996    0.082012    0.205887 ^ clkbuf_1_0__f_clk/X (sky130_fd_sc_hd__clkbuf_16)
                                                         clknet_1_0__leaf_clk (net)
                      0.029007    0.000915    0.206802 ^ _108_/CLK (sky130_fd_sc_hd__dfrtp_1)
                                  0.250000    0.456802   clock uncertainty
                                  0.000000    0.456802   clock reconvergence pessimism
                                  0.229966    0.686768   library removal time
                                              0.686768   data required time
---------------------------------------------------------------------------------------------
                                              0.686768   data required time
                                             -1.232093   data arrival time
---------------------------------------------------------------------------------------------
                                              0.545325   slack (MET)


Startpoint: resetn (input port clocked by clk)
Endpoint: _112_ (removal check against rising-edge clock clk)
Path Group: asynchronous
Path Type: min

Fanout         Cap        Slew       Delay        Time   Description
---------------------------------------------------------------------------------------------
                                  0.000000    0.000000   clock clk (rise edge)
                                  0.000000    0.000000   clock network delay (propagated)
                                  0.700000    0.700000 ^ input external delay
     1    0.002579    0.013125    0.006694    0.706694 ^ resetn (in)
                                                         resetn (net)
                      0.013131    0.000000    0.706694 ^ hold13/A (sky130_fd_sc_hd__dlygate4sd3_1)
     1    0.002699    0.036609    0.365951    1.072645 ^ hold13/X (sky130_fd_sc_hd__dlygate4sd3_1)
                                                         net34 (net)
                      0.036609    0.000178    1.072824 ^ input11/A (sky130_fd_sc_hd__buf_2)
     8    0.042622    0.158278    0.157244    1.230067 ^ input11/X (sky130_fd_sc_hd__buf_2)
                                                         net11 (net)
                      0.158327    0.002305    1.232373 ^ _112_/RESET_B (sky130_fd_sc_hd__dfrtp_1)
                                              1.232373   data arrival time

                                  0.000000    0.000000   clock clk (rise edge)
                                  0.000000    0.000000   clock source latency
     1    0.013285    0.049685    0.033266    0.033266 ^ clk (in)
                                                         clk (net)
                      0.049695    0.000000    0.033266 ^ clkbuf_0_clk/A (sky130_fd_sc_hd__clkbuf_16)
     2    0.019830    0.031122    0.089408    0.122674 ^ clkbuf_0_clk/X (sky130_fd_sc_hd__clkbuf_16)
                                                         clknet_0_clk (net)
                      0.031141    0.001201    0.123875 ^ clkbuf_1_0__f_clk/A (sky130_fd_sc_hd__clkbuf_16)
     5    0.016708    0.028996    0.082012    0.205887 ^ clkbuf_1_0__f_clk/X (sky130_fd_sc_hd__clkbuf_16)
                                                         clknet_1_0__leaf_clk (net)
                      0.029004    0.000773    0.206661 ^ _112_/CLK (sky130_fd_sc_hd__dfrtp_1)
                                  0.250000    0.456661   clock uncertainty
                                  0.000000    0.456661   clock reconvergence pessimism
                                  0.229969    0.686629   library removal time
                                              0.686629   data required time
---------------------------------------------------------------------------------------------
                                              0.686629   data required time
                                             -1.232373   data arrival time
---------------------------------------------------------------------------------------------
                                              0.545743   slack (MET)


Startpoint: resetn (input port clocked by clk)
Endpoint: _110_ (removal check against rising-edge clock clk)
Path Group: asynchronous
Path Type: min

Fanout         Cap        Slew       Delay        Time   Description
---------------------------------------------------------------------------------------------
                                  0.000000    0.000000   clock clk (rise edge)
                                  0.000000    0.000000   clock network delay (propagated)
                                  0.700000    0.700000 ^ input external delay
     1    0.002579    0.013125    0.006694    0.706694 ^ resetn (in)
                                                         resetn (net)
                      0.013131    0.000000    0.706694 ^ hold13/A (sky130_fd_sc_hd__dlygate4sd3_1)
     1    0.002699    0.036609    0.365951    1.072645 ^ hold13/X (sky130_fd_sc_hd__dlygate4sd3_1)
                                                         net34 (net)
                      0.036609    0.000178    1.072824 ^ input11/A (sky130_fd_sc_hd__buf_2)
     8    0.042622    0.158278    0.157244    1.230067 ^ input11/X (sky130_fd_sc_hd__buf_2)
                                                         net11 (net)
                      0.158509    0.004962    1.235029 ^ _110_/RESET_B (sky130_fd_sc_hd__dfrtp_2)
                                              1.235029   data arrival time

                                  0.000000    0.000000   clock clk (rise edge)
                                  0.000000    0.000000   clock source latency
     1    0.013285    0.049685    0.033266    0.033266 ^ clk (in)
                                                         clk (net)
                      0.049695    0.000000    0.033266 ^ clkbuf_0_clk/A (sky130_fd_sc_hd__clkbuf_16)
     2    0.019830    0.031122    0.089408    0.122674 ^ clkbuf_0_clk/X (sky130_fd_sc_hd__clkbuf_16)
                                                         clknet_0_clk (net)
                      0.031141    0.001201    0.123875 ^ clkbuf_1_0__f_clk/A (sky130_fd_sc_hd__clkbuf_16)
     5    0.016708    0.028996    0.082012    0.205887 ^ clkbuf_1_0__f_clk/X (sky130_fd_sc_hd__clkbuf_16)
                                                         clknet_1_0__leaf_clk (net)
                      0.029014    0.001198    0.207085 ^ _110_/CLK (sky130_fd_sc_hd__dfrtp_2)
                                  0.250000    0.457085   clock uncertainty
                                  0.000000    0.457085   clock reconvergence pessimism
                                  0.230018    0.687103   library removal time
                                              0.687103   data required time
---------------------------------------------------------------------------------------------
                                              0.687103   data required time
                                             -1.235029   data arrival time
---------------------------------------------------------------------------------------------
                                              0.547927   slack (MET)


Startpoint: resetn (input port clocked by clk)
Endpoint: _109_ (removal check against rising-edge clock clk)
Path Group: asynchronous
Path Type: min

Fanout         Cap        Slew       Delay        Time   Description
---------------------------------------------------------------------------------------------
                                  0.000000    0.000000   clock clk (rise edge)
                                  0.000000    0.000000   clock network delay (propagated)
                                  0.700000    0.700000 ^ input external delay
     1    0.002579    0.013125    0.006694    0.706694 ^ resetn (in)
                                                         resetn (net)
                      0.013131    0.000000    0.706694 ^ hold13/A (sky130_fd_sc_hd__dlygate4sd3_1)
     1    0.002699    0.036609    0.365951    1.072645 ^ hold13/X (sky130_fd_sc_hd__dlygate4sd3_1)
                                                         net34 (net)
                      0.036609    0.000178    1.072824 ^ input11/A (sky130_fd_sc_hd__buf_2)
     8    0.042622    0.158278    0.157244    1.230067 ^ input11/X (sky130_fd_sc_hd__buf_2)
                                                         net11 (net)
                      0.158507    0.004937    1.235004 ^ _109_/RESET_B (sky130_fd_sc_hd__dfrtp_1)
                                              1.235004   data arrival time

                                  0.000000    0.000000   clock clk (rise edge)
                                  0.000000    0.000000   clock source latency
     1    0.013285    0.049685    0.033266    0.033266 ^ clk (in)
                                                         clk (net)
                      0.049695    0.000000    0.033266 ^ clkbuf_0_clk/A (sky130_fd_sc_hd__clkbuf_16)
     2    0.019830    0.031122    0.089408    0.122674 ^ clkbuf_0_clk/X (sky130_fd_sc_hd__clkbuf_16)
                                                         clknet_0_clk (net)
                      0.031141    0.001201    0.123875 ^ clkbuf_1_0__f_clk/A (sky130_fd_sc_hd__clkbuf_16)
     5    0.016708    0.028996    0.082012    0.205887 ^ clkbuf_1_0__f_clk/X (sky130_fd_sc_hd__clkbuf_16)
                                                         clknet_1_0__leaf_clk (net)
                      0.029009    0.000992    0.206879 ^ _109_/CLK (sky130_fd_sc_hd__dfrtp_1)
                                  0.250000    0.456879   clock uncertainty
                                  0.000000    0.456879   clock reconvergence pessimism
                                  0.230016    0.686896   library removal time
                                              0.686896   data required time
---------------------------------------------------------------------------------------------
                                              0.686896   data required time
                                             -1.235004   data arrival time
---------------------------------------------------------------------------------------------
                                              0.548109   slack (MET)


Startpoint: resetn (input port clocked by clk)
Endpoint: _113_ (removal check against rising-edge clock clk)
Path Group: asynchronous
Path Type: min

Fanout         Cap        Slew       Delay        Time   Description
---------------------------------------------------------------------------------------------
                                  0.000000    0.000000   clock clk (rise edge)
                                  0.000000    0.000000   clock network delay (propagated)
                                  0.700000    0.700000 ^ input external delay
     1    0.002579    0.013125    0.006694    0.706694 ^ resetn (in)
                                                         resetn (net)
                      0.013131    0.000000    0.706694 ^ hold13/A (sky130_fd_sc_hd__dlygate4sd3_1)
     1    0.002699    0.036609    0.365951    1.072645 ^ hold13/X (sky130_fd_sc_hd__dlygate4sd3_1)
                                                         net34 (net)
                      0.036609    0.000178    1.072824 ^ input11/A (sky130_fd_sc_hd__buf_2)
     8    0.042622    0.158278    0.157244    1.230067 ^ input11/X (sky130_fd_sc_hd__buf_2)
                                                         net11 (net)
                      0.158378    0.003291    1.233358 ^ _113_/RESET_B (sky130_fd_sc_hd__dfrtp_1)
                                              1.233358   data arrival time

                                  0.000000    0.000000   clock clk (rise edge)
                                  0.000000    0.000000   clock source latency
     1    0.013285    0.049685    0.033266    0.033266 ^ clk (in)
                                                         clk (net)
                      0.049695    0.000000    0.033266 ^ clkbuf_0_clk/A (sky130_fd_sc_hd__clkbuf_16)
     2    0.019830    0.031122    0.089408    0.122674 ^ clkbuf_0_clk/X (sky130_fd_sc_hd__clkbuf_16)
                                                         clknet_0_clk (net)
                      0.031141    0.001214    0.123888 ^ clkbuf_1_1__f_clk/A (sky130_fd_sc_hd__clkbuf_16)
     4    0.011994    0.025856    0.078983    0.202871 ^ clkbuf_1_1__f_clk/X (sky130_fd_sc_hd__clkbuf_16)
                                                         clknet_1_1__leaf_clk (net)
                      0.025856    0.000392    0.203263 ^ _113_/CLK (sky130_fd_sc_hd__dfrtp_1)
                                  0.250000    0.453263   clock uncertainty
                                  0.000000    0.453263   clock reconvergence pessimism
                                  0.229554    0.682817   library removal time
                                              0.682817   data required time
---------------------------------------------------------------------------------------------
                                              0.682817   data required time
                                             -1.233358   data arrival time
---------------------------------------------------------------------------------------------
                                              0.550541   slack (MET)


Startpoint: resetn (input port clocked by clk)
Endpoint: _114_ (removal check against rising-edge clock clk)
Path Group: asynchronous
Path Type: min

Fanout         Cap        Slew       Delay        Time   Description
---------------------------------------------------------------------------------------------
                                  0.000000    0.000000   clock clk (rise edge)
                                  0.000000    0.000000   clock network delay (propagated)
                                  0.700000    0.700000 ^ input external delay
     1    0.002579    0.013125    0.006694    0.706694 ^ resetn (in)
                                                         resetn (net)
                      0.013131    0.000000    0.706694 ^ hold13/A (sky130_fd_sc_hd__dlygate4sd3_1)
     1    0.002699    0.036609    0.365951    1.072645 ^ hold13/X (sky130_fd_sc_hd__dlygate4sd3_1)
                                                         net34 (net)
                      0.036609    0.000178    1.072824 ^ input11/A (sky130_fd_sc_hd__buf_2)
     8    0.042622    0.158278    0.157244    1.230067 ^ input11/X (sky130_fd_sc_hd__buf_2)
                                                         net11 (net)
                      0.158453    0.004335    1.234403 ^ _114_/RESET_B (sky130_fd_sc_hd__dfrtp_1)
                                              1.234403   data arrival time

                                  0.000000    0.000000   clock clk (rise edge)
                                  0.000000    0.000000   clock source latency
     1    0.013285    0.049685    0.033266    0.033266 ^ clk (in)
                                                         clk (net)
                      0.049695    0.000000    0.033266 ^ clkbuf_0_clk/A (sky130_fd_sc_hd__clkbuf_16)
     2    0.019830    0.031122    0.089408    0.122674 ^ clkbuf_0_clk/X (sky130_fd_sc_hd__clkbuf_16)
                                                         clknet_0_clk (net)
                      0.031141    0.001214    0.123888 ^ clkbuf_1_1__f_clk/A (sky130_fd_sc_hd__clkbuf_16)
     4    0.011994    0.025856    0.078983    0.202871 ^ clkbuf_1_1__f_clk/X (sky130_fd_sc_hd__clkbuf_16)
                                                         clknet_1_1__leaf_clk (net)
                      0.025857    0.000526    0.203398 ^ _114_/CLK (sky130_fd_sc_hd__dfrtp_1)
                                  0.250000    0.453398   clock uncertainty
                                  0.000000    0.453398   clock reconvergence pessimism
                                  0.229574    0.682971   library removal time
                                              0.682971   data required time
---------------------------------------------------------------------------------------------
                                              0.682971   data required time
                                             -1.234403   data arrival time
---------------------------------------------------------------------------------------------
                                              0.551431   slack (MET)


Startpoint: resetn (input port clocked by clk)
Endpoint: _111_ (removal check against rising-edge clock clk)
Path Group: asynchronous
Path Type: min

Fanout         Cap        Slew       Delay        Time   Description
---------------------------------------------------------------------------------------------
                                  0.000000    0.000000   clock clk (rise edge)
                                  0.000000    0.000000   clock network delay (propagated)
                                  0.700000    0.700000 ^ input external delay
     1    0.002579    0.013125    0.006694    0.706694 ^ resetn (in)
                                                         resetn (net)
                      0.013131    0.000000    0.706694 ^ hold13/A (sky130_fd_sc_hd__dlygate4sd3_1)
     1    0.002699    0.036609    0.365951    1.072645 ^ hold13/X (sky130_fd_sc_hd__dlygate4sd3_1)
                                                         net34 (net)
                      0.036609    0.000178    1.072824 ^ input11/A (sky130_fd_sc_hd__buf_2)
     8    0.042622    0.158278    0.157244    1.230067 ^ input11/X (sky130_fd_sc_hd__buf_2)
                                                         net11 (net)
                      0.158484    0.004683    1.234751 ^ _111_/RESET_B (sky130_fd_sc_hd__dfrtp_1)
                                              1.234751   data arrival time

                                  0.000000    0.000000   clock clk (rise edge)
                                  0.000000    0.000000   clock source latency
     1    0.013285    0.049685    0.033266    0.033266 ^ clk (in)
                                                         clk (net)
                      0.049695    0.000000    0.033266 ^ clkbuf_0_clk/A (sky130_fd_sc_hd__clkbuf_16)
     2    0.019830    0.031122    0.089408    0.122674 ^ clkbuf_0_clk/X (sky130_fd_sc_hd__clkbuf_16)
                                                         clknet_0_clk (net)
                      0.031141    0.001214    0.123888 ^ clkbuf_1_1__f_clk/A (sky130_fd_sc_hd__clkbuf_16)
     4    0.011994    0.025856    0.078983    0.202871 ^ clkbuf_1_1__f_clk/X (sky130_fd_sc_hd__clkbuf_16)
                                                         clknet_1_1__leaf_clk (net)
                      0.025858    0.000636    0.203508 ^ _111_/CLK (sky130_fd_sc_hd__dfrtp_1)
                                  0.250000    0.453508   clock uncertainty
                                  0.000000    0.453508   clock reconvergence pessimism
                                  0.229582    0.683089   library removal time
                                              0.683089   data required time
---------------------------------------------------------------------------------------------
                                              0.683089   data required time
                                             -1.234751   data arrival time
---------------------------------------------------------------------------------------------
                                              0.551661   slack (MET)


Startpoint: resetn (input port clocked by clk)
Endpoint: _115_ (removal check against rising-edge clock clk)
Path Group: asynchronous
Path Type: min

Fanout         Cap        Slew       Delay        Time   Description
---------------------------------------------------------------------------------------------
                                  0.000000    0.000000   clock clk (rise edge)
                                  0.000000    0.000000   clock network delay (propagated)
                                  0.700000    0.700000 ^ input external delay
     1    0.002579    0.013125    0.006694    0.706694 ^ resetn (in)
                                                         resetn (net)
                      0.013131    0.000000    0.706694 ^ hold13/A (sky130_fd_sc_hd__dlygate4sd3_1)
     1    0.002699    0.036609    0.365951    1.072645 ^ hold13/X (sky130_fd_sc_hd__dlygate4sd3_1)
                                                         net34 (net)
                      0.036609    0.000178    1.072824 ^ input11/A (sky130_fd_sc_hd__buf_2)
     8    0.042622    0.158278    0.157244    1.230067 ^ input11/X (sky130_fd_sc_hd__buf_2)
                                                         net11 (net)
                      0.158474    0.004578    1.234646 ^ _115_/RESET_B (sky130_fd_sc_hd__dfrtp_1)
                                              1.234646   data arrival time

                                  0.000000    0.000000   clock clk (rise edge)
                                  0.000000    0.000000   clock source latency
     1    0.013285    0.049685    0.033266    0.033266 ^ clk (in)
                                                         clk (net)
                      0.049695    0.000000    0.033266 ^ clkbuf_0_clk/A (sky130_fd_sc_hd__clkbuf_16)
     2    0.019830    0.031122    0.089408    0.122674 ^ clkbuf_0_clk/X (sky130_fd_sc_hd__clkbuf_16)
                                                         clknet_0_clk (net)
                      0.031141    0.001214    0.123888 ^ clkbuf_1_1__f_clk/A (sky130_fd_sc_hd__clkbuf_16)
     4    0.011994    0.025856    0.078983    0.202871 ^ clkbuf_1_1__f_clk/X (sky130_fd_sc_hd__clkbuf_16)
                                                         clknet_1_1__leaf_clk (net)
                      0.025856    0.000362    0.203233 ^ _115_/CLK (sky130_fd_sc_hd__dfrtp_1)
                                  0.250000    0.453233   clock uncertainty
                                  0.000000    0.453233   clock reconvergence pessimism
                                  0.229579    0.682812   library removal time
                                              0.682812   data required time
---------------------------------------------------------------------------------------------
                                              0.682812   data required time
                                             -1.234646   data arrival time
---------------------------------------------------------------------------------------------
                                              0.551833   slack (MET)


Startpoint: _115_ (rising edge-triggered flip-flop clocked by clk)
Endpoint: count[7] (output port clocked by clk)
Path Group: clk
Path Type: min

Fanout         Cap        Slew       Delay        Time   Description
---------------------------------------------------------------------------------------------
                                  0.000000    0.000000   clock clk (rise edge)
                                  0.000000    0.000000   clock source latency
     1    0.013285    0.049685    0.033266    0.033266 ^ clk (in)
                                                         clk (net)
                      0.049695    0.000000    0.033266 ^ clkbuf_0_clk/A (sky130_fd_sc_hd__clkbuf_16)
     2    0.019830    0.031122    0.089408    0.122674 ^ clkbuf_0_clk/X (sky130_fd_sc_hd__clkbuf_16)
                                                         clknet_0_clk (net)
                      0.031141    0.001214    0.123888 ^ clkbuf_1_1__f_clk/A (sky130_fd_sc_hd__clkbuf_16)
     4    0.011994    0.025856    0.078983    0.202871 ^ clkbuf_1_1__f_clk/X (sky130_fd_sc_hd__clkbuf_16)
                                                         clknet_1_1__leaf_clk (net)
                      0.025856    0.000362    0.203233 ^ _115_/CLK (sky130_fd_sc_hd__dfrtp_1)
     3    0.010114    0.051422    0.246456    0.449689 v _115_/Q (sky130_fd_sc_hd__dfrtp_1)
                                                         net20 (net)
                      0.051428    0.000588    0.450277 v output20/A (sky130_fd_sc_hd__buf_2)
     1    0.034074    0.062497    0.124880    0.575157 v output20/X (sky130_fd_sc_hd__buf_2)
                                                         count[7] (net)
                      0.062547    0.001601    0.576757 v count[7] (out)
                                              0.576757   data arrival time

                                  0.000000    0.000000   clock clk (rise edge)
                                  0.000000    0.000000   clock network delay (propagated)
                                  0.250000    0.250000   clock uncertainty
                                  0.000000    0.250000   clock reconvergence pessimism
                                 -0.700000   -0.450000   output external delay
                                             -0.450000   data required time
---------------------------------------------------------------------------------------------
                                             -0.450000   data required time
                                             -0.576757   data arrival time
---------------------------------------------------------------------------------------------
                                              1.026757   slack (MET)


Startpoint: _114_ (rising edge-triggered flip-flop clocked by clk)
Endpoint: count[6] (output port clocked by clk)
Path Group: clk
Path Type: min

Fanout         Cap        Slew       Delay        Time   Description
---------------------------------------------------------------------------------------------
                                  0.000000    0.000000   clock clk (rise edge)
                                  0.000000    0.000000   clock source latency
     1    0.013285    0.049685    0.033266    0.033266 ^ clk (in)
                                                         clk (net)
                      0.049695    0.000000    0.033266 ^ clkbuf_0_clk/A (sky130_fd_sc_hd__clkbuf_16)
     2    0.019830    0.031122    0.089408    0.122674 ^ clkbuf_0_clk/X (sky130_fd_sc_hd__clkbuf_16)
                                                         clknet_0_clk (net)
                      0.031141    0.001214    0.123888 ^ clkbuf_1_1__f_clk/A (sky130_fd_sc_hd__clkbuf_16)
     4    0.011994    0.025856    0.078983    0.202871 ^ clkbuf_1_1__f_clk/X (sky130_fd_sc_hd__clkbuf_16)
                                                         clknet_1_1__leaf_clk (net)
                      0.025857    0.000526    0.203398 ^ _114_/CLK (sky130_fd_sc_hd__dfrtp_1)
     4    0.011968    0.086223    0.239326    0.442724 ^ _114_/Q (sky130_fd_sc_hd__dfrtp_1)
                                                         net19 (net)
                      0.086230    0.000836    0.443560 ^ output19/A (sky130_fd_sc_hd__clkbuf_4)
     1    0.034547    0.084810    0.141199    0.584759 ^ output19/X (sky130_fd_sc_hd__clkbuf_4)
                                                         count[6] (net)
                      0.084895    0.001679    0.586438 ^ count[6] (out)
                                              0.586438   data arrival time

                                  0.000000    0.000000   clock clk (rise edge)
                                  0.000000    0.000000   clock network delay (propagated)
                                  0.250000    0.250000   clock uncertainty
                                  0.000000    0.250000   clock reconvergence pessimism
                                 -0.700000   -0.450000   output external delay
                                             -0.450000   data required time
---------------------------------------------------------------------------------------------
                                             -0.450000   data required time
                                             -0.586438   data arrival time
---------------------------------------------------------------------------------------------
                                              1.036438   slack (MET)


Startpoint: _108_ (rising edge-triggered flip-flop clocked by clk)
Endpoint: count[0] (output port clocked by clk)
Path Group: clk
Path Type: min

Fanout         Cap        Slew       Delay        Time   Description
---------------------------------------------------------------------------------------------
                                  0.000000    0.000000   clock clk (rise edge)
                                  0.000000    0.000000   clock source latency
     1    0.013285    0.049685    0.033266    0.033266 ^ clk (in)
                                                         clk (net)
                      0.049695    0.000000    0.033266 ^ clkbuf_0_clk/A (sky130_fd_sc_hd__clkbuf_16)
     2    0.019830    0.031122    0.089408    0.122674 ^ clkbuf_0_clk/X (sky130_fd_sc_hd__clkbuf_16)
                                                         clknet_0_clk (net)
                      0.031141    0.001201    0.123875 ^ clkbuf_1_0__f_clk/A (sky130_fd_sc_hd__clkbuf_16)
     5    0.016708    0.028996    0.082012    0.205887 ^ clkbuf_1_0__f_clk/X (sky130_fd_sc_hd__clkbuf_16)
                                                         clknet_1_0__leaf_clk (net)
                      0.029007    0.000915    0.206802 ^ _108_/CLK (sky130_fd_sc_hd__dfrtp_1)
     3    0.011820    0.055407    0.252708    0.459510 v _108_/Q (sky130_fd_sc_hd__dfrtp_1)
                                                         net13 (net)
                      0.055412    0.000569    0.460079 v output13/A (sky130_fd_sc_hd__buf_2)
     1    0.034408    0.063002    0.126896    0.586975 v output13/X (sky130_fd_sc_hd__buf_2)
                                                         count[0] (net)
                      0.063054    0.001630    0.588605 v count[0] (out)
                                              0.588605   data arrival time

                                  0.000000    0.000000   clock clk (rise edge)
                                  0.000000    0.000000   clock network delay (propagated)
                                  0.250000    0.250000   clock uncertainty
                                  0.000000    0.250000   clock reconvergence pessimism
                                 -0.700000   -0.450000   output external delay
                                             -0.450000   data required time
---------------------------------------------------------------------------------------------
                                             -0.450000   data required time
                                             -0.588605   data arrival time
---------------------------------------------------------------------------------------------
                                              1.038605   slack (MET)


Startpoint: _113_ (rising edge-triggered flip-flop clocked by clk)
Endpoint: count[5] (output port clocked by clk)
Path Group: clk
Path Type: min

Fanout         Cap        Slew       Delay        Time   Description
---------------------------------------------------------------------------------------------
                                  0.000000    0.000000   clock clk (rise edge)
                                  0.000000    0.000000   clock source latency
     1    0.013285    0.049685    0.033266    0.033266 ^ clk (in)
                                                         clk (net)
                      0.049695    0.000000    0.033266 ^ clkbuf_0_clk/A (sky130_fd_sc_hd__clkbuf_16)
     2    0.019830    0.031122    0.089408    0.122674 ^ clkbuf_0_clk/X (sky130_fd_sc_hd__clkbuf_16)
                                                         clknet_0_clk (net)
                      0.031141    0.001214    0.123888 ^ clkbuf_1_1__f_clk/A (sky130_fd_sc_hd__clkbuf_16)
     4    0.011994    0.025856    0.078983    0.202871 ^ clkbuf_1_1__f_clk/X (sky130_fd_sc_hd__clkbuf_16)
                                                         clknet_1_1__leaf_clk (net)
                      0.025856    0.000392    0.203263 ^ _113_/CLK (sky130_fd_sc_hd__dfrtp_1)
     4    0.014485    0.063401    0.258842    0.462105 v _113_/Q (sky130_fd_sc_hd__dfrtp_1)
                                                         net18 (net)
                      0.063406    0.000655    0.462760 v output18/A (sky130_fd_sc_hd__buf_2)
     1    0.034000    0.062419    0.129634    0.592394 v output18/X (sky130_fd_sc_hd__buf_2)
                                                         count[5] (net)
                      0.062470    0.001609    0.594003 v count[5] (out)
                                              0.594003   data arrival time

                                  0.000000    0.000000   clock clk (rise edge)
                                  0.000000    0.000000   clock network delay (propagated)
                                  0.250000    0.250000   clock uncertainty
                                  0.000000    0.250000   clock reconvergence pessimism
                                 -0.700000   -0.450000   output external delay
                                             -0.450000   data required time
---------------------------------------------------------------------------------------------
                                             -0.450000   data required time
                                             -0.594003   data arrival time
---------------------------------------------------------------------------------------------
                                              1.044003   slack (MET)


Startpoint: _112_ (rising edge-triggered flip-flop clocked by clk)
Endpoint: count[4] (output port clocked by clk)
Path Group: clk
Path Type: min

Fanout         Cap        Slew       Delay        Time   Description
---------------------------------------------------------------------------------------------
                                  0.000000    0.000000   clock clk (rise edge)
                                  0.000000    0.000000   clock source latency
     1    0.013285    0.049685    0.033266    0.033266 ^ clk (in)
                                                         clk (net)
                      0.049695    0.000000    0.033266 ^ clkbuf_0_clk/A (sky130_fd_sc_hd__clkbuf_16)
     2    0.019830    0.031122    0.089408    0.122674 ^ clkbuf_0_clk/X (sky130_fd_sc_hd__clkbuf_16)
                                                         clknet_0_clk (net)
                      0.031141    0.001201    0.123875 ^ clkbuf_1_0__f_clk/A (sky130_fd_sc_hd__clkbuf_16)
     5    0.016708    0.028996    0.082012    0.205887 ^ clkbuf_1_0__f_clk/X (sky130_fd_sc_hd__clkbuf_16)
                                                         clknet_1_0__leaf_clk (net)
                      0.029004    0.000773    0.206661 ^ _112_/CLK (sky130_fd_sc_hd__dfrtp_1)
     5    0.016613    0.069637    0.265382    0.472043 v _112_/Q (sky130_fd_sc_hd__dfrtp_1)
                                                         net17 (net)
                      0.069658    0.001168    0.473211 v output17/A (sky130_fd_sc_hd__buf_2)
     1    0.034319    0.062908    0.132585    0.605796 v output17/X (sky130_fd_sc_hd__buf_2)
                                                         count[4] (net)
                      0.062958    0.001609    0.607405 v count[4] (out)
                                              0.607405   data arrival time

                                  0.000000    0.000000   clock clk (rise edge)
                                  0.000000    0.000000   clock network delay (propagated)
                                  0.250000    0.250000   clock uncertainty
                                  0.000000    0.250000   clock reconvergence pessimism
                                 -0.700000   -0.450000   output external delay
                                             -0.450000   data required time
---------------------------------------------------------------------------------------------
                                             -0.450000   data required time
                                             -0.607405   data arrival time
---------------------------------------------------------------------------------------------
                                              1.057405   slack (MET)


Startpoint: _110_ (rising edge-triggered flip-flop clocked by clk)
Endpoint: count[2] (output port clocked by clk)
Path Group: clk
Path Type: min

Fanout         Cap        Slew       Delay        Time   Description
---------------------------------------------------------------------------------------------
                                  0.000000    0.000000   clock clk (rise edge)
                                  0.000000    0.000000   clock source latency
     1    0.013285    0.049685    0.033266    0.033266 ^ clk (in)
                                                         clk (net)
                      0.049695    0.000000    0.033266 ^ clkbuf_0_clk/A (sky130_fd_sc_hd__clkbuf_16)
     2    0.019830    0.031122    0.089408    0.122674 ^ clkbuf_0_clk/X (sky130_fd_sc_hd__clkbuf_16)
                                                         clknet_0_clk (net)
                      0.031141    0.001201    0.123875 ^ clkbuf_1_0__f_clk/A (sky130_fd_sc_hd__clkbuf_16)
     5    0.016708    0.028996    0.082012    0.205887 ^ clkbuf_1_0__f_clk/X (sky130_fd_sc_hd__clkbuf_16)
                                                         clknet_1_0__leaf_clk (net)
                      0.029014    0.001198    0.207085 ^ _110_/CLK (sky130_fd_sc_hd__dfrtp_2)
     5    0.018977    0.055517    0.272426    0.479511 v _110_/Q (sky130_fd_sc_hd__dfrtp_2)
                                                         net15 (net)
                      0.055565    0.000832    0.480343 v output15/A (sky130_fd_sc_hd__buf_2)
     1    0.034151    0.062637    0.126575    0.606918 v output15/X (sky130_fd_sc_hd__buf_2)
                                                         count[2] (net)
                      0.062694    0.001689    0.608607 v count[2] (out)
                                              0.608607   data arrival time

                                  0.000000    0.000000   clock clk (rise edge)
                                  0.000000    0.000000   clock network delay (propagated)
                                  0.250000    0.250000   clock uncertainty
                                  0.000000    0.250000   clock reconvergence pessimism
                                 -0.700000   -0.450000   output external delay
                                             -0.450000   data required time
---------------------------------------------------------------------------------------------
                                             -0.450000   data required time
                                             -0.608607   data arrival time
---------------------------------------------------------------------------------------------
                                              1.058607   slack (MET)


Startpoint: _111_ (rising edge-triggered flip-flop clocked by clk)
Endpoint: count[3] (output port clocked by clk)
Path Group: clk
Path Type: min

Fanout         Cap        Slew       Delay        Time   Description
---------------------------------------------------------------------------------------------
                                  0.000000    0.000000   clock clk (rise edge)
                                  0.000000    0.000000   clock source latency
     1    0.013285    0.049685    0.033266    0.033266 ^ clk (in)
                                                         clk (net)
                      0.049695    0.000000    0.033266 ^ clkbuf_0_clk/A (sky130_fd_sc_hd__clkbuf_16)
     2    0.019830    0.031122    0.089408    0.122674 ^ clkbuf_0_clk/X (sky130_fd_sc_hd__clkbuf_16)
                                                         clknet_0_clk (net)
                      0.031141    0.001214    0.123888 ^ clkbuf_1_1__f_clk/A (sky130_fd_sc_hd__clkbuf_16)
     4    0.011994    0.025856    0.078983    0.202871 ^ clkbuf_1_1__f_clk/X (sky130_fd_sc_hd__clkbuf_16)
                                                         clknet_1_1__leaf_clk (net)
                      0.025858    0.000636    0.203508 ^ _111_/CLK (sky130_fd_sc_hd__dfrtp_1)
     4    0.017926    0.073849    0.267962    0.471470 v _111_/Q (sky130_fd_sc_hd__dfrtp_1)
                                                         net16 (net)
                      0.073874    0.001300    0.472770 v output16/A (sky130_fd_sc_hd__buf_2)
     1    0.034315    0.062933    0.134224    0.606993 v output16/X (sky130_fd_sc_hd__buf_2)
                                                         count[3] (net)
                      0.062989    0.001693    0.608687 v count[3] (out)
                                              0.608687   data arrival time

                                  0.000000    0.000000   clock clk (rise edge)
                                  0.000000    0.000000   clock network delay (propagated)
                                  0.250000    0.250000   clock uncertainty
                                  0.000000    0.250000   clock reconvergence pessimism
                                 -0.700000   -0.450000   output external delay
                                             -0.450000   data required time
---------------------------------------------------------------------------------------------
                                             -0.450000   data required time
                                             -0.608687   data arrival time
---------------------------------------------------------------------------------------------
                                              1.058687   slack (MET)


Startpoint: _109_ (rising edge-triggered flip-flop clocked by clk)
Endpoint: count[1] (output port clocked by clk)
Path Group: clk
Path Type: min

Fanout         Cap        Slew       Delay        Time   Description
---------------------------------------------------------------------------------------------
                                  0.000000    0.000000   clock clk (rise edge)
                                  0.000000    0.000000   clock source latency
     1    0.013285    0.049685    0.033266    0.033266 ^ clk (in)
                                                         clk (net)
                      0.049695    0.000000    0.033266 ^ clkbuf_0_clk/A (sky130_fd_sc_hd__clkbuf_16)
     2    0.019830    0.031122    0.089408    0.122674 ^ clkbuf_0_clk/X (sky130_fd_sc_hd__clkbuf_16)
                                                         clknet_0_clk (net)
                      0.031141    0.001201    0.123875 ^ clkbuf_1_0__f_clk/A (sky130_fd_sc_hd__clkbuf_16)
     5    0.016708    0.028996    0.082012    0.205887 ^ clkbuf_1_0__f_clk/X (sky130_fd_sc_hd__clkbuf_16)
                                                         clknet_1_0__leaf_clk (net)
                      0.029009    0.000992    0.206879 ^ _109_/CLK (sky130_fd_sc_hd__dfrtp_1)
     3    0.014887    0.064479    0.260702    0.467582 v _109_/Q (sky130_fd_sc_hd__dfrtp_1)
                                                         net14 (net)
                      0.064491    0.000907    0.468489 v rebuffer5/A (sky130_fd_sc_hd__dlygate4sd1_1)
     2    0.005497    0.029934    0.165291    0.633779 v rebuffer5/X (sky130_fd_sc_hd__dlygate4sd1_1)
                                                         net26 (net)
                      0.029962    0.000417    0.634197 v output14/A (sky130_fd_sc_hd__buf_2)
     1    0.035931    0.066029    0.117559    0.751755 v output14/X (sky130_fd_sc_hd__buf_2)
                                                         count[1] (net)
                      0.066244    0.002966    0.754721 v count[1] (out)
                                              0.754721   data arrival time

                                  0.000000    0.000000   clock clk (rise edge)
                                  0.000000    0.000000   clock network delay (propagated)
                                  0.250000    0.250000   clock uncertainty
                                  0.000000    0.250000   clock reconvergence pessimism
                                 -0.700000   -0.450000   output external delay
                                             -0.450000   data required time
---------------------------------------------------------------------------------------------
                                             -0.450000   data required time
                                             -0.754721   data arrival time
---------------------------------------------------------------------------------------------
                                              1.204721   slack (MET)



