
===========================================================================
report_checks -unconstrained
===========================================================================
======================= max_tt_025C_1v80 Corner ===================================

Startpoint: resetn (input port clocked by clk)
Endpoint: _110_ (recovery check against rising-edge clock clk)
Path Group: asynchronous
Path Type: max

Fanout         Cap        Slew       Delay        Time   Description
---------------------------------------------------------------------------------------------
                                  0.000000    0.000000   clock clk (rise edge)
                                  0.000000    0.000000   clock network delay (propagated)
                                  0.600000    0.600000 ^ input external delay
     1    0.003187    0.021403    0.011717    0.611717 ^ resetn (in)
                                                         resetn (net)
                      0.021411    0.000000    0.611717 ^ hold12/A (sky130_fd_sc_hd__dlygate4sd3_1)
     1    0.002376    0.049273    0.523098    1.134815 ^ hold12/X (sky130_fd_sc_hd__dlygate4sd3_1)
                                                         net33 (net)
                      0.049273    0.000158    1.134973 ^ input11/A (sky130_fd_sc_hd__buf_2)
     8    0.044319    0.217538    0.230099    1.365072 ^ input11/X (sky130_fd_sc_hd__buf_2)
                                                         net11 (net)
                      0.217773    0.005884    1.370956 ^ _110_/RESET_B (sky130_fd_sc_hd__dfrtp_2)
                                              1.370956   data arrival time

                                  3.000000    3.000000   clock clk (rise edge)
                                  0.000000    3.000000   clock source latency
     1    0.012485    0.062367    0.042260    3.042259 ^ clk (in)
                                                         clk (net)
                      0.062374    0.000000    3.042259 ^ clkbuf_0_clk/A (sky130_fd_sc_hd__clkbuf_16)
     2    0.019764    0.041631    0.131153    3.173413 ^ clkbuf_0_clk/X (sky130_fd_sc_hd__clkbuf_16)
                                                         clknet_0_clk (net)
                      0.041666    0.001191    3.174604 ^ clkbuf_1_0__f_clk/A (sky130_fd_sc_hd__clkbuf_16)
     5    0.014402    0.037103    0.118657    3.293261 ^ clkbuf_1_0__f_clk/X (sky130_fd_sc_hd__clkbuf_16)
                                                         clknet_1_0__leaf_clk (net)
                      0.037113    0.001009    3.294270 ^ _110_/CLK (sky130_fd_sc_hd__dfrtp_2)
                                 -0.250000    3.044270   clock uncertainty
                                  0.000000    3.044270   clock reconvergence pessimism
                                  0.165139    3.209409   library recovery time
                                              3.209409   data required time
---------------------------------------------------------------------------------------------
                                              3.209409   data required time
                                             -1.370956   data arrival time
---------------------------------------------------------------------------------------------
                                              1.838453   slack (MET)


Startpoint: up_down (input port clocked by clk)
Endpoint: _114_ (rising edge-triggered flip-flop clocked by clk)
Path Group: clk
Path Type: max

Fanout         Cap        Slew       Delay        Time   Description
---------------------------------------------------------------------------------------------
                                  0.000000    0.000000   clock clk (rise edge)
                                  0.000000    0.000000   clock network delay (propagated)
                                  0.600000    0.600000 ^ input external delay
     1    0.002820    0.019815    0.010432    0.610432 ^ up_down (in)
                                                         up_down (net)
                      0.019815    0.000000    0.610432 ^ input12/A (sky130_fd_sc_hd__buf_1)
     4    0.018180    0.217699    0.192614    0.803046 ^ input12/X (sky130_fd_sc_hd__buf_1)
                                                         net12 (net)
                      0.217703    0.000850    0.803895 ^ fanout21/A (sky130_fd_sc_hd__clkbuf_4)
    10    0.043517    0.138720    0.263104    1.067000 ^ fanout21/X (sky130_fd_sc_hd__clkbuf_4)
                                                         net21 (net)
                      0.138842    0.003747    1.070747 ^ _062_/A (sky130_fd_sc_hd__xor2_1)
     3    0.009748    0.087614    0.120582    1.191330 v _062_/X (sky130_fd_sc_hd__xor2_1)
                                                         _015_ (net)
                      0.087614    0.000297    1.191627 v _067_/A1 (sky130_fd_sc_hd__o21a_1)
     2    0.010789    0.070335    0.233115    1.424742 v _067_/X (sky130_fd_sc_hd__o21a_1)
                                                         _019_ (net)
                      0.070344    0.000827    1.425569 v _080_/A3 (sky130_fd_sc_hd__o31ai_4)
     4    0.012180    0.235516    0.227337    1.652906 ^ _080_/Y (sky130_fd_sc_hd__o31ai_4)
                                                         _030_ (net)
                      0.235516    0.000590    1.653496 ^ _098_/A1 (sky130_fd_sc_hd__a31o_1)
     3    0.009399    0.102146    0.218980    1.872476 ^ _098_/X (sky130_fd_sc_hd__a31o_1)
                                                         _046_ (net)
                      0.102148    0.000572    1.873047 ^ rebuffer1/A (sky130_fd_sc_hd__dlymetal6s4s_1)
     1    0.003520    0.063831    0.198321    2.071368 ^ rebuffer1/X (sky130_fd_sc_hd__dlymetal6s4s_1)
                                                         net22 (net)
                      0.063831    0.000241    2.071609 ^ _099_/B (sky130_fd_sc_hd__nand2_1)
     1    0.002805    0.054758    0.052900    2.124509 v _099_/Y (sky130_fd_sc_hd__nand2_1)
                                                         _047_ (net)
                      0.054758    0.000133    2.124642 v _102_/A2 (sky130_fd_sc_hd__a31o_1)
     1    0.002892    0.037121    0.202636    2.327277 v _102_/X (sky130_fd_sc_hd__a31o_1)
                                                         _006_ (net)
                      0.037121    0.000186    2.327463 v _114_/D (sky130_fd_sc_hd__dfrtp_1)
                                              2.327463   data arrival time

                                  3.000000    3.000000   clock clk (rise edge)
                                  0.000000    3.000000   clock source latency
     1    0.012485    0.062367    0.042260    3.042259 ^ clk (in)
                                                         clk (net)
                      0.062374    0.000000    3.042259 ^ clkbuf_0_clk/A (sky130_fd_sc_hd__clkbuf_16)
     2    0.019764    0.041631    0.131153    3.173413 ^ clkbuf_0_clk/X (sky130_fd_sc_hd__clkbuf_16)
                                                         clknet_0_clk (net)
                      0.041667    0.001205    3.174617 ^ clkbuf_1_1__f_clk/A (sky130_fd_sc_hd__clkbuf_16)
     4    0.011008    0.034205    0.115553    3.290171 ^ clkbuf_1_1__f_clk/X (sky130_fd_sc_hd__clkbuf_16)
                                                         clknet_1_1__leaf_clk (net)
                      0.034206    0.000426    3.290597 ^ _114_/CLK (sky130_fd_sc_hd__dfrtp_1)
                                 -0.250000    3.040597   clock uncertainty
                                  0.000000    3.040597   clock reconvergence pessimism
                                 -0.113304    2.927293   library setup time
                                              2.927293   data required time
---------------------------------------------------------------------------------------------
                                              2.927293   data required time
                                             -2.327463   data arrival time
---------------------------------------------------------------------------------------------
                                              0.599830   slack (MET)




===========================================================================
report_checks --slack_max -0.01
============================================================================
======================= max_tt_025C_1v80 Corner ===================================

No paths found.


===========================================================================
 report_check_types -max_slew -max_cap -max_fanout -violators
============================================================================
======================= max_tt_025C_1v80 Corner ===================================



===========================================================================
report_parasitic_annotation -report_unannotated
============================================================================
Found 1 unannotated drivers.
 clkload0/X
Found 0 partially unannotated drivers.

===========================================================================
max slew violation count 0
max fanout violation count 0
max cap violation count 0
============================================================================

===========================================================================
check_setup -verbose -unconstrained_endpoints -multiple_clock -no_clock -no_input_delay -loops -generated_clocks
===========================================================================
