
===========================================================================
report_checks -path_delay max (Setup)
============================================================================
======================= nom_tt_025C_1v80 Corner ===================================

Startpoint: up_down (input port clocked by clk)
Endpoint: _114_ (rising edge-triggered flip-flop clocked by clk)
Path Group: clk
Path Type: max

Fanout         Cap        Slew       Delay        Time   Description
---------------------------------------------------------------------------------------------
                                  0.000000    0.000000   clock clk (rise edge)
                                  0.000000    0.000000   clock network delay (propagated)
                                  0.780000    0.780000 v input external delay
     1    0.002658    0.008304    0.004173    0.784173 v up_down (in)
                                                         up_down (net)
                      0.008304    0.000000    0.784173 v input12/A (sky130_fd_sc_hd__buf_1)
     4    0.013830    0.085643    0.120996    0.905169 v input12/X (sky130_fd_sc_hd__buf_1)
                                                         net12 (net)
                      0.085643    0.000027    0.905196 v fanout21/A (sky130_fd_sc_hd__buf_4)
    10    0.031067    0.055248    0.182962    1.088158 v fanout21/X (sky130_fd_sc_hd__buf_4)
                                                         net21 (net)
                      0.055248    0.000008    1.088166 v _073_/A (sky130_fd_sc_hd__xnor2_1)
     3    0.010414    0.272828    0.263307    1.351473 ^ _073_/Y (sky130_fd_sc_hd__xnor2_1)
                                                         _024_ (net)
                      0.272828    0.000019    1.351492 ^ _074_/A (sky130_fd_sc_hd__inv_2)
     1    0.008640    0.065505    0.075008    1.426500 v _074_/Y (sky130_fd_sc_hd__inv_2)
                                                         _025_ (net)
                      0.065505    0.000022    1.426522 v _080_/A1 (sky130_fd_sc_hd__o31ai_4)
     4    0.010161    0.221756    0.279554    1.706075 ^ _080_/Y (sky130_fd_sc_hd__o31ai_4)
                                                         _030_ (net)
                      0.221756    0.000038    1.706114 ^ _098_/A1 (sky130_fd_sc_hd__a31o_1)
     3    0.007371    0.084696    0.202027    1.908141 ^ _098_/X (sky130_fd_sc_hd__a31o_1)
                                                         _046_ (net)
                      0.084696    0.000042    1.908183 ^ rebuffer1/A (sky130_fd_sc_hd__dlymetal6s4s_1)
     1    0.002595    0.056338    0.186283    2.094466 ^ rebuffer1/X (sky130_fd_sc_hd__dlymetal6s4s_1)
                                                         net22 (net)
                      0.056338    0.000002    2.094468 ^ _099_/B (sky130_fd_sc_hd__nand2_1)
     1    0.002701    0.051982    0.050557    2.145025 v _099_/Y (sky130_fd_sc_hd__nand2_1)
                                                         _047_ (net)
                      0.051982    0.000006    2.145031 v _102_/A2 (sky130_fd_sc_hd__a31o_1)
     1    0.002951    0.037451    0.201962    2.346993 v _102_/X (sky130_fd_sc_hd__a31o_1)
                                                         _006_ (net)
                      0.037451    0.000013    2.347006 v _114_/D (sky130_fd_sc_hd__dfrtp_1)
                                              2.347006   data arrival time

                                  3.900000    3.900000   clock clk (rise edge)
                                  0.000000    3.900000   clock source latency
     1    0.010022    0.051510    0.034074    3.934074 ^ clk (in)
                                                         clk (net)
                      0.051510    0.000000    3.934074 ^ clkbuf_0_clk/A (sky130_fd_sc_hd__clkbuf_16)
     2    0.017298    0.039544    0.125256    4.059330 ^ clkbuf_0_clk/X (sky130_fd_sc_hd__clkbuf_16)
                                                         clknet_0_clk (net)
                      0.039544    0.000024    4.059353 ^ clkbuf_1_0__f_clk/A (sky130_fd_sc_hd__clkbuf_16)
     5    0.012089    0.035113    0.115909    4.175262 ^ clkbuf_1_0__f_clk/X (sky130_fd_sc_hd__clkbuf_16)
                                                         clknet_1_0__leaf_clk (net)
                      0.035113    0.000023    4.175285 ^ _114_/CLK (sky130_fd_sc_hd__dfrtp_1)
                                 -0.250000    3.925285   clock uncertainty
                                  0.000000    3.925285   clock reconvergence pessimism
                                 -0.113240    3.812045   library setup time
                                              3.812045   data required time
---------------------------------------------------------------------------------------------
                                              3.812045   data required time
                                             -2.347006   data arrival time
---------------------------------------------------------------------------------------------
                                              1.465039   slack (MET)


Startpoint: up_down (input port clocked by clk)
Endpoint: _115_ (rising edge-triggered flip-flop clocked by clk)
Path Group: clk
Path Type: max

Fanout         Cap        Slew       Delay        Time   Description
---------------------------------------------------------------------------------------------
                                  0.000000    0.000000   clock clk (rise edge)
                                  0.000000    0.000000   clock network delay (propagated)
                                  0.780000    0.780000 ^ input external delay
     1    0.002834    0.019879    0.010412    0.790412 ^ up_down (in)
                                                         up_down (net)
                      0.019879    0.000000    0.790412 ^ input12/A (sky130_fd_sc_hd__buf_1)
     4    0.014639    0.180850    0.165580    0.955992 ^ input12/X (sky130_fd_sc_hd__buf_1)
                                                         net12 (net)
                      0.180850    0.000029    0.956021 ^ fanout21/A (sky130_fd_sc_hd__buf_4)
    10    0.033237    0.100456    0.198456    1.154477 ^ fanout21/X (sky130_fd_sc_hd__buf_4)
                                                         net21 (net)
                      0.100456    0.000107    1.154584 ^ _062_/B (sky130_fd_sc_hd__xor2_1)
     3    0.008084    0.211773    0.219064    1.373648 ^ _062_/X (sky130_fd_sc_hd__xor2_1)
                                                         _015_ (net)
                      0.211773    0.000009    1.373658 ^ _067_/A1 (sky130_fd_sc_hd__o21a_1)
     3    0.014462    0.146832    0.233411    1.607068 ^ _067_/X (sky130_fd_sc_hd__o21a_1)
                                                         _019_ (net)
                      0.146832    0.000021    1.607090 ^ _080_/A3 (sky130_fd_sc_hd__o31ai_4)
     4    0.009586    0.085101    0.078355    1.685444 v _080_/Y (sky130_fd_sc_hd__o31ai_4)
                                                         _030_ (net)
                      0.085101    0.000036    1.685480 v _098_/A1 (sky130_fd_sc_hd__a31o_1)
     3    0.006831    0.054894    0.205755    1.891235 v _098_/X (sky130_fd_sc_hd__a31o_1)
                                                         _046_ (net)
                      0.054894    0.000047    1.891283 v _103_/A2 (sky130_fd_sc_hd__a21oi_1)
     1    0.005270    0.154429    0.174577    2.065860 ^ _103_/Y (sky130_fd_sc_hd__a21oi_1)
                                                         _050_ (net)
                      0.154429    0.000012    2.065872 ^ _105_/A (sky130_fd_sc_hd__xnor2_1)
     1    0.002460    0.049515    0.088130    2.154002 v _105_/Y (sky130_fd_sc_hd__xnor2_1)
                                                         _052_ (net)
                      0.049515    0.000004    2.154006 v _107_/A2 (sky130_fd_sc_hd__a21o_1)
     1    0.002629    0.033384    0.171457    2.325463 v _107_/X (sky130_fd_sc_hd__a21o_1)
                                                         _007_ (net)
                      0.033384    0.000009    2.325472 v _115_/D (sky130_fd_sc_hd__dfrtp_1)
                                              2.325472   data arrival time

                                  3.900000    3.900000   clock clk (rise edge)
                                  0.000000    3.900000   clock source latency
     1    0.010022    0.051510    0.034074    3.934074 ^ clk (in)
                                                         clk (net)
                      0.051510    0.000000    3.934074 ^ clkbuf_0_clk/A (sky130_fd_sc_hd__clkbuf_16)
     2    0.017298    0.039544    0.125256    4.059330 ^ clkbuf_0_clk/X (sky130_fd_sc_hd__clkbuf_16)
                                                         clknet_0_clk (net)
                      0.039544    0.000024    4.059353 ^ clkbuf_1_0__f_clk/A (sky130_fd_sc_hd__clkbuf_16)
     5    0.012089    0.035113    0.115909    4.175262 ^ clkbuf_1_0__f_clk/X (sky130_fd_sc_hd__clkbuf_16)
                                                         clknet_1_0__leaf_clk (net)
                      0.035113    0.000020    4.175282 ^ _115_/CLK (sky130_fd_sc_hd__dfrtp_1)
                                 -0.250000    3.925282   clock uncertainty
                                  0.000000    3.925282   clock reconvergence pessimism
                                 -0.111465    3.813817   library setup time
                                              3.813817   data required time
---------------------------------------------------------------------------------------------
                                              3.813817   data required time
                                             -2.325472   data arrival time
---------------------------------------------------------------------------------------------
                                              1.488345   slack (MET)


Startpoint: up_down (input port clocked by clk)
Endpoint: _113_ (rising edge-triggered flip-flop clocked by clk)
Path Group: clk
Path Type: max

Fanout         Cap        Slew       Delay        Time   Description
---------------------------------------------------------------------------------------------
                                  0.000000    0.000000   clock clk (rise edge)
                                  0.000000    0.000000   clock network delay (propagated)
                                  0.780000    0.780000 ^ input external delay
     1    0.002834    0.019879    0.010412    0.790412 ^ up_down (in)
                                                         up_down (net)
                      0.019879    0.000000    0.790412 ^ input12/A (sky130_fd_sc_hd__buf_1)
     4    0.014639    0.180850    0.165580    0.955992 ^ input12/X (sky130_fd_sc_hd__buf_1)
                                                         net12 (net)
                      0.180850    0.000029    0.956021 ^ fanout21/A (sky130_fd_sc_hd__buf_4)
    10    0.033237    0.100456    0.198456    1.154477 ^ fanout21/X (sky130_fd_sc_hd__buf_4)
                                                         net21 (net)
                      0.100456    0.000107    1.154584 ^ _062_/B (sky130_fd_sc_hd__xor2_1)
     3    0.008084    0.211773    0.219064    1.373648 ^ _062_/X (sky130_fd_sc_hd__xor2_1)
                                                         _015_ (net)
                      0.211773    0.000009    1.373658 ^ _067_/A1 (sky130_fd_sc_hd__o21a_1)
     3    0.014462    0.146832    0.233411    1.607068 ^ _067_/X (sky130_fd_sc_hd__o21a_1)
                                                         _019_ (net)
                      0.146832    0.000021    1.607090 ^ _080_/A3 (sky130_fd_sc_hd__o31ai_4)
     4    0.009586    0.085101    0.078355    1.685444 v _080_/Y (sky130_fd_sc_hd__o31ai_4)
                                                         _030_ (net)
                      0.085101    0.000039    1.685483 v _089_/A1 (sky130_fd_sc_hd__a21o_1)
     2    0.004317    0.039529    0.174056    1.859540 v _089_/X (sky130_fd_sc_hd__a21o_1)
                                                         _038_ (net)
                      0.039529    0.000015    1.859555 v _091_/B (sky130_fd_sc_hd__or2_1)
     1    0.002387    0.046785    0.196409    2.055964 v _091_/X (sky130_fd_sc_hd__or2_1)
                                                         _040_ (net)
                      0.046785    0.000001    2.055965 v _093_/A3 (sky130_fd_sc_hd__a31o_1)
     1    0.002151    0.034739    0.205141    2.261106 v _093_/X (sky130_fd_sc_hd__a31o_1)
                                                         _005_ (net)
                      0.034739    0.000003    2.261109 v _113_/D (sky130_fd_sc_hd__dfrtp_1)
                                              2.261109   data arrival time

                                  3.900000    3.900000   clock clk (rise edge)
                                  0.000000    3.900000   clock source latency
     1    0.010022    0.051510    0.034074    3.934074 ^ clk (in)
                                                         clk (net)
                      0.051510    0.000000    3.934074 ^ clkbuf_0_clk/A (sky130_fd_sc_hd__clkbuf_16)
     2    0.017298    0.039544    0.125256    4.059330 ^ clkbuf_0_clk/X (sky130_fd_sc_hd__clkbuf_16)
                                                         clknet_0_clk (net)
                      0.039544    0.000042    4.059371 ^ clkbuf_1_1__f_clk/A (sky130_fd_sc_hd__clkbuf_16)
     4    0.010055    0.033379    0.113950    4.173322 ^ clkbuf_1_1__f_clk/X (sky130_fd_sc_hd__clkbuf_16)
                                                         clknet_1_1__leaf_clk (net)
                      0.033379    0.000030    4.173352 ^ _113_/CLK (sky130_fd_sc_hd__dfrtp_1)
                                 -0.250000    3.923352   clock uncertainty
                                  0.000000    3.923352   clock reconvergence pessimism
                                 -0.112453    3.810899   library setup time
                                              3.810899   data required time
---------------------------------------------------------------------------------------------
                                              3.810899   data required time
                                             -2.261109   data arrival time
---------------------------------------------------------------------------------------------
                                              1.549789   slack (MET)


Startpoint: up_down (input port clocked by clk)
Endpoint: _111_ (rising edge-triggered flip-flop clocked by clk)
Path Group: clk
Path Type: max

Fanout         Cap        Slew       Delay        Time   Description
---------------------------------------------------------------------------------------------
                                  0.000000    0.000000   clock clk (rise edge)
                                  0.000000    0.000000   clock network delay (propagated)
                                  0.780000    0.780000 ^ input external delay
     1    0.002834    0.019879    0.010412    0.790412 ^ up_down (in)
                                                         up_down (net)
                      0.019879    0.000000    0.790412 ^ input12/A (sky130_fd_sc_hd__buf_1)
     4    0.014639    0.180850    0.165580    0.955992 ^ input12/X (sky130_fd_sc_hd__buf_1)
                                                         net12 (net)
                      0.180850    0.000029    0.956021 ^ fanout21/A (sky130_fd_sc_hd__buf_4)
    10    0.033237    0.100456    0.198456    1.154477 ^ fanout21/X (sky130_fd_sc_hd__buf_4)
                                                         net21 (net)
                      0.100456    0.000107    1.154584 ^ _062_/B (sky130_fd_sc_hd__xor2_1)
     3    0.008084    0.211773    0.219064    1.373648 ^ _062_/X (sky130_fd_sc_hd__xor2_1)
                                                         _015_ (net)
                      0.211773    0.000009    1.373658 ^ _067_/A1 (sky130_fd_sc_hd__o21a_1)
     3    0.014462    0.146832    0.233411    1.607068 ^ _067_/X (sky130_fd_sc_hd__o21a_1)
                                                         _019_ (net)
                      0.146832    0.000022    1.607091 ^ _070_/A (sky130_fd_sc_hd__or2_1)
     2    0.005084    0.064394    0.136516    1.743607 ^ _070_/X (sky130_fd_sc_hd__or2_1)
                                                         _022_ (net)
                      0.064394    0.000005    1.743612 ^ _075_/B1 (sky130_fd_sc_hd__o21ai_1)
     2    0.005510    0.064926    0.077889    1.821500 v _075_/Y (sky130_fd_sc_hd__o21ai_1)
                                                         _026_ (net)
                      0.064926    0.000010    1.821510 v _076_/A2 (sky130_fd_sc_hd__o21ai_1)
     1    0.003080    0.105636    0.121747    1.943257 ^ _076_/Y (sky130_fd_sc_hd__o21ai_1)
                                                         _027_ (net)
                      0.105636    0.000008    1.943266 ^ _077_/B1 (sky130_fd_sc_hd__a21oi_1)
     1    0.002387    0.074403    0.048459    1.991724 v _077_/Y (sky130_fd_sc_hd__a21oi_1)
                                                         _028_ (net)
                      0.074403    0.000004    1.991729 v _078_/C1 (sky130_fd_sc_hd__a221o_1)
     1    0.002142    0.049411    0.257961    2.249689 v _078_/X (sky130_fd_sc_hd__a221o_1)
                                                         _003_ (net)
                      0.049411    0.000002    2.249691 v _111_/D (sky130_fd_sc_hd__dfrtp_1)
                                              2.249691   data arrival time

                                  3.900000    3.900000   clock clk (rise edge)
                                  0.000000    3.900000   clock source latency
     1    0.010022    0.051510    0.034074    3.934074 ^ clk (in)
                                                         clk (net)
                      0.051510    0.000000    3.934074 ^ clkbuf_0_clk/A (sky130_fd_sc_hd__clkbuf_16)
     2    0.017298    0.039544    0.125256    4.059330 ^ clkbuf_0_clk/X (sky130_fd_sc_hd__clkbuf_16)
                                                         clknet_0_clk (net)
                      0.039544    0.000024    4.059353 ^ clkbuf_1_0__f_clk/A (sky130_fd_sc_hd__clkbuf_16)
     5    0.012089    0.035113    0.115909    4.175262 ^ clkbuf_1_0__f_clk/X (sky130_fd_sc_hd__clkbuf_16)
                                                         clknet_1_0__leaf_clk (net)
                      0.035113    0.000011    4.175272 ^ _111_/CLK (sky130_fd_sc_hd__dfrtp_1)
                                 -0.250000    3.925273   clock uncertainty
                                  0.000000    3.925273   clock reconvergence pessimism
                                 -0.118462    3.806811   library setup time
                                              3.806811   data required time
---------------------------------------------------------------------------------------------
                                              3.806811   data required time
                                             -2.249691   data arrival time
---------------------------------------------------------------------------------------------
                                              1.557120   slack (MET)


Startpoint: up_down (input port clocked by clk)
Endpoint: _112_ (rising edge-triggered flip-flop clocked by clk)
Path Group: clk
Path Type: max

Fanout         Cap        Slew       Delay        Time   Description
---------------------------------------------------------------------------------------------
                                  0.000000    0.000000   clock clk (rise edge)
                                  0.000000    0.000000   clock network delay (propagated)
                                  0.780000    0.780000 ^ input external delay
     1    0.002834    0.019879    0.010412    0.790412 ^ up_down (in)
                                                         up_down (net)
                      0.019879    0.000000    0.790412 ^ input12/A (sky130_fd_sc_hd__buf_1)
     4    0.014639    0.180850    0.165580    0.955992 ^ input12/X (sky130_fd_sc_hd__buf_1)
                                                         net12 (net)
                      0.180850    0.000029    0.956021 ^ fanout21/A (sky130_fd_sc_hd__buf_4)
    10    0.033237    0.100456    0.198456    1.154477 ^ fanout21/X (sky130_fd_sc_hd__buf_4)
                                                         net21 (net)
                      0.100456    0.000107    1.154584 ^ _062_/B (sky130_fd_sc_hd__xor2_1)
     3    0.008084    0.211773    0.219064    1.373648 ^ _062_/X (sky130_fd_sc_hd__xor2_1)
                                                         _015_ (net)
                      0.211773    0.000009    1.373658 ^ _067_/A1 (sky130_fd_sc_hd__o21a_1)
     3    0.014462    0.146832    0.233411    1.607068 ^ _067_/X (sky130_fd_sc_hd__o21a_1)
                                                         _019_ (net)
                      0.146832    0.000021    1.607090 ^ _080_/A3 (sky130_fd_sc_hd__o31ai_4)
     4    0.009586    0.085101    0.078355    1.685444 v _080_/Y (sky130_fd_sc_hd__o31ai_4)
                                                         _030_ (net)
                      0.085101    0.000041    1.685485 v _084_/A (sky130_fd_sc_hd__or2_1)
     1    0.002703    0.048630    0.234020    1.919506 v _084_/X (sky130_fd_sc_hd__or2_1)
                                                         _034_ (net)
                      0.048630    0.000007    1.919513 v _087_/A2 (sky130_fd_sc_hd__a31o_1)
     1    0.002510    0.036508    0.197539    2.117052 v _087_/X (sky130_fd_sc_hd__a31o_1)
                                                         _004_ (net)
                      0.036508    0.000008    2.117060 v _112_/D (sky130_fd_sc_hd__dfrtp_1)
                                              2.117060   data arrival time

                                  3.900000    3.900000   clock clk (rise edge)
                                  0.000000    3.900000   clock source latency
     1    0.010022    0.051510    0.034074    3.934074 ^ clk (in)
                                                         clk (net)
                      0.051510    0.000000    3.934074 ^ clkbuf_0_clk/A (sky130_fd_sc_hd__clkbuf_16)
     2    0.017298    0.039544    0.125256    4.059330 ^ clkbuf_0_clk/X (sky130_fd_sc_hd__clkbuf_16)
                                                         clknet_0_clk (net)
                      0.039544    0.000042    4.059371 ^ clkbuf_1_1__f_clk/A (sky130_fd_sc_hd__clkbuf_16)
     4    0.010055    0.033379    0.113950    4.173322 ^ clkbuf_1_1__f_clk/X (sky130_fd_sc_hd__clkbuf_16)
                                                         clknet_1_1__leaf_clk (net)
                      0.033379    0.000021    4.173343 ^ _112_/CLK (sky130_fd_sc_hd__dfrtp_1)
                                 -0.250000    3.923343   clock uncertainty
                                  0.000000    3.923343   clock reconvergence pessimism
                                 -0.113225    3.810118   library setup time
                                              3.810118   data required time
---------------------------------------------------------------------------------------------
                                              3.810118   data required time
                                             -2.117060   data arrival time
---------------------------------------------------------------------------------------------
                                              1.693058   slack (MET)


Startpoint: up_down (input port clocked by clk)
Endpoint: _110_ (rising edge-triggered flip-flop clocked by clk)
Path Group: clk
Path Type: max

Fanout         Cap        Slew       Delay        Time   Description
---------------------------------------------------------------------------------------------
                                  0.000000    0.000000   clock clk (rise edge)
                                  0.000000    0.000000   clock network delay (propagated)
                                  0.780000    0.780000 ^ input external delay
     1    0.002834    0.019879    0.010412    0.790412 ^ up_down (in)
                                                         up_down (net)
                      0.019879    0.000000    0.790412 ^ input12/A (sky130_fd_sc_hd__buf_1)
     4    0.014639    0.180850    0.165580    0.955992 ^ input12/X (sky130_fd_sc_hd__buf_1)
                                                         net12 (net)
                      0.180850    0.000029    0.956021 ^ fanout21/A (sky130_fd_sc_hd__buf_4)
    10    0.033237    0.100456    0.198456    1.154477 ^ fanout21/X (sky130_fd_sc_hd__buf_4)
                                                         net21 (net)
                      0.100456    0.000107    1.154584 ^ _062_/B (sky130_fd_sc_hd__xor2_1)
     3    0.007364    0.075275    0.096228    1.250811 v _062_/X (sky130_fd_sc_hd__xor2_1)
                                                         _015_ (net)
                      0.075275    0.000008    1.250820 v _067_/A1 (sky130_fd_sc_hd__o21a_1)
     3    0.012766    0.080675    0.236734    1.487553 v _067_/X (sky130_fd_sc_hd__o21a_1)
                                                         _019_ (net)
                      0.080675    0.000021    1.487574 v _070_/A (sky130_fd_sc_hd__or2_1)
     2    0.004793    0.059245    0.246049    1.733623 v _070_/X (sky130_fd_sc_hd__or2_1)
                                                         _022_ (net)
                      0.059245    0.000004    1.733627 v _072_/A3 (sky130_fd_sc_hd__a31o_1)
     1    0.002368    0.035821    0.211924    1.945551 v _072_/X (sky130_fd_sc_hd__a31o_1)
                                                         _002_ (net)
                      0.035821    0.000005    1.945556 v _110_/D (sky130_fd_sc_hd__dfrtp_2)
                                              1.945556   data arrival time

                                  3.900000    3.900000   clock clk (rise edge)
                                  0.000000    3.900000   clock source latency
     1    0.010022    0.051510    0.034074    3.934074 ^ clk (in)
                                                         clk (net)
                      0.051510    0.000000    3.934074 ^ clkbuf_0_clk/A (sky130_fd_sc_hd__clkbuf_16)
     2    0.017298    0.039544    0.125256    4.059330 ^ clkbuf_0_clk/X (sky130_fd_sc_hd__clkbuf_16)
                                                         clknet_0_clk (net)
                      0.039544    0.000024    4.059353 ^ clkbuf_1_0__f_clk/A (sky130_fd_sc_hd__clkbuf_16)
     5    0.012089    0.035113    0.115909    4.175262 ^ clkbuf_1_0__f_clk/X (sky130_fd_sc_hd__clkbuf_16)
                                                         clknet_1_0__leaf_clk (net)
                      0.035113    0.000024    4.175286 ^ _110_/CLK (sky130_fd_sc_hd__dfrtp_2)
                                 -0.250000    3.925287   clock uncertainty
                                  0.000000    3.925287   clock reconvergence pessimism
                                 -0.113751    3.811535   library setup time
                                              3.811535   data required time
---------------------------------------------------------------------------------------------
                                              3.811535   data required time
                                             -1.945556   data arrival time
---------------------------------------------------------------------------------------------
                                              1.865979   slack (MET)


Startpoint: _110_ (rising edge-triggered flip-flop clocked by clk)
Endpoint: count[2] (output port clocked by clk)
Path Group: clk
Path Type: max

Fanout         Cap        Slew       Delay        Time   Description
---------------------------------------------------------------------------------------------
                                  0.000000    0.000000   clock clk (rise edge)
                                  0.000000    0.000000   clock source latency
     1    0.010022    0.051510    0.034074    0.034074 ^ clk (in)
                                                         clk (net)
                      0.051510    0.000000    0.034074 ^ clkbuf_0_clk/A (sky130_fd_sc_hd__clkbuf_16)
     2    0.017298    0.039544    0.125256    0.159330 ^ clkbuf_0_clk/X (sky130_fd_sc_hd__clkbuf_16)
                                                         clknet_0_clk (net)
                      0.039544    0.000023    0.159353 ^ clkbuf_1_0__f_clk/A (sky130_fd_sc_hd__clkbuf_16)
     5    0.012089    0.035113    0.115909    0.275262 ^ clkbuf_1_0__f_clk/X (sky130_fd_sc_hd__clkbuf_16)
                                                         clknet_1_0__leaf_clk (net)
                      0.035113    0.000024    0.275286 ^ _110_/CLK (sky130_fd_sc_hd__dfrtp_2)
     5    0.016525    0.071209    0.423143    0.698429 v _110_/Q (sky130_fd_sc_hd__dfrtp_2)
                                                         net15 (net)
                      0.071209    0.000022    0.698451 v output15/A (sky130_fd_sc_hd__buf_2)
     1    0.033936    0.088491    0.191680    0.890132 v output15/X (sky130_fd_sc_hd__buf_2)
                                                         count[2] (net)
                      0.088491    0.000070    0.890202 v count[2] (out)
                                              0.890202   data arrival time

                                  3.900000    3.900000   clock clk (rise edge)
                                  0.000000    3.900000   clock network delay (propagated)
                                 -0.250000    3.650000   clock uncertainty
                                  0.000000    3.650000   clock reconvergence pessimism
                                 -0.780000    2.870000   output external delay
                                              2.870000   data required time
---------------------------------------------------------------------------------------------
                                              2.870000   data required time
                                             -0.890202   data arrival time
---------------------------------------------------------------------------------------------
                                              1.979798   slack (MET)


Startpoint: _111_ (rising edge-triggered flip-flop clocked by clk)
Endpoint: count[3] (output port clocked by clk)
Path Group: clk
Path Type: max

Fanout         Cap        Slew       Delay        Time   Description
---------------------------------------------------------------------------------------------
                                  0.000000    0.000000   clock clk (rise edge)
                                  0.000000    0.000000   clock source latency
     1    0.010022    0.051510    0.034074    0.034074 ^ clk (in)
                                                         clk (net)
                      0.051510    0.000000    0.034074 ^ clkbuf_0_clk/A (sky130_fd_sc_hd__clkbuf_16)
     2    0.017298    0.039544    0.125256    0.159330 ^ clkbuf_0_clk/X (sky130_fd_sc_hd__clkbuf_16)
                                                         clknet_0_clk (net)
                      0.039544    0.000023    0.159353 ^ clkbuf_1_0__f_clk/A (sky130_fd_sc_hd__clkbuf_16)
     5    0.012089    0.035113    0.115909    0.275262 ^ clkbuf_1_0__f_clk/X (sky130_fd_sc_hd__clkbuf_16)
                                                         clknet_1_0__leaf_clk (net)
                      0.035113    0.000010    0.275272 ^ _111_/CLK (sky130_fd_sc_hd__dfrtp_1)
     4    0.013743    0.130883    0.382200    0.657472 ^ _111_/Q (sky130_fd_sc_hd__dfrtp_1)
                                                         net16 (net)
                      0.130883    0.000052    0.657525 ^ output16/A (sky130_fd_sc_hd__buf_2)
     1    0.034215    0.170252    0.229101    0.886626 ^ output16/X (sky130_fd_sc_hd__buf_2)
                                                         count[3] (net)
                      0.170252    0.000135    0.886761 ^ count[3] (out)
                                              0.886761   data arrival time

                                  3.900000    3.900000   clock clk (rise edge)
                                  0.000000    3.900000   clock network delay (propagated)
                                 -0.250000    3.650000   clock uncertainty
                                  0.000000    3.650000   clock reconvergence pessimism
                                 -0.780000    2.870000   output external delay
                                              2.870000   data required time
---------------------------------------------------------------------------------------------
                                              2.870000   data required time
                                             -0.886761   data arrival time
---------------------------------------------------------------------------------------------
                                              1.983239   slack (MET)


Startpoint: _109_ (rising edge-triggered flip-flop clocked by clk)
Endpoint: count[1] (output port clocked by clk)
Path Group: clk
Path Type: max

Fanout         Cap        Slew       Delay        Time   Description
---------------------------------------------------------------------------------------------
                                  0.000000    0.000000   clock clk (rise edge)
                                  0.000000    0.000000   clock source latency
     1    0.010022    0.051510    0.034074    0.034074 ^ clk (in)
                                                         clk (net)
                      0.051510    0.000000    0.034074 ^ clkbuf_0_clk/A (sky130_fd_sc_hd__clkbuf_16)
     2    0.017298    0.039544    0.125256    0.159330 ^ clkbuf_0_clk/X (sky130_fd_sc_hd__clkbuf_16)
                                                         clknet_0_clk (net)
                      0.039544    0.000042    0.159372 ^ clkbuf_1_1__f_clk/A (sky130_fd_sc_hd__clkbuf_16)
     4    0.010055    0.033379    0.113950    0.273322 ^ clkbuf_1_1__f_clk/X (sky130_fd_sc_hd__clkbuf_16)
                                                         clknet_1_1__leaf_clk (net)
                      0.033379    0.000040    0.273362 ^ _109_/CLK (sky130_fd_sc_hd__dfrtp_1)
     4    0.013245    0.129868    0.378562    0.651923 ^ _109_/Q (sky130_fd_sc_hd__dfrtp_1)
                                                         net14 (net)
                      0.129868    0.000033    0.651956 ^ output14/A (sky130_fd_sc_hd__buf_2)
     1    0.034700    0.172541    0.230359    0.882315 ^ output14/X (sky130_fd_sc_hd__buf_2)
                                                         count[1] (net)
                      0.172541    0.000249    0.882564 ^ count[1] (out)
                                              0.882564   data arrival time

                                  3.900000    3.900000   clock clk (rise edge)
                                  0.000000    3.900000   clock network delay (propagated)
                                 -0.250000    3.650000   clock uncertainty
                                  0.000000    3.650000   clock reconvergence pessimism
                                 -0.780000    2.870000   output external delay
                                              2.870000   data required time
---------------------------------------------------------------------------------------------
                                              2.870000   data required time
                                             -0.882564   data arrival time
---------------------------------------------------------------------------------------------
                                              1.987436   slack (MET)


Startpoint: _113_ (rising edge-triggered flip-flop clocked by clk)
Endpoint: count[5] (output port clocked by clk)
Path Group: clk
Path Type: max

Fanout         Cap        Slew       Delay        Time   Description
---------------------------------------------------------------------------------------------
                                  0.000000    0.000000   clock clk (rise edge)
                                  0.000000    0.000000   clock source latency
     1    0.010022    0.051510    0.034074    0.034074 ^ clk (in)
                                                         clk (net)
                      0.051510    0.000000    0.034074 ^ clkbuf_0_clk/A (sky130_fd_sc_hd__clkbuf_16)
     2    0.017298    0.039544    0.125256    0.159330 ^ clkbuf_0_clk/X (sky130_fd_sc_hd__clkbuf_16)
                                                         clknet_0_clk (net)
                      0.039544    0.000042    0.159372 ^ clkbuf_1_1__f_clk/A (sky130_fd_sc_hd__clkbuf_16)
     4    0.010055    0.033379    0.113950    0.273322 ^ clkbuf_1_1__f_clk/X (sky130_fd_sc_hd__clkbuf_16)
                                                         clknet_1_1__leaf_clk (net)
                      0.033379    0.000029    0.273351 ^ _113_/CLK (sky130_fd_sc_hd__dfrtp_1)
     4    0.013377    0.127873    0.379334    0.652686 ^ _113_/Q (sky130_fd_sc_hd__dfrtp_1)
                                                         net18 (net)
                      0.127873    0.000009    0.652694 ^ output18/A (sky130_fd_sc_hd__buf_2)
     1    0.034048    0.169459    0.227760    0.880455 ^ output18/X (sky130_fd_sc_hd__buf_2)
                                                         count[5] (net)
                      0.169459    0.000096    0.880550 ^ count[5] (out)
                                              0.880550   data arrival time

                                  3.900000    3.900000   clock clk (rise edge)
                                  0.000000    3.900000   clock network delay (propagated)
                                 -0.250000    3.650000   clock uncertainty
                                  0.000000    3.650000   clock reconvergence pessimism
                                 -0.780000    2.870000   output external delay
                                              2.870000   data required time
---------------------------------------------------------------------------------------------
                                              2.870000   data required time
                                             -0.880550   data arrival time
---------------------------------------------------------------------------------------------
                                              1.989450   slack (MET)


Startpoint: _112_ (rising edge-triggered flip-flop clocked by clk)
Endpoint: count[4] (output port clocked by clk)
Path Group: clk
Path Type: max

Fanout         Cap        Slew       Delay        Time   Description
---------------------------------------------------------------------------------------------
                                  0.000000    0.000000   clock clk (rise edge)
                                  0.000000    0.000000   clock source latency
     1    0.010022    0.051510    0.034074    0.034074 ^ clk (in)
                                                         clk (net)
                      0.051510    0.000000    0.034074 ^ clkbuf_0_clk/A (sky130_fd_sc_hd__clkbuf_16)
     2    0.017298    0.039544    0.125256    0.159330 ^ clkbuf_0_clk/X (sky130_fd_sc_hd__clkbuf_16)
                                                         clknet_0_clk (net)
                      0.039544    0.000042    0.159372 ^ clkbuf_1_1__f_clk/A (sky130_fd_sc_hd__clkbuf_16)
     4    0.010055    0.033379    0.113950    0.273322 ^ clkbuf_1_1__f_clk/X (sky130_fd_sc_hd__clkbuf_16)
                                                         clknet_1_1__leaf_clk (net)
                      0.033379    0.000021    0.273343 ^ _112_/CLK (sky130_fd_sc_hd__dfrtp_1)
     5    0.012685    0.122194    0.375123    0.648467 ^ _112_/Q (sky130_fd_sc_hd__dfrtp_1)
                                                         net17 (net)
                      0.122194    0.000047    0.648514 ^ output17/A (sky130_fd_sc_hd__buf_2)
     1    0.033960    0.171641    0.225974    0.874488 ^ output17/X (sky130_fd_sc_hd__buf_2)
                                                         count[4] (net)
                      0.171641    0.000075    0.874563 ^ count[4] (out)
                                              0.874563   data arrival time

                                  3.900000    3.900000   clock clk (rise edge)
                                  0.000000    3.900000   clock network delay (propagated)
                                 -0.250000    3.650000   clock uncertainty
                                  0.000000    3.650000   clock reconvergence pessimism
                                 -0.780000    2.870000   output external delay
                                              2.870000   data required time
---------------------------------------------------------------------------------------------
                                              2.870000   data required time
                                             -0.874563   data arrival time
---------------------------------------------------------------------------------------------
                                              1.995437   slack (MET)


Startpoint: _115_ (rising edge-triggered flip-flop clocked by clk)
Endpoint: count[7] (output port clocked by clk)
Path Group: clk
Path Type: max

Fanout         Cap        Slew       Delay        Time   Description
---------------------------------------------------------------------------------------------
                                  0.000000    0.000000   clock clk (rise edge)
                                  0.000000    0.000000   clock source latency
     1    0.010022    0.051510    0.034074    0.034074 ^ clk (in)
                                                         clk (net)
                      0.051510    0.000000    0.034074 ^ clkbuf_0_clk/A (sky130_fd_sc_hd__clkbuf_16)
     2    0.017298    0.039544    0.125256    0.159330 ^ clkbuf_0_clk/X (sky130_fd_sc_hd__clkbuf_16)
                                                         clknet_0_clk (net)
                      0.039544    0.000023    0.159353 ^ clkbuf_1_0__f_clk/A (sky130_fd_sc_hd__clkbuf_16)
     5    0.012089    0.035113    0.115909    0.275262 ^ clkbuf_1_0__f_clk/X (sky130_fd_sc_hd__clkbuf_16)
                                                         clknet_1_0__leaf_clk (net)
                      0.035113    0.000020    0.275282 ^ _115_/CLK (sky130_fd_sc_hd__dfrtp_1)
     3    0.009957    0.099884    0.359241    0.634524 ^ _115_/Q (sky130_fd_sc_hd__dfrtp_1)
                                                         net20 (net)
                      0.099884    0.000042    0.634566 ^ output20/A (sky130_fd_sc_hd__buf_2)
     1    0.034006    0.169123    0.217844    0.852409 ^ output20/X (sky130_fd_sc_hd__buf_2)
                                                         count[7] (net)
                      0.169123    0.000086    0.852496 ^ count[7] (out)
                                              0.852496   data arrival time

                                  3.900000    3.900000   clock clk (rise edge)
                                  0.000000    3.900000   clock network delay (propagated)
                                 -0.250000    3.650000   clock uncertainty
                                  0.000000    3.650000   clock reconvergence pessimism
                                 -0.780000    2.870000   output external delay
                                              2.870000   data required time
---------------------------------------------------------------------------------------------
                                              2.870000   data required time
                                             -0.852496   data arrival time
---------------------------------------------------------------------------------------------
                                              2.017504   slack (MET)


Startpoint: _114_ (rising edge-triggered flip-flop clocked by clk)
Endpoint: count[6] (output port clocked by clk)
Path Group: clk
Path Type: max

Fanout         Cap        Slew       Delay        Time   Description
---------------------------------------------------------------------------------------------
                                  0.000000    0.000000   clock clk (rise edge)
                                  0.000000    0.000000   clock source latency
     1    0.010022    0.051510    0.034074    0.034074 ^ clk (in)
                                                         clk (net)
                      0.051510    0.000000    0.034074 ^ clkbuf_0_clk/A (sky130_fd_sc_hd__clkbuf_16)
     2    0.017298    0.039544    0.125256    0.159330 ^ clkbuf_0_clk/X (sky130_fd_sc_hd__clkbuf_16)
                                                         clknet_0_clk (net)
                      0.039544    0.000023    0.159353 ^ clkbuf_1_0__f_clk/A (sky130_fd_sc_hd__clkbuf_16)
     5    0.012089    0.035113    0.115909    0.275262 ^ clkbuf_1_0__f_clk/X (sky130_fd_sc_hd__clkbuf_16)
                                                         clknet_1_0__leaf_clk (net)
                      0.035113    0.000023    0.275285 ^ _114_/CLK (sky130_fd_sc_hd__dfrtp_1)
     4    0.008306    0.065777    0.379888    0.655173 v _114_/Q (sky130_fd_sc_hd__dfrtp_1)
                                                         net19 (net)
                      0.065777    0.000023    0.655196 v output19/A (sky130_fd_sc_hd__clkbuf_4)
     1    0.034397    0.079638    0.192342    0.847538 v output19/X (sky130_fd_sc_hd__clkbuf_4)
                                                         count[6] (net)
                      0.079638    0.000219    0.847757 v count[6] (out)
                                              0.847757   data arrival time

                                  3.900000    3.900000   clock clk (rise edge)
                                  0.000000    3.900000   clock network delay (propagated)
                                 -0.250000    3.650000   clock uncertainty
                                  0.000000    3.650000   clock reconvergence pessimism
                                 -0.780000    2.870000   output external delay
                                              2.870000   data required time
---------------------------------------------------------------------------------------------
                                              2.870000   data required time
                                             -0.847757   data arrival time
---------------------------------------------------------------------------------------------
                                              2.022243   slack (MET)


Startpoint: _108_ (rising edge-triggered flip-flop clocked by clk)
Endpoint: count[0] (output port clocked by clk)
Path Group: clk
Path Type: max

Fanout         Cap        Slew       Delay        Time   Description
---------------------------------------------------------------------------------------------
                                  0.000000    0.000000   clock clk (rise edge)
                                  0.000000    0.000000   clock source latency
     1    0.010022    0.051510    0.034074    0.034074 ^ clk (in)
                                                         clk (net)
                      0.051510    0.000000    0.034074 ^ clkbuf_0_clk/A (sky130_fd_sc_hd__clkbuf_16)
     2    0.017298    0.039544    0.125256    0.159330 ^ clkbuf_0_clk/X (sky130_fd_sc_hd__clkbuf_16)
                                                         clknet_0_clk (net)
                      0.039544    0.000042    0.159372 ^ clkbuf_1_1__f_clk/A (sky130_fd_sc_hd__clkbuf_16)
     4    0.010055    0.033379    0.113950    0.273322 ^ clkbuf_1_1__f_clk/X (sky130_fd_sc_hd__clkbuf_16)
                                                         clknet_1_1__leaf_clk (net)
                      0.033379    0.000034    0.273356 ^ _108_/CLK (sky130_fd_sc_hd__dfrtp_1)
     3    0.009479    0.098961    0.355717    0.629073 ^ _108_/Q (sky130_fd_sc_hd__dfrtp_1)
                                                         net13 (net)
                      0.098961    0.000012    0.629085 ^ output13/A (sky130_fd_sc_hd__buf_2)
     1    0.034223    0.170139    0.218200    0.847285 ^ output13/X (sky130_fd_sc_hd__buf_2)
                                                         count[0] (net)
                      0.170139    0.000122    0.847407 ^ count[0] (out)
                                              0.847407   data arrival time

                                  3.900000    3.900000   clock clk (rise edge)
                                  0.000000    3.900000   clock network delay (propagated)
                                 -0.250000    3.650000   clock uncertainty
                                  0.000000    3.650000   clock reconvergence pessimism
                                 -0.780000    2.870000   output external delay
                                              2.870000   data required time
---------------------------------------------------------------------------------------------
                                              2.870000   data required time
                                             -0.847407   data arrival time
---------------------------------------------------------------------------------------------
                                              2.022593   slack (MET)


Startpoint: up_down (input port clocked by clk)
Endpoint: _109_ (rising edge-triggered flip-flop clocked by clk)
Path Group: clk
Path Type: max

Fanout         Cap        Slew       Delay        Time   Description
---------------------------------------------------------------------------------------------
                                  0.000000    0.000000   clock clk (rise edge)
                                  0.000000    0.000000   clock network delay (propagated)
                                  0.780000    0.780000 ^ input external delay
     1    0.002834    0.019879    0.010412    0.790412 ^ up_down (in)
                                                         up_down (net)
                      0.019879    0.000000    0.790412 ^ input12/A (sky130_fd_sc_hd__buf_1)
     4    0.014639    0.180850    0.165580    0.955992 ^ input12/X (sky130_fd_sc_hd__buf_1)
                                                         net12 (net)
                      0.180850    0.000029    0.956021 ^ fanout21/A (sky130_fd_sc_hd__buf_4)
    10    0.033237    0.100456    0.198456    1.154477 ^ fanout21/X (sky130_fd_sc_hd__buf_4)
                                                         net21 (net)
                      0.100456    0.000107    1.154584 ^ _062_/B (sky130_fd_sc_hd__xor2_1)
     3    0.008084    0.211773    0.219064    1.373648 ^ _062_/X (sky130_fd_sc_hd__xor2_1)
                                                         _015_ (net)
                      0.211773    0.000019    1.373667 ^ _063_/B (sky130_fd_sc_hd__nand2_1)
     1    0.003046    0.054150    0.082358    1.456025 v _063_/Y (sky130_fd_sc_hd__nand2_1)
                                                         _016_ (net)
                      0.054150    0.000011    1.456036 v _066_/A1 (sky130_fd_sc_hd__a21o_1)
     1    0.002177    0.031170    0.149585    1.605621 v _066_/X (sky130_fd_sc_hd__a21o_1)
                                                         _001_ (net)
                      0.031170    0.000003    1.605624 v _109_/D (sky130_fd_sc_hd__dfrtp_1)
                                              1.605624   data arrival time

                                  3.900000    3.900000   clock clk (rise edge)
                                  0.000000    3.900000   clock source latency
     1    0.010022    0.051510    0.034074    3.934074 ^ clk (in)
                                                         clk (net)
                      0.051510    0.000000    3.934074 ^ clkbuf_0_clk/A (sky130_fd_sc_hd__clkbuf_16)
     2    0.017298    0.039544    0.125256    4.059330 ^ clkbuf_0_clk/X (sky130_fd_sc_hd__clkbuf_16)
                                                         clknet_0_clk (net)
                      0.039544    0.000042    4.059371 ^ clkbuf_1_1__f_clk/A (sky130_fd_sc_hd__clkbuf_16)
     4    0.010055    0.033379    0.113950    4.173322 ^ clkbuf_1_1__f_clk/X (sky130_fd_sc_hd__clkbuf_16)
                                                         clknet_1_1__leaf_clk (net)
                      0.033379    0.000040    4.173362 ^ _109_/CLK (sky130_fd_sc_hd__dfrtp_1)
                                 -0.250000    3.923362   clock uncertainty
                                  0.000000    3.923362   clock reconvergence pessimism
                                 -0.110895    3.812467   library setup time
                                              3.812467   data required time
---------------------------------------------------------------------------------------------
                                              3.812467   data required time
                                             -1.605624   data arrival time
---------------------------------------------------------------------------------------------
                                              2.206843   slack (MET)


Startpoint: preload (input port clocked by clk)
Endpoint: _108_ (rising edge-triggered flip-flop clocked by clk)
Path Group: clk
Path Type: max

Fanout         Cap        Slew       Delay        Time   Description
---------------------------------------------------------------------------------------------
                                  0.000000    0.000000   clock clk (rise edge)
                                  0.000000    0.000000   clock network delay (propagated)
                                  0.780000    0.780000 v input external delay
     1    0.002660    0.008307    0.004177    0.784177 v preload (in)
                                                         preload (net)
                      0.008307    0.000000    0.784177 v input10/A (sky130_fd_sc_hd__buf_2)
    10    0.031302    0.082952    0.159515    0.943692 v input10/X (sky130_fd_sc_hd__buf_2)
                                                         net10 (net)
                      0.082952    0.000344    0.944035 v _057_/A (sky130_fd_sc_hd__nor2_2)
     8    0.027413    0.307221    0.291338    1.235373 ^ _057_/Y (sky130_fd_sc_hd__nor2_2)
                                                         _011_ (net)
                      0.307221    0.000126    1.235499 ^ _059_/B1 (sky130_fd_sc_hd__a22o_1)
     1    0.002878    0.051400    0.176874    1.412373 ^ _059_/X (sky130_fd_sc_hd__a22o_1)
                                                         _013_ (net)
                      0.051400    0.000007    1.412380 ^ _060_/B1 (sky130_fd_sc_hd__a21oi_1)
     1    0.002295    0.045939    0.036729    1.449109 v _060_/Y (sky130_fd_sc_hd__a21oi_1)
                                                         _000_ (net)
                      0.045939    0.000004    1.449114 v _108_/D (sky130_fd_sc_hd__dfrtp_1)
                                              1.449114   data arrival time

                                  3.900000    3.900000   clock clk (rise edge)
                                  0.000000    3.900000   clock source latency
     1    0.010022    0.051510    0.034074    3.934074 ^ clk (in)
                                                         clk (net)
                      0.051510    0.000000    3.934074 ^ clkbuf_0_clk/A (sky130_fd_sc_hd__clkbuf_16)
     2    0.017298    0.039544    0.125256    4.059330 ^ clkbuf_0_clk/X (sky130_fd_sc_hd__clkbuf_16)
                                                         clknet_0_clk (net)
                      0.039544    0.000042    4.059371 ^ clkbuf_1_1__f_clk/A (sky130_fd_sc_hd__clkbuf_16)
     4    0.010055    0.033379    0.113950    4.173322 ^ clkbuf_1_1__f_clk/X (sky130_fd_sc_hd__clkbuf_16)
                                                         clknet_1_1__leaf_clk (net)
                      0.033379    0.000035    4.173357 ^ _108_/CLK (sky130_fd_sc_hd__dfrtp_1)
                                 -0.250000    3.923357   clock uncertainty
                                  0.000000    3.923357   clock reconvergence pessimism
                                 -0.117343    3.806013   library setup time
                                              3.806013   data required time
---------------------------------------------------------------------------------------------
                                              3.806013   data required time
                                             -1.449114   data arrival time
---------------------------------------------------------------------------------------------
                                              2.356900   slack (MET)


Startpoint: resetn (input port clocked by clk)
Endpoint: _110_ (recovery check against rising-edge clock clk)
Path Group: asynchronous
Path Type: max

Fanout         Cap        Slew       Delay        Time   Description
---------------------------------------------------------------------------------------------
                                  0.000000    0.000000   clock clk (rise edge)
                                  0.000000    0.000000   clock network delay (propagated)
                                  0.780000    0.780000 ^ input external delay
     1    0.002812    0.019783    0.010336    0.790336 ^ resetn (in)
                                                         resetn (net)
                      0.019783    0.000000    0.790336 ^ hold2/A (sky130_fd_sc_hd__dlygate4sd3_1)
     1    0.002472    0.052218    0.523473    1.313809 ^ hold2/X (sky130_fd_sc_hd__dlygate4sd3_1)
                                                         net23 (net)
                      0.052218    0.000008    1.313817 ^ input11/A (sky130_fd_sc_hd__buf_2)
     8    0.036222    0.179053    0.207518    1.521335 ^ input11/X (sky130_fd_sc_hd__buf_2)
                                                         net11 (net)
                      0.179053    0.000259    1.521594 ^ _110_/RESET_B (sky130_fd_sc_hd__dfrtp_2)
                                              1.521594   data arrival time

                                  3.900000    3.900000   clock clk (rise edge)
                                  0.000000    3.900000   clock source latency
     1    0.010022    0.051510    0.034074    3.934074 ^ clk (in)
                                                         clk (net)
                      0.051510    0.000000    3.934074 ^ clkbuf_0_clk/A (sky130_fd_sc_hd__clkbuf_16)
     2    0.017298    0.039544    0.125256    4.059330 ^ clkbuf_0_clk/X (sky130_fd_sc_hd__clkbuf_16)
                                                         clknet_0_clk (net)
                      0.039544    0.000024    4.059353 ^ clkbuf_1_0__f_clk/A (sky130_fd_sc_hd__clkbuf_16)
     5    0.012089    0.035113    0.115909    4.175262 ^ clkbuf_1_0__f_clk/X (sky130_fd_sc_hd__clkbuf_16)
                                                         clknet_1_0__leaf_clk (net)
                      0.035113    0.000024    4.175286 ^ _110_/CLK (sky130_fd_sc_hd__dfrtp_2)
                                 -0.250000    3.925287   clock uncertainty
                                  0.000000    3.925287   clock reconvergence pessimism
                                  0.176081    4.101367   library recovery time
                                              4.101367   data required time
---------------------------------------------------------------------------------------------
                                              4.101367   data required time
                                             -1.521594   data arrival time
---------------------------------------------------------------------------------------------
                                              2.579773   slack (MET)


Startpoint: resetn (input port clocked by clk)
Endpoint: _109_ (recovery check against rising-edge clock clk)
Path Group: asynchronous
Path Type: max

Fanout         Cap        Slew       Delay        Time   Description
---------------------------------------------------------------------------------------------
                                  0.000000    0.000000   clock clk (rise edge)
                                  0.000000    0.000000   clock network delay (propagated)
                                  0.780000    0.780000 ^ input external delay
     1    0.002812    0.019783    0.010336    0.790336 ^ resetn (in)
                                                         resetn (net)
                      0.019783    0.000000    0.790336 ^ hold2/A (sky130_fd_sc_hd__dlygate4sd3_1)
     1    0.002472    0.052218    0.523473    1.313809 ^ hold2/X (sky130_fd_sc_hd__dlygate4sd3_1)
                                                         net23 (net)
                      0.052218    0.000008    1.313817 ^ input11/A (sky130_fd_sc_hd__buf_2)
     8    0.036222    0.179053    0.207518    1.521335 ^ input11/X (sky130_fd_sc_hd__buf_2)
                                                         net11 (net)
                      0.179053    0.000242    1.521577 ^ _109_/RESET_B (sky130_fd_sc_hd__dfrtp_1)
                                              1.521577   data arrival time

                                  3.900000    3.900000   clock clk (rise edge)
                                  0.000000    3.900000   clock source latency
     1    0.010022    0.051510    0.034074    3.934074 ^ clk (in)
                                                         clk (net)
                      0.051510    0.000000    3.934074 ^ clkbuf_0_clk/A (sky130_fd_sc_hd__clkbuf_16)
     2    0.017298    0.039544    0.125256    4.059330 ^ clkbuf_0_clk/X (sky130_fd_sc_hd__clkbuf_16)
                                                         clknet_0_clk (net)
                      0.039544    0.000042    4.059371 ^ clkbuf_1_1__f_clk/A (sky130_fd_sc_hd__clkbuf_16)
     4    0.010055    0.033379    0.113950    4.173322 ^ clkbuf_1_1__f_clk/X (sky130_fd_sc_hd__clkbuf_16)
                                                         clknet_1_1__leaf_clk (net)
                      0.033379    0.000040    4.173362 ^ _109_/CLK (sky130_fd_sc_hd__dfrtp_1)
                                 -0.250000    3.923362   clock uncertainty
                                  0.000000    3.923362   clock reconvergence pessimism
                                  0.192001    4.115362   library recovery time
                                              4.115362   data required time
---------------------------------------------------------------------------------------------
                                              4.115362   data required time
                                             -1.521577   data arrival time
---------------------------------------------------------------------------------------------
                                              2.593786   slack (MET)


Startpoint: resetn (input port clocked by clk)
Endpoint: _113_ (recovery check against rising-edge clock clk)
Path Group: asynchronous
Path Type: max

Fanout         Cap        Slew       Delay        Time   Description
---------------------------------------------------------------------------------------------
                                  0.000000    0.000000   clock clk (rise edge)
                                  0.000000    0.000000   clock network delay (propagated)
                                  0.780000    0.780000 ^ input external delay
     1    0.002812    0.019783    0.010336    0.790336 ^ resetn (in)
                                                         resetn (net)
                      0.019783    0.000000    0.790336 ^ hold2/A (sky130_fd_sc_hd__dlygate4sd3_1)
     1    0.002472    0.052218    0.523473    1.313809 ^ hold2/X (sky130_fd_sc_hd__dlygate4sd3_1)
                                                         net23 (net)
                      0.052218    0.000008    1.313817 ^ input11/A (sky130_fd_sc_hd__buf_2)
     8    0.036222    0.179053    0.207518    1.521335 ^ input11/X (sky130_fd_sc_hd__buf_2)
                                                         net11 (net)
                      0.179053    0.000157    1.521492 ^ _113_/RESET_B (sky130_fd_sc_hd__dfrtp_1)
                                              1.521492   data arrival time

                                  3.900000    3.900000   clock clk (rise edge)
                                  0.000000    3.900000   clock source latency
     1    0.010022    0.051510    0.034074    3.934074 ^ clk (in)
                                                         clk (net)
                      0.051510    0.000000    3.934074 ^ clkbuf_0_clk/A (sky130_fd_sc_hd__clkbuf_16)
     2    0.017298    0.039544    0.125256    4.059330 ^ clkbuf_0_clk/X (sky130_fd_sc_hd__clkbuf_16)
                                                         clknet_0_clk (net)
                      0.039544    0.000042    4.059371 ^ clkbuf_1_1__f_clk/A (sky130_fd_sc_hd__clkbuf_16)
     4    0.010055    0.033379    0.113950    4.173322 ^ clkbuf_1_1__f_clk/X (sky130_fd_sc_hd__clkbuf_16)
                                                         clknet_1_1__leaf_clk (net)
                      0.033379    0.000030    4.173352 ^ _113_/CLK (sky130_fd_sc_hd__dfrtp_1)
                                 -0.250000    3.923352   clock uncertainty
                                  0.000000    3.923352   clock reconvergence pessimism
                                  0.192001    4.115352   library recovery time
                                              4.115352   data required time
---------------------------------------------------------------------------------------------
                                              4.115352   data required time
                                             -1.521492   data arrival time
---------------------------------------------------------------------------------------------
                                              2.593861   slack (MET)


Startpoint: resetn (input port clocked by clk)
Endpoint: _112_ (recovery check against rising-edge clock clk)
Path Group: asynchronous
Path Type: max

Fanout         Cap        Slew       Delay        Time   Description
---------------------------------------------------------------------------------------------
                                  0.000000    0.000000   clock clk (rise edge)
                                  0.000000    0.000000   clock network delay (propagated)
                                  0.780000    0.780000 ^ input external delay
     1    0.002812    0.019783    0.010336    0.790336 ^ resetn (in)
                                                         resetn (net)
                      0.019783    0.000000    0.790336 ^ hold2/A (sky130_fd_sc_hd__dlygate4sd3_1)
     1    0.002472    0.052218    0.523473    1.313809 ^ hold2/X (sky130_fd_sc_hd__dlygate4sd3_1)
                                                         net23 (net)
                      0.052218    0.000008    1.313817 ^ input11/A (sky130_fd_sc_hd__buf_2)
     8    0.036222    0.179053    0.207518    1.521335 ^ input11/X (sky130_fd_sc_hd__buf_2)
                                                         net11 (net)
                      0.179053    0.000120    1.521455 ^ _112_/RESET_B (sky130_fd_sc_hd__dfrtp_1)
                                              1.521455   data arrival time

                                  3.900000    3.900000   clock clk (rise edge)
                                  0.000000    3.900000   clock source latency
     1    0.010022    0.051510    0.034074    3.934074 ^ clk (in)
                                                         clk (net)
                      0.051510    0.000000    3.934074 ^ clkbuf_0_clk/A (sky130_fd_sc_hd__clkbuf_16)
     2    0.017298    0.039544    0.125256    4.059330 ^ clkbuf_0_clk/X (sky130_fd_sc_hd__clkbuf_16)
                                                         clknet_0_clk (net)
                      0.039544    0.000042    4.059371 ^ clkbuf_1_1__f_clk/A (sky130_fd_sc_hd__clkbuf_16)
     4    0.010055    0.033379    0.113950    4.173322 ^ clkbuf_1_1__f_clk/X (sky130_fd_sc_hd__clkbuf_16)
                                                         clknet_1_1__leaf_clk (net)
                      0.033379    0.000021    4.173343 ^ _112_/CLK (sky130_fd_sc_hd__dfrtp_1)
                                 -0.250000    3.923343   clock uncertainty
                                  0.000000    3.923343   clock reconvergence pessimism
                                  0.192001    4.115344   library recovery time
                                              4.115344   data required time
---------------------------------------------------------------------------------------------
                                              4.115344   data required time
                                             -1.521455   data arrival time
---------------------------------------------------------------------------------------------
                                              2.593889   slack (MET)


Startpoint: resetn (input port clocked by clk)
Endpoint: _108_ (recovery check against rising-edge clock clk)
Path Group: asynchronous
Path Type: max

Fanout         Cap        Slew       Delay        Time   Description
---------------------------------------------------------------------------------------------
                                  0.000000    0.000000   clock clk (rise edge)
                                  0.000000    0.000000   clock network delay (propagated)
                                  0.780000    0.780000 ^ input external delay
     1    0.002812    0.019783    0.010336    0.790336 ^ resetn (in)
                                                         resetn (net)
                      0.019783    0.000000    0.790336 ^ hold2/A (sky130_fd_sc_hd__dlygate4sd3_1)
     1    0.002472    0.052218    0.523473    1.313809 ^ hold2/X (sky130_fd_sc_hd__dlygate4sd3_1)
                                                         net23 (net)
                      0.052218    0.000008    1.313817 ^ input11/A (sky130_fd_sc_hd__buf_2)
     8    0.036222    0.179053    0.207518    1.521335 ^ input11/X (sky130_fd_sc_hd__buf_2)
                                                         net11 (net)
                      0.179053    0.000095    1.521430 ^ _108_/RESET_B (sky130_fd_sc_hd__dfrtp_1)
                                              1.521430   data arrival time

                                  3.900000    3.900000   clock clk (rise edge)
                                  0.000000    3.900000   clock source latency
     1    0.010022    0.051510    0.034074    3.934074 ^ clk (in)
                                                         clk (net)
                      0.051510    0.000000    3.934074 ^ clkbuf_0_clk/A (sky130_fd_sc_hd__clkbuf_16)
     2    0.017298    0.039544    0.125256    4.059330 ^ clkbuf_0_clk/X (sky130_fd_sc_hd__clkbuf_16)
                                                         clknet_0_clk (net)
                      0.039544    0.000042    4.059371 ^ clkbuf_1_1__f_clk/A (sky130_fd_sc_hd__clkbuf_16)
     4    0.010055    0.033379    0.113950    4.173322 ^ clkbuf_1_1__f_clk/X (sky130_fd_sc_hd__clkbuf_16)
                                                         clknet_1_1__leaf_clk (net)
                      0.033379    0.000035    4.173357 ^ _108_/CLK (sky130_fd_sc_hd__dfrtp_1)
                                 -0.250000    3.923357   clock uncertainty
                                  0.000000    3.923357   clock reconvergence pessimism
                                  0.192001    4.115357   library recovery time
                                              4.115357   data required time
---------------------------------------------------------------------------------------------
                                              4.115357   data required time
                                             -1.521430   data arrival time
---------------------------------------------------------------------------------------------
                                              2.593927   slack (MET)


Startpoint: resetn (input port clocked by clk)
Endpoint: _115_ (recovery check against rising-edge clock clk)
Path Group: asynchronous
Path Type: max

Fanout         Cap        Slew       Delay        Time   Description
---------------------------------------------------------------------------------------------
                                  0.000000    0.000000   clock clk (rise edge)
                                  0.000000    0.000000   clock network delay (propagated)
                                  0.780000    0.780000 ^ input external delay
     1    0.002812    0.019783    0.010336    0.790336 ^ resetn (in)
                                                         resetn (net)
                      0.019783    0.000000    0.790336 ^ hold2/A (sky130_fd_sc_hd__dlygate4sd3_1)
     1    0.002472    0.052218    0.523473    1.313809 ^ hold2/X (sky130_fd_sc_hd__dlygate4sd3_1)
                                                         net23 (net)
                      0.052218    0.000008    1.313817 ^ input11/A (sky130_fd_sc_hd__buf_2)
     8    0.036222    0.179053    0.207518    1.521335 ^ input11/X (sky130_fd_sc_hd__buf_2)
                                                         net11 (net)
                      0.179053    0.000379    1.521714 ^ _115_/RESET_B (sky130_fd_sc_hd__dfrtp_1)
                                              1.521714   data arrival time

                                  3.900000    3.900000   clock clk (rise edge)
                                  0.000000    3.900000   clock source latency
     1    0.010022    0.051510    0.034074    3.934074 ^ clk (in)
                                                         clk (net)
                      0.051510    0.000000    3.934074 ^ clkbuf_0_clk/A (sky130_fd_sc_hd__clkbuf_16)
     2    0.017298    0.039544    0.125256    4.059330 ^ clkbuf_0_clk/X (sky130_fd_sc_hd__clkbuf_16)
                                                         clknet_0_clk (net)
                      0.039544    0.000024    4.059353 ^ clkbuf_1_0__f_clk/A (sky130_fd_sc_hd__clkbuf_16)
     5    0.012089    0.035113    0.115909    4.175262 ^ clkbuf_1_0__f_clk/X (sky130_fd_sc_hd__clkbuf_16)
                                                         clknet_1_0__leaf_clk (net)
                      0.035113    0.000020    4.175282 ^ _115_/CLK (sky130_fd_sc_hd__dfrtp_1)
                                 -0.250000    3.925282   clock uncertainty
                                  0.000000    3.925282   clock reconvergence pessimism
                                  0.192542    4.117824   library recovery time
                                              4.117824   data required time
---------------------------------------------------------------------------------------------
                                              4.117824   data required time
                                             -1.521714   data arrival time
---------------------------------------------------------------------------------------------
                                              2.596110   slack (MET)


Startpoint: resetn (input port clocked by clk)
Endpoint: _114_ (recovery check against rising-edge clock clk)
Path Group: asynchronous
Path Type: max

Fanout         Cap        Slew       Delay        Time   Description
---------------------------------------------------------------------------------------------
                                  0.000000    0.000000   clock clk (rise edge)
                                  0.000000    0.000000   clock network delay (propagated)
                                  0.780000    0.780000 ^ input external delay
     1    0.002812    0.019783    0.010336    0.790336 ^ resetn (in)
                                                         resetn (net)
                      0.019783    0.000000    0.790336 ^ hold2/A (sky130_fd_sc_hd__dlygate4sd3_1)
     1    0.002472    0.052218    0.523473    1.313809 ^ hold2/X (sky130_fd_sc_hd__dlygate4sd3_1)
                                                         net23 (net)
                      0.052218    0.000008    1.313817 ^ input11/A (sky130_fd_sc_hd__buf_2)
     8    0.036222    0.179053    0.207518    1.521335 ^ input11/X (sky130_fd_sc_hd__buf_2)
                                                         net11 (net)
                      0.179053    0.000378    1.521713 ^ _114_/RESET_B (sky130_fd_sc_hd__dfrtp_1)
                                              1.521713   data arrival time

                                  3.900000    3.900000   clock clk (rise edge)
                                  0.000000    3.900000   clock source latency
     1    0.010022    0.051510    0.034074    3.934074 ^ clk (in)
                                                         clk (net)
                      0.051510    0.000000    3.934074 ^ clkbuf_0_clk/A (sky130_fd_sc_hd__clkbuf_16)
     2    0.017298    0.039544    0.125256    4.059330 ^ clkbuf_0_clk/X (sky130_fd_sc_hd__clkbuf_16)
                                                         clknet_0_clk (net)
                      0.039544    0.000024    4.059353 ^ clkbuf_1_0__f_clk/A (sky130_fd_sc_hd__clkbuf_16)
     5    0.012089    0.035113    0.115909    4.175262 ^ clkbuf_1_0__f_clk/X (sky130_fd_sc_hd__clkbuf_16)
                                                         clknet_1_0__leaf_clk (net)
                      0.035113    0.000023    4.175285 ^ _114_/CLK (sky130_fd_sc_hd__dfrtp_1)
                                 -0.250000    3.925285   clock uncertainty
                                  0.000000    3.925285   clock reconvergence pessimism
                                  0.192542    4.117827   library recovery time
                                              4.117827   data required time
---------------------------------------------------------------------------------------------
                                              4.117827   data required time
                                             -1.521713   data arrival time
---------------------------------------------------------------------------------------------
                                              2.596114   slack (MET)


Startpoint: resetn (input port clocked by clk)
Endpoint: _111_ (recovery check against rising-edge clock clk)
Path Group: asynchronous
Path Type: max

Fanout         Cap        Slew       Delay        Time   Description
---------------------------------------------------------------------------------------------
                                  0.000000    0.000000   clock clk (rise edge)
                                  0.000000    0.000000   clock network delay (propagated)
                                  0.780000    0.780000 ^ input external delay
     1    0.002812    0.019783    0.010336    0.790336 ^ resetn (in)
                                                         resetn (net)
                      0.019783    0.000000    0.790336 ^ hold2/A (sky130_fd_sc_hd__dlygate4sd3_1)
     1    0.002472    0.052218    0.523473    1.313809 ^ hold2/X (sky130_fd_sc_hd__dlygate4sd3_1)
                                                         net23 (net)
                      0.052218    0.000008    1.313817 ^ input11/A (sky130_fd_sc_hd__buf_2)
     8    0.036222    0.179053    0.207518    1.521335 ^ input11/X (sky130_fd_sc_hd__buf_2)
                                                         net11 (net)
                      0.179053    0.000358    1.521693 ^ _111_/RESET_B (sky130_fd_sc_hd__dfrtp_1)
                                              1.521693   data arrival time

                                  3.900000    3.900000   clock clk (rise edge)
                                  0.000000    3.900000   clock source latency
     1    0.010022    0.051510    0.034074    3.934074 ^ clk (in)
                                                         clk (net)
                      0.051510    0.000000    3.934074 ^ clkbuf_0_clk/A (sky130_fd_sc_hd__clkbuf_16)
     2    0.017298    0.039544    0.125256    4.059330 ^ clkbuf_0_clk/X (sky130_fd_sc_hd__clkbuf_16)
                                                         clknet_0_clk (net)
                      0.039544    0.000024    4.059353 ^ clkbuf_1_0__f_clk/A (sky130_fd_sc_hd__clkbuf_16)
     5    0.012089    0.035113    0.115909    4.175262 ^ clkbuf_1_0__f_clk/X (sky130_fd_sc_hd__clkbuf_16)
                                                         clknet_1_0__leaf_clk (net)
                      0.035113    0.000011    4.175272 ^ _111_/CLK (sky130_fd_sc_hd__dfrtp_1)
                                 -0.250000    3.925273   clock uncertainty
                                  0.000000    3.925273   clock reconvergence pessimism
                                  0.192542    4.117815   library recovery time
                                              4.117815   data required time
---------------------------------------------------------------------------------------------
                                              4.117815   data required time
                                             -1.521693   data arrival time
---------------------------------------------------------------------------------------------
                                              2.596122   slack (MET)



