
===========================================================================
report_checks -path_delay min (Hold)
============================================================================
======================= nom_tt_025C_1v80 Corner ===================================

Startpoint: _111_ (rising edge-triggered flip-flop clocked by clk)
Endpoint: _111_ (rising edge-triggered flip-flop clocked by clk)
Path Group: clk
Path Type: min

Fanout         Cap        Slew       Delay        Time   Description
---------------------------------------------------------------------------------------------
                                  0.000000    0.000000   clock clk (rise edge)
                                  0.000000    0.000000   clock source latency
     1    0.010022    0.051510    0.034074    0.034074 ^ clk (in)
                                                         clk (net)
                      0.051510    0.000000    0.034074 ^ clkbuf_0_clk/A (sky130_fd_sc_hd__clkbuf_16)
     2    0.017298    0.039544    0.125256    0.159330 ^ clkbuf_0_clk/X (sky130_fd_sc_hd__clkbuf_16)
                                                         clknet_0_clk (net)
                      0.039544    0.000023    0.159353 ^ clkbuf_1_0__f_clk/A (sky130_fd_sc_hd__clkbuf_16)
     5    0.012089    0.035113    0.115909    0.275262 ^ clkbuf_1_0__f_clk/X (sky130_fd_sc_hd__clkbuf_16)
                                                         clknet_1_0__leaf_clk (net)
                      0.035113    0.000010    0.275272 ^ _111_/CLK (sky130_fd_sc_hd__dfrtp_1)
     4    0.013743    0.130883    0.382200    0.657472 ^ _111_/Q (sky130_fd_sc_hd__dfrtp_1)
                                                         net16 (net)
                      0.130883    0.000048    0.657521 ^ _078_/B2 (sky130_fd_sc_hd__a221o_1)
     1    0.002199    0.038168    0.147174    0.804694 ^ _078_/X (sky130_fd_sc_hd__a221o_1)
                                                         _003_ (net)
                      0.038168    0.000002    0.804696 ^ _111_/D (sky130_fd_sc_hd__dfrtp_1)
                                              0.804696   data arrival time

                                  0.000000    0.000000   clock clk (rise edge)
                                  0.000000    0.000000   clock source latency
     1    0.010022    0.051510    0.034074    0.034074 ^ clk (in)
                                                         clk (net)
                      0.051510    0.000000    0.034074 ^ clkbuf_0_clk/A (sky130_fd_sc_hd__clkbuf_16)
     2    0.017298    0.039544    0.125256    0.159330 ^ clkbuf_0_clk/X (sky130_fd_sc_hd__clkbuf_16)
                                                         clknet_0_clk (net)
                      0.039544    0.000023    0.159353 ^ clkbuf_1_0__f_clk/A (sky130_fd_sc_hd__clkbuf_16)
     5    0.012089    0.035113    0.115909    0.275262 ^ clkbuf_1_0__f_clk/X (sky130_fd_sc_hd__clkbuf_16)
                                                         clknet_1_0__leaf_clk (net)
                      0.035113    0.000010    0.275272 ^ _111_/CLK (sky130_fd_sc_hd__dfrtp_1)
                                  0.250000    0.525272   clock uncertainty
                                  0.000000    0.525272   clock reconvergence pessimism
                                 -0.034682    0.490591   library hold time
                                              0.490591   data required time
---------------------------------------------------------------------------------------------
                                              0.490591   data required time
                                             -0.804696   data arrival time
---------------------------------------------------------------------------------------------
                                              0.314105   slack (MET)


Startpoint: _108_ (rising edge-triggered flip-flop clocked by clk)
Endpoint: _109_ (rising edge-triggered flip-flop clocked by clk)
Path Group: clk
Path Type: min

Fanout         Cap        Slew       Delay        Time   Description
---------------------------------------------------------------------------------------------
                                  0.000000    0.000000   clock clk (rise edge)
                                  0.000000    0.000000   clock source latency
     1    0.010022    0.051510    0.034074    0.034074 ^ clk (in)
                                                         clk (net)
                      0.051510    0.000000    0.034074 ^ clkbuf_0_clk/A (sky130_fd_sc_hd__clkbuf_16)
     2    0.017298    0.039544    0.125256    0.159330 ^ clkbuf_0_clk/X (sky130_fd_sc_hd__clkbuf_16)
                                                         clknet_0_clk (net)
                      0.039544    0.000042    0.159372 ^ clkbuf_1_1__f_clk/A (sky130_fd_sc_hd__clkbuf_16)
     4    0.010055    0.033379    0.113950    0.273322 ^ clkbuf_1_1__f_clk/X (sky130_fd_sc_hd__clkbuf_16)
                                                         clknet_1_1__leaf_clk (net)
                      0.033379    0.000034    0.273356 ^ _108_/CLK (sky130_fd_sc_hd__dfrtp_1)
     3    0.009479    0.098961    0.355717    0.629073 ^ _108_/Q (sky130_fd_sc_hd__dfrtp_1)
                                                         net13 (net)
                      0.098961    0.000021    0.629094 ^ _054_/A (sky130_fd_sc_hd__inv_2)
     4    0.010211    0.039100    0.055179    0.684273 v _054_/Y (sky130_fd_sc_hd__inv_2)
                                                         _008_ (net)
                      0.039100    0.000011    0.684284 v _063_/A (sky130_fd_sc_hd__nand2_1)
     1    0.003204    0.041870    0.053722    0.738006 ^ _063_/Y (sky130_fd_sc_hd__nand2_1)
                                                         _016_ (net)
                      0.041870    0.000012    0.738018 ^ _066_/A1 (sky130_fd_sc_hd__a21o_1)
     1    0.002234    0.031595    0.093318    0.831336 ^ _066_/X (sky130_fd_sc_hd__a21o_1)
                                                         _001_ (net)
                      0.031595    0.000003    0.831339 ^ _109_/D (sky130_fd_sc_hd__dfrtp_1)
                                              0.831339   data arrival time

                                  0.000000    0.000000   clock clk (rise edge)
                                  0.000000    0.000000   clock source latency
     1    0.010022    0.051510    0.034074    0.034074 ^ clk (in)
                                                         clk (net)
                      0.051510    0.000000    0.034074 ^ clkbuf_0_clk/A (sky130_fd_sc_hd__clkbuf_16)
     2    0.017298    0.039544    0.125256    0.159330 ^ clkbuf_0_clk/X (sky130_fd_sc_hd__clkbuf_16)
                                                         clknet_0_clk (net)
                      0.039544    0.000042    0.159372 ^ clkbuf_1_1__f_clk/A (sky130_fd_sc_hd__clkbuf_16)
     4    0.010055    0.033379    0.113950    0.273322 ^ clkbuf_1_1__f_clk/X (sky130_fd_sc_hd__clkbuf_16)
                                                         clknet_1_1__leaf_clk (net)
                      0.033379    0.000040    0.273362 ^ _109_/CLK (sky130_fd_sc_hd__dfrtp_1)
                                  0.250000    0.523362   clock uncertainty
                                  0.000000    0.523362   clock reconvergence pessimism
                                 -0.033539    0.489823   library hold time
                                              0.489823   data required time
---------------------------------------------------------------------------------------------
                                              0.489823   data required time
                                             -0.831339   data arrival time
---------------------------------------------------------------------------------------------
                                              0.341516   slack (MET)


Startpoint: _115_ (rising edge-triggered flip-flop clocked by clk)
Endpoint: _115_ (rising edge-triggered flip-flop clocked by clk)
Path Group: clk
Path Type: min

Fanout         Cap        Slew       Delay        Time   Description
---------------------------------------------------------------------------------------------
                                  0.000000    0.000000   clock clk (rise edge)
                                  0.000000    0.000000   clock source latency
     1    0.010022    0.051510    0.034074    0.034074 ^ clk (in)
                                                         clk (net)
                      0.051510    0.000000    0.034074 ^ clkbuf_0_clk/A (sky130_fd_sc_hd__clkbuf_16)
     2    0.017298    0.039544    0.125256    0.159330 ^ clkbuf_0_clk/X (sky130_fd_sc_hd__clkbuf_16)
                                                         clknet_0_clk (net)
                      0.039544    0.000023    0.159353 ^ clkbuf_1_0__f_clk/A (sky130_fd_sc_hd__clkbuf_16)
     5    0.012089    0.035113    0.115909    0.275262 ^ clkbuf_1_0__f_clk/X (sky130_fd_sc_hd__clkbuf_16)
                                                         clknet_1_0__leaf_clk (net)
                      0.035113    0.000020    0.275282 ^ _115_/CLK (sky130_fd_sc_hd__dfrtp_1)
     3    0.009957    0.099884    0.359241    0.634524 ^ _115_/Q (sky130_fd_sc_hd__dfrtp_1)
                                                         net20 (net)
                      0.099884    0.000023    0.634546 ^ _106_/B2 (sky130_fd_sc_hd__a22o_1)
     1    0.002825    0.044970    0.130833    0.765379 ^ _106_/X (sky130_fd_sc_hd__a22o_1)
                                                         _053_ (net)
                      0.044970    0.000004    0.765383 ^ _107_/B1 (sky130_fd_sc_hd__a21o_1)
     1    0.002686    0.035178    0.074792    0.840176 ^ _107_/X (sky130_fd_sc_hd__a21o_1)
                                                         _007_ (net)
                      0.035178    0.000009    0.840185 ^ _115_/D (sky130_fd_sc_hd__dfrtp_1)
                                              0.840185   data arrival time

                                  0.000000    0.000000   clock clk (rise edge)
                                  0.000000    0.000000   clock source latency
     1    0.010022    0.051510    0.034074    0.034074 ^ clk (in)
                                                         clk (net)
                      0.051510    0.000000    0.034074 ^ clkbuf_0_clk/A (sky130_fd_sc_hd__clkbuf_16)
     2    0.017298    0.039544    0.125256    0.159330 ^ clkbuf_0_clk/X (sky130_fd_sc_hd__clkbuf_16)
                                                         clknet_0_clk (net)
                      0.039544    0.000023    0.159353 ^ clkbuf_1_0__f_clk/A (sky130_fd_sc_hd__clkbuf_16)
     5    0.012089    0.035113    0.115909    0.275262 ^ clkbuf_1_0__f_clk/X (sky130_fd_sc_hd__clkbuf_16)
                                                         clknet_1_0__leaf_clk (net)
                      0.035113    0.000020    0.275282 ^ _115_/CLK (sky130_fd_sc_hd__dfrtp_1)
                                  0.250000    0.525282   clock uncertainty
                                  0.000000    0.525282   clock reconvergence pessimism
                                 -0.034054    0.491228   library hold time
                                              0.491228   data required time
---------------------------------------------------------------------------------------------
                                              0.491228   data required time
                                             -0.840185   data arrival time
---------------------------------------------------------------------------------------------
                                              0.348957   slack (MET)


Startpoint: _114_ (rising edge-triggered flip-flop clocked by clk)
Endpoint: _114_ (rising edge-triggered flip-flop clocked by clk)
Path Group: clk
Path Type: min

Fanout         Cap        Slew       Delay        Time   Description
---------------------------------------------------------------------------------------------
                                  0.000000    0.000000   clock clk (rise edge)
                                  0.000000    0.000000   clock source latency
     1    0.010022    0.051510    0.034074    0.034074 ^ clk (in)
                                                         clk (net)
                      0.051510    0.000000    0.034074 ^ clkbuf_0_clk/A (sky130_fd_sc_hd__clkbuf_16)
     2    0.017298    0.039544    0.125256    0.159330 ^ clkbuf_0_clk/X (sky130_fd_sc_hd__clkbuf_16)
                                                         clknet_0_clk (net)
                      0.039544    0.000023    0.159353 ^ clkbuf_1_0__f_clk/A (sky130_fd_sc_hd__clkbuf_16)
     5    0.012089    0.035113    0.115909    0.275262 ^ clkbuf_1_0__f_clk/X (sky130_fd_sc_hd__clkbuf_16)
                                                         clknet_1_0__leaf_clk (net)
                      0.035113    0.000023    0.275285 ^ _114_/CLK (sky130_fd_sc_hd__dfrtp_1)
     4    0.009138    0.096258    0.354153    0.629438 ^ _114_/Q (sky130_fd_sc_hd__dfrtp_1)
                                                         net19 (net)
                      0.096258    0.000002    0.629440 ^ _101_/B2 (sky130_fd_sc_hd__a22o_1)
     1    0.003066    0.047067    0.131759    0.761199 ^ _101_/X (sky130_fd_sc_hd__a22o_1)
                                                         _049_ (net)
                      0.047067    0.000010    0.761209 ^ _102_/B1 (sky130_fd_sc_hd__a31o_1)
     1    0.003008    0.041861    0.089055    0.850264 ^ _102_/X (sky130_fd_sc_hd__a31o_1)
                                                         _006_ (net)
                      0.041861    0.000013    0.850277 ^ _114_/D (sky130_fd_sc_hd__dfrtp_1)
                                              0.850277   data arrival time

                                  0.000000    0.000000   clock clk (rise edge)
                                  0.000000    0.000000   clock source latency
     1    0.010022    0.051510    0.034074    0.034074 ^ clk (in)
                                                         clk (net)
                      0.051510    0.000000    0.034074 ^ clkbuf_0_clk/A (sky130_fd_sc_hd__clkbuf_16)
     2    0.017298    0.039544    0.125256    0.159330 ^ clkbuf_0_clk/X (sky130_fd_sc_hd__clkbuf_16)
                                                         clknet_0_clk (net)
                      0.039544    0.000023    0.159353 ^ clkbuf_1_0__f_clk/A (sky130_fd_sc_hd__clkbuf_16)
     5    0.012089    0.035113    0.115909    0.275262 ^ clkbuf_1_0__f_clk/X (sky130_fd_sc_hd__clkbuf_16)
                                                         clknet_1_0__leaf_clk (net)
                      0.035113    0.000023    0.275285 ^ _114_/CLK (sky130_fd_sc_hd__dfrtp_1)
                                  0.250000    0.525285   clock uncertainty
                                  0.000000    0.525285   clock reconvergence pessimism
                                 -0.035457    0.489829   library hold time
                                              0.489829   data required time
---------------------------------------------------------------------------------------------
                                              0.489829   data required time
                                             -0.850277   data arrival time
---------------------------------------------------------------------------------------------
                                              0.360449   slack (MET)


Startpoint: _112_ (rising edge-triggered flip-flop clocked by clk)
Endpoint: _112_ (rising edge-triggered flip-flop clocked by clk)
Path Group: clk
Path Type: min

Fanout         Cap        Slew       Delay        Time   Description
---------------------------------------------------------------------------------------------
                                  0.000000    0.000000   clock clk (rise edge)
                                  0.000000    0.000000   clock source latency
     1    0.010022    0.051510    0.034074    0.034074 ^ clk (in)
                                                         clk (net)
                      0.051510    0.000000    0.034074 ^ clkbuf_0_clk/A (sky130_fd_sc_hd__clkbuf_16)
     2    0.017298    0.039544    0.125256    0.159330 ^ clkbuf_0_clk/X (sky130_fd_sc_hd__clkbuf_16)
                                                         clknet_0_clk (net)
                      0.039544    0.000042    0.159372 ^ clkbuf_1_1__f_clk/A (sky130_fd_sc_hd__clkbuf_16)
     4    0.010055    0.033379    0.113950    0.273322 ^ clkbuf_1_1__f_clk/X (sky130_fd_sc_hd__clkbuf_16)
                                                         clknet_1_1__leaf_clk (net)
                      0.033379    0.000021    0.273343 ^ _112_/CLK (sky130_fd_sc_hd__dfrtp_1)
     5    0.012685    0.122194    0.375123    0.648467 ^ _112_/Q (sky130_fd_sc_hd__dfrtp_1)
                                                         net17 (net)
                      0.122194    0.000047    0.648513 ^ _086_/B2 (sky130_fd_sc_hd__a22o_1)
     1    0.002576    0.042801    0.135257    0.783770 ^ _086_/X (sky130_fd_sc_hd__a22o_1)
                                                         _036_ (net)
                      0.042801    0.000000    0.783771 ^ _087_/B1 (sky130_fd_sc_hd__a31o_1)
     1    0.002567    0.039674    0.084210    0.867980 ^ _087_/X (sky130_fd_sc_hd__a31o_1)
                                                         _004_ (net)
                      0.039674    0.000008    0.867989 ^ _112_/D (sky130_fd_sc_hd__dfrtp_1)
                                              0.867989   data arrival time

                                  0.000000    0.000000   clock clk (rise edge)
                                  0.000000    0.000000   clock source latency
     1    0.010022    0.051510    0.034074    0.034074 ^ clk (in)
                                                         clk (net)
                      0.051510    0.000000    0.034074 ^ clkbuf_0_clk/A (sky130_fd_sc_hd__clkbuf_16)
     2    0.017298    0.039544    0.125256    0.159330 ^ clkbuf_0_clk/X (sky130_fd_sc_hd__clkbuf_16)
                                                         clknet_0_clk (net)
                      0.039544    0.000042    0.159372 ^ clkbuf_1_1__f_clk/A (sky130_fd_sc_hd__clkbuf_16)
     4    0.010055    0.033379    0.113950    0.273322 ^ clkbuf_1_1__f_clk/X (sky130_fd_sc_hd__clkbuf_16)
                                                         clknet_1_1__leaf_clk (net)
                      0.033379    0.000021    0.273343 ^ _112_/CLK (sky130_fd_sc_hd__dfrtp_1)
                                  0.250000    0.523343   clock uncertainty
                                  0.000000    0.523343   clock reconvergence pessimism
                                 -0.035234    0.488109   library hold time
                                              0.488109   data required time
---------------------------------------------------------------------------------------------
                                              0.488109   data required time
                                             -0.867989   data arrival time
---------------------------------------------------------------------------------------------
                                              0.379880   slack (MET)


Startpoint: _113_ (rising edge-triggered flip-flop clocked by clk)
Endpoint: _113_ (rising edge-triggered flip-flop clocked by clk)
Path Group: clk
Path Type: min

Fanout         Cap        Slew       Delay        Time   Description
---------------------------------------------------------------------------------------------
                                  0.000000    0.000000   clock clk (rise edge)
                                  0.000000    0.000000   clock source latency
     1    0.010022    0.051510    0.034074    0.034074 ^ clk (in)
                                                         clk (net)
                      0.051510    0.000000    0.034074 ^ clkbuf_0_clk/A (sky130_fd_sc_hd__clkbuf_16)
     2    0.017298    0.039544    0.125256    0.159330 ^ clkbuf_0_clk/X (sky130_fd_sc_hd__clkbuf_16)
                                                         clknet_0_clk (net)
                      0.039544    0.000042    0.159372 ^ clkbuf_1_1__f_clk/A (sky130_fd_sc_hd__clkbuf_16)
     4    0.010055    0.033379    0.113950    0.273322 ^ clkbuf_1_1__f_clk/X (sky130_fd_sc_hd__clkbuf_16)
                                                         clknet_1_1__leaf_clk (net)
                      0.033379    0.000029    0.273351 ^ _113_/CLK (sky130_fd_sc_hd__dfrtp_1)
     4    0.013377    0.127873    0.379334    0.652686 ^ _113_/Q (sky130_fd_sc_hd__dfrtp_1)
                                                         net18 (net)
                      0.127873    0.000025    0.652711 ^ _092_/B2 (sky130_fd_sc_hd__a22o_1)
     1    0.002576    0.042802    0.136517    0.789227 ^ _092_/X (sky130_fd_sc_hd__a22o_1)
                                                         _041_ (net)
                      0.042802    0.000000    0.789228 ^ _093_/B1 (sky130_fd_sc_hd__a31o_1)
     1    0.002208    0.036666    0.081498    0.870726 ^ _093_/X (sky130_fd_sc_hd__a31o_1)
                                                         _005_ (net)
                      0.036666    0.000003    0.870729 ^ _113_/D (sky130_fd_sc_hd__dfrtp_1)
                                              0.870729   data arrival time

                                  0.000000    0.000000   clock clk (rise edge)
                                  0.000000    0.000000   clock source latency
     1    0.010022    0.051510    0.034074    0.034074 ^ clk (in)
                                                         clk (net)
                      0.051510    0.000000    0.034074 ^ clkbuf_0_clk/A (sky130_fd_sc_hd__clkbuf_16)
     2    0.017298    0.039544    0.125256    0.159330 ^ clkbuf_0_clk/X (sky130_fd_sc_hd__clkbuf_16)
                                                         clknet_0_clk (net)
                      0.039544    0.000042    0.159372 ^ clkbuf_1_1__f_clk/A (sky130_fd_sc_hd__clkbuf_16)
     4    0.010055    0.033379    0.113950    0.273322 ^ clkbuf_1_1__f_clk/X (sky130_fd_sc_hd__clkbuf_16)
                                                         clknet_1_1__leaf_clk (net)
                      0.033379    0.000029    0.273351 ^ _113_/CLK (sky130_fd_sc_hd__dfrtp_1)
                                  0.250000    0.523351   clock uncertainty
                                  0.000000    0.523351   clock reconvergence pessimism
                                 -0.034603    0.488748   library hold time
                                              0.488748   data required time
---------------------------------------------------------------------------------------------
                                              0.488748   data required time
                                             -0.870729   data arrival time
---------------------------------------------------------------------------------------------
                                              0.381981   slack (MET)


Startpoint: _110_ (rising edge-triggered flip-flop clocked by clk)
Endpoint: _110_ (rising edge-triggered flip-flop clocked by clk)
Path Group: clk
Path Type: min

Fanout         Cap        Slew       Delay        Time   Description
---------------------------------------------------------------------------------------------
                                  0.000000    0.000000   clock clk (rise edge)
                                  0.000000    0.000000   clock source latency
     1    0.010022    0.051510    0.034074    0.034074 ^ clk (in)
                                                         clk (net)
                      0.051510    0.000000    0.034074 ^ clkbuf_0_clk/A (sky130_fd_sc_hd__clkbuf_16)
     2    0.017298    0.039544    0.125256    0.159330 ^ clkbuf_0_clk/X (sky130_fd_sc_hd__clkbuf_16)
                                                         clknet_0_clk (net)
                      0.039544    0.000023    0.159353 ^ clkbuf_1_0__f_clk/A (sky130_fd_sc_hd__clkbuf_16)
     5    0.012089    0.035113    0.115909    0.275262 ^ clkbuf_1_0__f_clk/X (sky130_fd_sc_hd__clkbuf_16)
                                                         clknet_1_0__leaf_clk (net)
                      0.035113    0.000024    0.275286 ^ _110_/CLK (sky130_fd_sc_hd__dfrtp_2)
     5    0.017934    0.101707    0.389664    0.664951 ^ _110_/Q (sky130_fd_sc_hd__dfrtp_2)
                                                         net15 (net)
                      0.101707    0.000016    0.664966 ^ _071_/B2 (sky130_fd_sc_hd__a22o_1)
     1    0.003039    0.046840    0.133118    0.798084 ^ _071_/X (sky130_fd_sc_hd__a22o_1)
                                                         _023_ (net)
                      0.046840    0.000009    0.798093 ^ _072_/B1 (sky130_fd_sc_hd__a31o_1)
     1    0.002424    0.038492    0.084562    0.882655 ^ _072_/X (sky130_fd_sc_hd__a31o_1)
                                                         _002_ (net)
                      0.038492    0.000005    0.882660 ^ _110_/D (sky130_fd_sc_hd__dfrtp_2)
                                              0.882660   data arrival time

                                  0.000000    0.000000   clock clk (rise edge)
                                  0.000000    0.000000   clock source latency
     1    0.010022    0.051510    0.034074    0.034074 ^ clk (in)
                                                         clk (net)
                      0.051510    0.000000    0.034074 ^ clkbuf_0_clk/A (sky130_fd_sc_hd__clkbuf_16)
     2    0.017298    0.039544    0.125256    0.159330 ^ clkbuf_0_clk/X (sky130_fd_sc_hd__clkbuf_16)
                                                         clknet_0_clk (net)
                      0.039544    0.000023    0.159353 ^ clkbuf_1_0__f_clk/A (sky130_fd_sc_hd__clkbuf_16)
     5    0.012089    0.035113    0.115909    0.275262 ^ clkbuf_1_0__f_clk/X (sky130_fd_sc_hd__clkbuf_16)
                                                         clknet_1_0__leaf_clk (net)
                      0.035113    0.000024    0.275286 ^ _110_/CLK (sky130_fd_sc_hd__dfrtp_2)
                                  0.250000    0.525286   clock uncertainty
                                  0.000000    0.525286   clock reconvergence pessimism
                                 -0.034679    0.490608   library hold time
                                              0.490608   data required time
---------------------------------------------------------------------------------------------
                                              0.490608   data required time
                                             -0.882660   data arrival time
---------------------------------------------------------------------------------------------
                                              0.392053   slack (MET)


Startpoint: _108_ (rising edge-triggered flip-flop clocked by clk)
Endpoint: _108_ (rising edge-triggered flip-flop clocked by clk)
Path Group: clk
Path Type: min

Fanout         Cap        Slew       Delay        Time   Description
---------------------------------------------------------------------------------------------
                                  0.000000    0.000000   clock clk (rise edge)
                                  0.000000    0.000000   clock source latency
     1    0.010022    0.051510    0.034074    0.034074 ^ clk (in)
                                                         clk (net)
                      0.051510    0.000000    0.034074 ^ clkbuf_0_clk/A (sky130_fd_sc_hd__clkbuf_16)
     2    0.017298    0.039544    0.125256    0.159330 ^ clkbuf_0_clk/X (sky130_fd_sc_hd__clkbuf_16)
                                                         clknet_0_clk (net)
                      0.039544    0.000042    0.159372 ^ clkbuf_1_1__f_clk/A (sky130_fd_sc_hd__clkbuf_16)
     4    0.010055    0.033379    0.113950    0.273322 ^ clkbuf_1_1__f_clk/X (sky130_fd_sc_hd__clkbuf_16)
                                                         clknet_1_1__leaf_clk (net)
                      0.033379    0.000034    0.273356 ^ _108_/CLK (sky130_fd_sc_hd__dfrtp_1)
     3    0.008788    0.067972    0.381845    0.655201 v _108_/Q (sky130_fd_sc_hd__dfrtp_1)
                                                         net13 (net)
                      0.067972    0.000020    0.655221 v _054_/A (sky130_fd_sc_hd__inv_2)
     4    0.011170    0.060106    0.077173    0.732393 ^ _054_/Y (sky130_fd_sc_hd__inv_2)
                                                         _008_ (net)
                      0.060106    0.000008    0.732402 ^ _059_/B2 (sky130_fd_sc_hd__a22o_1)
     1    0.002878    0.045468    0.119731    0.852133 ^ _059_/X (sky130_fd_sc_hd__a22o_1)
                                                         _013_ (net)
                      0.045468    0.000007    0.852140 ^ _060_/B1 (sky130_fd_sc_hd__a21oi_1)
     1    0.002295    0.025211    0.034707    0.886847 v _060_/Y (sky130_fd_sc_hd__a21oi_1)
                                                         _000_ (net)
                      0.025211    0.000004    0.886851 v _108_/D (sky130_fd_sc_hd__dfrtp_1)
                                              0.886851   data arrival time

                                  0.000000    0.000000   clock clk (rise edge)
                                  0.000000    0.000000   clock source latency
     1    0.010022    0.051510    0.034074    0.034074 ^ clk (in)
                                                         clk (net)
                      0.051510    0.000000    0.034074 ^ clkbuf_0_clk/A (sky130_fd_sc_hd__clkbuf_16)
     2    0.017298    0.039544    0.125256    0.159330 ^ clkbuf_0_clk/X (sky130_fd_sc_hd__clkbuf_16)
                                                         clknet_0_clk (net)
                      0.039544    0.000042    0.159372 ^ clkbuf_1_1__f_clk/A (sky130_fd_sc_hd__clkbuf_16)
     4    0.010055    0.033379    0.113950    0.273322 ^ clkbuf_1_1__f_clk/X (sky130_fd_sc_hd__clkbuf_16)
                                                         clknet_1_1__leaf_clk (net)
                      0.033379    0.000034    0.273356 ^ _108_/CLK (sky130_fd_sc_hd__dfrtp_1)
                                  0.250000    0.523356   clock uncertainty
                                  0.000000    0.523356   clock reconvergence pessimism
                                 -0.040369    0.482987   library hold time
                                              0.482987   data required time
---------------------------------------------------------------------------------------------
                                              0.482987   data required time
                                             -0.886851   data arrival time
---------------------------------------------------------------------------------------------
                                              0.403864   slack (MET)


Startpoint: resetn (input port clocked by clk)
Endpoint: _111_ (removal check against rising-edge clock clk)
Path Group: asynchronous
Path Type: min

Fanout         Cap        Slew       Delay        Time   Description
---------------------------------------------------------------------------------------------
                                  0.000000    0.000000   clock clk (rise edge)
                                  0.000000    0.000000   clock network delay (propagated)
                                  0.780000    0.780000 ^ input external delay
     1    0.002812    0.019783    0.010336    0.790336 ^ resetn (in)
                                                         resetn (net)
                      0.019783    0.000000    0.790336 ^ hold2/A (sky130_fd_sc_hd__dlygate4sd3_1)
     1    0.002472    0.052218    0.523473    1.313809 ^ hold2/X (sky130_fd_sc_hd__dlygate4sd3_1)
                                                         net23 (net)
                      0.052218    0.000008    1.313817 ^ input11/A (sky130_fd_sc_hd__buf_2)
     8    0.036222    0.179053    0.207518    1.521335 ^ input11/X (sky130_fd_sc_hd__buf_2)
                                                         net11 (net)
                      0.179053    0.000358    1.521693 ^ _111_/RESET_B (sky130_fd_sc_hd__dfrtp_1)
                                              1.521693   data arrival time

                                  0.000000    0.000000   clock clk (rise edge)
                                  0.000000    0.000000   clock source latency
     1    0.010022    0.051510    0.034074    0.034074 ^ clk (in)
                                                         clk (net)
                      0.051510    0.000000    0.034074 ^ clkbuf_0_clk/A (sky130_fd_sc_hd__clkbuf_16)
     2    0.017298    0.039544    0.125256    0.159330 ^ clkbuf_0_clk/X (sky130_fd_sc_hd__clkbuf_16)
                                                         clknet_0_clk (net)
                      0.039544    0.000023    0.159353 ^ clkbuf_1_0__f_clk/A (sky130_fd_sc_hd__clkbuf_16)
     5    0.012089    0.035113    0.115909    0.275262 ^ clkbuf_1_0__f_clk/X (sky130_fd_sc_hd__clkbuf_16)
                                                         clknet_1_0__leaf_clk (net)
                      0.035113    0.000010    0.275272 ^ _111_/CLK (sky130_fd_sc_hd__dfrtp_1)
                                  0.250000    0.525272   clock uncertainty
                                  0.000000    0.525272   clock reconvergence pessimism
                                  0.354441    0.879713   library removal time
                                              0.879713   data required time
---------------------------------------------------------------------------------------------
                                              0.879713   data required time
                                             -1.521693   data arrival time
---------------------------------------------------------------------------------------------
                                              0.641980   slack (MET)


Startpoint: resetn (input port clocked by clk)
Endpoint: _114_ (removal check against rising-edge clock clk)
Path Group: asynchronous
Path Type: min

Fanout         Cap        Slew       Delay        Time   Description
---------------------------------------------------------------------------------------------
                                  0.000000    0.000000   clock clk (rise edge)
                                  0.000000    0.000000   clock network delay (propagated)
                                  0.780000    0.780000 ^ input external delay
     1    0.002812    0.019783    0.010336    0.790336 ^ resetn (in)
                                                         resetn (net)
                      0.019783    0.000000    0.790336 ^ hold2/A (sky130_fd_sc_hd__dlygate4sd3_1)
     1    0.002472    0.052218    0.523473    1.313809 ^ hold2/X (sky130_fd_sc_hd__dlygate4sd3_1)
                                                         net23 (net)
                      0.052218    0.000008    1.313817 ^ input11/A (sky130_fd_sc_hd__buf_2)
     8    0.036222    0.179053    0.207518    1.521335 ^ input11/X (sky130_fd_sc_hd__buf_2)
                                                         net11 (net)
                      0.179053    0.000378    1.521713 ^ _114_/RESET_B (sky130_fd_sc_hd__dfrtp_1)
                                              1.521713   data arrival time

                                  0.000000    0.000000   clock clk (rise edge)
                                  0.000000    0.000000   clock source latency
     1    0.010022    0.051510    0.034074    0.034074 ^ clk (in)
                                                         clk (net)
                      0.051510    0.000000    0.034074 ^ clkbuf_0_clk/A (sky130_fd_sc_hd__clkbuf_16)
     2    0.017298    0.039544    0.125256    0.159330 ^ clkbuf_0_clk/X (sky130_fd_sc_hd__clkbuf_16)
                                                         clknet_0_clk (net)
                      0.039544    0.000023    0.159353 ^ clkbuf_1_0__f_clk/A (sky130_fd_sc_hd__clkbuf_16)
     5    0.012089    0.035113    0.115909    0.275262 ^ clkbuf_1_0__f_clk/X (sky130_fd_sc_hd__clkbuf_16)
                                                         clknet_1_0__leaf_clk (net)
                      0.035113    0.000023    0.275285 ^ _114_/CLK (sky130_fd_sc_hd__dfrtp_1)
                                  0.250000    0.525285   clock uncertainty
                                  0.000000    0.525285   clock reconvergence pessimism
                                  0.354441    0.879726   library removal time
                                              0.879726   data required time
---------------------------------------------------------------------------------------------
                                              0.879726   data required time
                                             -1.521713   data arrival time
---------------------------------------------------------------------------------------------
                                              0.641987   slack (MET)


Startpoint: resetn (input port clocked by clk)
Endpoint: _115_ (removal check against rising-edge clock clk)
Path Group: asynchronous
Path Type: min

Fanout         Cap        Slew       Delay        Time   Description
---------------------------------------------------------------------------------------------
                                  0.000000    0.000000   clock clk (rise edge)
                                  0.000000    0.000000   clock network delay (propagated)
                                  0.780000    0.780000 ^ input external delay
     1    0.002812    0.019783    0.010336    0.790336 ^ resetn (in)
                                                         resetn (net)
                      0.019783    0.000000    0.790336 ^ hold2/A (sky130_fd_sc_hd__dlygate4sd3_1)
     1    0.002472    0.052218    0.523473    1.313809 ^ hold2/X (sky130_fd_sc_hd__dlygate4sd3_1)
                                                         net23 (net)
                      0.052218    0.000008    1.313817 ^ input11/A (sky130_fd_sc_hd__buf_2)
     8    0.036222    0.179053    0.207518    1.521335 ^ input11/X (sky130_fd_sc_hd__buf_2)
                                                         net11 (net)
                      0.179053    0.000379    1.521714 ^ _115_/RESET_B (sky130_fd_sc_hd__dfrtp_1)
                                              1.521714   data arrival time

                                  0.000000    0.000000   clock clk (rise edge)
                                  0.000000    0.000000   clock source latency
     1    0.010022    0.051510    0.034074    0.034074 ^ clk (in)
                                                         clk (net)
                      0.051510    0.000000    0.034074 ^ clkbuf_0_clk/A (sky130_fd_sc_hd__clkbuf_16)
     2    0.017298    0.039544    0.125256    0.159330 ^ clkbuf_0_clk/X (sky130_fd_sc_hd__clkbuf_16)
                                                         clknet_0_clk (net)
                      0.039544    0.000023    0.159353 ^ clkbuf_1_0__f_clk/A (sky130_fd_sc_hd__clkbuf_16)
     5    0.012089    0.035113    0.115909    0.275262 ^ clkbuf_1_0__f_clk/X (sky130_fd_sc_hd__clkbuf_16)
                                                         clknet_1_0__leaf_clk (net)
                      0.035113    0.000020    0.275282 ^ _115_/CLK (sky130_fd_sc_hd__dfrtp_1)
                                  0.250000    0.525282   clock uncertainty
                                  0.000000    0.525282   clock reconvergence pessimism
                                  0.354441    0.879723   library removal time
                                              0.879723   data required time
---------------------------------------------------------------------------------------------
                                              0.879723   data required time
                                             -1.521714   data arrival time
---------------------------------------------------------------------------------------------
                                              0.641991   slack (MET)


Startpoint: resetn (input port clocked by clk)
Endpoint: _110_ (removal check against rising-edge clock clk)
Path Group: asynchronous
Path Type: min

Fanout         Cap        Slew       Delay        Time   Description
---------------------------------------------------------------------------------------------
                                  0.000000    0.000000   clock clk (rise edge)
                                  0.000000    0.000000   clock network delay (propagated)
                                  0.780000    0.780000 ^ input external delay
     1    0.002812    0.019783    0.010336    0.790336 ^ resetn (in)
                                                         resetn (net)
                      0.019783    0.000000    0.790336 ^ hold2/A (sky130_fd_sc_hd__dlygate4sd3_1)
     1    0.002472    0.052218    0.523473    1.313809 ^ hold2/X (sky130_fd_sc_hd__dlygate4sd3_1)
                                                         net23 (net)
                      0.052218    0.000008    1.313817 ^ input11/A (sky130_fd_sc_hd__buf_2)
     8    0.036222    0.179053    0.207518    1.521335 ^ input11/X (sky130_fd_sc_hd__buf_2)
                                                         net11 (net)
                      0.179053    0.000259    1.521594 ^ _110_/RESET_B (sky130_fd_sc_hd__dfrtp_2)
                                              1.521594   data arrival time

                                  0.000000    0.000000   clock clk (rise edge)
                                  0.000000    0.000000   clock source latency
     1    0.010022    0.051510    0.034074    0.034074 ^ clk (in)
                                                         clk (net)
                      0.051510    0.000000    0.034074 ^ clkbuf_0_clk/A (sky130_fd_sc_hd__clkbuf_16)
     2    0.017298    0.039544    0.125256    0.159330 ^ clkbuf_0_clk/X (sky130_fd_sc_hd__clkbuf_16)
                                                         clknet_0_clk (net)
                      0.039544    0.000023    0.159353 ^ clkbuf_1_0__f_clk/A (sky130_fd_sc_hd__clkbuf_16)
     5    0.012089    0.035113    0.115909    0.275262 ^ clkbuf_1_0__f_clk/X (sky130_fd_sc_hd__clkbuf_16)
                                                         clknet_1_0__leaf_clk (net)
                      0.035113    0.000024    0.275286 ^ _110_/CLK (sky130_fd_sc_hd__dfrtp_2)
                                  0.250000    0.525286   clock uncertainty
                                  0.000000    0.525286   clock reconvergence pessimism
                                  0.354082    0.879368   library removal time
                                              0.879368   data required time
---------------------------------------------------------------------------------------------
                                              0.879368   data required time
                                             -1.521594   data arrival time
---------------------------------------------------------------------------------------------
                                              0.642226   slack (MET)


Startpoint: resetn (input port clocked by clk)
Endpoint: _108_ (removal check against rising-edge clock clk)
Path Group: asynchronous
Path Type: min

Fanout         Cap        Slew       Delay        Time   Description
---------------------------------------------------------------------------------------------
                                  0.000000    0.000000   clock clk (rise edge)
                                  0.000000    0.000000   clock network delay (propagated)
                                  0.780000    0.780000 ^ input external delay
     1    0.002812    0.019783    0.010336    0.790336 ^ resetn (in)
                                                         resetn (net)
                      0.019783    0.000000    0.790336 ^ hold2/A (sky130_fd_sc_hd__dlygate4sd3_1)
     1    0.002472    0.052218    0.523473    1.313809 ^ hold2/X (sky130_fd_sc_hd__dlygate4sd3_1)
                                                         net23 (net)
                      0.052218    0.000008    1.313817 ^ input11/A (sky130_fd_sc_hd__buf_2)
     8    0.036222    0.179053    0.207518    1.521335 ^ input11/X (sky130_fd_sc_hd__buf_2)
                                                         net11 (net)
                      0.179053    0.000095    1.521430 ^ _108_/RESET_B (sky130_fd_sc_hd__dfrtp_1)
                                              1.521430   data arrival time

                                  0.000000    0.000000   clock clk (rise edge)
                                  0.000000    0.000000   clock source latency
     1    0.010022    0.051510    0.034074    0.034074 ^ clk (in)
                                                         clk (net)
                      0.051510    0.000000    0.034074 ^ clkbuf_0_clk/A (sky130_fd_sc_hd__clkbuf_16)
     2    0.017298    0.039544    0.125256    0.159330 ^ clkbuf_0_clk/X (sky130_fd_sc_hd__clkbuf_16)
                                                         clknet_0_clk (net)
                      0.039544    0.000042    0.159372 ^ clkbuf_1_1__f_clk/A (sky130_fd_sc_hd__clkbuf_16)
     4    0.010055    0.033379    0.113950    0.273322 ^ clkbuf_1_1__f_clk/X (sky130_fd_sc_hd__clkbuf_16)
                                                         clknet_1_1__leaf_clk (net)
                      0.033379    0.000034    0.273356 ^ _108_/CLK (sky130_fd_sc_hd__dfrtp_1)
                                  0.250000    0.523356   clock uncertainty
                                  0.000000    0.523356   clock reconvergence pessimism
                                  0.353969    0.877325   library removal time
                                              0.877325   data required time
---------------------------------------------------------------------------------------------
                                              0.877325   data required time
                                             -1.521430   data arrival time
---------------------------------------------------------------------------------------------
                                              0.644105   slack (MET)


Startpoint: resetn (input port clocked by clk)
Endpoint: _112_ (removal check against rising-edge clock clk)
Path Group: asynchronous
Path Type: min

Fanout         Cap        Slew       Delay        Time   Description
---------------------------------------------------------------------------------------------
                                  0.000000    0.000000   clock clk (rise edge)
                                  0.000000    0.000000   clock network delay (propagated)
                                  0.780000    0.780000 ^ input external delay
     1    0.002812    0.019783    0.010336    0.790336 ^ resetn (in)
                                                         resetn (net)
                      0.019783    0.000000    0.790336 ^ hold2/A (sky130_fd_sc_hd__dlygate4sd3_1)
     1    0.002472    0.052218    0.523473    1.313809 ^ hold2/X (sky130_fd_sc_hd__dlygate4sd3_1)
                                                         net23 (net)
                      0.052218    0.000008    1.313817 ^ input11/A (sky130_fd_sc_hd__buf_2)
     8    0.036222    0.179053    0.207518    1.521335 ^ input11/X (sky130_fd_sc_hd__buf_2)
                                                         net11 (net)
                      0.179053    0.000120    1.521455 ^ _112_/RESET_B (sky130_fd_sc_hd__dfrtp_1)
                                              1.521455   data arrival time

                                  0.000000    0.000000   clock clk (rise edge)
                                  0.000000    0.000000   clock source latency
     1    0.010022    0.051510    0.034074    0.034074 ^ clk (in)
                                                         clk (net)
                      0.051510    0.000000    0.034074 ^ clkbuf_0_clk/A (sky130_fd_sc_hd__clkbuf_16)
     2    0.017298    0.039544    0.125256    0.159330 ^ clkbuf_0_clk/X (sky130_fd_sc_hd__clkbuf_16)
                                                         clknet_0_clk (net)
                      0.039544    0.000042    0.159372 ^ clkbuf_1_1__f_clk/A (sky130_fd_sc_hd__clkbuf_16)
     4    0.010055    0.033379    0.113950    0.273322 ^ clkbuf_1_1__f_clk/X (sky130_fd_sc_hd__clkbuf_16)
                                                         clknet_1_1__leaf_clk (net)
                      0.033379    0.000021    0.273343 ^ _112_/CLK (sky130_fd_sc_hd__dfrtp_1)
                                  0.250000    0.523343   clock uncertainty
                                  0.000000    0.523343   clock reconvergence pessimism
                                  0.353969    0.877312   library removal time
                                              0.877312   data required time
---------------------------------------------------------------------------------------------
                                              0.877312   data required time
                                             -1.521455   data arrival time
---------------------------------------------------------------------------------------------
                                              0.644143   slack (MET)


Startpoint: resetn (input port clocked by clk)
Endpoint: _113_ (removal check against rising-edge clock clk)
Path Group: asynchronous
Path Type: min

Fanout         Cap        Slew       Delay        Time   Description
---------------------------------------------------------------------------------------------
                                  0.000000    0.000000   clock clk (rise edge)
                                  0.000000    0.000000   clock network delay (propagated)
                                  0.780000    0.780000 ^ input external delay
     1    0.002812    0.019783    0.010336    0.790336 ^ resetn (in)
                                                         resetn (net)
                      0.019783    0.000000    0.790336 ^ hold2/A (sky130_fd_sc_hd__dlygate4sd3_1)
     1    0.002472    0.052218    0.523473    1.313809 ^ hold2/X (sky130_fd_sc_hd__dlygate4sd3_1)
                                                         net23 (net)
                      0.052218    0.000008    1.313817 ^ input11/A (sky130_fd_sc_hd__buf_2)
     8    0.036222    0.179053    0.207518    1.521335 ^ input11/X (sky130_fd_sc_hd__buf_2)
                                                         net11 (net)
                      0.179053    0.000157    1.521492 ^ _113_/RESET_B (sky130_fd_sc_hd__dfrtp_1)
                                              1.521492   data arrival time

                                  0.000000    0.000000   clock clk (rise edge)
                                  0.000000    0.000000   clock source latency
     1    0.010022    0.051510    0.034074    0.034074 ^ clk (in)
                                                         clk (net)
                      0.051510    0.000000    0.034074 ^ clkbuf_0_clk/A (sky130_fd_sc_hd__clkbuf_16)
     2    0.017298    0.039544    0.125256    0.159330 ^ clkbuf_0_clk/X (sky130_fd_sc_hd__clkbuf_16)
                                                         clknet_0_clk (net)
                      0.039544    0.000042    0.159372 ^ clkbuf_1_1__f_clk/A (sky130_fd_sc_hd__clkbuf_16)
     4    0.010055    0.033379    0.113950    0.273322 ^ clkbuf_1_1__f_clk/X (sky130_fd_sc_hd__clkbuf_16)
                                                         clknet_1_1__leaf_clk (net)
                      0.033379    0.000029    0.273351 ^ _113_/CLK (sky130_fd_sc_hd__dfrtp_1)
                                  0.250000    0.523351   clock uncertainty
                                  0.000000    0.523351   clock reconvergence pessimism
                                  0.353969    0.877320   library removal time
                                              0.877320   data required time
---------------------------------------------------------------------------------------------
                                              0.877320   data required time
                                             -1.521492   data arrival time
---------------------------------------------------------------------------------------------
                                              0.644171   slack (MET)


Startpoint: resetn (input port clocked by clk)
Endpoint: _109_ (removal check against rising-edge clock clk)
Path Group: asynchronous
Path Type: min

Fanout         Cap        Slew       Delay        Time   Description
---------------------------------------------------------------------------------------------
                                  0.000000    0.000000   clock clk (rise edge)
                                  0.000000    0.000000   clock network delay (propagated)
                                  0.780000    0.780000 ^ input external delay
     1    0.002812    0.019783    0.010336    0.790336 ^ resetn (in)
                                                         resetn (net)
                      0.019783    0.000000    0.790336 ^ hold2/A (sky130_fd_sc_hd__dlygate4sd3_1)
     1    0.002472    0.052218    0.523473    1.313809 ^ hold2/X (sky130_fd_sc_hd__dlygate4sd3_1)
                                                         net23 (net)
                      0.052218    0.000008    1.313817 ^ input11/A (sky130_fd_sc_hd__buf_2)
     8    0.036222    0.179053    0.207518    1.521335 ^ input11/X (sky130_fd_sc_hd__buf_2)
                                                         net11 (net)
                      0.179053    0.000242    1.521577 ^ _109_/RESET_B (sky130_fd_sc_hd__dfrtp_1)
                                              1.521577   data arrival time

                                  0.000000    0.000000   clock clk (rise edge)
                                  0.000000    0.000000   clock source latency
     1    0.010022    0.051510    0.034074    0.034074 ^ clk (in)
                                                         clk (net)
                      0.051510    0.000000    0.034074 ^ clkbuf_0_clk/A (sky130_fd_sc_hd__clkbuf_16)
     2    0.017298    0.039544    0.125256    0.159330 ^ clkbuf_0_clk/X (sky130_fd_sc_hd__clkbuf_16)
                                                         clknet_0_clk (net)
                      0.039544    0.000042    0.159372 ^ clkbuf_1_1__f_clk/A (sky130_fd_sc_hd__clkbuf_16)
     4    0.010055    0.033379    0.113950    0.273322 ^ clkbuf_1_1__f_clk/X (sky130_fd_sc_hd__clkbuf_16)
                                                         clknet_1_1__leaf_clk (net)
                      0.033379    0.000040    0.273362 ^ _109_/CLK (sky130_fd_sc_hd__dfrtp_1)
                                  0.250000    0.523362   clock uncertainty
                                  0.000000    0.523362   clock reconvergence pessimism
                                  0.353969    0.877331   library removal time
                                              0.877331   data required time
---------------------------------------------------------------------------------------------
                                              0.877331   data required time
                                             -1.521577   data arrival time
---------------------------------------------------------------------------------------------
                                              0.644246   slack (MET)


Startpoint: _114_ (rising edge-triggered flip-flop clocked by clk)
Endpoint: count[6] (output port clocked by clk)
Path Group: clk
Path Type: min

Fanout         Cap        Slew       Delay        Time   Description
---------------------------------------------------------------------------------------------
                                  0.000000    0.000000   clock clk (rise edge)
                                  0.000000    0.000000   clock source latency
     1    0.010022    0.051510    0.034074    0.034074 ^ clk (in)
                                                         clk (net)
                      0.051510    0.000000    0.034074 ^ clkbuf_0_clk/A (sky130_fd_sc_hd__clkbuf_16)
     2    0.017298    0.039544    0.125256    0.159330 ^ clkbuf_0_clk/X (sky130_fd_sc_hd__clkbuf_16)
                                                         clknet_0_clk (net)
                      0.039544    0.000023    0.159353 ^ clkbuf_1_0__f_clk/A (sky130_fd_sc_hd__clkbuf_16)
     5    0.012089    0.035113    0.115909    0.275262 ^ clkbuf_1_0__f_clk/X (sky130_fd_sc_hd__clkbuf_16)
                                                         clknet_1_0__leaf_clk (net)
                      0.035113    0.000023    0.275285 ^ _114_/CLK (sky130_fd_sc_hd__dfrtp_1)
     4    0.009138    0.096258    0.354153    0.629438 ^ _114_/Q (sky130_fd_sc_hd__dfrtp_1)
                                                         net19 (net)
                      0.096258    0.000025    0.629463 ^ output19/A (sky130_fd_sc_hd__clkbuf_4)
     1    0.034397    0.112802    0.204338    0.833801 ^ output19/X (sky130_fd_sc_hd__clkbuf_4)
                                                         count[6] (net)
                      0.112802    0.000219    0.834020 ^ count[6] (out)
                                              0.834020   data arrival time

                                  0.000000    0.000000   clock clk (rise edge)
                                  0.000000    0.000000   clock network delay (propagated)
                                  0.250000    0.250000   clock uncertainty
                                  0.000000    0.250000   clock reconvergence pessimism
                                 -0.780000   -0.530000   output external delay
                                             -0.530000   data required time
---------------------------------------------------------------------------------------------
                                             -0.530000   data required time
                                             -0.834020   data arrival time
---------------------------------------------------------------------------------------------
                                              1.364020   slack (MET)


Startpoint: _108_ (rising edge-triggered flip-flop clocked by clk)
Endpoint: count[0] (output port clocked by clk)
Path Group: clk
Path Type: min

Fanout         Cap        Slew       Delay        Time   Description
---------------------------------------------------------------------------------------------
                                  0.000000    0.000000   clock clk (rise edge)
                                  0.000000    0.000000   clock source latency
     1    0.010022    0.051510    0.034074    0.034074 ^ clk (in)
                                                         clk (net)
                      0.051510    0.000000    0.034074 ^ clkbuf_0_clk/A (sky130_fd_sc_hd__clkbuf_16)
     2    0.017298    0.039544    0.125256    0.159330 ^ clkbuf_0_clk/X (sky130_fd_sc_hd__clkbuf_16)
                                                         clknet_0_clk (net)
                      0.039544    0.000042    0.159372 ^ clkbuf_1_1__f_clk/A (sky130_fd_sc_hd__clkbuf_16)
     4    0.010055    0.033379    0.113950    0.273322 ^ clkbuf_1_1__f_clk/X (sky130_fd_sc_hd__clkbuf_16)
                                                         clknet_1_1__leaf_clk (net)
                      0.033379    0.000034    0.273356 ^ _108_/CLK (sky130_fd_sc_hd__dfrtp_1)
     3    0.008788    0.067972    0.381845    0.655201 v _108_/Q (sky130_fd_sc_hd__dfrtp_1)
                                                         net13 (net)
                      0.067972    0.000011    0.655212 v output13/A (sky130_fd_sc_hd__buf_2)
     1    0.034223    0.089127    0.190702    0.845914 v output13/X (sky130_fd_sc_hd__buf_2)
                                                         count[0] (net)
                      0.089127    0.000122    0.846036 v count[0] (out)
                                              0.846036   data arrival time

                                  0.000000    0.000000   clock clk (rise edge)
                                  0.000000    0.000000   clock network delay (propagated)
                                  0.250000    0.250000   clock uncertainty
                                  0.000000    0.250000   clock reconvergence pessimism
                                 -0.780000   -0.530000   output external delay
                                             -0.530000   data required time
---------------------------------------------------------------------------------------------
                                             -0.530000   data required time
                                             -0.846036   data arrival time
---------------------------------------------------------------------------------------------
                                              1.376036   slack (MET)


Startpoint: _115_ (rising edge-triggered flip-flop clocked by clk)
Endpoint: count[7] (output port clocked by clk)
Path Group: clk
Path Type: min

Fanout         Cap        Slew       Delay        Time   Description
---------------------------------------------------------------------------------------------
                                  0.000000    0.000000   clock clk (rise edge)
                                  0.000000    0.000000   clock source latency
     1    0.010022    0.051510    0.034074    0.034074 ^ clk (in)
                                                         clk (net)
                      0.051510    0.000000    0.034074 ^ clkbuf_0_clk/A (sky130_fd_sc_hd__clkbuf_16)
     2    0.017298    0.039544    0.125256    0.159330 ^ clkbuf_0_clk/X (sky130_fd_sc_hd__clkbuf_16)
                                                         clknet_0_clk (net)
                      0.039544    0.000023    0.159353 ^ clkbuf_1_0__f_clk/A (sky130_fd_sc_hd__clkbuf_16)
     5    0.012089    0.035113    0.115909    0.275262 ^ clkbuf_1_0__f_clk/X (sky130_fd_sc_hd__clkbuf_16)
                                                         clknet_1_0__leaf_clk (net)
                      0.035113    0.000020    0.275282 ^ _115_/CLK (sky130_fd_sc_hd__dfrtp_1)
     3    0.009289    0.067743    0.385167    0.660449 v _115_/Q (sky130_fd_sc_hd__dfrtp_1)
                                                         net20 (net)
                      0.067743    0.000040    0.660489 v output20/A (sky130_fd_sc_hd__buf_2)
     1    0.034006    0.088644    0.190220    0.850709 v output20/X (sky130_fd_sc_hd__buf_2)
                                                         count[7] (net)
                      0.088644    0.000086    0.850795 v count[7] (out)
                                              0.850795   data arrival time

                                  0.000000    0.000000   clock clk (rise edge)
                                  0.000000    0.000000   clock network delay (propagated)
                                  0.250000    0.250000   clock uncertainty
                                  0.000000    0.250000   clock reconvergence pessimism
                                 -0.780000   -0.530000   output external delay
                                             -0.530000   data required time
---------------------------------------------------------------------------------------------
                                             -0.530000   data required time
                                             -0.850795   data arrival time
---------------------------------------------------------------------------------------------
                                              1.380795   slack (MET)


Startpoint: _112_ (rising edge-triggered flip-flop clocked by clk)
Endpoint: count[4] (output port clocked by clk)
Path Group: clk
Path Type: min

Fanout         Cap        Slew       Delay        Time   Description
---------------------------------------------------------------------------------------------
                                  0.000000    0.000000   clock clk (rise edge)
                                  0.000000    0.000000   clock source latency
     1    0.010022    0.051510    0.034074    0.034074 ^ clk (in)
                                                         clk (net)
                      0.051510    0.000000    0.034074 ^ clkbuf_0_clk/A (sky130_fd_sc_hd__clkbuf_16)
     2    0.017298    0.039544    0.125256    0.159330 ^ clkbuf_0_clk/X (sky130_fd_sc_hd__clkbuf_16)
                                                         clknet_0_clk (net)
                      0.039544    0.000042    0.159372 ^ clkbuf_1_1__f_clk/A (sky130_fd_sc_hd__clkbuf_16)
     4    0.010055    0.033379    0.113950    0.273322 ^ clkbuf_1_1__f_clk/X (sky130_fd_sc_hd__clkbuf_16)
                                                         clknet_1_1__leaf_clk (net)
                      0.033379    0.000021    0.273343 ^ _112_/CLK (sky130_fd_sc_hd__dfrtp_1)
     5    0.011722    0.078112    0.394449    0.667792 v _112_/Q (sky130_fd_sc_hd__dfrtp_1)
                                                         net17 (net)
                      0.078112    0.000044    0.667835 v output17/A (sky130_fd_sc_hd__buf_2)
     1    0.033960    0.088551    0.194861    0.862696 v output17/X (sky130_fd_sc_hd__buf_2)
                                                         count[4] (net)
                      0.088551    0.000075    0.862772 v count[4] (out)
                                              0.862772   data arrival time

                                  0.000000    0.000000   clock clk (rise edge)
                                  0.000000    0.000000   clock network delay (propagated)
                                  0.250000    0.250000   clock uncertainty
                                  0.000000    0.250000   clock reconvergence pessimism
                                 -0.780000   -0.530000   output external delay
                                             -0.530000   data required time
---------------------------------------------------------------------------------------------
                                             -0.530000   data required time
                                             -0.862772   data arrival time
---------------------------------------------------------------------------------------------
                                              1.392771   slack (MET)


Startpoint: _113_ (rising edge-triggered flip-flop clocked by clk)
Endpoint: count[5] (output port clocked by clk)
Path Group: clk
Path Type: min

Fanout         Cap        Slew       Delay        Time   Description
---------------------------------------------------------------------------------------------
                                  0.000000    0.000000   clock clk (rise edge)
                                  0.000000    0.000000   clock source latency
     1    0.010022    0.051510    0.034074    0.034074 ^ clk (in)
                                                         clk (net)
                      0.051510    0.000000    0.034074 ^ clkbuf_0_clk/A (sky130_fd_sc_hd__clkbuf_16)
     2    0.017298    0.039544    0.125256    0.159330 ^ clkbuf_0_clk/X (sky130_fd_sc_hd__clkbuf_16)
                                                         clknet_0_clk (net)
                      0.039544    0.000042    0.159372 ^ clkbuf_1_1__f_clk/A (sky130_fd_sc_hd__clkbuf_16)
     4    0.010055    0.033379    0.113950    0.273322 ^ clkbuf_1_1__f_clk/X (sky130_fd_sc_hd__clkbuf_16)
                                                         clknet_1_1__leaf_clk (net)
                      0.033379    0.000029    0.273351 ^ _113_/CLK (sky130_fd_sc_hd__dfrtp_1)
     4    0.012389    0.080992    0.397160    0.670511 v _113_/Q (sky130_fd_sc_hd__dfrtp_1)
                                                         net18 (net)
                      0.080992    0.000008    0.670519 v output18/A (sky130_fd_sc_hd__buf_2)
     1    0.034048    0.088751    0.196318    0.866837 v output18/X (sky130_fd_sc_hd__buf_2)
                                                         count[5] (net)
                      0.088751    0.000096    0.866933 v count[5] (out)
                                              0.866933   data arrival time

                                  0.000000    0.000000   clock clk (rise edge)
                                  0.000000    0.000000   clock network delay (propagated)
                                  0.250000    0.250000   clock uncertainty
                                  0.000000    0.250000   clock reconvergence pessimism
                                 -0.780000   -0.530000   output external delay
                                             -0.530000   data required time
---------------------------------------------------------------------------------------------
                                             -0.530000   data required time
                                             -0.866933   data arrival time
---------------------------------------------------------------------------------------------
                                              1.396933   slack (MET)


Startpoint: _109_ (rising edge-triggered flip-flop clocked by clk)
Endpoint: count[1] (output port clocked by clk)
Path Group: clk
Path Type: min

Fanout         Cap        Slew       Delay        Time   Description
---------------------------------------------------------------------------------------------
                                  0.000000    0.000000   clock clk (rise edge)
                                  0.000000    0.000000   clock source latency
     1    0.010022    0.051510    0.034074    0.034074 ^ clk (in)
                                                         clk (net)
                      0.051510    0.000000    0.034074 ^ clkbuf_0_clk/A (sky130_fd_sc_hd__clkbuf_16)
     2    0.017298    0.039544    0.125256    0.159330 ^ clkbuf_0_clk/X (sky130_fd_sc_hd__clkbuf_16)
                                                         clknet_0_clk (net)
                      0.039544    0.000042    0.159372 ^ clkbuf_1_1__f_clk/A (sky130_fd_sc_hd__clkbuf_16)
     4    0.010055    0.033379    0.113950    0.273322 ^ clkbuf_1_1__f_clk/X (sky130_fd_sc_hd__clkbuf_16)
                                                         clknet_1_1__leaf_clk (net)
                      0.033379    0.000040    0.273362 ^ _109_/CLK (sky130_fd_sc_hd__dfrtp_1)
     4    0.012209    0.080209    0.396435    0.669797 v _109_/Q (sky130_fd_sc_hd__dfrtp_1)
                                                         net14 (net)
                      0.080209    0.000030    0.669827 v output14/A (sky130_fd_sc_hd__buf_2)
     1    0.034700    0.090224    0.197060    0.866888 v output14/X (sky130_fd_sc_hd__buf_2)
                                                         count[1] (net)
                      0.090224    0.000249    0.867136 v count[1] (out)
                                              0.867136   data arrival time

                                  0.000000    0.000000   clock clk (rise edge)
                                  0.000000    0.000000   clock network delay (propagated)
                                  0.250000    0.250000   clock uncertainty
                                  0.000000    0.250000   clock reconvergence pessimism
                                 -0.780000   -0.530000   output external delay
                                             -0.530000   data required time
---------------------------------------------------------------------------------------------
                                             -0.530000   data required time
                                             -0.867136   data arrival time
---------------------------------------------------------------------------------------------
                                              1.397136   slack (MET)


Startpoint: _111_ (rising edge-triggered flip-flop clocked by clk)
Endpoint: count[3] (output port clocked by clk)
Path Group: clk
Path Type: min

Fanout         Cap        Slew       Delay        Time   Description
---------------------------------------------------------------------------------------------
                                  0.000000    0.000000   clock clk (rise edge)
                                  0.000000    0.000000   clock source latency
     1    0.010022    0.051510    0.034074    0.034074 ^ clk (in)
                                                         clk (net)
                      0.051510    0.000000    0.034074 ^ clkbuf_0_clk/A (sky130_fd_sc_hd__clkbuf_16)
     2    0.017298    0.039544    0.125256    0.159330 ^ clkbuf_0_clk/X (sky130_fd_sc_hd__clkbuf_16)
                                                         clknet_0_clk (net)
                      0.039544    0.000023    0.159353 ^ clkbuf_1_0__f_clk/A (sky130_fd_sc_hd__clkbuf_16)
     5    0.012089    0.035113    0.115909    0.275262 ^ clkbuf_1_0__f_clk/X (sky130_fd_sc_hd__clkbuf_16)
                                                         clknet_1_0__leaf_clk (net)
                      0.035113    0.000010    0.275272 ^ _111_/CLK (sky130_fd_sc_hd__dfrtp_1)
     4    0.012744    0.082500    0.399235    0.674508 v _111_/Q (sky130_fd_sc_hd__dfrtp_1)
                                                         net16 (net)
                      0.082500    0.000049    0.674556 v output16/A (sky130_fd_sc_hd__buf_2)
     1    0.034215    0.089130    0.197285    0.871842 v output16/X (sky130_fd_sc_hd__buf_2)
                                                         count[3] (net)
                      0.089130    0.000135    0.871977 v count[3] (out)
                                              0.871977   data arrival time

                                  0.000000    0.000000   clock clk (rise edge)
                                  0.000000    0.000000   clock network delay (propagated)
                                  0.250000    0.250000   clock uncertainty
                                  0.000000    0.250000   clock reconvergence pessimism
                                 -0.780000   -0.530000   output external delay
                                             -0.530000   data required time
---------------------------------------------------------------------------------------------
                                             -0.530000   data required time
                                             -0.871977   data arrival time
---------------------------------------------------------------------------------------------
                                              1.401977   slack (MET)


Startpoint: _110_ (rising edge-triggered flip-flop clocked by clk)
Endpoint: count[2] (output port clocked by clk)
Path Group: clk
Path Type: min

Fanout         Cap        Slew       Delay        Time   Description
---------------------------------------------------------------------------------------------
                                  0.000000    0.000000   clock clk (rise edge)
                                  0.000000    0.000000   clock source latency
     1    0.010022    0.051510    0.034074    0.034074 ^ clk (in)
                                                         clk (net)
                      0.051510    0.000000    0.034074 ^ clkbuf_0_clk/A (sky130_fd_sc_hd__clkbuf_16)
     2    0.017298    0.039544    0.125256    0.159330 ^ clkbuf_0_clk/X (sky130_fd_sc_hd__clkbuf_16)
                                                         clknet_0_clk (net)
                      0.039544    0.000023    0.159353 ^ clkbuf_1_0__f_clk/A (sky130_fd_sc_hd__clkbuf_16)
     5    0.012089    0.035113    0.115909    0.275262 ^ clkbuf_1_0__f_clk/X (sky130_fd_sc_hd__clkbuf_16)
                                                         clknet_1_0__leaf_clk (net)
                      0.035113    0.000024    0.275286 ^ _110_/CLK (sky130_fd_sc_hd__dfrtp_2)
     5    0.017934    0.101707    0.389664    0.664951 ^ _110_/Q (sky130_fd_sc_hd__dfrtp_2)
                                                         net15 (net)
                      0.101707    0.000024    0.664974 ^ output15/A (sky130_fd_sc_hd__buf_2)
     1    0.033936    0.171371    0.218347    0.883321 ^ output15/X (sky130_fd_sc_hd__buf_2)
                                                         count[2] (net)
                      0.171371    0.000070    0.883392 ^ count[2] (out)
                                              0.883392   data arrival time

                                  0.000000    0.000000   clock clk (rise edge)
                                  0.000000    0.000000   clock network delay (propagated)
                                  0.250000    0.250000   clock uncertainty
                                  0.000000    0.250000   clock reconvergence pessimism
                                 -0.780000   -0.530000   output external delay
                                             -0.530000   data required time
---------------------------------------------------------------------------------------------
                                             -0.530000   data required time
                                             -0.883392   data arrival time
---------------------------------------------------------------------------------------------
                                              1.413392   slack (MET)



