
===========================================================================
report_checks -path_delay min (Hold)
============================================================================
======================= nom_ff_n40C_1v95 Corner ===================================

Startpoint: _108_ (rising edge-triggered flip-flop clocked by clk)
Endpoint: _108_ (rising edge-triggered flip-flop clocked by clk)
Path Group: clk
Path Type: min

Fanout         Cap        Slew       Delay        Time   Description
---------------------------------------------------------------------------------------------
                                  0.000000    0.000000   clock clk (rise edge)
                                  0.000000    0.000000   clock source latency
     1    0.011802    0.000000    0.000000    0.000000 ^ clk (in)
                                                         clk (net)
                      0.000383    0.000191    0.000191 ^ clkbuf_0_clk/A (sky130_fd_sc_hd__clkbuf_16)
     2    0.019247    0.030615    0.075483    0.075675 ^ clkbuf_0_clk/X (sky130_fd_sc_hd__clkbuf_16)
                                                         clknet_0_clk (net)
                      0.030617    0.000496    0.076171 ^ clkbuf_1_0__f_clk/A (sky130_fd_sc_hd__clkbuf_16)
     5    0.015275    0.028020    0.081086    0.157257 ^ clkbuf_1_0__f_clk/X (sky130_fd_sc_hd__clkbuf_16)
                                                         clknet_1_0__leaf_clk (net)
                      0.028020    0.000337    0.157594 ^ _108_/CLK (sky130_fd_sc_hd__dfrtp_1)
     3    0.012510    0.089632    0.242597    0.400191 ^ _108_/Q (sky130_fd_sc_hd__dfrtp_1)
                                                         net13 (net)
                      0.089632    0.000359    0.400550 ^ _060_/A1 (sky130_fd_sc_hd__a21oi_1)
     1    0.003212    0.017520    0.042148    0.442698 v _060_/Y (sky130_fd_sc_hd__a21oi_1)
                                                         _000_ (net)
                      0.017523    0.000102    0.442799 v _108_/D (sky130_fd_sc_hd__dfrtp_1)
                                              0.442799   data arrival time

                                  0.000000    0.000000   clock clk (rise edge)
                                  0.000000    0.000000   clock source latency
     1    0.011802    0.000000    0.000000    0.000000 ^ clk (in)
                                                         clk (net)
                      0.000383    0.000191    0.000191 ^ clkbuf_0_clk/A (sky130_fd_sc_hd__clkbuf_16)
     2    0.019247    0.030615    0.075483    0.075675 ^ clkbuf_0_clk/X (sky130_fd_sc_hd__clkbuf_16)
                                                         clknet_0_clk (net)
                      0.030617    0.000496    0.076171 ^ clkbuf_1_0__f_clk/A (sky130_fd_sc_hd__clkbuf_16)
     5    0.015275    0.028020    0.081086    0.157257 ^ clkbuf_1_0__f_clk/X (sky130_fd_sc_hd__clkbuf_16)
                                                         clknet_1_0__leaf_clk (net)
                      0.028020    0.000337    0.157594 ^ _108_/CLK (sky130_fd_sc_hd__dfrtp_1)
                                  0.000000    0.157594   clock reconvergence pessimism
                                 -0.027970    0.129624   library hold time
                                              0.129624   data required time
---------------------------------------------------------------------------------------------
                                              0.129624   data required time
                                             -0.442799   data arrival time
---------------------------------------------------------------------------------------------
                                              0.313175   slack (MET)


Startpoint: _111_ (rising edge-triggered flip-flop clocked by clk)
Endpoint: _111_ (rising edge-triggered flip-flop clocked by clk)
Path Group: clk
Path Type: min

Fanout         Cap        Slew       Delay        Time   Description
---------------------------------------------------------------------------------------------
                                  0.000000    0.000000   clock clk (rise edge)
                                  0.000000    0.000000   clock source latency
     1    0.011802    0.000000    0.000000    0.000000 ^ clk (in)
                                                         clk (net)
                      0.000383    0.000191    0.000191 ^ clkbuf_0_clk/A (sky130_fd_sc_hd__clkbuf_16)
     2    0.019247    0.030615    0.075483    0.075675 ^ clkbuf_0_clk/X (sky130_fd_sc_hd__clkbuf_16)
                                                         clknet_0_clk (net)
                      0.030617    0.000477    0.076151 ^ clkbuf_1_1__f_clk/A (sky130_fd_sc_hd__clkbuf_16)
     4    0.011883    0.025775    0.078822    0.154973 ^ clkbuf_1_1__f_clk/X (sky130_fd_sc_hd__clkbuf_16)
                                                         clknet_1_1__leaf_clk (net)
                      0.025775    0.000215    0.155189 ^ _111_/CLK (sky130_fd_sc_hd__dfrtp_1)
     4    0.014883    0.104658    0.252689    0.407878 ^ _111_/Q (sky130_fd_sc_hd__dfrtp_1)
                                                         net16 (net)
                      0.104658    0.000411    0.408289 ^ _078_/B2 (sky130_fd_sc_hd__a221o_1)
     1    0.002405    0.025834    0.086315    0.494604 ^ _078_/X (sky130_fd_sc_hd__a221o_1)
                                                         _003_ (net)
                      0.025834    0.000068    0.494672 ^ _111_/D (sky130_fd_sc_hd__dfrtp_1)
                                              0.494672   data arrival time

                                  0.000000    0.000000   clock clk (rise edge)
                                  0.000000    0.000000   clock source latency
     1    0.011802    0.000000    0.000000    0.000000 ^ clk (in)
                                                         clk (net)
                      0.000383    0.000191    0.000191 ^ clkbuf_0_clk/A (sky130_fd_sc_hd__clkbuf_16)
     2    0.019247    0.030615    0.075483    0.075675 ^ clkbuf_0_clk/X (sky130_fd_sc_hd__clkbuf_16)
                                                         clknet_0_clk (net)
                      0.030617    0.000477    0.076151 ^ clkbuf_1_1__f_clk/A (sky130_fd_sc_hd__clkbuf_16)
     4    0.011883    0.025775    0.078822    0.154973 ^ clkbuf_1_1__f_clk/X (sky130_fd_sc_hd__clkbuf_16)
                                                         clknet_1_1__leaf_clk (net)
                      0.025775    0.000215    0.155189 ^ _111_/CLK (sky130_fd_sc_hd__dfrtp_1)
                                  0.000000    0.155189   clock reconvergence pessimism
                                 -0.019539    0.135650   library hold time
                                              0.135650   data required time
---------------------------------------------------------------------------------------------
                                              0.135650   data required time
                                             -0.494672   data arrival time
---------------------------------------------------------------------------------------------
                                              0.359022   slack (MET)


Startpoint: _114_ (rising edge-triggered flip-flop clocked by clk)
Endpoint: _114_ (rising edge-triggered flip-flop clocked by clk)
Path Group: clk
Path Type: min

Fanout         Cap        Slew       Delay        Time   Description
---------------------------------------------------------------------------------------------
                                  0.000000    0.000000   clock clk (rise edge)
                                  0.000000    0.000000   clock source latency
     1    0.011802    0.000000    0.000000    0.000000 ^ clk (in)
                                                         clk (net)
                      0.000383    0.000191    0.000191 ^ clkbuf_0_clk/A (sky130_fd_sc_hd__clkbuf_16)
     2    0.019247    0.030615    0.075483    0.075675 ^ clkbuf_0_clk/X (sky130_fd_sc_hd__clkbuf_16)
                                                         clknet_0_clk (net)
                      0.030617    0.000477    0.076151 ^ clkbuf_1_1__f_clk/A (sky130_fd_sc_hd__clkbuf_16)
     4    0.011883    0.025775    0.078822    0.154973 ^ clkbuf_1_1__f_clk/X (sky130_fd_sc_hd__clkbuf_16)
                                                         clknet_1_1__leaf_clk (net)
                      0.025775    0.000202    0.155175 ^ _114_/CLK (sky130_fd_sc_hd__dfrtp_1)
     4    0.010827    0.078966    0.234361    0.389536 ^ _114_/Q (sky130_fd_sc_hd__dfrtp_1)
                                                         net19 (net)
                      0.078966    0.000284    0.389821 ^ _101_/B2 (sky130_fd_sc_hd__a22o_1)
     1    0.002750    0.029516    0.074659    0.464480 ^ _101_/X (sky130_fd_sc_hd__a22o_1)
                                                         _049_ (net)
                      0.029516    0.000054    0.464534 ^ _102_/B1 (sky130_fd_sc_hd__a31o_1)
     1    0.002957    0.028282    0.051300    0.515833 ^ _102_/X (sky130_fd_sc_hd__a31o_1)
                                                         _006_ (net)
                      0.028282    0.000086    0.515919 ^ _114_/D (sky130_fd_sc_hd__dfrtp_1)
                                              0.515919   data arrival time

                                  0.000000    0.000000   clock clk (rise edge)
                                  0.000000    0.000000   clock source latency
     1    0.011802    0.000000    0.000000    0.000000 ^ clk (in)
                                                         clk (net)
                      0.000383    0.000191    0.000191 ^ clkbuf_0_clk/A (sky130_fd_sc_hd__clkbuf_16)
     2    0.019247    0.030615    0.075483    0.075675 ^ clkbuf_0_clk/X (sky130_fd_sc_hd__clkbuf_16)
                                                         clknet_0_clk (net)
                      0.030617    0.000477    0.076151 ^ clkbuf_1_1__f_clk/A (sky130_fd_sc_hd__clkbuf_16)
     4    0.011883    0.025775    0.078822    0.154973 ^ clkbuf_1_1__f_clk/X (sky130_fd_sc_hd__clkbuf_16)
                                                         clknet_1_1__leaf_clk (net)
                      0.025775    0.000202    0.155175 ^ _114_/CLK (sky130_fd_sc_hd__dfrtp_1)
                                  0.000000    0.155175   clock reconvergence pessimism
                                 -0.019724    0.135451   library hold time
                                              0.135451   data required time
---------------------------------------------------------------------------------------------
                                              0.135451   data required time
                                             -0.515919   data arrival time
---------------------------------------------------------------------------------------------
                                              0.380468   slack (MET)


Startpoint: _115_ (rising edge-triggered flip-flop clocked by clk)
Endpoint: _115_ (rising edge-triggered flip-flop clocked by clk)
Path Group: clk
Path Type: min

Fanout         Cap        Slew       Delay        Time   Description
---------------------------------------------------------------------------------------------
                                  0.000000    0.000000   clock clk (rise edge)
                                  0.000000    0.000000   clock source latency
     1    0.011802    0.000000    0.000000    0.000000 ^ clk (in)
                                                         clk (net)
                      0.000383    0.000191    0.000191 ^ clkbuf_0_clk/A (sky130_fd_sc_hd__clkbuf_16)
     2    0.019247    0.030615    0.075483    0.075675 ^ clkbuf_0_clk/X (sky130_fd_sc_hd__clkbuf_16)
                                                         clknet_0_clk (net)
                      0.030617    0.000477    0.076151 ^ clkbuf_1_1__f_clk/A (sky130_fd_sc_hd__clkbuf_16)
     4    0.011883    0.025775    0.078822    0.154973 ^ clkbuf_1_1__f_clk/X (sky130_fd_sc_hd__clkbuf_16)
                                                         clknet_1_1__leaf_clk (net)
                      0.025775    0.000162    0.155135 ^ _115_/CLK (sky130_fd_sc_hd__dfrtp_1)
     3    0.011074    0.080519    0.235523    0.390658 ^ _115_/Q (sky130_fd_sc_hd__dfrtp_1)
                                                         net20 (net)
                      0.080519    0.000213    0.390871 ^ _106_/B2 (sky130_fd_sc_hd__a22o_1)
     1    0.003497    0.034186    0.078921    0.469792 ^ _106_/X (sky130_fd_sc_hd__a22o_1)
                                                         _053_ (net)
                      0.034186    0.000105    0.469897 ^ _107_/B1 (sky130_fd_sc_hd__a21o_1)
     1    0.002741    0.024933    0.046401    0.516298 ^ _107_/X (sky130_fd_sc_hd__a21o_1)
                                                         _007_ (net)
                      0.024933    0.000078    0.516376 ^ _115_/D (sky130_fd_sc_hd__dfrtp_1)
                                              0.516376   data arrival time

                                  0.000000    0.000000   clock clk (rise edge)
                                  0.000000    0.000000   clock source latency
     1    0.011802    0.000000    0.000000    0.000000 ^ clk (in)
                                                         clk (net)
                      0.000383    0.000191    0.000191 ^ clkbuf_0_clk/A (sky130_fd_sc_hd__clkbuf_16)
     2    0.019247    0.030615    0.075483    0.075675 ^ clkbuf_0_clk/X (sky130_fd_sc_hd__clkbuf_16)
                                                         clknet_0_clk (net)
                      0.030617    0.000477    0.076151 ^ clkbuf_1_1__f_clk/A (sky130_fd_sc_hd__clkbuf_16)
     4    0.011883    0.025775    0.078822    0.154973 ^ clkbuf_1_1__f_clk/X (sky130_fd_sc_hd__clkbuf_16)
                                                         clknet_1_1__leaf_clk (net)
                      0.025775    0.000162    0.155135 ^ _115_/CLK (sky130_fd_sc_hd__dfrtp_1)
                                  0.000000    0.155135   clock reconvergence pessimism
                                 -0.019470    0.135665   library hold time
                                              0.135665   data required time
---------------------------------------------------------------------------------------------
                                              0.135665   data required time
                                             -0.516376   data arrival time
---------------------------------------------------------------------------------------------
                                              0.380712   slack (MET)


Startpoint: _108_ (rising edge-triggered flip-flop clocked by clk)
Endpoint: _109_ (rising edge-triggered flip-flop clocked by clk)
Path Group: clk
Path Type: min

Fanout         Cap        Slew       Delay        Time   Description
---------------------------------------------------------------------------------------------
                                  0.000000    0.000000   clock clk (rise edge)
                                  0.000000    0.000000   clock source latency
     1    0.011802    0.000000    0.000000    0.000000 ^ clk (in)
                                                         clk (net)
                      0.000383    0.000191    0.000191 ^ clkbuf_0_clk/A (sky130_fd_sc_hd__clkbuf_16)
     2    0.019247    0.030615    0.075483    0.075675 ^ clkbuf_0_clk/X (sky130_fd_sc_hd__clkbuf_16)
                                                         clknet_0_clk (net)
                      0.030617    0.000496    0.076171 ^ clkbuf_1_0__f_clk/A (sky130_fd_sc_hd__clkbuf_16)
     5    0.015275    0.028020    0.081086    0.157257 ^ clkbuf_1_0__f_clk/X (sky130_fd_sc_hd__clkbuf_16)
                                                         clknet_1_0__leaf_clk (net)
                      0.028020    0.000337    0.157594 ^ _108_/CLK (sky130_fd_sc_hd__dfrtp_1)
     3    0.012510    0.089632    0.242597    0.400191 ^ _108_/Q (sky130_fd_sc_hd__dfrtp_1)
                                                         net13 (net)
                      0.089634    0.000502    0.400693 ^ _054_/A (sky130_fd_sc_hd__inv_2)
     4    0.011958    0.035418    0.034815    0.435508 v _054_/Y (sky130_fd_sc_hd__inv_2)
                                                         _008_ (net)
                      0.035420    0.000259    0.435766 v _063_/A (sky130_fd_sc_hd__nand2_1)
     1    0.003516    0.032571    0.042328    0.478095 ^ _063_/Y (sky130_fd_sc_hd__nand2_1)
                                                         _016_ (net)
                      0.032571    0.000106    0.478200 ^ _066_/A1 (sky130_fd_sc_hd__a21o_1)
     1    0.002499    0.023503    0.059723    0.537923 ^ _066_/X (sky130_fd_sc_hd__a21o_1)
                                                         _001_ (net)
                      0.023503    0.000071    0.537994 ^ _109_/D (sky130_fd_sc_hd__dfrtp_1)
                                              0.537994   data arrival time

                                  0.000000    0.000000   clock clk (rise edge)
                                  0.000000    0.000000   clock source latency
     1    0.011802    0.000000    0.000000    0.000000 ^ clk (in)
                                                         clk (net)
                      0.000383    0.000191    0.000191 ^ clkbuf_0_clk/A (sky130_fd_sc_hd__clkbuf_16)
     2    0.019247    0.030615    0.075483    0.075675 ^ clkbuf_0_clk/X (sky130_fd_sc_hd__clkbuf_16)
                                                         clknet_0_clk (net)
                      0.030617    0.000496    0.076171 ^ clkbuf_1_0__f_clk/A (sky130_fd_sc_hd__clkbuf_16)
     5    0.015275    0.028020    0.081086    0.157257 ^ clkbuf_1_0__f_clk/X (sky130_fd_sc_hd__clkbuf_16)
                                                         clknet_1_0__leaf_clk (net)
                      0.028023    0.000401    0.157657 ^ _109_/CLK (sky130_fd_sc_hd__dfrtp_1)
                                  0.000000    0.157657   clock reconvergence pessimism
                                 -0.019303    0.138355   library hold time
                                              0.138355   data required time
---------------------------------------------------------------------------------------------
                                              0.138355   data required time
                                             -0.537994   data arrival time
---------------------------------------------------------------------------------------------
                                              0.399639   slack (MET)


Startpoint: _110_ (rising edge-triggered flip-flop clocked by clk)
Endpoint: _110_ (rising edge-triggered flip-flop clocked by clk)
Path Group: clk
Path Type: min

Fanout         Cap        Slew       Delay        Time   Description
---------------------------------------------------------------------------------------------
                                  0.000000    0.000000   clock clk (rise edge)
                                  0.000000    0.000000   clock source latency
     1    0.011802    0.000000    0.000000    0.000000 ^ clk (in)
                                                         clk (net)
                      0.000383    0.000191    0.000191 ^ clkbuf_0_clk/A (sky130_fd_sc_hd__clkbuf_16)
     2    0.019247    0.030615    0.075483    0.075675 ^ clkbuf_0_clk/X (sky130_fd_sc_hd__clkbuf_16)
                                                         clknet_0_clk (net)
                      0.030617    0.000496    0.076171 ^ clkbuf_1_0__f_clk/A (sky130_fd_sc_hd__clkbuf_16)
     5    0.015275    0.028020    0.081086    0.157257 ^ clkbuf_1_0__f_clk/X (sky130_fd_sc_hd__clkbuf_16)
                                                         clknet_1_0__leaf_clk (net)
                      0.028024    0.000435    0.157692 ^ _110_/CLK (sky130_fd_sc_hd__dfrtp_2)
     5    0.020396    0.081908    0.255115    0.412808 ^ _110_/Q (sky130_fd_sc_hd__dfrtp_2)
                                                         net15 (net)
                      0.081908    0.000363    0.413171 ^ _071_/B2 (sky130_fd_sc_hd__a22o_1)
     1    0.003192    0.032310    0.077467    0.490637 ^ _071_/X (sky130_fd_sc_hd__a22o_1)
                                                         _023_ (net)
                      0.032310    0.000097    0.490734 ^ _072_/B1 (sky130_fd_sc_hd__a31o_1)
     1    0.002591    0.025907    0.049999    0.540733 ^ _072_/X (sky130_fd_sc_hd__a31o_1)
                                                         _002_ (net)
                      0.025907    0.000074    0.540807 ^ _110_/D (sky130_fd_sc_hd__dfrtp_2)
                                              0.540807   data arrival time

                                  0.000000    0.000000   clock clk (rise edge)
                                  0.000000    0.000000   clock source latency
     1    0.011802    0.000000    0.000000    0.000000 ^ clk (in)
                                                         clk (net)
                      0.000383    0.000191    0.000191 ^ clkbuf_0_clk/A (sky130_fd_sc_hd__clkbuf_16)
     2    0.019247    0.030615    0.075483    0.075675 ^ clkbuf_0_clk/X (sky130_fd_sc_hd__clkbuf_16)
                                                         clknet_0_clk (net)
                      0.030617    0.000496    0.076171 ^ clkbuf_1_0__f_clk/A (sky130_fd_sc_hd__clkbuf_16)
     5    0.015275    0.028020    0.081086    0.157257 ^ clkbuf_1_0__f_clk/X (sky130_fd_sc_hd__clkbuf_16)
                                                         clknet_1_0__leaf_clk (net)
                      0.028024    0.000435    0.157692 ^ _110_/CLK (sky130_fd_sc_hd__dfrtp_2)
                                  0.000000    0.157692   clock reconvergence pessimism
                                 -0.019447    0.138246   library hold time
                                              0.138246   data required time
---------------------------------------------------------------------------------------------
                                              0.138246   data required time
                                             -0.540807   data arrival time
---------------------------------------------------------------------------------------------
                                              0.402561   slack (MET)


Startpoint: _112_ (rising edge-triggered flip-flop clocked by clk)
Endpoint: _112_ (rising edge-triggered flip-flop clocked by clk)
Path Group: clk
Path Type: min

Fanout         Cap        Slew       Delay        Time   Description
---------------------------------------------------------------------------------------------
                                  0.000000    0.000000   clock clk (rise edge)
                                  0.000000    0.000000   clock source latency
     1    0.011802    0.000000    0.000000    0.000000 ^ clk (in)
                                                         clk (net)
                      0.000383    0.000191    0.000191 ^ clkbuf_0_clk/A (sky130_fd_sc_hd__clkbuf_16)
     2    0.019247    0.030615    0.075483    0.075675 ^ clkbuf_0_clk/X (sky130_fd_sc_hd__clkbuf_16)
                                                         clknet_0_clk (net)
                      0.030617    0.000496    0.076171 ^ clkbuf_1_0__f_clk/A (sky130_fd_sc_hd__clkbuf_16)
     5    0.015275    0.028020    0.081086    0.157257 ^ clkbuf_1_0__f_clk/X (sky130_fd_sc_hd__clkbuf_16)
                                                         clknet_1_0__leaf_clk (net)
                      0.028024    0.000477    0.157734 ^ _112_/CLK (sky130_fd_sc_hd__dfrtp_1)
     5    0.015995    0.111727    0.258356    0.416091 ^ _112_/Q (sky130_fd_sc_hd__dfrtp_1)
                                                         net17 (net)
                      0.111727    0.000423    0.416514 ^ _086_/B2 (sky130_fd_sc_hd__a22o_1)
     1    0.002959    0.031354    0.080487    0.497001 ^ _086_/X (sky130_fd_sc_hd__a22o_1)
                                                         _036_ (net)
                      0.031354    0.000085    0.497087 ^ _087_/B1 (sky130_fd_sc_hd__a31o_1)
     1    0.002787    0.027174    0.050805    0.547892 ^ _087_/X (sky130_fd_sc_hd__a31o_1)
                                                         _004_ (net)
                      0.027174    0.000081    0.547973 ^ _112_/D (sky130_fd_sc_hd__dfrtp_1)
                                              0.547973   data arrival time

                                  0.000000    0.000000   clock clk (rise edge)
                                  0.000000    0.000000   clock source latency
     1    0.011802    0.000000    0.000000    0.000000 ^ clk (in)
                                                         clk (net)
                      0.000383    0.000191    0.000191 ^ clkbuf_0_clk/A (sky130_fd_sc_hd__clkbuf_16)
     2    0.019247    0.030615    0.075483    0.075675 ^ clkbuf_0_clk/X (sky130_fd_sc_hd__clkbuf_16)
                                                         clknet_0_clk (net)
                      0.030617    0.000496    0.076171 ^ clkbuf_1_0__f_clk/A (sky130_fd_sc_hd__clkbuf_16)
     5    0.015275    0.028020    0.081086    0.157257 ^ clkbuf_1_0__f_clk/X (sky130_fd_sc_hd__clkbuf_16)
                                                         clknet_1_0__leaf_clk (net)
                      0.028024    0.000477    0.157734 ^ _112_/CLK (sky130_fd_sc_hd__dfrtp_1)
                                  0.000000    0.157734   clock reconvergence pessimism
                                 -0.019581    0.138154   library hold time
                                              0.138154   data required time
---------------------------------------------------------------------------------------------
                                              0.138154   data required time
                                             -0.547973   data arrival time
---------------------------------------------------------------------------------------------
                                              0.409819   slack (MET)


Startpoint: _113_ (rising edge-triggered flip-flop clocked by clk)
Endpoint: _113_ (rising edge-triggered flip-flop clocked by clk)
Path Group: clk
Path Type: min

Fanout         Cap        Slew       Delay        Time   Description
---------------------------------------------------------------------------------------------
                                  0.000000    0.000000   clock clk (rise edge)
                                  0.000000    0.000000   clock source latency
     1    0.011802    0.000000    0.000000    0.000000 ^ clk (in)
                                                         clk (net)
                      0.000383    0.000191    0.000191 ^ clkbuf_0_clk/A (sky130_fd_sc_hd__clkbuf_16)
     2    0.019247    0.030615    0.075483    0.075675 ^ clkbuf_0_clk/X (sky130_fd_sc_hd__clkbuf_16)
                                                         clknet_0_clk (net)
                      0.030617    0.000477    0.076151 ^ clkbuf_1_1__f_clk/A (sky130_fd_sc_hd__clkbuf_16)
     4    0.011883    0.025775    0.078822    0.154973 ^ clkbuf_1_1__f_clk/X (sky130_fd_sc_hd__clkbuf_16)
                                                         clknet_1_1__leaf_clk (net)
                      0.025775    0.000242    0.155216 ^ _113_/CLK (sky130_fd_sc_hd__dfrtp_1)
     4    0.016833    0.117037    0.261466    0.416682 ^ _113_/Q (sky130_fd_sc_hd__dfrtp_1)
                                                         net18 (net)
                      0.117037    0.000448    0.417130 ^ _092_/B2 (sky130_fd_sc_hd__a22o_1)
     1    0.003259    0.033269    0.082888    0.500017 ^ _092_/X (sky130_fd_sc_hd__a22o_1)
                                                         _041_ (net)
                      0.033269    0.000098    0.500115 ^ _093_/B1 (sky130_fd_sc_hd__a31o_1)
     1    0.002518    0.025445    0.049823    0.549939 ^ _093_/X (sky130_fd_sc_hd__a31o_1)
                                                         _005_ (net)
                      0.025445    0.000071    0.550010 ^ _113_/D (sky130_fd_sc_hd__dfrtp_1)
                                              0.550010   data arrival time

                                  0.000000    0.000000   clock clk (rise edge)
                                  0.000000    0.000000   clock source latency
     1    0.011802    0.000000    0.000000    0.000000 ^ clk (in)
                                                         clk (net)
                      0.000383    0.000191    0.000191 ^ clkbuf_0_clk/A (sky130_fd_sc_hd__clkbuf_16)
     2    0.019247    0.030615    0.075483    0.075675 ^ clkbuf_0_clk/X (sky130_fd_sc_hd__clkbuf_16)
                                                         clknet_0_clk (net)
                      0.030617    0.000477    0.076151 ^ clkbuf_1_1__f_clk/A (sky130_fd_sc_hd__clkbuf_16)
     4    0.011883    0.025775    0.078822    0.154973 ^ clkbuf_1_1__f_clk/X (sky130_fd_sc_hd__clkbuf_16)
                                                         clknet_1_1__leaf_clk (net)
                      0.025775    0.000242    0.155216 ^ _113_/CLK (sky130_fd_sc_hd__dfrtp_1)
                                  0.000000    0.155216   clock reconvergence pessimism
                                 -0.019509    0.135706   library hold time
                                              0.135706   data required time
---------------------------------------------------------------------------------------------
                                              0.135706   data required time
                                             -0.550010   data arrival time
---------------------------------------------------------------------------------------------
                                              0.414304   slack (MET)



