
===========================================================================
report_checks -path_delay min (Hold)
============================================================================
======================= nom_ff_n40C_1v95 Corner ===================================

Startpoint: _111_ (rising edge-triggered flip-flop clocked by clk)
Endpoint: _111_ (rising edge-triggered flip-flop clocked by clk)
Path Group: clk
Path Type: min

Fanout         Cap        Slew       Delay        Time   Description
---------------------------------------------------------------------------------------------
                                  0.000000    0.000000   clock clk (rise edge)
                                  0.000000    0.000000   clock source latency
     1    0.012213    0.046019    0.030512    0.030512 ^ clk (in)
                                                         clk (net)
                      0.046022    0.000000    0.030512 ^ clkbuf_0_clk/A (sky130_fd_sc_hd__clkbuf_16)
     2    0.019410    0.030809    0.088330    0.118842 ^ clkbuf_0_clk/X (sky130_fd_sc_hd__clkbuf_16)
                                                         clknet_0_clk (net)
                      0.030811    0.000481    0.119323 ^ clkbuf_1_1__f_clk/A (sky130_fd_sc_hd__clkbuf_16)
     4    0.011007    0.025193    0.078285    0.197608 ^ clkbuf_1_1__f_clk/X (sky130_fd_sc_hd__clkbuf_16)
                                                         clknet_1_1__leaf_clk (net)
                      0.025193    0.000197    0.197805 ^ _111_/CLK (sky130_fd_sc_hd__dfrtp_1)
     4    0.015245    0.106928    0.254245    0.452050 ^ _111_/Q (sky130_fd_sc_hd__dfrtp_1)
                                                         net16 (net)
                      0.106928    0.000264    0.452314 ^ _078_/B2 (sky130_fd_sc_hd__a221o_1)
     1    0.003713    0.034231    0.093979    0.546292 ^ _078_/X (sky130_fd_sc_hd__a221o_1)
                                                         _003_ (net)
                      0.034231    0.000126    0.546418 ^ _111_/D (sky130_fd_sc_hd__dfrtp_1)
                                              0.546418   data arrival time

                                  0.000000    0.000000   clock clk (rise edge)
                                  0.000000    0.000000   clock source latency
     1    0.012213    0.046019    0.030512    0.030512 ^ clk (in)
                                                         clk (net)
                      0.046022    0.000000    0.030512 ^ clkbuf_0_clk/A (sky130_fd_sc_hd__clkbuf_16)
     2    0.019410    0.030809    0.088330    0.118842 ^ clkbuf_0_clk/X (sky130_fd_sc_hd__clkbuf_16)
                                                         clknet_0_clk (net)
                      0.030811    0.000481    0.119323 ^ clkbuf_1_1__f_clk/A (sky130_fd_sc_hd__clkbuf_16)
     4    0.011007    0.025193    0.078285    0.197608 ^ clkbuf_1_1__f_clk/X (sky130_fd_sc_hd__clkbuf_16)
                                                         clknet_1_1__leaf_clk (net)
                      0.025193    0.000197    0.197805 ^ _111_/CLK (sky130_fd_sc_hd__dfrtp_1)
                                  0.250000    0.447805   clock uncertainty
                                  0.000000    0.447805   clock reconvergence pessimism
                                 -0.020190    0.427615   library hold time
                                              0.427615   data required time
---------------------------------------------------------------------------------------------
                                              0.427615   data required time
                                             -0.546418   data arrival time
---------------------------------------------------------------------------------------------
                                              0.118803   slack (MET)


Startpoint: _115_ (rising edge-triggered flip-flop clocked by clk)
Endpoint: _115_ (rising edge-triggered flip-flop clocked by clk)
Path Group: clk
Path Type: min

Fanout         Cap        Slew       Delay        Time   Description
---------------------------------------------------------------------------------------------
                                  0.000000    0.000000   clock clk (rise edge)
                                  0.000000    0.000000   clock source latency
     1    0.012213    0.046019    0.030512    0.030512 ^ clk (in)
                                                         clk (net)
                      0.046022    0.000000    0.030512 ^ clkbuf_0_clk/A (sky130_fd_sc_hd__clkbuf_16)
     2    0.019410    0.030809    0.088330    0.118842 ^ clkbuf_0_clk/X (sky130_fd_sc_hd__clkbuf_16)
                                                         clknet_0_clk (net)
                      0.030811    0.000481    0.119323 ^ clkbuf_1_1__f_clk/A (sky130_fd_sc_hd__clkbuf_16)
     4    0.011007    0.025193    0.078285    0.197608 ^ clkbuf_1_1__f_clk/X (sky130_fd_sc_hd__clkbuf_16)
                                                         clknet_1_1__leaf_clk (net)
                      0.025193    0.000149    0.197757 ^ _115_/CLK (sky130_fd_sc_hd__dfrtp_1)
     3    0.010902    0.079435    0.234566    0.432323 ^ _115_/Q (sky130_fd_sc_hd__dfrtp_1)
                                                         net20 (net)
                      0.079435    0.000224    0.432547 ^ _106_/B2 (sky130_fd_sc_hd__a22o_1)
     1    0.003318    0.033055    0.077793    0.510339 ^ _106_/X (sky130_fd_sc_hd__a22o_1)
                                                         _053_ (net)
                      0.033055    0.000101    0.510441 ^ _107_/B1 (sky130_fd_sc_hd__a21o_1)
     1    0.002583    0.023981    0.045475    0.555916 ^ _107_/X (sky130_fd_sc_hd__a21o_1)
                                                         _007_ (net)
                      0.023981    0.000073    0.555990 ^ _115_/D (sky130_fd_sc_hd__dfrtp_1)
                                              0.555990   data arrival time

                                  0.000000    0.000000   clock clk (rise edge)
                                  0.000000    0.000000   clock source latency
     1    0.012213    0.046019    0.030512    0.030512 ^ clk (in)
                                                         clk (net)
                      0.046022    0.000000    0.030512 ^ clkbuf_0_clk/A (sky130_fd_sc_hd__clkbuf_16)
     2    0.019410    0.030809    0.088330    0.118842 ^ clkbuf_0_clk/X (sky130_fd_sc_hd__clkbuf_16)
                                                         clknet_0_clk (net)
                      0.030811    0.000481    0.119323 ^ clkbuf_1_1__f_clk/A (sky130_fd_sc_hd__clkbuf_16)
     4    0.011007    0.025193    0.078285    0.197608 ^ clkbuf_1_1__f_clk/X (sky130_fd_sc_hd__clkbuf_16)
                                                         clknet_1_1__leaf_clk (net)
                      0.025193    0.000149    0.197757 ^ _115_/CLK (sky130_fd_sc_hd__dfrtp_1)
                                  0.250000    0.447757   clock uncertainty
                                  0.000000    0.447757   clock reconvergence pessimism
                                 -0.019414    0.428344   library hold time
                                              0.428344   data required time
---------------------------------------------------------------------------------------------
                                              0.428344   data required time
                                             -0.555990   data arrival time
---------------------------------------------------------------------------------------------
                                              0.127646   slack (MET)


Startpoint: _114_ (rising edge-triggered flip-flop clocked by clk)
Endpoint: _114_ (rising edge-triggered flip-flop clocked by clk)
Path Group: clk
Path Type: min

Fanout         Cap        Slew       Delay        Time   Description
---------------------------------------------------------------------------------------------
                                  0.000000    0.000000   clock clk (rise edge)
                                  0.000000    0.000000   clock source latency
     1    0.012213    0.046019    0.030512    0.030512 ^ clk (in)
                                                         clk (net)
                      0.046022    0.000000    0.030512 ^ clkbuf_0_clk/A (sky130_fd_sc_hd__clkbuf_16)
     2    0.019410    0.030809    0.088330    0.118842 ^ clkbuf_0_clk/X (sky130_fd_sc_hd__clkbuf_16)
                                                         clknet_0_clk (net)
                      0.030811    0.000481    0.119323 ^ clkbuf_1_1__f_clk/A (sky130_fd_sc_hd__clkbuf_16)
     4    0.011007    0.025193    0.078285    0.197608 ^ clkbuf_1_1__f_clk/X (sky130_fd_sc_hd__clkbuf_16)
                                                         clknet_1_1__leaf_clk (net)
                      0.025193    0.000179    0.197787 ^ _114_/CLK (sky130_fd_sc_hd__dfrtp_1)
     4    0.011642    0.084110    0.237895    0.435682 ^ _114_/Q (sky130_fd_sc_hd__dfrtp_1)
                                                         net19 (net)
                      0.084110    0.000239    0.435921 ^ _101_/B2 (sky130_fd_sc_hd__a22o_1)
     1    0.003870    0.036593    0.081411    0.517332 ^ _101_/X (sky130_fd_sc_hd__a22o_1)
                                                         _049_ (net)
                      0.036593    0.000126    0.517458 ^ _102_/B1 (sky130_fd_sc_hd__a31o_1)
     1    0.002952    0.028301    0.052714    0.570172 ^ _102_/X (sky130_fd_sc_hd__a31o_1)
                                                         _006_ (net)
                      0.028301    0.000086    0.570258 ^ _114_/D (sky130_fd_sc_hd__dfrtp_1)
                                              0.570258   data arrival time

                                  0.000000    0.000000   clock clk (rise edge)
                                  0.000000    0.000000   clock source latency
     1    0.012213    0.046019    0.030512    0.030512 ^ clk (in)
                                                         clk (net)
                      0.046022    0.000000    0.030512 ^ clkbuf_0_clk/A (sky130_fd_sc_hd__clkbuf_16)
     2    0.019410    0.030809    0.088330    0.118842 ^ clkbuf_0_clk/X (sky130_fd_sc_hd__clkbuf_16)
                                                         clknet_0_clk (net)
                      0.030811    0.000481    0.119323 ^ clkbuf_1_1__f_clk/A (sky130_fd_sc_hd__clkbuf_16)
     4    0.011007    0.025193    0.078285    0.197608 ^ clkbuf_1_1__f_clk/X (sky130_fd_sc_hd__clkbuf_16)
                                                         clknet_1_1__leaf_clk (net)
                      0.025193    0.000179    0.197787 ^ _114_/CLK (sky130_fd_sc_hd__dfrtp_1)
                                  0.250000    0.447787   clock uncertainty
                                  0.000000    0.447787   clock reconvergence pessimism
                                 -0.019741    0.428046   library hold time
                                              0.428046   data required time
---------------------------------------------------------------------------------------------
                                              0.428046   data required time
                                             -0.570258   data arrival time
---------------------------------------------------------------------------------------------
                                              0.142211   slack (MET)


Startpoint: _108_ (rising edge-triggered flip-flop clocked by clk)
Endpoint: _109_ (rising edge-triggered flip-flop clocked by clk)
Path Group: clk
Path Type: min

Fanout         Cap        Slew       Delay        Time   Description
---------------------------------------------------------------------------------------------
                                  0.000000    0.000000   clock clk (rise edge)
                                  0.000000    0.000000   clock source latency
     1    0.012213    0.046019    0.030512    0.030512 ^ clk (in)
                                                         clk (net)
                      0.046022    0.000000    0.030512 ^ clkbuf_0_clk/A (sky130_fd_sc_hd__clkbuf_16)
     2    0.019410    0.030809    0.088330    0.118842 ^ clkbuf_0_clk/X (sky130_fd_sc_hd__clkbuf_16)
                                                         clknet_0_clk (net)
                      0.030811    0.000498    0.119341 ^ clkbuf_1_0__f_clk/A (sky130_fd_sc_hd__clkbuf_16)
     5    0.014338    0.027402    0.080523    0.199864 ^ clkbuf_1_0__f_clk/X (sky130_fd_sc_hd__clkbuf_16)
                                                         clknet_1_0__leaf_clk (net)
                      0.027402    0.000267    0.200130 ^ _108_/CLK (sky130_fd_sc_hd__dfrtp_1)
     3    0.010676    0.078070    0.234195    0.434325 ^ _108_/Q (sky130_fd_sc_hd__dfrtp_1)
                                                         net13 (net)
                      0.078070    0.000276    0.434601 ^ _054_/A (sky130_fd_sc_hd__inv_2)
     4    0.013990    0.035629    0.037597    0.472198 v _054_/Y (sky130_fd_sc_hd__inv_2)
                                                         _008_ (net)
                      0.035639    0.000498    0.472696 v _063_/A (sky130_fd_sc_hd__nand2_1)
     1    0.003998    0.035470    0.044741    0.517437 ^ _063_/Y (sky130_fd_sc_hd__nand2_1)
                                                         _016_ (net)
                      0.035470    0.000128    0.517565 ^ _066_/A1 (sky130_fd_sc_hd__a21o_1)
     1    0.002447    0.023228    0.060169    0.577734 ^ _066_/X (sky130_fd_sc_hd__a21o_1)
                                                         _001_ (net)
                      0.023228    0.000068    0.577802 ^ _109_/D (sky130_fd_sc_hd__dfrtp_1)
                                              0.577802   data arrival time

                                  0.000000    0.000000   clock clk (rise edge)
                                  0.000000    0.000000   clock source latency
     1    0.012213    0.046019    0.030512    0.030512 ^ clk (in)
                                                         clk (net)
                      0.046022    0.000000    0.030512 ^ clkbuf_0_clk/A (sky130_fd_sc_hd__clkbuf_16)
     2    0.019410    0.030809    0.088330    0.118842 ^ clkbuf_0_clk/X (sky130_fd_sc_hd__clkbuf_16)
                                                         clknet_0_clk (net)
                      0.030811    0.000498    0.119341 ^ clkbuf_1_0__f_clk/A (sky130_fd_sc_hd__clkbuf_16)
     5    0.014338    0.027402    0.080523    0.199864 ^ clkbuf_1_0__f_clk/X (sky130_fd_sc_hd__clkbuf_16)
                                                         clknet_1_0__leaf_clk (net)
                      0.027402    0.000441    0.200304 ^ _109_/CLK (sky130_fd_sc_hd__dfrtp_1)
                                  0.250000    0.450304   clock uncertainty
                                  0.000000    0.450304   clock reconvergence pessimism
                                 -0.019298    0.431006   library hold time
                                              0.431006   data required time
---------------------------------------------------------------------------------------------
                                              0.431006   data required time
                                             -0.577802   data arrival time
---------------------------------------------------------------------------------------------
                                              0.146796   slack (MET)


Startpoint: _110_ (rising edge-triggered flip-flop clocked by clk)
Endpoint: _110_ (rising edge-triggered flip-flop clocked by clk)
Path Group: clk
Path Type: min

Fanout         Cap        Slew       Delay        Time   Description
---------------------------------------------------------------------------------------------
                                  0.000000    0.000000   clock clk (rise edge)
                                  0.000000    0.000000   clock source latency
     1    0.012213    0.046019    0.030512    0.030512 ^ clk (in)
                                                         clk (net)
                      0.046022    0.000000    0.030512 ^ clkbuf_0_clk/A (sky130_fd_sc_hd__clkbuf_16)
     2    0.019410    0.030809    0.088330    0.118842 ^ clkbuf_0_clk/X (sky130_fd_sc_hd__clkbuf_16)
                                                         clknet_0_clk (net)
                      0.030811    0.000498    0.119341 ^ clkbuf_1_0__f_clk/A (sky130_fd_sc_hd__clkbuf_16)
     5    0.014338    0.027402    0.080523    0.199864 ^ clkbuf_1_0__f_clk/X (sky130_fd_sc_hd__clkbuf_16)
                                                         clknet_1_0__leaf_clk (net)
                      0.027402    0.000442    0.200306 ^ _110_/CLK (sky130_fd_sc_hd__dfrtp_2)
     5    0.019217    0.077957    0.252049    0.452355 ^ _110_/Q (sky130_fd_sc_hd__dfrtp_2)
                                                         net15 (net)
                      0.077958    0.000348    0.452703 ^ _071_/B2 (sky130_fd_sc_hd__a22o_1)
     1    0.003322    0.033056    0.077601    0.530304 ^ _071_/X (sky130_fd_sc_hd__a22o_1)
                                                         _023_ (net)
                      0.033056    0.000102    0.530405 ^ _072_/B1 (sky130_fd_sc_hd__a31o_1)
     1    0.002638    0.026221    0.050394    0.580799 ^ _072_/X (sky130_fd_sc_hd__a31o_1)
                                                         _002_ (net)
                      0.026221    0.000075    0.580874 ^ _110_/D (sky130_fd_sc_hd__dfrtp_2)
                                              0.580874   data arrival time

                                  0.000000    0.000000   clock clk (rise edge)
                                  0.000000    0.000000   clock source latency
     1    0.012213    0.046019    0.030512    0.030512 ^ clk (in)
                                                         clk (net)
                      0.046022    0.000000    0.030512 ^ clkbuf_0_clk/A (sky130_fd_sc_hd__clkbuf_16)
     2    0.019410    0.030809    0.088330    0.118842 ^ clkbuf_0_clk/X (sky130_fd_sc_hd__clkbuf_16)
                                                         clknet_0_clk (net)
                      0.030811    0.000498    0.119341 ^ clkbuf_1_0__f_clk/A (sky130_fd_sc_hd__clkbuf_16)
     5    0.014338    0.027402    0.080523    0.199864 ^ clkbuf_1_0__f_clk/X (sky130_fd_sc_hd__clkbuf_16)
                                                         clknet_1_0__leaf_clk (net)
                      0.027402    0.000442    0.200306 ^ _110_/CLK (sky130_fd_sc_hd__dfrtp_2)
                                  0.250000    0.450306   clock uncertainty
                                  0.000000    0.450306   clock reconvergence pessimism
                                 -0.019486    0.430820   library hold time
                                              0.430820   data required time
---------------------------------------------------------------------------------------------
                                              0.430820   data required time
                                             -0.580874   data arrival time
---------------------------------------------------------------------------------------------
                                              0.150054   slack (MET)


Startpoint: _112_ (rising edge-triggered flip-flop clocked by clk)
Endpoint: _112_ (rising edge-triggered flip-flop clocked by clk)
Path Group: clk
Path Type: min

Fanout         Cap        Slew       Delay        Time   Description
---------------------------------------------------------------------------------------------
                                  0.000000    0.000000   clock clk (rise edge)
                                  0.000000    0.000000   clock source latency
     1    0.012213    0.046019    0.030512    0.030512 ^ clk (in)
                                                         clk (net)
                      0.046022    0.000000    0.030512 ^ clkbuf_0_clk/A (sky130_fd_sc_hd__clkbuf_16)
     2    0.019410    0.030809    0.088330    0.118842 ^ clkbuf_0_clk/X (sky130_fd_sc_hd__clkbuf_16)
                                                         clknet_0_clk (net)
                      0.030811    0.000498    0.119341 ^ clkbuf_1_0__f_clk/A (sky130_fd_sc_hd__clkbuf_16)
     5    0.014338    0.027402    0.080523    0.199864 ^ clkbuf_1_0__f_clk/X (sky130_fd_sc_hd__clkbuf_16)
                                                         clknet_1_0__leaf_clk (net)
                      0.027402    0.000260    0.200124 ^ _112_/CLK (sky130_fd_sc_hd__dfrtp_1)
     5    0.015265    0.107086    0.254915    0.455038 ^ _112_/Q (sky130_fd_sc_hd__dfrtp_1)
                                                         net17 (net)
                      0.107086    0.000308    0.455346 ^ _086_/B2 (sky130_fd_sc_hd__a22o_1)
     1    0.002715    0.029793    0.078503    0.533849 ^ _086_/X (sky130_fd_sc_hd__a22o_1)
                                                         _036_ (net)
                      0.029793    0.000053    0.533902 ^ _087_/B1 (sky130_fd_sc_hd__a31o_1)
     1    0.002762    0.026995    0.050357    0.584259 ^ _087_/X (sky130_fd_sc_hd__a31o_1)
                                                         _004_ (net)
                      0.026995    0.000079    0.584338 ^ _112_/D (sky130_fd_sc_hd__dfrtp_1)
                                              0.584338   data arrival time

                                  0.000000    0.000000   clock clk (rise edge)
                                  0.000000    0.000000   clock source latency
     1    0.012213    0.046019    0.030512    0.030512 ^ clk (in)
                                                         clk (net)
                      0.046022    0.000000    0.030512 ^ clkbuf_0_clk/A (sky130_fd_sc_hd__clkbuf_16)
     2    0.019410    0.030809    0.088330    0.118842 ^ clkbuf_0_clk/X (sky130_fd_sc_hd__clkbuf_16)
                                                         clknet_0_clk (net)
                      0.030811    0.000498    0.119341 ^ clkbuf_1_0__f_clk/A (sky130_fd_sc_hd__clkbuf_16)
     5    0.014338    0.027402    0.080523    0.199864 ^ clkbuf_1_0__f_clk/X (sky130_fd_sc_hd__clkbuf_16)
                                                         clknet_1_0__leaf_clk (net)
                      0.027402    0.000260    0.200124 ^ _112_/CLK (sky130_fd_sc_hd__dfrtp_1)
                                  0.250000    0.450124   clock uncertainty
                                  0.000000    0.450124   clock reconvergence pessimism
                                 -0.019584    0.430540   library hold time
                                              0.430540   data required time
---------------------------------------------------------------------------------------------
                                              0.430540   data required time
                                             -0.584338   data arrival time
---------------------------------------------------------------------------------------------
                                              0.153798   slack (MET)


Startpoint: _113_ (rising edge-triggered flip-flop clocked by clk)
Endpoint: _113_ (rising edge-triggered flip-flop clocked by clk)
Path Group: clk
Path Type: min

Fanout         Cap        Slew       Delay        Time   Description
---------------------------------------------------------------------------------------------
                                  0.000000    0.000000   clock clk (rise edge)
                                  0.000000    0.000000   clock source latency
     1    0.012213    0.046019    0.030512    0.030512 ^ clk (in)
                                                         clk (net)
                      0.046022    0.000000    0.030512 ^ clkbuf_0_clk/A (sky130_fd_sc_hd__clkbuf_16)
     2    0.019410    0.030809    0.088330    0.118842 ^ clkbuf_0_clk/X (sky130_fd_sc_hd__clkbuf_16)
                                                         clknet_0_clk (net)
                      0.030811    0.000481    0.119323 ^ clkbuf_1_1__f_clk/A (sky130_fd_sc_hd__clkbuf_16)
     4    0.011007    0.025193    0.078285    0.197608 ^ clkbuf_1_1__f_clk/X (sky130_fd_sc_hd__clkbuf_16)
                                                         clknet_1_1__leaf_clk (net)
                      0.025193    0.000159    0.197767 ^ _113_/CLK (sky130_fd_sc_hd__dfrtp_1)
     4    0.016651    0.115890    0.260458    0.458226 ^ _113_/Q (sky130_fd_sc_hd__dfrtp_1)
                                                         net18 (net)
                      0.115890    0.000372    0.458597 ^ _092_/B2 (sky130_fd_sc_hd__a22o_1)
     1    0.002755    0.030185    0.079982    0.538579 ^ _092_/X (sky130_fd_sc_hd__a22o_1)
                                                         _041_ (net)
                      0.030185    0.000055    0.538633 ^ _093_/B1 (sky130_fd_sc_hd__a31o_1)
     1    0.002304    0.024036    0.048096    0.586729 ^ _093_/X (sky130_fd_sc_hd__a31o_1)
                                                         _005_ (net)
                      0.024036    0.000065    0.586795 ^ _113_/D (sky130_fd_sc_hd__dfrtp_1)
                                              0.586795   data arrival time

                                  0.000000    0.000000   clock clk (rise edge)
                                  0.000000    0.000000   clock source latency
     1    0.012213    0.046019    0.030512    0.030512 ^ clk (in)
                                                         clk (net)
                      0.046022    0.000000    0.030512 ^ clkbuf_0_clk/A (sky130_fd_sc_hd__clkbuf_16)
     2    0.019410    0.030809    0.088330    0.118842 ^ clkbuf_0_clk/X (sky130_fd_sc_hd__clkbuf_16)
                                                         clknet_0_clk (net)
                      0.030811    0.000481    0.119323 ^ clkbuf_1_1__f_clk/A (sky130_fd_sc_hd__clkbuf_16)
     4    0.011007    0.025193    0.078285    0.197608 ^ clkbuf_1_1__f_clk/X (sky130_fd_sc_hd__clkbuf_16)
                                                         clknet_1_1__leaf_clk (net)
                      0.025193    0.000159    0.197767 ^ _113_/CLK (sky130_fd_sc_hd__dfrtp_1)
                                  0.250000    0.447767   clock uncertainty
                                  0.000000    0.447767   clock reconvergence pessimism
                                 -0.019418    0.428349   library hold time
                                              0.428349   data required time
---------------------------------------------------------------------------------------------
                                              0.428349   data required time
                                             -0.586795   data arrival time
---------------------------------------------------------------------------------------------
                                              0.158445   slack (MET)


Startpoint: _108_ (rising edge-triggered flip-flop clocked by clk)
Endpoint: _108_ (rising edge-triggered flip-flop clocked by clk)
Path Group: clk
Path Type: min

Fanout         Cap        Slew       Delay        Time   Description
---------------------------------------------------------------------------------------------
                                  0.000000    0.000000   clock clk (rise edge)
                                  0.000000    0.000000   clock source latency
     1    0.012213    0.046019    0.030512    0.030512 ^ clk (in)
                                                         clk (net)
                      0.046022    0.000000    0.030512 ^ clkbuf_0_clk/A (sky130_fd_sc_hd__clkbuf_16)
     2    0.019410    0.030809    0.088330    0.118842 ^ clkbuf_0_clk/X (sky130_fd_sc_hd__clkbuf_16)
                                                         clknet_0_clk (net)
                      0.030811    0.000498    0.119341 ^ clkbuf_1_0__f_clk/A (sky130_fd_sc_hd__clkbuf_16)
     5    0.014338    0.027402    0.080523    0.199864 ^ clkbuf_1_0__f_clk/X (sky130_fd_sc_hd__clkbuf_16)
                                                         clknet_1_0__leaf_clk (net)
                      0.027402    0.000267    0.200130 ^ _108_/CLK (sky130_fd_sc_hd__dfrtp_1)
     3    0.010676    0.078070    0.234195    0.434325 ^ _108_/Q (sky130_fd_sc_hd__dfrtp_1)
                                                         net13 (net)
                      0.078070    0.000276    0.434601 ^ _054_/A (sky130_fd_sc_hd__inv_2)
     4    0.013990    0.035629    0.037597    0.472198 v _054_/Y (sky130_fd_sc_hd__inv_2)
                                                         _008_ (net)
                      0.035637    0.000442    0.472639 v _059_/B2 (sky130_fd_sc_hd__a22o_1)
     1    0.003576    0.025716    0.096411    0.569050 v _059_/X (sky130_fd_sc_hd__a22o_1)
                                                         _013_ (net)
                      0.025716    0.000119    0.569169 v _060_/B1 (sky130_fd_sc_hd__a21oi_1)
     1    0.003078    0.049254    0.049600    0.618768 ^ _060_/Y (sky130_fd_sc_hd__a21oi_1)
                                                         _000_ (net)
                      0.049254    0.000094    0.618862 ^ _108_/D (sky130_fd_sc_hd__dfrtp_1)
                                              0.618862   data arrival time

                                  0.000000    0.000000   clock clk (rise edge)
                                  0.000000    0.000000   clock source latency
     1    0.012213    0.046019    0.030512    0.030512 ^ clk (in)
                                                         clk (net)
                      0.046022    0.000000    0.030512 ^ clkbuf_0_clk/A (sky130_fd_sc_hd__clkbuf_16)
     2    0.019410    0.030809    0.088330    0.118842 ^ clkbuf_0_clk/X (sky130_fd_sc_hd__clkbuf_16)
                                                         clknet_0_clk (net)
                      0.030811    0.000498    0.119341 ^ clkbuf_1_0__f_clk/A (sky130_fd_sc_hd__clkbuf_16)
     5    0.014338    0.027402    0.080523    0.199864 ^ clkbuf_1_0__f_clk/X (sky130_fd_sc_hd__clkbuf_16)
                                                         clknet_1_0__leaf_clk (net)
                      0.027402    0.000267    0.200130 ^ _108_/CLK (sky130_fd_sc_hd__dfrtp_1)
                                  0.250000    0.450130   clock uncertainty
                                  0.000000    0.450130   clock reconvergence pessimism
                                 -0.021269    0.428862   library hold time
                                              0.428862   data required time
---------------------------------------------------------------------------------------------
                                              0.428862   data required time
                                             -0.618862   data arrival time
---------------------------------------------------------------------------------------------
                                              0.190000   slack (MET)


Startpoint: resetn (input port clocked by clk)
Endpoint: _108_ (removal check against rising-edge clock clk)
Path Group: asynchronous
Path Type: min

Fanout         Cap        Slew       Delay        Time   Description
---------------------------------------------------------------------------------------------
                                  0.000000    0.000000   clock clk (rise edge)
                                  0.000000    0.000000   clock network delay (propagated)
                                  0.600000    0.600000 ^ input external delay
     1    0.003199    0.015347    0.008290    0.608290 ^ resetn (in)
                                                         resetn (net)
                      0.015348    0.000000    0.608290 ^ hold12/A (sky130_fd_sc_hd__dlygate4sd3_1)
     1    0.002381    0.034813    0.364476    0.972765 ^ hold12/X (sky130_fd_sc_hd__dlygate4sd3_1)
                                                         net33 (net)
                      0.034813    0.000067    0.972833 ^ input11/A (sky130_fd_sc_hd__buf_2)
     8    0.042821    0.158291    0.158522    1.131355 ^ input11/X (sky130_fd_sc_hd__buf_2)
                                                         net11 (net)
                      0.158297    0.000778    1.132133 ^ _108_/RESET_B (sky130_fd_sc_hd__dfrtp_1)
                                              1.132133   data arrival time

                                  0.000000    0.000000   clock clk (rise edge)
                                  0.000000    0.000000   clock source latency
     1    0.012213    0.046019    0.030512    0.030512 ^ clk (in)
                                                         clk (net)
                      0.046022    0.000000    0.030512 ^ clkbuf_0_clk/A (sky130_fd_sc_hd__clkbuf_16)
     2    0.019410    0.030809    0.088330    0.118842 ^ clkbuf_0_clk/X (sky130_fd_sc_hd__clkbuf_16)
                                                         clknet_0_clk (net)
                      0.030811    0.000498    0.119341 ^ clkbuf_1_0__f_clk/A (sky130_fd_sc_hd__clkbuf_16)
     5    0.014338    0.027402    0.080523    0.199864 ^ clkbuf_1_0__f_clk/X (sky130_fd_sc_hd__clkbuf_16)
                                                         clknet_1_0__leaf_clk (net)
                      0.027402    0.000267    0.200130 ^ _108_/CLK (sky130_fd_sc_hd__dfrtp_1)
                                  0.250000    0.450130   clock uncertainty
                                  0.000000    0.450130   clock reconvergence pessimism
                                  0.229743    0.679873   library removal time
                                              0.679873   data required time
---------------------------------------------------------------------------------------------
                                              0.679873   data required time
                                             -1.132133   data arrival time
---------------------------------------------------------------------------------------------
                                              0.452260   slack (MET)


Startpoint: resetn (input port clocked by clk)
Endpoint: _112_ (removal check against rising-edge clock clk)
Path Group: asynchronous
Path Type: min

Fanout         Cap        Slew       Delay        Time   Description
---------------------------------------------------------------------------------------------
                                  0.000000    0.000000   clock clk (rise edge)
                                  0.000000    0.000000   clock network delay (propagated)
                                  0.600000    0.600000 ^ input external delay
     1    0.003199    0.015347    0.008290    0.608290 ^ resetn (in)
                                                         resetn (net)
                      0.015348    0.000000    0.608290 ^ hold12/A (sky130_fd_sc_hd__dlygate4sd3_1)
     1    0.002381    0.034813    0.364476    0.972765 ^ hold12/X (sky130_fd_sc_hd__dlygate4sd3_1)
                                                         net33 (net)
                      0.034813    0.000067    0.972833 ^ input11/A (sky130_fd_sc_hd__buf_2)
     8    0.042821    0.158291    0.158522    1.131355 ^ input11/X (sky130_fd_sc_hd__buf_2)
                                                         net11 (net)
                      0.158299    0.000921    1.132276 ^ _112_/RESET_B (sky130_fd_sc_hd__dfrtp_1)
                                              1.132276   data arrival time

                                  0.000000    0.000000   clock clk (rise edge)
                                  0.000000    0.000000   clock source latency
     1    0.012213    0.046019    0.030512    0.030512 ^ clk (in)
                                                         clk (net)
                      0.046022    0.000000    0.030512 ^ clkbuf_0_clk/A (sky130_fd_sc_hd__clkbuf_16)
     2    0.019410    0.030809    0.088330    0.118842 ^ clkbuf_0_clk/X (sky130_fd_sc_hd__clkbuf_16)
                                                         clknet_0_clk (net)
                      0.030811    0.000498    0.119341 ^ clkbuf_1_0__f_clk/A (sky130_fd_sc_hd__clkbuf_16)
     5    0.014338    0.027402    0.080523    0.199864 ^ clkbuf_1_0__f_clk/X (sky130_fd_sc_hd__clkbuf_16)
                                                         clknet_1_0__leaf_clk (net)
                      0.027402    0.000260    0.200124 ^ _112_/CLK (sky130_fd_sc_hd__dfrtp_1)
                                  0.250000    0.450124   clock uncertainty
                                  0.000000    0.450124   clock reconvergence pessimism
                                  0.229744    0.679867   library removal time
                                              0.679867   data required time
---------------------------------------------------------------------------------------------
                                              0.679867   data required time
                                             -1.132276   data arrival time
---------------------------------------------------------------------------------------------
                                              0.452409   slack (MET)


Startpoint: resetn (input port clocked by clk)
Endpoint: _110_ (removal check against rising-edge clock clk)
Path Group: asynchronous
Path Type: min

Fanout         Cap        Slew       Delay        Time   Description
---------------------------------------------------------------------------------------------
                                  0.000000    0.000000   clock clk (rise edge)
                                  0.000000    0.000000   clock network delay (propagated)
                                  0.600000    0.600000 ^ input external delay
     1    0.003199    0.015347    0.008290    0.608290 ^ resetn (in)
                                                         resetn (net)
                      0.015348    0.000000    0.608290 ^ hold12/A (sky130_fd_sc_hd__dlygate4sd3_1)
     1    0.002381    0.034813    0.364476    0.972765 ^ hold12/X (sky130_fd_sc_hd__dlygate4sd3_1)
                                                         net33 (net)
                      0.034813    0.000067    0.972833 ^ input11/A (sky130_fd_sc_hd__buf_2)
     8    0.042821    0.158291    0.158522    1.131355 ^ input11/X (sky130_fd_sc_hd__buf_2)
                                                         net11 (net)
                      0.158368    0.002884    1.134239 ^ _110_/RESET_B (sky130_fd_sc_hd__dfrtp_2)
                                              1.134239   data arrival time

                                  0.000000    0.000000   clock clk (rise edge)
                                  0.000000    0.000000   clock source latency
     1    0.012213    0.046019    0.030512    0.030512 ^ clk (in)
                                                         clk (net)
                      0.046022    0.000000    0.030512 ^ clkbuf_0_clk/A (sky130_fd_sc_hd__clkbuf_16)
     2    0.019410    0.030809    0.088330    0.118842 ^ clkbuf_0_clk/X (sky130_fd_sc_hd__clkbuf_16)
                                                         clknet_0_clk (net)
                      0.030811    0.000498    0.119341 ^ clkbuf_1_0__f_clk/A (sky130_fd_sc_hd__clkbuf_16)
     5    0.014338    0.027402    0.080523    0.199864 ^ clkbuf_1_0__f_clk/X (sky130_fd_sc_hd__clkbuf_16)
                                                         clknet_1_0__leaf_clk (net)
                      0.027402    0.000442    0.200306 ^ _110_/CLK (sky130_fd_sc_hd__dfrtp_2)
                                  0.250000    0.450306   clock uncertainty
                                  0.000000    0.450306   clock reconvergence pessimism
                                  0.229762    0.680068   library removal time
                                              0.680068   data required time
---------------------------------------------------------------------------------------------
                                              0.680068   data required time
                                             -1.134239   data arrival time
---------------------------------------------------------------------------------------------
                                              0.454172   slack (MET)


Startpoint: resetn (input port clocked by clk)
Endpoint: _109_ (removal check against rising-edge clock clk)
Path Group: asynchronous
Path Type: min

Fanout         Cap        Slew       Delay        Time   Description
---------------------------------------------------------------------------------------------
                                  0.000000    0.000000   clock clk (rise edge)
                                  0.000000    0.000000   clock network delay (propagated)
                                  0.600000    0.600000 ^ input external delay
     1    0.003199    0.015347    0.008290    0.608290 ^ resetn (in)
                                                         resetn (net)
                      0.015348    0.000000    0.608290 ^ hold12/A (sky130_fd_sc_hd__dlygate4sd3_1)
     1    0.002381    0.034813    0.364476    0.972765 ^ hold12/X (sky130_fd_sc_hd__dlygate4sd3_1)
                                                         net33 (net)
                      0.034813    0.000067    0.972833 ^ input11/A (sky130_fd_sc_hd__buf_2)
     8    0.042821    0.158291    0.158522    1.131355 ^ input11/X (sky130_fd_sc_hd__buf_2)
                                                         net11 (net)
                      0.158371    0.002935    1.134290 ^ _109_/RESET_B (sky130_fd_sc_hd__dfrtp_1)
                                              1.134290   data arrival time

                                  0.000000    0.000000   clock clk (rise edge)
                                  0.000000    0.000000   clock source latency
     1    0.012213    0.046019    0.030512    0.030512 ^ clk (in)
                                                         clk (net)
                      0.046022    0.000000    0.030512 ^ clkbuf_0_clk/A (sky130_fd_sc_hd__clkbuf_16)
     2    0.019410    0.030809    0.088330    0.118842 ^ clkbuf_0_clk/X (sky130_fd_sc_hd__clkbuf_16)
                                                         clknet_0_clk (net)
                      0.030811    0.000498    0.119341 ^ clkbuf_1_0__f_clk/A (sky130_fd_sc_hd__clkbuf_16)
     5    0.014338    0.027402    0.080523    0.199864 ^ clkbuf_1_0__f_clk/X (sky130_fd_sc_hd__clkbuf_16)
                                                         clknet_1_0__leaf_clk (net)
                      0.027402    0.000441    0.200304 ^ _109_/CLK (sky130_fd_sc_hd__dfrtp_1)
                                  0.250000    0.450304   clock uncertainty
                                  0.000000    0.450304   clock reconvergence pessimism
                                  0.229762    0.680067   library removal time
                                              0.680067   data required time
---------------------------------------------------------------------------------------------
                                              0.680067   data required time
                                             -1.134290   data arrival time
---------------------------------------------------------------------------------------------
                                              0.454223   slack (MET)


Startpoint: resetn (input port clocked by clk)
Endpoint: _113_ (removal check against rising-edge clock clk)
Path Group: asynchronous
Path Type: min

Fanout         Cap        Slew       Delay        Time   Description
---------------------------------------------------------------------------------------------
                                  0.000000    0.000000   clock clk (rise edge)
                                  0.000000    0.000000   clock network delay (propagated)
                                  0.600000    0.600000 ^ input external delay
     1    0.003199    0.015347    0.008290    0.608290 ^ resetn (in)
                                                         resetn (net)
                      0.015348    0.000000    0.608290 ^ hold12/A (sky130_fd_sc_hd__dlygate4sd3_1)
     1    0.002381    0.034813    0.364476    0.972765 ^ hold12/X (sky130_fd_sc_hd__dlygate4sd3_1)
                                                         net33 (net)
                      0.034813    0.000067    0.972833 ^ input11/A (sky130_fd_sc_hd__buf_2)
     8    0.042821    0.158291    0.158522    1.131355 ^ input11/X (sky130_fd_sc_hd__buf_2)
                                                         net11 (net)
                      0.158311    0.001491    1.132846 ^ _113_/RESET_B (sky130_fd_sc_hd__dfrtp_1)
                                              1.132846   data arrival time

                                  0.000000    0.000000   clock clk (rise edge)
                                  0.000000    0.000000   clock source latency
     1    0.012213    0.046019    0.030512    0.030512 ^ clk (in)
                                                         clk (net)
                      0.046022    0.000000    0.030512 ^ clkbuf_0_clk/A (sky130_fd_sc_hd__clkbuf_16)
     2    0.019410    0.030809    0.088330    0.118842 ^ clkbuf_0_clk/X (sky130_fd_sc_hd__clkbuf_16)
                                                         clknet_0_clk (net)
                      0.030811    0.000481    0.119323 ^ clkbuf_1_1__f_clk/A (sky130_fd_sc_hd__clkbuf_16)
     4    0.011007    0.025193    0.078285    0.197608 ^ clkbuf_1_1__f_clk/X (sky130_fd_sc_hd__clkbuf_16)
                                                         clknet_1_1__leaf_clk (net)
                      0.025193    0.000159    0.197767 ^ _113_/CLK (sky130_fd_sc_hd__dfrtp_1)
                                  0.250000    0.447767   clock uncertainty
                                  0.000000    0.447767   clock reconvergence pessimism
                                  0.229446    0.677214   library removal time
                                              0.677214   data required time
---------------------------------------------------------------------------------------------
                                              0.677214   data required time
                                             -1.132846   data arrival time
---------------------------------------------------------------------------------------------
                                              0.455633   slack (MET)


Startpoint: resetn (input port clocked by clk)
Endpoint: _114_ (removal check against rising-edge clock clk)
Path Group: asynchronous
Path Type: min

Fanout         Cap        Slew       Delay        Time   Description
---------------------------------------------------------------------------------------------
                                  0.000000    0.000000   clock clk (rise edge)
                                  0.000000    0.000000   clock network delay (propagated)
                                  0.600000    0.600000 ^ input external delay
     1    0.003199    0.015347    0.008290    0.608290 ^ resetn (in)
                                                         resetn (net)
                      0.015348    0.000000    0.608290 ^ hold12/A (sky130_fd_sc_hd__dlygate4sd3_1)
     1    0.002381    0.034813    0.364476    0.972765 ^ hold12/X (sky130_fd_sc_hd__dlygate4sd3_1)
                                                         net33 (net)
                      0.034813    0.000067    0.972833 ^ input11/A (sky130_fd_sc_hd__buf_2)
     8    0.042821    0.158291    0.158522    1.131355 ^ input11/X (sky130_fd_sc_hd__buf_2)
                                                         net11 (net)
                      0.158335    0.002187    1.133543 ^ _114_/RESET_B (sky130_fd_sc_hd__dfrtp_1)
                                              1.133543   data arrival time

                                  0.000000    0.000000   clock clk (rise edge)
                                  0.000000    0.000000   clock source latency
     1    0.012213    0.046019    0.030512    0.030512 ^ clk (in)
                                                         clk (net)
                      0.046022    0.000000    0.030512 ^ clkbuf_0_clk/A (sky130_fd_sc_hd__clkbuf_16)
     2    0.019410    0.030809    0.088330    0.118842 ^ clkbuf_0_clk/X (sky130_fd_sc_hd__clkbuf_16)
                                                         clknet_0_clk (net)
                      0.030811    0.000481    0.119323 ^ clkbuf_1_1__f_clk/A (sky130_fd_sc_hd__clkbuf_16)
     4    0.011007    0.025193    0.078285    0.197608 ^ clkbuf_1_1__f_clk/X (sky130_fd_sc_hd__clkbuf_16)
                                                         clknet_1_1__leaf_clk (net)
                      0.025193    0.000179    0.197787 ^ _114_/CLK (sky130_fd_sc_hd__dfrtp_1)
                                  0.250000    0.447787   clock uncertainty
                                  0.000000    0.447787   clock reconvergence pessimism
                                  0.229453    0.677240   library removal time
                                              0.677240   data required time
---------------------------------------------------------------------------------------------
                                              0.677240   data required time
                                             -1.133543   data arrival time
---------------------------------------------------------------------------------------------
                                              0.456303   slack (MET)


Startpoint: resetn (input port clocked by clk)
Endpoint: _115_ (removal check against rising-edge clock clk)
Path Group: asynchronous
Path Type: min

Fanout         Cap        Slew       Delay        Time   Description
---------------------------------------------------------------------------------------------
                                  0.000000    0.000000   clock clk (rise edge)
                                  0.000000    0.000000   clock network delay (propagated)
                                  0.600000    0.600000 ^ input external delay
     1    0.003199    0.015347    0.008290    0.608290 ^ resetn (in)
                                                         resetn (net)
                      0.015348    0.000000    0.608290 ^ hold12/A (sky130_fd_sc_hd__dlygate4sd3_1)
     1    0.002381    0.034813    0.364476    0.972765 ^ hold12/X (sky130_fd_sc_hd__dlygate4sd3_1)
                                                         net33 (net)
                      0.034813    0.000067    0.972833 ^ input11/A (sky130_fd_sc_hd__buf_2)
     8    0.042821    0.158291    0.158522    1.131355 ^ input11/X (sky130_fd_sc_hd__buf_2)
                                                         net11 (net)
                      0.158349    0.002508    1.133863 ^ _115_/RESET_B (sky130_fd_sc_hd__dfrtp_1)
                                              1.133863   data arrival time

                                  0.000000    0.000000   clock clk (rise edge)
                                  0.000000    0.000000   clock source latency
     1    0.012213    0.046019    0.030512    0.030512 ^ clk (in)
                                                         clk (net)
                      0.046022    0.000000    0.030512 ^ clkbuf_0_clk/A (sky130_fd_sc_hd__clkbuf_16)
     2    0.019410    0.030809    0.088330    0.118842 ^ clkbuf_0_clk/X (sky130_fd_sc_hd__clkbuf_16)
                                                         clknet_0_clk (net)
                      0.030811    0.000481    0.119323 ^ clkbuf_1_1__f_clk/A (sky130_fd_sc_hd__clkbuf_16)
     4    0.011007    0.025193    0.078285    0.197608 ^ clkbuf_1_1__f_clk/X (sky130_fd_sc_hd__clkbuf_16)
                                                         clknet_1_1__leaf_clk (net)
                      0.025193    0.000149    0.197757 ^ _115_/CLK (sky130_fd_sc_hd__dfrtp_1)
                                  0.250000    0.447757   clock uncertainty
                                  0.000000    0.447757   clock reconvergence pessimism
                                  0.229456    0.677214   library removal time
                                              0.677214   data required time
---------------------------------------------------------------------------------------------
                                              0.677214   data required time
                                             -1.133863   data arrival time
---------------------------------------------------------------------------------------------
                                              0.456650   slack (MET)


Startpoint: resetn (input port clocked by clk)
Endpoint: _111_ (removal check against rising-edge clock clk)
Path Group: asynchronous
Path Type: min

Fanout         Cap        Slew       Delay        Time   Description
---------------------------------------------------------------------------------------------
                                  0.000000    0.000000   clock clk (rise edge)
                                  0.000000    0.000000   clock network delay (propagated)
                                  0.600000    0.600000 ^ input external delay
     1    0.003199    0.015347    0.008290    0.608290 ^ resetn (in)
                                                         resetn (net)
                      0.015348    0.000000    0.608290 ^ hold12/A (sky130_fd_sc_hd__dlygate4sd3_1)
     1    0.002381    0.034813    0.364476    0.972765 ^ hold12/X (sky130_fd_sc_hd__dlygate4sd3_1)
                                                         net33 (net)
                      0.034813    0.000067    0.972833 ^ input11/A (sky130_fd_sc_hd__buf_2)
     8    0.042821    0.158291    0.158522    1.131355 ^ input11/X (sky130_fd_sc_hd__buf_2)
                                                         net11 (net)
                      0.158352    0.002574    1.133929 ^ _111_/RESET_B (sky130_fd_sc_hd__dfrtp_1)
                                              1.133929   data arrival time

                                  0.000000    0.000000   clock clk (rise edge)
                                  0.000000    0.000000   clock source latency
     1    0.012213    0.046019    0.030512    0.030512 ^ clk (in)
                                                         clk (net)
                      0.046022    0.000000    0.030512 ^ clkbuf_0_clk/A (sky130_fd_sc_hd__clkbuf_16)
     2    0.019410    0.030809    0.088330    0.118842 ^ clkbuf_0_clk/X (sky130_fd_sc_hd__clkbuf_16)
                                                         clknet_0_clk (net)
                      0.030811    0.000481    0.119323 ^ clkbuf_1_1__f_clk/A (sky130_fd_sc_hd__clkbuf_16)
     4    0.011007    0.025193    0.078285    0.197608 ^ clkbuf_1_1__f_clk/X (sky130_fd_sc_hd__clkbuf_16)
                                                         clknet_1_1__leaf_clk (net)
                      0.025193    0.000197    0.197805 ^ _111_/CLK (sky130_fd_sc_hd__dfrtp_1)
                                  0.250000    0.447805   clock uncertainty
                                  0.000000    0.447805   clock reconvergence pessimism
                                  0.229457    0.677262   library removal time
                                              0.677262   data required time
---------------------------------------------------------------------------------------------
                                              0.677262   data required time
                                             -1.133929   data arrival time
---------------------------------------------------------------------------------------------
                                              0.456667   slack (MET)


Startpoint: _115_ (rising edge-triggered flip-flop clocked by clk)
Endpoint: count[7] (output port clocked by clk)
Path Group: clk
Path Type: min

Fanout         Cap        Slew       Delay        Time   Description
---------------------------------------------------------------------------------------------
                                  0.000000    0.000000   clock clk (rise edge)
                                  0.000000    0.000000   clock source latency
     1    0.012213    0.046019    0.030512    0.030512 ^ clk (in)
                                                         clk (net)
                      0.046022    0.000000    0.030512 ^ clkbuf_0_clk/A (sky130_fd_sc_hd__clkbuf_16)
     2    0.019410    0.030809    0.088330    0.118842 ^ clkbuf_0_clk/X (sky130_fd_sc_hd__clkbuf_16)
                                                         clknet_0_clk (net)
                      0.030811    0.000481    0.119323 ^ clkbuf_1_1__f_clk/A (sky130_fd_sc_hd__clkbuf_16)
     4    0.011007    0.025193    0.078285    0.197608 ^ clkbuf_1_1__f_clk/X (sky130_fd_sc_hd__clkbuf_16)
                                                         clknet_1_1__leaf_clk (net)
                      0.025193    0.000149    0.197757 ^ _115_/CLK (sky130_fd_sc_hd__dfrtp_1)
     3    0.010243    0.051440    0.246986    0.444743 v _115_/Q (sky130_fd_sc_hd__dfrtp_1)
                                                         net20 (net)
                      0.051440    0.000266    0.445010 v output20/A (sky130_fd_sc_hd__buf_2)
     1    0.033992    0.062360    0.125476    0.570486 v output20/X (sky130_fd_sc_hd__buf_2)
                                                         count[7] (net)
                      0.062366    0.000623    0.571109 v count[7] (out)
                                              0.571109   data arrival time

                                  0.000000    0.000000   clock clk (rise edge)
                                  0.000000    0.000000   clock network delay (propagated)
                                  0.250000    0.250000   clock uncertainty
                                  0.000000    0.250000   clock reconvergence pessimism
                                 -0.600000   -0.350000   output external delay
                                             -0.350000   data required time
---------------------------------------------------------------------------------------------
                                             -0.350000   data required time
                                             -0.571109   data arrival time
---------------------------------------------------------------------------------------------
                                              0.921109   slack (MET)


Startpoint: _108_ (rising edge-triggered flip-flop clocked by clk)
Endpoint: count[0] (output port clocked by clk)
Path Group: clk
Path Type: min

Fanout         Cap        Slew       Delay        Time   Description
---------------------------------------------------------------------------------------------
                                  0.000000    0.000000   clock clk (rise edge)
                                  0.000000    0.000000   clock source latency
     1    0.012213    0.046019    0.030512    0.030512 ^ clk (in)
                                                         clk (net)
                      0.046022    0.000000    0.030512 ^ clkbuf_0_clk/A (sky130_fd_sc_hd__clkbuf_16)
     2    0.019410    0.030809    0.088330    0.118842 ^ clkbuf_0_clk/X (sky130_fd_sc_hd__clkbuf_16)
                                                         clknet_0_clk (net)
                      0.030811    0.000498    0.119341 ^ clkbuf_1_0__f_clk/A (sky130_fd_sc_hd__clkbuf_16)
     5    0.014338    0.027402    0.080523    0.199864 ^ clkbuf_1_0__f_clk/X (sky130_fd_sc_hd__clkbuf_16)
                                                         clknet_1_0__leaf_clk (net)
                      0.027402    0.000267    0.200130 ^ _108_/CLK (sky130_fd_sc_hd__dfrtp_1)
     3    0.009980    0.051135    0.246686    0.446816 v _108_/Q (sky130_fd_sc_hd__dfrtp_1)
                                                         net13 (net)
                      0.051135    0.000197    0.447014 v output13/A (sky130_fd_sc_hd__buf_2)
     1    0.034667    0.063374    0.126190    0.573204 v output13/X (sky130_fd_sc_hd__buf_2)
                                                         count[0] (net)
                      0.063381    0.000661    0.573865 v count[0] (out)
                                              0.573865   data arrival time

                                  0.000000    0.000000   clock clk (rise edge)
                                  0.000000    0.000000   clock network delay (propagated)
                                  0.250000    0.250000   clock uncertainty
                                  0.000000    0.250000   clock reconvergence pessimism
                                 -0.600000   -0.350000   output external delay
                                             -0.350000   data required time
---------------------------------------------------------------------------------------------
                                             -0.350000   data required time
                                             -0.573865   data arrival time
---------------------------------------------------------------------------------------------
                                              0.923865   slack (MET)


Startpoint: _114_ (rising edge-triggered flip-flop clocked by clk)
Endpoint: count[6] (output port clocked by clk)
Path Group: clk
Path Type: min

Fanout         Cap        Slew       Delay        Time   Description
---------------------------------------------------------------------------------------------
                                  0.000000    0.000000   clock clk (rise edge)
                                  0.000000    0.000000   clock source latency
     1    0.012213    0.046019    0.030512    0.030512 ^ clk (in)
                                                         clk (net)
                      0.046022    0.000000    0.030512 ^ clkbuf_0_clk/A (sky130_fd_sc_hd__clkbuf_16)
     2    0.019410    0.030809    0.088330    0.118842 ^ clkbuf_0_clk/X (sky130_fd_sc_hd__clkbuf_16)
                                                         clknet_0_clk (net)
                      0.030811    0.000481    0.119323 ^ clkbuf_1_1__f_clk/A (sky130_fd_sc_hd__clkbuf_16)
     4    0.011007    0.025193    0.078285    0.197608 ^ clkbuf_1_1__f_clk/X (sky130_fd_sc_hd__clkbuf_16)
                                                         clknet_1_1__leaf_clk (net)
                      0.025193    0.000179    0.197787 ^ _114_/CLK (sky130_fd_sc_hd__dfrtp_1)
     4    0.011642    0.084110    0.237895    0.435682 ^ _114_/Q (sky130_fd_sc_hd__dfrtp_1)
                                                         net19 (net)
                      0.084111    0.000368    0.436050 ^ output19/A (sky130_fd_sc_hd__clkbuf_4)
     1    0.035191    0.086220    0.142059    0.578109 ^ output19/X (sky130_fd_sc_hd__clkbuf_4)
                                                         count[6] (net)
                      0.086229    0.000942    0.579051 ^ count[6] (out)
                                              0.579051   data arrival time

                                  0.000000    0.000000   clock clk (rise edge)
                                  0.000000    0.000000   clock network delay (propagated)
                                  0.250000    0.250000   clock uncertainty
                                  0.000000    0.250000   clock reconvergence pessimism
                                 -0.600000   -0.350000   output external delay
                                             -0.350000   data required time
---------------------------------------------------------------------------------------------
                                             -0.350000   data required time
                                             -0.579051   data arrival time
---------------------------------------------------------------------------------------------
                                              0.929051   slack (MET)


Startpoint: _111_ (rising edge-triggered flip-flop clocked by clk)
Endpoint: count[3] (output port clocked by clk)
Path Group: clk
Path Type: min

Fanout         Cap        Slew       Delay        Time   Description
---------------------------------------------------------------------------------------------
                                  0.000000    0.000000   clock clk (rise edge)
                                  0.000000    0.000000   clock source latency
     1    0.012213    0.046019    0.030512    0.030512 ^ clk (in)
                                                         clk (net)
                      0.046022    0.000000    0.030512 ^ clkbuf_0_clk/A (sky130_fd_sc_hd__clkbuf_16)
     2    0.019410    0.030809    0.088330    0.118842 ^ clkbuf_0_clk/X (sky130_fd_sc_hd__clkbuf_16)
                                                         clknet_0_clk (net)
                      0.030811    0.000481    0.119323 ^ clkbuf_1_1__f_clk/A (sky130_fd_sc_hd__clkbuf_16)
     4    0.011007    0.025193    0.078285    0.197608 ^ clkbuf_1_1__f_clk/X (sky130_fd_sc_hd__clkbuf_16)
                                                         clknet_1_1__leaf_clk (net)
                      0.025193    0.000197    0.197805 ^ _111_/CLK (sky130_fd_sc_hd__dfrtp_1)
     4    0.014259    0.062540    0.258433    0.456238 v _111_/Q (sky130_fd_sc_hd__dfrtp_1)
                                                         net16 (net)
                      0.062540    0.000168    0.456406 v output16/A (sky130_fd_sc_hd__buf_2)
     1    0.034246    0.062792    0.130244    0.586650 v output16/X (sky130_fd_sc_hd__buf_2)
                                                         count[3] (net)
                      0.062800    0.000699    0.587349 v count[3] (out)
                                              0.587349   data arrival time

                                  0.000000    0.000000   clock clk (rise edge)
                                  0.000000    0.000000   clock network delay (propagated)
                                  0.250000    0.250000   clock uncertainty
                                  0.000000    0.250000   clock reconvergence pessimism
                                 -0.600000   -0.350000   output external delay
                                             -0.350000   data required time
---------------------------------------------------------------------------------------------
                                             -0.350000   data required time
                                             -0.587349   data arrival time
---------------------------------------------------------------------------------------------
                                              0.937349   slack (MET)


Startpoint: _112_ (rising edge-triggered flip-flop clocked by clk)
Endpoint: count[4] (output port clocked by clk)
Path Group: clk
Path Type: min

Fanout         Cap        Slew       Delay        Time   Description
---------------------------------------------------------------------------------------------
                                  0.000000    0.000000   clock clk (rise edge)
                                  0.000000    0.000000   clock source latency
     1    0.012213    0.046019    0.030512    0.030512 ^ clk (in)
                                                         clk (net)
                      0.046022    0.000000    0.030512 ^ clkbuf_0_clk/A (sky130_fd_sc_hd__clkbuf_16)
     2    0.019410    0.030809    0.088330    0.118842 ^ clkbuf_0_clk/X (sky130_fd_sc_hd__clkbuf_16)
                                                         clknet_0_clk (net)
                      0.030811    0.000498    0.119341 ^ clkbuf_1_0__f_clk/A (sky130_fd_sc_hd__clkbuf_16)
     5    0.014338    0.027402    0.080523    0.199864 ^ clkbuf_1_0__f_clk/X (sky130_fd_sc_hd__clkbuf_16)
                                                         clknet_1_0__leaf_clk (net)
                      0.027402    0.000260    0.200124 ^ _112_/CLK (sky130_fd_sc_hd__dfrtp_1)
     5    0.014320    0.062758    0.259167    0.459291 v _112_/Q (sky130_fd_sc_hd__dfrtp_1)
                                                         net17 (net)
                      0.062758    0.000320    0.459610 v output17/A (sky130_fd_sc_hd__buf_2)
     1    0.033893    0.062237    0.129947    0.589557 v output17/X (sky130_fd_sc_hd__buf_2)
                                                         count[4] (net)
                      0.062242    0.000611    0.590168 v count[4] (out)
                                              0.590168   data arrival time

                                  0.000000    0.000000   clock clk (rise edge)
                                  0.000000    0.000000   clock network delay (propagated)
                                  0.250000    0.250000   clock uncertainty
                                  0.000000    0.250000   clock reconvergence pessimism
                                 -0.600000   -0.350000   output external delay
                                             -0.350000   data required time
---------------------------------------------------------------------------------------------
                                             -0.350000   data required time
                                             -0.590168   data arrival time
---------------------------------------------------------------------------------------------
                                              0.940168   slack (MET)


Startpoint: _113_ (rising edge-triggered flip-flop clocked by clk)
Endpoint: count[5] (output port clocked by clk)
Path Group: clk
Path Type: min

Fanout         Cap        Slew       Delay        Time   Description
---------------------------------------------------------------------------------------------
                                  0.000000    0.000000   clock clk (rise edge)
                                  0.000000    0.000000   clock source latency
     1    0.012213    0.046019    0.030512    0.030512 ^ clk (in)
                                                         clk (net)
                      0.046022    0.000000    0.030512 ^ clkbuf_0_clk/A (sky130_fd_sc_hd__clkbuf_16)
     2    0.019410    0.030809    0.088330    0.118842 ^ clkbuf_0_clk/X (sky130_fd_sc_hd__clkbuf_16)
                                                         clknet_0_clk (net)
                      0.030811    0.000481    0.119323 ^ clkbuf_1_1__f_clk/A (sky130_fd_sc_hd__clkbuf_16)
     4    0.011007    0.025193    0.078285    0.197608 ^ clkbuf_1_1__f_clk/X (sky130_fd_sc_hd__clkbuf_16)
                                                         clknet_1_1__leaf_clk (net)
                      0.025193    0.000159    0.197767 ^ _113_/CLK (sky130_fd_sc_hd__dfrtp_1)
     4    0.015666    0.066799    0.262117    0.459884 v _113_/Q (sky130_fd_sc_hd__dfrtp_1)
                                                         net18 (net)
                      0.066799    0.000268    0.460152 v output18/A (sky130_fd_sc_hd__buf_2)
     1    0.033974    0.062377    0.131677    0.591829 v output18/X (sky130_fd_sc_hd__buf_2)
                                                         count[5] (net)
                      0.062383    0.000632    0.592461 v count[5] (out)
                                              0.592461   data arrival time

                                  0.000000    0.000000   clock clk (rise edge)
                                  0.000000    0.000000   clock network delay (propagated)
                                  0.250000    0.250000   clock uncertainty
                                  0.000000    0.250000   clock reconvergence pessimism
                                 -0.600000   -0.350000   output external delay
                                             -0.350000   data required time
---------------------------------------------------------------------------------------------
                                             -0.350000   data required time
                                             -0.592461   data arrival time
---------------------------------------------------------------------------------------------
                                              0.942461   slack (MET)


Startpoint: _110_ (rising edge-triggered flip-flop clocked by clk)
Endpoint: count[2] (output port clocked by clk)
Path Group: clk
Path Type: min

Fanout         Cap        Slew       Delay        Time   Description
---------------------------------------------------------------------------------------------
                                  0.000000    0.000000   clock clk (rise edge)
                                  0.000000    0.000000   clock source latency
     1    0.012213    0.046019    0.030512    0.030512 ^ clk (in)
                                                         clk (net)
                      0.046022    0.000000    0.030512 ^ clkbuf_0_clk/A (sky130_fd_sc_hd__clkbuf_16)
     2    0.019410    0.030809    0.088330    0.118842 ^ clkbuf_0_clk/X (sky130_fd_sc_hd__clkbuf_16)
                                                         clknet_0_clk (net)
                      0.030811    0.000498    0.119341 ^ clkbuf_1_0__f_clk/A (sky130_fd_sc_hd__clkbuf_16)
     5    0.014338    0.027402    0.080523    0.199864 ^ clkbuf_1_0__f_clk/X (sky130_fd_sc_hd__clkbuf_16)
                                                         clknet_1_0__leaf_clk (net)
                      0.027402    0.000442    0.200306 ^ _110_/CLK (sky130_fd_sc_hd__dfrtp_2)
     5    0.017837    0.053738    0.270503    0.470809 v _110_/Q (sky130_fd_sc_hd__dfrtp_2)
                                                         net15 (net)
                      0.053776    0.000318    0.471127 v output15/A (sky130_fd_sc_hd__buf_2)
     1    0.034078    0.062520    0.126464    0.597591 v output15/X (sky130_fd_sc_hd__buf_2)
                                                         count[2] (net)
                      0.062528    0.000705    0.598296 v count[2] (out)
                                              0.598296   data arrival time

                                  0.000000    0.000000   clock clk (rise edge)
                                  0.000000    0.000000   clock network delay (propagated)
                                  0.250000    0.250000   clock uncertainty
                                  0.000000    0.250000   clock reconvergence pessimism
                                 -0.600000   -0.350000   output external delay
                                             -0.350000   data required time
---------------------------------------------------------------------------------------------
                                             -0.350000   data required time
                                             -0.598296   data arrival time
---------------------------------------------------------------------------------------------
                                              0.948296   slack (MET)


Startpoint: _109_ (rising edge-triggered flip-flop clocked by clk)
Endpoint: count[1] (output port clocked by clk)
Path Group: clk
Path Type: min

Fanout         Cap        Slew       Delay        Time   Description
---------------------------------------------------------------------------------------------
                                  0.000000    0.000000   clock clk (rise edge)
                                  0.000000    0.000000   clock source latency
     1    0.012213    0.046019    0.030512    0.030512 ^ clk (in)
                                                         clk (net)
                      0.046022    0.000000    0.030512 ^ clkbuf_0_clk/A (sky130_fd_sc_hd__clkbuf_16)
     2    0.019410    0.030809    0.088330    0.118842 ^ clkbuf_0_clk/X (sky130_fd_sc_hd__clkbuf_16)
                                                         clknet_0_clk (net)
                      0.030811    0.000498    0.119341 ^ clkbuf_1_0__f_clk/A (sky130_fd_sc_hd__clkbuf_16)
     5    0.014338    0.027402    0.080523    0.199864 ^ clkbuf_1_0__f_clk/X (sky130_fd_sc_hd__clkbuf_16)
                                                         clknet_1_0__leaf_clk (net)
                      0.027402    0.000441    0.200304 ^ _109_/CLK (sky130_fd_sc_hd__dfrtp_1)
     3    0.009863    0.073608    0.230285    0.430590 ^ _109_/Q (sky130_fd_sc_hd__dfrtp_1)
                                                         net14 (net)
                      0.073608    0.000203    0.430792 ^ rebuffer4/A (sky130_fd_sc_hd__dlygate4sd1_1)
     2    0.005545    0.048216    0.143788    0.574580 ^ rebuffer4/X (sky130_fd_sc_hd__dlygate4sd1_1)
                                                         net25 (net)
                      0.048216    0.000142    0.574722 ^ output14/A (sky130_fd_sc_hd__buf_2)
     1    0.035706    0.133309    0.145754    0.720476 ^ output14/X (sky130_fd_sc_hd__buf_2)
                                                         count[1] (net)
                      0.133320    0.001000    0.721476 ^ count[1] (out)
                                              0.721476   data arrival time

                                  0.000000    0.000000   clock clk (rise edge)
                                  0.000000    0.000000   clock network delay (propagated)
                                  0.250000    0.250000   clock uncertainty
                                  0.000000    0.250000   clock reconvergence pessimism
                                 -0.600000   -0.350000   output external delay
                                             -0.350000   data required time
---------------------------------------------------------------------------------------------
                                             -0.350000   data required time
                                             -0.721476   data arrival time
---------------------------------------------------------------------------------------------
                                              1.071476   slack (MET)



