
===========================================================================
report_checks -path_delay min (Hold)
============================================================================
======================= nom_ss_100C_1v60 Corner ===================================

Startpoint: _108_ (rising edge-triggered flip-flop clocked by clk)
Endpoint: _108_ (rising edge-triggered flip-flop clocked by clk)
Path Group: clk
Path Type: min

Fanout         Cap        Slew       Delay        Time   Description
---------------------------------------------------------------------------------------------
                      0.000000    0.000000    0.000000   clock clk (rise edge)
                                  0.000000    0.000000   clock network delay (ideal)
                      0.000000    0.000000    0.000000 ^ _108_/CLK (sky130_fd_sc_hd__dfrtp_2)
     3    0.009204    0.116913    0.692521    0.692521 ^ _108_/Q (sky130_fd_sc_hd__dfrtp_2)
                                                         count[0] (net)
                      0.116913    0.000000    0.692521 ^ _060_/A1 (sky130_fd_sc_hd__a21oi_2)
     1    0.001838    0.028874    0.103742    0.796263 v _060_/Y (sky130_fd_sc_hd__a21oi_2)
                                                         _000_ (net)
                      0.028874    0.000000    0.796263 v _108_/D (sky130_fd_sc_hd__dfrtp_2)
                                              0.796263   data arrival time

                      0.000000    0.000000    0.000000   clock clk (rise edge)
                                  0.000000    0.000000   clock network delay (ideal)
                                  0.000000    0.000000   clock reconvergence pessimism
                                              0.000000 ^ _108_/CLK (sky130_fd_sc_hd__dfrtp_2)
                                 -0.091562   -0.091562   library hold time
                                             -0.091562   data required time
---------------------------------------------------------------------------------------------
                                             -0.091562   data required time
                                             -0.796263   data arrival time
---------------------------------------------------------------------------------------------
                                              0.887825   slack (MET)


Startpoint: _111_ (rising edge-triggered flip-flop clocked by clk)
Endpoint: _111_ (rising edge-triggered flip-flop clocked by clk)
Path Group: clk
Path Type: min

Fanout         Cap        Slew       Delay        Time   Description
---------------------------------------------------------------------------------------------
                      0.000000    0.000000    0.000000   clock clk (rise edge)
                                  0.000000    0.000000   clock network delay (ideal)
                      0.000000    0.000000    0.000000 ^ _111_/CLK (sky130_fd_sc_hd__dfrtp_2)
     4    0.015719    0.160669    0.737028    0.737028 ^ _111_/Q (sky130_fd_sc_hd__dfrtp_2)
                                                         count[3] (net)
                      0.160669    0.000000    0.737028 ^ _078_/B2 (sky130_fd_sc_hd__a221o_2)
     1    0.001853    0.048572    0.300424    1.037452 ^ _078_/X (sky130_fd_sc_hd__a221o_2)
                                                         _003_ (net)
                      0.048572    0.000000    1.037452 ^ _111_/D (sky130_fd_sc_hd__dfrtp_2)
                                              1.037452   data arrival time

                      0.000000    0.000000    0.000000   clock clk (rise edge)
                                  0.000000    0.000000   clock network delay (ideal)
                                  0.000000    0.000000   clock reconvergence pessimism
                                              0.000000 ^ _111_/CLK (sky130_fd_sc_hd__dfrtp_2)
                                 -0.083500   -0.083500   library hold time
                                             -0.083500   data required time
---------------------------------------------------------------------------------------------
                                             -0.083500   data required time
                                             -1.037452   data arrival time
---------------------------------------------------------------------------------------------
                                              1.120952   slack (MET)


Startpoint: _108_ (rising edge-triggered flip-flop clocked by clk)
Endpoint: _109_ (rising edge-triggered flip-flop clocked by clk)
Path Group: clk
Path Type: min

Fanout         Cap        Slew       Delay        Time   Description
---------------------------------------------------------------------------------------------
                      0.000000    0.000000    0.000000   clock clk (rise edge)
                                  0.000000    0.000000   clock network delay (ideal)
                      0.000000    0.000000    0.000000 ^ _108_/CLK (sky130_fd_sc_hd__dfrtp_2)
     3    0.009204    0.116913    0.692521    0.692521 ^ _108_/Q (sky130_fd_sc_hd__dfrtp_2)
                                                         count[0] (net)
                      0.116913    0.000000    0.692521 ^ _054_/A (sky130_fd_sc_hd__inv_2)
     4    0.011044    0.060655    0.100344    0.792865 v _054_/Y (sky130_fd_sc_hd__inv_2)
                                                         _008_ (net)
                      0.060655    0.000000    0.792865 v _063_/A (sky130_fd_sc_hd__nand2_2)
     1    0.002449    0.043425    0.071487    0.864351 ^ _063_/Y (sky130_fd_sc_hd__nand2_2)
                                                         _016_ (net)
                      0.043425    0.000000    0.864351 ^ _066_/A1 (sky130_fd_sc_hd__a21o_2)
     1    0.001853    0.039558    0.201667    1.066018 ^ _066_/X (sky130_fd_sc_hd__a21o_2)
                                                         _001_ (net)
                      0.039558    0.000000    1.066018 ^ _109_/D (sky130_fd_sc_hd__dfrtp_2)
                                              1.066018   data arrival time

                      0.000000    0.000000    0.000000   clock clk (rise edge)
                                  0.000000    0.000000   clock network delay (ideal)
                                  0.000000    0.000000   clock reconvergence pessimism
                                              0.000000 ^ _109_/CLK (sky130_fd_sc_hd__dfrtp_2)
                                 -0.081446   -0.081446   library hold time
                                             -0.081446   data required time
---------------------------------------------------------------------------------------------
                                             -0.081446   data required time
                                             -1.066018   data arrival time
---------------------------------------------------------------------------------------------
                                              1.147464   slack (MET)


Startpoint: _114_ (rising edge-triggered flip-flop clocked by clk)
Endpoint: _114_ (rising edge-triggered flip-flop clocked by clk)
Path Group: clk
Path Type: min

Fanout         Cap        Slew       Delay        Time   Description
---------------------------------------------------------------------------------------------
                      0.000000    0.000000    0.000000   clock clk (rise edge)
                                  0.000000    0.000000   clock network delay (ideal)
                      0.000000    0.000000    0.000000 ^ _114_/CLK (sky130_fd_sc_hd__dfrtp_2)
     4    0.005612    0.092788    0.667982    0.667982 ^ _114_/Q (sky130_fd_sc_hd__dfrtp_2)
                                                         count[6] (net)
                      0.092788    0.000000    0.667982 ^ _101_/B2 (sky130_fd_sc_hd__a22o_2)
     1    0.002495    0.060358    0.259034    0.927016 ^ _101_/X (sky130_fd_sc_hd__a22o_2)
                                                         _049_ (net)
                      0.060358    0.000000    0.927016 ^ _102_/B1 (sky130_fd_sc_hd__a31o_2)
     1    0.001853    0.048465    0.150153    1.077169 ^ _102_/X (sky130_fd_sc_hd__a31o_2)
                                                         _006_ (net)
                      0.048465    0.000000    1.077169 ^ _114_/D (sky130_fd_sc_hd__dfrtp_2)
                                              1.077169   data arrival time

                      0.000000    0.000000    0.000000   clock clk (rise edge)
                                  0.000000    0.000000   clock network delay (ideal)
                                  0.000000    0.000000   clock reconvergence pessimism
                                              0.000000 ^ _114_/CLK (sky130_fd_sc_hd__dfrtp_2)
                                 -0.083475   -0.083475   library hold time
                                             -0.083475   data required time
---------------------------------------------------------------------------------------------
                                             -0.083475   data required time
                                             -1.077169   data arrival time
---------------------------------------------------------------------------------------------
                                              1.160644   slack (MET)


Startpoint: _112_ (rising edge-triggered flip-flop clocked by clk)
Endpoint: _112_ (rising edge-triggered flip-flop clocked by clk)
Path Group: clk
Path Type: min

Fanout         Cap        Slew       Delay        Time   Description
---------------------------------------------------------------------------------------------
                      0.000000    0.000000    0.000000   clock clk (rise edge)
                                  0.000000    0.000000   clock network delay (ideal)
                      0.000000    0.000000    0.000000 ^ _112_/CLK (sky130_fd_sc_hd__dfrtp_2)
     5    0.008108    0.109552    0.685033    0.685033 ^ _112_/Q (sky130_fd_sc_hd__dfrtp_2)
                                                         count[4] (net)
                      0.109552    0.000000    0.685033 ^ _086_/B2 (sky130_fd_sc_hd__a22o_2)
     1    0.002495    0.060358    0.265498    0.950531 ^ _086_/X (sky130_fd_sc_hd__a22o_2)
                                                         _036_ (net)
                      0.060358    0.000000    0.950531 ^ _087_/B1 (sky130_fd_sc_hd__a31o_2)
     1    0.001853    0.048465    0.150153    1.100685 ^ _087_/X (sky130_fd_sc_hd__a31o_2)
                                                         _004_ (net)
                      0.048465    0.000000    1.100685 ^ _112_/D (sky130_fd_sc_hd__dfrtp_2)
                                              1.100685   data arrival time

                      0.000000    0.000000    0.000000   clock clk (rise edge)
                                  0.000000    0.000000   clock network delay (ideal)
                                  0.000000    0.000000   clock reconvergence pessimism
                                              0.000000 ^ _112_/CLK (sky130_fd_sc_hd__dfrtp_2)
                                 -0.083475   -0.083475   library hold time
                                             -0.083475   data required time
---------------------------------------------------------------------------------------------
                                             -0.083475   data required time
                                             -1.100685   data arrival time
---------------------------------------------------------------------------------------------
                                              1.184160   slack (MET)


Startpoint: _115_ (rising edge-triggered flip-flop clocked by clk)
Endpoint: _115_ (rising edge-triggered flip-flop clocked by clk)
Path Group: clk
Path Type: min

Fanout         Cap        Slew       Delay        Time   Description
---------------------------------------------------------------------------------------------
                      0.000000    0.000000    0.000000   clock clk (rise edge)
                                  0.000000    0.000000   clock network delay (ideal)
                      0.000000    0.000000    0.000000 ^ _115_/CLK (sky130_fd_sc_hd__dfrtp_2)
     3    0.010982    0.128854    0.704667    0.704667 ^ _115_/Q (sky130_fd_sc_hd__dfrtp_2)
                                                         count[7] (net)
                      0.128854    0.000000    0.704667 ^ _106_/B2 (sky130_fd_sc_hd__a22o_2)
     1    0.002547    0.060757    0.273446    0.978113 ^ _106_/X (sky130_fd_sc_hd__a22o_2)
                                                         _053_ (net)
                      0.060757    0.000000    0.978113 ^ _107_/B1 (sky130_fd_sc_hd__a21o_2)
     1    0.001853    0.039558    0.134829    1.112942 ^ _107_/X (sky130_fd_sc_hd__a21o_2)
                                                         _007_ (net)
                      0.039558    0.000000    1.112942 ^ _115_/D (sky130_fd_sc_hd__dfrtp_2)
                                              1.112942   data arrival time

                      0.000000    0.000000    0.000000   clock clk (rise edge)
                                  0.000000    0.000000   clock network delay (ideal)
                                  0.000000    0.000000   clock reconvergence pessimism
                                              0.000000 ^ _115_/CLK (sky130_fd_sc_hd__dfrtp_2)
                                 -0.081446   -0.081446   library hold time
                                             -0.081446   data required time
---------------------------------------------------------------------------------------------
                                             -0.081446   data required time
                                             -1.112942   data arrival time
---------------------------------------------------------------------------------------------
                                              1.194388   slack (MET)


Startpoint: _113_ (rising edge-triggered flip-flop clocked by clk)
Endpoint: _113_ (rising edge-triggered flip-flop clocked by clk)
Path Group: clk
Path Type: min

Fanout         Cap        Slew       Delay        Time   Description
---------------------------------------------------------------------------------------------
                      0.000000    0.000000    0.000000   clock clk (rise edge)
                                  0.000000    0.000000   clock network delay (ideal)
                      0.000000    0.000000    0.000000 ^ _113_/CLK (sky130_fd_sc_hd__dfrtp_2)
     4    0.013512    0.145846    0.721951    0.721951 ^ _113_/Q (sky130_fd_sc_hd__dfrtp_2)
                                                         count[5] (net)
                      0.145846    0.000000    0.721951 ^ _092_/B2 (sky130_fd_sc_hd__a22o_2)
     1    0.002495    0.060358    0.279493    1.001444 ^ _092_/X (sky130_fd_sc_hd__a22o_2)
                                                         _041_ (net)
                      0.060358    0.000000    1.001444 ^ _093_/B1 (sky130_fd_sc_hd__a31o_2)
     1    0.001853    0.048465    0.150153    1.151597 ^ _093_/X (sky130_fd_sc_hd__a31o_2)
                                                         _005_ (net)
                      0.048465    0.000000    1.151597 ^ _113_/D (sky130_fd_sc_hd__dfrtp_2)
                                              1.151597   data arrival time

                      0.000000    0.000000    0.000000   clock clk (rise edge)
                                  0.000000    0.000000   clock network delay (ideal)
                                  0.000000    0.000000   clock reconvergence pessimism
                                              0.000000 ^ _113_/CLK (sky130_fd_sc_hd__dfrtp_2)
                                 -0.083475   -0.083475   library hold time
                                             -0.083475   data required time
---------------------------------------------------------------------------------------------
                                             -0.083475   data required time
                                             -1.151597   data arrival time
---------------------------------------------------------------------------------------------
                                              1.235072   slack (MET)


Startpoint: _110_ (rising edge-triggered flip-flop clocked by clk)
Endpoint: _110_ (rising edge-triggered flip-flop clocked by clk)
Path Group: clk
Path Type: min

Fanout         Cap        Slew       Delay        Time   Description
---------------------------------------------------------------------------------------------
                      0.000000    0.000000    0.000000   clock clk (rise edge)
                                  0.000000    0.000000   clock network delay (ideal)
                      0.000000    0.000000    0.000000 ^ _110_/CLK (sky130_fd_sc_hd__dfrtp_2)
     5    0.020230    0.191240    0.765314    0.765314 ^ _110_/Q (sky130_fd_sc_hd__dfrtp_2)
                                                         count[2] (net)
                      0.191240    0.000000    0.765314 ^ _071_/B2 (sky130_fd_sc_hd__a22o_2)
     1    0.002495    0.060358    0.296996    1.062310 ^ _071_/X (sky130_fd_sc_hd__a22o_2)
                                                         _023_ (net)
                      0.060358    0.000000    1.062310 ^ _072_/B1 (sky130_fd_sc_hd__a31o_2)
     1    0.001853    0.048465    0.150153    1.212463 ^ _072_/X (sky130_fd_sc_hd__a31o_2)
                                                         _002_ (net)
                      0.048465    0.000000    1.212463 ^ _110_/D (sky130_fd_sc_hd__dfrtp_2)
                                              1.212463   data arrival time

                      0.000000    0.000000    0.000000   clock clk (rise edge)
                                  0.000000    0.000000   clock network delay (ideal)
                                  0.000000    0.000000   clock reconvergence pessimism
                                              0.000000 ^ _110_/CLK (sky130_fd_sc_hd__dfrtp_2)
                                 -0.083475   -0.083475   library hold time
                                             -0.083475   data required time
---------------------------------------------------------------------------------------------
                                             -0.083475   data required time
                                             -1.212463   data arrival time
---------------------------------------------------------------------------------------------
                                              1.295938   slack (MET)



