
===========================================================================
report_checks -path_delay max (Setup)
============================================================================
======================= nom_tt_025C_1v80 Corner ===================================

Startpoint: up_down (input port clocked by clk)
Endpoint: _114_ (rising edge-triggered flip-flop clocked by clk)
Path Group: clk
Path Type: max

Fanout         Cap        Slew       Delay        Time   Description
---------------------------------------------------------------------------------------------
                                  0.000000    0.000000   clock clk (rise edge)
                                  0.000000    0.000000   clock network delay (propagated)
                                  0.600000    0.600000 ^ input external delay
     1    0.002774    0.019622    0.010229    0.610229 ^ up_down (in)
                                                         up_down (net)
                      0.019622    0.000000    0.610229 ^ input12/A (sky130_fd_sc_hd__buf_1)
     4    0.017468    0.209502    0.187396    0.797625 ^ input12/X (sky130_fd_sc_hd__buf_1)
                                                         net12 (net)
                      0.209503    0.000317    0.797942 ^ fanout21/A (sky130_fd_sc_hd__clkbuf_4)
    10    0.042371    0.135838    0.259299    1.057241 ^ fanout21/X (sky130_fd_sc_hd__clkbuf_4)
                                                         net21 (net)
                      0.135856    0.001602    1.058843 ^ _062_/A (sky130_fd_sc_hd__xor2_1)
     3    0.009493    0.085698    0.118701    1.177543 v _062_/X (sky130_fd_sc_hd__xor2_1)
                                                         _015_ (net)
                      0.085698    0.000122    1.177666 v _067_/A1 (sky130_fd_sc_hd__o21a_1)
     2    0.010693    0.069790    0.232292    1.409958 v _067_/X (sky130_fd_sc_hd__o21a_1)
                                                         _019_ (net)
                      0.069790    0.000332    1.410290 v _080_/A3 (sky130_fd_sc_hd__o31ai_4)
     4    0.011789    0.232111    0.224449    1.634739 ^ _080_/Y (sky130_fd_sc_hd__o31ai_4)
                                                         _030_ (net)
                      0.232111    0.000243    1.634982 ^ _098_/A1 (sky130_fd_sc_hd__a31o_1)
     3    0.008984    0.098350    0.215643    1.850625 ^ _098_/X (sky130_fd_sc_hd__a31o_1)
                                                         _046_ (net)
                      0.098350    0.000245    1.850870 ^ rebuffer1/A (sky130_fd_sc_hd__dlymetal6s4s_1)
     1    0.003392    0.062681    0.196254    2.047124 ^ rebuffer1/X (sky130_fd_sc_hd__dlymetal6s4s_1)
                                                         net22 (net)
                      0.062681    0.000103    2.047228 ^ _099_/B (sky130_fd_sc_hd__nand2_1)
     1    0.002777    0.053961    0.052494    2.099722 v _099_/Y (sky130_fd_sc_hd__nand2_1)
                                                         _047_ (net)
                      0.053961    0.000057    2.099779 v _102_/A2 (sky130_fd_sc_hd__a31o_1)
     1    0.002815    0.036737    0.201810    2.301589 v _102_/X (sky130_fd_sc_hd__a31o_1)
                                                         _006_ (net)
                      0.036737    0.000081    2.301670 v _114_/D (sky130_fd_sc_hd__dfrtp_1)
                                              2.301670   data arrival time

                                  3.000000    3.000000   clock clk (rise edge)
                                  0.000000    3.000000   clock source latency
     1    0.012144    0.060920    0.041012    3.041012 ^ clk (in)
                                                         clk (net)
                      0.060922    0.000000    3.041012 ^ clkbuf_0_clk/A (sky130_fd_sc_hd__clkbuf_16)
     2    0.019272    0.041231    0.130434    3.171446 ^ clkbuf_0_clk/X (sky130_fd_sc_hd__clkbuf_16)
                                                         clknet_0_clk (net)
                      0.041233    0.000478    3.171923 ^ clkbuf_1_1__f_clk/A (sky130_fd_sc_hd__clkbuf_16)
     4    0.010687    0.033923    0.115141    3.287064 ^ clkbuf_1_1__f_clk/X (sky130_fd_sc_hd__clkbuf_16)
                                                         clknet_1_1__leaf_clk (net)
                      0.033923    0.000173    3.287237 ^ _114_/CLK (sky130_fd_sc_hd__dfrtp_1)
                                 -0.250000    3.037237   clock uncertainty
                                  0.000000    3.037237   clock reconvergence pessimism
                                 -0.113201    2.924036   library setup time
                                              2.924036   data required time
---------------------------------------------------------------------------------------------
                                              2.924036   data required time
                                             -2.301670   data arrival time
---------------------------------------------------------------------------------------------
                                              0.622366   slack (MET)


Startpoint: up_down (input port clocked by clk)
Endpoint: _111_ (rising edge-triggered flip-flop clocked by clk)
Path Group: clk
Path Type: max

Fanout         Cap        Slew       Delay        Time   Description
---------------------------------------------------------------------------------------------
                                  0.000000    0.000000   clock clk (rise edge)
                                  0.000000    0.000000   clock network delay (propagated)
                                  0.600000    0.600000 ^ input external delay
     1    0.002774    0.019622    0.010229    0.610229 ^ up_down (in)
                                                         up_down (net)
                      0.019622    0.000000    0.610229 ^ input12/A (sky130_fd_sc_hd__buf_1)
     4    0.017468    0.209502    0.187396    0.797625 ^ input12/X (sky130_fd_sc_hd__buf_1)
                                                         net12 (net)
                      0.209503    0.000317    0.797942 ^ fanout21/A (sky130_fd_sc_hd__clkbuf_4)
    10    0.042371    0.135838    0.259299    1.057241 ^ fanout21/X (sky130_fd_sc_hd__clkbuf_4)
                                                         net21 (net)
                      0.135856    0.001602    1.058843 ^ _062_/A (sky130_fd_sc_hd__xor2_1)
     3    0.010213    0.242906    0.251381    1.310224 ^ _062_/X (sky130_fd_sc_hd__xor2_1)
                                                         _015_ (net)
                      0.242906    0.000132    1.310356 ^ _067_/A1 (sky130_fd_sc_hd__o21a_1)
     2    0.012284    0.124628    0.225919    1.536274 ^ _067_/X (sky130_fd_sc_hd__o21a_1)
                                                         _019_ (net)
                      0.124628    0.000267    1.536541 ^ rebuffer2/A (sky130_fd_sc_hd__buf_2)
     2    0.006016    0.040945    0.132373    1.668914 ^ rebuffer2/X (sky130_fd_sc_hd__buf_2)
                                                         net23 (net)
                      0.040945    0.000174    1.669088 ^ _070_/A (sky130_fd_sc_hd__or2_1)
     2    0.007750    0.084602    0.120137    1.789224 ^ _070_/X (sky130_fd_sc_hd__or2_1)
                                                         _022_ (net)
                      0.084602    0.000117    1.789342 ^ _075_/B1 (sky130_fd_sc_hd__o21ai_2)
     2    0.006616    0.048338    0.066739    1.856081 v _075_/Y (sky130_fd_sc_hd__o21ai_2)
                                                         _026_ (net)
                      0.048338    0.000153    1.856234 v _076_/A2 (sky130_fd_sc_hd__o21ai_1)
     1    0.002902    0.100128    0.113044    1.969278 ^ _076_/Y (sky130_fd_sc_hd__o21ai_1)
                                                         _027_ (net)
                      0.100128    0.000083    1.969361 ^ _077_/B1 (sky130_fd_sc_hd__a21oi_1)
     1    0.002242    0.075382    0.046396    2.015757 v _077_/Y (sky130_fd_sc_hd__a21oi_1)
                                                         _028_ (net)
                      0.075382    0.000044    2.015801 v _078_/C1 (sky130_fd_sc_hd__a221o_1)
     1    0.003576    0.056928    0.270939    2.286740 v _078_/X (sky130_fd_sc_hd__a221o_1)
                                                         _003_ (net)
                      0.056928    0.000120    2.286860 v _111_/D (sky130_fd_sc_hd__dfrtp_1)
                                              2.286860   data arrival time

                                  3.000000    3.000000   clock clk (rise edge)
                                  0.000000    3.000000   clock source latency
     1    0.012144    0.060920    0.041012    3.041012 ^ clk (in)
                                                         clk (net)
                      0.060922    0.000000    3.041012 ^ clkbuf_0_clk/A (sky130_fd_sc_hd__clkbuf_16)
     2    0.019272    0.041231    0.130434    3.171446 ^ clkbuf_0_clk/X (sky130_fd_sc_hd__clkbuf_16)
                                                         clknet_0_clk (net)
                      0.041233    0.000478    3.171923 ^ clkbuf_1_1__f_clk/A (sky130_fd_sc_hd__clkbuf_16)
     4    0.010687    0.033923    0.115141    3.287064 ^ clkbuf_1_1__f_clk/X (sky130_fd_sc_hd__clkbuf_16)
                                                         clknet_1_1__leaf_clk (net)
                      0.033923    0.000191    3.287255 ^ _111_/CLK (sky130_fd_sc_hd__dfrtp_1)
                                 -0.250000    3.037255   clock uncertainty
                                  0.000000    3.037255   clock reconvergence pessimism
                                 -0.122016    2.915239   library setup time
                                              2.915239   data required time
---------------------------------------------------------------------------------------------
                                              2.915239   data required time
                                             -2.286860   data arrival time
---------------------------------------------------------------------------------------------
                                              0.628379   slack (MET)


Startpoint: up_down (input port clocked by clk)
Endpoint: _113_ (rising edge-triggered flip-flop clocked by clk)
Path Group: clk
Path Type: max

Fanout         Cap        Slew       Delay        Time   Description
---------------------------------------------------------------------------------------------
                                  0.000000    0.000000   clock clk (rise edge)
                                  0.000000    0.000000   clock network delay (propagated)
                                  0.600000    0.600000 ^ input external delay
     1    0.002774    0.019622    0.010229    0.610229 ^ up_down (in)
                                                         up_down (net)
                      0.019622    0.000000    0.610229 ^ input12/A (sky130_fd_sc_hd__buf_1)
     4    0.017468    0.209502    0.187396    0.797625 ^ input12/X (sky130_fd_sc_hd__buf_1)
                                                         net12 (net)
                      0.209503    0.000317    0.797942 ^ fanout21/A (sky130_fd_sc_hd__clkbuf_4)
    10    0.042371    0.135838    0.259299    1.057241 ^ fanout21/X (sky130_fd_sc_hd__clkbuf_4)
                                                         net21 (net)
                      0.135856    0.001602    1.058843 ^ _062_/A (sky130_fd_sc_hd__xor2_1)
     3    0.010213    0.242906    0.251381    1.310224 ^ _062_/X (sky130_fd_sc_hd__xor2_1)
                                                         _015_ (net)
                      0.242906    0.000132    1.310356 ^ _067_/A1 (sky130_fd_sc_hd__o21a_1)
     2    0.012284    0.124628    0.225919    1.536274 ^ _067_/X (sky130_fd_sc_hd__o21a_1)
                                                         _019_ (net)
                      0.124628    0.000384    1.536659 ^ _080_/A3 (sky130_fd_sc_hd__o31ai_4)
     4    0.011196    0.089874    0.078455    1.615114 v _080_/Y (sky130_fd_sc_hd__o31ai_4)
                                                         _030_ (net)
                      0.089874    0.000187    1.615301 v rebuffer6/A (sky130_fd_sc_hd__clkbuf_1)
     1    0.002501    0.025443    0.105454    1.720755 v rebuffer6/X (sky130_fd_sc_hd__clkbuf_1)
                                                         net27 (net)
                      0.025443    0.000047    1.720802 v _089_/A1 (sky130_fd_sc_hd__a21o_1)
     2    0.006186    0.047417    0.158023    1.878825 v _089_/X (sky130_fd_sc_hd__a21o_1)
                                                         _038_ (net)
                      0.047417    0.000151    1.878977 v _091_/B (sky130_fd_sc_hd__or2_1)
     1    0.002508    0.046131    0.199712    2.078688 v _091_/X (sky130_fd_sc_hd__or2_1)
                                                         _040_ (net)
                      0.046131    0.000049    2.078738 v _093_/A3 (sky130_fd_sc_hd__a31o_1)
     1    0.002167    0.033759    0.204945    2.283683 v _093_/X (sky130_fd_sc_hd__a31o_1)
                                                         _005_ (net)
                      0.033759    0.000061    2.283744 v _113_/D (sky130_fd_sc_hd__dfrtp_1)
                                              2.283744   data arrival time

                                  3.000000    3.000000   clock clk (rise edge)
                                  0.000000    3.000000   clock source latency
     1    0.012144    0.060920    0.041012    3.041012 ^ clk (in)
                                                         clk (net)
                      0.060922    0.000000    3.041012 ^ clkbuf_0_clk/A (sky130_fd_sc_hd__clkbuf_16)
     2    0.019272    0.041231    0.130434    3.171446 ^ clkbuf_0_clk/X (sky130_fd_sc_hd__clkbuf_16)
                                                         clknet_0_clk (net)
                      0.041233    0.000478    3.171923 ^ clkbuf_1_1__f_clk/A (sky130_fd_sc_hd__clkbuf_16)
     4    0.010687    0.033923    0.115141    3.287064 ^ clkbuf_1_1__f_clk/X (sky130_fd_sc_hd__clkbuf_16)
                                                         clknet_1_1__leaf_clk (net)
                      0.033923    0.000155    3.287219 ^ _113_/CLK (sky130_fd_sc_hd__dfrtp_1)
                                 -0.250000    3.037219   clock uncertainty
                                  0.000000    3.037219   clock reconvergence pessimism
                                 -0.111901    2.925318   library setup time
                                              2.925318   data required time
---------------------------------------------------------------------------------------------
                                              2.925318   data required time
                                             -2.283744   data arrival time
---------------------------------------------------------------------------------------------
                                              0.641574   slack (MET)


Startpoint: up_down (input port clocked by clk)
Endpoint: _115_ (rising edge-triggered flip-flop clocked by clk)
Path Group: clk
Path Type: max

Fanout         Cap        Slew       Delay        Time   Description
---------------------------------------------------------------------------------------------
                                  0.000000    0.000000   clock clk (rise edge)
                                  0.000000    0.000000   clock network delay (propagated)
                                  0.600000    0.600000 ^ input external delay
     1    0.002774    0.019622    0.010229    0.610229 ^ up_down (in)
                                                         up_down (net)
                      0.019622    0.000000    0.610229 ^ input12/A (sky130_fd_sc_hd__buf_1)
     4    0.017468    0.209502    0.187396    0.797625 ^ input12/X (sky130_fd_sc_hd__buf_1)
                                                         net12 (net)
                      0.209503    0.000317    0.797942 ^ fanout21/A (sky130_fd_sc_hd__clkbuf_4)
    10    0.042371    0.135838    0.259299    1.057241 ^ fanout21/X (sky130_fd_sc_hd__clkbuf_4)
                                                         net21 (net)
                      0.135856    0.001602    1.058843 ^ _062_/A (sky130_fd_sc_hd__xor2_1)
     3    0.010213    0.242906    0.251381    1.310224 ^ _062_/X (sky130_fd_sc_hd__xor2_1)
                                                         _015_ (net)
                      0.242906    0.000132    1.310356 ^ _067_/A1 (sky130_fd_sc_hd__o21a_1)
     2    0.012284    0.124628    0.225919    1.536274 ^ _067_/X (sky130_fd_sc_hd__o21a_1)
                                                         _019_ (net)
                      0.124628    0.000384    1.536659 ^ _080_/A3 (sky130_fd_sc_hd__o31ai_4)
     4    0.011196    0.089874    0.078455    1.615114 v _080_/Y (sky130_fd_sc_hd__o31ai_4)
                                                         _030_ (net)
                      0.089874    0.000232    1.615346 v _098_/A1 (sky130_fd_sc_hd__a31o_1)
     3    0.008504    0.061866    0.215860    1.831207 v _098_/X (sky130_fd_sc_hd__a31o_1)
                                                         _046_ (net)
                      0.061867    0.000287    1.831493 v _103_/A1 (sky130_fd_sc_hd__a21oi_1)
     1    0.005636    0.155786    0.164542    1.996036 ^ _103_/Y (sky130_fd_sc_hd__a21oi_1)
                                                         _050_ (net)
                      0.155786    0.000136    1.996171 ^ _105_/A (sky130_fd_sc_hd__xnor2_1)
     1    0.002459    0.048736    0.088347    2.084518 v _105_/Y (sky130_fd_sc_hd__xnor2_1)
                                                         _052_ (net)
                      0.048736    0.000069    2.084588 v _107_/A2 (sky130_fd_sc_hd__a21o_1)
     1    0.002446    0.031393    0.169977    2.254565 v _107_/X (sky130_fd_sc_hd__a21o_1)
                                                         _007_ (net)
                      0.031393    0.000069    2.254634 v _115_/D (sky130_fd_sc_hd__dfrtp_1)
                                              2.254634   data arrival time

                                  3.000000    3.000000   clock clk (rise edge)
                                  0.000000    3.000000   clock source latency
     1    0.012144    0.060920    0.041012    3.041012 ^ clk (in)
                                                         clk (net)
                      0.060922    0.000000    3.041012 ^ clkbuf_0_clk/A (sky130_fd_sc_hd__clkbuf_16)
     2    0.019272    0.041231    0.130434    3.171446 ^ clkbuf_0_clk/X (sky130_fd_sc_hd__clkbuf_16)
                                                         clknet_0_clk (net)
                      0.041233    0.000478    3.171923 ^ clkbuf_1_1__f_clk/A (sky130_fd_sc_hd__clkbuf_16)
     4    0.010687    0.033923    0.115141    3.287064 ^ clkbuf_1_1__f_clk/X (sky130_fd_sc_hd__clkbuf_16)
                                                         clknet_1_1__leaf_clk (net)
                      0.033923    0.000145    3.287209 ^ _115_/CLK (sky130_fd_sc_hd__dfrtp_1)
                                 -0.250000    3.037209   clock uncertainty
                                  0.000000    3.037209   clock reconvergence pessimism
                                 -0.110868    2.926341   library setup time
                                              2.926341   data required time
---------------------------------------------------------------------------------------------
                                              2.926341   data required time
                                             -2.254634   data arrival time
---------------------------------------------------------------------------------------------
                                              0.671707   slack (MET)


Startpoint: up_down (input port clocked by clk)
Endpoint: _110_ (rising edge-triggered flip-flop clocked by clk)
Path Group: clk
Path Type: max

Fanout         Cap        Slew       Delay        Time   Description
---------------------------------------------------------------------------------------------
                                  0.000000    0.000000   clock clk (rise edge)
                                  0.000000    0.000000   clock network delay (propagated)
                                  0.600000    0.600000 ^ input external delay
     1    0.002774    0.019622    0.010229    0.610229 ^ up_down (in)
                                                         up_down (net)
                      0.019622    0.000000    0.610229 ^ input12/A (sky130_fd_sc_hd__buf_1)
     4    0.017468    0.209502    0.187396    0.797625 ^ input12/X (sky130_fd_sc_hd__buf_1)
                                                         net12 (net)
                      0.209503    0.000317    0.797942 ^ fanout21/A (sky130_fd_sc_hd__clkbuf_4)
    10    0.042371    0.135838    0.259299    1.057241 ^ fanout21/X (sky130_fd_sc_hd__clkbuf_4)
                                                         net21 (net)
                      0.135856    0.001602    1.058843 ^ _062_/A (sky130_fd_sc_hd__xor2_1)
     3    0.010213    0.242906    0.251381    1.310224 ^ _062_/X (sky130_fd_sc_hd__xor2_1)
                                                         _015_ (net)
                      0.242906    0.000132    1.310356 ^ _067_/A1 (sky130_fd_sc_hd__o21a_1)
     2    0.012284    0.124628    0.225919    1.536274 ^ _067_/X (sky130_fd_sc_hd__o21a_1)
                                                         _019_ (net)
                      0.124628    0.000267    1.536541 ^ rebuffer2/A (sky130_fd_sc_hd__buf_2)
     2    0.006016    0.040945    0.132373    1.668914 ^ rebuffer2/X (sky130_fd_sc_hd__buf_2)
                                                         net23 (net)
                      0.040945    0.000148    1.669062 ^ rebuffer3/A (sky130_fd_sc_hd__dlygate4sd1_1)
     1    0.002838    0.040299    0.187340    1.856402 ^ rebuffer3/X (sky130_fd_sc_hd__dlygate4sd1_1)
                                                         net24 (net)
                      0.040299    0.000081    1.856483 ^ _069_/A (sky130_fd_sc_hd__nand2_1)
     1    0.002703    0.066635    0.041942    1.898425 v _069_/Y (sky130_fd_sc_hd__nand2_1)
                                                         _021_ (net)
                      0.066635    0.000054    1.898479 v _072_/A2 (sky130_fd_sc_hd__a31o_1)
     1    0.002500    0.035228    0.204906    2.103385 v _072_/X (sky130_fd_sc_hd__a31o_1)
                                                         _002_ (net)
                      0.035228    0.000071    2.103456 v _110_/D (sky130_fd_sc_hd__dfrtp_2)
                                              2.103456   data arrival time

                                  3.000000    3.000000   clock clk (rise edge)
                                  0.000000    3.000000   clock source latency
     1    0.012144    0.060920    0.041012    3.041012 ^ clk (in)
                                                         clk (net)
                      0.060922    0.000000    3.041012 ^ clkbuf_0_clk/A (sky130_fd_sc_hd__clkbuf_16)
     2    0.019272    0.041231    0.130434    3.171446 ^ clkbuf_0_clk/X (sky130_fd_sc_hd__clkbuf_16)
                                                         clknet_0_clk (net)
                      0.041233    0.000494    3.171940 ^ clkbuf_1_0__f_clk/A (sky130_fd_sc_hd__clkbuf_16)
     5    0.013986    0.036735    0.118251    3.290191 ^ clkbuf_1_0__f_clk/X (sky130_fd_sc_hd__clkbuf_16)
                                                         clknet_1_0__leaf_clk (net)
                      0.036735    0.000431    3.290622 ^ _110_/CLK (sky130_fd_sc_hd__dfrtp_2)
                                 -0.250000    3.040621   clock uncertainty
                                  0.000000    3.040621   clock reconvergence pessimism
                                 -0.113116    2.927505   library setup time
                                              2.927505   data required time
---------------------------------------------------------------------------------------------
                                              2.927505   data required time
                                             -2.103456   data arrival time
---------------------------------------------------------------------------------------------
                                              0.824050   slack (MET)


Startpoint: up_down (input port clocked by clk)
Endpoint: _112_ (rising edge-triggered flip-flop clocked by clk)
Path Group: clk
Path Type: max

Fanout         Cap        Slew       Delay        Time   Description
---------------------------------------------------------------------------------------------
                                  0.000000    0.000000   clock clk (rise edge)
                                  0.000000    0.000000   clock network delay (propagated)
                                  0.600000    0.600000 ^ input external delay
     1    0.002774    0.019622    0.010229    0.610229 ^ up_down (in)
                                                         up_down (net)
                      0.019622    0.000000    0.610229 ^ input12/A (sky130_fd_sc_hd__buf_1)
     4    0.017468    0.209502    0.187396    0.797625 ^ input12/X (sky130_fd_sc_hd__buf_1)
                                                         net12 (net)
                      0.209503    0.000317    0.797942 ^ fanout21/A (sky130_fd_sc_hd__clkbuf_4)
    10    0.042371    0.135838    0.259299    1.057241 ^ fanout21/X (sky130_fd_sc_hd__clkbuf_4)
                                                         net21 (net)
                      0.135856    0.001602    1.058843 ^ _062_/A (sky130_fd_sc_hd__xor2_1)
     3    0.010213    0.242906    0.251381    1.310224 ^ _062_/X (sky130_fd_sc_hd__xor2_1)
                                                         _015_ (net)
                      0.242906    0.000132    1.310356 ^ _067_/A1 (sky130_fd_sc_hd__o21a_1)
     2    0.012284    0.124628    0.225919    1.536274 ^ _067_/X (sky130_fd_sc_hd__o21a_1)
                                                         _019_ (net)
                      0.124628    0.000384    1.536659 ^ _080_/A3 (sky130_fd_sc_hd__o31ai_4)
     4    0.011196    0.089874    0.078455    1.615114 v _080_/Y (sky130_fd_sc_hd__o31ai_4)
                                                         _030_ (net)
                      0.089874    0.000173    1.615287 v _084_/A (sky130_fd_sc_hd__or2_1)
     1    0.002934    0.048652    0.237583    1.852870 v _084_/X (sky130_fd_sc_hd__or2_1)
                                                         _034_ (net)
                      0.048652    0.000086    1.852957 v _087_/A2 (sky130_fd_sc_hd__a31o_1)
     1    0.002625    0.035832    0.198308    2.051265 v _087_/X (sky130_fd_sc_hd__a31o_1)
                                                         _004_ (net)
                      0.035832    0.000075    2.051340 v _112_/D (sky130_fd_sc_hd__dfrtp_1)
                                              2.051340   data arrival time

                                  3.000000    3.000000   clock clk (rise edge)
                                  0.000000    3.000000   clock source latency
     1    0.012144    0.060920    0.041012    3.041012 ^ clk (in)
                                                         clk (net)
                      0.060922    0.000000    3.041012 ^ clkbuf_0_clk/A (sky130_fd_sc_hd__clkbuf_16)
     2    0.019272    0.041231    0.130434    3.171446 ^ clkbuf_0_clk/X (sky130_fd_sc_hd__clkbuf_16)
                                                         clknet_0_clk (net)
                      0.041233    0.000494    3.171940 ^ clkbuf_1_0__f_clk/A (sky130_fd_sc_hd__clkbuf_16)
     5    0.013986    0.036735    0.118251    3.290191 ^ clkbuf_1_0__f_clk/X (sky130_fd_sc_hd__clkbuf_16)
                                                         clknet_1_0__leaf_clk (net)
                      0.036735    0.000253    3.290444 ^ _112_/CLK (sky130_fd_sc_hd__dfrtp_1)
                                 -0.250000    3.040444   clock uncertainty
                                  0.000000    3.040444   clock reconvergence pessimism
                                 -0.112163    2.928281   library setup time
                                              2.928281   data required time
---------------------------------------------------------------------------------------------
                                              2.928281   data required time
                                             -2.051340   data arrival time
---------------------------------------------------------------------------------------------
                                              0.876941   slack (MET)


Startpoint: _109_ (rising edge-triggered flip-flop clocked by clk)
Endpoint: count[1] (output port clocked by clk)
Path Group: clk
Path Type: max

Fanout         Cap        Slew       Delay        Time   Description
---------------------------------------------------------------------------------------------
                                  0.000000    0.000000   clock clk (rise edge)
                                  0.000000    0.000000   clock source latency
     1    0.012144    0.060920    0.041012    0.041012 ^ clk (in)
                                                         clk (net)
                      0.060922    0.000000    0.041012 ^ clkbuf_0_clk/A (sky130_fd_sc_hd__clkbuf_16)
     2    0.019272    0.041231    0.130434    0.171446 ^ clkbuf_0_clk/X (sky130_fd_sc_hd__clkbuf_16)
                                                         clknet_0_clk (net)
                      0.041233    0.000495    0.171940 ^ clkbuf_1_0__f_clk/A (sky130_fd_sc_hd__clkbuf_16)
     5    0.013986    0.036735    0.118251    0.290191 ^ clkbuf_1_0__f_clk/X (sky130_fd_sc_hd__clkbuf_16)
                                                         clknet_1_0__leaf_clk (net)
                      0.036735    0.000429    0.290620 ^ _109_/CLK (sky130_fd_sc_hd__dfrtp_1)
     3    0.009003    0.066942    0.384095    0.674715 v _109_/Q (sky130_fd_sc_hd__dfrtp_1)
                                                         net14 (net)
                      0.066942    0.000183    0.674898 v rebuffer4/A (sky130_fd_sc_hd__dlygate4sd1_1)
     2    0.005039    0.040857    0.246279    0.921177 v rebuffer4/X (sky130_fd_sc_hd__dlygate4sd1_1)
                                                         net25 (net)
                      0.040857    0.000128    0.921305 v output14/A (sky130_fd_sc_hd__buf_2)
     1    0.035706    0.092784    0.180730    1.102035 v output14/X (sky130_fd_sc_hd__buf_2)
                                                         count[1] (net)
                      0.092795    0.001000    1.103035 v count[1] (out)
                                              1.103035   data arrival time

                                  3.000000    3.000000   clock clk (rise edge)
                                  0.000000    3.000000   clock network delay (propagated)
                                 -0.250000    2.750000   clock uncertainty
                                  0.000000    2.750000   clock reconvergence pessimism
                                 -0.600000    2.150000   output external delay
                                              2.150000   data required time
---------------------------------------------------------------------------------------------
                                              2.150000   data required time
                                             -1.103035   data arrival time
---------------------------------------------------------------------------------------------
                                              1.046965   slack (MET)


Startpoint: _113_ (rising edge-triggered flip-flop clocked by clk)
Endpoint: count[5] (output port clocked by clk)
Path Group: clk
Path Type: max

Fanout         Cap        Slew       Delay        Time   Description
---------------------------------------------------------------------------------------------
                                  0.000000    0.000000   clock clk (rise edge)
                                  0.000000    0.000000   clock source latency
     1    0.012144    0.060920    0.041012    0.041012 ^ clk (in)
                                                         clk (net)
                      0.060922    0.000000    0.041012 ^ clkbuf_0_clk/A (sky130_fd_sc_hd__clkbuf_16)
     2    0.019272    0.041231    0.130434    0.171446 ^ clkbuf_0_clk/X (sky130_fd_sc_hd__clkbuf_16)
                                                         clknet_0_clk (net)
                      0.041233    0.000478    0.171923 ^ clkbuf_1_1__f_clk/A (sky130_fd_sc_hd__clkbuf_16)
     4    0.010687    0.033923    0.115141    0.287064 ^ clkbuf_1_1__f_clk/X (sky130_fd_sc_hd__clkbuf_16)
                                                         clknet_1_1__leaf_clk (net)
                      0.033923    0.000155    0.287219 ^ _113_/CLK (sky130_fd_sc_hd__dfrtp_1)
     4    0.016537    0.153955    0.398404    0.685623 ^ _113_/Q (sky130_fd_sc_hd__dfrtp_1)
                                                         net18 (net)
                      0.153955    0.000283    0.685906 ^ output18/A (sky130_fd_sc_hd__buf_2)
     1    0.033974    0.169268    0.234193    0.920099 ^ output18/X (sky130_fd_sc_hd__buf_2)
                                                         count[5] (net)
                      0.169268    0.000632    0.920731 ^ count[5] (out)
                                              0.920731   data arrival time

                                  3.000000    3.000000   clock clk (rise edge)
                                  0.000000    3.000000   clock network delay (propagated)
                                 -0.250000    2.750000   clock uncertainty
                                  0.000000    2.750000   clock reconvergence pessimism
                                 -0.600000    2.150000   output external delay
                                              2.150000   data required time
---------------------------------------------------------------------------------------------
                                              2.150000   data required time
                                             -0.920731   data arrival time
---------------------------------------------------------------------------------------------
                                              1.229269   slack (MET)


Startpoint: _112_ (rising edge-triggered flip-flop clocked by clk)
Endpoint: count[4] (output port clocked by clk)
Path Group: clk
Path Type: max

Fanout         Cap        Slew       Delay        Time   Description
---------------------------------------------------------------------------------------------
                                  0.000000    0.000000   clock clk (rise edge)
                                  0.000000    0.000000   clock source latency
     1    0.012144    0.060920    0.041012    0.041012 ^ clk (in)
                                                         clk (net)
                      0.060922    0.000000    0.041012 ^ clkbuf_0_clk/A (sky130_fd_sc_hd__clkbuf_16)
     2    0.019272    0.041231    0.130434    0.171446 ^ clkbuf_0_clk/X (sky130_fd_sc_hd__clkbuf_16)
                                                         clknet_0_clk (net)
                      0.041233    0.000495    0.171940 ^ clkbuf_1_0__f_clk/A (sky130_fd_sc_hd__clkbuf_16)
     5    0.013986    0.036735    0.118251    0.290191 ^ clkbuf_1_0__f_clk/X (sky130_fd_sc_hd__clkbuf_16)
                                                         clknet_1_0__leaf_clk (net)
                      0.036735    0.000253    0.290444 ^ _112_/CLK (sky130_fd_sc_hd__dfrtp_1)
     5    0.014957    0.140930    0.389950    0.680394 ^ _112_/Q (sky130_fd_sc_hd__dfrtp_1)
                                                         net17 (net)
                      0.140930    0.000334    0.680728 ^ output17/A (sky130_fd_sc_hd__buf_2)
     1    0.033893    0.168865    0.230414    0.911142 ^ output17/X (sky130_fd_sc_hd__buf_2)
                                                         count[4] (net)
                      0.168865    0.000611    0.911753 ^ count[4] (out)
                                              0.911753   data arrival time

                                  3.000000    3.000000   clock clk (rise edge)
                                  0.000000    3.000000   clock network delay (propagated)
                                 -0.250000    2.750000   clock uncertainty
                                  0.000000    2.750000   clock reconvergence pessimism
                                 -0.600000    2.150000   output external delay
                                              2.150000   data required time
---------------------------------------------------------------------------------------------
                                              2.150000   data required time
                                             -0.911753   data arrival time
---------------------------------------------------------------------------------------------
                                              1.238246   slack (MET)


Startpoint: _110_ (rising edge-triggered flip-flop clocked by clk)
Endpoint: count[2] (output port clocked by clk)
Path Group: clk
Path Type: max

Fanout         Cap        Slew       Delay        Time   Description
---------------------------------------------------------------------------------------------
                                  0.000000    0.000000   clock clk (rise edge)
                                  0.000000    0.000000   clock source latency
     1    0.012144    0.060920    0.041012    0.041012 ^ clk (in)
                                                         clk (net)
                      0.060922    0.000000    0.041012 ^ clkbuf_0_clk/A (sky130_fd_sc_hd__clkbuf_16)
     2    0.019272    0.041231    0.130434    0.171446 ^ clkbuf_0_clk/X (sky130_fd_sc_hd__clkbuf_16)
                                                         clknet_0_clk (net)
                      0.041233    0.000495    0.171940 ^ clkbuf_1_0__f_clk/A (sky130_fd_sc_hd__clkbuf_16)
     5    0.013986    0.036735    0.118251    0.290191 ^ clkbuf_1_0__f_clk/X (sky130_fd_sc_hd__clkbuf_16)
                                                         clknet_1_0__leaf_clk (net)
                      0.036735    0.000431    0.290622 ^ _110_/CLK (sky130_fd_sc_hd__dfrtp_2)
     5    0.017737    0.073958    0.426484    0.717105 v _110_/Q (sky130_fd_sc_hd__dfrtp_2)
                                                         net15 (net)
                      0.074028    0.000316    0.717421 v output15/A (sky130_fd_sc_hd__buf_2)
     1    0.034078    0.089094    0.192716    0.910137 v output15/X (sky130_fd_sc_hd__buf_2)
                                                         count[2] (net)
                      0.089099    0.000705    0.910842 v count[2] (out)
                                              0.910842   data arrival time

                                  3.000000    3.000000   clock clk (rise edge)
                                  0.000000    3.000000   clock network delay (propagated)
                                 -0.250000    2.750000   clock uncertainty
                                  0.000000    2.750000   clock reconvergence pessimism
                                 -0.600000    2.150000   output external delay
                                              2.150000   data required time
---------------------------------------------------------------------------------------------
                                              2.150000   data required time
                                             -0.910842   data arrival time
---------------------------------------------------------------------------------------------
                                              1.239158   slack (MET)


Startpoint: _111_ (rising edge-triggered flip-flop clocked by clk)
Endpoint: count[3] (output port clocked by clk)
Path Group: clk
Path Type: max

Fanout         Cap        Slew       Delay        Time   Description
---------------------------------------------------------------------------------------------
                                  0.000000    0.000000   clock clk (rise edge)
                                  0.000000    0.000000   clock source latency
     1    0.012144    0.060920    0.041012    0.041012 ^ clk (in)
                                                         clk (net)
                      0.060922    0.000000    0.041012 ^ clkbuf_0_clk/A (sky130_fd_sc_hd__clkbuf_16)
     2    0.019272    0.041231    0.130434    0.171446 ^ clkbuf_0_clk/X (sky130_fd_sc_hd__clkbuf_16)
                                                         clknet_0_clk (net)
                      0.041233    0.000478    0.171923 ^ clkbuf_1_1__f_clk/A (sky130_fd_sc_hd__clkbuf_16)
     4    0.010687    0.033923    0.115141    0.287064 ^ clkbuf_1_1__f_clk/X (sky130_fd_sc_hd__clkbuf_16)
                                                         clknet_1_1__leaf_clk (net)
                      0.033923    0.000191    0.287255 ^ _111_/CLK (sky130_fd_sc_hd__dfrtp_1)
     4    0.015152    0.142502    0.390163    0.677418 ^ _111_/Q (sky130_fd_sc_hd__dfrtp_1)
                                                         net16 (net)
                      0.142502    0.000178    0.677596 ^ output16/A (sky130_fd_sc_hd__buf_2)
     1    0.034246    0.170531    0.231952    0.909547 ^ output16/X (sky130_fd_sc_hd__buf_2)
                                                         count[3] (net)
                      0.170532    0.000699    0.910247 ^ count[3] (out)
                                              0.910247   data arrival time

                                  3.000000    3.000000   clock clk (rise edge)
                                  0.000000    3.000000   clock network delay (propagated)
                                 -0.250000    2.750000   clock uncertainty
                                  0.000000    2.750000   clock reconvergence pessimism
                                 -0.600000    2.150000   output external delay
                                              2.150000   data required time
---------------------------------------------------------------------------------------------
                                              2.150000   data required time
                                             -0.910247   data arrival time
---------------------------------------------------------------------------------------------
                                              1.239753   slack (MET)


Startpoint: _108_ (rising edge-triggered flip-flop clocked by clk)
Endpoint: count[0] (output port clocked by clk)
Path Group: clk
Path Type: max

Fanout         Cap        Slew       Delay        Time   Description
---------------------------------------------------------------------------------------------
                                  0.000000    0.000000   clock clk (rise edge)
                                  0.000000    0.000000   clock source latency
     1    0.012144    0.060920    0.041012    0.041012 ^ clk (in)
                                                         clk (net)
                      0.060922    0.000000    0.041012 ^ clkbuf_0_clk/A (sky130_fd_sc_hd__clkbuf_16)
     2    0.019272    0.041231    0.130434    0.171446 ^ clkbuf_0_clk/X (sky130_fd_sc_hd__clkbuf_16)
                                                         clknet_0_clk (net)
                      0.041233    0.000495    0.171940 ^ clkbuf_1_0__f_clk/A (sky130_fd_sc_hd__clkbuf_16)
     5    0.013986    0.036735    0.118251    0.290191 ^ clkbuf_1_0__f_clk/X (sky130_fd_sc_hd__clkbuf_16)
                                                         clknet_1_0__leaf_clk (net)
                      0.036735    0.000260    0.290451 ^ _108_/CLK (sky130_fd_sc_hd__dfrtp_1)
     3    0.010481    0.104191    0.362904    0.653354 ^ _108_/Q (sky130_fd_sc_hd__dfrtp_1)
                                                         net13 (net)
                      0.104191    0.000208    0.653562 ^ output13/A (sky130_fd_sc_hd__buf_2)
     1    0.034667    0.172356    0.221222    0.874784 ^ output13/X (sky130_fd_sc_hd__buf_2)
                                                         count[0] (net)
                      0.172356    0.000662    0.875446 ^ count[0] (out)
                                              0.875446   data arrival time

                                  3.000000    3.000000   clock clk (rise edge)
                                  0.000000    3.000000   clock network delay (propagated)
                                 -0.250000    2.750000   clock uncertainty
                                  0.000000    2.750000   clock reconvergence pessimism
                                 -0.600000    2.150000   output external delay
                                              2.150000   data required time
---------------------------------------------------------------------------------------------
                                              2.150000   data required time
                                             -0.875446   data arrival time
---------------------------------------------------------------------------------------------
                                              1.274554   slack (MET)


Startpoint: _114_ (rising edge-triggered flip-flop clocked by clk)
Endpoint: count[6] (output port clocked by clk)
Path Group: clk
Path Type: max

Fanout         Cap        Slew       Delay        Time   Description
---------------------------------------------------------------------------------------------
                                  0.000000    0.000000   clock clk (rise edge)
                                  0.000000    0.000000   clock source latency
     1    0.012144    0.060920    0.041012    0.041012 ^ clk (in)
                                                         clk (net)
                      0.060922    0.000000    0.041012 ^ clkbuf_0_clk/A (sky130_fd_sc_hd__clkbuf_16)
     2    0.019272    0.041231    0.130434    0.171446 ^ clkbuf_0_clk/X (sky130_fd_sc_hd__clkbuf_16)
                                                         clknet_0_clk (net)
                      0.041233    0.000478    0.171923 ^ clkbuf_1_1__f_clk/A (sky130_fd_sc_hd__clkbuf_16)
     4    0.010687    0.033923    0.115141    0.287064 ^ clkbuf_1_1__f_clk/X (sky130_fd_sc_hd__clkbuf_16)
                                                         clknet_1_1__leaf_clk (net)
                      0.033923    0.000173    0.287237 ^ _114_/CLK (sky130_fd_sc_hd__dfrtp_1)
     4    0.010546    0.073126    0.389772    0.677009 v _114_/Q (sky130_fd_sc_hd__dfrtp_1)
                                                         net19 (net)
                      0.073126    0.000333    0.677342 v output19/A (sky130_fd_sc_hd__clkbuf_4)
     1    0.035191    0.081284    0.196390    0.873731 v output19/X (sky130_fd_sc_hd__clkbuf_4)
                                                         count[6] (net)
                      0.081295    0.000942    0.874673 v count[6] (out)
                                              0.874673   data arrival time

                                  3.000000    3.000000   clock clk (rise edge)
                                  0.000000    3.000000   clock network delay (propagated)
                                 -0.250000    2.750000   clock uncertainty
                                  0.000000    2.750000   clock reconvergence pessimism
                                 -0.600000    2.150000   output external delay
                                              2.150000   data required time
---------------------------------------------------------------------------------------------
                                              2.150000   data required time
                                             -0.874673   data arrival time
---------------------------------------------------------------------------------------------
                                              1.275326   slack (MET)


Startpoint: _115_ (rising edge-triggered flip-flop clocked by clk)
Endpoint: count[7] (output port clocked by clk)
Path Group: clk
Path Type: max

Fanout         Cap        Slew       Delay        Time   Description
---------------------------------------------------------------------------------------------
                                  0.000000    0.000000   clock clk (rise edge)
                                  0.000000    0.000000   clock source latency
     1    0.012144    0.060920    0.041012    0.041012 ^ clk (in)
                                                         clk (net)
                      0.060922    0.000000    0.041012 ^ clkbuf_0_clk/A (sky130_fd_sc_hd__clkbuf_16)
     2    0.019272    0.041231    0.130434    0.171446 ^ clkbuf_0_clk/X (sky130_fd_sc_hd__clkbuf_16)
                                                         clknet_0_clk (net)
                      0.041233    0.000478    0.171923 ^ clkbuf_1_1__f_clk/A (sky130_fd_sc_hd__clkbuf_16)
     4    0.010687    0.033923    0.115141    0.287064 ^ clkbuf_1_1__f_clk/X (sky130_fd_sc_hd__clkbuf_16)
                                                         clknet_1_1__leaf_clk (net)
                      0.033923    0.000145    0.287209 ^ _115_/CLK (sky130_fd_sc_hd__dfrtp_1)
     3    0.010813    0.106905    0.363854    0.651062 ^ _115_/Q (sky130_fd_sc_hd__dfrtp_1)
                                                         net20 (net)
                      0.106905    0.000280    0.651343 ^ output20/A (sky130_fd_sc_hd__buf_2)
     1    0.033992    0.169214    0.220006    0.871349 ^ output20/X (sky130_fd_sc_hd__buf_2)
                                                         count[7] (net)
                      0.169214    0.000624    0.871973 ^ count[7] (out)
                                              0.871973   data arrival time

                                  3.000000    3.000000   clock clk (rise edge)
                                  0.000000    3.000000   clock network delay (propagated)
                                 -0.250000    2.750000   clock uncertainty
                                  0.000000    2.750000   clock reconvergence pessimism
                                 -0.600000    2.150000   output external delay
                                              2.150000   data required time
---------------------------------------------------------------------------------------------
                                              2.150000   data required time
                                             -0.871973   data arrival time
---------------------------------------------------------------------------------------------
                                              1.278027   slack (MET)


Startpoint: up_down (input port clocked by clk)
Endpoint: _109_ (rising edge-triggered flip-flop clocked by clk)
Path Group: clk
Path Type: max

Fanout         Cap        Slew       Delay        Time   Description
---------------------------------------------------------------------------------------------
                                  0.000000    0.000000   clock clk (rise edge)
                                  0.000000    0.000000   clock network delay (propagated)
                                  0.600000    0.600000 ^ input external delay
     1    0.002774    0.019622    0.010229    0.610229 ^ up_down (in)
                                                         up_down (net)
                      0.019622    0.000000    0.610229 ^ input12/A (sky130_fd_sc_hd__buf_1)
     4    0.017468    0.209502    0.187396    0.797625 ^ input12/X (sky130_fd_sc_hd__buf_1)
                                                         net12 (net)
                      0.209503    0.000317    0.797942 ^ fanout21/A (sky130_fd_sc_hd__clkbuf_4)
    10    0.042371    0.135838    0.259299    1.057241 ^ fanout21/X (sky130_fd_sc_hd__clkbuf_4)
                                                         net21 (net)
                      0.135856    0.001602    1.058843 ^ _062_/A (sky130_fd_sc_hd__xor2_1)
     3    0.010213    0.242906    0.251381    1.310224 ^ _062_/X (sky130_fd_sc_hd__xor2_1)
                                                         _015_ (net)
                      0.242906    0.000214    1.310438 ^ _063_/B (sky130_fd_sc_hd__nand2_1)
     1    0.003816    0.061312    0.093946    1.404384 v _063_/Y (sky130_fd_sc_hd__nand2_1)
                                                         _016_ (net)
                      0.061312    0.000121    1.404505 v _066_/A1 (sky130_fd_sc_hd__a21o_1)
     1    0.002310    0.030742    0.153305    1.557810 v _066_/X (sky130_fd_sc_hd__a21o_1)
                                                         _001_ (net)
                      0.030742    0.000064    1.557874 v _109_/D (sky130_fd_sc_hd__dfrtp_1)
                                              1.557874   data arrival time

                                  3.000000    3.000000   clock clk (rise edge)
                                  0.000000    3.000000   clock source latency
     1    0.012144    0.060920    0.041012    3.041012 ^ clk (in)
                                                         clk (net)
                      0.060922    0.000000    3.041012 ^ clkbuf_0_clk/A (sky130_fd_sc_hd__clkbuf_16)
     2    0.019272    0.041231    0.130434    3.171446 ^ clkbuf_0_clk/X (sky130_fd_sc_hd__clkbuf_16)
                                                         clknet_0_clk (net)
                      0.041233    0.000494    3.171940 ^ clkbuf_1_0__f_clk/A (sky130_fd_sc_hd__clkbuf_16)
     5    0.013986    0.036735    0.118251    3.290191 ^ clkbuf_1_0__f_clk/X (sky130_fd_sc_hd__clkbuf_16)
                                                         clknet_1_0__leaf_clk (net)
                      0.036735    0.000429    3.290620 ^ _109_/CLK (sky130_fd_sc_hd__dfrtp_1)
                                 -0.250000    3.040620   clock uncertainty
                                  0.000000    3.040620   clock reconvergence pessimism
                                 -0.109941    2.930679   library setup time
                                              2.930679   data required time
---------------------------------------------------------------------------------------------
                                              2.930679   data required time
                                             -1.557874   data arrival time
---------------------------------------------------------------------------------------------
                                              1.372805   slack (MET)


Startpoint: preload (input port clocked by clk)
Endpoint: _108_ (rising edge-triggered flip-flop clocked by clk)
Path Group: clk
Path Type: max

Fanout         Cap        Slew       Delay        Time   Description
---------------------------------------------------------------------------------------------
                                  0.000000    0.000000   clock clk (rise edge)
                                  0.000000    0.000000   clock network delay (propagated)
                                  0.600000    0.600000 v input external delay
     1    0.002626    0.008222    0.004146    0.604146 v preload (in)
                                                         preload (net)
                      0.008222    0.000000    0.604146 v input10/A (sky130_fd_sc_hd__buf_2)
    10    0.039388    0.097641    0.172812    0.776958 v input10/X (sky130_fd_sc_hd__buf_2)
                                                         net10 (net)
                      0.097802    0.002771    0.779729 v _057_/A (sky130_fd_sc_hd__nor2_2)
     8    0.035767    0.392745    0.357557    1.137287 ^ _057_/Y (sky130_fd_sc_hd__nor2_2)
                                                         _011_ (net)
                      0.392764    0.002322    1.139609 ^ _059_/B1 (sky130_fd_sc_hd__a22o_1)
     1    0.003822    0.059031    0.195248    1.334858 ^ _059_/X (sky130_fd_sc_hd__a22o_1)
                                                         _013_ (net)
                      0.059034    0.000127    1.334985 ^ _060_/B1 (sky130_fd_sc_hd__a21oi_1)
     1    0.002941    0.052514    0.041286    1.376270 v _060_/Y (sky130_fd_sc_hd__a21oi_1)
                                                         _000_ (net)
                      0.052514    0.000089    1.376359 v _108_/D (sky130_fd_sc_hd__dfrtp_1)
                                              1.376359   data arrival time

                                  3.000000    3.000000   clock clk (rise edge)
                                  0.000000    3.000000   clock source latency
     1    0.012144    0.060920    0.041012    3.041012 ^ clk (in)
                                                         clk (net)
                      0.060922    0.000000    3.041012 ^ clkbuf_0_clk/A (sky130_fd_sc_hd__clkbuf_16)
     2    0.019272    0.041231    0.130434    3.171446 ^ clkbuf_0_clk/X (sky130_fd_sc_hd__clkbuf_16)
                                                         clknet_0_clk (net)
                      0.041233    0.000494    3.171940 ^ clkbuf_1_0__f_clk/A (sky130_fd_sc_hd__clkbuf_16)
     5    0.013986    0.036735    0.118251    3.290191 ^ clkbuf_1_0__f_clk/X (sky130_fd_sc_hd__clkbuf_16)
                                                         clknet_1_0__leaf_clk (net)
                      0.036735    0.000260    3.290451 ^ _108_/CLK (sky130_fd_sc_hd__dfrtp_1)
                                 -0.250000    3.040451   clock uncertainty
                                  0.000000    3.040451   clock reconvergence pessimism
                                 -0.119445    2.921006   library setup time
                                              2.921006   data required time
---------------------------------------------------------------------------------------------
                                              2.921006   data required time
                                             -1.376359   data arrival time
---------------------------------------------------------------------------------------------
                                              1.544647   slack (MET)


Startpoint: resetn (input port clocked by clk)
Endpoint: _110_ (recovery check against rising-edge clock clk)
Path Group: asynchronous
Path Type: max

Fanout         Cap        Slew       Delay        Time   Description
---------------------------------------------------------------------------------------------
                                  0.000000    0.000000   clock clk (rise edge)
                                  0.000000    0.000000   clock network delay (propagated)
                                  0.600000    0.600000 ^ input external delay
     1    0.003085    0.020961    0.011320    0.611320 ^ resetn (in)
                                                         resetn (net)
                      0.020961    0.000000    0.611320 ^ hold12/A (sky130_fd_sc_hd__dlygate4sd3_1)
     1    0.002310    0.048807    0.522342    1.133662 ^ hold12/X (sky130_fd_sc_hd__dlygate4sd3_1)
                                                         net33 (net)
                      0.048807    0.000065    1.133727 ^ input11/A (sky130_fd_sc_hd__buf_2)
     8    0.042893    0.210531    0.226837    1.360564 ^ input11/X (sky130_fd_sc_hd__buf_2)
                                                         net11 (net)
                      0.210588    0.002890    1.363454 ^ _110_/RESET_B (sky130_fd_sc_hd__dfrtp_2)
                                              1.363454   data arrival time

                                  3.000000    3.000000   clock clk (rise edge)
                                  0.000000    3.000000   clock source latency
     1    0.012144    0.060920    0.041012    3.041012 ^ clk (in)
                                                         clk (net)
                      0.060922    0.000000    3.041012 ^ clkbuf_0_clk/A (sky130_fd_sc_hd__clkbuf_16)
     2    0.019272    0.041231    0.130434    3.171446 ^ clkbuf_0_clk/X (sky130_fd_sc_hd__clkbuf_16)
                                                         clknet_0_clk (net)
                      0.041233    0.000494    3.171940 ^ clkbuf_1_0__f_clk/A (sky130_fd_sc_hd__clkbuf_16)
     5    0.013986    0.036735    0.118251    3.290191 ^ clkbuf_1_0__f_clk/X (sky130_fd_sc_hd__clkbuf_16)
                                                         clknet_1_0__leaf_clk (net)
                      0.036735    0.000431    3.290622 ^ _110_/CLK (sky130_fd_sc_hd__dfrtp_2)
                                 -0.250000    3.040621   clock uncertainty
                                  0.000000    3.040621   clock reconvergence pessimism
                                  0.167166    3.207788   library recovery time
                                              3.207788   data required time
---------------------------------------------------------------------------------------------
                                              3.207788   data required time
                                             -1.363454   data arrival time
---------------------------------------------------------------------------------------------
                                              1.844334   slack (MET)


Startpoint: resetn (input port clocked by clk)
Endpoint: _111_ (recovery check against rising-edge clock clk)
Path Group: asynchronous
Path Type: max

Fanout         Cap        Slew       Delay        Time   Description
---------------------------------------------------------------------------------------------
                                  0.000000    0.000000   clock clk (rise edge)
                                  0.000000    0.000000   clock network delay (propagated)
                                  0.600000    0.600000 ^ input external delay
     1    0.003085    0.020961    0.011320    0.611320 ^ resetn (in)
                                                         resetn (net)
                      0.020961    0.000000    0.611320 ^ hold12/A (sky130_fd_sc_hd__dlygate4sd3_1)
     1    0.002310    0.048807    0.522342    1.133662 ^ hold12/X (sky130_fd_sc_hd__dlygate4sd3_1)
                                                         net33 (net)
                      0.048807    0.000065    1.133727 ^ input11/A (sky130_fd_sc_hd__buf_2)
     8    0.042893    0.210531    0.226837    1.360564 ^ input11/X (sky130_fd_sc_hd__buf_2)
                                                         net11 (net)
                      0.210576    0.002579    1.363143 ^ _111_/RESET_B (sky130_fd_sc_hd__dfrtp_1)
                                              1.363143   data arrival time

                                  3.000000    3.000000   clock clk (rise edge)
                                  0.000000    3.000000   clock source latency
     1    0.012144    0.060920    0.041012    3.041012 ^ clk (in)
                                                         clk (net)
                      0.060922    0.000000    3.041012 ^ clkbuf_0_clk/A (sky130_fd_sc_hd__clkbuf_16)
     2    0.019272    0.041231    0.130434    3.171446 ^ clkbuf_0_clk/X (sky130_fd_sc_hd__clkbuf_16)
                                                         clknet_0_clk (net)
                      0.041233    0.000478    3.171923 ^ clkbuf_1_1__f_clk/A (sky130_fd_sc_hd__clkbuf_16)
     4    0.010687    0.033923    0.115141    3.287064 ^ clkbuf_1_1__f_clk/X (sky130_fd_sc_hd__clkbuf_16)
                                                         clknet_1_1__leaf_clk (net)
                      0.033923    0.000191    3.287255 ^ _111_/CLK (sky130_fd_sc_hd__dfrtp_1)
                                 -0.250000    3.037255   clock uncertainty
                                  0.000000    3.037255   clock reconvergence pessimism
                                  0.183995    3.221250   library recovery time
                                              3.221250   data required time
---------------------------------------------------------------------------------------------
                                              3.221250   data required time
                                             -1.363143   data arrival time
---------------------------------------------------------------------------------------------
                                              1.858106   slack (MET)


Startpoint: resetn (input port clocked by clk)
Endpoint: _115_ (recovery check against rising-edge clock clk)
Path Group: asynchronous
Path Type: max

Fanout         Cap        Slew       Delay        Time   Description
---------------------------------------------------------------------------------------------
                                  0.000000    0.000000   clock clk (rise edge)
                                  0.000000    0.000000   clock network delay (propagated)
                                  0.600000    0.600000 ^ input external delay
     1    0.003085    0.020961    0.011320    0.611320 ^ resetn (in)
                                                         resetn (net)
                      0.020961    0.000000    0.611320 ^ hold12/A (sky130_fd_sc_hd__dlygate4sd3_1)
     1    0.002310    0.048807    0.522342    1.133662 ^ hold12/X (sky130_fd_sc_hd__dlygate4sd3_1)
                                                         net33 (net)
                      0.048807    0.000065    1.133727 ^ input11/A (sky130_fd_sc_hd__buf_2)
     8    0.042893    0.210531    0.226837    1.360564 ^ input11/X (sky130_fd_sc_hd__buf_2)
                                                         net11 (net)
                      0.210574    0.002513    1.363078 ^ _115_/RESET_B (sky130_fd_sc_hd__dfrtp_1)
                                              1.363078   data arrival time

                                  3.000000    3.000000   clock clk (rise edge)
                                  0.000000    3.000000   clock source latency
     1    0.012144    0.060920    0.041012    3.041012 ^ clk (in)
                                                         clk (net)
                      0.060922    0.000000    3.041012 ^ clkbuf_0_clk/A (sky130_fd_sc_hd__clkbuf_16)
     2    0.019272    0.041231    0.130434    3.171446 ^ clkbuf_0_clk/X (sky130_fd_sc_hd__clkbuf_16)
                                                         clknet_0_clk (net)
                      0.041233    0.000478    3.171923 ^ clkbuf_1_1__f_clk/A (sky130_fd_sc_hd__clkbuf_16)
     4    0.010687    0.033923    0.115141    3.287064 ^ clkbuf_1_1__f_clk/X (sky130_fd_sc_hd__clkbuf_16)
                                                         clknet_1_1__leaf_clk (net)
                      0.033923    0.000145    3.287209 ^ _115_/CLK (sky130_fd_sc_hd__dfrtp_1)
                                 -0.250000    3.037209   clock uncertainty
                                  0.000000    3.037209   clock reconvergence pessimism
                                  0.183995    3.221204   library recovery time
                                              3.221204   data required time
---------------------------------------------------------------------------------------------
                                              3.221204   data required time
                                             -1.363078   data arrival time
---------------------------------------------------------------------------------------------
                                              1.858127   slack (MET)


Startpoint: resetn (input port clocked by clk)
Endpoint: _114_ (recovery check against rising-edge clock clk)
Path Group: asynchronous
Path Type: max

Fanout         Cap        Slew       Delay        Time   Description
---------------------------------------------------------------------------------------------
                                  0.000000    0.000000   clock clk (rise edge)
                                  0.000000    0.000000   clock network delay (propagated)
                                  0.600000    0.600000 ^ input external delay
     1    0.003085    0.020961    0.011320    0.611320 ^ resetn (in)
                                                         resetn (net)
                      0.020961    0.000000    0.611320 ^ hold12/A (sky130_fd_sc_hd__dlygate4sd3_1)
     1    0.002310    0.048807    0.522342    1.133662 ^ hold12/X (sky130_fd_sc_hd__dlygate4sd3_1)
                                                         net33 (net)
                      0.048807    0.000065    1.133727 ^ input11/A (sky130_fd_sc_hd__buf_2)
     8    0.042893    0.210531    0.226837    1.360564 ^ input11/X (sky130_fd_sc_hd__buf_2)
                                                         net11 (net)
                      0.210563    0.002192    1.362756 ^ _114_/RESET_B (sky130_fd_sc_hd__dfrtp_1)
                                              1.362756   data arrival time

                                  3.000000    3.000000   clock clk (rise edge)
                                  0.000000    3.000000   clock source latency
     1    0.012144    0.060920    0.041012    3.041012 ^ clk (in)
                                                         clk (net)
                      0.060922    0.000000    3.041012 ^ clkbuf_0_clk/A (sky130_fd_sc_hd__clkbuf_16)
     2    0.019272    0.041231    0.130434    3.171446 ^ clkbuf_0_clk/X (sky130_fd_sc_hd__clkbuf_16)
                                                         clknet_0_clk (net)
                      0.041233    0.000478    3.171923 ^ clkbuf_1_1__f_clk/A (sky130_fd_sc_hd__clkbuf_16)
     4    0.010687    0.033923    0.115141    3.287064 ^ clkbuf_1_1__f_clk/X (sky130_fd_sc_hd__clkbuf_16)
                                                         clknet_1_1__leaf_clk (net)
                      0.033923    0.000173    3.287237 ^ _114_/CLK (sky130_fd_sc_hd__dfrtp_1)
                                 -0.250000    3.037237   clock uncertainty
                                  0.000000    3.037237   clock reconvergence pessimism
                                  0.183998    3.221235   library recovery time
                                              3.221235   data required time
---------------------------------------------------------------------------------------------
                                              3.221235   data required time
                                             -1.362756   data arrival time
---------------------------------------------------------------------------------------------
                                              1.858479   slack (MET)


Startpoint: resetn (input port clocked by clk)
Endpoint: _113_ (recovery check against rising-edge clock clk)
Path Group: asynchronous
Path Type: max

Fanout         Cap        Slew       Delay        Time   Description
---------------------------------------------------------------------------------------------
                                  0.000000    0.000000   clock clk (rise edge)
                                  0.000000    0.000000   clock network delay (propagated)
                                  0.600000    0.600000 ^ input external delay
     1    0.003085    0.020961    0.011320    0.611320 ^ resetn (in)
                                                         resetn (net)
                      0.020961    0.000000    0.611320 ^ hold12/A (sky130_fd_sc_hd__dlygate4sd3_1)
     1    0.002310    0.048807    0.522342    1.133662 ^ hold12/X (sky130_fd_sc_hd__dlygate4sd3_1)
                                                         net33 (net)
                      0.048807    0.000065    1.133727 ^ input11/A (sky130_fd_sc_hd__buf_2)
     8    0.042893    0.210531    0.226837    1.360564 ^ input11/X (sky130_fd_sc_hd__buf_2)
                                                         net11 (net)
                      0.210546    0.001494    1.362059 ^ _113_/RESET_B (sky130_fd_sc_hd__dfrtp_1)
                                              1.362059   data arrival time

                                  3.000000    3.000000   clock clk (rise edge)
                                  0.000000    3.000000   clock source latency
     1    0.012144    0.060920    0.041012    3.041012 ^ clk (in)
                                                         clk (net)
                      0.060922    0.000000    3.041012 ^ clkbuf_0_clk/A (sky130_fd_sc_hd__clkbuf_16)
     2    0.019272    0.041231    0.130434    3.171446 ^ clkbuf_0_clk/X (sky130_fd_sc_hd__clkbuf_16)
                                                         clknet_0_clk (net)
                      0.041233    0.000478    3.171923 ^ clkbuf_1_1__f_clk/A (sky130_fd_sc_hd__clkbuf_16)
     4    0.010687    0.033923    0.115141    3.287064 ^ clkbuf_1_1__f_clk/X (sky130_fd_sc_hd__clkbuf_16)
                                                         clknet_1_1__leaf_clk (net)
                      0.033923    0.000155    3.287219 ^ _113_/CLK (sky130_fd_sc_hd__dfrtp_1)
                                 -0.250000    3.037219   clock uncertainty
                                  0.000000    3.037219   clock reconvergence pessimism
                                  0.184003    3.221221   library recovery time
                                              3.221221   data required time
---------------------------------------------------------------------------------------------
                                              3.221221   data required time
                                             -1.362059   data arrival time
---------------------------------------------------------------------------------------------
                                              1.859163   slack (MET)


Startpoint: resetn (input port clocked by clk)
Endpoint: _109_ (recovery check against rising-edge clock clk)
Path Group: asynchronous
Path Type: max

Fanout         Cap        Slew       Delay        Time   Description
---------------------------------------------------------------------------------------------
                                  0.000000    0.000000   clock clk (rise edge)
                                  0.000000    0.000000   clock network delay (propagated)
                                  0.600000    0.600000 ^ input external delay
     1    0.003085    0.020961    0.011320    0.611320 ^ resetn (in)
                                                         resetn (net)
                      0.020961    0.000000    0.611320 ^ hold12/A (sky130_fd_sc_hd__dlygate4sd3_1)
     1    0.002310    0.048807    0.522342    1.133662 ^ hold12/X (sky130_fd_sc_hd__dlygate4sd3_1)
                                                         net33 (net)
                      0.048807    0.000065    1.133727 ^ input11/A (sky130_fd_sc_hd__buf_2)
     8    0.042893    0.210531    0.226837    1.360564 ^ input11/X (sky130_fd_sc_hd__buf_2)
                                                         net11 (net)
                      0.210590    0.002940    1.363505 ^ _109_/RESET_B (sky130_fd_sc_hd__dfrtp_1)
                                              1.363505   data arrival time

                                  3.000000    3.000000   clock clk (rise edge)
                                  0.000000    3.000000   clock source latency
     1    0.012144    0.060920    0.041012    3.041012 ^ clk (in)
                                                         clk (net)
                      0.060922    0.000000    3.041012 ^ clkbuf_0_clk/A (sky130_fd_sc_hd__clkbuf_16)
     2    0.019272    0.041231    0.130434    3.171446 ^ clkbuf_0_clk/X (sky130_fd_sc_hd__clkbuf_16)
                                                         clknet_0_clk (net)
                      0.041233    0.000494    3.171940 ^ clkbuf_1_0__f_clk/A (sky130_fd_sc_hd__clkbuf_16)
     5    0.013986    0.036735    0.118251    3.290191 ^ clkbuf_1_0__f_clk/X (sky130_fd_sc_hd__clkbuf_16)
                                                         clknet_1_0__leaf_clk (net)
                      0.036735    0.000429    3.290620 ^ _109_/CLK (sky130_fd_sc_hd__dfrtp_1)
                                 -0.250000    3.040620   clock uncertainty
                                  0.000000    3.040620   clock reconvergence pessimism
                                  0.184872    3.225492   library recovery time
                                              3.225492   data required time
---------------------------------------------------------------------------------------------
                                              3.225492   data required time
                                             -1.363505   data arrival time
---------------------------------------------------------------------------------------------
                                              1.861988   slack (MET)


Startpoint: resetn (input port clocked by clk)
Endpoint: _112_ (recovery check against rising-edge clock clk)
Path Group: asynchronous
Path Type: max

Fanout         Cap        Slew       Delay        Time   Description
---------------------------------------------------------------------------------------------
                                  0.000000    0.000000   clock clk (rise edge)
                                  0.000000    0.000000   clock network delay (propagated)
                                  0.600000    0.600000 ^ input external delay
     1    0.003085    0.020961    0.011320    0.611320 ^ resetn (in)
                                                         resetn (net)
                      0.020961    0.000000    0.611320 ^ hold12/A (sky130_fd_sc_hd__dlygate4sd3_1)
     1    0.002310    0.048807    0.522342    1.133662 ^ hold12/X (sky130_fd_sc_hd__dlygate4sd3_1)
                                                         net33 (net)
                      0.048807    0.000065    1.133727 ^ input11/A (sky130_fd_sc_hd__buf_2)
     8    0.042893    0.210531    0.226837    1.360564 ^ input11/X (sky130_fd_sc_hd__buf_2)
                                                         net11 (net)
                      0.210536    0.000923    1.361487 ^ _112_/RESET_B (sky130_fd_sc_hd__dfrtp_1)
                                              1.361487   data arrival time

                                  3.000000    3.000000   clock clk (rise edge)
                                  0.000000    3.000000   clock source latency
     1    0.012144    0.060920    0.041012    3.041012 ^ clk (in)
                                                         clk (net)
                      0.060922    0.000000    3.041012 ^ clkbuf_0_clk/A (sky130_fd_sc_hd__clkbuf_16)
     2    0.019272    0.041231    0.130434    3.171446 ^ clkbuf_0_clk/X (sky130_fd_sc_hd__clkbuf_16)
                                                         clknet_0_clk (net)
                      0.041233    0.000494    3.171940 ^ clkbuf_1_0__f_clk/A (sky130_fd_sc_hd__clkbuf_16)
     5    0.013986    0.036735    0.118251    3.290191 ^ clkbuf_1_0__f_clk/X (sky130_fd_sc_hd__clkbuf_16)
                                                         clknet_1_0__leaf_clk (net)
                      0.036735    0.000253    3.290444 ^ _112_/CLK (sky130_fd_sc_hd__dfrtp_1)
                                 -0.250000    3.040444   clock uncertainty
                                  0.000000    3.040444   clock reconvergence pessimism
                                  0.184886    3.225330   library recovery time
                                              3.225330   data required time
---------------------------------------------------------------------------------------------
                                              3.225330   data required time
                                             -1.361487   data arrival time
---------------------------------------------------------------------------------------------
                                              1.863843   slack (MET)


Startpoint: resetn (input port clocked by clk)
Endpoint: _108_ (recovery check against rising-edge clock clk)
Path Group: asynchronous
Path Type: max

Fanout         Cap        Slew       Delay        Time   Description
---------------------------------------------------------------------------------------------
                                  0.000000    0.000000   clock clk (rise edge)
                                  0.000000    0.000000   clock network delay (propagated)
                                  0.600000    0.600000 ^ input external delay
     1    0.003085    0.020961    0.011320    0.611320 ^ resetn (in)
                                                         resetn (net)
                      0.020961    0.000000    0.611320 ^ hold12/A (sky130_fd_sc_hd__dlygate4sd3_1)
     1    0.002310    0.048807    0.522342    1.133662 ^ hold12/X (sky130_fd_sc_hd__dlygate4sd3_1)
                                                         net33 (net)
                      0.048807    0.000065    1.133727 ^ input11/A (sky130_fd_sc_hd__buf_2)
     8    0.042893    0.210531    0.226837    1.360564 ^ input11/X (sky130_fd_sc_hd__buf_2)
                                                         net11 (net)
                      0.210535    0.000779    1.361344 ^ _108_/RESET_B (sky130_fd_sc_hd__dfrtp_1)
                                              1.361344   data arrival time

                                  3.000000    3.000000   clock clk (rise edge)
                                  0.000000    3.000000   clock source latency
     1    0.012144    0.060920    0.041012    3.041012 ^ clk (in)
                                                         clk (net)
                      0.060922    0.000000    3.041012 ^ clkbuf_0_clk/A (sky130_fd_sc_hd__clkbuf_16)
     2    0.019272    0.041231    0.130434    3.171446 ^ clkbuf_0_clk/X (sky130_fd_sc_hd__clkbuf_16)
                                                         clknet_0_clk (net)
                      0.041233    0.000494    3.171940 ^ clkbuf_1_0__f_clk/A (sky130_fd_sc_hd__clkbuf_16)
     5    0.013986    0.036735    0.118251    3.290191 ^ clkbuf_1_0__f_clk/X (sky130_fd_sc_hd__clkbuf_16)
                                                         clknet_1_0__leaf_clk (net)
                      0.036735    0.000260    3.290451 ^ _108_/CLK (sky130_fd_sc_hd__dfrtp_1)
                                 -0.250000    3.040451   clock uncertainty
                                  0.000000    3.040451   clock reconvergence pessimism
                                  0.184887    3.225338   library recovery time
                                              3.225338   data required time
---------------------------------------------------------------------------------------------
                                              3.225338   data required time
                                             -1.361344   data arrival time
---------------------------------------------------------------------------------------------
                                              1.863994   slack (MET)



