
===========================================================================
report_checks -path_delay max (Setup)
============================================================================
======================= max_ss_100C_1v60 Corner ===================================

Startpoint: up_down (input port clocked by clk)
Endpoint: _113_ (rising edge-triggered flip-flop clocked by clk)
Path Group: clk
Path Type: max

Fanout         Cap        Slew       Delay        Time   Description
---------------------------------------------------------------------------------------------
                                  0.000000    0.000000   clock clk (rise edge)
                                  0.000000    0.000000   clock network delay (propagated)
                                  0.600000    0.600000 ^ input external delay
     1    0.002754    0.031941    0.015594    0.615594 ^ up_down (in)
                                                         up_down (net)
                      0.031941    0.000000    0.615594 ^ input12/A (sky130_fd_sc_hd__buf_1)
     4    0.017894    0.344643    0.328313    0.943907 ^ input12/X (sky130_fd_sc_hd__buf_1)
                                                         net12 (net)
                      0.344646    0.000838    0.944746 ^ fanout21/A (sky130_fd_sc_hd__clkbuf_4)
    10    0.042848    0.217539    0.478820    1.423566 ^ fanout21/X (sky130_fd_sc_hd__clkbuf_4)
                                                         net21 (net)
                      0.217607    0.003694    1.427259 ^ _062_/A (sky130_fd_sc_hd__xor2_1)
     3    0.010438    0.402785    0.458244    1.885503 ^ _062_/X (sky130_fd_sc_hd__xor2_1)
                                                         _015_ (net)
                      0.402785    0.000318    1.885821 ^ _067_/A1 (sky130_fd_sc_hd__o21a_1)
     2    0.012299    0.205130    0.458490    2.344311 ^ _067_/X (sky130_fd_sc_hd__o21a_1)
                                                         _019_ (net)
                      0.205131    0.000951    2.345262 ^ _080_/A3 (sky130_fd_sc_hd__o31ai_4)
     4    0.011566    0.150286    0.170217    2.515479 v _080_/Y (sky130_fd_sc_hd__o31ai_4)
                                                         _030_ (net)
                      0.150287    0.000483    2.515962 v rebuffer6/A (sky130_fd_sc_hd__clkbuf_1)
     1    0.002548    0.048202    0.195511    2.711473 v rebuffer6/X (sky130_fd_sc_hd__clkbuf_1)
                                                         net27 (net)
                      0.048202    0.000116    2.711589 v _089_/A1 (sky130_fd_sc_hd__a21o_1)
     2    0.006479    0.088892    0.305838    3.017427 v _089_/X (sky130_fd_sc_hd__a21o_1)
                                                         _038_ (net)
                      0.088892    0.000342    3.017769 v _091_/B (sky130_fd_sc_hd__or2_1)
     1    0.002551    0.094104    0.458360    3.476129 v _091_/X (sky130_fd_sc_hd__or2_1)
                                                         _040_ (net)
                      0.094104    0.000119    3.476248 v _093_/A3 (sky130_fd_sc_hd__a31o_1)
     1    0.002090    0.059809    0.384302    3.860550 v _093_/X (sky130_fd_sc_hd__a31o_1)
                                                         _005_ (net)
                      0.059809    0.000150    3.860700 v _113_/D (sky130_fd_sc_hd__dfrtp_1)
                                              3.860700   data arrival time

                                  3.000000    3.000000   clock clk (rise edge)
                                  0.000000    3.000000   clock source latency
     1    0.012485    0.098184    0.064937    3.064937 ^ clk (in)
                                                         clk (net)
                      0.098188    0.000000    3.064937 ^ clkbuf_0_clk/A (sky130_fd_sc_hd__clkbuf_16)
     2    0.019764    0.067145    0.233793    3.298730 ^ clkbuf_0_clk/X (sky130_fd_sc_hd__clkbuf_16)
                                                         clknet_0_clk (net)
                      0.067162    0.001205    3.299935 ^ clkbuf_1_1__f_clk/A (sky130_fd_sc_hd__clkbuf_16)
     4    0.010588    0.055677    0.206884    3.506819 ^ clkbuf_1_1__f_clk/X (sky130_fd_sc_hd__clkbuf_16)
                                                         clknet_1_1__leaf_clk (net)
                      0.055678    0.000342    3.507161 ^ _113_/CLK (sky130_fd_sc_hd__dfrtp_1)
                                 -0.250000    3.257161   clock uncertainty
                                  0.000000    3.257161   clock reconvergence pessimism
                                 -0.276130    2.981031   library setup time
                                              2.981031   data required time
---------------------------------------------------------------------------------------------
                                              2.981031   data required time
                                             -3.860700   data arrival time
---------------------------------------------------------------------------------------------
                                             -0.879669   slack (VIOLATED)


Startpoint: up_down (input port clocked by clk)
Endpoint: _114_ (rising edge-triggered flip-flop clocked by clk)
Path Group: clk
Path Type: max

Fanout         Cap        Slew       Delay        Time   Description
---------------------------------------------------------------------------------------------
                                  0.000000    0.000000   clock clk (rise edge)
                                  0.000000    0.000000   clock network delay (propagated)
                                  0.600000    0.600000 ^ input external delay
     1    0.002754    0.031941    0.015594    0.615594 ^ up_down (in)
                                                         up_down (net)
                      0.031941    0.000000    0.615594 ^ input12/A (sky130_fd_sc_hd__buf_1)
     4    0.017894    0.344643    0.328313    0.943907 ^ input12/X (sky130_fd_sc_hd__buf_1)
                                                         net12 (net)
                      0.344646    0.000838    0.944746 ^ fanout21/A (sky130_fd_sc_hd__clkbuf_4)
    10    0.042848    0.217539    0.478820    1.423566 ^ fanout21/X (sky130_fd_sc_hd__clkbuf_4)
                                                         net21 (net)
                      0.217607    0.003694    1.427259 ^ _062_/A (sky130_fd_sc_hd__xor2_1)
     3    0.009809    0.185789    0.259579    1.686838 v _062_/X (sky130_fd_sc_hd__xor2_1)
                                                         _015_ (net)
                      0.185789    0.000299    1.687137 v _067_/A1 (sky130_fd_sc_hd__o21a_1)
     2    0.010925    0.137083    0.453553    2.140691 v _067_/X (sky130_fd_sc_hd__o21a_1)
                                                         _019_ (net)
                      0.137086    0.000840    2.141530 v _080_/A3 (sky130_fd_sc_hd__o31ai_4)
     4    0.012025    0.364535    0.383606    2.525136 ^ _080_/Y (sky130_fd_sc_hd__o31ai_4)
                                                         _030_ (net)
                      0.364535    0.000586    2.525722 ^ _098_/A1 (sky130_fd_sc_hd__a31o_1)
     3    0.009205    0.169676    0.451476    2.977198 ^ _098_/X (sky130_fd_sc_hd__a31o_1)
                                                         _046_ (net)
                      0.169676    0.000558    2.977756 ^ rebuffer1/A (sky130_fd_sc_hd__dlymetal6s4s_1)
     1    0.003513    0.096339    0.369276    3.347032 ^ rebuffer1/X (sky130_fd_sc_hd__dlymetal6s4s_1)
                                                         net22 (net)
                      0.096339    0.000240    3.347272 ^ _099_/B (sky130_fd_sc_hd__nand2_1)
     1    0.002836    0.100208    0.115351    3.462623 v _099_/Y (sky130_fd_sc_hd__nand2_1)
                                                         _047_ (net)
                      0.100208    0.000135    3.462758 v _102_/A2 (sky130_fd_sc_hd__a31o_1)
     1    0.002781    0.065669    0.376497    3.839254 v _102_/X (sky130_fd_sc_hd__a31o_1)
                                                         _006_ (net)
                      0.065669    0.000177    3.839431 v _114_/D (sky130_fd_sc_hd__dfrtp_1)
                                              3.839431   data arrival time

                                  3.000000    3.000000   clock clk (rise edge)
                                  0.000000    3.000000   clock source latency
     1    0.012485    0.098184    0.064937    3.064937 ^ clk (in)
                                                         clk (net)
                      0.098188    0.000000    3.064937 ^ clkbuf_0_clk/A (sky130_fd_sc_hd__clkbuf_16)
     2    0.019764    0.067145    0.233793    3.298730 ^ clkbuf_0_clk/X (sky130_fd_sc_hd__clkbuf_16)
                                                         clknet_0_clk (net)
                      0.067162    0.001205    3.299935 ^ clkbuf_1_1__f_clk/A (sky130_fd_sc_hd__clkbuf_16)
     4    0.010588    0.055677    0.206884    3.506819 ^ clkbuf_1_1__f_clk/X (sky130_fd_sc_hd__clkbuf_16)
                                                         clknet_1_1__leaf_clk (net)
                      0.055678    0.000408    3.507227 ^ _114_/CLK (sky130_fd_sc_hd__dfrtp_1)
                                 -0.250000    3.257227   clock uncertainty
                                  0.000000    3.257227   clock reconvergence pessimism
                                 -0.278574    2.978653   library setup time
                                              2.978653   data required time
---------------------------------------------------------------------------------------------
                                              2.978653   data required time
                                             -3.839431   data arrival time
---------------------------------------------------------------------------------------------
                                             -0.860778   slack (VIOLATED)


Startpoint: up_down (input port clocked by clk)
Endpoint: _111_ (rising edge-triggered flip-flop clocked by clk)
Path Group: clk
Path Type: max

Fanout         Cap        Slew       Delay        Time   Description
---------------------------------------------------------------------------------------------
                                  0.000000    0.000000   clock clk (rise edge)
                                  0.000000    0.000000   clock network delay (propagated)
                                  0.600000    0.600000 ^ input external delay
     1    0.002754    0.031941    0.015594    0.615594 ^ up_down (in)
                                                         up_down (net)
                      0.031941    0.000000    0.615594 ^ input12/A (sky130_fd_sc_hd__buf_1)
     4    0.017894    0.344643    0.328313    0.943907 ^ input12/X (sky130_fd_sc_hd__buf_1)
                                                         net12 (net)
                      0.344646    0.000838    0.944746 ^ fanout21/A (sky130_fd_sc_hd__clkbuf_4)
    10    0.042848    0.217539    0.478820    1.423566 ^ fanout21/X (sky130_fd_sc_hd__clkbuf_4)
                                                         net21 (net)
                      0.217607    0.003694    1.427259 ^ _062_/A (sky130_fd_sc_hd__xor2_1)
     3    0.009809    0.185789    0.259579    1.686838 v _062_/X (sky130_fd_sc_hd__xor2_1)
                                                         _015_ (net)
                      0.185789    0.000299    1.687137 v _067_/A1 (sky130_fd_sc_hd__o21a_1)
     2    0.010925    0.137083    0.453553    2.140691 v _067_/X (sky130_fd_sc_hd__o21a_1)
                                                         _019_ (net)
                      0.137084    0.000635    2.141326 v rebuffer2/A (sky130_fd_sc_hd__buf_2)
     2    0.005798    0.056547    0.273440    2.414765 v rebuffer2/X (sky130_fd_sc_hd__buf_2)
                                                         net23 (net)
                      0.056547    0.000363    2.415128 v _070_/A (sky130_fd_sc_hd__or2_1)
     2    0.007384    0.136996    0.540864    2.955992 v _070_/X (sky130_fd_sc_hd__or2_1)
                                                         _022_ (net)
                      0.136996    0.000273    2.956265 v _075_/B1 (sky130_fd_sc_hd__o21ai_2)
     2    0.007362    0.208334    0.137662    3.093926 ^ _075_/Y (sky130_fd_sc_hd__o21ai_2)
                                                         _026_ (net)
                      0.208335    0.000473    3.094400 ^ _077_/A2 (sky130_fd_sc_hd__a21oi_1)
     1    0.002324    0.133760    0.176355    3.270755 v _077_/Y (sky130_fd_sc_hd__a21oi_1)
                                                         _028_ (net)
                      0.133760    0.000108    3.270864 v _078_/C1 (sky130_fd_sc_hd__a221o_1)
     1    0.003599    0.100191    0.521950    3.792813 v _078_/X (sky130_fd_sc_hd__a221o_1)
                                                         _003_ (net)
                      0.100191    0.000281    3.793094 v _111_/D (sky130_fd_sc_hd__dfrtp_1)
                                              3.793094   data arrival time

                                  3.000000    3.000000   clock clk (rise edge)
                                  0.000000    3.000000   clock source latency
     1    0.012485    0.098184    0.064937    3.064937 ^ clk (in)
                                                         clk (net)
                      0.098188    0.000000    3.064937 ^ clkbuf_0_clk/A (sky130_fd_sc_hd__clkbuf_16)
     2    0.019764    0.067145    0.233793    3.298730 ^ clkbuf_0_clk/X (sky130_fd_sc_hd__clkbuf_16)
                                                         clknet_0_clk (net)
                      0.067162    0.001205    3.299935 ^ clkbuf_1_1__f_clk/A (sky130_fd_sc_hd__clkbuf_16)
     4    0.010588    0.055677    0.206884    3.506819 ^ clkbuf_1_1__f_clk/X (sky130_fd_sc_hd__clkbuf_16)
                                                         clknet_1_1__leaf_clk (net)
                      0.055678    0.000439    3.507259 ^ _111_/CLK (sky130_fd_sc_hd__dfrtp_1)
                                 -0.250000    3.257259   clock uncertainty
                                  0.000000    3.257259   clock reconvergence pessimism
                                 -0.292976    2.964283   library setup time
                                              2.964283   data required time
---------------------------------------------------------------------------------------------
                                              2.964283   data required time
                                             -3.793094   data arrival time
---------------------------------------------------------------------------------------------
                                             -0.828811   slack (VIOLATED)


Startpoint: up_down (input port clocked by clk)
Endpoint: _115_ (rising edge-triggered flip-flop clocked by clk)
Path Group: clk
Path Type: max

Fanout         Cap        Slew       Delay        Time   Description
---------------------------------------------------------------------------------------------
                                  0.000000    0.000000   clock clk (rise edge)
                                  0.000000    0.000000   clock network delay (propagated)
                                  0.600000    0.600000 ^ input external delay
     1    0.002754    0.031941    0.015594    0.615594 ^ up_down (in)
                                                         up_down (net)
                      0.031941    0.000000    0.615594 ^ input12/A (sky130_fd_sc_hd__buf_1)
     4    0.017894    0.344643    0.328313    0.943907 ^ input12/X (sky130_fd_sc_hd__buf_1)
                                                         net12 (net)
                      0.344646    0.000838    0.944746 ^ fanout21/A (sky130_fd_sc_hd__clkbuf_4)
    10    0.042848    0.217539    0.478820    1.423566 ^ fanout21/X (sky130_fd_sc_hd__clkbuf_4)
                                                         net21 (net)
                      0.217607    0.003694    1.427259 ^ _062_/A (sky130_fd_sc_hd__xor2_1)
     3    0.009809    0.185789    0.259579    1.686838 v _062_/X (sky130_fd_sc_hd__xor2_1)
                                                         _015_ (net)
                      0.185789    0.000299    1.687137 v _067_/A1 (sky130_fd_sc_hd__o21a_1)
     2    0.010925    0.137083    0.453553    2.140691 v _067_/X (sky130_fd_sc_hd__o21a_1)
                                                         _019_ (net)
                      0.137086    0.000840    2.141530 v _080_/A3 (sky130_fd_sc_hd__o31ai_4)
     4    0.012025    0.364535    0.383606    2.525136 ^ _080_/Y (sky130_fd_sc_hd__o31ai_4)
                                                         _030_ (net)
                      0.364535    0.000586    2.525722 ^ _098_/A1 (sky130_fd_sc_hd__a31o_1)
     3    0.009205    0.169676    0.451476    2.977198 ^ _098_/X (sky130_fd_sc_hd__a31o_1)
                                                         _046_ (net)
                      0.169676    0.000690    2.977888 ^ _103_/A1 (sky130_fd_sc_hd__a21oi_1)
     1    0.005303    0.134508    0.189869    3.167758 v _103_/Y (sky130_fd_sc_hd__a21oi_1)
                                                         _050_ (net)
                      0.134508    0.000253    3.168011 v _105_/A (sky130_fd_sc_hd__xnor2_1)
     1    0.002510    0.090234    0.239365    3.407375 v _105_/Y (sky130_fd_sc_hd__xnor2_1)
                                                         _052_ (net)
                      0.090234    0.000182    3.407557 v _107_/A2 (sky130_fd_sc_hd__a21o_1)
     1    0.002392    0.056590    0.317241    3.724799 v _107_/X (sky130_fd_sc_hd__a21o_1)
                                                         _007_ (net)
                      0.056590    0.000161    3.724959 v _115_/D (sky130_fd_sc_hd__dfrtp_1)
                                              3.724959   data arrival time

                                  3.000000    3.000000   clock clk (rise edge)
                                  0.000000    3.000000   clock source latency
     1    0.012485    0.098184    0.064937    3.064937 ^ clk (in)
                                                         clk (net)
                      0.098188    0.000000    3.064937 ^ clkbuf_0_clk/A (sky130_fd_sc_hd__clkbuf_16)
     2    0.019764    0.067145    0.233793    3.298730 ^ clkbuf_0_clk/X (sky130_fd_sc_hd__clkbuf_16)
                                                         clknet_0_clk (net)
                      0.067162    0.001205    3.299935 ^ clkbuf_1_1__f_clk/A (sky130_fd_sc_hd__clkbuf_16)
     4    0.010588    0.055677    0.206884    3.506819 ^ clkbuf_1_1__f_clk/X (sky130_fd_sc_hd__clkbuf_16)
                                                         clknet_1_1__leaf_clk (net)
                      0.055677    0.000318    3.507138 ^ _115_/CLK (sky130_fd_sc_hd__dfrtp_1)
                                 -0.250000    3.257138   clock uncertainty
                                  0.000000    3.257138   clock reconvergence pessimism
                                 -0.274787    2.982351   library setup time
                                              2.982351   data required time
---------------------------------------------------------------------------------------------
                                              2.982351   data required time
                                             -3.724959   data arrival time
---------------------------------------------------------------------------------------------
                                             -0.742608   slack (VIOLATED)


Startpoint: up_down (input port clocked by clk)
Endpoint: _110_ (rising edge-triggered flip-flop clocked by clk)
Path Group: clk
Path Type: max

Fanout         Cap        Slew       Delay        Time   Description
---------------------------------------------------------------------------------------------
                                  0.000000    0.000000   clock clk (rise edge)
                                  0.000000    0.000000   clock network delay (propagated)
                                  0.600000    0.600000 ^ input external delay
     1    0.002754    0.031941    0.015594    0.615594 ^ up_down (in)
                                                         up_down (net)
                      0.031941    0.000000    0.615594 ^ input12/A (sky130_fd_sc_hd__buf_1)
     4    0.017894    0.344643    0.328313    0.943907 ^ input12/X (sky130_fd_sc_hd__buf_1)
                                                         net12 (net)
                      0.344646    0.000838    0.944746 ^ fanout21/A (sky130_fd_sc_hd__clkbuf_4)
    10    0.042848    0.217539    0.478820    1.423566 ^ fanout21/X (sky130_fd_sc_hd__clkbuf_4)
                                                         net21 (net)
                      0.217607    0.003694    1.427259 ^ _062_/A (sky130_fd_sc_hd__xor2_1)
     3    0.010438    0.402785    0.458244    1.885503 ^ _062_/X (sky130_fd_sc_hd__xor2_1)
                                                         _015_ (net)
                      0.402785    0.000318    1.885821 ^ _067_/A1 (sky130_fd_sc_hd__o21a_1)
     2    0.012299    0.205130    0.458490    2.344311 ^ _067_/X (sky130_fd_sc_hd__o21a_1)
                                                         _019_ (net)
                      0.205130    0.000715    2.345026 ^ rebuffer2/A (sky130_fd_sc_hd__buf_2)
     2    0.006014    0.067961    0.252835    2.597861 ^ rebuffer2/X (sky130_fd_sc_hd__buf_2)
                                                         net23 (net)
                      0.067962    0.000328    2.598190 ^ rebuffer3/A (sky130_fd_sc_hd__dlygate4sd1_1)
     1    0.002867    0.066009    0.369709    2.967898 ^ rebuffer3/X (sky130_fd_sc_hd__dlygate4sd1_1)
                                                         net24 (net)
                      0.066009    0.000200    2.968099 ^ _069_/A (sky130_fd_sc_hd__nand2_1)
     1    0.002778    0.116320    0.093432    3.061531 v _069_/Y (sky130_fd_sc_hd__nand2_1)
                                                         _021_ (net)
                      0.116320    0.000128    3.061659 v _072_/A2 (sky130_fd_sc_hd__a31o_1)
     1    0.002467    0.062974    0.380012    3.441671 v _072_/X (sky130_fd_sc_hd__a31o_1)
                                                         _002_ (net)
                      0.062974    0.000163    3.441833 v _110_/D (sky130_fd_sc_hd__dfrtp_2)
                                              3.441833   data arrival time

                                  3.000000    3.000000   clock clk (rise edge)
                                  0.000000    3.000000   clock source latency
     1    0.012485    0.098184    0.064937    3.064937 ^ clk (in)
                                                         clk (net)
                      0.098188    0.000000    3.064937 ^ clkbuf_0_clk/A (sky130_fd_sc_hd__clkbuf_16)
     2    0.019764    0.067145    0.233793    3.298730 ^ clkbuf_0_clk/X (sky130_fd_sc_hd__clkbuf_16)
                                                         clknet_0_clk (net)
                      0.067162    0.001192    3.299922 ^ clkbuf_1_0__f_clk/A (sky130_fd_sc_hd__clkbuf_16)
     5    0.013984    0.059956    0.211599    3.511521 ^ clkbuf_1_0__f_clk/X (sky130_fd_sc_hd__clkbuf_16)
                                                         clknet_1_0__leaf_clk (net)
                      0.059957    0.000978    3.512499 ^ _110_/CLK (sky130_fd_sc_hd__dfrtp_2)
                                 -0.250000    3.262499   clock uncertainty
                                  0.000000    3.262499   clock reconvergence pessimism
                                 -0.276349    2.986150   library setup time
                                              2.986150   data required time
---------------------------------------------------------------------------------------------
                                              2.986150   data required time
                                             -3.441833   data arrival time
---------------------------------------------------------------------------------------------
                                             -0.455684   slack (VIOLATED)


Startpoint: up_down (input port clocked by clk)
Endpoint: _112_ (rising edge-triggered flip-flop clocked by clk)
Path Group: clk
Path Type: max

Fanout         Cap        Slew       Delay        Time   Description
---------------------------------------------------------------------------------------------
                                  0.000000    0.000000   clock clk (rise edge)
                                  0.000000    0.000000   clock network delay (propagated)
                                  0.600000    0.600000 ^ input external delay
     1    0.002754    0.031941    0.015594    0.615594 ^ up_down (in)
                                                         up_down (net)
                      0.031941    0.000000    0.615594 ^ input12/A (sky130_fd_sc_hd__buf_1)
     4    0.017894    0.344643    0.328313    0.943907 ^ input12/X (sky130_fd_sc_hd__buf_1)
                                                         net12 (net)
                      0.344646    0.000838    0.944746 ^ fanout21/A (sky130_fd_sc_hd__clkbuf_4)
    10    0.042848    0.217539    0.478820    1.423566 ^ fanout21/X (sky130_fd_sc_hd__clkbuf_4)
                                                         net21 (net)
                      0.217607    0.003694    1.427259 ^ _062_/A (sky130_fd_sc_hd__xor2_1)
     3    0.010438    0.402785    0.458244    1.885503 ^ _062_/X (sky130_fd_sc_hd__xor2_1)
                                                         _015_ (net)
                      0.402785    0.000318    1.885821 ^ _067_/A1 (sky130_fd_sc_hd__o21a_1)
     2    0.012299    0.205130    0.458490    2.344311 ^ _067_/X (sky130_fd_sc_hd__o21a_1)
                                                         _019_ (net)
                      0.205131    0.000951    2.345262 ^ _080_/A3 (sky130_fd_sc_hd__o31ai_4)
     4    0.011566    0.150286    0.170217    2.515479 v _080_/Y (sky130_fd_sc_hd__o31ai_4)
                                                         _030_ (net)
                      0.150287    0.000440    2.515919 v _084_/A (sky130_fd_sc_hd__or2_1)
     1    0.003028    0.098263    0.528960    3.044879 v _084_/X (sky130_fd_sc_hd__or2_1)
                                                         _034_ (net)
                      0.098263    0.000222    3.045100 v _087_/A2 (sky130_fd_sc_hd__a31o_1)
     1    0.002568    0.063795    0.373131    3.418231 v _087_/X (sky130_fd_sc_hd__a31o_1)
                                                         _004_ (net)
                      0.063795    0.000168    3.418400 v _112_/D (sky130_fd_sc_hd__dfrtp_1)
                                              3.418400   data arrival time

                                  3.000000    3.000000   clock clk (rise edge)
                                  0.000000    3.000000   clock source latency
     1    0.012485    0.098184    0.064937    3.064937 ^ clk (in)
                                                         clk (net)
                      0.098188    0.000000    3.064937 ^ clkbuf_0_clk/A (sky130_fd_sc_hd__clkbuf_16)
     2    0.019764    0.067145    0.233793    3.298730 ^ clkbuf_0_clk/X (sky130_fd_sc_hd__clkbuf_16)
                                                         clknet_0_clk (net)
                      0.067162    0.001192    3.299922 ^ clkbuf_1_0__f_clk/A (sky130_fd_sc_hd__clkbuf_16)
     5    0.013984    0.059956    0.211599    3.511521 ^ clkbuf_1_0__f_clk/X (sky130_fd_sc_hd__clkbuf_16)
                                                         clknet_1_0__leaf_clk (net)
                      0.059956    0.000650    3.512170 ^ _112_/CLK (sky130_fd_sc_hd__dfrtp_1)
                                 -0.250000    3.262170   clock uncertainty
                                  0.000000    3.262170   clock reconvergence pessimism
                                 -0.276653    2.985518   library setup time
                                              2.985518   data required time
---------------------------------------------------------------------------------------------
                                              2.985518   data required time
                                             -3.418400   data arrival time
---------------------------------------------------------------------------------------------
                                             -0.432882   slack (VIOLATED)


Startpoint: _109_ (rising edge-triggered flip-flop clocked by clk)
Endpoint: count[1] (output port clocked by clk)
Path Group: clk
Path Type: max

Fanout         Cap        Slew       Delay        Time   Description
---------------------------------------------------------------------------------------------
                                  0.000000    0.000000   clock clk (rise edge)
                                  0.000000    0.000000   clock source latency
     1    0.012485    0.098184    0.064937    0.064937 ^ clk (in)
                                                         clk (net)
                      0.098188    0.000000    0.064937 ^ clkbuf_0_clk/A (sky130_fd_sc_hd__clkbuf_16)
     2    0.019764    0.067145    0.233793    0.298730 ^ clkbuf_0_clk/X (sky130_fd_sc_hd__clkbuf_16)
                                                         clknet_0_clk (net)
                      0.067162    0.001192    0.299922 ^ clkbuf_1_0__f_clk/A (sky130_fd_sc_hd__clkbuf_16)
     5    0.013984    0.059956    0.211599    0.511521 ^ clkbuf_1_0__f_clk/X (sky130_fd_sc_hd__clkbuf_16)
                                                         clknet_1_0__leaf_clk (net)
                      0.059957    0.000975    0.512496 ^ _109_/CLK (sky130_fd_sc_hd__dfrtp_1)
     3    0.009105    0.130347    0.789953    1.302449 v _109_/Q (sky130_fd_sc_hd__dfrtp_1)
                                                         net14 (net)
                      0.130347    0.000452    1.302901 v rebuffer4/A (sky130_fd_sc_hd__dlygate4sd1_1)
     2    0.005107    0.080024    0.523318    1.826219 v rebuffer4/X (sky130_fd_sc_hd__dlygate4sd1_1)
                                                         net25 (net)
                      0.080024    0.000302    1.826521 v output14/A (sky130_fd_sc_hd__buf_2)
     1    0.035888    0.172642    0.353470    2.179992 v output14/X (sky130_fd_sc_hd__buf_2)
                                                         count[1] (net)
                      0.172663    0.001945    2.181937 v count[1] (out)
                                              2.181937   data arrival time

                                  3.000000    3.000000   clock clk (rise edge)
                                  0.000000    3.000000   clock network delay (propagated)
                                 -0.250000    2.750000   clock uncertainty
                                  0.000000    2.750000   clock reconvergence pessimism
                                 -0.600000    2.150000   output external delay
                                              2.150000   data required time
---------------------------------------------------------------------------------------------
                                              2.150000   data required time
                                             -2.181937   data arrival time
---------------------------------------------------------------------------------------------
                                             -0.031937   slack (VIOLATED)


Startpoint: _109_ (rising edge-triggered flip-flop clocked by clk)
Endpoint: _109_ (rising edge-triggered flip-flop clocked by clk)
Path Group: clk
Path Type: max

Fanout         Cap        Slew       Delay        Time   Description
---------------------------------------------------------------------------------------------
                                  0.000000    0.000000   clock clk (rise edge)
                                  0.000000    0.000000   clock source latency
     1    0.012485    0.098184    0.064937    0.064937 ^ clk (in)
                                                         clk (net)
                      0.098188    0.000000    0.064937 ^ clkbuf_0_clk/A (sky130_fd_sc_hd__clkbuf_16)
     2    0.019764    0.067145    0.233793    0.298730 ^ clkbuf_0_clk/X (sky130_fd_sc_hd__clkbuf_16)
                                                         clknet_0_clk (net)
                      0.067162    0.001192    0.299922 ^ clkbuf_1_0__f_clk/A (sky130_fd_sc_hd__clkbuf_16)
     5    0.013984    0.059956    0.211599    0.511521 ^ clkbuf_1_0__f_clk/X (sky130_fd_sc_hd__clkbuf_16)
                                                         clknet_1_0__leaf_clk (net)
                      0.059957    0.000975    0.512496 ^ _109_/CLK (sky130_fd_sc_hd__dfrtp_1)
     3    0.009105    0.130347    0.789953    1.302449 v _109_/Q (sky130_fd_sc_hd__dfrtp_1)
                                                         net14 (net)
                      0.130347    0.000452    1.302901 v rebuffer4/A (sky130_fd_sc_hd__dlygate4sd1_1)
     2    0.005107    0.080024    0.523318    1.826219 v rebuffer4/X (sky130_fd_sc_hd__dlygate4sd1_1)
                                                         net25 (net)
                      0.080024    0.000266    1.826485 v rebuffer5/A (sky130_fd_sc_hd__dlygate4sd1_1)
     1    0.002823    0.061214    0.476403    2.302888 v rebuffer5/X (sky130_fd_sc_hd__dlygate4sd1_1)
                                                         net26 (net)
                      0.061214    0.000191    2.303079 v _065_/B2 (sky130_fd_sc_hd__a22o_1)
     1    0.003647    0.078633    0.360427    2.663506 v _065_/X (sky130_fd_sc_hd__a22o_1)
                                                         _018_ (net)
                      0.078633    0.000150    2.663656 v _066_/B1 (sky130_fd_sc_hd__a21o_1)
     1    0.002230    0.055505    0.271268    2.934924 v _066_/X (sky130_fd_sc_hd__a21o_1)
                                                         _001_ (net)
                      0.055505    0.000153    2.935077 v _109_/D (sky130_fd_sc_hd__dfrtp_1)
                                              2.935077   data arrival time

                                  3.000000    3.000000   clock clk (rise edge)
                                  0.000000    3.000000   clock source latency
     1    0.012485    0.098184    0.064937    3.064937 ^ clk (in)
                                                         clk (net)
                      0.098188    0.000000    3.064937 ^ clkbuf_0_clk/A (sky130_fd_sc_hd__clkbuf_16)
     2    0.019764    0.067145    0.233793    3.298730 ^ clkbuf_0_clk/X (sky130_fd_sc_hd__clkbuf_16)
                                                         clknet_0_clk (net)
                      0.067162    0.001192    3.299922 ^ clkbuf_1_0__f_clk/A (sky130_fd_sc_hd__clkbuf_16)
     5    0.013984    0.059956    0.211599    3.511521 ^ clkbuf_1_0__f_clk/X (sky130_fd_sc_hd__clkbuf_16)
                                                         clknet_1_0__leaf_clk (net)
                      0.059957    0.000975    3.512496 ^ _109_/CLK (sky130_fd_sc_hd__dfrtp_1)
                                 -0.250000    3.262496   clock uncertainty
                                  0.000000    3.262496   clock reconvergence pessimism
                                 -0.273195    2.989301   library setup time
                                              2.989301   data required time
---------------------------------------------------------------------------------------------
                                              2.989301   data required time
                                             -2.935077   data arrival time
---------------------------------------------------------------------------------------------
                                              0.054224   slack (MET)


Startpoint: _110_ (rising edge-triggered flip-flop clocked by clk)
Endpoint: count[2] (output port clocked by clk)
Path Group: clk
Path Type: max

Fanout         Cap        Slew       Delay        Time   Description
---------------------------------------------------------------------------------------------
                                  0.000000    0.000000   clock clk (rise edge)
                                  0.000000    0.000000   clock source latency
     1    0.012485    0.098184    0.064937    0.064937 ^ clk (in)
                                                         clk (net)
                      0.098188    0.000000    0.064937 ^ clkbuf_0_clk/A (sky130_fd_sc_hd__clkbuf_16)
     2    0.019764    0.067145    0.233793    0.298730 ^ clkbuf_0_clk/X (sky130_fd_sc_hd__clkbuf_16)
                                                         clknet_0_clk (net)
                      0.067162    0.001192    0.299922 ^ clkbuf_1_0__f_clk/A (sky130_fd_sc_hd__clkbuf_16)
     5    0.013984    0.059956    0.211599    0.511521 ^ clkbuf_1_0__f_clk/X (sky130_fd_sc_hd__clkbuf_16)
                                                         clknet_1_0__leaf_clk (net)
                      0.059957    0.000978    0.512499 ^ _110_/CLK (sky130_fd_sc_hd__dfrtp_2)
     5    0.018233    0.144776    0.890273    1.402771 v _110_/Q (sky130_fd_sc_hd__dfrtp_2)
                                                         net15 (net)
                      0.144776    0.000811    1.403582 v output15/A (sky130_fd_sc_hd__buf_2)
     1    0.034119    0.165653    0.379209    1.782791 v output15/X (sky130_fd_sc_hd__buf_2)
                                                         count[2] (net)
                      0.165669    0.001702    1.784493 v count[2] (out)
                                              1.784493   data arrival time

                                  3.000000    3.000000   clock clk (rise edge)
                                  0.000000    3.000000   clock network delay (propagated)
                                 -0.250000    2.750000   clock uncertainty
                                  0.000000    2.750000   clock reconvergence pessimism
                                 -0.600000    2.150000   output external delay
                                              2.150000   data required time
---------------------------------------------------------------------------------------------
                                              2.150000   data required time
                                             -1.784493   data arrival time
---------------------------------------------------------------------------------------------
                                              0.365507   slack (MET)


Startpoint: _113_ (rising edge-triggered flip-flop clocked by clk)
Endpoint: count[5] (output port clocked by clk)
Path Group: clk
Path Type: max

Fanout         Cap        Slew       Delay        Time   Description
---------------------------------------------------------------------------------------------
                                  0.000000    0.000000   clock clk (rise edge)
                                  0.000000    0.000000   clock source latency
     1    0.012485    0.098184    0.064937    0.064937 ^ clk (in)
                                                         clk (net)
                      0.098188    0.000000    0.064937 ^ clkbuf_0_clk/A (sky130_fd_sc_hd__clkbuf_16)
     2    0.019764    0.067145    0.233793    0.298730 ^ clkbuf_0_clk/X (sky130_fd_sc_hd__clkbuf_16)
                                                         clknet_0_clk (net)
                      0.067162    0.001206    0.299935 ^ clkbuf_1_1__f_clk/A (sky130_fd_sc_hd__clkbuf_16)
     4    0.010588    0.055677    0.206884    0.506820 ^ clkbuf_1_1__f_clk/X (sky130_fd_sc_hd__clkbuf_16)
                                                         clknet_1_1__leaf_clk (net)
                      0.055678    0.000342    0.507161 ^ _113_/CLK (sky130_fd_sc_hd__dfrtp_1)
     4    0.016011    0.185130    0.846214    1.353375 v _113_/Q (sky130_fd_sc_hd__dfrtp_1)
                                                         net18 (net)
                      0.185130    0.000705    1.354080 v output18/A (sky130_fd_sc_hd__buf_2)
     1    0.034016    0.165277    0.398403    1.752483 v output18/X (sky130_fd_sc_hd__buf_2)
                                                         count[5] (net)
                      0.165291    0.001613    1.754095 v count[5] (out)
                                              1.754095   data arrival time

                                  3.000000    3.000000   clock clk (rise edge)
                                  0.000000    3.000000   clock network delay (propagated)
                                 -0.250000    2.750000   clock uncertainty
                                  0.000000    2.750000   clock reconvergence pessimism
                                 -0.600000    2.150000   output external delay
                                              2.150000   data required time
---------------------------------------------------------------------------------------------
                                              2.150000   data required time
                                             -1.754095   data arrival time
---------------------------------------------------------------------------------------------
                                              0.395905   slack (MET)


Startpoint: _108_ (rising edge-triggered flip-flop clocked by clk)
Endpoint: _108_ (rising edge-triggered flip-flop clocked by clk)
Path Group: clk
Path Type: max

Fanout         Cap        Slew       Delay        Time   Description
---------------------------------------------------------------------------------------------
                                  0.000000    0.000000   clock clk (rise edge)
                                  0.000000    0.000000   clock source latency
     1    0.012485    0.098184    0.064937    0.064937 ^ clk (in)
                                                         clk (net)
                      0.098188    0.000000    0.064937 ^ clkbuf_0_clk/A (sky130_fd_sc_hd__clkbuf_16)
     2    0.019764    0.067145    0.233793    0.298730 ^ clkbuf_0_clk/X (sky130_fd_sc_hd__clkbuf_16)
                                                         clknet_0_clk (net)
                      0.067162    0.001192    0.299922 ^ clkbuf_1_0__f_clk/A (sky130_fd_sc_hd__clkbuf_16)
     5    0.013984    0.059956    0.211599    0.511521 ^ clkbuf_1_0__f_clk/X (sky130_fd_sc_hd__clkbuf_16)
                                                         clknet_1_0__leaf_clk (net)
                      0.059956    0.000652    0.512173 ^ _108_/CLK (sky130_fd_sc_hd__dfrtp_1)
     3    0.009975    0.138241    0.797934    1.310106 v _108_/Q (sky130_fd_sc_hd__dfrtp_1)
                                                         net13 (net)
                      0.138241    0.000518    1.310624 v hold13/A (sky130_fd_sc_hd__dlygate4sd3_1)
     1    0.003254    0.109926    1.163731    2.474355 v hold13/X (sky130_fd_sc_hd__dlygate4sd3_1)
                                                         net34 (net)
                      0.109926    0.000140    2.474495 v _060_/A1 (sky130_fd_sc_hd__a21oi_1)
     1    0.002953    0.171831    0.220936    2.695431 ^ _060_/Y (sky130_fd_sc_hd__a21oi_1)
                                                         _000_ (net)
                      0.171831    0.000188    2.695619 ^ _108_/D (sky130_fd_sc_hd__dfrtp_1)
                                              2.695619   data arrival time

                                  3.000000    3.000000   clock clk (rise edge)
                                  0.000000    3.000000   clock source latency
     1    0.012485    0.098184    0.064937    3.064937 ^ clk (in)
                                                         clk (net)
                      0.098188    0.000000    3.064937 ^ clkbuf_0_clk/A (sky130_fd_sc_hd__clkbuf_16)
     2    0.019764    0.067145    0.233793    3.298730 ^ clkbuf_0_clk/X (sky130_fd_sc_hd__clkbuf_16)
                                                         clknet_0_clk (net)
                      0.067162    0.001192    3.299922 ^ clkbuf_1_0__f_clk/A (sky130_fd_sc_hd__clkbuf_16)
     5    0.013984    0.059956    0.211599    3.511521 ^ clkbuf_1_0__f_clk/X (sky130_fd_sc_hd__clkbuf_16)
                                                         clknet_1_0__leaf_clk (net)
                      0.059956    0.000652    3.512172 ^ _108_/CLK (sky130_fd_sc_hd__dfrtp_1)
                                 -0.250000    3.262172   clock uncertainty
                                  0.000000    3.262172   clock reconvergence pessimism
                                 -0.160467    3.101705   library setup time
                                              3.101705   data required time
---------------------------------------------------------------------------------------------
                                              3.101705   data required time
                                             -2.695619   data arrival time
---------------------------------------------------------------------------------------------
                                              0.406086   slack (MET)


Startpoint: _112_ (rising edge-triggered flip-flop clocked by clk)
Endpoint: count[4] (output port clocked by clk)
Path Group: clk
Path Type: max

Fanout         Cap        Slew       Delay        Time   Description
---------------------------------------------------------------------------------------------
                                  0.000000    0.000000   clock clk (rise edge)
                                  0.000000    0.000000   clock source latency
     1    0.012485    0.098184    0.064937    0.064937 ^ clk (in)
                                                         clk (net)
                      0.098188    0.000000    0.064937 ^ clkbuf_0_clk/A (sky130_fd_sc_hd__clkbuf_16)
     2    0.019764    0.067145    0.233793    0.298730 ^ clkbuf_0_clk/X (sky130_fd_sc_hd__clkbuf_16)
                                                         clknet_0_clk (net)
                      0.067162    0.001192    0.299922 ^ clkbuf_1_0__f_clk/A (sky130_fd_sc_hd__clkbuf_16)
     5    0.013984    0.059956    0.211599    0.511521 ^ clkbuf_1_0__f_clk/X (sky130_fd_sc_hd__clkbuf_16)
                                                         clknet_1_0__leaf_clk (net)
                      0.059956    0.000650    0.512171 ^ _112_/CLK (sky130_fd_sc_hd__dfrtp_1)
     5    0.014422    0.171749    0.837227    1.349398 v _112_/Q (sky130_fd_sc_hd__dfrtp_1)
                                                         net17 (net)
                      0.171749    0.000724    1.350122 v output17/A (sky130_fd_sc_hd__buf_2)
     1    0.033918    0.164862    0.391650    1.741772 v output17/X (sky130_fd_sc_hd__buf_2)
                                                         count[4] (net)
                      0.164875    0.001587    1.743359 v count[4] (out)
                                              1.743359   data arrival time

                                  3.000000    3.000000   clock clk (rise edge)
                                  0.000000    3.000000   clock network delay (propagated)
                                 -0.250000    2.750000   clock uncertainty
                                  0.000000    2.750000   clock reconvergence pessimism
                                 -0.600000    2.150000   output external delay
                                              2.150000   data required time
---------------------------------------------------------------------------------------------
                                              2.150000   data required time
                                             -1.743359   data arrival time
---------------------------------------------------------------------------------------------
                                              0.406640   slack (MET)


Startpoint: _111_ (rising edge-triggered flip-flop clocked by clk)
Endpoint: count[3] (output port clocked by clk)
Path Group: clk
Path Type: max

Fanout         Cap        Slew       Delay        Time   Description
---------------------------------------------------------------------------------------------
                                  0.000000    0.000000   clock clk (rise edge)
                                  0.000000    0.000000   clock source latency
     1    0.012485    0.098184    0.064937    0.064937 ^ clk (in)
                                                         clk (net)
                      0.098188    0.000000    0.064937 ^ clkbuf_0_clk/A (sky130_fd_sc_hd__clkbuf_16)
     2    0.019764    0.067145    0.233793    0.298730 ^ clkbuf_0_clk/X (sky130_fd_sc_hd__clkbuf_16)
                                                         clknet_0_clk (net)
                      0.067162    0.001206    0.299935 ^ clkbuf_1_1__f_clk/A (sky130_fd_sc_hd__clkbuf_16)
     4    0.010588    0.055677    0.206884    0.506820 ^ clkbuf_1_1__f_clk/X (sky130_fd_sc_hd__clkbuf_16)
                                                         clknet_1_1__leaf_clk (net)
                      0.055678    0.000439    0.507259 ^ _111_/CLK (sky130_fd_sc_hd__dfrtp_1)
     4    0.014511    0.172517    0.835993    1.343251 v _111_/Q (sky130_fd_sc_hd__dfrtp_1)
                                                         net16 (net)
                      0.172517    0.000402    1.343653 v output16/A (sky130_fd_sc_hd__buf_2)
     1    0.034305    0.166424    0.393188    1.736841 v output16/X (sky130_fd_sc_hd__buf_2)
                                                         count[3] (net)
                      0.166440    0.001695    1.738537 v count[3] (out)
                                              1.738537   data arrival time

                                  3.000000    3.000000   clock clk (rise edge)
                                  0.000000    3.000000   clock network delay (propagated)
                                 -0.250000    2.750000   clock uncertainty
                                  0.000000    2.750000   clock reconvergence pessimism
                                 -0.600000    2.150000   output external delay
                                              2.150000   data required time
---------------------------------------------------------------------------------------------
                                              2.150000   data required time
                                             -1.738537   data arrival time
---------------------------------------------------------------------------------------------
                                              0.411463   slack (MET)


Startpoint: _108_ (rising edge-triggered flip-flop clocked by clk)
Endpoint: count[0] (output port clocked by clk)
Path Group: clk
Path Type: max

Fanout         Cap        Slew       Delay        Time   Description
---------------------------------------------------------------------------------------------
                                  0.000000    0.000000   clock clk (rise edge)
                                  0.000000    0.000000   clock source latency
     1    0.012485    0.098184    0.064937    0.064937 ^ clk (in)
                                                         clk (net)
                      0.098188    0.000000    0.064937 ^ clkbuf_0_clk/A (sky130_fd_sc_hd__clkbuf_16)
     2    0.019764    0.067145    0.233793    0.298730 ^ clkbuf_0_clk/X (sky130_fd_sc_hd__clkbuf_16)
                                                         clknet_0_clk (net)
                      0.067162    0.001192    0.299922 ^ clkbuf_1_0__f_clk/A (sky130_fd_sc_hd__clkbuf_16)
     5    0.013984    0.059956    0.211599    0.511521 ^ clkbuf_1_0__f_clk/X (sky130_fd_sc_hd__clkbuf_16)
                                                         clknet_1_0__leaf_clk (net)
                      0.059956    0.000652    0.512173 ^ _108_/CLK (sky130_fd_sc_hd__dfrtp_1)
     3    0.009975    0.138241    0.797934    1.310106 v _108_/Q (sky130_fd_sc_hd__dfrtp_1)
                                                         net13 (net)
                      0.138241    0.000482    1.310588 v output13/A (sky130_fd_sc_hd__buf_2)
     1    0.034780    0.168252    0.378209    1.688797 v output13/X (sky130_fd_sc_hd__buf_2)
                                                         count[0] (net)
                      0.168267    0.001660    1.690457 v count[0] (out)
                                              1.690457   data arrival time

                                  3.000000    3.000000   clock clk (rise edge)
                                  0.000000    3.000000   clock network delay (propagated)
                                 -0.250000    2.750000   clock uncertainty
                                  0.000000    2.750000   clock reconvergence pessimism
                                 -0.600000    2.150000   output external delay
                                              2.150000   data required time
---------------------------------------------------------------------------------------------
                                              2.150000   data required time
                                             -1.690457   data arrival time
---------------------------------------------------------------------------------------------
                                              0.459543   slack (MET)


Startpoint: _115_ (rising edge-triggered flip-flop clocked by clk)
Endpoint: count[7] (output port clocked by clk)
Path Group: clk
Path Type: max

Fanout         Cap        Slew       Delay        Time   Description
---------------------------------------------------------------------------------------------
                                  0.000000    0.000000   clock clk (rise edge)
                                  0.000000    0.000000   clock source latency
     1    0.012485    0.098184    0.064937    0.064937 ^ clk (in)
                                                         clk (net)
                      0.098188    0.000000    0.064937 ^ clkbuf_0_clk/A (sky130_fd_sc_hd__clkbuf_16)
     2    0.019764    0.067145    0.233793    0.298730 ^ clkbuf_0_clk/X (sky130_fd_sc_hd__clkbuf_16)
                                                         clknet_0_clk (net)
                      0.067162    0.001206    0.299935 ^ clkbuf_1_1__f_clk/A (sky130_fd_sc_hd__clkbuf_16)
     4    0.010588    0.055677    0.206884    0.506820 ^ clkbuf_1_1__f_clk/X (sky130_fd_sc_hd__clkbuf_16)
                                                         clknet_1_1__leaf_clk (net)
                      0.055677    0.000318    0.507138 ^ _115_/CLK (sky130_fd_sc_hd__dfrtp_1)
     3    0.010243    0.140772    0.798354    1.305492 v _115_/Q (sky130_fd_sc_hd__dfrtp_1)
                                                         net20 (net)
                      0.140773    0.000614    1.306106 v output20/A (sky130_fd_sc_hd__buf_2)
     1    0.034029    0.165266    0.377062    1.683169 v output20/X (sky130_fd_sc_hd__buf_2)
                                                         count[7] (net)
                      0.165280    0.001602    1.684771 v count[7] (out)
                                              1.684771   data arrival time

                                  3.000000    3.000000   clock clk (rise edge)
                                  0.000000    3.000000   clock network delay (propagated)
                                 -0.250000    2.750000   clock uncertainty
                                  0.000000    2.750000   clock reconvergence pessimism
                                 -0.600000    2.150000   output external delay
                                              2.150000   data required time
---------------------------------------------------------------------------------------------
                                              2.150000   data required time
                                             -1.684771   data arrival time
---------------------------------------------------------------------------------------------
                                              0.465229   slack (MET)


Startpoint: _114_ (rising edge-triggered flip-flop clocked by clk)
Endpoint: count[6] (output port clocked by clk)
Path Group: clk
Path Type: max

Fanout         Cap        Slew       Delay        Time   Description
---------------------------------------------------------------------------------------------
                                  0.000000    0.000000   clock clk (rise edge)
                                  0.000000    0.000000   clock source latency
     1    0.012485    0.098184    0.064937    0.064937 ^ clk (in)
                                                         clk (net)
                      0.098188    0.000000    0.064937 ^ clkbuf_0_clk/A (sky130_fd_sc_hd__clkbuf_16)
     2    0.019764    0.067145    0.233793    0.298730 ^ clkbuf_0_clk/X (sky130_fd_sc_hd__clkbuf_16)
                                                         clknet_0_clk (net)
                      0.067162    0.001206    0.299935 ^ clkbuf_1_1__f_clk/A (sky130_fd_sc_hd__clkbuf_16)
     4    0.010588    0.055677    0.206884    0.506820 ^ clkbuf_1_1__f_clk/X (sky130_fd_sc_hd__clkbuf_16)
                                                         clknet_1_1__leaf_clk (net)
                      0.055678    0.000408    0.507228 ^ _114_/CLK (sky130_fd_sc_hd__dfrtp_1)
     4    0.010886    0.146723    0.804240    1.311467 v _114_/Q (sky130_fd_sc_hd__dfrtp_1)
                                                         net19 (net)
                      0.146725    0.000766    1.312233 v output19/A (sky130_fd_sc_hd__clkbuf_4)
     1    0.035277    0.142109    0.363264    1.675498 v output19/X (sky130_fd_sc_hd__clkbuf_4)
                                                         count[6] (net)
                      0.142133    0.001862    1.677360 v count[6] (out)
                                              1.677360   data arrival time

                                  3.000000    3.000000   clock clk (rise edge)
                                  0.000000    3.000000   clock network delay (propagated)
                                 -0.250000    2.750000   clock uncertainty
                                  0.000000    2.750000   clock reconvergence pessimism
                                 -0.600000    2.150000   output external delay
                                              2.150000   data required time
---------------------------------------------------------------------------------------------
                                              2.150000   data required time
                                             -1.677360   data arrival time
---------------------------------------------------------------------------------------------
                                              0.472640   slack (MET)


Startpoint: resetn (input port clocked by clk)
Endpoint: _110_ (recovery check against rising-edge clock clk)
Path Group: asynchronous
Path Type: max

Fanout         Cap        Slew       Delay        Time   Description
---------------------------------------------------------------------------------------------
                                  0.000000    0.000000   clock clk (rise edge)
                                  0.000000    0.000000   clock network delay (propagated)
                                  0.600000    0.600000 ^ input external delay
     1    0.003089    0.034159    0.017359    0.617359 ^ resetn (in)
                                                         resetn (net)
                      0.034161    0.000000    0.617359 ^ hold12/A (sky130_fd_sc_hd__dlygate4sd3_1)
     1    0.002322    0.086169    1.017833    1.635191 ^ hold12/X (sky130_fd_sc_hd__dlygate4sd3_1)
                                                         net33 (net)
                      0.086169    0.000154    1.635345 ^ input11/A (sky130_fd_sc_hd__buf_2)
     8    0.041401    0.325645    0.386393    2.021738 ^ input11/X (sky130_fd_sc_hd__buf_2)
                                                         net11 (net)
                      0.325780    0.005509    2.027246 ^ _110_/RESET_B (sky130_fd_sc_hd__dfrtp_2)
                                              2.027246   data arrival time

                                  3.000000    3.000000   clock clk (rise edge)
                                  0.000000    3.000000   clock source latency
     1    0.012485    0.098184    0.064937    3.064937 ^ clk (in)
                                                         clk (net)
                      0.098188    0.000000    3.064937 ^ clkbuf_0_clk/A (sky130_fd_sc_hd__clkbuf_16)
     2    0.019764    0.067145    0.233793    3.298730 ^ clkbuf_0_clk/X (sky130_fd_sc_hd__clkbuf_16)
                                                         clknet_0_clk (net)
                      0.067162    0.001192    3.299922 ^ clkbuf_1_0__f_clk/A (sky130_fd_sc_hd__clkbuf_16)
     5    0.013984    0.059956    0.211599    3.511521 ^ clkbuf_1_0__f_clk/X (sky130_fd_sc_hd__clkbuf_16)
                                                         clknet_1_0__leaf_clk (net)
                      0.059957    0.000978    3.512499 ^ _110_/CLK (sky130_fd_sc_hd__dfrtp_2)
                                 -0.250000    3.262499   clock uncertainty
                                  0.000000    3.262499   clock reconvergence pessimism
                                  0.331791    3.594290   library recovery time
                                              3.594290   data required time
---------------------------------------------------------------------------------------------
                                              3.594290   data required time
                                             -2.027246   data arrival time
---------------------------------------------------------------------------------------------
                                              1.567044   slack (MET)


Startpoint: resetn (input port clocked by clk)
Endpoint: _111_ (recovery check against rising-edge clock clk)
Path Group: asynchronous
Path Type: max

Fanout         Cap        Slew       Delay        Time   Description
---------------------------------------------------------------------------------------------
                                  0.000000    0.000000   clock clk (rise edge)
                                  0.000000    0.000000   clock network delay (propagated)
                                  0.600000    0.600000 ^ input external delay
     1    0.003089    0.034159    0.017359    0.617359 ^ resetn (in)
                                                         resetn (net)
                      0.034161    0.000000    0.617359 ^ hold12/A (sky130_fd_sc_hd__dlygate4sd3_1)
     1    0.002322    0.086169    1.017833    1.635191 ^ hold12/X (sky130_fd_sc_hd__dlygate4sd3_1)
                                                         net33 (net)
                      0.086169    0.000154    1.635345 ^ input11/A (sky130_fd_sc_hd__buf_2)
     8    0.041401    0.325645    0.386393    2.021738 ^ input11/X (sky130_fd_sc_hd__buf_2)
                                                         net11 (net)
                      0.325755    0.004982    2.026719 ^ _111_/RESET_B (sky130_fd_sc_hd__dfrtp_1)
                                              2.026719   data arrival time

                                  3.000000    3.000000   clock clk (rise edge)
                                  0.000000    3.000000   clock source latency
     1    0.012485    0.098184    0.064937    3.064937 ^ clk (in)
                                                         clk (net)
                      0.098188    0.000000    3.064937 ^ clkbuf_0_clk/A (sky130_fd_sc_hd__clkbuf_16)
     2    0.019764    0.067145    0.233793    3.298730 ^ clkbuf_0_clk/X (sky130_fd_sc_hd__clkbuf_16)
                                                         clknet_0_clk (net)
                      0.067162    0.001205    3.299935 ^ clkbuf_1_1__f_clk/A (sky130_fd_sc_hd__clkbuf_16)
     4    0.010588    0.055677    0.206884    3.506819 ^ clkbuf_1_1__f_clk/X (sky130_fd_sc_hd__clkbuf_16)
                                                         clknet_1_1__leaf_clk (net)
                      0.055678    0.000439    3.507259 ^ _111_/CLK (sky130_fd_sc_hd__dfrtp_1)
                                 -0.250000    3.257259   clock uncertainty
                                  0.000000    3.257259   clock reconvergence pessimism
                                  0.362980    3.620239   library recovery time
                                              3.620239   data required time
---------------------------------------------------------------------------------------------
                                              3.620239   data required time
                                             -2.026719   data arrival time
---------------------------------------------------------------------------------------------
                                              1.593520   slack (MET)


Startpoint: resetn (input port clocked by clk)
Endpoint: _115_ (recovery check against rising-edge clock clk)
Path Group: asynchronous
Path Type: max

Fanout         Cap        Slew       Delay        Time   Description
---------------------------------------------------------------------------------------------
                                  0.000000    0.000000   clock clk (rise edge)
                                  0.000000    0.000000   clock network delay (propagated)
                                  0.600000    0.600000 ^ input external delay
     1    0.003089    0.034159    0.017359    0.617359 ^ resetn (in)
                                                         resetn (net)
                      0.034161    0.000000    0.617359 ^ hold12/A (sky130_fd_sc_hd__dlygate4sd3_1)
     1    0.002322    0.086169    1.017833    1.635191 ^ hold12/X (sky130_fd_sc_hd__dlygate4sd3_1)
                                                         net33 (net)
                      0.086169    0.000154    1.635345 ^ input11/A (sky130_fd_sc_hd__buf_2)
     8    0.041401    0.325645    0.386393    2.021738 ^ input11/X (sky130_fd_sc_hd__buf_2)
                                                         net11 (net)
                      0.325747    0.004791    2.026528 ^ _115_/RESET_B (sky130_fd_sc_hd__dfrtp_1)
                                              2.026528   data arrival time

                                  3.000000    3.000000   clock clk (rise edge)
                                  0.000000    3.000000   clock source latency
     1    0.012485    0.098184    0.064937    3.064937 ^ clk (in)
                                                         clk (net)
                      0.098188    0.000000    3.064937 ^ clkbuf_0_clk/A (sky130_fd_sc_hd__clkbuf_16)
     2    0.019764    0.067145    0.233793    3.298730 ^ clkbuf_0_clk/X (sky130_fd_sc_hd__clkbuf_16)
                                                         clknet_0_clk (net)
                      0.067162    0.001205    3.299935 ^ clkbuf_1_1__f_clk/A (sky130_fd_sc_hd__clkbuf_16)
     4    0.010588    0.055677    0.206884    3.506819 ^ clkbuf_1_1__f_clk/X (sky130_fd_sc_hd__clkbuf_16)
                                                         clknet_1_1__leaf_clk (net)
                      0.055677    0.000318    3.507138 ^ _115_/CLK (sky130_fd_sc_hd__dfrtp_1)
                                 -0.250000    3.257138   clock uncertainty
                                  0.000000    3.257138   clock reconvergence pessimism
                                  0.362983    3.620121   library recovery time
                                              3.620121   data required time
---------------------------------------------------------------------------------------------
                                              3.620121   data required time
                                             -2.026528   data arrival time
---------------------------------------------------------------------------------------------
                                              1.593593   slack (MET)


Startpoint: resetn (input port clocked by clk)
Endpoint: _114_ (recovery check against rising-edge clock clk)
Path Group: asynchronous
Path Type: max

Fanout         Cap        Slew       Delay        Time   Description
---------------------------------------------------------------------------------------------
                                  0.000000    0.000000   clock clk (rise edge)
                                  0.000000    0.000000   clock network delay (propagated)
                                  0.600000    0.600000 ^ input external delay
     1    0.003089    0.034159    0.017359    0.617359 ^ resetn (in)
                                                         resetn (net)
                      0.034161    0.000000    0.617359 ^ hold12/A (sky130_fd_sc_hd__dlygate4sd3_1)
     1    0.002322    0.086169    1.017833    1.635191 ^ hold12/X (sky130_fd_sc_hd__dlygate4sd3_1)
                                                         net33 (net)
                      0.086169    0.000154    1.635345 ^ input11/A (sky130_fd_sc_hd__buf_2)
     8    0.041401    0.325645    0.386393    2.021738 ^ input11/X (sky130_fd_sc_hd__buf_2)
                                                         net11 (net)
                      0.325723    0.004191    2.025928 ^ _114_/RESET_B (sky130_fd_sc_hd__dfrtp_1)
                                              2.025928   data arrival time

                                  3.000000    3.000000   clock clk (rise edge)
                                  0.000000    3.000000   clock source latency
     1    0.012485    0.098184    0.064937    3.064937 ^ clk (in)
                                                         clk (net)
                      0.098188    0.000000    3.064937 ^ clkbuf_0_clk/A (sky130_fd_sc_hd__clkbuf_16)
     2    0.019764    0.067145    0.233793    3.298730 ^ clkbuf_0_clk/X (sky130_fd_sc_hd__clkbuf_16)
                                                         clknet_0_clk (net)
                      0.067162    0.001205    3.299935 ^ clkbuf_1_1__f_clk/A (sky130_fd_sc_hd__clkbuf_16)
     4    0.010588    0.055677    0.206884    3.506819 ^ clkbuf_1_1__f_clk/X (sky130_fd_sc_hd__clkbuf_16)
                                                         clknet_1_1__leaf_clk (net)
                      0.055678    0.000408    3.507227 ^ _114_/CLK (sky130_fd_sc_hd__dfrtp_1)
                                 -0.250000    3.257227   clock uncertainty
                                  0.000000    3.257227   clock reconvergence pessimism
                                  0.362992    3.620219   library recovery time
                                              3.620219   data required time
---------------------------------------------------------------------------------------------
                                              3.620219   data required time
                                             -2.025928   data arrival time
---------------------------------------------------------------------------------------------
                                              1.594291   slack (MET)


Startpoint: resetn (input port clocked by clk)
Endpoint: _113_ (recovery check against rising-edge clock clk)
Path Group: asynchronous
Path Type: max

Fanout         Cap        Slew       Delay        Time   Description
---------------------------------------------------------------------------------------------
                                  0.000000    0.000000   clock clk (rise edge)
                                  0.000000    0.000000   clock network delay (propagated)
                                  0.600000    0.600000 ^ input external delay
     1    0.003089    0.034159    0.017359    0.617359 ^ resetn (in)
                                                         resetn (net)
                      0.034161    0.000000    0.617359 ^ hold12/A (sky130_fd_sc_hd__dlygate4sd3_1)
     1    0.002322    0.086169    1.017833    1.635191 ^ hold12/X (sky130_fd_sc_hd__dlygate4sd3_1)
                                                         net33 (net)
                      0.086169    0.000154    1.635345 ^ input11/A (sky130_fd_sc_hd__buf_2)
     8    0.041401    0.325645    0.386393    2.021738 ^ input11/X (sky130_fd_sc_hd__buf_2)
                                                         net11 (net)
                      0.325682    0.002892    2.024630 ^ _113_/RESET_B (sky130_fd_sc_hd__dfrtp_1)
                                              2.024630   data arrival time

                                  3.000000    3.000000   clock clk (rise edge)
                                  0.000000    3.000000   clock source latency
     1    0.012485    0.098184    0.064937    3.064937 ^ clk (in)
                                                         clk (net)
                      0.098188    0.000000    3.064937 ^ clkbuf_0_clk/A (sky130_fd_sc_hd__clkbuf_16)
     2    0.019764    0.067145    0.233793    3.298730 ^ clkbuf_0_clk/X (sky130_fd_sc_hd__clkbuf_16)
                                                         clknet_0_clk (net)
                      0.067162    0.001205    3.299935 ^ clkbuf_1_1__f_clk/A (sky130_fd_sc_hd__clkbuf_16)
     4    0.010588    0.055677    0.206884    3.506819 ^ clkbuf_1_1__f_clk/X (sky130_fd_sc_hd__clkbuf_16)
                                                         clknet_1_1__leaf_clk (net)
                      0.055678    0.000342    3.507161 ^ _113_/CLK (sky130_fd_sc_hd__dfrtp_1)
                                 -0.250000    3.257161   clock uncertainty
                                  0.000000    3.257161   clock reconvergence pessimism
                                  0.363007    3.620169   library recovery time
                                              3.620169   data required time
---------------------------------------------------------------------------------------------
                                              3.620169   data required time
                                             -2.024630   data arrival time
---------------------------------------------------------------------------------------------
                                              1.595539   slack (MET)


Startpoint: resetn (input port clocked by clk)
Endpoint: _109_ (recovery check against rising-edge clock clk)
Path Group: asynchronous
Path Type: max

Fanout         Cap        Slew       Delay        Time   Description
---------------------------------------------------------------------------------------------
                                  0.000000    0.000000   clock clk (rise edge)
                                  0.000000    0.000000   clock network delay (propagated)
                                  0.600000    0.600000 ^ input external delay
     1    0.003089    0.034159    0.017359    0.617359 ^ resetn (in)
                                                         resetn (net)
                      0.034161    0.000000    0.617359 ^ hold12/A (sky130_fd_sc_hd__dlygate4sd3_1)
     1    0.002322    0.086169    1.017833    1.635191 ^ hold12/X (sky130_fd_sc_hd__dlygate4sd3_1)
                                                         net33 (net)
                      0.086169    0.000154    1.635345 ^ input11/A (sky130_fd_sc_hd__buf_2)
     8    0.041401    0.325645    0.386393    2.021738 ^ input11/X (sky130_fd_sc_hd__buf_2)
                                                         net11 (net)
                      0.325783    0.005564    2.027301 ^ _109_/RESET_B (sky130_fd_sc_hd__dfrtp_1)
                                              2.027301   data arrival time

                                  3.000000    3.000000   clock clk (rise edge)
                                  0.000000    3.000000   clock source latency
     1    0.012485    0.098184    0.064937    3.064937 ^ clk (in)
                                                         clk (net)
                      0.098188    0.000000    3.064937 ^ clkbuf_0_clk/A (sky130_fd_sc_hd__clkbuf_16)
     2    0.019764    0.067145    0.233793    3.298730 ^ clkbuf_0_clk/X (sky130_fd_sc_hd__clkbuf_16)
                                                         clknet_0_clk (net)
                      0.067162    0.001192    3.299922 ^ clkbuf_1_0__f_clk/A (sky130_fd_sc_hd__clkbuf_16)
     5    0.013984    0.059956    0.211599    3.511521 ^ clkbuf_1_0__f_clk/X (sky130_fd_sc_hd__clkbuf_16)
                                                         clknet_1_0__leaf_clk (net)
                      0.059957    0.000975    3.512496 ^ _109_/CLK (sky130_fd_sc_hd__dfrtp_1)
                                 -0.250000    3.262496   clock uncertainty
                                  0.000000    3.262496   clock reconvergence pessimism
                                  0.364422    3.626918   library recovery time
                                              3.626918   data required time
---------------------------------------------------------------------------------------------
                                              3.626918   data required time
                                             -2.027301   data arrival time
---------------------------------------------------------------------------------------------
                                              1.599617   slack (MET)


Startpoint: resetn (input port clocked by clk)
Endpoint: _112_ (recovery check against rising-edge clock clk)
Path Group: asynchronous
Path Type: max

Fanout         Cap        Slew       Delay        Time   Description
---------------------------------------------------------------------------------------------
                                  0.000000    0.000000   clock clk (rise edge)
                                  0.000000    0.000000   clock network delay (propagated)
                                  0.600000    0.600000 ^ input external delay
     1    0.003089    0.034159    0.017359    0.617359 ^ resetn (in)
                                                         resetn (net)
                      0.034161    0.000000    0.617359 ^ hold12/A (sky130_fd_sc_hd__dlygate4sd3_1)
     1    0.002322    0.086169    1.017833    1.635191 ^ hold12/X (sky130_fd_sc_hd__dlygate4sd3_1)
                                                         net33 (net)
                      0.086169    0.000154    1.635345 ^ input11/A (sky130_fd_sc_hd__buf_2)
     8    0.041401    0.325645    0.386393    2.021738 ^ input11/X (sky130_fd_sc_hd__buf_2)
                                                         net11 (net)
                      0.325662    0.001967    2.023704 ^ _112_/RESET_B (sky130_fd_sc_hd__dfrtp_1)
                                              2.023704   data arrival time

                                  3.000000    3.000000   clock clk (rise edge)
                                  0.000000    3.000000   clock source latency
     1    0.012485    0.098184    0.064937    3.064937 ^ clk (in)
                                                         clk (net)
                      0.098188    0.000000    3.064937 ^ clkbuf_0_clk/A (sky130_fd_sc_hd__clkbuf_16)
     2    0.019764    0.067145    0.233793    3.298730 ^ clkbuf_0_clk/X (sky130_fd_sc_hd__clkbuf_16)
                                                         clknet_0_clk (net)
                      0.067162    0.001192    3.299922 ^ clkbuf_1_0__f_clk/A (sky130_fd_sc_hd__clkbuf_16)
     5    0.013984    0.059956    0.211599    3.511521 ^ clkbuf_1_0__f_clk/X (sky130_fd_sc_hd__clkbuf_16)
                                                         clknet_1_0__leaf_clk (net)
                      0.059956    0.000650    3.512170 ^ _112_/CLK (sky130_fd_sc_hd__dfrtp_1)
                                 -0.250000    3.262170   clock uncertainty
                                  0.000000    3.262170   clock reconvergence pessimism
                                  0.364466    3.626637   library recovery time
                                              3.626637   data required time
---------------------------------------------------------------------------------------------
                                              3.626637   data required time
                                             -2.023704   data arrival time
---------------------------------------------------------------------------------------------
                                              1.602932   slack (MET)


Startpoint: resetn (input port clocked by clk)
Endpoint: _108_ (recovery check against rising-edge clock clk)
Path Group: asynchronous
Path Type: max

Fanout         Cap        Slew       Delay        Time   Description
---------------------------------------------------------------------------------------------
                                  0.000000    0.000000   clock clk (rise edge)
                                  0.000000    0.000000   clock network delay (propagated)
                                  0.600000    0.600000 ^ input external delay
     1    0.003089    0.034159    0.017359    0.617359 ^ resetn (in)
                                                         resetn (net)
                      0.034161    0.000000    0.617359 ^ hold12/A (sky130_fd_sc_hd__dlygate4sd3_1)
     1    0.002322    0.086169    1.017833    1.635191 ^ hold12/X (sky130_fd_sc_hd__dlygate4sd3_1)
                                                         net33 (net)
                      0.086169    0.000154    1.635345 ^ input11/A (sky130_fd_sc_hd__buf_2)
     8    0.041401    0.325645    0.386393    2.021738 ^ input11/X (sky130_fd_sc_hd__buf_2)
                                                         net11 (net)
                      0.325659    0.001810    2.023548 ^ _108_/RESET_B (sky130_fd_sc_hd__dfrtp_1)
                                              2.023548   data arrival time

                                  3.000000    3.000000   clock clk (rise edge)
                                  0.000000    3.000000   clock source latency
     1    0.012485    0.098184    0.064937    3.064937 ^ clk (in)
                                                         clk (net)
                      0.098188    0.000000    3.064937 ^ clkbuf_0_clk/A (sky130_fd_sc_hd__clkbuf_16)
     2    0.019764    0.067145    0.233793    3.298730 ^ clkbuf_0_clk/X (sky130_fd_sc_hd__clkbuf_16)
                                                         clknet_0_clk (net)
                      0.067162    0.001192    3.299922 ^ clkbuf_1_0__f_clk/A (sky130_fd_sc_hd__clkbuf_16)
     5    0.013984    0.059956    0.211599    3.511521 ^ clkbuf_1_0__f_clk/X (sky130_fd_sc_hd__clkbuf_16)
                                                         clknet_1_0__leaf_clk (net)
                      0.059956    0.000652    3.512172 ^ _108_/CLK (sky130_fd_sc_hd__dfrtp_1)
                                 -0.250000    3.262172   clock uncertainty
                                  0.000000    3.262172   clock reconvergence pessimism
                                  0.364467    3.626640   library recovery time
                                              3.626640   data required time
---------------------------------------------------------------------------------------------
                                              3.626640   data required time
                                             -2.023548   data arrival time
---------------------------------------------------------------------------------------------
                                              1.603092   slack (MET)



