
===========================================================================
report_checks -path_delay min (Hold)
============================================================================
======================= max_ff_n40C_1v95 Corner ===================================

Startpoint: _108_ (rising edge-triggered flip-flop clocked by clk)
Endpoint: _108_ (rising edge-triggered flip-flop clocked by clk)
Path Group: clk
Path Type: min

Fanout         Cap        Slew       Delay        Time   Description
---------------------------------------------------------------------------------------------
                                  0.000000    0.000000   clock clk (rise edge)
                                  0.000000    0.000000   clock source latency
     1    0.012109    0.000000    0.000000    0.000000 ^ clk (in)
                                                         clk (net)
                      0.000749    0.000374    0.000374 ^ clkbuf_0_clk/A (sky130_fd_sc_hd__clkbuf_16)
     2    0.019697    0.030937    0.075626    0.076001 ^ clkbuf_0_clk/X (sky130_fd_sc_hd__clkbuf_16)
                                                         clknet_0_clk (net)
                      0.030952    0.001191    0.077191 ^ clkbuf_1_0__f_clk/A (sky130_fd_sc_hd__clkbuf_16)
     5    0.015786    0.028388    0.081329    0.158521 ^ clkbuf_1_0__f_clk/X (sky130_fd_sc_hd__clkbuf_16)
                                                         clknet_1_0__leaf_clk (net)
                      0.028399    0.000923    0.159443 ^ _108_/CLK (sky130_fd_sc_hd__dfrtp_1)
     3    0.012850    0.091855    0.243863    0.403306 ^ _108_/Q (sky130_fd_sc_hd__dfrtp_1)
                                                         net13 (net)
                      0.091861    0.000853    0.404159 ^ _060_/A1 (sky130_fd_sc_hd__a21oi_1)
     1    0.003357    0.018070    0.042975    0.447134 v _060_/Y (sky130_fd_sc_hd__a21oi_1)
                                                         _000_ (net)
                      0.018074    0.000231    0.447365 v _108_/D (sky130_fd_sc_hd__dfrtp_1)
                                              0.447365   data arrival time

                                  0.000000    0.000000   clock clk (rise edge)
                                  0.000000    0.000000   clock source latency
     1    0.012109    0.000000    0.000000    0.000000 ^ clk (in)
                                                         clk (net)
                      0.000749    0.000374    0.000374 ^ clkbuf_0_clk/A (sky130_fd_sc_hd__clkbuf_16)
     2    0.019697    0.030937    0.075626    0.076001 ^ clkbuf_0_clk/X (sky130_fd_sc_hd__clkbuf_16)
                                                         clknet_0_clk (net)
                      0.030952    0.001191    0.077191 ^ clkbuf_1_0__f_clk/A (sky130_fd_sc_hd__clkbuf_16)
     5    0.015786    0.028388    0.081329    0.158521 ^ clkbuf_1_0__f_clk/X (sky130_fd_sc_hd__clkbuf_16)
                                                         clknet_1_0__leaf_clk (net)
                      0.028399    0.000923    0.159443 ^ _108_/CLK (sky130_fd_sc_hd__dfrtp_1)
                                  0.000000    0.159443   clock reconvergence pessimism
                                 -0.028111    0.131332   library hold time
                                              0.131332   data required time
---------------------------------------------------------------------------------------------
                                              0.131332   data required time
                                             -0.447365   data arrival time
---------------------------------------------------------------------------------------------
                                              0.316033   slack (MET)


Startpoint: _111_ (rising edge-triggered flip-flop clocked by clk)
Endpoint: _111_ (rising edge-triggered flip-flop clocked by clk)
Path Group: clk
Path Type: min

Fanout         Cap        Slew       Delay        Time   Description
---------------------------------------------------------------------------------------------
                                  0.000000    0.000000   clock clk (rise edge)
                                  0.000000    0.000000   clock source latency
     1    0.012109    0.000000    0.000000    0.000000 ^ clk (in)
                                                         clk (net)
                      0.000749    0.000374    0.000374 ^ clkbuf_0_clk/A (sky130_fd_sc_hd__clkbuf_16)
     2    0.019697    0.030937    0.075626    0.076001 ^ clkbuf_0_clk/X (sky130_fd_sc_hd__clkbuf_16)
                                                         clknet_0_clk (net)
                      0.030953    0.001199    0.077200 ^ clkbuf_1_1__f_clk/A (sky130_fd_sc_hd__clkbuf_16)
     4    0.012255    0.026028    0.079102    0.156301 ^ clkbuf_1_1__f_clk/X (sky130_fd_sc_hd__clkbuf_16)
                                                         clknet_1_1__leaf_clk (net)
                      0.026029    0.000475    0.156777 ^ _111_/CLK (sky130_fd_sc_hd__dfrtp_1)
     4    0.015192    0.106694    0.253820    0.410597 ^ _111_/Q (sky130_fd_sc_hd__dfrtp_1)
                                                         net16 (net)
                      0.106701    0.000952    0.411549 ^ _078_/B2 (sky130_fd_sc_hd__a221o_1)
     1    0.002435    0.026022    0.086798    0.498347 ^ _078_/X (sky130_fd_sc_hd__a221o_1)
                                                         _003_ (net)
                      0.026023    0.000173    0.498520 ^ _111_/D (sky130_fd_sc_hd__dfrtp_1)
                                              0.498520   data arrival time

                                  0.000000    0.000000   clock clk (rise edge)
                                  0.000000    0.000000   clock source latency
     1    0.012109    0.000000    0.000000    0.000000 ^ clk (in)
                                                         clk (net)
                      0.000749    0.000374    0.000374 ^ clkbuf_0_clk/A (sky130_fd_sc_hd__clkbuf_16)
     2    0.019697    0.030937    0.075626    0.076001 ^ clkbuf_0_clk/X (sky130_fd_sc_hd__clkbuf_16)
                                                         clknet_0_clk (net)
                      0.030953    0.001199    0.077200 ^ clkbuf_1_1__f_clk/A (sky130_fd_sc_hd__clkbuf_16)
     4    0.012255    0.026028    0.079102    0.156301 ^ clkbuf_1_1__f_clk/X (sky130_fd_sc_hd__clkbuf_16)
                                                         clknet_1_1__leaf_clk (net)
                      0.026029    0.000475    0.156777 ^ _111_/CLK (sky130_fd_sc_hd__dfrtp_1)
                                  0.000000    0.156777   clock reconvergence pessimism
                                 -0.019546    0.137231   library hold time
                                              0.137231   data required time
---------------------------------------------------------------------------------------------
                                              0.137231   data required time
                                             -0.498520   data arrival time
---------------------------------------------------------------------------------------------
                                              0.361290   slack (MET)


Startpoint: _114_ (rising edge-triggered flip-flop clocked by clk)
Endpoint: _114_ (rising edge-triggered flip-flop clocked by clk)
Path Group: clk
Path Type: min

Fanout         Cap        Slew       Delay        Time   Description
---------------------------------------------------------------------------------------------
                                  0.000000    0.000000   clock clk (rise edge)
                                  0.000000    0.000000   clock source latency
     1    0.012109    0.000000    0.000000    0.000000 ^ clk (in)
                                                         clk (net)
                      0.000749    0.000374    0.000374 ^ clkbuf_0_clk/A (sky130_fd_sc_hd__clkbuf_16)
     2    0.019697    0.030937    0.075626    0.076001 ^ clkbuf_0_clk/X (sky130_fd_sc_hd__clkbuf_16)
                                                         clknet_0_clk (net)
                      0.030953    0.001199    0.077200 ^ clkbuf_1_1__f_clk/A (sky130_fd_sc_hd__clkbuf_16)
     4    0.012255    0.026028    0.079102    0.156301 ^ clkbuf_1_1__f_clk/X (sky130_fd_sc_hd__clkbuf_16)
                                                         clknet_1_1__leaf_clk (net)
                      0.026030    0.000534    0.156835 ^ _114_/CLK (sky130_fd_sc_hd__dfrtp_1)
     4    0.011137    0.080980    0.235546    0.392382 ^ _114_/Q (sky130_fd_sc_hd__dfrtp_1)
                                                         net19 (net)
                      0.080984    0.000707    0.393089 ^ _101_/B2 (sky130_fd_sc_hd__a22o_1)
     1    0.002755    0.029578    0.074943    0.468031 ^ _101_/X (sky130_fd_sc_hd__a22o_1)
                                                         _049_ (net)
                      0.029578    0.000129    0.468161 ^ _102_/B1 (sky130_fd_sc_hd__a31o_1)
     1    0.003031    0.028745    0.051649    0.519810 ^ _102_/X (sky130_fd_sc_hd__a31o_1)
                                                         _006_ (net)
                      0.028746    0.000203    0.520013 ^ _114_/D (sky130_fd_sc_hd__dfrtp_1)
                                              0.520013   data arrival time

                                  0.000000    0.000000   clock clk (rise edge)
                                  0.000000    0.000000   clock source latency
     1    0.012109    0.000000    0.000000    0.000000 ^ clk (in)
                                                         clk (net)
                      0.000749    0.000374    0.000374 ^ clkbuf_0_clk/A (sky130_fd_sc_hd__clkbuf_16)
     2    0.019697    0.030937    0.075626    0.076001 ^ clkbuf_0_clk/X (sky130_fd_sc_hd__clkbuf_16)
                                                         clknet_0_clk (net)
                      0.030953    0.001199    0.077200 ^ clkbuf_1_1__f_clk/A (sky130_fd_sc_hd__clkbuf_16)
     4    0.012255    0.026028    0.079102    0.156301 ^ clkbuf_1_1__f_clk/X (sky130_fd_sc_hd__clkbuf_16)
                                                         clknet_1_1__leaf_clk (net)
                      0.026030    0.000534    0.156835 ^ _114_/CLK (sky130_fd_sc_hd__dfrtp_1)
                                  0.000000    0.156835   clock reconvergence pessimism
                                 -0.019752    0.137083   library hold time
                                              0.137083   data required time
---------------------------------------------------------------------------------------------
                                              0.137083   data required time
                                             -0.520013   data arrival time
---------------------------------------------------------------------------------------------
                                              0.382930   slack (MET)


Startpoint: _115_ (rising edge-triggered flip-flop clocked by clk)
Endpoint: _115_ (rising edge-triggered flip-flop clocked by clk)
Path Group: clk
Path Type: min

Fanout         Cap        Slew       Delay        Time   Description
---------------------------------------------------------------------------------------------
                                  0.000000    0.000000   clock clk (rise edge)
                                  0.000000    0.000000   clock source latency
     1    0.012109    0.000000    0.000000    0.000000 ^ clk (in)
                                                         clk (net)
                      0.000749    0.000374    0.000374 ^ clkbuf_0_clk/A (sky130_fd_sc_hd__clkbuf_16)
     2    0.019697    0.030937    0.075626    0.076001 ^ clkbuf_0_clk/X (sky130_fd_sc_hd__clkbuf_16)
                                                         clknet_0_clk (net)
                      0.030953    0.001199    0.077200 ^ clkbuf_1_1__f_clk/A (sky130_fd_sc_hd__clkbuf_16)
     4    0.012255    0.026028    0.079102    0.156301 ^ clkbuf_1_1__f_clk/X (sky130_fd_sc_hd__clkbuf_16)
                                                         clknet_1_1__leaf_clk (net)
                      0.026029    0.000365    0.156667 ^ _115_/CLK (sky130_fd_sc_hd__dfrtp_1)
     3    0.011239    0.081610    0.236105    0.392772 ^ _115_/Q (sky130_fd_sc_hd__dfrtp_1)
                                                         net20 (net)
                      0.081612    0.000558    0.393330 ^ _106_/B2 (sky130_fd_sc_hd__a22o_1)
     1    0.003639    0.035076    0.079793    0.473123 ^ _106_/X (sky130_fd_sc_hd__a22o_1)
                                                         _053_ (net)
                      0.035078    0.000246    0.473369 ^ _107_/B1 (sky130_fd_sc_hd__a21o_1)
     1    0.002817    0.025383    0.046868    0.520237 ^ _107_/X (sky130_fd_sc_hd__a21o_1)
                                                         _007_ (net)
                      0.025384    0.000191    0.520428 ^ _115_/D (sky130_fd_sc_hd__dfrtp_1)
                                              0.520428   data arrival time

                                  0.000000    0.000000   clock clk (rise edge)
                                  0.000000    0.000000   clock source latency
     1    0.012109    0.000000    0.000000    0.000000 ^ clk (in)
                                                         clk (net)
                      0.000749    0.000374    0.000374 ^ clkbuf_0_clk/A (sky130_fd_sc_hd__clkbuf_16)
     2    0.019697    0.030937    0.075626    0.076001 ^ clkbuf_0_clk/X (sky130_fd_sc_hd__clkbuf_16)
                                                         clknet_0_clk (net)
                      0.030953    0.001199    0.077200 ^ clkbuf_1_1__f_clk/A (sky130_fd_sc_hd__clkbuf_16)
     4    0.012255    0.026028    0.079102    0.156301 ^ clkbuf_1_1__f_clk/X (sky130_fd_sc_hd__clkbuf_16)
                                                         clknet_1_1__leaf_clk (net)
                      0.026029    0.000365    0.156667 ^ _115_/CLK (sky130_fd_sc_hd__dfrtp_1)
                                  0.000000    0.156667   clock reconvergence pessimism
                                 -0.019498    0.137169   library hold time
                                              0.137169   data required time
---------------------------------------------------------------------------------------------
                                              0.137169   data required time
                                             -0.520428   data arrival time
---------------------------------------------------------------------------------------------
                                              0.383259   slack (MET)


Startpoint: _108_ (rising edge-triggered flip-flop clocked by clk)
Endpoint: _109_ (rising edge-triggered flip-flop clocked by clk)
Path Group: clk
Path Type: min

Fanout         Cap        Slew       Delay        Time   Description
---------------------------------------------------------------------------------------------
                                  0.000000    0.000000   clock clk (rise edge)
                                  0.000000    0.000000   clock source latency
     1    0.012109    0.000000    0.000000    0.000000 ^ clk (in)
                                                         clk (net)
                      0.000749    0.000374    0.000374 ^ clkbuf_0_clk/A (sky130_fd_sc_hd__clkbuf_16)
     2    0.019697    0.030937    0.075626    0.076001 ^ clkbuf_0_clk/X (sky130_fd_sc_hd__clkbuf_16)
                                                         clknet_0_clk (net)
                      0.030952    0.001191    0.077191 ^ clkbuf_1_0__f_clk/A (sky130_fd_sc_hd__clkbuf_16)
     5    0.015786    0.028388    0.081329    0.158521 ^ clkbuf_1_0__f_clk/X (sky130_fd_sc_hd__clkbuf_16)
                                                         clknet_1_0__leaf_clk (net)
                      0.028399    0.000923    0.159443 ^ _108_/CLK (sky130_fd_sc_hd__dfrtp_1)
     3    0.012850    0.091855    0.243863    0.403306 ^ _108_/Q (sky130_fd_sc_hd__dfrtp_1)
                                                         net13 (net)
                      0.091871    0.001206    0.404512 ^ _054_/A (sky130_fd_sc_hd__inv_2)
     4    0.012199    0.036521    0.035266    0.439777 v _054_/Y (sky130_fd_sc_hd__inv_2)
                                                         _008_ (net)
                      0.036535    0.000597    0.440374 v _063_/A (sky130_fd_sc_hd__nand2_1)
     1    0.003598    0.033126    0.043118    0.483492 ^ _063_/Y (sky130_fd_sc_hd__nand2_1)
                                                         _016_ (net)
                      0.033127    0.000262    0.483755 ^ _066_/A1 (sky130_fd_sc_hd__a21o_1)
     1    0.002544    0.023766    0.060042    0.543797 ^ _066_/X (sky130_fd_sc_hd__a21o_1)
                                                         _001_ (net)
                      0.023767    0.000176    0.543973 ^ _109_/D (sky130_fd_sc_hd__dfrtp_1)
                                              0.543973   data arrival time

                                  0.000000    0.000000   clock clk (rise edge)
                                  0.000000    0.000000   clock source latency
     1    0.012109    0.000000    0.000000    0.000000 ^ clk (in)
                                                         clk (net)
                      0.000749    0.000374    0.000374 ^ clkbuf_0_clk/A (sky130_fd_sc_hd__clkbuf_16)
     2    0.019697    0.030937    0.075626    0.076001 ^ clkbuf_0_clk/X (sky130_fd_sc_hd__clkbuf_16)
                                                         clknet_0_clk (net)
                      0.030952    0.001191    0.077191 ^ clkbuf_1_0__f_clk/A (sky130_fd_sc_hd__clkbuf_16)
     5    0.015786    0.028388    0.081329    0.158521 ^ clkbuf_1_0__f_clk/X (sky130_fd_sc_hd__clkbuf_16)
                                                         clknet_1_0__leaf_clk (net)
                      0.028400    0.000998    0.159519 ^ _109_/CLK (sky130_fd_sc_hd__dfrtp_1)
                                  0.000000    0.159519   clock reconvergence pessimism
                                 -0.019313    0.140206   library hold time
                                              0.140206   data required time
---------------------------------------------------------------------------------------------
                                              0.140206   data required time
                                             -0.543973   data arrival time
---------------------------------------------------------------------------------------------
                                              0.403767   slack (MET)


Startpoint: _110_ (rising edge-triggered flip-flop clocked by clk)
Endpoint: _110_ (rising edge-triggered flip-flop clocked by clk)
Path Group: clk
Path Type: min

Fanout         Cap        Slew       Delay        Time   Description
---------------------------------------------------------------------------------------------
                                  0.000000    0.000000   clock clk (rise edge)
                                  0.000000    0.000000   clock source latency
     1    0.012109    0.000000    0.000000    0.000000 ^ clk (in)
                                                         clk (net)
                      0.000749    0.000374    0.000374 ^ clkbuf_0_clk/A (sky130_fd_sc_hd__clkbuf_16)
     2    0.019697    0.030937    0.075626    0.076001 ^ clkbuf_0_clk/X (sky130_fd_sc_hd__clkbuf_16)
                                                         clknet_0_clk (net)
                      0.030952    0.001191    0.077191 ^ clkbuf_1_0__f_clk/A (sky130_fd_sc_hd__clkbuf_16)
     5    0.015786    0.028388    0.081329    0.158521 ^ clkbuf_1_0__f_clk/X (sky130_fd_sc_hd__clkbuf_16)
                                                         clknet_1_0__leaf_clk (net)
                      0.028402    0.001051    0.159572 ^ _110_/CLK (sky130_fd_sc_hd__dfrtp_2)
     5    0.020731    0.082872    0.255651    0.415223 ^ _110_/Q (sky130_fd_sc_hd__dfrtp_2)
                                                         net15 (net)
                      0.082882    0.000946    0.416169 ^ _071_/B2 (sky130_fd_sc_hd__a22o_1)
     1    0.003279    0.032860    0.078027    0.494197 ^ _071_/X (sky130_fd_sc_hd__a22o_1)
                                                         _023_ (net)
                      0.032861    0.000229    0.494426 ^ _072_/B1 (sky130_fd_sc_hd__a31o_1)
     1    0.002622    0.026103    0.050229    0.544655 ^ _072_/X (sky130_fd_sc_hd__a31o_1)
                                                         _002_ (net)
                      0.026103    0.000180    0.544836 ^ _110_/D (sky130_fd_sc_hd__dfrtp_2)
                                              0.544836   data arrival time

                                  0.000000    0.000000   clock clk (rise edge)
                                  0.000000    0.000000   clock source latency
     1    0.012109    0.000000    0.000000    0.000000 ^ clk (in)
                                                         clk (net)
                      0.000749    0.000374    0.000374 ^ clkbuf_0_clk/A (sky130_fd_sc_hd__clkbuf_16)
     2    0.019697    0.030937    0.075626    0.076001 ^ clkbuf_0_clk/X (sky130_fd_sc_hd__clkbuf_16)
                                                         clknet_0_clk (net)
                      0.030952    0.001191    0.077191 ^ clkbuf_1_0__f_clk/A (sky130_fd_sc_hd__clkbuf_16)
     5    0.015786    0.028388    0.081329    0.158521 ^ clkbuf_1_0__f_clk/X (sky130_fd_sc_hd__clkbuf_16)
                                                         clknet_1_0__leaf_clk (net)
                      0.028402    0.001051    0.159572 ^ _110_/CLK (sky130_fd_sc_hd__dfrtp_2)
                                  0.000000    0.159572   clock reconvergence pessimism
                                 -0.019451    0.140121   library hold time
                                              0.140121   data required time
---------------------------------------------------------------------------------------------
                                              0.140121   data required time
                                             -0.544836   data arrival time
---------------------------------------------------------------------------------------------
                                              0.404715   slack (MET)


Startpoint: _112_ (rising edge-triggered flip-flop clocked by clk)
Endpoint: _112_ (rising edge-triggered flip-flop clocked by clk)
Path Group: clk
Path Type: min

Fanout         Cap        Slew       Delay        Time   Description
---------------------------------------------------------------------------------------------
                                  0.000000    0.000000   clock clk (rise edge)
                                  0.000000    0.000000   clock source latency
     1    0.012109    0.000000    0.000000    0.000000 ^ clk (in)
                                                         clk (net)
                      0.000749    0.000374    0.000374 ^ clkbuf_0_clk/A (sky130_fd_sc_hd__clkbuf_16)
     2    0.019697    0.030937    0.075626    0.076001 ^ clkbuf_0_clk/X (sky130_fd_sc_hd__clkbuf_16)
                                                         clknet_0_clk (net)
                      0.030952    0.001191    0.077191 ^ clkbuf_1_0__f_clk/A (sky130_fd_sc_hd__clkbuf_16)
     5    0.015786    0.028388    0.081329    0.158521 ^ clkbuf_1_0__f_clk/X (sky130_fd_sc_hd__clkbuf_16)
                                                         clknet_1_0__leaf_clk (net)
                      0.028405    0.001189    0.159710 ^ _112_/CLK (sky130_fd_sc_hd__dfrtp_1)
     5    0.016529    0.115211    0.260467    0.420177 ^ _112_/Q (sky130_fd_sc_hd__dfrtp_1)
                                                         net17 (net)
                      0.115218    0.001017    0.421194 ^ _086_/B2 (sky130_fd_sc_hd__a22o_1)
     1    0.003019    0.031767    0.081260    0.502455 ^ _086_/X (sky130_fd_sc_hd__a22o_1)
                                                         _036_ (net)
                      0.031768    0.000214    0.502669 ^ _087_/B1 (sky130_fd_sc_hd__a31o_1)
     1    0.002844    0.027539    0.051140    0.553809 ^ _087_/X (sky130_fd_sc_hd__a31o_1)
                                                         _004_ (net)
                      0.027540    0.000190    0.553999 ^ _112_/D (sky130_fd_sc_hd__dfrtp_1)
                                              0.553999   data arrival time

                                  0.000000    0.000000   clock clk (rise edge)
                                  0.000000    0.000000   clock source latency
     1    0.012109    0.000000    0.000000    0.000000 ^ clk (in)
                                                         clk (net)
                      0.000749    0.000374    0.000374 ^ clkbuf_0_clk/A (sky130_fd_sc_hd__clkbuf_16)
     2    0.019697    0.030937    0.075626    0.076001 ^ clkbuf_0_clk/X (sky130_fd_sc_hd__clkbuf_16)
                                                         clknet_0_clk (net)
                      0.030952    0.001191    0.077191 ^ clkbuf_1_0__f_clk/A (sky130_fd_sc_hd__clkbuf_16)
     5    0.015786    0.028388    0.081329    0.158521 ^ clkbuf_1_0__f_clk/X (sky130_fd_sc_hd__clkbuf_16)
                                                         clknet_1_0__leaf_clk (net)
                      0.028405    0.001189    0.159710 ^ _112_/CLK (sky130_fd_sc_hd__dfrtp_1)
                                  0.000000    0.159710   clock reconvergence pessimism
                                 -0.019598    0.140112   library hold time
                                              0.140112   data required time
---------------------------------------------------------------------------------------------
                                              0.140112   data required time
                                             -0.553999   data arrival time
---------------------------------------------------------------------------------------------
                                              0.413887   slack (MET)


Startpoint: _113_ (rising edge-triggered flip-flop clocked by clk)
Endpoint: _113_ (rising edge-triggered flip-flop clocked by clk)
Path Group: clk
Path Type: min

Fanout         Cap        Slew       Delay        Time   Description
---------------------------------------------------------------------------------------------
                                  0.000000    0.000000   clock clk (rise edge)
                                  0.000000    0.000000   clock source latency
     1    0.012109    0.000000    0.000000    0.000000 ^ clk (in)
                                                         clk (net)
                      0.000749    0.000374    0.000374 ^ clkbuf_0_clk/A (sky130_fd_sc_hd__clkbuf_16)
     2    0.019697    0.030937    0.075626    0.076001 ^ clkbuf_0_clk/X (sky130_fd_sc_hd__clkbuf_16)
                                                         clknet_0_clk (net)
                      0.030953    0.001199    0.077200 ^ clkbuf_1_1__f_clk/A (sky130_fd_sc_hd__clkbuf_16)
     4    0.012255    0.026028    0.079102    0.156301 ^ clkbuf_1_1__f_clk/X (sky130_fd_sc_hd__clkbuf_16)
                                                         clknet_1_1__leaf_clk (net)
                      0.026030    0.000595    0.156897 ^ _113_/CLK (sky130_fd_sc_hd__dfrtp_1)
     4    0.017253    0.119806    0.263018    0.419915 ^ _113_/Q (sky130_fd_sc_hd__dfrtp_1)
                                                         net18 (net)
                      0.119813    0.001055    0.420970 ^ _092_/B2 (sky130_fd_sc_hd__a22o_1)
     1    0.003372    0.033989    0.083851    0.504820 ^ _092_/X (sky130_fd_sc_hd__a22o_1)
                                                         _041_ (net)
                      0.033990    0.000231    0.505051 ^ _093_/B1 (sky130_fd_sc_hd__a31o_1)
     1    0.002573    0.025794    0.050210    0.555261 ^ _093_/X (sky130_fd_sc_hd__a31o_1)
                                                         _005_ (net)
                      0.025795    0.000177    0.555438 ^ _113_/D (sky130_fd_sc_hd__dfrtp_1)
                                              0.555438   data arrival time

                                  0.000000    0.000000   clock clk (rise edge)
                                  0.000000    0.000000   clock source latency
     1    0.012109    0.000000    0.000000    0.000000 ^ clk (in)
                                                         clk (net)
                      0.000749    0.000374    0.000374 ^ clkbuf_0_clk/A (sky130_fd_sc_hd__clkbuf_16)
     2    0.019697    0.030937    0.075626    0.076001 ^ clkbuf_0_clk/X (sky130_fd_sc_hd__clkbuf_16)
                                                         clknet_0_clk (net)
                      0.030953    0.001199    0.077200 ^ clkbuf_1_1__f_clk/A (sky130_fd_sc_hd__clkbuf_16)
     4    0.012255    0.026028    0.079102    0.156301 ^ clkbuf_1_1__f_clk/X (sky130_fd_sc_hd__clkbuf_16)
                                                         clknet_1_1__leaf_clk (net)
                      0.026030    0.000595    0.156897 ^ _113_/CLK (sky130_fd_sc_hd__dfrtp_1)
                                  0.000000    0.156897   clock reconvergence pessimism
                                 -0.019529    0.137368   library hold time
                                              0.137368   data required time
---------------------------------------------------------------------------------------------
                                              0.137368   data required time
                                             -0.555438   data arrival time
---------------------------------------------------------------------------------------------
                                              0.418071   slack (MET)



