
===========================================================================
report_checks -path_delay max (Setup)
============================================================================
======================= nom_tt_025C_1v80 Corner ===================================

Startpoint: _109_ (rising edge-triggered flip-flop clocked by clk)
Endpoint: _115_ (rising edge-triggered flip-flop clocked by clk)
Path Group: clk
Path Type: max

Fanout         Cap        Slew       Delay        Time   Description
---------------------------------------------------------------------------------------------
                                  0.000000    0.000000   clock clk (rise edge)
                                  0.000000    0.000000   clock source latency
     1    0.011209    0.000000    0.000000    0.000000 ^ clk (in)
                                                         clk (net)
                      0.000377    0.000189    0.000189 ^ clkbuf_0_clk/A (sky130_fd_sc_hd__clkbuf_16)
     2    0.018930    0.040927    0.108650    0.108839 ^ clkbuf_0_clk/X (sky130_fd_sc_hd__clkbuf_16)
                                                         clknet_0_clk (net)
                      0.040930    0.000625    0.109464 ^ clkbuf_1_0__f_clk/A (sky130_fd_sc_hd__clkbuf_16)
     5    0.013629    0.036429    0.117824    0.227288 ^ clkbuf_1_0__f_clk/X (sky130_fd_sc_hd__clkbuf_16)
                                                         clknet_1_0__leaf_clk (net)
                      0.036429    0.000243    0.227531 ^ _109_/CLK (sky130_fd_sc_hd__dfrtp_1)
     4    0.012843    0.082971    0.399989    0.627520 v _109_/Q (sky130_fd_sc_hd__dfrtp_1)
                                                         net14 (net)
                      0.082971    0.000264    0.627784 v _062_/A (sky130_fd_sc_hd__xor2_1)
     3    0.008484    0.085889    0.193863    0.821648 v _062_/X (sky130_fd_sc_hd__xor2_1)
                                                         _015_ (net)
                      0.085889    0.000116    0.821764 v _067_/A2 (sky130_fd_sc_hd__o21a_1)
     3    0.011086    0.071589    0.218445    1.040208 v _067_/X (sky130_fd_sc_hd__o21a_1)
                                                         _019_ (net)
                      0.071590    0.000413    1.040621 v _080_/A1 (sky130_fd_sc_hd__o31ai_2)
     4    0.011836    0.307373    0.347478    1.388099 ^ _080_/Y (sky130_fd_sc_hd__o31ai_2)
                                                         _030_ (net)
                      0.307373    0.000291    1.388390 ^ _098_/A1 (sky130_fd_sc_hd__a31o_1)
     3    0.009123    0.100131    0.231219    1.619609 ^ _098_/X (sky130_fd_sc_hd__a31o_1)
                                                         _046_ (net)
                      0.100131    0.000257    1.619865 ^ _103_/A2 (sky130_fd_sc_hd__a21oi_1)
     1    0.005788    0.078472    0.091633    1.711499 v _103_/Y (sky130_fd_sc_hd__a21oi_1)
                                                         _050_ (net)
                      0.078472    0.000171    1.711670 v _105_/A (sky130_fd_sc_hd__xnor2_1)
     1    0.004103    0.059748    0.141829    1.853499 v _105_/Y (sky130_fd_sc_hd__xnor2_1)
                                                         _052_ (net)
                      0.059748    0.000147    1.853646 v _107_/A2 (sky130_fd_sc_hd__a21o_1)
     1    0.003137    0.034592    0.178666    2.032312 v _107_/X (sky130_fd_sc_hd__a21o_1)
                                                         _007_ (net)
                      0.034592    0.000080    2.032392 v _115_/D (sky130_fd_sc_hd__dfrtp_1)
                                              2.032392   data arrival time

                                  4.300000    4.300000   clock clk (rise edge)
                                  0.000000    4.300000   clock source latency
     1    0.011209    0.000000    0.000000    4.300000 ^ clk (in)
                                                         clk (net)
                      0.000377    0.000189    4.300189 ^ clkbuf_0_clk/A (sky130_fd_sc_hd__clkbuf_16)
     2    0.018930    0.040927    0.108650    4.408839 ^ clkbuf_0_clk/X (sky130_fd_sc_hd__clkbuf_16)
                                                         clknet_0_clk (net)
                      0.040929    0.000516    4.409354 ^ clkbuf_1_1__f_clk/A (sky130_fd_sc_hd__clkbuf_16)
     4    0.011898    0.034962    0.116143    4.525497 ^ clkbuf_1_1__f_clk/X (sky130_fd_sc_hd__clkbuf_16)
                                                         clknet_1_1__leaf_clk (net)
                      0.034962    0.000252    4.525749 ^ _115_/CLK (sky130_fd_sc_hd__dfrtp_1)
                                  0.000000    4.525749   clock reconvergence pessimism
                                 -0.112027    4.413722   library setup time
                                              4.413722   data required time
---------------------------------------------------------------------------------------------
                                              4.413722   data required time
                                             -2.032392   data arrival time
---------------------------------------------------------------------------------------------
                                              2.381330   slack (MET)


Startpoint: _109_ (rising edge-triggered flip-flop clocked by clk)
Endpoint: _114_ (rising edge-triggered flip-flop clocked by clk)
Path Group: clk
Path Type: max

Fanout         Cap        Slew       Delay        Time   Description
---------------------------------------------------------------------------------------------
                                  0.000000    0.000000   clock clk (rise edge)
                                  0.000000    0.000000   clock source latency
     1    0.011209    0.000000    0.000000    0.000000 ^ clk (in)
                                                         clk (net)
                      0.000377    0.000189    0.000189 ^ clkbuf_0_clk/A (sky130_fd_sc_hd__clkbuf_16)
     2    0.018930    0.040927    0.108650    0.108839 ^ clkbuf_0_clk/X (sky130_fd_sc_hd__clkbuf_16)
                                                         clknet_0_clk (net)
                      0.040930    0.000625    0.109464 ^ clkbuf_1_0__f_clk/A (sky130_fd_sc_hd__clkbuf_16)
     5    0.013629    0.036429    0.117824    0.227288 ^ clkbuf_1_0__f_clk/X (sky130_fd_sc_hd__clkbuf_16)
                                                         clknet_1_0__leaf_clk (net)
                      0.036429    0.000243    0.227531 ^ _109_/CLK (sky130_fd_sc_hd__dfrtp_1)
     4    0.012843    0.082971    0.399989    0.627520 v _109_/Q (sky130_fd_sc_hd__dfrtp_1)
                                                         net14 (net)
                      0.082971    0.000264    0.627784 v _062_/A (sky130_fd_sc_hd__xor2_1)
     3    0.008484    0.085889    0.193863    0.821648 v _062_/X (sky130_fd_sc_hd__xor2_1)
                                                         _015_ (net)
                      0.085889    0.000116    0.821764 v _067_/A2 (sky130_fd_sc_hd__o21a_1)
     3    0.011086    0.071589    0.218445    1.040208 v _067_/X (sky130_fd_sc_hd__o21a_1)
                                                         _019_ (net)
                      0.071590    0.000413    1.040621 v _080_/A1 (sky130_fd_sc_hd__o31ai_2)
     4    0.011836    0.307373    0.347478    1.388099 ^ _080_/Y (sky130_fd_sc_hd__o31ai_2)
                                                         _030_ (net)
                      0.307373    0.000291    1.388390 ^ _098_/A1 (sky130_fd_sc_hd__a31o_1)
     3    0.009123    0.100131    0.231219    1.619609 ^ _098_/X (sky130_fd_sc_hd__a31o_1)
                                                         _046_ (net)
                      0.100131    0.000276    1.619884 ^ _099_/B (sky130_fd_sc_hd__nand2_1)
     1    0.002840    0.055472    0.061997    1.681881 v _099_/Y (sky130_fd_sc_hd__nand2_1)
                                                         _047_ (net)
                      0.055472    0.000063    1.681944 v _102_/A2 (sky130_fd_sc_hd__a31o_1)
     1    0.002901    0.037173    0.203036    1.884980 v _102_/X (sky130_fd_sc_hd__a31o_1)
                                                         _006_ (net)
                      0.037173    0.000071    1.885051 v _114_/D (sky130_fd_sc_hd__dfrtp_1)
                                              1.885051   data arrival time

                                  4.300000    4.300000   clock clk (rise edge)
                                  0.000000    4.300000   clock source latency
     1    0.011209    0.000000    0.000000    4.300000 ^ clk (in)
                                                         clk (net)
                      0.000377    0.000189    4.300189 ^ clkbuf_0_clk/A (sky130_fd_sc_hd__clkbuf_16)
     2    0.018930    0.040927    0.108650    4.408839 ^ clkbuf_0_clk/X (sky130_fd_sc_hd__clkbuf_16)
                                                         clknet_0_clk (net)
                      0.040929    0.000516    4.409354 ^ clkbuf_1_1__f_clk/A (sky130_fd_sc_hd__clkbuf_16)
     4    0.011898    0.034962    0.116143    4.525497 ^ clkbuf_1_1__f_clk/X (sky130_fd_sc_hd__clkbuf_16)
                                                         clknet_1_1__leaf_clk (net)
                      0.034962    0.000383    4.525880 ^ _114_/CLK (sky130_fd_sc_hd__dfrtp_1)
                                  0.000000    4.525880   clock reconvergence pessimism
                                 -0.113154    4.412726   library setup time
                                              4.412726   data required time
---------------------------------------------------------------------------------------------
                                              4.412726   data required time
                                             -1.885051   data arrival time
---------------------------------------------------------------------------------------------
                                              2.527675   slack (MET)


Startpoint: _109_ (rising edge-triggered flip-flop clocked by clk)
Endpoint: _113_ (rising edge-triggered flip-flop clocked by clk)
Path Group: clk
Path Type: max

Fanout         Cap        Slew       Delay        Time   Description
---------------------------------------------------------------------------------------------
                                  0.000000    0.000000   clock clk (rise edge)
                                  0.000000    0.000000   clock source latency
     1    0.011209    0.000000    0.000000    0.000000 ^ clk (in)
                                                         clk (net)
                      0.000377    0.000189    0.000189 ^ clkbuf_0_clk/A (sky130_fd_sc_hd__clkbuf_16)
     2    0.018930    0.040927    0.108650    0.108839 ^ clkbuf_0_clk/X (sky130_fd_sc_hd__clkbuf_16)
                                                         clknet_0_clk (net)
                      0.040930    0.000625    0.109464 ^ clkbuf_1_0__f_clk/A (sky130_fd_sc_hd__clkbuf_16)
     5    0.013629    0.036429    0.117824    0.227288 ^ clkbuf_1_0__f_clk/X (sky130_fd_sc_hd__clkbuf_16)
                                                         clknet_1_0__leaf_clk (net)
                      0.036429    0.000243    0.227531 ^ _109_/CLK (sky130_fd_sc_hd__dfrtp_1)
     4    0.012843    0.082971    0.399989    0.627520 v _109_/Q (sky130_fd_sc_hd__dfrtp_1)
                                                         net14 (net)
                      0.082971    0.000264    0.627784 v _062_/A (sky130_fd_sc_hd__xor2_1)
     3    0.008484    0.085889    0.193863    0.821648 v _062_/X (sky130_fd_sc_hd__xor2_1)
                                                         _015_ (net)
                      0.085889    0.000116    0.821764 v _067_/A2 (sky130_fd_sc_hd__o21a_1)
     3    0.011086    0.071589    0.218445    1.040208 v _067_/X (sky130_fd_sc_hd__o21a_1)
                                                         _019_ (net)
                      0.071590    0.000413    1.040621 v _080_/A1 (sky130_fd_sc_hd__o31ai_2)
     4    0.011836    0.307373    0.347478    1.388099 ^ _080_/Y (sky130_fd_sc_hd__o31ai_2)
                                                         _030_ (net)
                      0.307373    0.000254    1.388353 ^ _089_/A1 (sky130_fd_sc_hd__a21o_1)
     2    0.005523    0.060762    0.174734    1.563087 ^ _089_/X (sky130_fd_sc_hd__a21o_1)
                                                         _038_ (net)
                      0.060762    0.000178    1.563265 ^ _090_/B (sky130_fd_sc_hd__nand2_1)
     1    0.003479    0.066657    0.055984    1.619250 v _090_/Y (sky130_fd_sc_hd__nand2_1)
                                                         _039_ (net)
                      0.066658    0.000090    1.619339 v _093_/A2 (sky130_fd_sc_hd__a31o_1)
     1    0.003351    0.039565    0.210761    1.830101 v _093_/X (sky130_fd_sc_hd__a31o_1)
                                                         _005_ (net)
                      0.039565    0.000117    1.830218 v _113_/D (sky130_fd_sc_hd__dfrtp_1)
                                              1.830218   data arrival time

                                  4.300000    4.300000   clock clk (rise edge)
                                  0.000000    4.300000   clock source latency
     1    0.011209    0.000000    0.000000    4.300000 ^ clk (in)
                                                         clk (net)
                      0.000377    0.000189    4.300189 ^ clkbuf_0_clk/A (sky130_fd_sc_hd__clkbuf_16)
     2    0.018930    0.040927    0.108650    4.408839 ^ clkbuf_0_clk/X (sky130_fd_sc_hd__clkbuf_16)
                                                         clknet_0_clk (net)
                      0.040929    0.000516    4.409354 ^ clkbuf_1_1__f_clk/A (sky130_fd_sc_hd__clkbuf_16)
     4    0.011898    0.034962    0.116143    4.525497 ^ clkbuf_1_1__f_clk/X (sky130_fd_sc_hd__clkbuf_16)
                                                         clknet_1_1__leaf_clk (net)
                      0.034962    0.000417    4.525914 ^ _113_/CLK (sky130_fd_sc_hd__dfrtp_1)
                                  0.000000    4.525914   clock reconvergence pessimism
                                 -0.114198    4.411716   library setup time
                                              4.411716   data required time
---------------------------------------------------------------------------------------------
                                              4.411716   data required time
                                             -1.830218   data arrival time
---------------------------------------------------------------------------------------------
                                              2.581498   slack (MET)


Startpoint: _109_ (rising edge-triggered flip-flop clocked by clk)
Endpoint: _111_ (rising edge-triggered flip-flop clocked by clk)
Path Group: clk
Path Type: max

Fanout         Cap        Slew       Delay        Time   Description
---------------------------------------------------------------------------------------------
                                  0.000000    0.000000   clock clk (rise edge)
                                  0.000000    0.000000   clock source latency
     1    0.011209    0.000000    0.000000    0.000000 ^ clk (in)
                                                         clk (net)
                      0.000377    0.000189    0.000189 ^ clkbuf_0_clk/A (sky130_fd_sc_hd__clkbuf_16)
     2    0.018930    0.040927    0.108650    0.108839 ^ clkbuf_0_clk/X (sky130_fd_sc_hd__clkbuf_16)
                                                         clknet_0_clk (net)
                      0.040930    0.000625    0.109464 ^ clkbuf_1_0__f_clk/A (sky130_fd_sc_hd__clkbuf_16)
     5    0.013629    0.036429    0.117824    0.227288 ^ clkbuf_1_0__f_clk/X (sky130_fd_sc_hd__clkbuf_16)
                                                         clknet_1_0__leaf_clk (net)
                      0.036429    0.000243    0.227531 ^ _109_/CLK (sky130_fd_sc_hd__dfrtp_1)
     4    0.012843    0.082971    0.399989    0.627520 v _109_/Q (sky130_fd_sc_hd__dfrtp_1)
                                                         net14 (net)
                      0.082971    0.000264    0.627784 v _062_/A (sky130_fd_sc_hd__xor2_1)
     3    0.008484    0.085889    0.193863    0.821648 v _062_/X (sky130_fd_sc_hd__xor2_1)
                                                         _015_ (net)
                      0.085889    0.000116    0.821764 v _067_/A2 (sky130_fd_sc_hd__o21a_1)
     3    0.011086    0.071589    0.218445    1.040208 v _067_/X (sky130_fd_sc_hd__o21a_1)
                                                         _019_ (net)
                      0.071589    0.000350    1.040559 v _070_/A (sky130_fd_sc_hd__or2_1)
     2    0.006292    0.064062    0.251263    1.291822 v _070_/X (sky130_fd_sc_hd__or2_1)
                                                         _022_ (net)
                      0.064062    0.000171    1.291993 v _075_/B1 (sky130_fd_sc_hd__o21ai_1)
     2    0.005938    0.150400    0.105349    1.397342 ^ _075_/Y (sky130_fd_sc_hd__o21ai_1)
                                                         _026_ (net)
                      0.150400    0.000103    1.397446 ^ _077_/A2 (sky130_fd_sc_hd__a21oi_1)
     1    0.003104    0.081473    0.088431    1.485876 v _077_/Y (sky130_fd_sc_hd__a21oi_1)
                                                         _028_ (net)
                      0.081473    0.000101    1.485977 v _078_/C1 (sky130_fd_sc_hd__a221o_1)
     1    0.003396    0.055958    0.271794    1.757771 v _078_/X (sky130_fd_sc_hd__a221o_1)
                                                         _003_ (net)
                      0.055958    0.000089    1.757860 v _111_/D (sky130_fd_sc_hd__dfrtp_1)
                                              1.757860   data arrival time

                                  4.300000    4.300000   clock clk (rise edge)
                                  0.000000    4.300000   clock source latency
     1    0.011209    0.000000    0.000000    4.300000 ^ clk (in)
                                                         clk (net)
                      0.000377    0.000189    4.300189 ^ clkbuf_0_clk/A (sky130_fd_sc_hd__clkbuf_16)
     2    0.018930    0.040927    0.108650    4.408839 ^ clkbuf_0_clk/X (sky130_fd_sc_hd__clkbuf_16)
                                                         clknet_0_clk (net)
                      0.040929    0.000516    4.409354 ^ clkbuf_1_1__f_clk/A (sky130_fd_sc_hd__clkbuf_16)
     4    0.011898    0.034962    0.116143    4.525497 ^ clkbuf_1_1__f_clk/X (sky130_fd_sc_hd__clkbuf_16)
                                                         clknet_1_1__leaf_clk (net)
                      0.034962    0.000393    4.525890 ^ _111_/CLK (sky130_fd_sc_hd__dfrtp_1)
                                  0.000000    4.525890   clock reconvergence pessimism
                                 -0.121354    4.404535   library setup time
                                              4.404535   data required time
---------------------------------------------------------------------------------------------
                                              4.404535   data required time
                                             -1.757860   data arrival time
---------------------------------------------------------------------------------------------
                                              2.646675   slack (MET)


Startpoint: _109_ (rising edge-triggered flip-flop clocked by clk)
Endpoint: _112_ (rising edge-triggered flip-flop clocked by clk)
Path Group: clk
Path Type: max

Fanout         Cap        Slew       Delay        Time   Description
---------------------------------------------------------------------------------------------
                                  0.000000    0.000000   clock clk (rise edge)
                                  0.000000    0.000000   clock source latency
     1    0.011209    0.000000    0.000000    0.000000 ^ clk (in)
                                                         clk (net)
                      0.000377    0.000189    0.000189 ^ clkbuf_0_clk/A (sky130_fd_sc_hd__clkbuf_16)
     2    0.018930    0.040927    0.108650    0.108839 ^ clkbuf_0_clk/X (sky130_fd_sc_hd__clkbuf_16)
                                                         clknet_0_clk (net)
                      0.040930    0.000625    0.109464 ^ clkbuf_1_0__f_clk/A (sky130_fd_sc_hd__clkbuf_16)
     5    0.013629    0.036429    0.117824    0.227288 ^ clkbuf_1_0__f_clk/X (sky130_fd_sc_hd__clkbuf_16)
                                                         clknet_1_0__leaf_clk (net)
                      0.036429    0.000243    0.227531 ^ _109_/CLK (sky130_fd_sc_hd__dfrtp_1)
     4    0.012843    0.082971    0.399989    0.627520 v _109_/Q (sky130_fd_sc_hd__dfrtp_1)
                                                         net14 (net)
                      0.082971    0.000264    0.627784 v _062_/A (sky130_fd_sc_hd__xor2_1)
     3    0.008484    0.085889    0.193863    0.821648 v _062_/X (sky130_fd_sc_hd__xor2_1)
                                                         _015_ (net)
                      0.085889    0.000116    0.821764 v _067_/A2 (sky130_fd_sc_hd__o21a_1)
     3    0.011086    0.071589    0.218445    1.040208 v _067_/X (sky130_fd_sc_hd__o21a_1)
                                                         _019_ (net)
                      0.071590    0.000413    1.040621 v _080_/A1 (sky130_fd_sc_hd__o31ai_2)
     4    0.011836    0.307373    0.347478    1.388099 ^ _080_/Y (sky130_fd_sc_hd__o31ai_2)
                                                         _030_ (net)
                      0.307373    0.000275    1.388374 ^ _085_/A (sky130_fd_sc_hd__nand2_1)
     1    0.002755    0.073901    0.085839    1.474214 v _085_/Y (sky130_fd_sc_hd__nand2_1)
                                                         _035_ (net)
                      0.073901    0.000060    1.474274 v _087_/A3 (sky130_fd_sc_hd__a31o_1)
     1    0.002573    0.035586    0.219457    1.693731 v _087_/X (sky130_fd_sc_hd__a31o_1)
                                                         _004_ (net)
                      0.035586    0.000057    1.693788 v _112_/D (sky130_fd_sc_hd__dfrtp_1)
                                              1.693788   data arrival time

                                  4.300000    4.300000   clock clk (rise edge)
                                  0.000000    4.300000   clock source latency
     1    0.011209    0.000000    0.000000    4.300000 ^ clk (in)
                                                         clk (net)
                      0.000377    0.000189    4.300189 ^ clkbuf_0_clk/A (sky130_fd_sc_hd__clkbuf_16)
     2    0.018930    0.040927    0.108650    4.408839 ^ clkbuf_0_clk/X (sky130_fd_sc_hd__clkbuf_16)
                                                         clknet_0_clk (net)
                      0.040930    0.000625    4.409464 ^ clkbuf_1_0__f_clk/A (sky130_fd_sc_hd__clkbuf_16)
     5    0.013629    0.036429    0.117824    4.527288 ^ clkbuf_1_0__f_clk/X (sky130_fd_sc_hd__clkbuf_16)
                                                         clknet_1_0__leaf_clk (net)
                      0.036429    0.000287    4.527575 ^ _112_/CLK (sky130_fd_sc_hd__dfrtp_1)
                                  0.000000    4.527575   clock reconvergence pessimism
                                 -0.112125    4.415450   library setup time
                                              4.415450   data required time
---------------------------------------------------------------------------------------------
                                              4.415450   data required time
                                             -1.693788   data arrival time
---------------------------------------------------------------------------------------------
                                              2.721661   slack (MET)


Startpoint: _109_ (rising edge-triggered flip-flop clocked by clk)
Endpoint: _110_ (rising edge-triggered flip-flop clocked by clk)
Path Group: clk
Path Type: max

Fanout         Cap        Slew       Delay        Time   Description
---------------------------------------------------------------------------------------------
                                  0.000000    0.000000   clock clk (rise edge)
                                  0.000000    0.000000   clock source latency
     1    0.011209    0.000000    0.000000    0.000000 ^ clk (in)
                                                         clk (net)
                      0.000377    0.000189    0.000189 ^ clkbuf_0_clk/A (sky130_fd_sc_hd__clkbuf_16)
     2    0.018930    0.040927    0.108650    0.108839 ^ clkbuf_0_clk/X (sky130_fd_sc_hd__clkbuf_16)
                                                         clknet_0_clk (net)
                      0.040930    0.000625    0.109464 ^ clkbuf_1_0__f_clk/A (sky130_fd_sc_hd__clkbuf_16)
     5    0.013629    0.036429    0.117824    0.227288 ^ clkbuf_1_0__f_clk/X (sky130_fd_sc_hd__clkbuf_16)
                                                         clknet_1_0__leaf_clk (net)
                      0.036429    0.000243    0.227531 ^ _109_/CLK (sky130_fd_sc_hd__dfrtp_1)
     4    0.012843    0.082971    0.399989    0.627520 v _109_/Q (sky130_fd_sc_hd__dfrtp_1)
                                                         net14 (net)
                      0.082971    0.000264    0.627784 v _062_/A (sky130_fd_sc_hd__xor2_1)
     3    0.008484    0.085889    0.193863    0.821648 v _062_/X (sky130_fd_sc_hd__xor2_1)
                                                         _015_ (net)
                      0.085889    0.000116    0.821764 v _067_/A2 (sky130_fd_sc_hd__o21a_1)
     3    0.011086    0.071589    0.218445    1.040208 v _067_/X (sky130_fd_sc_hd__o21a_1)
                                                         _019_ (net)
                      0.071589    0.000350    1.040559 v _070_/A (sky130_fd_sc_hd__or2_1)
     2    0.006292    0.064062    0.251263    1.291822 v _070_/X (sky130_fd_sc_hd__or2_1)
                                                         _022_ (net)
                      0.064062    0.000113    1.291935 v _072_/A3 (sky130_fd_sc_hd__a31o_1)
     1    0.003286    0.039210    0.220187    1.512122 v _072_/X (sky130_fd_sc_hd__a31o_1)
                                                         _002_ (net)
                      0.039210    0.000086    1.512208 v _110_/D (sky130_fd_sc_hd__dfrtp_2)
                                              1.512208   data arrival time

                                  4.300000    4.300000   clock clk (rise edge)
                                  0.000000    4.300000   clock source latency
     1    0.011209    0.000000    0.000000    4.300000 ^ clk (in)
                                                         clk (net)
                      0.000377    0.000189    4.300189 ^ clkbuf_0_clk/A (sky130_fd_sc_hd__clkbuf_16)
     2    0.018930    0.040927    0.108650    4.408839 ^ clkbuf_0_clk/X (sky130_fd_sc_hd__clkbuf_16)
                                                         clknet_0_clk (net)
                      0.040930    0.000625    4.409464 ^ clkbuf_1_0__f_clk/A (sky130_fd_sc_hd__clkbuf_16)
     5    0.013629    0.036429    0.117824    4.527288 ^ clkbuf_1_0__f_clk/X (sky130_fd_sc_hd__clkbuf_16)
                                                         clknet_1_0__leaf_clk (net)
                      0.036429    0.000258    4.527546 ^ _110_/CLK (sky130_fd_sc_hd__dfrtp_2)
                                  0.000000    4.527546   clock reconvergence pessimism
                                 -0.114935    4.412611   library setup time
                                              4.412611   data required time
---------------------------------------------------------------------------------------------
                                              4.412611   data required time
                                             -1.512208   data arrival time
---------------------------------------------------------------------------------------------
                                              2.900403   slack (MET)


Startpoint: _109_ (rising edge-triggered flip-flop clocked by clk)
Endpoint: _109_ (rising edge-triggered flip-flop clocked by clk)
Path Group: clk
Path Type: max

Fanout         Cap        Slew       Delay        Time   Description
---------------------------------------------------------------------------------------------
                                  0.000000    0.000000   clock clk (rise edge)
                                  0.000000    0.000000   clock source latency
     1    0.011209    0.000000    0.000000    0.000000 ^ clk (in)
                                                         clk (net)
                      0.000377    0.000189    0.000189 ^ clkbuf_0_clk/A (sky130_fd_sc_hd__clkbuf_16)
     2    0.018930    0.040927    0.108650    0.108839 ^ clkbuf_0_clk/X (sky130_fd_sc_hd__clkbuf_16)
                                                         clknet_0_clk (net)
                      0.040930    0.000625    0.109464 ^ clkbuf_1_0__f_clk/A (sky130_fd_sc_hd__clkbuf_16)
     5    0.013629    0.036429    0.117824    0.227288 ^ clkbuf_1_0__f_clk/X (sky130_fd_sc_hd__clkbuf_16)
                                                         clknet_1_0__leaf_clk (net)
                      0.036429    0.000243    0.227531 ^ _109_/CLK (sky130_fd_sc_hd__dfrtp_1)
     4    0.012843    0.082971    0.399989    0.627520 v _109_/Q (sky130_fd_sc_hd__dfrtp_1)
                                                         net14 (net)
                      0.082971    0.000264    0.627784 v _062_/A (sky130_fd_sc_hd__xor2_1)
     3    0.008484    0.085889    0.193863    0.821648 v _062_/X (sky130_fd_sc_hd__xor2_1)
                                                         _015_ (net)
                      0.085889    0.000116    0.821764 v _064_/A2 (sky130_fd_sc_hd__o21a_1)
     1    0.003671    0.039245    0.183676    1.005440 v _064_/X (sky130_fd_sc_hd__o21a_1)
                                                         _017_ (net)
                      0.039245    0.000126    1.005567 v _066_/A2 (sky130_fd_sc_hd__a21o_1)
     1    0.002863    0.033241    0.168583    1.174150 v _066_/X (sky130_fd_sc_hd__a21o_1)
                                                         _001_ (net)
                      0.033241    0.000092    1.174241 v _109_/D (sky130_fd_sc_hd__dfrtp_1)
                                              1.174241   data arrival time

                                  4.300000    4.300000   clock clk (rise edge)
                                  0.000000    4.300000   clock source latency
     1    0.011209    0.000000    0.000000    4.300000 ^ clk (in)
                                                         clk (net)
                      0.000377    0.000189    4.300189 ^ clkbuf_0_clk/A (sky130_fd_sc_hd__clkbuf_16)
     2    0.018930    0.040927    0.108650    4.408839 ^ clkbuf_0_clk/X (sky130_fd_sc_hd__clkbuf_16)
                                                         clknet_0_clk (net)
                      0.040930    0.000625    4.409464 ^ clkbuf_1_0__f_clk/A (sky130_fd_sc_hd__clkbuf_16)
     5    0.013629    0.036429    0.117824    4.527288 ^ clkbuf_1_0__f_clk/X (sky130_fd_sc_hd__clkbuf_16)
                                                         clknet_1_0__leaf_clk (net)
                      0.036429    0.000243    4.527531 ^ _109_/CLK (sky130_fd_sc_hd__dfrtp_1)
                                  0.000000    4.527531   clock reconvergence pessimism
                                 -0.111102    4.416429   library setup time
                                              4.416429   data required time
---------------------------------------------------------------------------------------------
                                              4.416429   data required time
                                             -1.174241   data arrival time
---------------------------------------------------------------------------------------------
                                              3.242188   slack (MET)


Startpoint: _108_ (rising edge-triggered flip-flop clocked by clk)
Endpoint: _108_ (rising edge-triggered flip-flop clocked by clk)
Path Group: clk
Path Type: max

Fanout         Cap        Slew       Delay        Time   Description
---------------------------------------------------------------------------------------------
                                  0.000000    0.000000   clock clk (rise edge)
                                  0.000000    0.000000   clock source latency
     1    0.011209    0.000000    0.000000    0.000000 ^ clk (in)
                                                         clk (net)
                      0.000377    0.000189    0.000189 ^ clkbuf_0_clk/A (sky130_fd_sc_hd__clkbuf_16)
     2    0.018930    0.040927    0.108650    0.108839 ^ clkbuf_0_clk/X (sky130_fd_sc_hd__clkbuf_16)
                                                         clknet_0_clk (net)
                      0.040930    0.000625    0.109464 ^ clkbuf_1_0__f_clk/A (sky130_fd_sc_hd__clkbuf_16)
     5    0.013629    0.036429    0.117824    0.227288 ^ clkbuf_1_0__f_clk/X (sky130_fd_sc_hd__clkbuf_16)
                                                         clknet_1_0__leaf_clk (net)
                      0.036429    0.000211    0.227499 ^ _108_/CLK (sky130_fd_sc_hd__dfrtp_1)
     3    0.011701    0.114172    0.370163    0.597661 ^ _108_/Q (sky130_fd_sc_hd__dfrtp_1)
                                                         net13 (net)
                      0.114172    0.000331    0.597993 ^ _054_/A (sky130_fd_sc_hd__inv_2)
     4    0.012223    0.045734    0.064420    0.662413 v _054_/Y (sky130_fd_sc_hd__inv_2)
                                                         _008_ (net)
                      0.045734    0.000181    0.662594 v _059_/B2 (sky130_fd_sc_hd__a22o_1)
     1    0.003757    0.045018    0.198157    0.860751 v _059_/X (sky130_fd_sc_hd__a22o_1)
                                                         _013_ (net)
                      0.045018    0.000137    0.860888 v _060_/B1 (sky130_fd_sc_hd__a21oi_1)
     1    0.002881    0.105663    0.110394    0.971282 ^ _060_/Y (sky130_fd_sc_hd__a21oi_1)
                                                         _000_ (net)
                      0.105663    0.000068    0.971350 ^ _108_/D (sky130_fd_sc_hd__dfrtp_1)
                                              0.971350   data arrival time

                                  4.300000    4.300000   clock clk (rise edge)
                                  0.000000    4.300000   clock source latency
     1    0.011209    0.000000    0.000000    4.300000 ^ clk (in)
                                                         clk (net)
                      0.000377    0.000189    4.300189 ^ clkbuf_0_clk/A (sky130_fd_sc_hd__clkbuf_16)
     2    0.018930    0.040927    0.108650    4.408839 ^ clkbuf_0_clk/X (sky130_fd_sc_hd__clkbuf_16)
                                                         clknet_0_clk (net)
                      0.040930    0.000625    4.409464 ^ clkbuf_1_0__f_clk/A (sky130_fd_sc_hd__clkbuf_16)
     5    0.013629    0.036429    0.117824    4.527288 ^ clkbuf_1_0__f_clk/X (sky130_fd_sc_hd__clkbuf_16)
                                                         clknet_1_0__leaf_clk (net)
                      0.036429    0.000211    4.527499 ^ _108_/CLK (sky130_fd_sc_hd__dfrtp_1)
                                  0.000000    4.527499   clock reconvergence pessimism
                                 -0.075154    4.452345   library setup time
                                              4.452345   data required time
---------------------------------------------------------------------------------------------
                                              4.452345   data required time
                                             -0.971350   data arrival time
---------------------------------------------------------------------------------------------
                                              3.480995   slack (MET)



