
===========================================================================
report_checks -path_delay max (Setup)
============================================================================
======================= max_tt_025C_1v80 Corner ===================================

Startpoint: up_down (input port clocked by clk)
Endpoint: _115_ (rising edge-triggered flip-flop clocked by clk)
Path Group: clk
Path Type: max

Fanout         Cap        Slew       Delay        Time   Description
---------------------------------------------------------------------------------------------
                                  0.000000    0.000000   clock clk (rise edge)
                                  0.000000    0.000000   clock network delay (propagated)
                                  0.860000    0.860000 ^ input external delay
     1    0.002810    0.019773    0.010398    0.870398 ^ up_down (in)
                                                         up_down (net)
                      0.019773    0.000000    0.870398 ^ input12/A (sky130_fd_sc_hd__buf_1)
     4    0.013001    0.158766    0.152238    1.022636 ^ input12/X (sky130_fd_sc_hd__buf_1)
                                                         net12 (net)
                      0.158767    0.000374    1.023009 ^ fanout21/A (sky130_fd_sc_hd__clkbuf_4)
    10    0.043812    0.139166    0.244394    1.267403 ^ fanout21/X (sky130_fd_sc_hd__clkbuf_4)
                                                         net21 (net)
                      0.139249    0.003124    1.270526 ^ _062_/B (sky130_fd_sc_hd__xor2_1)
     3    0.009477    0.088909    0.118179    1.388705 v _062_/X (sky130_fd_sc_hd__xor2_1)
                                                         _015_ (net)
                      0.088913    0.000663    1.389368 v _067_/A2 (sky130_fd_sc_hd__o21a_1)
     3    0.011062    0.071553    0.219416    1.608784 v _067_/X (sky130_fd_sc_hd__o21a_1)
                                                         _019_ (net)
                      0.071558    0.000694    1.609478 v _080_/A1 (sky130_fd_sc_hd__o31ai_2)
     4    0.013680    0.337005    0.370313    1.979791 ^ _080_/Y (sky130_fd_sc_hd__o31ai_2)
                                                         _030_ (net)
                      0.337011    0.001038    1.980829 ^ _098_/A1 (sky130_fd_sc_hd__a31o_1)
     3    0.010555    0.113113    0.243912    2.224741 ^ _098_/X (sky130_fd_sc_hd__a31o_1)
                                                         _046_ (net)
                      0.113118    0.000862    2.225603 ^ _103_/A2 (sky130_fd_sc_hd__a21oi_1)
     1    0.005147    0.073004    0.091941    2.317544 v _103_/Y (sky130_fd_sc_hd__a21oi_1)
                                                         _050_ (net)
                      0.073004    0.000241    2.317785 v _105_/A (sky130_fd_sc_hd__xnor2_1)
     1    0.002552    0.049026    0.130091    2.447876 v _105_/Y (sky130_fd_sc_hd__xnor2_1)
                                                         _052_ (net)
                      0.049027    0.000187    2.448062 v _107_/A2 (sky130_fd_sc_hd__a21o_1)
     1    0.003512    0.036398    0.176615    2.624677 v _107_/X (sky130_fd_sc_hd__a21o_1)
                                                         _007_ (net)
                      0.036398    0.000214    2.624891 v _115_/D (sky130_fd_sc_hd__dfrtp_1)
                                              2.624891   data arrival time

                                  4.300000    4.300000   clock clk (rise edge)
                                  0.000000    4.300000   clock source latency
     1    0.012962    0.064376    0.043828    4.343828 ^ clk (in)
                                                         clk (net)
                      0.064384    0.000000    4.343828 ^ clkbuf_0_clk/A (sky130_fd_sc_hd__clkbuf_16)
     2    0.020792    0.042512    0.132919    4.476747 ^ clkbuf_0_clk/X (sky130_fd_sc_hd__clkbuf_16)
                                                         clknet_0_clk (net)
                      0.042562    0.001086    4.477832 ^ clkbuf_1_1__f_clk/A (sky130_fd_sc_hd__clkbuf_16)
     4    0.012502    0.035493    0.117198    4.595030 ^ clkbuf_1_1__f_clk/X (sky130_fd_sc_hd__clkbuf_16)
                                                         clknet_1_1__leaf_clk (net)
                      0.035496    0.000947    4.595977 ^ _115_/CLK (sky130_fd_sc_hd__dfrtp_1)
                                 -0.250000    4.345977   clock uncertainty
                                  0.000000    4.345977   clock reconvergence pessimism
                                 -0.112693    4.233284   library setup time
                                              4.233284   data required time
---------------------------------------------------------------------------------------------
                                              4.233284   data required time
                                             -2.624891   data arrival time
---------------------------------------------------------------------------------------------
                                              1.608393   slack (MET)


Startpoint: up_down (input port clocked by clk)
Endpoint: _114_ (rising edge-triggered flip-flop clocked by clk)
Path Group: clk
Path Type: max

Fanout         Cap        Slew       Delay        Time   Description
---------------------------------------------------------------------------------------------
                                  0.000000    0.000000   clock clk (rise edge)
                                  0.000000    0.000000   clock network delay (propagated)
                                  0.860000    0.860000 ^ input external delay
     1    0.002810    0.019773    0.010398    0.870398 ^ up_down (in)
                                                         up_down (net)
                      0.019773    0.000000    0.870398 ^ input12/A (sky130_fd_sc_hd__buf_1)
     4    0.013001    0.158766    0.152238    1.022636 ^ input12/X (sky130_fd_sc_hd__buf_1)
                                                         net12 (net)
                      0.158767    0.000374    1.023009 ^ fanout21/A (sky130_fd_sc_hd__clkbuf_4)
    10    0.043812    0.139166    0.244394    1.267403 ^ fanout21/X (sky130_fd_sc_hd__clkbuf_4)
                                                         net21 (net)
                      0.139249    0.003124    1.270526 ^ _062_/B (sky130_fd_sc_hd__xor2_1)
     3    0.009477    0.088909    0.118179    1.388705 v _062_/X (sky130_fd_sc_hd__xor2_1)
                                                         _015_ (net)
                      0.088913    0.000663    1.389368 v _067_/A2 (sky130_fd_sc_hd__o21a_1)
     3    0.011062    0.071553    0.219416    1.608784 v _067_/X (sky130_fd_sc_hd__o21a_1)
                                                         _019_ (net)
                      0.071558    0.000694    1.609478 v _080_/A1 (sky130_fd_sc_hd__o31ai_2)
     4    0.013680    0.337005    0.370313    1.979791 ^ _080_/Y (sky130_fd_sc_hd__o31ai_2)
                                                         _030_ (net)
                      0.337011    0.001038    1.980829 ^ _098_/A1 (sky130_fd_sc_hd__a31o_1)
     3    0.010555    0.113113    0.243912    2.224741 ^ _098_/X (sky130_fd_sc_hd__a31o_1)
                                                         _046_ (net)
                      0.113116    0.000760    2.225501 ^ _099_/B (sky130_fd_sc_hd__nand2_1)
     1    0.004354    0.063027    0.074560    2.300062 v _099_/Y (sky130_fd_sc_hd__nand2_1)
                                                         _047_ (net)
                      0.063028    0.000284    2.300346 v _102_/A2 (sky130_fd_sc_hd__a31o_1)
     1    0.004170    0.042841    0.213575    2.513921 v _102_/X (sky130_fd_sc_hd__a31o_1)
                                                         _006_ (net)
                      0.042841    0.000256    2.514177 v _114_/D (sky130_fd_sc_hd__dfrtp_1)
                                              2.514177   data arrival time

                                  4.300000    4.300000   clock clk (rise edge)
                                  0.000000    4.300000   clock source latency
     1    0.012962    0.064376    0.043828    4.343828 ^ clk (in)
                                                         clk (net)
                      0.064384    0.000000    4.343828 ^ clkbuf_0_clk/A (sky130_fd_sc_hd__clkbuf_16)
     2    0.020792    0.042512    0.132919    4.476747 ^ clkbuf_0_clk/X (sky130_fd_sc_hd__clkbuf_16)
                                                         clknet_0_clk (net)
                      0.042562    0.001086    4.477832 ^ clkbuf_1_1__f_clk/A (sky130_fd_sc_hd__clkbuf_16)
     4    0.012502    0.035493    0.117198    4.595030 ^ clkbuf_1_1__f_clk/X (sky130_fd_sc_hd__clkbuf_16)
                                                         clknet_1_1__leaf_clk (net)
                      0.035493    0.000604    4.595634 ^ _114_/CLK (sky130_fd_sc_hd__dfrtp_1)
                                 -0.250000    4.345634   clock uncertainty
                                  0.000000    4.345634   clock reconvergence pessimism
                                 -0.115506    4.230128   library setup time
                                              4.230128   data required time
---------------------------------------------------------------------------------------------
                                              4.230128   data required time
                                             -2.514177   data arrival time
---------------------------------------------------------------------------------------------
                                              1.715951   slack (MET)


Startpoint: up_down (input port clocked by clk)
Endpoint: _113_ (rising edge-triggered flip-flop clocked by clk)
Path Group: clk
Path Type: max

Fanout         Cap        Slew       Delay        Time   Description
---------------------------------------------------------------------------------------------
                                  0.000000    0.000000   clock clk (rise edge)
                                  0.000000    0.000000   clock network delay (propagated)
                                  0.860000    0.860000 ^ input external delay
     1    0.002810    0.019773    0.010398    0.870398 ^ up_down (in)
                                                         up_down (net)
                      0.019773    0.000000    0.870398 ^ input12/A (sky130_fd_sc_hd__buf_1)
     4    0.013001    0.158766    0.152238    1.022636 ^ input12/X (sky130_fd_sc_hd__buf_1)
                                                         net12 (net)
                      0.158767    0.000374    1.023009 ^ fanout21/A (sky130_fd_sc_hd__clkbuf_4)
    10    0.043812    0.139166    0.244394    1.267403 ^ fanout21/X (sky130_fd_sc_hd__clkbuf_4)
                                                         net21 (net)
                      0.139249    0.003124    1.270526 ^ _062_/B (sky130_fd_sc_hd__xor2_1)
     3    0.010285    0.244247    0.255115    1.525642 ^ _062_/X (sky130_fd_sc_hd__xor2_1)
                                                         _015_ (net)
                      0.244251    0.000724    1.526365 ^ _067_/A2 (sky130_fd_sc_hd__o21a_1)
     3    0.011745    0.119369    0.202074    1.728439 ^ _067_/X (sky130_fd_sc_hd__o21a_1)
                                                         _019_ (net)
                      0.119372    0.000745    1.729184 ^ _080_/A1 (sky130_fd_sc_hd__o31ai_2)
     4    0.013105    0.089518    0.117859    1.847043 v _080_/Y (sky130_fd_sc_hd__o31ai_2)
                                                         _030_ (net)
                      0.089525    0.000807    1.847850 v _089_/A1 (sky130_fd_sc_hd__a21o_1)
     2    0.006983    0.051075    0.187798    2.035648 v _089_/X (sky130_fd_sc_hd__a21o_1)
                                                         _038_ (net)
                      0.051077    0.000397    2.036045 v _091_/B (sky130_fd_sc_hd__or2_1)
     1    0.003371    0.051314    0.207578    2.243623 v _091_/X (sky130_fd_sc_hd__or2_1)
                                                         _040_ (net)
                      0.051314    0.000238    2.243861 v _093_/A3 (sky130_fd_sc_hd__a31o_1)
     1    0.002313    0.034435    0.208138    2.452000 v _093_/X (sky130_fd_sc_hd__a31o_1)
                                                         _005_ (net)
                      0.034435    0.000162    2.452162 v _113_/D (sky130_fd_sc_hd__dfrtp_1)
                                              2.452162   data arrival time

                                  4.300000    4.300000   clock clk (rise edge)
                                  0.000000    4.300000   clock source latency
     1    0.012962    0.064376    0.043828    4.343828 ^ clk (in)
                                                         clk (net)
                      0.064384    0.000000    4.343828 ^ clkbuf_0_clk/A (sky130_fd_sc_hd__clkbuf_16)
     2    0.020792    0.042512    0.132919    4.476747 ^ clkbuf_0_clk/X (sky130_fd_sc_hd__clkbuf_16)
                                                         clknet_0_clk (net)
                      0.042562    0.001086    4.477832 ^ clkbuf_1_1__f_clk/A (sky130_fd_sc_hd__clkbuf_16)
     4    0.012502    0.035493    0.117198    4.595030 ^ clkbuf_1_1__f_clk/X (sky130_fd_sc_hd__clkbuf_16)
                                                         clknet_1_1__leaf_clk (net)
                      0.035494    0.000743    4.595773 ^ _113_/CLK (sky130_fd_sc_hd__dfrtp_1)
                                 -0.250000    4.345773   clock uncertainty
                                  0.000000    4.345773   clock reconvergence pessimism
                                 -0.111837    4.233936   library setup time
                                              4.233936   data required time
---------------------------------------------------------------------------------------------
                                              4.233936   data required time
                                             -2.452162   data arrival time
---------------------------------------------------------------------------------------------
                                              1.781774   slack (MET)


Startpoint: up_down (input port clocked by clk)
Endpoint: _111_ (rising edge-triggered flip-flop clocked by clk)
Path Group: clk
Path Type: max

Fanout         Cap        Slew       Delay        Time   Description
---------------------------------------------------------------------------------------------
                                  0.000000    0.000000   clock clk (rise edge)
                                  0.000000    0.000000   clock network delay (propagated)
                                  0.860000    0.860000 ^ input external delay
     1    0.002810    0.019773    0.010398    0.870398 ^ up_down (in)
                                                         up_down (net)
                      0.019773    0.000000    0.870398 ^ input12/A (sky130_fd_sc_hd__buf_1)
     4    0.013001    0.158766    0.152238    1.022636 ^ input12/X (sky130_fd_sc_hd__buf_1)
                                                         net12 (net)
                      0.158767    0.000374    1.023009 ^ fanout21/A (sky130_fd_sc_hd__clkbuf_4)
    10    0.043812    0.139166    0.244394    1.267403 ^ fanout21/X (sky130_fd_sc_hd__clkbuf_4)
                                                         net21 (net)
                      0.139249    0.003124    1.270526 ^ _062_/B (sky130_fd_sc_hd__xor2_1)
     3    0.010285    0.244247    0.255115    1.525642 ^ _062_/X (sky130_fd_sc_hd__xor2_1)
                                                         _015_ (net)
                      0.244251    0.000724    1.526365 ^ _067_/A2 (sky130_fd_sc_hd__o21a_1)
     3    0.011745    0.119369    0.202074    1.728439 ^ _067_/X (sky130_fd_sc_hd__o21a_1)
                                                         _019_ (net)
                      0.119370    0.000646    1.729085 ^ _070_/A (sky130_fd_sc_hd__or2_1)
     2    0.005579    0.065277    0.133429    1.862514 ^ _070_/X (sky130_fd_sc_hd__or2_1)
                                                         _022_ (net)
                      0.065277    0.000190    1.862704 ^ _075_/B1 (sky130_fd_sc_hd__o21ai_1)
     2    0.006244    0.070613    0.082335    1.945039 v _075_/Y (sky130_fd_sc_hd__o21ai_1)
                                                         _026_ (net)
                      0.070614    0.000398    1.945437 v _076_/A2 (sky130_fd_sc_hd__o21ai_1)
     1    0.002617    0.095485    0.117822    2.063259 ^ _076_/Y (sky130_fd_sc_hd__o21ai_1)
                                                         _027_ (net)
                      0.095485    0.000121    2.063380 ^ _077_/B1 (sky130_fd_sc_hd__a21oi_1)
     1    0.004444    0.088181    0.056481    2.119861 v _077_/Y (sky130_fd_sc_hd__a21oi_1)
                                                         _028_ (net)
                      0.088181    0.000302    2.120162 v _078_/C1 (sky130_fd_sc_hd__a221o_1)
     1    0.003571    0.056906    0.275254    2.395416 v _078_/X (sky130_fd_sc_hd__a221o_1)
                                                         _003_ (net)
                      0.056906    0.000149    2.395565 v _111_/D (sky130_fd_sc_hd__dfrtp_1)
                                              2.395565   data arrival time

                                  4.300000    4.300000   clock clk (rise edge)
                                  0.000000    4.300000   clock source latency
     1    0.012962    0.064376    0.043828    4.343828 ^ clk (in)
                                                         clk (net)
                      0.064384    0.000000    4.343828 ^ clkbuf_0_clk/A (sky130_fd_sc_hd__clkbuf_16)
     2    0.020792    0.042512    0.132919    4.476747 ^ clkbuf_0_clk/X (sky130_fd_sc_hd__clkbuf_16)
                                                         clknet_0_clk (net)
                      0.042562    0.001086    4.477832 ^ clkbuf_1_1__f_clk/A (sky130_fd_sc_hd__clkbuf_16)
     4    0.012502    0.035493    0.117198    4.595030 ^ clkbuf_1_1__f_clk/X (sky130_fd_sc_hd__clkbuf_16)
                                                         clknet_1_1__leaf_clk (net)
                      0.035495    0.000837    4.595867 ^ _111_/CLK (sky130_fd_sc_hd__dfrtp_1)
                                 -0.250000    4.345867   clock uncertainty
                                  0.000000    4.345867   clock reconvergence pessimism
                                 -0.121646    4.224221   library setup time
                                              4.224221   data required time
---------------------------------------------------------------------------------------------
                                              4.224221   data required time
                                             -2.395565   data arrival time
---------------------------------------------------------------------------------------------
                                              1.828656   slack (MET)


Startpoint: up_down (input port clocked by clk)
Endpoint: _112_ (rising edge-triggered flip-flop clocked by clk)
Path Group: clk
Path Type: max

Fanout         Cap        Slew       Delay        Time   Description
---------------------------------------------------------------------------------------------
                                  0.000000    0.000000   clock clk (rise edge)
                                  0.000000    0.000000   clock network delay (propagated)
                                  0.860000    0.860000 ^ input external delay
     1    0.002810    0.019773    0.010398    0.870398 ^ up_down (in)
                                                         up_down (net)
                      0.019773    0.000000    0.870398 ^ input12/A (sky130_fd_sc_hd__buf_1)
     4    0.013001    0.158766    0.152238    1.022636 ^ input12/X (sky130_fd_sc_hd__buf_1)
                                                         net12 (net)
                      0.158767    0.000374    1.023009 ^ fanout21/A (sky130_fd_sc_hd__clkbuf_4)
    10    0.043812    0.139166    0.244394    1.267403 ^ fanout21/X (sky130_fd_sc_hd__clkbuf_4)
                                                         net21 (net)
                      0.139249    0.003124    1.270526 ^ _062_/B (sky130_fd_sc_hd__xor2_1)
     3    0.009477    0.088909    0.118179    1.388705 v _062_/X (sky130_fd_sc_hd__xor2_1)
                                                         _015_ (net)
                      0.088913    0.000663    1.389368 v _067_/A2 (sky130_fd_sc_hd__o21a_1)
     3    0.011062    0.071553    0.219416    1.608784 v _067_/X (sky130_fd_sc_hd__o21a_1)
                                                         _019_ (net)
                      0.071558    0.000694    1.609478 v _080_/A1 (sky130_fd_sc_hd__o31ai_2)
     4    0.013680    0.337005    0.370313    1.979791 ^ _080_/Y (sky130_fd_sc_hd__o31ai_2)
                                                         _030_ (net)
                      0.337009    0.000897    1.980688 ^ _085_/A (sky130_fd_sc_hd__nand2_1)
     1    0.002930    0.079249    0.089744    2.070432 v _085_/Y (sky130_fd_sc_hd__nand2_1)
                                                         _035_ (net)
                      0.079249    0.000198    2.070630 v _087_/A3 (sky130_fd_sc_hd__a31o_1)
     1    0.002795    0.036732    0.223176    2.293807 v _087_/X (sky130_fd_sc_hd__a31o_1)
                                                         _004_ (net)
                      0.036732    0.000181    2.293988 v _112_/D (sky130_fd_sc_hd__dfrtp_1)
                                              2.293988   data arrival time

                                  4.300000    4.300000   clock clk (rise edge)
                                  0.000000    4.300000   clock source latency
     1    0.012962    0.064376    0.043828    4.343828 ^ clk (in)
                                                         clk (net)
                      0.064384    0.000000    4.343828 ^ clkbuf_0_clk/A (sky130_fd_sc_hd__clkbuf_16)
     2    0.020792    0.042512    0.132919    4.476747 ^ clkbuf_0_clk/X (sky130_fd_sc_hd__clkbuf_16)
                                                         clknet_0_clk (net)
                      0.042565    0.001122    4.477869 ^ clkbuf_1_0__f_clk/A (sky130_fd_sc_hd__clkbuf_16)
     5    0.017247    0.039504    0.121639    4.599508 ^ clkbuf_1_0__f_clk/X (sky130_fd_sc_hd__clkbuf_16)
                                                         clknet_1_0__leaf_clk (net)
                      0.039516    0.000921    4.600429 ^ _112_/CLK (sky130_fd_sc_hd__dfrtp_1)
                                 -0.250000    4.350429   clock uncertainty
                                  0.000000    4.350429   clock reconvergence pessimism
                                 -0.111920    4.238509   library setup time
                                              4.238509   data required time
---------------------------------------------------------------------------------------------
                                              4.238509   data required time
                                             -2.293988   data arrival time
---------------------------------------------------------------------------------------------
                                              1.944521   slack (MET)


Startpoint: up_down (input port clocked by clk)
Endpoint: _110_ (rising edge-triggered flip-flop clocked by clk)
Path Group: clk
Path Type: max

Fanout         Cap        Slew       Delay        Time   Description
---------------------------------------------------------------------------------------------
                                  0.000000    0.000000   clock clk (rise edge)
                                  0.000000    0.000000   clock network delay (propagated)
                                  0.860000    0.860000 ^ input external delay
     1    0.002810    0.019773    0.010398    0.870398 ^ up_down (in)
                                                         up_down (net)
                      0.019773    0.000000    0.870398 ^ input12/A (sky130_fd_sc_hd__buf_1)
     4    0.013001    0.158766    0.152238    1.022636 ^ input12/X (sky130_fd_sc_hd__buf_1)
                                                         net12 (net)
                      0.158767    0.000374    1.023009 ^ fanout21/A (sky130_fd_sc_hd__clkbuf_4)
    10    0.043812    0.139166    0.244394    1.267403 ^ fanout21/X (sky130_fd_sc_hd__clkbuf_4)
                                                         net21 (net)
                      0.139249    0.003124    1.270526 ^ _062_/B (sky130_fd_sc_hd__xor2_1)
     3    0.009477    0.088909    0.118179    1.388705 v _062_/X (sky130_fd_sc_hd__xor2_1)
                                                         _015_ (net)
                      0.088913    0.000663    1.389368 v _067_/A2 (sky130_fd_sc_hd__o21a_1)
     3    0.011062    0.071553    0.219416    1.608784 v _067_/X (sky130_fd_sc_hd__o21a_1)
                                                         _019_ (net)
                      0.071557    0.000605    1.609389 v _070_/A (sky130_fd_sc_hd__or2_1)
     2    0.005288    0.059411    0.245423    1.854812 v _070_/X (sky130_fd_sc_hd__or2_1)
                                                         _022_ (net)
                      0.059411    0.000262    1.855074 v _072_/A3 (sky130_fd_sc_hd__a31o_1)
     1    0.002614    0.035784    0.213615    2.068690 v _072_/X (sky130_fd_sc_hd__a31o_1)
                                                         _002_ (net)
                      0.035784    0.000172    2.068862 v _110_/D (sky130_fd_sc_hd__dfrtp_2)
                                              2.068862   data arrival time

                                  4.300000    4.300000   clock clk (rise edge)
                                  0.000000    4.300000   clock source latency
     1    0.012962    0.064376    0.043828    4.343828 ^ clk (in)
                                                         clk (net)
                      0.064384    0.000000    4.343828 ^ clkbuf_0_clk/A (sky130_fd_sc_hd__clkbuf_16)
     2    0.020792    0.042512    0.132919    4.476747 ^ clkbuf_0_clk/X (sky130_fd_sc_hd__clkbuf_16)
                                                         clknet_0_clk (net)
                      0.042565    0.001122    4.477869 ^ clkbuf_1_0__f_clk/A (sky130_fd_sc_hd__clkbuf_16)
     5    0.017247    0.039504    0.121639    4.599508 ^ clkbuf_1_0__f_clk/X (sky130_fd_sc_hd__clkbuf_16)
                                                         clknet_1_0__leaf_clk (net)
                      0.039517    0.001025    4.600533 ^ _110_/CLK (sky130_fd_sc_hd__dfrtp_2)
                                 -0.250000    4.350533   clock uncertainty
                                  0.000000    4.350533   clock reconvergence pessimism
                                 -0.112717    4.237815   library setup time
                                              4.237815   data required time
---------------------------------------------------------------------------------------------
                                              4.237815   data required time
                                             -2.068862   data arrival time
---------------------------------------------------------------------------------------------
                                              2.168954   slack (MET)


Startpoint: _113_ (rising edge-triggered flip-flop clocked by clk)
Endpoint: count[5] (output port clocked by clk)
Path Group: clk
Path Type: max

Fanout         Cap        Slew       Delay        Time   Description
---------------------------------------------------------------------------------------------
                                  0.000000    0.000000   clock clk (rise edge)
                                  0.000000    0.000000   clock source latency
     1    0.012962    0.064376    0.043827    0.043827 ^ clk (in)
                                                         clk (net)
                      0.064384    0.000000    0.043827 ^ clkbuf_0_clk/A (sky130_fd_sc_hd__clkbuf_16)
     2    0.020792    0.042512    0.132919    0.176747 ^ clkbuf_0_clk/X (sky130_fd_sc_hd__clkbuf_16)
                                                         clknet_0_clk (net)
                      0.042562    0.001086    0.177832 ^ clkbuf_1_1__f_clk/A (sky130_fd_sc_hd__clkbuf_16)
     4    0.012502    0.035493    0.117198    0.295030 ^ clkbuf_1_1__f_clk/X (sky130_fd_sc_hd__clkbuf_16)
                                                         clknet_1_1__leaf_clk (net)
                      0.035494    0.000742    0.295773 ^ _113_/CLK (sky130_fd_sc_hd__dfrtp_1)
     4    0.018367    0.169162    0.409657    0.705429 ^ _113_/Q (sky130_fd_sc_hd__dfrtp_1)
                                                         net18 (net)
                      0.169170    0.001344    0.706774 ^ output18/A (sky130_fd_sc_hd__buf_2)
     1    0.034001    0.169583    0.237711    0.944485 ^ output18/X (sky130_fd_sc_hd__buf_2)
                                                         count[5] (net)
                      0.169596    0.001611    0.946096 ^ count[5] (out)
                                              0.946096   data arrival time

                                  4.300000    4.300000   clock clk (rise edge)
                                  0.000000    4.300000   clock network delay (propagated)
                                 -0.250000    4.050000   clock uncertainty
                                  0.000000    4.050000   clock reconvergence pessimism
                                 -0.860000    3.190000   output external delay
                                              3.190000   data required time
---------------------------------------------------------------------------------------------
                                              3.190000   data required time
                                             -0.946096   data arrival time
---------------------------------------------------------------------------------------------
                                              2.243904   slack (MET)


Startpoint: _110_ (rising edge-triggered flip-flop clocked by clk)
Endpoint: count[2] (output port clocked by clk)
Path Group: clk
Path Type: max

Fanout         Cap        Slew       Delay        Time   Description
---------------------------------------------------------------------------------------------
                                  0.000000    0.000000   clock clk (rise edge)
                                  0.000000    0.000000   clock source latency
     1    0.012962    0.064376    0.043827    0.043827 ^ clk (in)
                                                         clk (net)
                      0.064384    0.000000    0.043827 ^ clkbuf_0_clk/A (sky130_fd_sc_hd__clkbuf_16)
     2    0.020792    0.042512    0.132919    0.176747 ^ clkbuf_0_clk/X (sky130_fd_sc_hd__clkbuf_16)
                                                         clknet_0_clk (net)
                      0.042565    0.001122    0.177869 ^ clkbuf_1_0__f_clk/A (sky130_fd_sc_hd__clkbuf_16)
     5    0.017247    0.039504    0.121639    0.299508 ^ clkbuf_1_0__f_clk/X (sky130_fd_sc_hd__clkbuf_16)
                                                         clknet_1_0__leaf_clk (net)
                      0.039517    0.001025    0.300533 ^ _110_/CLK (sky130_fd_sc_hd__dfrtp_2)
     5    0.019557    0.078363    0.431470    0.732003 v _110_/Q (sky130_fd_sc_hd__dfrtp_2)
                                                         net15 (net)
                      0.078371    0.000854    0.732857 v output15/A (sky130_fd_sc_hd__buf_2)
     1    0.034119    0.089591    0.193978    0.926835 v output15/X (sky130_fd_sc_hd__buf_2)
                                                         count[2] (net)
                      0.089629    0.001700    0.928535 v count[2] (out)
                                              0.928535   data arrival time

                                  4.300000    4.300000   clock clk (rise edge)
                                  0.000000    4.300000   clock network delay (propagated)
                                 -0.250000    4.050000   clock uncertainty
                                  0.000000    4.050000   clock reconvergence pessimism
                                 -0.860000    3.190000   output external delay
                                              3.190000   data required time
---------------------------------------------------------------------------------------------
                                              3.190000   data required time
                                             -0.928535   data arrival time
---------------------------------------------------------------------------------------------
                                              2.261465   slack (MET)


Startpoint: _109_ (rising edge-triggered flip-flop clocked by clk)
Endpoint: count[1] (output port clocked by clk)
Path Group: clk
Path Type: max

Fanout         Cap        Slew       Delay        Time   Description
---------------------------------------------------------------------------------------------
                                  0.000000    0.000000   clock clk (rise edge)
                                  0.000000    0.000000   clock source latency
     1    0.012962    0.064376    0.043827    0.043827 ^ clk (in)
                                                         clk (net)
                      0.064384    0.000000    0.043827 ^ clkbuf_0_clk/A (sky130_fd_sc_hd__clkbuf_16)
     2    0.020792    0.042512    0.132919    0.176747 ^ clkbuf_0_clk/X (sky130_fd_sc_hd__clkbuf_16)
                                                         clknet_0_clk (net)
                      0.042565    0.001122    0.177869 ^ clkbuf_1_0__f_clk/A (sky130_fd_sc_hd__clkbuf_16)
     5    0.017247    0.039504    0.121639    0.299508 ^ clkbuf_1_0__f_clk/X (sky130_fd_sc_hd__clkbuf_16)
                                                         clknet_1_0__leaf_clk (net)
                      0.039517    0.000975    0.300483 ^ _109_/CLK (sky130_fd_sc_hd__dfrtp_1)
     4    0.015092    0.142091    0.391630    0.692113 ^ _109_/Q (sky130_fd_sc_hd__dfrtp_1)
                                                         net14 (net)
                      0.142091    0.000544    0.692657 ^ output14/A (sky130_fd_sc_hd__buf_2)
     1    0.034435    0.171563    0.231841    0.924498 ^ output14/X (sky130_fd_sc_hd__buf_2)
                                                         count[1] (net)
                      0.171576    0.001598    0.926097 ^ count[1] (out)
                                              0.926097   data arrival time

                                  4.300000    4.300000   clock clk (rise edge)
                                  0.000000    4.300000   clock network delay (propagated)
                                 -0.250000    4.050000   clock uncertainty
                                  0.000000    4.050000   clock reconvergence pessimism
                                 -0.860000    3.190000   output external delay
                                              3.190000   data required time
---------------------------------------------------------------------------------------------
                                              3.190000   data required time
                                             -0.926097   data arrival time
---------------------------------------------------------------------------------------------
                                              2.263903   slack (MET)


Startpoint: _111_ (rising edge-triggered flip-flop clocked by clk)
Endpoint: count[3] (output port clocked by clk)
Path Group: clk
Path Type: max

Fanout         Cap        Slew       Delay        Time   Description
---------------------------------------------------------------------------------------------
                                  0.000000    0.000000   clock clk (rise edge)
                                  0.000000    0.000000   clock source latency
     1    0.012962    0.064376    0.043827    0.043827 ^ clk (in)
                                                         clk (net)
                      0.064384    0.000000    0.043827 ^ clkbuf_0_clk/A (sky130_fd_sc_hd__clkbuf_16)
     2    0.020792    0.042512    0.132919    0.176747 ^ clkbuf_0_clk/X (sky130_fd_sc_hd__clkbuf_16)
                                                         clknet_0_clk (net)
                      0.042562    0.001086    0.177832 ^ clkbuf_1_1__f_clk/A (sky130_fd_sc_hd__clkbuf_16)
     4    0.012502    0.035493    0.117198    0.295030 ^ clkbuf_1_1__f_clk/X (sky130_fd_sc_hd__clkbuf_16)
                                                         clknet_1_1__leaf_clk (net)
                      0.035495    0.000837    0.295867 ^ _111_/CLK (sky130_fd_sc_hd__dfrtp_1)
     4    0.015818    0.148095    0.394423    0.690290 ^ _111_/Q (sky130_fd_sc_hd__dfrtp_1)
                                                         net16 (net)
                      0.148096    0.000687    0.690976 ^ output16/A (sky130_fd_sc_hd__buf_2)
     1    0.033982    0.169460    0.231961    0.922938 ^ output16/X (sky130_fd_sc_hd__buf_2)
                                                         count[3] (net)
                      0.169473    0.001591    0.924529 ^ count[3] (out)
                                              0.924529   data arrival time

                                  4.300000    4.300000   clock clk (rise edge)
                                  0.000000    4.300000   clock network delay (propagated)
                                 -0.250000    4.050000   clock uncertainty
                                  0.000000    4.050000   clock reconvergence pessimism
                                 -0.860000    3.190000   output external delay
                                              3.190000   data required time
---------------------------------------------------------------------------------------------
                                              3.190000   data required time
                                             -0.924529   data arrival time
---------------------------------------------------------------------------------------------
                                              2.265471   slack (MET)


Startpoint: _112_ (rising edge-triggered flip-flop clocked by clk)
Endpoint: count[4] (output port clocked by clk)
Path Group: clk
Path Type: max

Fanout         Cap        Slew       Delay        Time   Description
---------------------------------------------------------------------------------------------
                                  0.000000    0.000000   clock clk (rise edge)
                                  0.000000    0.000000   clock source latency
     1    0.012962    0.064376    0.043827    0.043827 ^ clk (in)
                                                         clk (net)
                      0.064384    0.000000    0.043827 ^ clkbuf_0_clk/A (sky130_fd_sc_hd__clkbuf_16)
     2    0.020792    0.042512    0.132919    0.176747 ^ clkbuf_0_clk/X (sky130_fd_sc_hd__clkbuf_16)
                                                         clknet_0_clk (net)
                      0.042565    0.001122    0.177869 ^ clkbuf_1_0__f_clk/A (sky130_fd_sc_hd__clkbuf_16)
     5    0.017247    0.039504    0.121639    0.299508 ^ clkbuf_1_0__f_clk/X (sky130_fd_sc_hd__clkbuf_16)
                                                         clknet_1_0__leaf_clk (net)
                      0.039516    0.000921    0.300429 ^ _112_/CLK (sky130_fd_sc_hd__dfrtp_1)
     5    0.013987    0.133045    0.384777    0.685206 ^ _112_/Q (sky130_fd_sc_hd__dfrtp_1)
                                                         net17 (net)
                      0.133048    0.000820    0.686026 ^ output17/A (sky130_fd_sc_hd__buf_2)
     1    0.034114    0.170061    0.228297    0.914323 ^ output17/X (sky130_fd_sc_hd__buf_2)
                                                         count[4] (net)
                      0.170075    0.001639    0.915962 ^ count[4] (out)
                                              0.915962   data arrival time

                                  4.300000    4.300000   clock clk (rise edge)
                                  0.000000    4.300000   clock network delay (propagated)
                                 -0.250000    4.050000   clock uncertainty
                                  0.000000    4.050000   clock reconvergence pessimism
                                 -0.860000    3.190000   output external delay
                                              3.190000   data required time
---------------------------------------------------------------------------------------------
                                              3.190000   data required time
                                             -0.915962   data arrival time
---------------------------------------------------------------------------------------------
                                              2.274037   slack (MET)


Startpoint: _108_ (rising edge-triggered flip-flop clocked by clk)
Endpoint: count[0] (output port clocked by clk)
Path Group: clk
Path Type: max

Fanout         Cap        Slew       Delay        Time   Description
---------------------------------------------------------------------------------------------
                                  0.000000    0.000000   clock clk (rise edge)
                                  0.000000    0.000000   clock source latency
     1    0.012962    0.064376    0.043827    0.043827 ^ clk (in)
                                                         clk (net)
                      0.064384    0.000000    0.043827 ^ clkbuf_0_clk/A (sky130_fd_sc_hd__clkbuf_16)
     2    0.020792    0.042512    0.132919    0.176747 ^ clkbuf_0_clk/X (sky130_fd_sc_hd__clkbuf_16)
                                                         clknet_0_clk (net)
                      0.042565    0.001122    0.177869 ^ clkbuf_1_0__f_clk/A (sky130_fd_sc_hd__clkbuf_16)
     5    0.017247    0.039504    0.121639    0.299508 ^ clkbuf_1_0__f_clk/X (sky130_fd_sc_hd__clkbuf_16)
                                                         clknet_1_0__leaf_clk (net)
                      0.039517    0.000993    0.300501 ^ _108_/CLK (sky130_fd_sc_hd__dfrtp_1)
     3    0.010787    0.106755    0.365546    0.666048 ^ _108_/Q (sky130_fd_sc_hd__dfrtp_1)
                                                         net13 (net)
                      0.106757    0.000643    0.666691 ^ output13/A (sky130_fd_sc_hd__buf_2)
     1    0.034592    0.172187    0.221226    0.887917 ^ output13/X (sky130_fd_sc_hd__buf_2)
                                                         count[0] (net)
                      0.172261    0.001651    0.889568 ^ count[0] (out)
                                              0.889568   data arrival time

                                  4.300000    4.300000   clock clk (rise edge)
                                  0.000000    4.300000   clock network delay (propagated)
                                 -0.250000    4.050000   clock uncertainty
                                  0.000000    4.050000   clock reconvergence pessimism
                                 -0.860000    3.190000   output external delay
                                              3.190000   data required time
---------------------------------------------------------------------------------------------
                                              3.190000   data required time
                                             -0.889568   data arrival time
---------------------------------------------------------------------------------------------
                                              2.300432   slack (MET)


Startpoint: _114_ (rising edge-triggered flip-flop clocked by clk)
Endpoint: count[6] (output port clocked by clk)
Path Group: clk
Path Type: max

Fanout         Cap        Slew       Delay        Time   Description
---------------------------------------------------------------------------------------------
                                  0.000000    0.000000   clock clk (rise edge)
                                  0.000000    0.000000   clock source latency
     1    0.012962    0.064376    0.043827    0.043827 ^ clk (in)
                                                         clk (net)
                      0.064384    0.000000    0.043827 ^ clkbuf_0_clk/A (sky130_fd_sc_hd__clkbuf_16)
     2    0.020792    0.042512    0.132919    0.176747 ^ clkbuf_0_clk/X (sky130_fd_sc_hd__clkbuf_16)
                                                         clknet_0_clk (net)
                      0.042562    0.001086    0.177832 ^ clkbuf_1_1__f_clk/A (sky130_fd_sc_hd__clkbuf_16)
     4    0.012502    0.035493    0.117198    0.295030 ^ clkbuf_1_1__f_clk/X (sky130_fd_sc_hd__clkbuf_16)
                                                         clknet_1_1__leaf_clk (net)
                      0.035493    0.000604    0.295634 ^ _114_/CLK (sky130_fd_sc_hd__dfrtp_1)
     4    0.009845    0.070120    0.387403    0.683037 v _114_/Q (sky130_fd_sc_hd__dfrtp_1)
                                                         net19 (net)
                      0.070182    0.000522    0.683559 v output19/A (sky130_fd_sc_hd__clkbuf_4)
     1    0.034538    0.080029    0.193586    0.877145 v output19/X (sky130_fd_sc_hd__clkbuf_4)
                                                         count[6] (net)
                      0.080071    0.001678    0.878823 v count[6] (out)
                                              0.878823   data arrival time

                                  4.300000    4.300000   clock clk (rise edge)
                                  0.000000    4.300000   clock network delay (propagated)
                                 -0.250000    4.050000   clock uncertainty
                                  0.000000    4.050000   clock reconvergence pessimism
                                 -0.860000    3.190000   output external delay
                                              3.190000   data required time
---------------------------------------------------------------------------------------------
                                              3.190000   data required time
                                             -0.878823   data arrival time
---------------------------------------------------------------------------------------------
                                              2.311177   slack (MET)


Startpoint: _115_ (rising edge-triggered flip-flop clocked by clk)
Endpoint: count[7] (output port clocked by clk)
Path Group: clk
Path Type: max

Fanout         Cap        Slew       Delay        Time   Description
---------------------------------------------------------------------------------------------
                                  0.000000    0.000000   clock clk (rise edge)
                                  0.000000    0.000000   clock source latency
     1    0.012962    0.064376    0.043827    0.043827 ^ clk (in)
                                                         clk (net)
                      0.064384    0.000000    0.043827 ^ clkbuf_0_clk/A (sky130_fd_sc_hd__clkbuf_16)
     2    0.020792    0.042512    0.132919    0.176747 ^ clkbuf_0_clk/X (sky130_fd_sc_hd__clkbuf_16)
                                                         clknet_0_clk (net)
                      0.042562    0.001086    0.177832 ^ clkbuf_1_1__f_clk/A (sky130_fd_sc_hd__clkbuf_16)
     4    0.012502    0.035493    0.117198    0.295030 ^ clkbuf_1_1__f_clk/X (sky130_fd_sc_hd__clkbuf_16)
                                                         clknet_1_1__leaf_clk (net)
                      0.035496    0.000947    0.295977 ^ _115_/CLK (sky130_fd_sc_hd__dfrtp_1)
     3    0.010335    0.103029    0.361387    0.657364 ^ _115_/Q (sky130_fd_sc_hd__dfrtp_1)
                                                         net20 (net)
                      0.103029    0.000300    0.657664 ^ output20/A (sky130_fd_sc_hd__buf_2)
     1    0.034070    0.169724    0.218147    0.875811 ^ output20/X (sky130_fd_sc_hd__buf_2)
                                                         count[7] (net)
                      0.169737    0.001605    0.877416 ^ count[7] (out)
                                              0.877416   data arrival time

                                  4.300000    4.300000   clock clk (rise edge)
                                  0.000000    4.300000   clock network delay (propagated)
                                 -0.250000    4.050000   clock uncertainty
                                  0.000000    4.050000   clock reconvergence pessimism
                                 -0.860000    3.190000   output external delay
                                              3.190000   data required time
---------------------------------------------------------------------------------------------
                                              3.190000   data required time
                                             -0.877416   data arrival time
---------------------------------------------------------------------------------------------
                                              2.312584   slack (MET)


Startpoint: up_down (input port clocked by clk)
Endpoint: _109_ (rising edge-triggered flip-flop clocked by clk)
Path Group: clk
Path Type: max

Fanout         Cap        Slew       Delay        Time   Description
---------------------------------------------------------------------------------------------
                                  0.000000    0.000000   clock clk (rise edge)
                                  0.000000    0.000000   clock network delay (propagated)
                                  0.860000    0.860000 ^ input external delay
     1    0.002810    0.019773    0.010398    0.870398 ^ up_down (in)
                                                         up_down (net)
                      0.019773    0.000000    0.870398 ^ input12/A (sky130_fd_sc_hd__buf_1)
     4    0.013001    0.158766    0.152238    1.022636 ^ input12/X (sky130_fd_sc_hd__buf_1)
                                                         net12 (net)
                      0.158767    0.000374    1.023009 ^ fanout21/A (sky130_fd_sc_hd__clkbuf_4)
    10    0.043812    0.139166    0.244394    1.267403 ^ fanout21/X (sky130_fd_sc_hd__clkbuf_4)
                                                         net21 (net)
                      0.139249    0.003124    1.270526 ^ _062_/B (sky130_fd_sc_hd__xor2_1)
     3    0.010285    0.244247    0.255115    1.525642 ^ _062_/X (sky130_fd_sc_hd__xor2_1)
                                                         _015_ (net)
                      0.244249    0.000532    1.526174 ^ _063_/B (sky130_fd_sc_hd__nand2_1)
     1    0.003722    0.061027    0.093398    1.619572 v _063_/Y (sky130_fd_sc_hd__nand2_1)
                                                         _016_ (net)
                      0.061028    0.000269    1.619841 v _066_/A1 (sky130_fd_sc_hd__a21o_1)
     1    0.002536    0.031746    0.154506    1.774347 v _066_/X (sky130_fd_sc_hd__a21o_1)
                                                         _001_ (net)
                      0.031746    0.000172    1.774519 v _109_/D (sky130_fd_sc_hd__dfrtp_1)
                                              1.774519   data arrival time

                                  4.300000    4.300000   clock clk (rise edge)
                                  0.000000    4.300000   clock source latency
     1    0.012962    0.064376    0.043828    4.343828 ^ clk (in)
                                                         clk (net)
                      0.064384    0.000000    4.343828 ^ clkbuf_0_clk/A (sky130_fd_sc_hd__clkbuf_16)
     2    0.020792    0.042512    0.132919    4.476747 ^ clkbuf_0_clk/X (sky130_fd_sc_hd__clkbuf_16)
                                                         clknet_0_clk (net)
                      0.042565    0.001122    4.477869 ^ clkbuf_1_0__f_clk/A (sky130_fd_sc_hd__clkbuf_16)
     5    0.017247    0.039504    0.121639    4.599508 ^ clkbuf_1_0__f_clk/X (sky130_fd_sc_hd__clkbuf_16)
                                                         clknet_1_0__leaf_clk (net)
                      0.039517    0.000975    4.600483 ^ _109_/CLK (sky130_fd_sc_hd__dfrtp_1)
                                 -0.250000    4.350483   clock uncertainty
                                  0.000000    4.350483   clock reconvergence pessimism
                                 -0.109744    4.240739   library setup time
                                              4.240739   data required time
---------------------------------------------------------------------------------------------
                                              4.240739   data required time
                                             -1.774519   data arrival time
---------------------------------------------------------------------------------------------
                                              2.466220   slack (MET)


Startpoint: preload (input port clocked by clk)
Endpoint: _108_ (rising edge-triggered flip-flop clocked by clk)
Path Group: clk
Path Type: max

Fanout         Cap        Slew       Delay        Time   Description
---------------------------------------------------------------------------------------------
                                  0.000000    0.000000   clock clk (rise edge)
                                  0.000000    0.000000   clock network delay (propagated)
                                  0.860000    0.860000 v input external delay
     1    0.002316    0.007503    0.003651    0.863651 v preload (in)
                                                         preload (net)
                      0.007504    0.000000    0.863651 v input10/A (sky130_fd_sc_hd__buf_2)
    10    0.042945    0.105777    0.177610    1.041260 v input10/X (sky130_fd_sc_hd__buf_2)
                                                         net10 (net)
                      0.106114    0.004467    1.045727 v _057_/A (sky130_fd_sc_hd__nor2_2)
     8    0.039347    0.430770    0.384914    1.430641 ^ _057_/Y (sky130_fd_sc_hd__nor2_2)
                                                         _011_ (net)
                      0.430912    0.006509    1.437150 ^ _059_/B1 (sky130_fd_sc_hd__a22o_1)
     1    0.003862    0.060207    0.200302    1.637452 ^ _059_/X (sky130_fd_sc_hd__a22o_1)
                                                         _013_ (net)
                      0.060211    0.000268    1.637720 ^ _060_/B1 (sky130_fd_sc_hd__a21oi_1)
     1    0.002639    0.050394    0.040369    1.678089 v _060_/Y (sky130_fd_sc_hd__a21oi_1)
                                                         _000_ (net)
                      0.050394    0.000178    1.678267 v _108_/D (sky130_fd_sc_hd__dfrtp_1)
                                              1.678267   data arrival time

                                  4.300000    4.300000   clock clk (rise edge)
                                  0.000000    4.300000   clock source latency
     1    0.012962    0.064376    0.043828    4.343828 ^ clk (in)
                                                         clk (net)
                      0.064384    0.000000    4.343828 ^ clkbuf_0_clk/A (sky130_fd_sc_hd__clkbuf_16)
     2    0.020792    0.042512    0.132919    4.476747 ^ clkbuf_0_clk/X (sky130_fd_sc_hd__clkbuf_16)
                                                         clknet_0_clk (net)
                      0.042565    0.001122    4.477869 ^ clkbuf_1_0__f_clk/A (sky130_fd_sc_hd__clkbuf_16)
     5    0.017247    0.039504    0.121639    4.599508 ^ clkbuf_1_0__f_clk/X (sky130_fd_sc_hd__clkbuf_16)
                                                         clknet_1_0__leaf_clk (net)
                      0.039517    0.000993    4.600502 ^ _108_/CLK (sky130_fd_sc_hd__dfrtp_1)
                                 -0.250000    4.350502   clock uncertainty
                                  0.000000    4.350502   clock reconvergence pessimism
                                 -0.117883    4.232619   library setup time
                                              4.232619   data required time
---------------------------------------------------------------------------------------------
                                              4.232619   data required time
                                             -1.678267   data arrival time
---------------------------------------------------------------------------------------------
                                              2.554352   slack (MET)


Startpoint: resetn (input port clocked by clk)
Endpoint: _110_ (recovery check against rising-edge clock clk)
Path Group: asynchronous
Path Type: max

Fanout         Cap        Slew       Delay        Time   Description
---------------------------------------------------------------------------------------------
                                  0.000000    0.000000   clock clk (rise edge)
                                  0.000000    0.000000   clock network delay (propagated)
                                  0.860000    0.860000 ^ input external delay
     1    0.003177    0.021359    0.011681    0.871681 ^ resetn (in)
                                                         resetn (net)
                      0.021367    0.000000    0.871681 ^ hold1/A (sky130_fd_sc_hd__dlygate4sd3_1)
     1    0.002426    0.049680    0.523544    1.395225 ^ hold1/X (sky130_fd_sc_hd__dlygate4sd3_1)
                                                         net22 (net)
                      0.049680    0.000163    1.395388 ^ input11/A (sky130_fd_sc_hd__buf_2)
     8    0.043021    0.211360    0.226324    1.621712 ^ input11/X (sky130_fd_sc_hd__buf_2)
                                                         net11 (net)
                      0.211533    0.004993    1.626705 ^ _110_/RESET_B (sky130_fd_sc_hd__dfrtp_2)
                                              1.626705   data arrival time

                                  4.300000    4.300000   clock clk (rise edge)
                                  0.000000    4.300000   clock source latency
     1    0.012962    0.064376    0.043828    4.343828 ^ clk (in)
                                                         clk (net)
                      0.064384    0.000000    4.343828 ^ clkbuf_0_clk/A (sky130_fd_sc_hd__clkbuf_16)
     2    0.020792    0.042512    0.132919    4.476747 ^ clkbuf_0_clk/X (sky130_fd_sc_hd__clkbuf_16)
                                                         clknet_0_clk (net)
                      0.042565    0.001122    4.477869 ^ clkbuf_1_0__f_clk/A (sky130_fd_sc_hd__clkbuf_16)
     5    0.017247    0.039504    0.121639    4.599508 ^ clkbuf_1_0__f_clk/X (sky130_fd_sc_hd__clkbuf_16)
                                                         clknet_1_0__leaf_clk (net)
                      0.039517    0.001025    4.600533 ^ _110_/CLK (sky130_fd_sc_hd__dfrtp_2)
                                 -0.250000    4.350533   clock uncertainty
                                  0.000000    4.350533   clock reconvergence pessimism
                                  0.167762    4.518295   library recovery time
                                              4.518295   data required time
---------------------------------------------------------------------------------------------
                                              4.518295   data required time
                                             -1.626705   data arrival time
---------------------------------------------------------------------------------------------
                                              2.891590   slack (MET)


Startpoint: resetn (input port clocked by clk)
Endpoint: _111_ (recovery check against rising-edge clock clk)
Path Group: asynchronous
Path Type: max

Fanout         Cap        Slew       Delay        Time   Description
---------------------------------------------------------------------------------------------
                                  0.000000    0.000000   clock clk (rise edge)
                                  0.000000    0.000000   clock network delay (propagated)
                                  0.860000    0.860000 ^ input external delay
     1    0.003177    0.021359    0.011681    0.871681 ^ resetn (in)
                                                         resetn (net)
                      0.021367    0.000000    0.871681 ^ hold1/A (sky130_fd_sc_hd__dlygate4sd3_1)
     1    0.002426    0.049680    0.523544    1.395225 ^ hold1/X (sky130_fd_sc_hd__dlygate4sd3_1)
                                                         net22 (net)
                      0.049680    0.000163    1.395388 ^ input11/A (sky130_fd_sc_hd__buf_2)
     8    0.043021    0.211360    0.226324    1.621712 ^ input11/X (sky130_fd_sc_hd__buf_2)
                                                         net11 (net)
                      0.211515    0.004729    1.626441 ^ _111_/RESET_B (sky130_fd_sc_hd__dfrtp_1)
                                              1.626441   data arrival time

                                  4.300000    4.300000   clock clk (rise edge)
                                  0.000000    4.300000   clock source latency
     1    0.012962    0.064376    0.043828    4.343828 ^ clk (in)
                                                         clk (net)
                      0.064384    0.000000    4.343828 ^ clkbuf_0_clk/A (sky130_fd_sc_hd__clkbuf_16)
     2    0.020792    0.042512    0.132919    4.476747 ^ clkbuf_0_clk/X (sky130_fd_sc_hd__clkbuf_16)
                                                         clknet_0_clk (net)
                      0.042562    0.001086    4.477832 ^ clkbuf_1_1__f_clk/A (sky130_fd_sc_hd__clkbuf_16)
     4    0.012502    0.035493    0.117198    4.595030 ^ clkbuf_1_1__f_clk/X (sky130_fd_sc_hd__clkbuf_16)
                                                         clknet_1_1__leaf_clk (net)
                      0.035495    0.000837    4.595867 ^ _111_/CLK (sky130_fd_sc_hd__dfrtp_1)
                                 -0.250000    4.345867   clock uncertainty
                                  0.000000    4.345867   clock reconvergence pessimism
                                  0.184244    4.530111   library recovery time
                                              4.530111   data required time
---------------------------------------------------------------------------------------------
                                              4.530111   data required time
                                             -1.626441   data arrival time
---------------------------------------------------------------------------------------------
                                              2.903670   slack (MET)


Startpoint: resetn (input port clocked by clk)
Endpoint: _115_ (recovery check against rising-edge clock clk)
Path Group: asynchronous
Path Type: max

Fanout         Cap        Slew       Delay        Time   Description
---------------------------------------------------------------------------------------------
                                  0.000000    0.000000   clock clk (rise edge)
                                  0.000000    0.000000   clock network delay (propagated)
                                  0.860000    0.860000 ^ input external delay
     1    0.003177    0.021359    0.011681    0.871681 ^ resetn (in)
                                                         resetn (net)
                      0.021367    0.000000    0.871681 ^ hold1/A (sky130_fd_sc_hd__dlygate4sd3_1)
     1    0.002426    0.049680    0.523544    1.395225 ^ hold1/X (sky130_fd_sc_hd__dlygate4sd3_1)
                                                         net22 (net)
                      0.049680    0.000163    1.395388 ^ input11/A (sky130_fd_sc_hd__buf_2)
     8    0.043021    0.211360    0.226324    1.621712 ^ input11/X (sky130_fd_sc_hd__buf_2)
                                                         net11 (net)
                      0.211517    0.004762    1.626474 ^ _115_/RESET_B (sky130_fd_sc_hd__dfrtp_1)
                                              1.626474   data arrival time

                                  4.300000    4.300000   clock clk (rise edge)
                                  0.000000    4.300000   clock source latency
     1    0.012962    0.064376    0.043828    4.343828 ^ clk (in)
                                                         clk (net)
                      0.064384    0.000000    4.343828 ^ clkbuf_0_clk/A (sky130_fd_sc_hd__clkbuf_16)
     2    0.020792    0.042512    0.132919    4.476747 ^ clkbuf_0_clk/X (sky130_fd_sc_hd__clkbuf_16)
                                                         clknet_0_clk (net)
                      0.042562    0.001086    4.477832 ^ clkbuf_1_1__f_clk/A (sky130_fd_sc_hd__clkbuf_16)
     4    0.012502    0.035493    0.117198    4.595030 ^ clkbuf_1_1__f_clk/X (sky130_fd_sc_hd__clkbuf_16)
                                                         clknet_1_1__leaf_clk (net)
                      0.035496    0.000947    4.595977 ^ _115_/CLK (sky130_fd_sc_hd__dfrtp_1)
                                 -0.250000    4.345977   clock uncertainty
                                  0.000000    4.345977   clock reconvergence pessimism
                                  0.184244    4.530221   library recovery time
                                              4.530221   data required time
---------------------------------------------------------------------------------------------
                                              4.530221   data required time
                                             -1.626474   data arrival time
---------------------------------------------------------------------------------------------
                                              2.903746   slack (MET)


Startpoint: resetn (input port clocked by clk)
Endpoint: _114_ (recovery check against rising-edge clock clk)
Path Group: asynchronous
Path Type: max

Fanout         Cap        Slew       Delay        Time   Description
---------------------------------------------------------------------------------------------
                                  0.000000    0.000000   clock clk (rise edge)
                                  0.000000    0.000000   clock network delay (propagated)
                                  0.860000    0.860000 ^ input external delay
     1    0.003177    0.021359    0.011681    0.871681 ^ resetn (in)
                                                         resetn (net)
                      0.021367    0.000000    0.871681 ^ hold1/A (sky130_fd_sc_hd__dlygate4sd3_1)
     1    0.002426    0.049680    0.523544    1.395225 ^ hold1/X (sky130_fd_sc_hd__dlygate4sd3_1)
                                                         net22 (net)
                      0.049680    0.000163    1.395388 ^ input11/A (sky130_fd_sc_hd__buf_2)
     8    0.043021    0.211360    0.226324    1.621712 ^ input11/X (sky130_fd_sc_hd__buf_2)
                                                         net11 (net)
                      0.211475    0.004091    1.625803 ^ _114_/RESET_B (sky130_fd_sc_hd__dfrtp_1)
                                              1.625803   data arrival time

                                  4.300000    4.300000   clock clk (rise edge)
                                  0.000000    4.300000   clock source latency
     1    0.012962    0.064376    0.043828    4.343828 ^ clk (in)
                                                         clk (net)
                      0.064384    0.000000    4.343828 ^ clkbuf_0_clk/A (sky130_fd_sc_hd__clkbuf_16)
     2    0.020792    0.042512    0.132919    4.476747 ^ clkbuf_0_clk/X (sky130_fd_sc_hd__clkbuf_16)
                                                         clknet_0_clk (net)
                      0.042562    0.001086    4.477832 ^ clkbuf_1_1__f_clk/A (sky130_fd_sc_hd__clkbuf_16)
     4    0.012502    0.035493    0.117198    4.595030 ^ clkbuf_1_1__f_clk/X (sky130_fd_sc_hd__clkbuf_16)
                                                         clknet_1_1__leaf_clk (net)
                      0.035493    0.000604    4.595634 ^ _114_/CLK (sky130_fd_sc_hd__dfrtp_1)
                                 -0.250000    4.345634   clock uncertainty
                                  0.000000    4.345634   clock reconvergence pessimism
                                  0.184254    4.529888   library recovery time
                                              4.529888   data required time
---------------------------------------------------------------------------------------------
                                              4.529888   data required time
                                             -1.625803   data arrival time
---------------------------------------------------------------------------------------------
                                              2.904085   slack (MET)


Startpoint: resetn (input port clocked by clk)
Endpoint: _113_ (recovery check against rising-edge clock clk)
Path Group: asynchronous
Path Type: max

Fanout         Cap        Slew       Delay        Time   Description
---------------------------------------------------------------------------------------------
                                  0.000000    0.000000   clock clk (rise edge)
                                  0.000000    0.000000   clock network delay (propagated)
                                  0.860000    0.860000 ^ input external delay
     1    0.003177    0.021359    0.011681    0.871681 ^ resetn (in)
                                                         resetn (net)
                      0.021367    0.000000    0.871681 ^ hold1/A (sky130_fd_sc_hd__dlygate4sd3_1)
     1    0.002426    0.049680    0.523544    1.395225 ^ hold1/X (sky130_fd_sc_hd__dlygate4sd3_1)
                                                         net22 (net)
                      0.049680    0.000163    1.395388 ^ input11/A (sky130_fd_sc_hd__buf_2)
     8    0.043021    0.211360    0.226324    1.621712 ^ input11/X (sky130_fd_sc_hd__buf_2)
                                                         net11 (net)
                      0.211415    0.002849    1.624561 ^ _113_/RESET_B (sky130_fd_sc_hd__dfrtp_1)
                                              1.624561   data arrival time

                                  4.300000    4.300000   clock clk (rise edge)
                                  0.000000    4.300000   clock source latency
     1    0.012962    0.064376    0.043828    4.343828 ^ clk (in)
                                                         clk (net)
                      0.064384    0.000000    4.343828 ^ clkbuf_0_clk/A (sky130_fd_sc_hd__clkbuf_16)
     2    0.020792    0.042512    0.132919    4.476747 ^ clkbuf_0_clk/X (sky130_fd_sc_hd__clkbuf_16)
                                                         clknet_0_clk (net)
                      0.042562    0.001086    4.477832 ^ clkbuf_1_1__f_clk/A (sky130_fd_sc_hd__clkbuf_16)
     4    0.012502    0.035493    0.117198    4.595030 ^ clkbuf_1_1__f_clk/X (sky130_fd_sc_hd__clkbuf_16)
                                                         clknet_1_1__leaf_clk (net)
                      0.035494    0.000743    4.595773 ^ _113_/CLK (sky130_fd_sc_hd__dfrtp_1)
                                 -0.250000    4.345773   clock uncertainty
                                  0.000000    4.345773   clock reconvergence pessimism
                                  0.184270    4.530043   library recovery time
                                              4.530043   data required time
---------------------------------------------------------------------------------------------
                                              4.530043   data required time
                                             -1.624561   data arrival time
---------------------------------------------------------------------------------------------
                                              2.905482   slack (MET)


Startpoint: resetn (input port clocked by clk)
Endpoint: _109_ (recovery check against rising-edge clock clk)
Path Group: asynchronous
Path Type: max

Fanout         Cap        Slew       Delay        Time   Description
---------------------------------------------------------------------------------------------
                                  0.000000    0.000000   clock clk (rise edge)
                                  0.000000    0.000000   clock network delay (propagated)
                                  0.860000    0.860000 ^ input external delay
     1    0.003177    0.021359    0.011681    0.871681 ^ resetn (in)
                                                         resetn (net)
                      0.021367    0.000000    0.871681 ^ hold1/A (sky130_fd_sc_hd__dlygate4sd3_1)
     1    0.002426    0.049680    0.523544    1.395225 ^ hold1/X (sky130_fd_sc_hd__dlygate4sd3_1)
                                                         net22 (net)
                      0.049680    0.000163    1.395388 ^ input11/A (sky130_fd_sc_hd__buf_2)
     8    0.043021    0.211360    0.226324    1.621712 ^ input11/X (sky130_fd_sc_hd__buf_2)
                                                         net11 (net)
                      0.211535    0.005022    1.626734 ^ _109_/RESET_B (sky130_fd_sc_hd__dfrtp_1)
                                              1.626734   data arrival time

                                  4.300000    4.300000   clock clk (rise edge)
                                  0.000000    4.300000   clock source latency
     1    0.012962    0.064376    0.043828    4.343828 ^ clk (in)
                                                         clk (net)
                      0.064384    0.000000    4.343828 ^ clkbuf_0_clk/A (sky130_fd_sc_hd__clkbuf_16)
     2    0.020792    0.042512    0.132919    4.476747 ^ clkbuf_0_clk/X (sky130_fd_sc_hd__clkbuf_16)
                                                         clknet_0_clk (net)
                      0.042565    0.001122    4.477869 ^ clkbuf_1_0__f_clk/A (sky130_fd_sc_hd__clkbuf_16)
     5    0.017247    0.039504    0.121639    4.599508 ^ clkbuf_1_0__f_clk/X (sky130_fd_sc_hd__clkbuf_16)
                                                         clknet_1_0__leaf_clk (net)
                      0.039517    0.000975    4.600483 ^ _109_/CLK (sky130_fd_sc_hd__dfrtp_1)
                                 -0.250000    4.350483   clock uncertainty
                                  0.000000    4.350483   clock reconvergence pessimism
                                  0.185499    4.535982   library recovery time
                                              4.535982   data required time
---------------------------------------------------------------------------------------------
                                              4.535982   data required time
                                             -1.626734   data arrival time
---------------------------------------------------------------------------------------------
                                              2.909248   slack (MET)


Startpoint: resetn (input port clocked by clk)
Endpoint: _112_ (recovery check against rising-edge clock clk)
Path Group: asynchronous
Path Type: max

Fanout         Cap        Slew       Delay        Time   Description
---------------------------------------------------------------------------------------------
                                  0.000000    0.000000   clock clk (rise edge)
                                  0.000000    0.000000   clock network delay (propagated)
                                  0.860000    0.860000 ^ input external delay
     1    0.003177    0.021359    0.011681    0.871681 ^ resetn (in)
                                                         resetn (net)
                      0.021367    0.000000    0.871681 ^ hold1/A (sky130_fd_sc_hd__dlygate4sd3_1)
     1    0.002426    0.049680    0.523544    1.395225 ^ hold1/X (sky130_fd_sc_hd__dlygate4sd3_1)
                                                         net22 (net)
                      0.049680    0.000163    1.395388 ^ input11/A (sky130_fd_sc_hd__buf_2)
     8    0.043021    0.211360    0.226324    1.621712 ^ input11/X (sky130_fd_sc_hd__buf_2)
                                                         net11 (net)
                      0.211388    0.002065    1.623777 ^ _112_/RESET_B (sky130_fd_sc_hd__dfrtp_1)
                                              1.623777   data arrival time

                                  4.300000    4.300000   clock clk (rise edge)
                                  0.000000    4.300000   clock source latency
     1    0.012962    0.064376    0.043828    4.343828 ^ clk (in)
                                                         clk (net)
                      0.064384    0.000000    4.343828 ^ clkbuf_0_clk/A (sky130_fd_sc_hd__clkbuf_16)
     2    0.020792    0.042512    0.132919    4.476747 ^ clkbuf_0_clk/X (sky130_fd_sc_hd__clkbuf_16)
                                                         clknet_0_clk (net)
                      0.042565    0.001122    4.477869 ^ clkbuf_1_0__f_clk/A (sky130_fd_sc_hd__clkbuf_16)
     5    0.017247    0.039504    0.121639    4.599508 ^ clkbuf_1_0__f_clk/X (sky130_fd_sc_hd__clkbuf_16)
                                                         clknet_1_0__leaf_clk (net)
                      0.039516    0.000921    4.600429 ^ _112_/CLK (sky130_fd_sc_hd__dfrtp_1)
                                 -0.250000    4.350429   clock uncertainty
                                  0.000000    4.350429   clock reconvergence pessimism
                                  0.185537    4.535966   library recovery time
                                              4.535966   data required time
---------------------------------------------------------------------------------------------
                                              4.535966   data required time
                                             -1.623777   data arrival time
---------------------------------------------------------------------------------------------
                                              2.912189   slack (MET)


Startpoint: resetn (input port clocked by clk)
Endpoint: _108_ (recovery check against rising-edge clock clk)
Path Group: asynchronous
Path Type: max

Fanout         Cap        Slew       Delay        Time   Description
---------------------------------------------------------------------------------------------
                                  0.000000    0.000000   clock clk (rise edge)
                                  0.000000    0.000000   clock network delay (propagated)
                                  0.860000    0.860000 ^ input external delay
     1    0.003177    0.021359    0.011681    0.871681 ^ resetn (in)
                                                         resetn (net)
                      0.021367    0.000000    0.871681 ^ hold1/A (sky130_fd_sc_hd__dlygate4sd3_1)
     1    0.002426    0.049680    0.523544    1.395225 ^ hold1/X (sky130_fd_sc_hd__dlygate4sd3_1)
                                                         net22 (net)
                      0.049680    0.000163    1.395388 ^ input11/A (sky130_fd_sc_hd__buf_2)
     8    0.043021    0.211360    0.226324    1.621712 ^ input11/X (sky130_fd_sc_hd__buf_2)
                                                         net11 (net)
                      0.211381    0.001769    1.623481 ^ _108_/RESET_B (sky130_fd_sc_hd__dfrtp_1)
                                              1.623481   data arrival time

                                  4.300000    4.300000   clock clk (rise edge)
                                  0.000000    4.300000   clock source latency
     1    0.012962    0.064376    0.043828    4.343828 ^ clk (in)
                                                         clk (net)
                      0.064384    0.000000    4.343828 ^ clkbuf_0_clk/A (sky130_fd_sc_hd__clkbuf_16)
     2    0.020792    0.042512    0.132919    4.476747 ^ clkbuf_0_clk/X (sky130_fd_sc_hd__clkbuf_16)
                                                         clknet_0_clk (net)
                      0.042565    0.001122    4.477869 ^ clkbuf_1_0__f_clk/A (sky130_fd_sc_hd__clkbuf_16)
     5    0.017247    0.039504    0.121639    4.599508 ^ clkbuf_1_0__f_clk/X (sky130_fd_sc_hd__clkbuf_16)
                                                         clknet_1_0__leaf_clk (net)
                      0.039517    0.000993    4.600502 ^ _108_/CLK (sky130_fd_sc_hd__dfrtp_1)
                                 -0.250000    4.350502   clock uncertainty
                                  0.000000    4.350502   clock reconvergence pessimism
                                  0.185539    4.536041   library recovery time
                                              4.536041   data required time
---------------------------------------------------------------------------------------------
                                              4.536041   data required time
                                             -1.623481   data arrival time
---------------------------------------------------------------------------------------------
                                              2.912559   slack (MET)



