
===========================================================================
report_checks -path_delay min (Hold)
============================================================================
======================= max_tt_025C_1v80 Corner ===================================

Startpoint: _111_ (rising edge-triggered flip-flop clocked by clk)
Endpoint: _111_ (rising edge-triggered flip-flop clocked by clk)
Path Group: clk
Path Type: min

Fanout         Cap        Slew       Delay        Time   Description
---------------------------------------------------------------------------------------------
                                  0.000000    0.000000   clock clk (rise edge)
                                  0.000000    0.000000   clock source latency
     1    0.012962    0.064376    0.043827    0.043827 ^ clk (in)
                                                         clk (net)
                      0.064384    0.000000    0.043827 ^ clkbuf_0_clk/A (sky130_fd_sc_hd__clkbuf_16)
     2    0.020792    0.042512    0.132919    0.176747 ^ clkbuf_0_clk/X (sky130_fd_sc_hd__clkbuf_16)
                                                         clknet_0_clk (net)
                      0.042562    0.001086    0.177832 ^ clkbuf_1_1__f_clk/A (sky130_fd_sc_hd__clkbuf_16)
     4    0.012502    0.035493    0.117198    0.295030 ^ clkbuf_1_1__f_clk/X (sky130_fd_sc_hd__clkbuf_16)
                                                         clknet_1_1__leaf_clk (net)
                      0.035495    0.000837    0.295867 ^ _111_/CLK (sky130_fd_sc_hd__dfrtp_1)
     4    0.015818    0.148095    0.394423    0.690290 ^ _111_/Q (sky130_fd_sc_hd__dfrtp_1)
                                                         net16 (net)
                      0.148095    0.000522    0.690812 ^ _078_/B2 (sky130_fd_sc_hd__a221o_1)
     1    0.003628    0.048930    0.162932    0.853744 ^ _078_/X (sky130_fd_sc_hd__a221o_1)
                                                         _003_ (net)
                      0.048930    0.000152    0.853896 ^ _111_/D (sky130_fd_sc_hd__dfrtp_1)
                                              0.853896   data arrival time

                                  0.000000    0.000000   clock clk (rise edge)
                                  0.000000    0.000000   clock source latency
     1    0.012962    0.064376    0.043827    0.043827 ^ clk (in)
                                                         clk (net)
                      0.064384    0.000000    0.043827 ^ clkbuf_0_clk/A (sky130_fd_sc_hd__clkbuf_16)
     2    0.020792    0.042512    0.132919    0.176747 ^ clkbuf_0_clk/X (sky130_fd_sc_hd__clkbuf_16)
                                                         clknet_0_clk (net)
                      0.042562    0.001086    0.177832 ^ clkbuf_1_1__f_clk/A (sky130_fd_sc_hd__clkbuf_16)
     4    0.012502    0.035493    0.117198    0.295030 ^ clkbuf_1_1__f_clk/X (sky130_fd_sc_hd__clkbuf_16)
                                                         clknet_1_1__leaf_clk (net)
                      0.035495    0.000837    0.295867 ^ _111_/CLK (sky130_fd_sc_hd__dfrtp_1)
                                  0.250000    0.545867   clock uncertainty
                                  0.000000    0.545867   clock reconvergence pessimism
                                 -0.036888    0.508979   library hold time
                                              0.508979   data required time
---------------------------------------------------------------------------------------------
                                              0.508979   data required time
                                             -0.853896   data arrival time
---------------------------------------------------------------------------------------------
                                              0.344917   slack (MET)


Startpoint: _115_ (rising edge-triggered flip-flop clocked by clk)
Endpoint: _115_ (rising edge-triggered flip-flop clocked by clk)
Path Group: clk
Path Type: min

Fanout         Cap        Slew       Delay        Time   Description
---------------------------------------------------------------------------------------------
                                  0.000000    0.000000   clock clk (rise edge)
                                  0.000000    0.000000   clock source latency
     1    0.012962    0.064376    0.043827    0.043827 ^ clk (in)
                                                         clk (net)
                      0.064384    0.000000    0.043827 ^ clkbuf_0_clk/A (sky130_fd_sc_hd__clkbuf_16)
     2    0.020792    0.042512    0.132919    0.176747 ^ clkbuf_0_clk/X (sky130_fd_sc_hd__clkbuf_16)
                                                         clknet_0_clk (net)
                      0.042562    0.001086    0.177832 ^ clkbuf_1_1__f_clk/A (sky130_fd_sc_hd__clkbuf_16)
     4    0.012502    0.035493    0.117198    0.295030 ^ clkbuf_1_1__f_clk/X (sky130_fd_sc_hd__clkbuf_16)
                                                         clknet_1_1__leaf_clk (net)
                      0.035496    0.000947    0.295977 ^ _115_/CLK (sky130_fd_sc_hd__dfrtp_1)
     3    0.010335    0.103029    0.361387    0.657364 ^ _115_/Q (sky130_fd_sc_hd__dfrtp_1)
                                                         net20 (net)
                      0.103030    0.000508    0.657872 ^ _106_/B2 (sky130_fd_sc_hd__a22o_1)
     1    0.003154    0.046213    0.134378    0.792250 ^ _106_/X (sky130_fd_sc_hd__a22o_1)
                                                         _053_ (net)
                      0.046218    0.000151    0.792401 ^ _107_/B1 (sky130_fd_sc_hd__a21o_1)
     1    0.003569    0.040652    0.080685    0.873086 ^ _107_/X (sky130_fd_sc_hd__a21o_1)
                                                         _007_ (net)
                      0.040653    0.000218    0.873304 ^ _115_/D (sky130_fd_sc_hd__dfrtp_1)
                                              0.873304   data arrival time

                                  0.000000    0.000000   clock clk (rise edge)
                                  0.000000    0.000000   clock source latency
     1    0.012962    0.064376    0.043827    0.043827 ^ clk (in)
                                                         clk (net)
                      0.064384    0.000000    0.043827 ^ clkbuf_0_clk/A (sky130_fd_sc_hd__clkbuf_16)
     2    0.020792    0.042512    0.132919    0.176747 ^ clkbuf_0_clk/X (sky130_fd_sc_hd__clkbuf_16)
                                                         clknet_0_clk (net)
                      0.042562    0.001086    0.177832 ^ clkbuf_1_1__f_clk/A (sky130_fd_sc_hd__clkbuf_16)
     4    0.012502    0.035493    0.117198    0.295030 ^ clkbuf_1_1__f_clk/X (sky130_fd_sc_hd__clkbuf_16)
                                                         clknet_1_1__leaf_clk (net)
                      0.035496    0.000947    0.295977 ^ _115_/CLK (sky130_fd_sc_hd__dfrtp_1)
                                  0.250000    0.545977   clock uncertainty
                                  0.000000    0.545977   clock reconvergence pessimism
                                 -0.035151    0.510826   library hold time
                                              0.510826   data required time
---------------------------------------------------------------------------------------------
                                              0.510826   data required time
                                             -0.873304   data arrival time
---------------------------------------------------------------------------------------------
                                              0.362478   slack (MET)


Startpoint: _108_ (rising edge-triggered flip-flop clocked by clk)
Endpoint: _109_ (rising edge-triggered flip-flop clocked by clk)
Path Group: clk
Path Type: min

Fanout         Cap        Slew       Delay        Time   Description
---------------------------------------------------------------------------------------------
                                  0.000000    0.000000   clock clk (rise edge)
                                  0.000000    0.000000   clock source latency
     1    0.012962    0.064376    0.043827    0.043827 ^ clk (in)
                                                         clk (net)
                      0.064384    0.000000    0.043827 ^ clkbuf_0_clk/A (sky130_fd_sc_hd__clkbuf_16)
     2    0.020792    0.042512    0.132919    0.176747 ^ clkbuf_0_clk/X (sky130_fd_sc_hd__clkbuf_16)
                                                         clknet_0_clk (net)
                      0.042565    0.001122    0.177869 ^ clkbuf_1_0__f_clk/A (sky130_fd_sc_hd__clkbuf_16)
     5    0.017247    0.039504    0.121639    0.299508 ^ clkbuf_1_0__f_clk/X (sky130_fd_sc_hd__clkbuf_16)
                                                         clknet_1_0__leaf_clk (net)
                      0.039517    0.000993    0.300501 ^ _108_/CLK (sky130_fd_sc_hd__dfrtp_1)
     3    0.010787    0.106755    0.365546    0.666048 ^ _108_/Q (sky130_fd_sc_hd__dfrtp_1)
                                                         net13 (net)
                      0.106758    0.000755    0.666803 ^ _054_/A (sky130_fd_sc_hd__inv_2)
     4    0.012141    0.044339    0.061860    0.728662 v _054_/Y (sky130_fd_sc_hd__inv_2)
                                                         _008_ (net)
                      0.044370    0.000714    0.729376 v _063_/A (sky130_fd_sc_hd__nand2_1)
     1    0.003880    0.045976    0.060081    0.789457 ^ _063_/Y (sky130_fd_sc_hd__nand2_1)
                                                         _016_ (net)
                      0.045977    0.000282    0.789739 ^ _066_/A1 (sky130_fd_sc_hd__a21o_1)
     1    0.002593    0.033244    0.097058    0.886797 ^ _066_/X (sky130_fd_sc_hd__a21o_1)
                                                         _001_ (net)
                      0.033244    0.000177    0.886974 ^ _109_/D (sky130_fd_sc_hd__dfrtp_1)
                                              0.886974   data arrival time

                                  0.000000    0.000000   clock clk (rise edge)
                                  0.000000    0.000000   clock source latency
     1    0.012962    0.064376    0.043827    0.043827 ^ clk (in)
                                                         clk (net)
                      0.064384    0.000000    0.043827 ^ clkbuf_0_clk/A (sky130_fd_sc_hd__clkbuf_16)
     2    0.020792    0.042512    0.132919    0.176747 ^ clkbuf_0_clk/X (sky130_fd_sc_hd__clkbuf_16)
                                                         clknet_0_clk (net)
                      0.042565    0.001122    0.177869 ^ clkbuf_1_0__f_clk/A (sky130_fd_sc_hd__clkbuf_16)
     5    0.017247    0.039504    0.121639    0.299508 ^ clkbuf_1_0__f_clk/X (sky130_fd_sc_hd__clkbuf_16)
                                                         clknet_1_0__leaf_clk (net)
                      0.039517    0.000975    0.300483 ^ _109_/CLK (sky130_fd_sc_hd__dfrtp_1)
                                  0.250000    0.550483   clock uncertainty
                                  0.000000    0.550483   clock reconvergence pessimism
                                 -0.033048    0.517435   library hold time
                                              0.517435   data required time
---------------------------------------------------------------------------------------------
                                              0.517435   data required time
                                             -0.886974   data arrival time
---------------------------------------------------------------------------------------------
                                              0.369539   slack (MET)


Startpoint: _114_ (rising edge-triggered flip-flop clocked by clk)
Endpoint: _114_ (rising edge-triggered flip-flop clocked by clk)
Path Group: clk
Path Type: min

Fanout         Cap        Slew       Delay        Time   Description
---------------------------------------------------------------------------------------------
                                  0.000000    0.000000   clock clk (rise edge)
                                  0.000000    0.000000   clock source latency
     1    0.012962    0.064376    0.043827    0.043827 ^ clk (in)
                                                         clk (net)
                      0.064384    0.000000    0.043827 ^ clkbuf_0_clk/A (sky130_fd_sc_hd__clkbuf_16)
     2    0.020792    0.042512    0.132919    0.176747 ^ clkbuf_0_clk/X (sky130_fd_sc_hd__clkbuf_16)
                                                         clknet_0_clk (net)
                      0.042562    0.001086    0.177832 ^ clkbuf_1_1__f_clk/A (sky130_fd_sc_hd__clkbuf_16)
     4    0.012502    0.035493    0.117198    0.295030 ^ clkbuf_1_1__f_clk/X (sky130_fd_sc_hd__clkbuf_16)
                                                         clknet_1_1__leaf_clk (net)
                      0.035493    0.000604    0.295634 ^ _114_/CLK (sky130_fd_sc_hd__dfrtp_1)
     4    0.010677    0.105833    0.363450    0.659084 ^ _114_/Q (sky130_fd_sc_hd__dfrtp_1)
                                                         net19 (net)
                      0.105834    0.000571    0.659655 ^ _101_/B2 (sky130_fd_sc_hd__a22o_1)
     1    0.003034    0.045208    0.134211    0.793865 ^ _101_/X (sky130_fd_sc_hd__a22o_1)
                                                         _049_ (net)
                      0.045211    0.000143    0.794008 ^ _102_/B1 (sky130_fd_sc_hd__a31o_1)
     1    0.004227    0.052146    0.096893    0.890901 ^ _102_/X (sky130_fd_sc_hd__a31o_1)
                                                         _006_ (net)
                      0.052147    0.000261    0.891163 ^ _114_/D (sky130_fd_sc_hd__dfrtp_1)
                                              0.891163   data arrival time

                                  0.000000    0.000000   clock clk (rise edge)
                                  0.000000    0.000000   clock source latency
     1    0.012962    0.064376    0.043827    0.043827 ^ clk (in)
                                                         clk (net)
                      0.064384    0.000000    0.043827 ^ clkbuf_0_clk/A (sky130_fd_sc_hd__clkbuf_16)
     2    0.020792    0.042512    0.132919    0.176747 ^ clkbuf_0_clk/X (sky130_fd_sc_hd__clkbuf_16)
                                                         clknet_0_clk (net)
                      0.042562    0.001086    0.177832 ^ clkbuf_1_1__f_clk/A (sky130_fd_sc_hd__clkbuf_16)
     4    0.012502    0.035493    0.117198    0.295030 ^ clkbuf_1_1__f_clk/X (sky130_fd_sc_hd__clkbuf_16)
                                                         clknet_1_1__leaf_clk (net)
                      0.035493    0.000604    0.295634 ^ _114_/CLK (sky130_fd_sc_hd__dfrtp_1)
                                  0.250000    0.545634   clock uncertainty
                                  0.000000    0.545634   clock reconvergence pessimism
                                 -0.037563    0.508071   library hold time
                                              0.508071   data required time
---------------------------------------------------------------------------------------------
                                              0.508071   data required time
                                             -0.891163   data arrival time
---------------------------------------------------------------------------------------------
                                              0.383091   slack (MET)


Startpoint: _112_ (rising edge-triggered flip-flop clocked by clk)
Endpoint: _112_ (rising edge-triggered flip-flop clocked by clk)
Path Group: clk
Path Type: min

Fanout         Cap        Slew       Delay        Time   Description
---------------------------------------------------------------------------------------------
                                  0.000000    0.000000   clock clk (rise edge)
                                  0.000000    0.000000   clock source latency
     1    0.012962    0.064376    0.043827    0.043827 ^ clk (in)
                                                         clk (net)
                      0.064384    0.000000    0.043827 ^ clkbuf_0_clk/A (sky130_fd_sc_hd__clkbuf_16)
     2    0.020792    0.042512    0.132919    0.176747 ^ clkbuf_0_clk/X (sky130_fd_sc_hd__clkbuf_16)
                                                         clknet_0_clk (net)
                      0.042565    0.001122    0.177869 ^ clkbuf_1_0__f_clk/A (sky130_fd_sc_hd__clkbuf_16)
     5    0.017247    0.039504    0.121639    0.299508 ^ clkbuf_1_0__f_clk/X (sky130_fd_sc_hd__clkbuf_16)
                                                         clknet_1_0__leaf_clk (net)
                      0.039516    0.000921    0.300429 ^ _112_/CLK (sky130_fd_sc_hd__dfrtp_1)
     5    0.013987    0.133045    0.384777    0.685206 ^ _112_/Q (sky130_fd_sc_hd__dfrtp_1)
                                                         net17 (net)
                      0.133048    0.000843    0.686049 ^ _086_/B2 (sky130_fd_sc_hd__a22o_1)
     1    0.003688    0.050684    0.146385    0.832434 ^ _086_/X (sky130_fd_sc_hd__a22o_1)
                                                         _036_ (net)
                      0.050685    0.000269    0.832702 ^ _087_/B1 (sky130_fd_sc_hd__a31o_1)
     1    0.002852    0.040604    0.089092    0.921794 ^ _087_/X (sky130_fd_sc_hd__a31o_1)
                                                         _004_ (net)
                      0.040604    0.000186    0.921979 ^ _112_/D (sky130_fd_sc_hd__dfrtp_1)
                                              0.921979   data arrival time

                                  0.000000    0.000000   clock clk (rise edge)
                                  0.000000    0.000000   clock source latency
     1    0.012962    0.064376    0.043827    0.043827 ^ clk (in)
                                                         clk (net)
                      0.064384    0.000000    0.043827 ^ clkbuf_0_clk/A (sky130_fd_sc_hd__clkbuf_16)
     2    0.020792    0.042512    0.132919    0.176747 ^ clkbuf_0_clk/X (sky130_fd_sc_hd__clkbuf_16)
                                                         clknet_0_clk (net)
                      0.042565    0.001122    0.177869 ^ clkbuf_1_0__f_clk/A (sky130_fd_sc_hd__clkbuf_16)
     5    0.017247    0.039504    0.121639    0.299508 ^ clkbuf_1_0__f_clk/X (sky130_fd_sc_hd__clkbuf_16)
                                                         clknet_1_0__leaf_clk (net)
                      0.039516    0.000921    0.300429 ^ _112_/CLK (sky130_fd_sc_hd__dfrtp_1)
                                  0.250000    0.550429   clock uncertainty
                                  0.000000    0.550429   clock reconvergence pessimism
                                 -0.034592    0.515837   library hold time
                                              0.515837   data required time
---------------------------------------------------------------------------------------------
                                              0.515837   data required time
                                             -0.921979   data arrival time
---------------------------------------------------------------------------------------------
                                              0.406142   slack (MET)


Startpoint: _110_ (rising edge-triggered flip-flop clocked by clk)
Endpoint: _110_ (rising edge-triggered flip-flop clocked by clk)
Path Group: clk
Path Type: min

Fanout         Cap        Slew       Delay        Time   Description
---------------------------------------------------------------------------------------------
                                  0.000000    0.000000   clock clk (rise edge)
                                  0.000000    0.000000   clock source latency
     1    0.012962    0.064376    0.043827    0.043827 ^ clk (in)
                                                         clk (net)
                      0.064384    0.000000    0.043827 ^ clkbuf_0_clk/A (sky130_fd_sc_hd__clkbuf_16)
     2    0.020792    0.042512    0.132919    0.176747 ^ clkbuf_0_clk/X (sky130_fd_sc_hd__clkbuf_16)
                                                         clknet_0_clk (net)
                      0.042565    0.001122    0.177869 ^ clkbuf_1_0__f_clk/A (sky130_fd_sc_hd__clkbuf_16)
     5    0.017247    0.039504    0.121639    0.299508 ^ clkbuf_1_0__f_clk/X (sky130_fd_sc_hd__clkbuf_16)
                                                         clknet_1_0__leaf_clk (net)
                      0.039517    0.001025    0.300533 ^ _110_/CLK (sky130_fd_sc_hd__dfrtp_2)
     5    0.020966    0.115082    0.400996    0.701529 ^ _110_/Q (sky130_fd_sc_hd__dfrtp_2)
                                                         net15 (net)
                      0.115088    0.000957    0.702487 ^ _071_/B2 (sky130_fd_sc_hd__a22o_1)
     1    0.003591    0.049883    0.141239    0.843725 ^ _071_/X (sky130_fd_sc_hd__a22o_1)
                                                         _023_ (net)
                      0.049884    0.000243    0.843968 ^ _072_/B1 (sky130_fd_sc_hd__a31o_1)
     1    0.002670    0.039136    0.087436    0.931404 ^ _072_/X (sky130_fd_sc_hd__a31o_1)
                                                         _002_ (net)
                      0.039137    0.000177    0.931581 ^ _110_/D (sky130_fd_sc_hd__dfrtp_2)
                                              0.931581   data arrival time

                                  0.000000    0.000000   clock clk (rise edge)
                                  0.000000    0.000000   clock source latency
     1    0.012962    0.064376    0.043827    0.043827 ^ clk (in)
                                                         clk (net)
                      0.064384    0.000000    0.043827 ^ clkbuf_0_clk/A (sky130_fd_sc_hd__clkbuf_16)
     2    0.020792    0.042512    0.132919    0.176747 ^ clkbuf_0_clk/X (sky130_fd_sc_hd__clkbuf_16)
                                                         clknet_0_clk (net)
                      0.042565    0.001122    0.177869 ^ clkbuf_1_0__f_clk/A (sky130_fd_sc_hd__clkbuf_16)
     5    0.017247    0.039504    0.121639    0.299508 ^ clkbuf_1_0__f_clk/X (sky130_fd_sc_hd__clkbuf_16)
                                                         clknet_1_0__leaf_clk (net)
                      0.039517    0.001025    0.300533 ^ _110_/CLK (sky130_fd_sc_hd__dfrtp_2)
                                  0.250000    0.550533   clock uncertainty
                                  0.000000    0.550533   clock reconvergence pessimism
                                 -0.034211    0.516322   library hold time
                                              0.516322   data required time
---------------------------------------------------------------------------------------------
                                              0.516322   data required time
                                             -0.931581   data arrival time
---------------------------------------------------------------------------------------------
                                              0.415259   slack (MET)


Startpoint: _108_ (rising edge-triggered flip-flop clocked by clk)
Endpoint: _108_ (rising edge-triggered flip-flop clocked by clk)
Path Group: clk
Path Type: min

Fanout         Cap        Slew       Delay        Time   Description
---------------------------------------------------------------------------------------------
                                  0.000000    0.000000   clock clk (rise edge)
                                  0.000000    0.000000   clock source latency
     1    0.012962    0.064376    0.043827    0.043827 ^ clk (in)
                                                         clk (net)
                      0.064384    0.000000    0.043827 ^ clkbuf_0_clk/A (sky130_fd_sc_hd__clkbuf_16)
     2    0.020792    0.042512    0.132919    0.176747 ^ clkbuf_0_clk/X (sky130_fd_sc_hd__clkbuf_16)
                                                         clknet_0_clk (net)
                      0.042565    0.001122    0.177869 ^ clkbuf_1_0__f_clk/A (sky130_fd_sc_hd__clkbuf_16)
     5    0.017247    0.039504    0.121639    0.299508 ^ clkbuf_1_0__f_clk/X (sky130_fd_sc_hd__clkbuf_16)
                                                         clknet_1_0__leaf_clk (net)
                      0.039517    0.000993    0.300501 ^ _108_/CLK (sky130_fd_sc_hd__dfrtp_1)
     3    0.010096    0.071106    0.389839    0.690341 v _108_/Q (sky130_fd_sc_hd__dfrtp_1)
                                                         net13 (net)
                      0.071173    0.000705    0.691046 v _054_/A (sky130_fd_sc_hd__inv_2)
     4    0.013012    0.065891    0.084255    0.775301 ^ _054_/Y (sky130_fd_sc_hd__inv_2)
                                                         _008_ (net)
                      0.065894    0.000368    0.775669 ^ _059_/B2 (sky130_fd_sc_hd__a22o_1)
     1    0.003862    0.052194    0.128877    0.904545 ^ _059_/X (sky130_fd_sc_hd__a22o_1)
                                                         _013_ (net)
                      0.052195    0.000268    0.904814 ^ _060_/B1 (sky130_fd_sc_hd__a21oi_1)
     1    0.002639    0.026838    0.038526    0.943340 v _060_/Y (sky130_fd_sc_hd__a21oi_1)
                                                         _000_ (net)
                      0.026838    0.000178    0.943517 v _108_/D (sky130_fd_sc_hd__dfrtp_1)
                                              0.943517   data arrival time

                                  0.000000    0.000000   clock clk (rise edge)
                                  0.000000    0.000000   clock source latency
     1    0.012962    0.064376    0.043827    0.043827 ^ clk (in)
                                                         clk (net)
                      0.064384    0.000000    0.043827 ^ clkbuf_0_clk/A (sky130_fd_sc_hd__clkbuf_16)
     2    0.020792    0.042512    0.132919    0.176747 ^ clkbuf_0_clk/X (sky130_fd_sc_hd__clkbuf_16)
                                                         clknet_0_clk (net)
                      0.042565    0.001122    0.177869 ^ clkbuf_1_0__f_clk/A (sky130_fd_sc_hd__clkbuf_16)
     5    0.017247    0.039504    0.121639    0.299508 ^ clkbuf_1_0__f_clk/X (sky130_fd_sc_hd__clkbuf_16)
                                                         clknet_1_0__leaf_clk (net)
                      0.039517    0.000993    0.300501 ^ _108_/CLK (sky130_fd_sc_hd__dfrtp_1)
                                  0.250000    0.550501   clock uncertainty
                                  0.000000    0.550501   clock reconvergence pessimism
                                 -0.039632    0.510870   library hold time
                                              0.510870   data required time
---------------------------------------------------------------------------------------------
                                              0.510870   data required time
                                             -0.943517   data arrival time
---------------------------------------------------------------------------------------------
                                              0.432648   slack (MET)


Startpoint: _113_ (rising edge-triggered flip-flop clocked by clk)
Endpoint: _113_ (rising edge-triggered flip-flop clocked by clk)
Path Group: clk
Path Type: min

Fanout         Cap        Slew       Delay        Time   Description
---------------------------------------------------------------------------------------------
                                  0.000000    0.000000   clock clk (rise edge)
                                  0.000000    0.000000   clock source latency
     1    0.012962    0.064376    0.043827    0.043827 ^ clk (in)
                                                         clk (net)
                      0.064384    0.000000    0.043827 ^ clkbuf_0_clk/A (sky130_fd_sc_hd__clkbuf_16)
     2    0.020792    0.042512    0.132919    0.176747 ^ clkbuf_0_clk/X (sky130_fd_sc_hd__clkbuf_16)
                                                         clknet_0_clk (net)
                      0.042562    0.001086    0.177832 ^ clkbuf_1_1__f_clk/A (sky130_fd_sc_hd__clkbuf_16)
     4    0.012502    0.035493    0.117198    0.295030 ^ clkbuf_1_1__f_clk/X (sky130_fd_sc_hd__clkbuf_16)
                                                         clknet_1_1__leaf_clk (net)
                      0.035494    0.000742    0.295773 ^ _113_/CLK (sky130_fd_sc_hd__dfrtp_1)
     4    0.018367    0.169162    0.409657    0.705429 ^ _113_/Q (sky130_fd_sc_hd__dfrtp_1)
                                                         net18 (net)
                      0.169169    0.001261    0.706691 ^ _092_/B2 (sky130_fd_sc_hd__a22o_1)
     1    0.004093    0.054145    0.157248    0.863939 ^ _092_/X (sky130_fd_sc_hd__a22o_1)
                                                         _041_ (net)
                      0.054145    0.000270    0.864209 ^ _093_/B1 (sky130_fd_sc_hd__a31o_1)
     1    0.002370    0.036770    0.086633    0.950842 ^ _093_/X (sky130_fd_sc_hd__a31o_1)
                                                         _005_ (net)
                      0.036771    0.000167    0.951008 ^ _113_/D (sky130_fd_sc_hd__dfrtp_1)
                                              0.951008   data arrival time

                                  0.000000    0.000000   clock clk (rise edge)
                                  0.000000    0.000000   clock source latency
     1    0.012962    0.064376    0.043827    0.043827 ^ clk (in)
                                                         clk (net)
                      0.064384    0.000000    0.043827 ^ clkbuf_0_clk/A (sky130_fd_sc_hd__clkbuf_16)
     2    0.020792    0.042512    0.132919    0.176747 ^ clkbuf_0_clk/X (sky130_fd_sc_hd__clkbuf_16)
                                                         clknet_0_clk (net)
                      0.042562    0.001086    0.177832 ^ clkbuf_1_1__f_clk/A (sky130_fd_sc_hd__clkbuf_16)
     4    0.012502    0.035493    0.117198    0.295030 ^ clkbuf_1_1__f_clk/X (sky130_fd_sc_hd__clkbuf_16)
                                                         clknet_1_1__leaf_clk (net)
                      0.035494    0.000742    0.295773 ^ _113_/CLK (sky130_fd_sc_hd__dfrtp_1)
                                  0.250000    0.545773   clock uncertainty
                                  0.000000    0.545773   clock reconvergence pessimism
                                 -0.034336    0.511436   library hold time
                                              0.511436   data required time
---------------------------------------------------------------------------------------------
                                              0.511436   data required time
                                             -0.951008   data arrival time
---------------------------------------------------------------------------------------------
                                              0.439572   slack (MET)


Startpoint: resetn (input port clocked by clk)
Endpoint: _108_ (removal check against rising-edge clock clk)
Path Group: asynchronous
Path Type: min

Fanout         Cap        Slew       Delay        Time   Description
---------------------------------------------------------------------------------------------
                                  0.000000    0.000000   clock clk (rise edge)
                                  0.000000    0.000000   clock network delay (propagated)
                                  0.860000    0.860000 ^ input external delay
     1    0.003177    0.021359    0.011681    0.871681 ^ resetn (in)
                                                         resetn (net)
                      0.021367    0.000000    0.871681 ^ hold1/A (sky130_fd_sc_hd__dlygate4sd3_1)
     1    0.002426    0.049680    0.523544    1.395225 ^ hold1/X (sky130_fd_sc_hd__dlygate4sd3_1)
                                                         net22 (net)
                      0.049680    0.000163    1.395388 ^ input11/A (sky130_fd_sc_hd__buf_2)
     8    0.043021    0.211360    0.226324    1.621712 ^ input11/X (sky130_fd_sc_hd__buf_2)
                                                         net11 (net)
                      0.211381    0.001769    1.623481 ^ _108_/RESET_B (sky130_fd_sc_hd__dfrtp_1)
                                              1.623481   data arrival time

                                  0.000000    0.000000   clock clk (rise edge)
                                  0.000000    0.000000   clock source latency
     1    0.012962    0.064376    0.043827    0.043827 ^ clk (in)
                                                         clk (net)
                      0.064384    0.000000    0.043827 ^ clkbuf_0_clk/A (sky130_fd_sc_hd__clkbuf_16)
     2    0.020792    0.042512    0.132919    0.176747 ^ clkbuf_0_clk/X (sky130_fd_sc_hd__clkbuf_16)
                                                         clknet_0_clk (net)
                      0.042565    0.001122    0.177869 ^ clkbuf_1_0__f_clk/A (sky130_fd_sc_hd__clkbuf_16)
     5    0.017247    0.039504    0.121639    0.299508 ^ clkbuf_1_0__f_clk/X (sky130_fd_sc_hd__clkbuf_16)
                                                         clknet_1_0__leaf_clk (net)
                      0.039517    0.000993    0.300501 ^ _108_/CLK (sky130_fd_sc_hd__dfrtp_1)
                                  0.250000    0.550501   clock uncertainty
                                  0.000000    0.550501   clock reconvergence pessimism
                                  0.364533    0.915034   library removal time
                                              0.915034   data required time
---------------------------------------------------------------------------------------------
                                              0.915034   data required time
                                             -1.623481   data arrival time
---------------------------------------------------------------------------------------------
                                              0.708447   slack (MET)


Startpoint: resetn (input port clocked by clk)
Endpoint: _112_ (removal check against rising-edge clock clk)
Path Group: asynchronous
Path Type: min

Fanout         Cap        Slew       Delay        Time   Description
---------------------------------------------------------------------------------------------
                                  0.000000    0.000000   clock clk (rise edge)
                                  0.000000    0.000000   clock network delay (propagated)
                                  0.860000    0.860000 ^ input external delay
     1    0.003177    0.021359    0.011681    0.871681 ^ resetn (in)
                                                         resetn (net)
                      0.021367    0.000000    0.871681 ^ hold1/A (sky130_fd_sc_hd__dlygate4sd3_1)
     1    0.002426    0.049680    0.523544    1.395225 ^ hold1/X (sky130_fd_sc_hd__dlygate4sd3_1)
                                                         net22 (net)
                      0.049680    0.000163    1.395388 ^ input11/A (sky130_fd_sc_hd__buf_2)
     8    0.043021    0.211360    0.226324    1.621712 ^ input11/X (sky130_fd_sc_hd__buf_2)
                                                         net11 (net)
                      0.211388    0.002065    1.623777 ^ _112_/RESET_B (sky130_fd_sc_hd__dfrtp_1)
                                              1.623777   data arrival time

                                  0.000000    0.000000   clock clk (rise edge)
                                  0.000000    0.000000   clock source latency
     1    0.012962    0.064376    0.043827    0.043827 ^ clk (in)
                                                         clk (net)
                      0.064384    0.000000    0.043827 ^ clkbuf_0_clk/A (sky130_fd_sc_hd__clkbuf_16)
     2    0.020792    0.042512    0.132919    0.176747 ^ clkbuf_0_clk/X (sky130_fd_sc_hd__clkbuf_16)
                                                         clknet_0_clk (net)
                      0.042565    0.001122    0.177869 ^ clkbuf_1_0__f_clk/A (sky130_fd_sc_hd__clkbuf_16)
     5    0.017247    0.039504    0.121639    0.299508 ^ clkbuf_1_0__f_clk/X (sky130_fd_sc_hd__clkbuf_16)
                                                         clknet_1_0__leaf_clk (net)
                      0.039516    0.000921    0.300429 ^ _112_/CLK (sky130_fd_sc_hd__dfrtp_1)
                                  0.250000    0.550429   clock uncertainty
                                  0.000000    0.550429   clock reconvergence pessimism
                                  0.364535    0.914964   library removal time
                                              0.914964   data required time
---------------------------------------------------------------------------------------------
                                              0.914964   data required time
                                             -1.623777   data arrival time
---------------------------------------------------------------------------------------------
                                              0.708813   slack (MET)


Startpoint: resetn (input port clocked by clk)
Endpoint: _109_ (removal check against rising-edge clock clk)
Path Group: asynchronous
Path Type: min

Fanout         Cap        Slew       Delay        Time   Description
---------------------------------------------------------------------------------------------
                                  0.000000    0.000000   clock clk (rise edge)
                                  0.000000    0.000000   clock network delay (propagated)
                                  0.860000    0.860000 ^ input external delay
     1    0.003177    0.021359    0.011681    0.871681 ^ resetn (in)
                                                         resetn (net)
                      0.021367    0.000000    0.871681 ^ hold1/A (sky130_fd_sc_hd__dlygate4sd3_1)
     1    0.002426    0.049680    0.523544    1.395225 ^ hold1/X (sky130_fd_sc_hd__dlygate4sd3_1)
                                                         net22 (net)
                      0.049680    0.000163    1.395388 ^ input11/A (sky130_fd_sc_hd__buf_2)
     8    0.043021    0.211360    0.226324    1.621712 ^ input11/X (sky130_fd_sc_hd__buf_2)
                                                         net11 (net)
                      0.211535    0.005022    1.626734 ^ _109_/RESET_B (sky130_fd_sc_hd__dfrtp_1)
                                              1.626734   data arrival time

                                  0.000000    0.000000   clock clk (rise edge)
                                  0.000000    0.000000   clock source latency
     1    0.012962    0.064376    0.043827    0.043827 ^ clk (in)
                                                         clk (net)
                      0.064384    0.000000    0.043827 ^ clkbuf_0_clk/A (sky130_fd_sc_hd__clkbuf_16)
     2    0.020792    0.042512    0.132919    0.176747 ^ clkbuf_0_clk/X (sky130_fd_sc_hd__clkbuf_16)
                                                         clknet_0_clk (net)
                      0.042565    0.001122    0.177869 ^ clkbuf_1_0__f_clk/A (sky130_fd_sc_hd__clkbuf_16)
     5    0.017247    0.039504    0.121639    0.299508 ^ clkbuf_1_0__f_clk/X (sky130_fd_sc_hd__clkbuf_16)
                                                         clknet_1_0__leaf_clk (net)
                      0.039517    0.000975    0.300483 ^ _109_/CLK (sky130_fd_sc_hd__dfrtp_1)
                                  0.250000    0.550483   clock uncertainty
                                  0.000000    0.550483   clock reconvergence pessimism
                                  0.364575    0.915058   library removal time
                                              0.915058   data required time
---------------------------------------------------------------------------------------------
                                              0.915058   data required time
                                             -1.626734   data arrival time
---------------------------------------------------------------------------------------------
                                              0.711676   slack (MET)


Startpoint: resetn (input port clocked by clk)
Endpoint: _110_ (removal check against rising-edge clock clk)
Path Group: asynchronous
Path Type: min

Fanout         Cap        Slew       Delay        Time   Description
---------------------------------------------------------------------------------------------
                                  0.000000    0.000000   clock clk (rise edge)
                                  0.000000    0.000000   clock network delay (propagated)
                                  0.860000    0.860000 ^ input external delay
     1    0.003177    0.021359    0.011681    0.871681 ^ resetn (in)
                                                         resetn (net)
                      0.021367    0.000000    0.871681 ^ hold1/A (sky130_fd_sc_hd__dlygate4sd3_1)
     1    0.002426    0.049680    0.523544    1.395225 ^ hold1/X (sky130_fd_sc_hd__dlygate4sd3_1)
                                                         net22 (net)
                      0.049680    0.000163    1.395388 ^ input11/A (sky130_fd_sc_hd__buf_2)
     8    0.043021    0.211360    0.226324    1.621712 ^ input11/X (sky130_fd_sc_hd__buf_2)
                                                         net11 (net)
                      0.211533    0.004993    1.626705 ^ _110_/RESET_B (sky130_fd_sc_hd__dfrtp_2)
                                              1.626705   data arrival time

                                  0.000000    0.000000   clock clk (rise edge)
                                  0.000000    0.000000   clock source latency
     1    0.012962    0.064376    0.043827    0.043827 ^ clk (in)
                                                         clk (net)
                      0.064384    0.000000    0.043827 ^ clkbuf_0_clk/A (sky130_fd_sc_hd__clkbuf_16)
     2    0.020792    0.042512    0.132919    0.176747 ^ clkbuf_0_clk/X (sky130_fd_sc_hd__clkbuf_16)
                                                         clknet_0_clk (net)
                      0.042565    0.001122    0.177869 ^ clkbuf_1_0__f_clk/A (sky130_fd_sc_hd__clkbuf_16)
     5    0.017247    0.039504    0.121639    0.299508 ^ clkbuf_1_0__f_clk/X (sky130_fd_sc_hd__clkbuf_16)
                                                         clknet_1_0__leaf_clk (net)
                      0.039517    0.001025    0.300533 ^ _110_/CLK (sky130_fd_sc_hd__dfrtp_2)
                                  0.250000    0.550533   clock uncertainty
                                  0.000000    0.550533   clock reconvergence pessimism
                                  0.364147    0.914679   library removal time
                                              0.914679   data required time
---------------------------------------------------------------------------------------------
                                              0.914679   data required time
                                             -1.626705   data arrival time
---------------------------------------------------------------------------------------------
                                              0.712025   slack (MET)


Startpoint: resetn (input port clocked by clk)
Endpoint: _113_ (removal check against rising-edge clock clk)
Path Group: asynchronous
Path Type: min

Fanout         Cap        Slew       Delay        Time   Description
---------------------------------------------------------------------------------------------
                                  0.000000    0.000000   clock clk (rise edge)
                                  0.000000    0.000000   clock network delay (propagated)
                                  0.860000    0.860000 ^ input external delay
     1    0.003177    0.021359    0.011681    0.871681 ^ resetn (in)
                                                         resetn (net)
                      0.021367    0.000000    0.871681 ^ hold1/A (sky130_fd_sc_hd__dlygate4sd3_1)
     1    0.002426    0.049680    0.523544    1.395225 ^ hold1/X (sky130_fd_sc_hd__dlygate4sd3_1)
                                                         net22 (net)
                      0.049680    0.000163    1.395388 ^ input11/A (sky130_fd_sc_hd__buf_2)
     8    0.043021    0.211360    0.226324    1.621712 ^ input11/X (sky130_fd_sc_hd__buf_2)
                                                         net11 (net)
                      0.211415    0.002849    1.624561 ^ _113_/RESET_B (sky130_fd_sc_hd__dfrtp_1)
                                              1.624561   data arrival time

                                  0.000000    0.000000   clock clk (rise edge)
                                  0.000000    0.000000   clock source latency
     1    0.012962    0.064376    0.043827    0.043827 ^ clk (in)
                                                         clk (net)
                      0.064384    0.000000    0.043827 ^ clkbuf_0_clk/A (sky130_fd_sc_hd__clkbuf_16)
     2    0.020792    0.042512    0.132919    0.176747 ^ clkbuf_0_clk/X (sky130_fd_sc_hd__clkbuf_16)
                                                         clknet_0_clk (net)
                      0.042562    0.001086    0.177832 ^ clkbuf_1_1__f_clk/A (sky130_fd_sc_hd__clkbuf_16)
     4    0.012502    0.035493    0.117198    0.295030 ^ clkbuf_1_1__f_clk/X (sky130_fd_sc_hd__clkbuf_16)
                                                         clknet_1_1__leaf_clk (net)
                      0.035494    0.000742    0.295773 ^ _113_/CLK (sky130_fd_sc_hd__dfrtp_1)
                                  0.250000    0.545773   clock uncertainty
                                  0.000000    0.545773   clock reconvergence pessimism
                                  0.363449    0.909222   library removal time
                                              0.909222   data required time
---------------------------------------------------------------------------------------------
                                              0.909222   data required time
                                             -1.624561   data arrival time
---------------------------------------------------------------------------------------------
                                              0.715339   slack (MET)


Startpoint: resetn (input port clocked by clk)
Endpoint: _114_ (removal check against rising-edge clock clk)
Path Group: asynchronous
Path Type: min

Fanout         Cap        Slew       Delay        Time   Description
---------------------------------------------------------------------------------------------
                                  0.000000    0.000000   clock clk (rise edge)
                                  0.000000    0.000000   clock network delay (propagated)
                                  0.860000    0.860000 ^ input external delay
     1    0.003177    0.021359    0.011681    0.871681 ^ resetn (in)
                                                         resetn (net)
                      0.021367    0.000000    0.871681 ^ hold1/A (sky130_fd_sc_hd__dlygate4sd3_1)
     1    0.002426    0.049680    0.523544    1.395225 ^ hold1/X (sky130_fd_sc_hd__dlygate4sd3_1)
                                                         net22 (net)
                      0.049680    0.000163    1.395388 ^ input11/A (sky130_fd_sc_hd__buf_2)
     8    0.043021    0.211360    0.226324    1.621712 ^ input11/X (sky130_fd_sc_hd__buf_2)
                                                         net11 (net)
                      0.211475    0.004091    1.625803 ^ _114_/RESET_B (sky130_fd_sc_hd__dfrtp_1)
                                              1.625803   data arrival time

                                  0.000000    0.000000   clock clk (rise edge)
                                  0.000000    0.000000   clock source latency
     1    0.012962    0.064376    0.043827    0.043827 ^ clk (in)
                                                         clk (net)
                      0.064384    0.000000    0.043827 ^ clkbuf_0_clk/A (sky130_fd_sc_hd__clkbuf_16)
     2    0.020792    0.042512    0.132919    0.176747 ^ clkbuf_0_clk/X (sky130_fd_sc_hd__clkbuf_16)
                                                         clknet_0_clk (net)
                      0.042562    0.001086    0.177832 ^ clkbuf_1_1__f_clk/A (sky130_fd_sc_hd__clkbuf_16)
     4    0.012502    0.035493    0.117198    0.295030 ^ clkbuf_1_1__f_clk/X (sky130_fd_sc_hd__clkbuf_16)
                                                         clknet_1_1__leaf_clk (net)
                      0.035493    0.000604    0.295634 ^ _114_/CLK (sky130_fd_sc_hd__dfrtp_1)
                                  0.250000    0.545634   clock uncertainty
                                  0.000000    0.545634   clock reconvergence pessimism
                                  0.363466    0.909100   library removal time
                                              0.909100   data required time
---------------------------------------------------------------------------------------------
                                              0.909100   data required time
                                             -1.625803   data arrival time
---------------------------------------------------------------------------------------------
                                              0.716703   slack (MET)


Startpoint: resetn (input port clocked by clk)
Endpoint: _115_ (removal check against rising-edge clock clk)
Path Group: asynchronous
Path Type: min

Fanout         Cap        Slew       Delay        Time   Description
---------------------------------------------------------------------------------------------
                                  0.000000    0.000000   clock clk (rise edge)
                                  0.000000    0.000000   clock network delay (propagated)
                                  0.860000    0.860000 ^ input external delay
     1    0.003177    0.021359    0.011681    0.871681 ^ resetn (in)
                                                         resetn (net)
                      0.021367    0.000000    0.871681 ^ hold1/A (sky130_fd_sc_hd__dlygate4sd3_1)
     1    0.002426    0.049680    0.523544    1.395225 ^ hold1/X (sky130_fd_sc_hd__dlygate4sd3_1)
                                                         net22 (net)
                      0.049680    0.000163    1.395388 ^ input11/A (sky130_fd_sc_hd__buf_2)
     8    0.043021    0.211360    0.226324    1.621712 ^ input11/X (sky130_fd_sc_hd__buf_2)
                                                         net11 (net)
                      0.211517    0.004762    1.626474 ^ _115_/RESET_B (sky130_fd_sc_hd__dfrtp_1)
                                              1.626474   data arrival time

                                  0.000000    0.000000   clock clk (rise edge)
                                  0.000000    0.000000   clock source latency
     1    0.012962    0.064376    0.043827    0.043827 ^ clk (in)
                                                         clk (net)
                      0.064384    0.000000    0.043827 ^ clkbuf_0_clk/A (sky130_fd_sc_hd__clkbuf_16)
     2    0.020792    0.042512    0.132919    0.176747 ^ clkbuf_0_clk/X (sky130_fd_sc_hd__clkbuf_16)
                                                         clknet_0_clk (net)
                      0.042562    0.001086    0.177832 ^ clkbuf_1_1__f_clk/A (sky130_fd_sc_hd__clkbuf_16)
     4    0.012502    0.035493    0.117198    0.295030 ^ clkbuf_1_1__f_clk/X (sky130_fd_sc_hd__clkbuf_16)
                                                         clknet_1_1__leaf_clk (net)
                      0.035496    0.000947    0.295977 ^ _115_/CLK (sky130_fd_sc_hd__dfrtp_1)
                                  0.250000    0.545977   clock uncertainty
                                  0.000000    0.545977   clock reconvergence pessimism
                                  0.363478    0.909455   library removal time
                                              0.909455   data required time
---------------------------------------------------------------------------------------------
                                              0.909455   data required time
                                             -1.626474   data arrival time
---------------------------------------------------------------------------------------------
                                              0.717020   slack (MET)


Startpoint: resetn (input port clocked by clk)
Endpoint: _111_ (removal check against rising-edge clock clk)
Path Group: asynchronous
Path Type: min

Fanout         Cap        Slew       Delay        Time   Description
---------------------------------------------------------------------------------------------
                                  0.000000    0.000000   clock clk (rise edge)
                                  0.000000    0.000000   clock network delay (propagated)
                                  0.860000    0.860000 ^ input external delay
     1    0.003177    0.021359    0.011681    0.871681 ^ resetn (in)
                                                         resetn (net)
                      0.021367    0.000000    0.871681 ^ hold1/A (sky130_fd_sc_hd__dlygate4sd3_1)
     1    0.002426    0.049680    0.523544    1.395225 ^ hold1/X (sky130_fd_sc_hd__dlygate4sd3_1)
                                                         net22 (net)
                      0.049680    0.000163    1.395388 ^ input11/A (sky130_fd_sc_hd__buf_2)
     8    0.043021    0.211360    0.226324    1.621712 ^ input11/X (sky130_fd_sc_hd__buf_2)
                                                         net11 (net)
                      0.211515    0.004729    1.626441 ^ _111_/RESET_B (sky130_fd_sc_hd__dfrtp_1)
                                              1.626441   data arrival time

                                  0.000000    0.000000   clock clk (rise edge)
                                  0.000000    0.000000   clock source latency
     1    0.012962    0.064376    0.043827    0.043827 ^ clk (in)
                                                         clk (net)
                      0.064384    0.000000    0.043827 ^ clkbuf_0_clk/A (sky130_fd_sc_hd__clkbuf_16)
     2    0.020792    0.042512    0.132919    0.176747 ^ clkbuf_0_clk/X (sky130_fd_sc_hd__clkbuf_16)
                                                         clknet_0_clk (net)
                      0.042562    0.001086    0.177832 ^ clkbuf_1_1__f_clk/A (sky130_fd_sc_hd__clkbuf_16)
     4    0.012502    0.035493    0.117198    0.295030 ^ clkbuf_1_1__f_clk/X (sky130_fd_sc_hd__clkbuf_16)
                                                         clknet_1_1__leaf_clk (net)
                      0.035495    0.000837    0.295867 ^ _111_/CLK (sky130_fd_sc_hd__dfrtp_1)
                                  0.250000    0.545867   clock uncertainty
                                  0.000000    0.545867   clock reconvergence pessimism
                                  0.363477    0.909344   library removal time
                                              0.909344   data required time
---------------------------------------------------------------------------------------------
                                              0.909344   data required time
                                             -1.626441   data arrival time
---------------------------------------------------------------------------------------------
                                              0.717097   slack (MET)


Startpoint: _114_ (rising edge-triggered flip-flop clocked by clk)
Endpoint: count[6] (output port clocked by clk)
Path Group: clk
Path Type: min

Fanout         Cap        Slew       Delay        Time   Description
---------------------------------------------------------------------------------------------
                                  0.000000    0.000000   clock clk (rise edge)
                                  0.000000    0.000000   clock source latency
     1    0.012962    0.064376    0.043827    0.043827 ^ clk (in)
                                                         clk (net)
                      0.064384    0.000000    0.043827 ^ clkbuf_0_clk/A (sky130_fd_sc_hd__clkbuf_16)
     2    0.020792    0.042512    0.132919    0.176747 ^ clkbuf_0_clk/X (sky130_fd_sc_hd__clkbuf_16)
                                                         clknet_0_clk (net)
                      0.042562    0.001086    0.177832 ^ clkbuf_1_1__f_clk/A (sky130_fd_sc_hd__clkbuf_16)
     4    0.012502    0.035493    0.117198    0.295030 ^ clkbuf_1_1__f_clk/X (sky130_fd_sc_hd__clkbuf_16)
                                                         clknet_1_1__leaf_clk (net)
                      0.035493    0.000604    0.295634 ^ _114_/CLK (sky130_fd_sc_hd__dfrtp_1)
     4    0.010677    0.105833    0.363450    0.659084 ^ _114_/Q (sky130_fd_sc_hd__dfrtp_1)
                                                         net19 (net)
                      0.105834    0.000569    0.659653 ^ output19/A (sky130_fd_sc_hd__clkbuf_4)
     1    0.034538    0.113088    0.207351    0.867004 ^ output19/X (sky130_fd_sc_hd__clkbuf_4)
                                                         count[6] (net)
                      0.113114    0.001680    0.868684 ^ count[6] (out)
                                              0.868684   data arrival time

                                  0.000000    0.000000   clock clk (rise edge)
                                  0.000000    0.000000   clock network delay (propagated)
                                  0.250000    0.250000   clock uncertainty
                                  0.000000    0.250000   clock reconvergence pessimism
                                 -0.860000   -0.610000   output external delay
                                             -0.610000   data required time
---------------------------------------------------------------------------------------------
                                             -0.610000   data required time
                                             -0.868684   data arrival time
---------------------------------------------------------------------------------------------
                                              1.478684   slack (MET)


Startpoint: _115_ (rising edge-triggered flip-flop clocked by clk)
Endpoint: count[7] (output port clocked by clk)
Path Group: clk
Path Type: min

Fanout         Cap        Slew       Delay        Time   Description
---------------------------------------------------------------------------------------------
                                  0.000000    0.000000   clock clk (rise edge)
                                  0.000000    0.000000   clock source latency
     1    0.012962    0.064376    0.043827    0.043827 ^ clk (in)
                                                         clk (net)
                      0.064384    0.000000    0.043827 ^ clkbuf_0_clk/A (sky130_fd_sc_hd__clkbuf_16)
     2    0.020792    0.042512    0.132919    0.176747 ^ clkbuf_0_clk/X (sky130_fd_sc_hd__clkbuf_16)
                                                         clknet_0_clk (net)
                      0.042562    0.001086    0.177832 ^ clkbuf_1_1__f_clk/A (sky130_fd_sc_hd__clkbuf_16)
     4    0.012502    0.035493    0.117198    0.295030 ^ clkbuf_1_1__f_clk/X (sky130_fd_sc_hd__clkbuf_16)
                                                         clknet_1_1__leaf_clk (net)
                      0.035496    0.000947    0.295977 ^ _115_/CLK (sky130_fd_sc_hd__dfrtp_1)
     3    0.009667    0.069369    0.386686    0.682663 v _115_/Q (sky130_fd_sc_hd__dfrtp_1)
                                                         net20 (net)
                      0.069369    0.000280    0.682943 v output20/A (sky130_fd_sc_hd__buf_2)
     1    0.034070    0.089438    0.189870    0.872812 v output20/X (sky130_fd_sc_hd__buf_2)
                                                         count[7] (net)
                      0.089472    0.001603    0.874415 v count[7] (out)
                                              0.874415   data arrival time

                                  0.000000    0.000000   clock clk (rise edge)
                                  0.000000    0.000000   clock network delay (propagated)
                                  0.250000    0.250000   clock uncertainty
                                  0.000000    0.250000   clock reconvergence pessimism
                                 -0.860000   -0.610000   output external delay
                                             -0.610000   data required time
---------------------------------------------------------------------------------------------
                                             -0.610000   data required time
                                             -0.874415   data arrival time
---------------------------------------------------------------------------------------------
                                              1.484415   slack (MET)


Startpoint: _108_ (rising edge-triggered flip-flop clocked by clk)
Endpoint: count[0] (output port clocked by clk)
Path Group: clk
Path Type: min

Fanout         Cap        Slew       Delay        Time   Description
---------------------------------------------------------------------------------------------
                                  0.000000    0.000000   clock clk (rise edge)
                                  0.000000    0.000000   clock source latency
     1    0.012962    0.064376    0.043827    0.043827 ^ clk (in)
                                                         clk (net)
                      0.064384    0.000000    0.043827 ^ clkbuf_0_clk/A (sky130_fd_sc_hd__clkbuf_16)
     2    0.020792    0.042512    0.132919    0.176747 ^ clkbuf_0_clk/X (sky130_fd_sc_hd__clkbuf_16)
                                                         clknet_0_clk (net)
                      0.042565    0.001122    0.177869 ^ clkbuf_1_0__f_clk/A (sky130_fd_sc_hd__clkbuf_16)
     5    0.017247    0.039504    0.121639    0.299508 ^ clkbuf_1_0__f_clk/X (sky130_fd_sc_hd__clkbuf_16)
                                                         clknet_1_0__leaf_clk (net)
                      0.039517    0.000993    0.300501 ^ _108_/CLK (sky130_fd_sc_hd__dfrtp_1)
     3    0.010096    0.071106    0.389839    0.690341 v _108_/Q (sky130_fd_sc_hd__dfrtp_1)
                                                         net13 (net)
                      0.071171    0.000600    0.690941 v output13/A (sky130_fd_sc_hd__buf_2)
     1    0.034592    0.090577    0.191631    0.882573 v output13/X (sky130_fd_sc_hd__buf_2)
                                                         count[0] (net)
                      0.090612    0.001649    0.884221 v count[0] (out)
                                              0.884221   data arrival time

                                  0.000000    0.000000   clock clk (rise edge)
                                  0.000000    0.000000   clock network delay (propagated)
                                  0.250000    0.250000   clock uncertainty
                                  0.000000    0.250000   clock reconvergence pessimism
                                 -0.860000   -0.610000   output external delay
                                             -0.610000   data required time
---------------------------------------------------------------------------------------------
                                             -0.610000   data required time
                                             -0.884221   data arrival time
---------------------------------------------------------------------------------------------
                                              1.494221   slack (MET)


Startpoint: _112_ (rising edge-triggered flip-flop clocked by clk)
Endpoint: count[4] (output port clocked by clk)
Path Group: clk
Path Type: min

Fanout         Cap        Slew       Delay        Time   Description
---------------------------------------------------------------------------------------------
                                  0.000000    0.000000   clock clk (rise edge)
                                  0.000000    0.000000   clock source latency
     1    0.012962    0.064376    0.043827    0.043827 ^ clk (in)
                                                         clk (net)
                      0.064384    0.000000    0.043827 ^ clkbuf_0_clk/A (sky130_fd_sc_hd__clkbuf_16)
     2    0.020792    0.042512    0.132919    0.176747 ^ clkbuf_0_clk/X (sky130_fd_sc_hd__clkbuf_16)
                                                         clknet_0_clk (net)
                      0.042565    0.001122    0.177869 ^ clkbuf_1_0__f_clk/A (sky130_fd_sc_hd__clkbuf_16)
     5    0.017247    0.039504    0.121639    0.299508 ^ clkbuf_1_0__f_clk/X (sky130_fd_sc_hd__clkbuf_16)
                                                         clknet_1_0__leaf_clk (net)
                      0.039516    0.000921    0.300429 ^ _112_/CLK (sky130_fd_sc_hd__dfrtp_1)
     5    0.013024    0.083884    0.401499    0.701928 v _112_/Q (sky130_fd_sc_hd__dfrtp_1)
                                                         net17 (net)
                      0.083889    0.000762    0.702689 v output17/A (sky130_fd_sc_hd__buf_2)
     1    0.034114    0.089563    0.196529    0.899219 v output17/X (sky130_fd_sc_hd__buf_2)
                                                         count[4] (net)
                      0.089598    0.001637    0.900856 v count[4] (out)
                                              0.900856   data arrival time

                                  0.000000    0.000000   clock clk (rise edge)
                                  0.000000    0.000000   clock network delay (propagated)
                                  0.250000    0.250000   clock uncertainty
                                  0.000000    0.250000   clock reconvergence pessimism
                                 -0.860000   -0.610000   output external delay
                                             -0.610000   data required time
---------------------------------------------------------------------------------------------
                                             -0.610000   data required time
                                             -0.900856   data arrival time
---------------------------------------------------------------------------------------------
                                              1.510856   slack (MET)


Startpoint: _111_ (rising edge-triggered flip-flop clocked by clk)
Endpoint: count[3] (output port clocked by clk)
Path Group: clk
Path Type: min

Fanout         Cap        Slew       Delay        Time   Description
---------------------------------------------------------------------------------------------
                                  0.000000    0.000000   clock clk (rise edge)
                                  0.000000    0.000000   clock source latency
     1    0.012962    0.064376    0.043827    0.043827 ^ clk (in)
                                                         clk (net)
                      0.064384    0.000000    0.043827 ^ clkbuf_0_clk/A (sky130_fd_sc_hd__clkbuf_16)
     2    0.020792    0.042512    0.132919    0.176747 ^ clkbuf_0_clk/X (sky130_fd_sc_hd__clkbuf_16)
                                                         clknet_0_clk (net)
                      0.042562    0.001086    0.177832 ^ clkbuf_1_1__f_clk/A (sky130_fd_sc_hd__clkbuf_16)
     4    0.012502    0.035493    0.117198    0.295030 ^ clkbuf_1_1__f_clk/X (sky130_fd_sc_hd__clkbuf_16)
                                                         clknet_1_1__leaf_clk (net)
                      0.035495    0.000837    0.295867 ^ _111_/CLK (sky130_fd_sc_hd__dfrtp_1)
     4    0.014819    0.091869    0.407290    0.703157 v _111_/Q (sky130_fd_sc_hd__dfrtp_1)
                                                         net16 (net)
                      0.091872    0.000644    0.703802 v output16/A (sky130_fd_sc_hd__buf_2)
     1    0.033982    0.089269    0.199951    0.903752 v output16/X (sky130_fd_sc_hd__buf_2)
                                                         count[3] (net)
                      0.089302    0.001589    0.905341 v count[3] (out)
                                              0.905341   data arrival time

                                  0.000000    0.000000   clock clk (rise edge)
                                  0.000000    0.000000   clock network delay (propagated)
                                  0.250000    0.250000   clock uncertainty
                                  0.000000    0.250000   clock reconvergence pessimism
                                 -0.860000   -0.610000   output external delay
                                             -0.610000   data required time
---------------------------------------------------------------------------------------------
                                             -0.610000   data required time
                                             -0.905341   data arrival time
---------------------------------------------------------------------------------------------
                                              1.515341   slack (MET)


Startpoint: _109_ (rising edge-triggered flip-flop clocked by clk)
Endpoint: count[1] (output port clocked by clk)
Path Group: clk
Path Type: min

Fanout         Cap        Slew       Delay        Time   Description
---------------------------------------------------------------------------------------------
                                  0.000000    0.000000   clock clk (rise edge)
                                  0.000000    0.000000   clock source latency
     1    0.012962    0.064376    0.043827    0.043827 ^ clk (in)
                                                         clk (net)
                      0.064384    0.000000    0.043827 ^ clkbuf_0_clk/A (sky130_fd_sc_hd__clkbuf_16)
     2    0.020792    0.042512    0.132919    0.176747 ^ clkbuf_0_clk/X (sky130_fd_sc_hd__clkbuf_16)
                                                         clknet_0_clk (net)
                      0.042565    0.001122    0.177869 ^ clkbuf_1_0__f_clk/A (sky130_fd_sc_hd__clkbuf_16)
     5    0.017247    0.039504    0.121639    0.299508 ^ clkbuf_1_0__f_clk/X (sky130_fd_sc_hd__clkbuf_16)
                                                         clknet_1_0__leaf_clk (net)
                      0.039517    0.000975    0.300483 ^ _109_/CLK (sky130_fd_sc_hd__dfrtp_1)
     4    0.014056    0.088354    0.405803    0.706286 v _109_/Q (sky130_fd_sc_hd__dfrtp_1)
                                                         net14 (net)
                      0.088355    0.000504    0.706791 v output14/A (sky130_fd_sc_hd__buf_2)
     1    0.034435    0.090240    0.199197    0.905987 v output14/X (sky130_fd_sc_hd__buf_2)
                                                         count[1] (net)
                      0.090273    0.001596    0.907584 v count[1] (out)
                                              0.907584   data arrival time

                                  0.000000    0.000000   clock clk (rise edge)
                                  0.000000    0.000000   clock network delay (propagated)
                                  0.250000    0.250000   clock uncertainty
                                  0.000000    0.250000   clock reconvergence pessimism
                                 -0.860000   -0.610000   output external delay
                                             -0.610000   data required time
---------------------------------------------------------------------------------------------
                                             -0.610000   data required time
                                             -0.907584   data arrival time
---------------------------------------------------------------------------------------------
                                              1.517584   slack (MET)


Startpoint: _113_ (rising edge-triggered flip-flop clocked by clk)
Endpoint: count[5] (output port clocked by clk)
Path Group: clk
Path Type: min

Fanout         Cap        Slew       Delay        Time   Description
---------------------------------------------------------------------------------------------
                                  0.000000    0.000000   clock clk (rise edge)
                                  0.000000    0.000000   clock source latency
     1    0.012962    0.064376    0.043827    0.043827 ^ clk (in)
                                                         clk (net)
                      0.064384    0.000000    0.043827 ^ clkbuf_0_clk/A (sky130_fd_sc_hd__clkbuf_16)
     2    0.020792    0.042512    0.132919    0.176747 ^ clkbuf_0_clk/X (sky130_fd_sc_hd__clkbuf_16)
                                                         clknet_0_clk (net)
                      0.042562    0.001086    0.177832 ^ clkbuf_1_1__f_clk/A (sky130_fd_sc_hd__clkbuf_16)
     4    0.012502    0.035493    0.117198    0.295030 ^ clkbuf_1_1__f_clk/X (sky130_fd_sc_hd__clkbuf_16)
                                                         clknet_1_1__leaf_clk (net)
                      0.035494    0.000742    0.295773 ^ _113_/CLK (sky130_fd_sc_hd__dfrtp_1)
     4    0.017379    0.103420    0.417409    0.713182 v _113_/Q (sky130_fd_sc_hd__dfrtp_1)
                                                         net18 (net)
                      0.103436    0.001264    0.714446 v output18/A (sky130_fd_sc_hd__buf_2)
     1    0.034001    0.089330    0.205230    0.919676 v output18/X (sky130_fd_sc_hd__buf_2)
                                                         count[5] (net)
                      0.089364    0.001609    0.921285 v count[5] (out)
                                              0.921285   data arrival time

                                  0.000000    0.000000   clock clk (rise edge)
                                  0.000000    0.000000   clock network delay (propagated)
                                  0.250000    0.250000   clock uncertainty
                                  0.000000    0.250000   clock reconvergence pessimism
                                 -0.860000   -0.610000   output external delay
                                             -0.610000   data required time
---------------------------------------------------------------------------------------------
                                             -0.610000   data required time
                                             -0.921285   data arrival time
---------------------------------------------------------------------------------------------
                                              1.531285   slack (MET)


Startpoint: _110_ (rising edge-triggered flip-flop clocked by clk)
Endpoint: count[2] (output port clocked by clk)
Path Group: clk
Path Type: min

Fanout         Cap        Slew       Delay        Time   Description
---------------------------------------------------------------------------------------------
                                  0.000000    0.000000   clock clk (rise edge)
                                  0.000000    0.000000   clock source latency
     1    0.012962    0.064376    0.043827    0.043827 ^ clk (in)
                                                         clk (net)
                      0.064384    0.000000    0.043827 ^ clkbuf_0_clk/A (sky130_fd_sc_hd__clkbuf_16)
     2    0.020792    0.042512    0.132919    0.176747 ^ clkbuf_0_clk/X (sky130_fd_sc_hd__clkbuf_16)
                                                         clknet_0_clk (net)
                      0.042565    0.001122    0.177869 ^ clkbuf_1_0__f_clk/A (sky130_fd_sc_hd__clkbuf_16)
     5    0.017247    0.039504    0.121639    0.299508 ^ clkbuf_1_0__f_clk/X (sky130_fd_sc_hd__clkbuf_16)
                                                         clknet_1_0__leaf_clk (net)
                      0.039517    0.001025    0.300533 ^ _110_/CLK (sky130_fd_sc_hd__dfrtp_2)
     5    0.020966    0.115082    0.400996    0.701529 ^ _110_/Q (sky130_fd_sc_hd__dfrtp_2)
                                                         net15 (net)
                      0.115087    0.000917    0.702446 ^ output15/A (sky130_fd_sc_hd__buf_2)
     1    0.034119    0.170036    0.222685    0.925131 ^ output15/X (sky130_fd_sc_hd__buf_2)
                                                         count[2] (net)
                      0.170051    0.001702    0.926833 ^ count[2] (out)
                                              0.926833   data arrival time

                                  0.000000    0.000000   clock clk (rise edge)
                                  0.000000    0.000000   clock network delay (propagated)
                                  0.250000    0.250000   clock uncertainty
                                  0.000000    0.250000   clock reconvergence pessimism
                                 -0.860000   -0.610000   output external delay
                                             -0.610000   data required time
---------------------------------------------------------------------------------------------
                                             -0.610000   data required time
                                             -0.926833   data arrival time
---------------------------------------------------------------------------------------------
                                              1.536833   slack (MET)



