Reading technology LEF file at '/home/lanh/.volare/volare/sky130/versions/bdc9412b3e468c102d01b7cf6337be06ec6e9c9a/sky130A/libs.ref/sky130_fd_sc_hd/techlef/sky130_fd_sc_hd__max.tlef'…
[INFO ODB-0227] LEF file: /home/lanh/.volare/volare/sky130/versions/bdc9412b3e468c102d01b7cf6337be06ec6e9c9a/sky130A/libs.ref/sky130_fd_sc_hd/techlef/sky130_fd_sc_hd__max.tlef, created 13 layers, 25 vias
Reading cell LEF file at '/home/lanh/.volare/volare/sky130/versions/bdc9412b3e468c102d01b7cf6337be06ec6e9c9a/sky130A/libs.ref/sky130_fd_sc_hd/lef/sky130_fd_sc_hd.lef'…
[WARNING ODB-0220] WARNING (LEFPARS-2008): NOWIREEXTENSIONATPIN statement is obsolete in version 5.6 or later.
The NOWIREEXTENSIONATPIN statement will be ignored. See file /home/lanh/.volare/volare/sky130/versions/bdc9412b3e468c102d01b7cf6337be06ec6e9c9a/sky130A/libs.ref/sky130_fd_sc_hd/lef/sky130_fd_sc_hd.lef at line 2.

[INFO ODB-0227] LEF file: /home/lanh/.volare/volare/sky130/versions/bdc9412b3e468c102d01b7cf6337be06ec6e9c9a/sky130A/libs.ref/sky130_fd_sc_hd/lef/sky130_fd_sc_hd.lef, created 437 library cells
Reading cell LEF file at '/home/lanh/.volare/volare/sky130/versions/bdc9412b3e468c102d01b7cf6337be06ec6e9c9a/sky130A/libs.ref/sky130_fd_sc_hd/lef/sky130_ef_sc_hd.lef'…
[WARNING ODB-0220] WARNING (LEFPARS-2008): NOWIREEXTENSIONATPIN statement is obsolete in version 5.6 or later.
The NOWIREEXTENSIONATPIN statement will be ignored. See file /home/lanh/.volare/volare/sky130/versions/bdc9412b3e468c102d01b7cf6337be06ec6e9c9a/sky130A/libs.ref/sky130_fd_sc_hd/lef/sky130_ef_sc_hd.lef at line 2.

[INFO ODB-0227] LEF file: /home/lanh/.volare/volare/sky130/versions/bdc9412b3e468c102d01b7cf6337be06ec6e9c9a/sky130A/libs.ref/sky130_fd_sc_hd/lef/sky130_ef_sc_hd.lef, created 4 library cells
[INFO ODB-0127] Reading DEF file: /home/lanh/20213979/counterfullstep/runs/RUN_2024-12-04_12-38-59/50-openroad-fillinsertion/counter.def
[INFO ODB-0128] Design: counter
[INFO ODB-0130]     Created 23 pins.
[INFO ODB-0131]     Created 203 components and 1089 component-terminals.
[INFO ODB-0132]     Created 2 special nets and 782 connections.
[INFO ODB-0133]     Created 112 nets and 306 connections.
[INFO ODB-0134] Finished DEF file: /home/lanh/20213979/counterfullstep/runs/RUN_2024-12-04_12-38-59/50-openroad-fillinsertion/counter.def
Using RCX ruleset '/home/lanh/.volare/volare/sky130/versions/bdc9412b3e468c102d01b7cf6337be06ec6e9c9a/sky130A/libs.tech/openlane/rules.openrcx.sky130A.max.calibre'…
[INFO RCX-0431] Defined process_corner CURRENT_CORNER with ext_model_index 0
[INFO RCX-0029] Defined extraction corner CURRENT_CORNER
[INFO RCX-0008] extracting parasitics of counter ...
[INFO RCX-0435] Reading extraction model file /home/lanh/.volare/volare/sky130/versions/bdc9412b3e468c102d01b7cf6337be06ec6e9c9a/sky130A/libs.tech/openlane/rules.openrcx.sky130A.max.calibre ...
[INFO RCX-0436] RC segment generation counter (max_merge_res 50.0) ...
[INFO RCX-0040] Final 408 rc segments
[INFO RCX-0439] Coupling Cap extraction counter ...
[INFO RCX-0440] Coupling threshhold is 0.1000 fF, coupling capacitance less than 0.1000 fF will be grounded.
[INFO RCX-0043] 614 wires to be extracted
[INFO RCX-0442] 51% completion -- 316 wires have been extracted
[INFO RCX-0442] 100% completion -- 614 wires have been extracted
[INFO RCX-0045] Extract 112 nets, 520 rsegs, 520 caps, 577 ccs
[INFO RCX-0015] Finished extracting counter.
Setting global connections for newly added cells…
[INFO] Setting global connections...
Writing extracted parasitics to '/home/lanh/20213979/counterfullstep/runs/RUN_2024-12-04_12-38-59/51-openroad-rcx/max/counter.max.spef'…
[INFO RCX-0016] Writing SPEF ...
[INFO RCX-0443] 112 nets finished
[INFO RCX-0017] Finished writing SPEF ...
