
===========================================================================
report_checks -path_delay min (Hold)
============================================================================
======================= nom_tt_025C_1v80 Corner ===================================

Startpoint: resetn (input port clocked by clk)
Endpoint: _108_ (removal check against rising-edge clock clk)
Path Group: asynchronous
Path Type: min

Fanout         Cap        Slew       Delay        Time   Description
---------------------------------------------------------------------------------------------
                      0.150000    0.000000    0.000000   clock clk (rise edge)
                                  0.000000    0.000000   clock network delay (ideal)
                                  0.860000    0.860000 ^ input external delay
     8    0.028896    0.137334    0.093239    0.953239 ^ resetn (in)
                                                         resetn (net)
                      0.137334    0.000000    0.953239 ^ _108_/RESET_B (sky130_fd_sc_hd__dfrtp_2)
                                              0.953239   data arrival time

                      0.150000    0.000000    0.000000   clock clk (rise edge)
                                  0.000000    0.000000   clock network delay (ideal)
                                  0.250000    0.250000   clock uncertainty
                                  0.000000    0.250000   clock reconvergence pessimism
                                              0.250000 ^ _108_/CLK (sky130_fd_sc_hd__dfrtp_2)
                                  0.374256    0.624256   library removal time
                                              0.624256   data required time
---------------------------------------------------------------------------------------------
                                              0.624256   data required time
                                             -0.953239   data arrival time
---------------------------------------------------------------------------------------------
                                              0.328983   slack (MET)


Startpoint: resetn (input port clocked by clk)
Endpoint: _109_ (removal check against rising-edge clock clk)
Path Group: asynchronous
Path Type: min

Fanout         Cap        Slew       Delay        Time   Description
---------------------------------------------------------------------------------------------
                      0.150000    0.000000    0.000000   clock clk (rise edge)
                                  0.000000    0.000000   clock network delay (ideal)
                                  0.860000    0.860000 ^ input external delay
     8    0.028896    0.137334    0.093239    0.953239 ^ resetn (in)
                                                         resetn (net)
                      0.137334    0.000000    0.953239 ^ _109_/RESET_B (sky130_fd_sc_hd__dfrtp_2)
                                              0.953239   data arrival time

                      0.150000    0.000000    0.000000   clock clk (rise edge)
                                  0.000000    0.000000   clock network delay (ideal)
                                  0.250000    0.250000   clock uncertainty
                                  0.000000    0.250000   clock reconvergence pessimism
                                              0.250000 ^ _109_/CLK (sky130_fd_sc_hd__dfrtp_2)
                                  0.374256    0.624256   library removal time
                                              0.624256   data required time
---------------------------------------------------------------------------------------------
                                              0.624256   data required time
                                             -0.953239   data arrival time
---------------------------------------------------------------------------------------------
                                              0.328983   slack (MET)


Startpoint: resetn (input port clocked by clk)
Endpoint: _110_ (removal check against rising-edge clock clk)
Path Group: asynchronous
Path Type: min

Fanout         Cap        Slew       Delay        Time   Description
---------------------------------------------------------------------------------------------
                      0.150000    0.000000    0.000000   clock clk (rise edge)
                                  0.000000    0.000000   clock network delay (ideal)
                                  0.860000    0.860000 ^ input external delay
     8    0.028896    0.137334    0.093239    0.953239 ^ resetn (in)
                                                         resetn (net)
                      0.137334    0.000000    0.953239 ^ _110_/RESET_B (sky130_fd_sc_hd__dfrtp_2)
                                              0.953239   data arrival time

                      0.150000    0.000000    0.000000   clock clk (rise edge)
                                  0.000000    0.000000   clock network delay (ideal)
                                  0.250000    0.250000   clock uncertainty
                                  0.000000    0.250000   clock reconvergence pessimism
                                              0.250000 ^ _110_/CLK (sky130_fd_sc_hd__dfrtp_2)
                                  0.374256    0.624256   library removal time
                                              0.624256   data required time
---------------------------------------------------------------------------------------------
                                              0.624256   data required time
                                             -0.953239   data arrival time
---------------------------------------------------------------------------------------------
                                              0.328983   slack (MET)


Startpoint: resetn (input port clocked by clk)
Endpoint: _111_ (removal check against rising-edge clock clk)
Path Group: asynchronous
Path Type: min

Fanout         Cap        Slew       Delay        Time   Description
---------------------------------------------------------------------------------------------
                      0.150000    0.000000    0.000000   clock clk (rise edge)
                                  0.000000    0.000000   clock network delay (ideal)
                                  0.860000    0.860000 ^ input external delay
     8    0.028896    0.137334    0.093239    0.953239 ^ resetn (in)
                                                         resetn (net)
                      0.137334    0.000000    0.953239 ^ _111_/RESET_B (sky130_fd_sc_hd__dfrtp_2)
                                              0.953239   data arrival time

                      0.150000    0.000000    0.000000   clock clk (rise edge)
                                  0.000000    0.000000   clock network delay (ideal)
                                  0.250000    0.250000   clock uncertainty
                                  0.000000    0.250000   clock reconvergence pessimism
                                              0.250000 ^ _111_/CLK (sky130_fd_sc_hd__dfrtp_2)
                                  0.374256    0.624256   library removal time
                                              0.624256   data required time
---------------------------------------------------------------------------------------------
                                              0.624256   data required time
                                             -0.953239   data arrival time
---------------------------------------------------------------------------------------------
                                              0.328983   slack (MET)


Startpoint: resetn (input port clocked by clk)
Endpoint: _112_ (removal check against rising-edge clock clk)
Path Group: asynchronous
Path Type: min

Fanout         Cap        Slew       Delay        Time   Description
---------------------------------------------------------------------------------------------
                      0.150000    0.000000    0.000000   clock clk (rise edge)
                                  0.000000    0.000000   clock network delay (ideal)
                                  0.860000    0.860000 ^ input external delay
     8    0.028896    0.137334    0.093239    0.953239 ^ resetn (in)
                                                         resetn (net)
                      0.137334    0.000000    0.953239 ^ _112_/RESET_B (sky130_fd_sc_hd__dfrtp_2)
                                              0.953239   data arrival time

                      0.150000    0.000000    0.000000   clock clk (rise edge)
                                  0.000000    0.000000   clock network delay (ideal)
                                  0.250000    0.250000   clock uncertainty
                                  0.000000    0.250000   clock reconvergence pessimism
                                              0.250000 ^ _112_/CLK (sky130_fd_sc_hd__dfrtp_2)
                                  0.374256    0.624256   library removal time
                                              0.624256   data required time
---------------------------------------------------------------------------------------------
                                              0.624256   data required time
                                             -0.953239   data arrival time
---------------------------------------------------------------------------------------------
                                              0.328983   slack (MET)


Startpoint: resetn (input port clocked by clk)
Endpoint: _113_ (removal check against rising-edge clock clk)
Path Group: asynchronous
Path Type: min

Fanout         Cap        Slew       Delay        Time   Description
---------------------------------------------------------------------------------------------
                      0.150000    0.000000    0.000000   clock clk (rise edge)
                                  0.000000    0.000000   clock network delay (ideal)
                                  0.860000    0.860000 ^ input external delay
     8    0.028896    0.137334    0.093239    0.953239 ^ resetn (in)
                                                         resetn (net)
                      0.137334    0.000000    0.953239 ^ _113_/RESET_B (sky130_fd_sc_hd__dfrtp_2)
                                              0.953239   data arrival time

                      0.150000    0.000000    0.000000   clock clk (rise edge)
                                  0.000000    0.000000   clock network delay (ideal)
                                  0.250000    0.250000   clock uncertainty
                                  0.000000    0.250000   clock reconvergence pessimism
                                              0.250000 ^ _113_/CLK (sky130_fd_sc_hd__dfrtp_2)
                                  0.374256    0.624256   library removal time
                                              0.624256   data required time
---------------------------------------------------------------------------------------------
                                              0.624256   data required time
                                             -0.953239   data arrival time
---------------------------------------------------------------------------------------------
                                              0.328983   slack (MET)


Startpoint: resetn (input port clocked by clk)
Endpoint: _114_ (removal check against rising-edge clock clk)
Path Group: asynchronous
Path Type: min

Fanout         Cap        Slew       Delay        Time   Description
---------------------------------------------------------------------------------------------
                      0.150000    0.000000    0.000000   clock clk (rise edge)
                                  0.000000    0.000000   clock network delay (ideal)
                                  0.860000    0.860000 ^ input external delay
     8    0.028896    0.137334    0.093239    0.953239 ^ resetn (in)
                                                         resetn (net)
                      0.137334    0.000000    0.953239 ^ _114_/RESET_B (sky130_fd_sc_hd__dfrtp_2)
                                              0.953239   data arrival time

                      0.150000    0.000000    0.000000   clock clk (rise edge)
                                  0.000000    0.000000   clock network delay (ideal)
                                  0.250000    0.250000   clock uncertainty
                                  0.000000    0.250000   clock reconvergence pessimism
                                              0.250000 ^ _114_/CLK (sky130_fd_sc_hd__dfrtp_2)
                                  0.374256    0.624256   library removal time
                                              0.624256   data required time
---------------------------------------------------------------------------------------------
                                              0.624256   data required time
                                             -0.953239   data arrival time
---------------------------------------------------------------------------------------------
                                              0.328983   slack (MET)


Startpoint: resetn (input port clocked by clk)
Endpoint: _115_ (removal check against rising-edge clock clk)
Path Group: asynchronous
Path Type: min

Fanout         Cap        Slew       Delay        Time   Description
---------------------------------------------------------------------------------------------
                      0.150000    0.000000    0.000000   clock clk (rise edge)
                                  0.000000    0.000000   clock network delay (ideal)
                                  0.860000    0.860000 ^ input external delay
     8    0.028896    0.137334    0.093239    0.953239 ^ resetn (in)
                                                         resetn (net)
                      0.137334    0.000000    0.953239 ^ _115_/RESET_B (sky130_fd_sc_hd__dfrtp_2)
                                              0.953239   data arrival time

                      0.150000    0.000000    0.000000   clock clk (rise edge)
                                  0.000000    0.000000   clock network delay (ideal)
                                  0.250000    0.250000   clock uncertainty
                                  0.000000    0.250000   clock reconvergence pessimism
                                              0.250000 ^ _115_/CLK (sky130_fd_sc_hd__dfrtp_2)
                                  0.374256    0.624256   library removal time
                                              0.624256   data required time
---------------------------------------------------------------------------------------------
                                              0.624256   data required time
                                             -0.953239   data arrival time
---------------------------------------------------------------------------------------------
                                              0.328983   slack (MET)


Startpoint: _108_ (rising edge-triggered flip-flop clocked by clk)
Endpoint: _108_ (rising edge-triggered flip-flop clocked by clk)
Path Group: clk
Path Type: min

Fanout         Cap        Slew       Delay        Time   Description
---------------------------------------------------------------------------------------------
                      0.150000    0.000000    0.000000   clock clk (rise edge)
                                  0.000000    0.000000   clock network delay (ideal)
                      0.150000    0.000000    0.000000 ^ _108_/CLK (sky130_fd_sc_hd__dfrtp_2)
     3    0.042690    0.213048    0.514551    0.514551 ^ _108_/Q (sky130_fd_sc_hd__dfrtp_2)
                                                         count[0] (net)
                      0.213048    0.000000    0.514551 ^ _060_/A1 (sky130_fd_sc_hd__a21oi_2)
     1    0.001949    0.018711    0.069724    0.584275 v _060_/Y (sky130_fd_sc_hd__a21oi_2)
                                                         _000_ (net)
                      0.018711    0.000000    0.584275 v _108_/D (sky130_fd_sc_hd__dfrtp_2)
                                              0.584275   data arrival time

                      0.150000    0.000000    0.000000   clock clk (rise edge)
                                  0.000000    0.000000   clock network delay (ideal)
                                  0.250000    0.250000   clock uncertainty
                                  0.000000    0.250000   clock reconvergence pessimism
                                              0.250000 ^ _108_/CLK (sky130_fd_sc_hd__dfrtp_2)
                                 -0.007473    0.242527   library hold time
                                              0.242527   data required time
---------------------------------------------------------------------------------------------
                                              0.242527   data required time
                                             -0.584275   data arrival time
---------------------------------------------------------------------------------------------
                                              0.341748   slack (MET)


Startpoint: _111_ (rising edge-triggered flip-flop clocked by clk)
Endpoint: _111_ (rising edge-triggered flip-flop clocked by clk)
Path Group: clk
Path Type: min

Fanout         Cap        Slew       Delay        Time   Description
---------------------------------------------------------------------------------------------
                      0.150000    0.000000    0.000000   clock clk (rise edge)
                                  0.000000    0.000000   clock network delay (ideal)
                      0.150000    0.000000    0.000000 ^ _111_/CLK (sky130_fd_sc_hd__dfrtp_2)
     4    0.049131    0.242368    0.535218    0.535218 ^ _111_/Q (sky130_fd_sc_hd__dfrtp_2)
                                                         count[3] (net)
                      0.242368    0.000000    0.535218 ^ _078_/B2 (sky130_fd_sc_hd__a221o_2)
     1    0.002005    0.027230    0.178951    0.714168 ^ _078_/X (sky130_fd_sc_hd__a221o_2)
                                                         _003_ (net)
                      0.027230    0.000000    0.714168 ^ _111_/D (sky130_fd_sc_hd__dfrtp_2)
                                              0.714168   data arrival time

                      0.150000    0.000000    0.000000   clock clk (rise edge)
                                  0.000000    0.000000   clock network delay (ideal)
                                  0.250000    0.250000   clock uncertainty
                                  0.000000    0.250000   clock reconvergence pessimism
                                              0.250000 ^ _111_/CLK (sky130_fd_sc_hd__dfrtp_2)
                                 -0.016696    0.233304   library hold time
                                              0.233304   data required time
---------------------------------------------------------------------------------------------
                                              0.233304   data required time
                                             -0.714168   data arrival time
---------------------------------------------------------------------------------------------
                                              0.480865   slack (MET)


Startpoint: _108_ (rising edge-triggered flip-flop clocked by clk)
Endpoint: _109_ (rising edge-triggered flip-flop clocked by clk)
Path Group: clk
Path Type: min

Fanout         Cap        Slew       Delay        Time   Description
---------------------------------------------------------------------------------------------
                      0.150000    0.000000    0.000000   clock clk (rise edge)
                                  0.000000    0.000000   clock network delay (ideal)
                      0.150000    0.000000    0.000000 ^ _108_/CLK (sky130_fd_sc_hd__dfrtp_2)
     3    0.042690    0.213048    0.514551    0.514551 ^ _108_/Q (sky130_fd_sc_hd__dfrtp_2)
                                                         count[0] (net)
                      0.213048    0.000000    0.514551 ^ _054_/A (sky130_fd_sc_hd__inv_2)
     4    0.010901    0.061459    0.076582    0.591133 v _054_/Y (sky130_fd_sc_hd__inv_2)
                                                         _008_ (net)
                      0.061459    0.000000    0.591133 v _063_/A (sky130_fd_sc_hd__nand2_2)
     1    0.002444    0.030002    0.052399    0.643532 ^ _063_/Y (sky130_fd_sc_hd__nand2_2)
                                                         _016_ (net)
                      0.030002    0.000000    0.643532 ^ _066_/A1 (sky130_fd_sc_hd__a21o_2)
     1    0.002005    0.023202    0.096654    0.740186 ^ _066_/X (sky130_fd_sc_hd__a21o_2)
                                                         _001_ (net)
                      0.023202    0.000000    0.740186 ^ _109_/D (sky130_fd_sc_hd__dfrtp_2)
                                              0.740186   data arrival time

                      0.150000    0.000000    0.000000   clock clk (rise edge)
                                  0.000000    0.000000   clock network delay (ideal)
                                  0.250000    0.250000   clock uncertainty
                                  0.000000    0.250000   clock reconvergence pessimism
                                              0.250000 ^ _109_/CLK (sky130_fd_sc_hd__dfrtp_2)
                                 -0.015873    0.234127   library hold time
                                              0.234127   data required time
---------------------------------------------------------------------------------------------
                                              0.234127   data required time
                                             -0.740186   data arrival time
---------------------------------------------------------------------------------------------
                                              0.506059   slack (MET)


Startpoint: _114_ (rising edge-triggered flip-flop clocked by clk)
Endpoint: _114_ (rising edge-triggered flip-flop clocked by clk)
Path Group: clk
Path Type: min

Fanout         Cap        Slew       Delay        Time   Description
---------------------------------------------------------------------------------------------
                      0.150000    0.000000    0.000000   clock clk (rise edge)
                                  0.000000    0.000000   clock network delay (ideal)
                      0.150000    0.000000    0.000000 ^ _114_/CLK (sky130_fd_sc_hd__dfrtp_2)
     4    0.039240    0.197343    0.503481    0.503481 ^ _114_/Q (sky130_fd_sc_hd__dfrtp_2)
                                                         count[6] (net)
                      0.197343    0.000000    0.503481 ^ _101_/B2 (sky130_fd_sc_hd__a22o_2)
     1    0.002504    0.032306    0.158888    0.662369 ^ _101_/X (sky130_fd_sc_hd__a22o_2)
                                                         _049_ (net)
                      0.032306    0.000000    0.662369 ^ _102_/B1 (sky130_fd_sc_hd__a31o_2)
     1    0.002005    0.028261    0.079763    0.742133 ^ _102_/X (sky130_fd_sc_hd__a31o_2)
                                                         _006_ (net)
                      0.028261    0.000000    0.742133 ^ _114_/D (sky130_fd_sc_hd__dfrtp_2)
                                              0.742133   data arrival time

                      0.150000    0.000000    0.000000   clock clk (rise edge)
                                  0.000000    0.000000   clock network delay (ideal)
                                  0.250000    0.250000   clock uncertainty
                                  0.000000    0.250000   clock reconvergence pessimism
                                              0.250000 ^ _114_/CLK (sky130_fd_sc_hd__dfrtp_2)
                                 -0.016907    0.233093   library hold time
                                              0.233093   data required time
---------------------------------------------------------------------------------------------
                                              0.233093   data required time
                                             -0.742133   data arrival time
---------------------------------------------------------------------------------------------
                                              0.509040   slack (MET)


Startpoint: _112_ (rising edge-triggered flip-flop clocked by clk)
Endpoint: _112_ (rising edge-triggered flip-flop clocked by clk)
Path Group: clk
Path Type: min

Fanout         Cap        Slew       Delay        Time   Description
---------------------------------------------------------------------------------------------
                      0.150000    0.000000    0.000000   clock clk (rise edge)
                                  0.000000    0.000000   clock network delay (ideal)
                      0.150000    0.000000    0.000000 ^ _112_/CLK (sky130_fd_sc_hd__dfrtp_2)
     5    0.041744    0.208741    0.511516    0.511516 ^ _112_/Q (sky130_fd_sc_hd__dfrtp_2)
                                                         count[4] (net)
                      0.208741    0.000000    0.511516 ^ _086_/B2 (sky130_fd_sc_hd__a22o_2)
     1    0.002504    0.032306    0.161690    0.673205 ^ _086_/X (sky130_fd_sc_hd__a22o_2)
                                                         _036_ (net)
                      0.032306    0.000000    0.673205 ^ _087_/B1 (sky130_fd_sc_hd__a31o_2)
     1    0.002005    0.028261    0.079763    0.752969 ^ _087_/X (sky130_fd_sc_hd__a31o_2)
                                                         _004_ (net)
                      0.028261    0.000000    0.752969 ^ _112_/D (sky130_fd_sc_hd__dfrtp_2)
                                              0.752969   data arrival time

                      0.150000    0.000000    0.000000   clock clk (rise edge)
                                  0.000000    0.000000   clock network delay (ideal)
                                  0.250000    0.250000   clock uncertainty
                                  0.000000    0.250000   clock reconvergence pessimism
                                              0.250000 ^ _112_/CLK (sky130_fd_sc_hd__dfrtp_2)
                                 -0.016907    0.233093   library hold time
                                              0.233093   data required time
---------------------------------------------------------------------------------------------
                                              0.233093   data required time
                                             -0.752969   data arrival time
---------------------------------------------------------------------------------------------
                                              0.519876   slack (MET)


Startpoint: _115_ (rising edge-triggered flip-flop clocked by clk)
Endpoint: _115_ (rising edge-triggered flip-flop clocked by clk)
Path Group: clk
Path Type: min

Fanout         Cap        Slew       Delay        Time   Description
---------------------------------------------------------------------------------------------
                      0.150000    0.000000    0.000000   clock clk (rise edge)
                                  0.000000    0.000000   clock network delay (ideal)
                      0.150000    0.000000    0.000000 ^ _115_/CLK (sky130_fd_sc_hd__dfrtp_2)
     3    0.044379    0.220736    0.519970    0.519970 ^ _115_/Q (sky130_fd_sc_hd__dfrtp_2)
                                                         count[7] (net)
                      0.220736    0.000000    0.519970 ^ _106_/B2 (sky130_fd_sc_hd__a22o_2)
     1    0.002564    0.032595    0.164971    0.684941 ^ _106_/X (sky130_fd_sc_hd__a22o_2)
                                                         _053_ (net)
                      0.032595    0.000000    0.684941 ^ _107_/B1 (sky130_fd_sc_hd__a21o_2)
     1    0.002005    0.023202    0.071188    0.756129 ^ _107_/X (sky130_fd_sc_hd__a21o_2)
                                                         _007_ (net)
                      0.023202    0.000000    0.756129 ^ _115_/D (sky130_fd_sc_hd__dfrtp_2)
                                              0.756129   data arrival time

                      0.150000    0.000000    0.000000   clock clk (rise edge)
                                  0.000000    0.000000   clock network delay (ideal)
                                  0.250000    0.250000   clock uncertainty
                                  0.000000    0.250000   clock reconvergence pessimism
                                              0.250000 ^ _115_/CLK (sky130_fd_sc_hd__dfrtp_2)
                                 -0.015873    0.234127   library hold time
                                              0.234127   data required time
---------------------------------------------------------------------------------------------
                                              0.234127   data required time
                                             -0.756129   data arrival time
---------------------------------------------------------------------------------------------
                                              0.522002   slack (MET)


Startpoint: _113_ (rising edge-triggered flip-flop clocked by clk)
Endpoint: _113_ (rising edge-triggered flip-flop clocked by clk)
Path Group: clk
Path Type: min

Fanout         Cap        Slew       Delay        Time   Description
---------------------------------------------------------------------------------------------
                      0.150000    0.000000    0.000000   clock clk (rise edge)
                                  0.000000    0.000000   clock network delay (ideal)
                      0.150000    0.000000    0.000000 ^ _113_/CLK (sky130_fd_sc_hd__dfrtp_2)
     4    0.046926    0.232330    0.528143    0.528143 ^ _113_/Q (sky130_fd_sc_hd__dfrtp_2)
                                                         count[5] (net)
                      0.232330    0.000000    0.528143 ^ _092_/B2 (sky130_fd_sc_hd__a22o_2)
     1    0.002504    0.032306    0.167488    0.695631 ^ _092_/X (sky130_fd_sc_hd__a22o_2)
                                                         _041_ (net)
                      0.032306    0.000000    0.695631 ^ _093_/B1 (sky130_fd_sc_hd__a31o_2)
     1    0.002005    0.028261    0.079763    0.775394 ^ _093_/X (sky130_fd_sc_hd__a31o_2)
                                                         _005_ (net)
                      0.028261    0.000000    0.775394 ^ _113_/D (sky130_fd_sc_hd__dfrtp_2)
                                              0.775394   data arrival time

                      0.150000    0.000000    0.000000   clock clk (rise edge)
                                  0.000000    0.000000   clock network delay (ideal)
                                  0.250000    0.250000   clock uncertainty
                                  0.000000    0.250000   clock reconvergence pessimism
                                              0.250000 ^ _113_/CLK (sky130_fd_sc_hd__dfrtp_2)
                                 -0.016907    0.233093   library hold time
                                              0.233093   data required time
---------------------------------------------------------------------------------------------
                                              0.233093   data required time
                                             -0.775394   data arrival time
---------------------------------------------------------------------------------------------
                                              0.542301   slack (MET)


Startpoint: _110_ (rising edge-triggered flip-flop clocked by clk)
Endpoint: _110_ (rising edge-triggered flip-flop clocked by clk)
Path Group: clk
Path Type: min

Fanout         Cap        Slew       Delay        Time   Description
---------------------------------------------------------------------------------------------
                      0.150000    0.000000    0.000000   clock clk (rise edge)
                                  0.000000    0.000000   clock network delay (ideal)
                      0.150000    0.000000    0.000000 ^ _110_/CLK (sky130_fd_sc_hd__dfrtp_2)
     5    0.053667    0.263016    0.549772    0.549772 ^ _110_/Q (sky130_fd_sc_hd__dfrtp_2)
                                                         count[2] (net)
                      0.263016    0.000000    0.549772 ^ _071_/B2 (sky130_fd_sc_hd__a22o_2)
     1    0.002504    0.032306    0.175031    0.724802 ^ _071_/X (sky130_fd_sc_hd__a22o_2)
                                                         _023_ (net)
                      0.032306    0.000000    0.724802 ^ _072_/B1 (sky130_fd_sc_hd__a31o_2)
     1    0.002005    0.028261    0.079763    0.804566 ^ _072_/X (sky130_fd_sc_hd__a31o_2)
                                                         _002_ (net)
                      0.028261    0.000000    0.804566 ^ _110_/D (sky130_fd_sc_hd__dfrtp_2)
                                              0.804566   data arrival time

                      0.150000    0.000000    0.000000   clock clk (rise edge)
                                  0.000000    0.000000   clock network delay (ideal)
                                  0.250000    0.250000   clock uncertainty
                                  0.000000    0.250000   clock reconvergence pessimism
                                              0.250000 ^ _110_/CLK (sky130_fd_sc_hd__dfrtp_2)
                                 -0.016907    0.233093   library hold time
                                              0.233093   data required time
---------------------------------------------------------------------------------------------
                                              0.233093   data required time
                                             -0.804566   data arrival time
---------------------------------------------------------------------------------------------
                                              0.571473   slack (MET)


Startpoint: _114_ (rising edge-triggered flip-flop clocked by clk)
Endpoint: count[6] (output port clocked by clk)
Path Group: clk
Path Type: min

Fanout         Cap        Slew       Delay        Time   Description
---------------------------------------------------------------------------------------------
                      0.150000    0.000000    0.000000   clock clk (rise edge)
                                  0.000000    0.000000   clock network delay (ideal)
                      0.150000    0.000000    0.000000 ^ _114_/CLK (sky130_fd_sc_hd__dfrtp_2)
     4    0.039240    0.197343    0.503481    0.503481 ^ _114_/Q (sky130_fd_sc_hd__dfrtp_2)
                                                         count[6] (net)
                      0.197343    0.000000    0.503481 ^ count[6] (out)
                                              0.503481   data arrival time

                      0.150000    0.000000    0.000000   clock clk (rise edge)
                                  0.000000    0.000000   clock network delay (ideal)
                                  0.250000    0.250000   clock uncertainty
                                  0.000000    0.250000   clock reconvergence pessimism
                                 -0.860000   -0.610000   output external delay
                                             -0.610000   data required time
---------------------------------------------------------------------------------------------
                                             -0.610000   data required time
                                             -0.503481   data arrival time
---------------------------------------------------------------------------------------------
                                              1.113481   slack (MET)


Startpoint: _112_ (rising edge-triggered flip-flop clocked by clk)
Endpoint: count[4] (output port clocked by clk)
Path Group: clk
Path Type: min

Fanout         Cap        Slew       Delay        Time   Description
---------------------------------------------------------------------------------------------
                      0.150000    0.000000    0.000000   clock clk (rise edge)
                                  0.000000    0.000000   clock network delay (ideal)
                      0.150000    0.000000    0.000000 ^ _112_/CLK (sky130_fd_sc_hd__dfrtp_2)
     5    0.041744    0.208741    0.511516    0.511516 ^ _112_/Q (sky130_fd_sc_hd__dfrtp_2)
                                                         count[4] (net)
                      0.208741    0.000000    0.511516 ^ count[4] (out)
                                              0.511516   data arrival time

                      0.150000    0.000000    0.000000   clock clk (rise edge)
                                  0.000000    0.000000   clock network delay (ideal)
                                  0.250000    0.250000   clock uncertainty
                                  0.000000    0.250000   clock reconvergence pessimism
                                 -0.860000   -0.610000   output external delay
                                             -0.610000   data required time
---------------------------------------------------------------------------------------------
                                             -0.610000   data required time
                                             -0.511516   data arrival time
---------------------------------------------------------------------------------------------
                                              1.121516   slack (MET)


Startpoint: _108_ (rising edge-triggered flip-flop clocked by clk)
Endpoint: count[0] (output port clocked by clk)
Path Group: clk
Path Type: min

Fanout         Cap        Slew       Delay        Time   Description
---------------------------------------------------------------------------------------------
                      0.150000    0.000000    0.000000   clock clk (rise edge)
                                  0.000000    0.000000   clock network delay (ideal)
                      0.150000    0.000000    0.000000 ^ _108_/CLK (sky130_fd_sc_hd__dfrtp_2)
     3    0.042690    0.213048    0.514551    0.514551 ^ _108_/Q (sky130_fd_sc_hd__dfrtp_2)
                                                         count[0] (net)
                      0.213048    0.000000    0.514551 ^ count[0] (out)
                                              0.514551   data arrival time

                      0.150000    0.000000    0.000000   clock clk (rise edge)
                                  0.000000    0.000000   clock network delay (ideal)
                                  0.250000    0.250000   clock uncertainty
                                  0.000000    0.250000   clock reconvergence pessimism
                                 -0.860000   -0.610000   output external delay
                                             -0.610000   data required time
---------------------------------------------------------------------------------------------
                                             -0.610000   data required time
                                             -0.514551   data arrival time
---------------------------------------------------------------------------------------------
                                              1.124551   slack (MET)


Startpoint: _115_ (rising edge-triggered flip-flop clocked by clk)
Endpoint: count[7] (output port clocked by clk)
Path Group: clk
Path Type: min

Fanout         Cap        Slew       Delay        Time   Description
---------------------------------------------------------------------------------------------
                      0.150000    0.000000    0.000000   clock clk (rise edge)
                                  0.000000    0.000000   clock network delay (ideal)
                      0.150000    0.000000    0.000000 ^ _115_/CLK (sky130_fd_sc_hd__dfrtp_2)
     3    0.044379    0.220736    0.519970    0.519970 ^ _115_/Q (sky130_fd_sc_hd__dfrtp_2)
                                                         count[7] (net)
                      0.220736    0.000000    0.519970 ^ count[7] (out)
                                              0.519970   data arrival time

                      0.150000    0.000000    0.000000   clock clk (rise edge)
                                  0.000000    0.000000   clock network delay (ideal)
                                  0.250000    0.250000   clock uncertainty
                                  0.000000    0.250000   clock reconvergence pessimism
                                 -0.860000   -0.610000   output external delay
                                             -0.610000   data required time
---------------------------------------------------------------------------------------------
                                             -0.610000   data required time
                                             -0.519970   data arrival time
---------------------------------------------------------------------------------------------
                                              1.129970   slack (MET)


Startpoint: _113_ (rising edge-triggered flip-flop clocked by clk)
Endpoint: count[5] (output port clocked by clk)
Path Group: clk
Path Type: min

Fanout         Cap        Slew       Delay        Time   Description
---------------------------------------------------------------------------------------------
                      0.150000    0.000000    0.000000   clock clk (rise edge)
                                  0.000000    0.000000   clock network delay (ideal)
                      0.150000    0.000000    0.000000 ^ _113_/CLK (sky130_fd_sc_hd__dfrtp_2)
     4    0.046926    0.232330    0.528143    0.528143 ^ _113_/Q (sky130_fd_sc_hd__dfrtp_2)
                                                         count[5] (net)
                      0.232330    0.000000    0.528143 ^ count[5] (out)
                                              0.528143   data arrival time

                      0.150000    0.000000    0.000000   clock clk (rise edge)
                                  0.000000    0.000000   clock network delay (ideal)
                                  0.250000    0.250000   clock uncertainty
                                  0.000000    0.250000   clock reconvergence pessimism
                                 -0.860000   -0.610000   output external delay
                                             -0.610000   data required time
---------------------------------------------------------------------------------------------
                                             -0.610000   data required time
                                             -0.528143   data arrival time
---------------------------------------------------------------------------------------------
                                              1.138142   slack (MET)


Startpoint: _111_ (rising edge-triggered flip-flop clocked by clk)
Endpoint: count[3] (output port clocked by clk)
Path Group: clk
Path Type: min

Fanout         Cap        Slew       Delay        Time   Description
---------------------------------------------------------------------------------------------
                      0.150000    0.000000    0.000000   clock clk (rise edge)
                                  0.000000    0.000000   clock network delay (ideal)
                      0.150000    0.000000    0.000000 ^ _111_/CLK (sky130_fd_sc_hd__dfrtp_2)
     4    0.047814    0.140016    0.533512    0.533512 v _111_/Q (sky130_fd_sc_hd__dfrtp_2)
                                                         count[3] (net)
                      0.140016    0.000000    0.533512 v count[3] (out)
                                              0.533512   data arrival time

                      0.150000    0.000000    0.000000   clock clk (rise edge)
                                  0.000000    0.000000   clock network delay (ideal)
                                  0.250000    0.250000   clock uncertainty
                                  0.000000    0.250000   clock reconvergence pessimism
                                 -0.860000   -0.610000   output external delay
                                             -0.610000   data required time
---------------------------------------------------------------------------------------------
                                             -0.610000   data required time
                                             -0.533512   data arrival time
---------------------------------------------------------------------------------------------
                                              1.143512   slack (MET)


Startpoint: _109_ (rising edge-triggered flip-flop clocked by clk)
Endpoint: count[1] (output port clocked by clk)
Path Group: clk
Path Type: min

Fanout         Cap        Slew       Delay        Time   Description
---------------------------------------------------------------------------------------------
                      0.150000    0.000000    0.000000   clock clk (rise edge)
                                  0.000000    0.000000   clock network delay (ideal)
                      0.150000    0.000000    0.000000 ^ _109_/CLK (sky130_fd_sc_hd__dfrtp_2)
     4    0.048517    0.141466    0.534796    0.534796 v _109_/Q (sky130_fd_sc_hd__dfrtp_2)
                                                         count[1] (net)
                      0.141466    0.000000    0.534796 v count[1] (out)
                                              0.534796   data arrival time

                      0.150000    0.000000    0.000000   clock clk (rise edge)
                                  0.000000    0.000000   clock network delay (ideal)
                                  0.250000    0.250000   clock uncertainty
                                  0.000000    0.250000   clock reconvergence pessimism
                                 -0.860000   -0.610000   output external delay
                                             -0.610000   data required time
---------------------------------------------------------------------------------------------
                                             -0.610000   data required time
                                             -0.534796   data arrival time
---------------------------------------------------------------------------------------------
                                              1.144796   slack (MET)


Startpoint: _110_ (rising edge-triggered flip-flop clocked by clk)
Endpoint: count[2] (output port clocked by clk)
Path Group: clk
Path Type: min

Fanout         Cap        Slew       Delay        Time   Description
---------------------------------------------------------------------------------------------
                      0.150000    0.000000    0.000000   clock clk (rise edge)
                                  0.000000    0.000000   clock network delay (ideal)
                      0.150000    0.000000    0.000000 ^ _110_/CLK (sky130_fd_sc_hd__dfrtp_2)
     5    0.051863    0.148366    0.540907    0.540907 v _110_/Q (sky130_fd_sc_hd__dfrtp_2)
                                                         count[2] (net)
                      0.148366    0.000000    0.540907 v count[2] (out)
                                              0.540907   data arrival time

                      0.150000    0.000000    0.000000   clock clk (rise edge)
                                  0.000000    0.000000   clock network delay (ideal)
                                  0.250000    0.250000   clock uncertainty
                                  0.000000    0.250000   clock reconvergence pessimism
                                 -0.860000   -0.610000   output external delay
                                             -0.610000   data required time
---------------------------------------------------------------------------------------------
                                             -0.610000   data required time
                                             -0.540907   data arrival time
---------------------------------------------------------------------------------------------
                                              1.150907   slack (MET)



